0.0 -0.0 -0.0 -0.0
0.1044989 -0.0031100477781307928 -0.028639665407529567 1.7028032681819703
0.2077935 -0.006985291818630028 -0.05860828309821853 3.412245744820736
0.3116343 -0.005112875457627727 -0.09018133021906892 5.113736543453082
0.415494 -0.0003541881924604834 -0.11636470835708267 6.820406733524916
0.519644 0.0028255322897981286 -0.1429794497717337 8.522800266928366
0.6234014 0.007137492633662604 -0.1762076726742541 10.220626966866202
0.7273457 0.024706817489840854 -0.201234528143284 11.920261298886217
0.9350305 0.03529819541091635 -0.2635842776277352 15.336746594157527
1.038877 0.03268614857674135 -0.28543769238657296 17.01702132316912
1.246636 0.02689898091495059 -0.34739516013073307 20.438212986270635
1.45441 0.02093166109244815 -0.42557331930926395 23.830049549864263
1.662157 -0.013592130813567048 -0.4656206837134358 27.25962108770986
1.973923 -0.06592377872001944 -0.5726035633689928 32.368645040241255
2.181756 -0.0990304396300689 -0.6211278624454118 35.80574352922165
2.493488 -0.16141003759034797 -0.7057624878159812 40.92958819573654
2.701441 -0.19910032390939802 -0.7582496646357009 44.31045777171587
2.909338 -0.2302844027045004 -0.8281651546527723 47.70719840822195
3.221 -0.28783033854691426 -0.9073603188318101 52.795537695344784
3.428991 -0.3646713465506783 -0.9623181174527621 56.187181786699526
3.636879 -0.42436989694718646 -1.0280041781500155 59.614146440289566
3.844868 -0.4837622797959578 -1.0753959854745763 63.0008254305982
4.156747 -0.5855439675176013 -1.127307301664917 68.08330673775774
4.364619 -0.6210401007866299 -1.1509964558631771 71.50527116817574
4.676494 -0.6370289507751359 -1.1703345535979843 76.67504557791955
4.884244 -0.6783613563927322 -1.216958561646182 80.07150421277208
5.091994 -0.7188434176679857 -1.2401469254075408 83.54807804359308
5.299899 -0.7648075152686962 -1.2298267691458356 87.00858488700226
5.507756 -0.7939351199972814 -1.279116239444445 90.51259276313178
5.715493 -0.8514061439089589 -1.3268407218055485 93.96060636171562
5.923372 -0.9008790207164697 -1.363310177649764 97.41969215842184
6.131261 -0.9829382542002925 -1.3971113345820985 100.81135607569719
6.339121 -1.0363394602446623 -1.4148581638579265 104.23995285658201
6.547122 -1.0999205111574333 -1.440515668286915 107.61377998186218
6.755121 -1.1351263482285499 -1.4681769040880424 110.9720580296693
6.963119 -1.1379070419616841 -1.5091139755329082 114.32326839752184
7.17112 -1.1208078796515772 -1.5359563961686549 117.64335970003306
7.379122 -1.0750135424477159 -1.6010378619566052 120.96805675772414
7.587125 -1.0155729318709885 -1.6438922046350668 124.27034510381884
7.795143 -0.9288504493526761 -1.700687177799334 127.55067677589145
8.107122 -0.7450286400293322 -1.780095198292818 132.52529278573166
8.315124 -0.615869459711325 -1.8378460932444223 135.84794563741085
8.835121 -0.20329609350512534 -1.9827618764361108 144.20292739269098
8.939122 -0.1208832510569664 -2.0099342580097077 145.90251975070052
9.147125 0.03980320947323435 -2.066817204098709 149.33691558819706
9.355001 0.17001715218960634 -2.1205350194901573 152.8046864392033
9.562998 0.29011130028704457 -2.1729798044725044 156.28539476496775
9.770876 0.3755634440143272 -2.236059980642878 159.81246950451506
9.97877 0.4320456313870764 -2.2842872649788117 163.3471048078334
10.18662 0.45538431845410055 -2.3252724793190436 166.89782142786814
10.39463 0.45467069568053947 -2.376650883320842 170.46258189648458
10.60263 0.43117489948314025 -2.421416530782845 174.0395711895534
10.81075 0.3696949952531785 -2.484993619516409 177.67532964175234
11.12275 0.274915546234773 -2.547488997093062 183.13504812107723
11.33077 0.21075071528129397 -2.5541623422031217 186.78505511785005
11.53863 0.16009128763509572 -2.5826664354483384 190.45064212711094
11.85063 0.09334532896713865 -2.6059662081009947 195.97287476434582
12.0585 0.03296686758852552 -2.632826666200848 199.66467324354414
12.26652 -0.01445836081922236 -2.651451254077916 203.39045609902922
12.47437 -0.07794517574882187 -2.661198222084481 207.09448926763602
12.78625 -0.14375866465552822 -2.7053834589679315 212.63751743249443
12.99413 -0.1855535979678824 -2.7688845458941582 216.33539161558073
13.306 -0.26162138097663235 -2.8594110655204066 221.90704866675756
13.51401 -0.3209730233128518 -2.9180064651815094 225.5951809824716
13.72188 -0.38170328573473 -2.9571095637107883 229.31449350223903
13.92975 -0.43761900327455727 -3.0105671520358728 233.02904083284756
14.13775 -0.4990870260563649 -3.065080247010176 236.739856232807
14.34563 -0.5672718410179631 -3.131680361103803 240.45014098934985
14.55363 -0.6538016777322464 -3.194607972092679 244.16958434013821
14.76151 -0.7370854353457368 -3.238468822336162 247.90958770197386
14.96938 -0.838598661679228 -3.289832471176401 251.6215628071032
15.17725 -0.9380572380361514 -3.3358585016098803 255.32494975675428
15.48913 -1.068812225657493 -3.424952328500561 260.8894719119494
15.697 -1.147588680784775 -3.4867417015014883 264.60088339368
15.90501 -1.2717081244772892 -3.527051089104263 268.2701094649597
16.11288 -1.3411308445262682 -3.5877987335315105 271.96151781039356
16.32088 -1.4394654794713615 -3.6390998411243993 275.6322882663076
16.63288 -1.5840655472547063 -3.7222279343390516 281.0891123376422
16.84076 -1.6614478392440222 -3.7674992312552407 284.7091329148541
17.04876 -1.7231129134754934 -3.834600131304506 288.2956482113591
17.25676 -1.8039238795213883 -3.902924154275283 291.8852233151546
17.67276 -1.8861105878017381 -3.9993958425682914 298.8289738494419
17.88063 -1.918989673341073 -4.047241417192684 302.17922853222666
18.08863 -1.9705378813496577 -4.095075744770205 305.4978412742436
18.29663 -2.030571547285005 -4.132748411493007 308.7228782053624
18.60852 -2.0975450964814812 -4.198033619334181 313.4149363529304
18.81651 -2.169963418658426 -4.248947629740508 316.45526107733247
19.02463 -2.252309063588302 -4.286223756926765 319.37989983515973
19.23263 -2.345227125176133 -4.3236308759224915 322.1972455172417
19.44051 -2.45434321038681 -4.364834083864006 324.886756589979
19.64865 -2.5737095129306287 -4.399005730065976 327.4422954140909
19.85663 -2.711548685327484 -4.430873329366603 329.88376297997377
20.06489 -2.8317504042953754 -4.466607191119365 332.2025130698068
20.27301 -2.946287485367975 -4.497058213313531 334.41768597439983
20.48115 -3.060629349972052 -4.520374367150891 336.58884774078234
20.79338 -3.213215580436035 -4.563264309684374 339.79437237145265
21.00151 -3.306595817537394 -4.604448373685419 341.89121118439857
21.20964 -3.385093368791919 -4.631958856519325 343.9825079786033
21.41776 -3.446344033828211 -4.6670240542181265 346.0437183079721
21.62601 -3.5019330099681083 -4.695786130874921 348.0900004623341
21.83414 -3.550817799261396 -4.728120921940541 350.1373715488251
22.04226 -3.5799866946325296 -4.751302468882535 352.21400329586197
22.25051 -3.602828456814507 -4.775153181094042 354.300630989213
22.45866 -3.608957320211971 -4.806619802785154 356.42063636625545
22.66676 -3.626146186265405 -4.8258296507567975 358.54705778185934
22.87476 -3.634205272328835 -4.885426815044995 360.72592846366354
23.0829 -3.6279991535427403 -4.912412021638965 362.93477742961
23.29089 -3.61174073714208 -4.956703139062714 365.1925959154883
23.49901 -3.6253116129863603 -4.990816038110168 367.5158562741697
23.70716 -3.6162202282243987 -5.017084258454629 369.8584566302725
23.91526 -3.6103900482224764 -5.037007988441679 372.2299068591603
24.12328 -3.5786266465552785 -5.07925823946767 374.67784614711553
24.33139 -3.517470549326891 -5.11685274283976 377.1575236819835
24.53951 -3.457464468346334 -5.162604611938735 379.64627941523094
24.74764 -3.398620102632787 -5.212795308148702 382.12000273848264
24.95576 -3.314048194186732 -5.266883024689848 384.63361407324237
25.05978 -3.267030628352366 -5.285210397954125 385.8644966290787
25.16376 -3.2082336811600207 -5.294846560296247 387.1354841906505
25.37177 -3.089597592533842 -5.3254885356145385 389.6732054187632
25.57977 -2.9474975317812913 -5.373651448849288 392.18728995478205
25.68376 -2.886213951606443 -5.385856339968102 393.4633663461075
25.89164 -2.762252354666426 -5.4249816660983825 396.0194576100064
26.09952 -2.6471869959151135 -5.4623110019452055 398.56258458648284
26.20351 -2.5896323373371644 -5.4835938777983655 399.85650306723034
26.41139 -2.4985529670803714 -5.537848714180138 402.35577664646024
26.61926 -2.4133236332049037 -5.586866514035517 404.8790930182887
26.82714 -2.3462787332353567 -5.633974039832684 407.38109462045566
27.03514 -2.3040087356410552 -5.6711083132622555 409.8359059588359
27.13914 -2.2932572633526735 -5.689309315636191 411.03987543393936
27.34726 -2.2862131965651216 -5.723168465480116 413.389209080637
27.55539 -2.298469150381581 -5.7574504061850975 415.64817916874114
27.76339 -2.3131747481641223 -5.7901081238536705 417.76265717777585
27.97139 -2.35796163937387 -5.831051873141851 419.75430126585053
28.17926 -2.4489973331238932 -5.874297624843736 421.6359469286435
28.38704 -2.5754874867932678 -5.918554475170529 423.43068646540837
28.69852 -2.9189689507493526 -5.98138969366159 425.9676253924422
28.90604 -3.2647335709463476 -6.0043553612679545 427.5373950997753
29.11351 -3.6971122020653127 -6.024690771215912 429.0325527664455
29.321 -4.226480869037772 -6.040829895391825 430.4368791936322
29.52839 -4.857677143087329 -6.050972881607132 431.7369229462664
29.73577 -5.6041192957935095 -6.0502975310965725 432.98318548763757
29.94328 -6.479268064176779 -6.061846153498889 434.1193745389003
30.15089 -7.460061883422611 -6.03974651255143 435.1241405446284
30.35839 -8.547725176633179 -6.035553168245419 435.9458888282818
30.46204 -9.104896838187244 -6.034253694057089 436.3217778048888
30.56579 -9.694954447922242 -6.0284000504037065 436.627998772324
30.66952 -10.299379585313915 -6.02783019778238 436.88754435453905
30.7734 -10.943378846502327 -6.026281585417992 437.1152214615331
30.98089 -12.250683323790895 -6.013100512823702 437.4632338039164
31.29241 -14.24598222932157 -6.02766388031187 437.72535303766153
31.39627 -14.945778447944534 -6.033387811825607 437.7124429604373
31.50016 -15.673835246819182 -6.017850666429728 437.6608571670995
31.6039 -16.466254895495567 -5.981675431671194 437.53976989351116
31.81165 -18.01555521961496 -5.930991954759249 437.165737689481
31.91552 -18.812647045265493 -5.891973427540931 436.88401140732
32.0194 -19.625223995191703 -5.855612156239495 436.5625887842227
32.12329 -20.42894093209148 -5.81566318238788 436.15558482734554
32.2273 -21.2634378488101 -5.755517702211661 435.6831725443368
32.33129 -22.071191993812363 -5.705394818152058 435.1446902568046
32.43543 -22.892517596869112 -5.652995689240152 434.54666819486266
32.53952 -23.701022911595572 -5.598624206643779 433.8760368653544
32.64377 -24.535215547371763 -5.533585763391127 433.1333504991635
32.85215 -26.187031226533264 -5.411657431522359 431.462829632569
32.9564 -27.030356750077345 -5.340012652477974 430.5122433825256
33.06052 -27.814699236806547 -5.281522657985384 429.4881648242879
33.16477 -28.65144558019398 -5.19711037946977 428.35229015503376
33.26902 -29.413036846973654 -5.134477972419166 427.15004446967396
33.37314 -30.183932449536968 -5.064724357476358 425.8786544226824
33.58164 -31.624261343815817 -4.937898968086095 423.04717325867864
33.68577 -32.301635635129855 -4.882905662288975 421.5305673993364
33.79002 -32.940020122949306 -4.829503117631209 419.9325397176408
33.89415 -33.54820974805506 -4.78152506899187 418.2595716872395
33.99828 -34.11174949939351 -4.724182037321354 416.5129665197638
34.10252 -34.61122846988155 -4.686726612763131 414.6922752426259
34.31077 -35.47421853087769 -4.608402238393181 410.82685937944825
34.41489 -35.7943225122162 -4.5527082659849905 408.79181647755473
34.51902 -36.04378283899451 -4.497222811202101 406.6963656394236
34.7274 -36.44426131737546 -4.429939239667714 402.2996471693076
34.93578 -36.565948008177536 -4.360131558607581 397.670924058745
35.2484 -36.238743754514104 -4.27839683109141 390.31804490252
35.35265 -36.03242379500502 -4.247153658769575 387.82129804866724
35.56127 -35.46977423406936 -4.194994416529811 382.595868982146
35.76977 -34.87915154760605 -4.169326499879945 377.24909141680473
35.97828 -34.3070541679106 -4.12893066146491 371.7237095086946
36.18665 -33.753709966982306 -4.119938270571072 366.0106834053992
36.39503 -33.24208236131775 -4.069650476409569 360.22696717815865
36.60315 -32.80816531058643 -4.026877763123801 354.4059458851626
36.81128 -32.448576019039564 -4.014185610191008 348.5778617541425
37.01927 -32.09797960885375 -3.9543723465548544 342.688770234299
37.2273 -31.83449055966135 -3.889257732023289 336.7632241530608
37.43515 -31.66125470895706 -3.8580302598522724 330.9119072046231
37.6429 -31.50721806912484 -3.8044301393087894 324.98242879060217
37.85053 -31.336794069031452 -3.776366262739703 318.9857303682729
38.05815 -31.188935520980394 -3.6889050125499576 312.9403802314336
38.26578 -31.08355987703756 -3.6227525105609213 306.9314286969568
38.47328 -30.989309125153547 -3.6183108788694227 300.80659575761905
38.68078 -30.843439822704 -3.5863504056186484 294.6413052248035
38.8884 -30.671735322301995 -3.51825059811126 288.48246094410814
39.0959 -30.492654619402174 -3.483162558583454 282.249619875305
39.3034 -30.337496619501582 -3.4261900119592212 275.93055841277237
39.51103 -30.217900053845653 -3.37657127366987 269.5278254483809
39.71853 -30.09136301551639 -3.3518791633475598 263.0916936984659
39.9259 -30.013052445097088 -3.3264426073226785 256.5725931077967
40.1334 -29.95517027887903 -3.297734306991294 250.00105563504823
40.34078 -29.786921717110097 -3.23265929628686 243.46817227094448
40.54828 -29.698309722224842 -3.15551612421057 236.98281141336187
40.75578 -29.641481314631505 -3.151896064737101 230.37750476369467
40.9633 -29.661439052931946 -3.1965253382830694 223.87711571219094
41.1708 -29.64366928299004 -3.179333618592148 217.33377883050403
41.3783 -29.684198100995047 -3.0628134140098195 210.4927668088866
41.58591 -29.72284988373601 -2.864085207940481 204.4150777146246
41.79353 -29.875738906712083 -2.756500193936958 198.15441386392175
41.89728 -30.020398509370384 -2.7163522841694694 195.02774268006453
42.10478 -30.268428846784115 -2.732345533888651 188.90385634458002
42.20853 -30.562975327903175 -2.658082617983921 185.7720708839843
42.41605 -31.131572515849385 -2.817464789660078 179.20572533840615
42.5199 -31.516504417568882 -3.0114468902641702 176.0173220577047
42.62366 -31.964601589922903 -3.4261219003867622 172.81233488818472
42.7274 -32.530632388543665 -3.6310583085737456 169.37933414580044
42.93491 -33.3548169863288 -3.9045806262744067 163.56738808332767
43.03866 -33.54339794549346 -3.828198583475551 161.4542626675961
43.24616 -34.80967631915595 -3.802558783760133 156.0902359166991
43.34991 -35.680805737867715 -3.9383948208244446 153.1120224105819
43.45369 -36.20142507732569 -4.373293553668989 150.70750477412193
43.66103 -37.39210831289555 -5.124009491792089 146.2043981521241
43.76479 -37.865094028452376 -5.558287511169989 144.55762621416704
43.97229 -38.82082117143426 -6.102444921760416 142.0169197829369
44.07592 -38.9391908623339 -6.130236098733409 141.17919731718766
44.38704 -39.33831704339885 -6.040203380362497 138.72644373938985
44.69828 -39.55495748218982 -6.075085253365217 138.200621220288
44.80216 -39.62605378755751 -6.0901400985502745 138.0309576107935
45.00978 -39.757164268381445 -6.11277371943935 137.71569996394555
45.11353 -39.818018953245144 -6.123611168716158 137.57153923040835
45.32116 -39.93306767790645 -6.146722474575521 137.2923410674348
45.42503 -39.98981669892425 -6.156780990616474 137.15658926914006
45.52891 -40.04527281940637 -6.167528415165207 137.02327347776858
45.73666 -40.15497684905222 -6.185387611375649 136.7627918830819
45.84053 -40.207758753241876 -6.194574172723411 136.63532673220442
46.04841 -40.3105704344591 -6.214731402046402 136.38876419443068
46.88028 -40.699414661889854 -6.292933955115373 135.46541051288042
47.08828 -40.791795477846726 -6.312145871709078 135.24308319380907
47.29629 -40.883653065941935 -6.331869229838092 135.02084121213164
47.50441 -40.977266322078954 -6.352400416588274 134.80175840037595
48.12843 -41.24990874189417 -6.413806055677577 134.1393766470081
48.33641 -41.345593279223586 -6.435875680898918 133.90544645076534
48.54441 -41.441985882141125 -6.457802387705347 133.66527438231722
48.75241 -41.542502572578364 -6.479493056538985 133.41136504823015
48.96041 -41.645790239842796 -6.500274214651194 133.15018933763906
49.16854 -41.75243198813426 -6.521401592726523 132.8746268113663
49.37654 -41.86106615865287 -6.542805343316001 132.5893503556728
49.68854 -42.027074472595295 -6.577864753722949 132.13527367094585
50.00054 -42.194559035948224 -6.6141772487261905 131.65452179535305
50.20854 -42.30818708973125 -6.640343783296985 131.31870016139916
50.41654 -42.42446703380781 -6.6683199796478405 130.97305383393703
50.62467 -42.54357343505898 -6.698018381103937 130.61739356973632
50.83266 -42.667658640200116 -6.7295561355234845 130.24534309986427
51.04079 -42.795645312236346 -6.758990569313104 129.86679039398172
51.24879 -42.9271613984322 -6.790202263551879 129.47513893495278
51.45679 -43.06388354606113 -6.822906464630431 129.07594984777847
51.66479 -43.20407034479579 -6.85685474426716 128.66522916699736
51.87279 -43.3495438370769 -6.889391095745432 128.2459270573902
52.08079 -43.49996104880637 -6.924364421373463 127.819307864774
52.28868 -43.65669596378956 -6.9632413289654345 127.37412081965564
52.49667 -43.82431107076185 -7.0006449669931445 126.91967332332274
52.70454 -43.99508817274355 -7.038016177227128 126.45915677011041
52.91241 -44.17137491844245 -7.0767036350824055 125.98915454060204
53.12031 -44.34791882153848 -7.117526507782485 125.51974744540291
53.32804 -44.53024671235585 -7.158610574483057 125.04289260469103
53.43191 -44.62302892307818 -7.178045026260761 124.80564462174094
53.53579 -44.71514961262901 -7.197442627228643 124.570533499394
53.74342 -44.89954103073711 -7.23600347190851 124.09829993091208
53.95117 -45.08253991153212 -7.276102026229254 123.62911065551862
54.05492 -45.17331250539328 -7.296561687977306 123.39506900506876
54.26254 -45.35421483602306 -7.335905955065101 122.92902611488861
54.36629 -45.446507794236716 -7.355701664187137 122.69501790508254
54.57391 -45.627435588689515 -7.391630065896708 122.23266543075697
54.78154 -45.80727225117696 -7.432148103436264 121.76328846202108
54.98917 -45.98955165065583 -7.471679414608376 121.29882184950411
55.19679 -46.16944271915818 -7.507746719826399 120.8285413924371
55.50819 -46.43534369732003 -7.566417741983017 120.14381495975243
55.71579 -46.61360531843039 -7.603992014342908 119.68814725629514
55.9233 -46.795647979685675 -7.642163202266224 119.22136991362217
56.13092 -46.96829733285705 -7.682679318152519 118.77489369821292
56.33842 -47.147039314743246 -7.721060665777166 118.31773242575433
56.54604 -47.32621421970426 -7.759581628205996 117.8634487262825
56.85729 -47.59195600971411 -7.819711790037987 117.18210870968667
57.06479 -47.7654148779463 -7.858352773998367 116.739522477001
57.37617 -48.027294591980215 -7.914817305849247 116.07667812141744
57.58367 -48.196967197827355 -7.953185614023111 115.6436728014271
57.79117 -48.36607180068506 -7.9914700567273735 115.20756104135512
57.99868 -48.53716089801251 -8.028499511708223 114.77740577086571
58.20619 -48.7107342236608 -8.064013219930466 114.35109839321112
58.51755 -48.96212818217976 -8.117121413395779 113.70217975146018
58.72519 -49.13162573154174 -8.152636775226341 113.27042723965272
58.93282 -49.29821205163254 -8.191327428699227 112.84147501578138
59.14042 -49.4747427748583 -8.227514216998063 112.40080866176405
59.34804 -49.64303445784536 -8.266228010411032 111.97086833871515
59.65942 -49.90390361991173 -8.32067161391075 111.30851862432502
59.86692 -50.07554350326308 -8.360879765096579 110.86832986805886
60.07455 -50.25101568634462 -8.401251091704038 110.42208310473767
60.38592 -50.514646096145675 -8.46677614458439 109.75805945868332
60.59342 -50.69502185845792 -8.510085411688378 109.30846018033992
61.00855 -51.058132352716655 -8.593645733593881 108.39825771575588
61.31992 -51.320194221854514 -8.647729522382543 107.73040301160196
61.52755 -51.49758780197495 -8.689678497764712 107.2745772913814
61.8388 -51.75965462006502 -8.745394970365904 106.60510597748208
62.04642 -51.930286318403176 -8.793315311338901 106.16929612074165
62.25392 -52.10812265284463 -8.831313810441564 105.7166766695067
62.5653 -52.36027093806642 -8.892516783758136 105.05766500779139
62.77292 -52.530361253604866 -8.930756925750073 104.61824311567158
62.98055 -52.70377817107485 -8.972033184871563 104.1723170244876
63.29193 -52.9584954818245 -9.033184340942086 103.5146166865016
63.49955 -53.13145631534162 -9.076472564575557 103.0699698508951
63.70717 -53.305262639056075 -9.120570313557202 102.62955808181327
63.9148 -53.47969888219062 -9.1600367139222 102.19337502544894
64.12242 -53.64834003045557 -9.203380551567484 101.75883129046883
64.4338 -53.908828420351355 -9.26500204991056 101.0983130855792
64.64143 -54.06884029609869 -9.307997542317427 100.67282798877122
64.84905 -54.24077087047205 -9.349569950579156 100.24158990644011
65.16055 -54.48760807848224 -9.40784054914094 99.60391863354621
65.36805 -54.65433191091677 -9.447416192076279 99.17301444461052
65.67942 -54.90340230203123 -9.512274009330433 98.53050914743329
65.88693 -55.06742129101279 -9.550488454758518 98.1184074692556
66.09455 -55.231119282139986 -9.587098970720898 97.70479814253396
66.30208 -55.39448708064429 -9.624452334213327 97.2902930940764
66.50968 -55.56657716395639 -9.66568082718265 96.8770074033942
66.7173 -55.72848796369388 -9.700396363190233 96.47712750633599
66.92481 -55.90077832593684 -9.743038624644605 96.06101373298297
67.13244 -56.06142337724639 -9.777448293364994 95.66089477847538
67.34005 -56.22279669253329 -9.817243031064438 95.2611307085794
67.65155 -56.467131039542835 -9.875861325224747 94.67212140690066
67.85906 -56.62321208673788 -9.914114251818052 94.28485917321309
68.06681 -56.781822236750074 -9.947742846167657 93.89271606577202
68.27443 -56.9402036036564 -9.982748541972311 93.50640696987404
68.48205 -57.093150074380944 -10.019558978282685 93.12828827332811
68.68968 -57.24767695547829 -10.051329061791536 92.76052114259677
69.00118 -57.46163462743488 -10.10043689184399 92.23604438993043
69.20893 -57.60129856075223 -10.130768379536919 91.89940003652248
69.41681 -57.74122285346695 -10.160422607592704 91.57185242678946
69.62456 -57.867752600306346 -10.189876294114583 91.26895320293627
69.83232 -57.99034683551545 -10.217417700728191 90.9808908443907
70.14393 -58.15291373946961 -10.254127593183792 90.58680053175641
70.35118 -58.23869429349648 -10.277646681224887 90.34474732612054
70.76581 -58.35287587836483 -10.31833630200299 89.90323401499461
70.97306 -58.372948073029136 -10.333910326090308 89.71121651187873
71.18031 -58.37596219921684 -10.34964816921251 89.52572530989416
71.38768 -58.35216990088189 -10.362365198428588 89.34973422677008
71.80243 -58.23999115252222 -10.386685037387014 89.02481274320873
72.00981 -58.15443827365968 -10.394067308102168 88.86884624261722
72.21745 -58.047534541188085 -10.40342534374462 88.7313918987988
72.42518 -57.910244118828885 -10.410091676584011 88.61191447560695
72.63293 -57.75850033356734 -10.414496030844349 88.51224308116458
72.84082 -57.589205884064924 -10.415179218111355 88.43066268060005
73.04881 -57.39953587240879 -10.412181475913016 88.36378747052332
73.25669 -57.19054547357349 -10.405868885279348 88.32339028937733
73.36068 -57.0815042689328 -10.401950767623717 88.31587728468864
73.46456 -56.96784801291656 -10.393641894953173 88.31298957433505
73.56856 -56.85546909576601 -10.386348448373337 88.31848520519416
73.77644 -56.61844411011643 -10.364448268383722 88.35702845127841
73.98444 -56.368978137810345 -10.339533085509133 88.43375139772071
74.08844 -56.24299387117769 -10.327672671738412 88.48616057729808
74.29656 -55.98524687285193 -10.296432360187785 88.61883392644953
74.50481 -55.730901295179834 -10.263119765342818 88.79736491461239
74.60881 -55.60727220840499 -10.247832549566821 88.90443595411678
74.71282 -55.48766924911238 -10.231293452685986 89.02155400130204
74.81693 -55.37093134848899 -10.214889733473804 89.15246353307421
75.0252 -55.15214003061004 -10.179356282185152 89.44390104142364
75.23381 -54.94432679537587 -10.142192933323962 89.78014809709617
75.44256 -54.7398016492842 -10.104112579554247 90.15221953832068
75.65131 -54.54531894438284 -10.06439739449908 90.56337512690057
75.75568 -54.452067164590574 -10.04512391958934 90.77903839914299
75.96471 -54.26756720046474 -10.002714178368496 91.23307300552815
76.17371 -54.07373809722907 -9.95907509854437 91.70867561473489
76.38246 -53.869873475526504 -9.913402544055362 92.20701862956196
76.59106 -53.66191686408769 -9.867356692847295 92.7278748330805
76.69531 -53.554602570649045 -9.843145603033992 92.99677542568567
76.90356 -53.3355651628338 -9.791816323924962 93.54658313102789
77.11181 -53.11541921714249 -9.739847132282215 94.10660022796935
77.32006 -52.885715517409814 -9.687998028985218 94.69222233427257
77.52819 -52.65331780292492 -9.634157710198089 95.2958168480614
77.73619 -52.41328515894541 -9.577265630560852 95.91569057350657
77.94421 -52.166554115649625 -9.521321983489809 96.55096229570881
78.15207 -51.90747616076409 -9.468268992321008 97.19662133393075
78.35982 -51.641497276200546 -9.417922744784509 97.85804152516542
78.56758 -51.37698396365777 -9.362895184194993 98.53054741874325
78.77519 -51.105109075463076 -9.31102186342321 99.227056205084
78.98294 -50.83385805656236 -9.25649728372349 99.93044301838046
79.19069 -50.555946224710866 -9.201634759150307 100.65434670164736
79.39831 -50.27335990935124 -9.143999967443234 101.397707802274
79.60606 -49.98831874083382 -9.084889180084634 102.14364216458205
79.81382 -49.689816276599785 -9.02091861468369 102.91453808637758
80.02146 -49.39988038794473 -8.952827379027429 103.67479474438622
80.22894 -49.102854635028955 -8.880101145784362 104.45374732409876
80.43667 -48.80976284520469 -8.810281298509306 105.21317860782571
80.64432 -48.512839902277406 -8.745999047779671 105.97797022503397
80.85196 -48.215778782579775 -8.68031515529354 106.74227842818533
81.05944 -47.92127832553275 -8.611511133644079 107.50825918434114
81.26694 -47.62399939731101 -8.544634631828014 108.26182151540462
81.47457 -47.325953542763315 -8.474249386327191 109.02049680924165
81.68207 -47.03416155360887 -8.408500571796012 109.78071671589521
81.8897 -46.74317755456199 -8.342631065015782 110.536907679618
82.09731 -46.449930380680065 -8.274425266363442 111.28764091917665
82.30484 -46.16096119440895 -8.212153105601107 112.04825874491428
82.51244 -45.872464115376246 -8.1484750713585 112.79489413762657
82.71996 -45.58978875380882 -8.081040555148066 113.54162606829213
82.92757 -45.3145088163886 -8.009332117574669 114.28545739480703
83.13519 -45.04052733660013 -7.947038472745723 115.01806434246053
83.34282 -44.75944063403723 -7.878924081441532 115.76686555989721
83.55044 -44.482630021811396 -7.816033966287291 116.49243429967521
83.75819 -44.20253940811636 -7.74837934842545 117.22900146062912
83.96595 -43.91521830468047 -7.688858887391985 117.97270807968447
84.17369 -43.64729140897239 -7.625794902966385 118.68682342308594
84.38159 -43.36468075486207 -7.562128109421096 119.4109207289074
84.58932 -43.086167729715655 -7.499144408849597 120.12362070831733
84.79707 -42.80080886591509 -7.4397871548058525 120.83645609507138
85.00482 -42.5316416745938 -7.396725615530093 121.5364527114333
85.21245 -42.250396457063516 -7.342157463475914 122.22945247422021
85.52396 -41.831800631875566 -7.264347181253104 123.29438647934019
85.73159 -41.55492226309562 -7.2111504792598815 123.97938336573144
85.93907 -41.281489626471426 -7.161194661496658 124.6702089920407
86.14669 -41.01035262016546 -7.110462596502899 125.36412834868901
86.35421 -40.737700069259354 -7.056032636018431 126.05086771284701
86.56182 -40.46688720163306 -7.003768032831411 126.73484713945162
86.76945 -40.200063053656244 -6.951809601931389 127.42825750807755
86.97695 -39.931266876028815 -6.901277870001101 128.11671061792416
87.18457 -39.66975686266464 -6.852976394351222 128.79747451780713
87.39207 -39.39553599954447 -6.801535291650358 129.48766306864982
87.59969 -39.13003932187775 -6.750443120159703 130.1739504753744
87.80732 -38.862835236859084 -6.699525553629295 130.85185711982047
88.01495 -38.59560834733515 -6.645906511717444 131.53734936832353
88.22259 -38.330699072177836 -6.593149411765161 132.2183721393029
88.4302 -38.06668274758988 -6.543147568884153 132.90191794125602
88.63782 -37.80368940267744 -6.4916049310087995 133.58148328722075
88.84545 -37.53830212877393 -6.4389383104198625 134.26270138890644
89.05295 -37.27666512299597 -6.387086334653368 134.93544829566588
89.26059 -37.01309391861202 -6.337049958561806 135.60986834581345
89.46809 -36.75378738758494 -6.2864043443727 136.28053868230734
89.67557 -36.49155254740125 -6.231428644365209 136.94706856515884
89.8832 -36.229233287184165 -6.180849920681366 137.6130508338239
90.0907 -35.97476069997937 -6.129122347109423 138.27459530999332
90.29833 -35.72231299437434 -6.0751415440602 138.933162596063
90.50595 -35.46830841463908 -6.017584102393499 139.59341476309217
90.71357 -35.21608361753705 -5.957662207572529 140.24360085906693
90.92107 -34.97479390903177 -5.902224259757887 140.89385062660435
91.1287 -34.73266005939139 -5.847530204989702 141.53369979808716
91.33622 -34.493600335259764 -5.790586954272339 142.17700963554677
91.5437 -34.25518115793241 -5.734912762875609 142.8265760912804
91.75121 -34.02004474910582 -5.68718710430011 143.4602050208729
91.95883 -33.78325437093493 -5.6287628403896 144.0987350039473
92.16632 -33.5508553893836 -5.573013836748407 144.73736206175843
92.37383 -33.3216492074711 -5.5188180927287664 145.36468905769414
92.58132 -33.09030200282722 -5.467936664575085 145.9903816266445
92.78883 -32.860559971444445 -5.416945915173164 146.5961057709258
92.99632 -32.637820685145726 -5.367603158214747 147.18363343282542
93.20395 -32.41816618325611 -5.320840497763534 147.75776587571863
93.51545 -32.08695870814588 -5.256604686514235 148.5817730380657
93.72308 -31.865865913460233 -5.214487051894057 149.13153522312246
94.03458 -31.53219518166722 -5.1469138217977175 149.95278952770775
94.13845 -31.426834100594988 -5.129034435572574 150.2165863759194
94.24233 -31.316805451047706 -5.106624771948718 150.4830860495303
94.45009 -31.10252845231212 -5.064129786574508 151.00859876738988
94.55395 -30.996369210569327 -5.043449767391229 151.2701966023302
94.76158 -30.787253125035114 -5.002941324120993 151.79434381713804
94.96933 -30.581349282275127 -4.963610820310544 152.321537520745
95.17695 -30.380215355844335 -4.925303421308019 152.85666446180537
95.48858 -30.087738981509133 -4.8655933687982635 153.67763464715478
95.69633 -29.900183913646913 -4.824320099414344 154.2337838812598
95.90433 -29.71140629829202 -4.778588034776554 154.79798423453622
96.2166 -29.40391405023408 -4.710394769631666 155.64286818695874
96.42472 -29.188580782776576 -4.666154825257543 156.21691574871818
96.73683 -28.8314022472307 -4.596583454418475 157.07769513018764
96.94485 -28.576980950244277 -4.549697071990959 157.64832986608593
97.15272 -28.31403137549777 -4.502165028394039 158.23450071175733
97.36058 -28.040938534680144 -4.450982465249934 158.8215618777719
97.56833 -27.759728848396975 -4.397826908731936 159.41686098469077
97.87984 -27.32596736129466 -4.318537057828642 160.32733544751264
98.08747 -27.03347382046087 -4.262183773017455 160.9481192589727
98.29484 -26.74448182033263 -4.205991228918835 161.5838435470104
98.50247 -26.459757984464282 -4.148172000473547 162.23341386498788
98.70996 -26.18068181689918 -4.0887453880027795 162.90095627305087
99.02133 -25.76856395186119 -4.000357561146011 163.922474776236
99.22896 -25.497609456215905 -3.946229595556538 164.61450347329313
99.54033 -25.088251379718116 -3.8685138673532915 165.67474899224752
99.74796 -24.812294435090088 -3.8164202354015053 166.39322486604388
99.95546 -24.53742382664356 -3.761191881734378 167.12014064346852
100.163 -24.266659004806357 -3.7059145742517234 167.84023653758808
100.3706 -24.000978584493396 -3.653141309507401 168.56179362254682
100.5782 -23.734372249333646 -3.6008094433227935 169.2854528087904
100.7857 -23.46283803483515 -3.547244362245433 170.00695695992715
101.0972 -23.062728381412647 -3.464755741261886 171.08369244367535
101.3047 -22.798043100438356 -3.4129165539923907 171.79562071272932
101.5123 -22.528142588679792 -3.362053271435789 172.50085040965843
101.7198 -22.256176072956855 -3.310768006354749 173.20599206713388
101.9273 -21.991897815218586 -3.2539575497042286 173.9019354335506
102.1348 -21.719862258907924 -3.1994875610638633 174.6018553293518
102.3425 -21.447875918827727 -3.146718185921257 175.29594413697603
102.55 -21.17694764938527 -3.094642845537086 175.98397498239524
102.7576 -20.905700449345716 -3.0427060159943586 176.66644622125443
102.9651 -20.643350165070856 -2.996334301775084 177.34422339935244
103.1726 -20.377540112930816 -2.9443211607492756 178.0217072347131
103.3802 -20.114752991227526 -2.8901844978950333 178.69467149391292
103.5877 -19.851758384884107 -2.8405312797972293 179.35699167131122
103.7954 -19.588651735384673 -2.7834442915850506 180.01144378605133
