0.0 -0.0 -0.0 -0.0
0.1042283 -0.0001419594857203758 -0.004897433074046638 0.47611035234135546
0.2084765 -0.005895488605535372 -0.014613171287423024 0.9496535194897906
0.5212271 -0.014917941581169391 -0.047754407951188224 2.385825579230487
0.9383588 -0.05369963710394812 -0.09936976388414273 4.370490446897675
1.146853 -0.08504618381335499 -0.122725271688426 5.4075981568867375
1.563854 -0.14486347756029727 -0.16664659421135192 7.640623932289822
1.772352 -0.18705885729452415 -0.18691127415691977 8.81970670796244
1.980855 -0.22329514561043176 -0.19125134173837055 10.067620944801599
2.293607 -0.2799278909992711 -0.2080777413371351 12.068707800769515
2.502107 -0.3165697576066604 -0.2089134627676798 13.470931352025351
2.710606 -0.35871366806561045 -0.21882113520491403 14.933936647991192
2.919104 -0.39692956347058966 -0.23643420087313255 16.457065880242194
3.127481 -0.44590999846962925 -0.2728077873655201 18.040681328995333
3.440232 -0.5095745164988817 -0.3376043554690657 20.48667048284749
3.752729 -0.572053688546224 -0.4121789317805624 23.018323073155475
3.961233 -0.6242535236561888 -0.4559602618048505 24.744069368599448
4.169606 -0.6743659584739191 -0.5040696359530099 26.49125594070254
4.377982 -0.7213576258324548 -0.5547454339639296 28.268063538608676
4.586357 -0.7688213636959677 -0.5990654242883796 30.07836856591147
4.794755 -0.8166526629293382 -0.6386837401132861 31.928895626413745
5.003109 -0.876934057999071 -0.6786424741533199 33.78995082113227
5.211513 -0.9365185558130754 -0.7174026372441291 35.672124886360756
5.419858 -0.9994009260150866 -0.7525253898966322 37.552549601934025
5.628235 -1.0653542146384432 -0.795748084259497 39.42474205518042
5.836733 -1.129362189900459 -0.8334520583619944 41.30319476481005
6.045107 -1.1961237729777108 -0.8756719204840826 43.19153587390778
6.253481 -1.241643342970352 -0.9162370543193101 45.062831185950515
6.461983 -1.2928550162804553 -0.9683582830507922 46.957217385031846
6.670359 -1.3514446068017492 -1.0180510917868757 48.842373634923966
6.878731 -1.4056054697157851 -1.0699375283222763 50.768719987630035
7.086981 -1.4569447372332498 -1.1097020326757365 52.68012998806545
7.295357 -1.4990293996979158 -1.147630929048159 54.57137172281504
7.503734 -1.5684669270681437 -1.1977249026783974 56.48194641545405
7.816232 -1.6653401911461554 -1.2800659531946539 59.366559395965936
8.128736 -1.7540080000398397 -1.3585177234208066 62.24865145963492
8.336986 -1.8050106593472122 -1.405281822757633 64.15642599559061
8.545359 -1.8667624440642379 -1.4554059055995456 66.05348936690804
8.857735 -1.973714392726021 -1.518875938099882 68.87593023271539
9.170238 -2.068931127398317 -1.5974832260457672 71.69316823741114
9.378487 -2.141089327054365 -1.63874636299041 73.53569122698315
9.586735 -2.1905563530980237 -1.672645941366036 75.34294065889101
9.794986 -2.257108449164944 -1.7091333795917252 77.07969596828934
10.00337 -2.323206727985814 -1.7368783549052693 78.74036414162431
10.21161 -2.403121503559499 -1.7716831228901224 80.31967436438302
10.41989 -2.4909458905269544 -1.802541940604689 81.82199190890606
10.62824 -2.577871560971536 -1.8318551887189614 83.23541666772299
10.83661 -2.6678656939359224 -1.854560679357855 84.55014378560723
11.04501 -2.7648666656277894 -1.8870277054782856 85.75681879620599
11.25349 -2.853878780571792 -1.9141275572628509 86.86624158428923
11.46211 -2.936307138169656 -1.9451077700579718 87.88497869630521
11.67074 -2.993252965916091 -1.9677596989839725 88.82516781579945
11.98386 -3.0096104510586086 -1.9973950141103118 90.08796802464784
12.29711 -2.953629156664315 -2.023771811045097 91.21112509653209
12.61074 -2.798139019764042 -2.056130838743791 92.26160442862401
12.92437 -2.5308827483000798 -2.084234929702336 93.24348072986676
13.23788 -2.1704249766851795 -2.130585269171676 94.13129592871988
13.55124 -1.6757688806947186 -2.166928541694218 94.94571943499164
13.86436 -1.074764674665083 -2.2116895859510577 95.6674339648153
14.17749 -0.3327552389333519 -2.2487058889011884 96.30036516166585
14.38612 0.24334255096487567 -2.2816700161010406 96.66480086564582
14.59474 0.875909683806583 -2.308304679124132 96.97744110838883
14.90761 1.909462554703584 -2.3607943884288667 97.3307269784631
15.11614 2.663588127177718 -2.3909286318744725 97.48682239993151
15.22024 3.0747319503844395 -2.4054362475089 97.53984898788764
15.42812 3.9367793704667786 -2.4362835062908905 97.61818411709366
15.84387 5.898347912225472 -2.5105159494307516 97.7344485724899
16.05174 6.967102166711411 -2.5520018187062203 97.70244230443653
16.46712 9.378617354372693 -2.624935877005839 97.63029407006482
16.67485 10.702291838823756 -2.676288123498854 97.59332817579626
16.88261 12.097434371232973 -2.721476424477528 97.57134660937751
17.09049 13.557321096633931 -2.7797317818879583 97.5394893080339
17.29862 15.092884941371489 -2.8299802249461914 97.50704239623182
17.61087 17.4637570834459 -2.9189114903458915 97.45132130854485
17.81912 19.078687453718377 -2.9671861744670185 97.39610885915423
18.02749 20.720557595308406 -3.0202416714388014 97.3644925016559
18.33987 23.23849767984619 -3.106850322157462 97.27985050644837
18.54825 24.940612694770785 -3.173117777255704 97.23741449971541
18.86074 27.48066421394278 -3.259896522825497 97.16869832520784
19.06912 29.138763283607457 -3.3158873760388112 97.11444043959727
19.2775 30.82334474028069 -3.38508569844598 97.06067845143782
19.48591 32.47184562058708 -3.3637777050470525 97.02703697100921
19.69439 34.27352167142981 -3.4706507850992283 96.89847773078483
19.90293 36.038828866799676 -3.7044659616929225 96.70186795147973
20.21566 38.38592232390651 -3.8189832853425423 96.6567142673753
20.31999 39.073709921578555 -3.7232862298483167 96.70734590825602
20.42461 39.77808173315008 -3.679705526495179 96.76198974738699
20.52859 40.65912611265171 -3.771676637269554 96.63204634702657
20.63312 41.607402766985075 -3.8632708798828936 96.46472994008164
20.84131 43.00757939299227 -3.8273139535313936 96.49082037706886
21.04975 44.43000807361438 -3.8833180512399994 96.49607804428024
21.25828 45.91604728419297 -3.9479869002243713 96.39283688705632
21.46685 47.287507437860405 -4.000680428717094 96.35048927668308
21.67551 48.71344433078924 -4.047182807531322 96.25686984305318
21.88389 50.09869419250391 -4.105921503627964 96.18905824879397
21.98856 50.799486520477004 -4.124996217060924 96.15750131696963
22.19678 52.16008763923306 -4.184822242384181 96.07821688136556
22.40541 53.51237833714607 -4.228325008957238 96.0052164283196
22.61414 54.84533053440105 -4.28121696644648 95.89187765609864
22.82268 56.202722104855184 -4.334365458125799 95.77730503286915
23.03126 57.578758917688994 -4.3868471603391805 95.64279313671761
23.23966 58.97450310282203 -4.434227311649169 95.49319739380162
23.44815 60.41313776339534 -4.484782025258233 95.33517734230534
23.65651 61.87184312801863 -4.529061000033113 95.1707890329443
23.865 63.35654054029906 -4.582510582914495 94.98080104481004
24.07343 64.86581022509841 -4.636763479665458 94.81230961611136
24.28189 66.36679131418515 -4.699115372086682 94.63792116781715
24.49041 67.86746427993492 -4.753855818554185 94.47064182937277
24.69888 69.36780464870927 -4.808631553264289 94.29132653457756
24.90738 70.85721122900819 -4.860232846602072 94.104148006233
25.01202 71.61933650168216 -4.8870801149822025 94.00760902729813
25.22015 73.13871452654972 -4.941230436427507 93.81441233073296
25.42874 74.6806108738425 -4.993171801251659 93.60965597237242
25.63714 76.24947487664724 -5.045753753713267 93.41103897545695
25.84577 77.83337382389344 -5.091758550213657 93.18627538293457
26.05425 79.44570114515938 -5.1484398718124575 92.96342765692877
26.2628 81.06936230017217 -5.2129020386777265 92.71931711755515
26.47127 82.73042589420128 -5.282366010312575 92.46441853175567
26.67976 84.4087516877261 -5.346831705854382 92.21958067031642
26.88831 86.11010486270101 -5.410131902189354 91.98833110963142
27.09669 87.8157069204889 -5.472079300241958 91.7480205621149
27.30519 89.50534519656979 -5.531940951330826 91.52555995085004
27.51364 91.20506012401829 -5.602849014525344 91.31140430257837
27.72241 92.91079971185954 -5.677598773863134 91.0880899763123
28.24341 97.21705261690173 -5.843616411629235 90.54779045835501
28.45191 98.92569531848476 -5.9148178618569425 90.3374559686748
28.66038 100.62696940127145 -5.986074049593658 90.14827829082446
28.86901 102.29330820085652 -6.054218515630408 89.95263356127958
29.07751 103.95025175034931 -6.12891896053401 89.74165406423008
29.28611 105.60707643674952 -6.2138022168595874 89.54480084335057
29.59879 108.03744187164389 -6.329847600423131 89.2470076896397
29.91166 110.41590560759388 -6.448802939763162 88.93554881490448
30.12014 111.97672878020457 -6.53087240972979 88.71585486313009
30.32867 113.52937162302115 -6.61571782068296 88.47799823547444
30.53714 115.06001717770263 -6.707804182351492 88.26445862317493
30.74576 116.5910417041412 -6.798089754695256 88.00343207921975
30.95426 118.12299748146938 -6.8928672986298665 87.76147154815706
31.16262 119.62738405437756 -6.984896252090447 87.50610790930028
31.37114 121.1118524611887 -7.084105790647742 87.24908495726008
31.57963 122.59806733668412 -7.1820459437517385 86.99086617974457
31.78862 124.08997456387459 -7.293293884731089 86.716630143293
31.99707 125.54761112412444 -7.398463504933975 86.41135871712382
32.20556 127.0255105299314 -7.497129476497215 86.11813166609605
32.41431 128.46167934825652 -7.592472975944789 85.7630429240919
32.62292 129.89080499165348 -7.694287916510184 85.36661450046293
32.83154 131.29880967560916 -7.796024091991902 84.93733499472454
32.93576 132.0021120202867 -7.844035736920261 84.70420108845613
33.04004 132.69039846272992 -7.891654800639095 84.49317345020037
33.24844 134.08065092920708 -7.975392573877754 84.03646007293625
33.45664 135.44832159370935 -8.059326754100509 83.58881548619148
33.56085 136.10334387825753 -8.098490697025678 83.3567131657409
33.76925 137.46094475115308 -8.166201771193446 82.93463658281726
33.97778 138.77795861200718 -8.255192019532133 82.51228379506885
34.18594 140.0772849473516 -8.332162009727758 82.10883946813934
34.39402 141.35694064376494 -8.408245415910343 81.72770300004811
34.49817 141.9867809352874 -8.444938295340032 81.54114615739402
34.6023 142.61876675317643 -8.484716113645502 81.35787617511195
34.70638 143.24370586994823 -8.52177325694141 81.18451848173052
34.91479 144.48824032203885 -8.591096960982075 80.84366901120819
35.12349 145.7185377373198 -8.654855016221095 80.52190932824483
35.33169 146.90202248993484 -8.722533464979058 80.19327821050112
35.53993 148.08303152150432 -8.778679061456991 79.91644523583504
35.74827 149.26523749381025 -8.849291868594577 79.65644579399819
35.85239 149.83903679567308 -8.879862411970862 79.54277077191185
36.06064 150.99855259371608 -8.948402773536095 79.33258502385405
36.26877 152.1544347495723 -9.01517794209919 79.18033133180236
36.47689 153.3097883588204 -9.080154343704065 79.09693575088153
36.68515 154.4461340917702 -9.151362618727752 79.06419877796287
36.89364 155.5853772605779 -9.22053484528525 79.06895054490674
36.99801 156.15286523342346 -9.255964733740718 79.06880973697402
37.10292 156.70074424764317 -9.288133771402574 79.0607599874494
37.20718 157.236446995438 -9.317738486015685 79.03794693947025
37.31166 157.77021851625506 -9.346301361079238 78.99203549684583
37.52067 158.88302022135366 -9.401672635513801 78.89644529664918
37.72965 159.95263637877088 -9.450947499773136 78.781741058632
37.93854 160.9988443509105 -9.499912377621012 78.61613418060931
38.14794 162.03112537614197 -9.549976664640305 78.43106164740666
38.35586 163.01829109690232 -9.58978627352973 78.22123828235397
38.5644 163.99508039083594 -9.63718745880341 77.98085808122445
38.77266 164.9567656647404 -9.679196859189247 77.7465333380176
38.98107 165.91394696682744 -9.719445563267902 77.51367359930003
39.18942 166.84274485934313 -9.76427244805739 77.27438908614717
39.39792 167.78299583115222 -9.801123401760709 77.04907227798074
39.91947 170.22360092369772 -9.906630193706572 76.3682242193576
40.23231 171.78458566162863 -9.968482543630994 75.90062702495106
41.17043 176.73170210517372 -10.156860907576029 74.32512150823644
41.37878 177.82180265560362 -10.207123795043568 73.96088559956479
41.69127 179.44854749295502 -10.26319107389846 73.4365794560105
41.89956 180.4997399572947 -10.307475471289182 73.10518664896446
42.21207 181.99692194062627 -10.366549770377059 72.64954254070562
42.62866 183.78823619943648 -10.454890372014988 72.13693522666807
42.94092 184.99401055395185 -10.491162734175244 71.87280865259497
43.14893 185.77245021669614 -10.522456045841789 71.73566517922114
43.66893 187.67336532811424 -10.598813612479951 71.66681633485851
43.87706 188.42981045458518 -10.62878062073916 71.72738934693106
44.08517 189.1699414265894 -10.651462785819007 71.83083640188975
44.29315 189.89948771967798 -10.675063701926456 71.9860011648095
44.50114 190.6250328688289 -10.688944385782193 72.20702342781856
44.91746 192.06258656549082 -10.738255634515014 72.89993528678349
45.12534 192.80331366032885 -10.765867750578693 73.36376224275482
45.54168 194.296684777844 -10.837375686999943 74.65600698053098
45.74984 195.0289209432517 -10.878641418068089 75.48012931040648
46.16771 196.48435152464972 -10.961462085528781 77.55531937335057
46.37543 197.18569121438333 -10.99291814222827 78.78674000025707
46.5845 197.87024175909448 -11.019720106491112 80.139014151449
46.79332 198.54723697474446 -11.043053932791846 81.57936044430745
47.00215 199.20084174958203 -11.068576473631987 83.12574449327226
47.2109 199.8433668416463 -11.091546001005156 84.77386981927117
47.4198 200.44170227854994 -11.11918090390252 86.5096153502806
47.62884 201.0469005549703 -11.145298479434592 88.30487882110499
47.83765 201.67356311010292 -11.179293694231548 90.13643713092205
47.94218 202.00542503891188 -11.19167287652622 91.07917514893688
48.15084 202.6737053864543 -11.221866147774259 93.01713148070444
48.35939 203.37069329006462 -11.251687442157182 95.00840491151853
48.56792 204.08314196222136 -11.287132449946673 97.0456956458006
48.985 205.52185563420733 -11.348843949160019 101.14457935750502
49.19328 206.227205031437 -11.384555538457484 103.15468704435733
49.40781 206.95519112212307 -11.403585771531697 105.19351426354751
49.61018 207.6651263714453 -11.429749126926712 107.23007601742837
49.81856 208.37830711632427 -11.467395033145376 109.27495067819396
50.02695 209.071285531258 -11.498860677031807 111.3248609885206
50.23533 209.77149118651474 -11.53442860945242 113.36259618829632
50.44367 210.45049354391574 -11.568155160772378 115.39296159119397
50.65203 211.12561496203418 -11.592864871621247 117.40013154895033
50.86032 211.7733601271593 -11.617801506516162 119.39114187257178
51.06871 212.40459534251323 -11.642468741544578 121.32684286165728
51.27704 213.004800805405 -11.654749576867093 123.2135901980781
51.48545 213.56191863110587 -11.682062238019586 125.01208061135685
51.6939 214.0923282947384 -11.714181724068483 126.75252724200193
51.9023 214.58719559000787 -11.745223907636895 128.41543172112634
52.11091 215.03097790808596 -11.771835193150922 129.9709283640847
52.31933 215.42504982363664 -11.787009313814748 131.42183065709327
52.52783 215.78467454127934 -11.814196972940424 132.7576074996671
52.73649 216.1243433985138 -11.83542227519302 133.9908217184391
52.9449 216.4379168340511 -11.855154202564414 135.1431465431622
53.25757 216.86050723943777 -11.891328939986606 136.76602871804826
53.46596 217.12946953722204 -11.914202738905644 137.83230725316503
53.77793 217.39848897135317 -11.943056607787716 139.3792207933976
54.08979 217.5130637262518 -11.971345846801821 140.88057673812924
54.29767 217.47446919180882 -11.994052727584746 141.8571882810616
54.60944 217.25418573927718 -12.015203484978043 143.2624017825363
54.8173 217.00247672858873 -12.019533236125866 144.16902779741633
55.02533 216.65178244644085 -12.020687694130594 145.03351980287505
55.23328 216.19975168293988 -12.020781294448925 145.83964913876548
55.44133 215.66045660613338 -12.000094607658077 146.579236891933
55.5455 215.35880441957647 -11.991075116508288 146.92300637875465
55.75357 214.706870933344 -11.964877420019405 147.56492591789086
55.85776 214.35036585446818 -11.948347470116964 147.85122981211438
55.96186 213.9810157084491 -11.935496128122022 148.11657821390546
56.066 213.59703389009013 -11.91587259897609 148.35444128098624
56.27431 212.7781443043054 -11.887860979780372 148.75433256823328
56.37855 212.35515120999702 -11.868433637683731 148.91068468196602
56.58712 211.47232839016948 -11.8288362446949 149.1895964765974
56.6913 211.01520027393858 -11.813300819944079 149.30091560835433
56.79569 210.5499185741611 -11.794746091929136 149.39318085944947
56.9002 210.07064110127496 -11.779631527802227 149.47851790592844
57.00456 209.53302843709955 -11.756351801578614 149.56927341794912
57.1092 209.0327132932503 -11.730875527542276 149.64564976566658
57.21371 208.5007766647671 -11.7032976780863 149.72674972505274
57.42283 207.36366482947284 -11.66232149337117 149.82700776189753
57.63179 206.13845449770366 -11.610028038572793 149.93042344223585
57.84073 204.81539037102652 -11.55433361185846 150.02405609947172
58.04945 203.37476924730205 -11.496043538401759 150.06526223354496
58.25822 201.8122574964413 -11.444255256839684 150.03170446138623
58.46709 200.1524359445323 -11.37662556840878 149.98694095521293
58.67606 198.39009613198448 -11.300723215955944 149.9379427406226
58.88494 196.523657081518 -11.22625532032277 149.87450029026695
59.09391 194.5691744602801 -11.141249639633335 149.8214693710781
59.30292 192.51064739979518 -11.059127966674167 149.8105019943141
59.72072 188.1201111466297 -10.876408788631505 149.9290658146662
59.92931 185.78416232408352 -10.771214227673145 150.07133448686116
60.13782 183.37779105800118 -10.67031867699141 150.26514069427344
60.34631 180.97005952484778 -10.590946620338176 150.512249128229
60.65891 177.31525059707204 -10.462285690824395 150.90882922791045
60.86733 174.897656949651 -10.358836363135957 151.1964909469222
61.07569 172.45672608722356 -10.269599297177681 151.49006968814712
61.28405 170.0005991308637 -10.174165529779764 151.79408545530725
61.49229 167.54175946259772 -10.09223326814065 152.09621671141514
61.70091 165.0909806672418 -9.998085573471542 152.39589165923775
61.90907 162.65668329975526 -9.91564765126839 152.68471379912984
62.11744 160.20145804784954 -9.823910240608352 152.96238403411522
62.3257 157.7567818770591 -9.730725402984547 153.24832248955573
62.53422 155.28311812124818 -9.634840125786777 153.52704540150887
62.74266 152.8431697527217 -9.543586942945595 153.8203136015074
62.95119 150.3967823031739 -9.449550026601123 154.12881036078446
63.15976 147.9476571163704 -9.344134538324369 154.43937839218933
63.57657 143.10411125699522 -9.174637458433569 155.05808260455896
63.78505 140.69197281733415 -9.073197517594373 155.36436082464505
63.9936 138.2824817374303 -8.987402503961416 155.672876582418
64.20208 135.8565602460831 -8.900850195374172 155.99122861963886
64.41054 133.43713240352744 -8.80503476158017 156.3047305386323
64.61962 130.98107574141062 -8.738580916042439 156.63265443237694
64.82756 128.5131399600589 -8.63572668479028 156.99343126524565
65.03592 126.04490736467068 -8.554320034603506 157.33250799767254
65.24443 123.54189516853248 -8.457171333843007 157.7061660124527
65.45301 121.00901922246129 -8.363578680481206 158.04361140115066
65.66132 118.45303910568065 -8.28051839798513 158.4045353264037
65.87056 115.88301407782423 -8.19810032490601 158.73173135775718
66.07807 113.30857383746135 -8.106647612543037 159.043665506919
66.28654 110.67974318675941 -8.00835344219468 159.31227839384533
66.49507 108.04899255198862 -7.90932033222892 159.57025077545907
66.70357 105.39182697570568 -7.823005757048472 159.83323512110925
66.91193 102.73463528017979 -7.7523870254212826 160.1225093054185
67.12048 100.04870249796258 -7.659742925388009 160.38613746223575
67.32897 97.40615903001735 -7.558703576513481 160.62964529881614
67.53749 94.75878209680606 -7.454481616830526 160.88991419429576
67.74594 92.11539041527892 -7.3443816872939305 161.1263614695175
67.9543 89.48426983147476 -7.260000742594945 161.36726005749756
68.16285 86.84251652982681 -7.1661451986008196 161.616233306625
68.37123 84.21556693983182 -7.077875608827748 161.86563399872878
68.57955 81.59931858804362 -6.977693158098918 162.10377514986547
68.78795 78.96874909858083 -6.890121273572975 162.35075872480036
68.99632 76.34014358121661 -6.80301453817232 162.59579603398205
69.20468 73.72147659172042 -6.7044455990791825 162.83743426834937
69.4131 71.13729276410243 -6.612459333302484 163.0600753566638
69.62136 68.52956209959274 -6.510259948244624 163.3108869114859
69.82967 65.93886422991014 -6.4128517195002015 163.53452111181937
70.03807 63.3484115975653 -6.321038953617807 163.75453245767204
70.24645 60.748297932751086 -6.216737587283232 163.9883630562947
70.45492 58.17933853249527 -6.143178758708241 164.24043144597354
70.87192 52.99488689032867 -5.947594563405209 164.80044049486136
71.08235 50.394124052086376 -5.856098872254878 165.09053824773068
71.28855 47.7969363184551 -5.764376442792707 165.39501508631025
71.49692 45.1980870620843 -5.680774657421505 165.7005926943694
71.80946 41.28117702676151 -5.547562343054837 166.15732569864744
72.12192 37.33783745205126 -5.402765530906162 166.605381284227
72.43462 33.38958223420737 -5.2597795702698615 167.0503635077629
72.64298 30.740730141895384 -5.164330937324109 167.37758198840714
72.85134 28.089552950565537 -5.074060739800019 167.68170689497458
73.16384 24.089150878974706 -4.922671479651763 168.1263828292527
73.37208 21.42165511158915 -4.814118930762381 168.3991803520126
73.58042 18.764242598073807 -4.707124666066409 168.64990088544428
73.78887 16.09259719211083 -4.615320464649588 168.90411111544407
73.99724 13.400534060521624 -4.510509167857285 169.1300187217302
74.20558 10.7224947490067 -4.394738348966239 169.36434731934625
74.41406 8.033702895762328 -4.29702521981027 169.60283087477112
74.6225 5.318567473580444 -4.197500528521368 169.83266268613383
74.83087 2.6485402260516206 -4.107685416333435 170.02751561009507
75.03918 -0.012784458865988668 -4.012210195345803 170.26218427276143
75.24756 -2.6683209859943027 -3.899396859327935 170.4778552578464
75.45606 -5.304902619021874 -3.802609000060076 170.6750749642045
75.66421 -7.889267181952716 -3.7411489880331468 170.82843763780565
75.87244 -10.510177983211928 -3.6531905321570783 170.98898432396322
76.0807 -13.089618239470914 -3.5932778878132137 171.1558372868459
76.28906 -15.69804170144019 -3.4752876410501408 171.29519149326347
76.49746 -18.262020789513805 -3.393398656991639 171.4550410068789
76.70627 -20.802603236500822 -3.295195312986099 171.5915060694633
76.91447 -23.32337792766571 -3.1908906412222726 171.73137797662736
77.12259 -25.79275624837016 -3.112022792564625 171.86808354326092
77.3308 -28.209646715787684 -3.0122216403630855 171.9738592444146
77.53921 -30.593066147979073 -2.9125328552363694 172.08250998780406
77.74763 -32.92976207604211 -2.8352293827058332 172.17437793815952
77.95581 -35.21763980219382 -2.74863458371793 172.25770953959764
78.16432 -37.434514857695916 -2.6639612150363847 172.34524583581828
78.37279 -39.56990983114266 -2.5829741363957748 172.41944611447968
78.47715 -40.5992136788186 -2.5448614889766725 172.46590794705776
78.58142 -41.612307448160045 -2.5099854478653496 172.51656521971594
78.89417 -44.575571663760904 -2.4035878541246136 172.67165397967273
79.10274 -46.55932641501213 -2.353102163126618 172.78561013882012
79.52132 -50.35838498194811 -2.2100810432944495 173.04430094296768
80.3538 -57.36885354780852 -1.9542610056717535 173.56455593999928
80.56251 -58.915566269186094 -1.8965789873186543 173.69691182990323
80.77093 -60.37270065321925 -1.848438721818388 173.84573430678876
80.97957 -61.73628315541713 -1.7999810263594869 173.99301712635872
81.18818 -63.03956424172077 -1.75490215196666 174.16431521725863
81.60565 -65.43772284982842 -1.6807587393252659 174.55451853814142
82.02282 -67.5444834823493 -1.61838358983234 175.04959025852483
82.44036 -69.3527422405564 -1.5896121895632325 175.6560917193108
82.64906 -70.18647154384401 -1.572322660521519 176.0087095647758
83.27572 -72.46639492962183 -1.5380034336963373 177.35951498396935
83.48474 -73.12089779372856 -1.5277591069975642 177.90522311929703
83.69323 -73.7784032470176 -1.510795522551176 178.51590835002162
83.90195 -74.40496803102246 -1.4915258391136632 179.2419392076024
84.31931 -75.55330376270982 -1.5099724900843443 180.97610119157085
84.52796 -76.05506613449035 -1.5337209824622788 181.98449154093723
84.73726 -76.52446531162308 -1.5457655696291475 183.10715630471
84.94493 -76.95028855764333 -1.5596176632378684 184.36691945352035
85.36198 -77.5248425796121 -1.6258728598244192 187.28430909168915
85.57007 -77.6657982592942 -1.664506137548547 188.93582362736475
85.77809 -77.72702083007475 -1.723443099287052 190.70783018758772
85.98583 -77.73074580705632 -1.776020617382441 192.57156212654908
86.19355 -77.70797164928165 -1.836306338910335 194.55012580920857
86.60897 -77.64484060184675 -1.9753570873360735 198.74364478575382
86.81672 -77.644034145526 -2.0420516520599286 200.98202211522502
87.02455 -77.64502567001973 -2.115815489206433 203.27330239244446
87.23286 -77.66591392425633 -2.190392548132264 205.6020809297367
87.4409 -77.69746410224246 -2.278108148472757 207.9570390391471
87.64894 -77.72862198492103 -2.363668576078216 210.3166871624104
87.85718 -77.77212012970922 -2.43266931862729 212.68305328667597
88.06568 -77.82042382850788 -2.5100649289903343 215.09307091843561
88.27385 -77.85268526448668 -2.5855844216946346 217.49522691727464
88.48206 -77.8932894791856 -2.662262968457371 219.89823728506596
88.69045 -77.94473651851453 -2.729491632288447 222.29957091091666
88.89883 -78.00969752385093 -2.795794907539958 224.66220541995278
89.21159 -78.12896608892441 -2.872884138340595 228.1969382596801
89.62843 -78.29404011804814 -3.0038836977117134 232.76864514893902
89.83693 -78.3677705727334 -3.0704084294540923 234.95303065408953
90.04556 -78.44199917819604 -3.131705066551595 237.02938143785957
90.25386 -78.52479850938974 -3.1829947454774707 238.9977031941588
90.46222 -78.61202263311266 -3.247212454475116 240.8626331434574
91.08751 -78.89281483508528 -3.376504086560666 245.73557163676708
91.296 -78.97507101219848 -3.4222601385269362 247.12118671006968
91.50473 -79.02293325274826 -3.456176721980539 248.4314030587205
92.02688 -78.88813488890057 -3.5620805722948994 251.60033324575502
92.2359 -78.72206411464911 -3.614610365295773 252.8168079086791
92.44485 -78.44775022433129 -3.6599237547997374 253.9871939849342
92.65403 -78.0919716507425 -3.7007441700041275 255.10774015864436
92.86295 -77.64727712281844 -3.764156043819725 256.14605346198044
93.07203 -77.14258698634764 -3.823152802588405 257.1379768924576
93.28083 -76.56761878488864 -3.87157060281255 258.0815383247542
93.48971 -75.87437860531392 -3.9166120122431503 258.96815253152744
93.69845 -75.06895897251209 -3.958734541098754 259.81073255320416
93.90723 -74.21768313617427 -4.024742167771056 260.65427989667234
94.11582 -73.23178832718006 -4.099211484097021 261.38078923809337
94.3245 -72.11751154554466 -4.1493383463562274 261.96972133039003
94.53308 -70.9122175550026 -4.210544203245598 262.54981347581025
94.74161 -69.57149421478837 -4.301374856044359 263.03405470040053
94.94997 -68.12083797377245 -4.395243761584576 263.37674469255956
95.15809 -66.55648473280998 -4.46788058286895 263.6445687811669
95.36596 -64.86797063084097 -4.55302290035664 263.84772277010063
95.57381 -63.07343967641586 -4.642113009540941 263.99195542956744
95.78189 -61.17022042137634 -4.7347569380261785 264.06195490622883
95.98969 -59.15821842058858 -4.818820232947532 264.0370051429821
96.19761 -57.02723372499934 -4.9124770740572075 263.981923524071
96.40544 -54.81226667808721 -5.006529475410098 263.84717262430394
96.61311 -52.47809472156031 -5.0874275589647215 263.71220324060596
96.82094 -50.051707197861035 -5.194934271187734 263.5821774551473
97.02886 -47.584872240343316 -5.2866195338579764 263.4225768534814
97.23747 -45.06133972740335 -5.381157623821737 263.27117769861167
97.4445 -42.542032779354884 -5.471236180620055 263.1336933514756
97.65249 -40.01176331194405 -5.565978918128193 263.0307919265819
97.86046 -37.460469557546546 -5.668530697774326 262.92603320593673
98.06857 -34.90218358703984 -5.763271552082616 262.8510642670539
98.27666 -32.3101258108552 -5.867736392732976 262.7981495591595
98.48486 -29.712280871120477 -5.964245480310746 262.75402404119404
98.69307 -27.11148061861719 -6.072020318185812 262.70585545778323
98.90137 -24.469609745966537 -6.179903757567056 262.63817077098327
99.10959 -21.83108286516065 -6.275122224346214 262.5708858300609
99.31799 -19.231403145954847 -6.376048740669292 262.5164809890976
99.52634 -16.650811049849068 -6.476663925649061 262.4557334042061
99.73476 -14.051331609236978 -6.56641587058445 262.39182663485803
99.94309 -11.459797374480415 -6.665577941439947 262.31841302363176
100.1513 -8.896769886984844 -6.75315164145876 262.20806550204645
100.3598 -6.3622618012781835 -6.832752163519042 262.10239531827534
100.568 -3.845031026355983 -6.934128693303188 261.9965599881615
100.7763 -1.3903913196931832 -7.017766522516442 261.91129651952815
100.9851 1.0800848684511433 -7.113929923173497 261.8120133818177
101.1931 3.5500957657673347 -7.1986610506708555 261.68893798423335
101.4015 5.991366329162744 -7.289852405450275 261.5751302290983
101.6099 8.412640399706095 -7.365272049202967 261.4538893349315
101.8181 10.830909438754677 -7.443625346128863 261.35129692424357
102.0265 13.207905986499336 -7.526853745422827 261.2457711586241
102.2349 15.573853242404413 -7.60400024942239 261.1463079927726
102.4442 17.924633805428385 -7.677974201565815 261.0272594017869
102.6515 20.251900715141993 -7.771551449701955 260.92705805254576
102.8599 22.525986610304557 -7.853898660058533 260.8004221795926
103.0682 24.827664729109934 -7.973085708586271 260.69733111890156
103.2765 27.09260695344974 -8.083198150026924 260.6189957720157
103.4848 29.337691544673685 -8.157656949020481 260.54975112944317
103.6934 31.516947369410055 -8.252552243602178 260.47898922787067
103.9018 33.707318365164255 -8.333271108991696 260.39826163208744
104.1101 35.87124618115077 -8.429294875952793 260.31444642591987
