0.0 -0.0 -0.0 -0.0
0.1037359 -0.006432750078825759 -0.00690077568783804 0.713474064481881
0.2073381 -0.012437166731664385 -0.009473263362019292 1.4442321749305251
0.3110752 -0.03228786007546232 -0.012120381530213161 2.1946663990600737
0.4146917 -0.05200829701375845 -0.017633063862942423 2.959923488214557
0.5184302 -0.07591128365020597 -0.02734369362560373 3.7456069093306312
0.6220448 -0.10524481491780324 -0.03468520731453978 4.540897300540754
0.8294199 -0.16608596009668364 -0.06239242431107333 6.192006920476122
1.03691 -0.24420316909062229 -0.07307595772604566 7.889760537858852
1.244242 -0.3411066602905385 -0.09175752452243116 9.619565806024037
1.451596 -0.4225931571404924 -0.11019826932299387 11.391980048595764
1.65896 -0.5255133567664159 -0.12998807391602957 13.199228607059043
1.762569 -0.5809378834967459 -0.13835394854181557 14.11482970460247
1.969923 -0.7035469424934458 -0.1652454406309824 15.97293963593642
2.177281 -0.8175899731291281 -0.19421321392207916 17.863543441568247
2.384639 -0.9430594577566928 -0.22244399936304704 19.77346193976505
2.591988 -1.0668954691676824 -0.24176066224287168 21.708096472581985
2.799367 -1.2057991421545529 -0.2681594079745513 23.66357997014302
3.006768 -1.3314633963084637 -0.28191752993190855 25.645318118882763
3.214057 -1.453886672121005 -0.29781056926814886 27.63010781069533
3.421285 -1.5728118507524895 -0.31204528861613623 29.652085745798896
3.628545 -1.6881584362656887 -0.3352867373373503 31.70314722792707
3.835871 -1.8044439391485414 -0.35030520572887 33.7497578565008
4.043107 -1.9439175381498983 -0.3720233631864579 35.81247926268502
4.25046 -2.09271111876374 -0.4040487134538903 37.892801699894456
4.45794 -2.2357115543927057 -0.4203398272635637 39.98421685319014
4.665293 -2.402077909738999 -0.4355177918597216 42.09582851914071
4.872532 -2.5421330688677712 -0.43915911549291975 44.16017424857214
5.079909 -2.6966748209689175 -0.44937806391759655 46.22760718731662
5.287117 -2.8446514930519773 -0.47254120219137186 48.294357150006256
5.494473 -3.004411970125373 -0.4925047882458657 50.31855351793642
5.701829 -3.1548601550971216 -0.5183857210019017 52.34165310826873
5.909185 -3.3021279684857214 -0.5405058647820183 54.36188503374007
6.116541 -3.4440276712122557 -0.5665569925025267 56.33865879924548
6.323895 -3.5882193430459624 -0.5849596007706996 58.30682314648449
6.531383 -3.7451704758540605 -0.5910609721541995 60.28554898066761
6.738741 -3.9068471660020734 -0.6023712826708294 62.196945119226136
6.945963 -4.076232164680912 -0.6240660374776484 64.09086440256287
7.153323 -4.241714189608618 -0.6573368707839673 65.91543593502453
7.360549 -4.404806492324795 -0.6834680889783293 67.680329989686
7.567786 -4.562672836472014 -0.7068722477645253 69.40579891818602
7.775144 -4.722986539800993 -0.7217656059044474 71.07288941023185
7.982493 -4.888847807754127 -0.7388168537782809 72.6907630526416
8.189849 -5.049596328801201 -0.7526150461340553 74.21524200993161
8.397102 -5.1983534888635425 -0.7638961595010705 75.66956834070936
8.604438 -5.35370874084783 -0.7916545073557971 77.05182818316152
8.811795 -5.470001972350044 -0.8129394806789452 78.3423392121175
9.12289 -5.656486162065196 -0.8536121993758674 80.14774788005805
9.537749 -5.8019724078449935 -0.8946073088149115 82.36420413025888
9.745342 -5.844450580574668 -0.9072487531679034 83.39142907803563
9.953059 -5.8020519311735175 -0.9168627486734424 84.36694571543707
10.16083 -5.697217421626201 -0.9442523842621773 85.29613992934453
10.47264 -5.404552659236131 -0.9624071266393874 86.60379829635923
10.68062 -5.106526040381631 -0.9753911822830206 87.40383910658603
10.88875 -4.7223731547339085 -0.9909075504036309 88.1330038394417
11.09659 -4.2452149417342255 -1.0077699807006735 88.78380952176607
11.30431 -3.6906723290536476 -1.0328560370337911 89.36035521218764
11.51192 -3.0711197782377226 -1.049344380529576 89.85153339410726
11.71927 -2.3949893301602643 -1.069472622060502 90.2598128737101
11.92638 -1.6902825531750523 -1.0932787298984314 90.60891309619392
12.13361 -0.9578046794038357 -1.1116359050057745 90.87264587873952
12.3406 -0.17770465751335607 -1.1207581035452756 91.06797168702239
12.54767 0.6090855628111704 -1.146486470729071 91.2815786359566
12.75469 1.4451613243773807 -1.181767994166493 91.4439337703503
12.96167 2.3271120012577633 -1.1898438574900823 91.54307698537133
13.16877 3.2682704859258482 -1.2086473178484398 91.65613533837134
13.37588 4.284879513903473 -1.2579244360419304 91.75235575083423
13.58311 5.360666961985542 -1.2960478590246378 91.81651652480471
13.79034 6.515079638424083 -1.330726116921608 91.87665431452614
13.99767 7.749642539052637 -1.3716485582246076 91.93612301351675
14.20492 9.05692799795993 -1.4143943400006298 91.98307672365048
14.41227 10.458756596134874 -1.455952546185157 92.022032906036
14.82686 13.518723138884837 -1.5581778827148318 92.09328505044454
15.0341 15.155271395629837 -1.6062111987385275 92.15141417288403
15.24145 16.856362462759023 -1.6558043700859177 92.23026169782517
15.44881 18.614705827692795 -1.7054373922794301 92.33902078580621
15.65617 20.40118488016938 -1.7627650023717958 92.46673055968859
15.86364 22.205069777695428 -1.8197805612893312 92.60383871019278
16.07102 24.025309181386167 -1.8954471743747643 92.73784871308274
16.27845 25.840479468958332 -1.9767177149793116 92.8647640534583
16.48571 27.656369662168657 -2.0527394668817056 93.00371379344523
16.69309 29.462415646237574 -2.130025798660004 93.13179026787309
16.90043 31.26946662262154 -2.1961421189969212 93.24093000138238
17.1079 33.04942007251384 -2.272048794646889 93.3245966514909
17.31539 34.81963502651804 -2.3320404192350397 93.3630479469135
17.52287 36.580598455804385 -2.3995312796434463 93.37286369157005
17.73022 38.3173687791207 -2.4588069578543825 93.34159186378518
17.93746 40.04848822081934 -2.5223606976689217 93.26393453006101
18.14482 41.744550717705245 -2.581197524668083 93.1678178601595
18.35217 43.40333986942062 -2.646176928815952 93.03190608880854
18.55957 45.027142809206666 -2.7058999309014506 92.86782798617527
18.76688 46.620113437985665 -2.7648913188100366 92.69145354664703
19.18141 49.61943625580264 -2.869869077514531 92.33377956340183
19.38868 50.99504939709807 -2.9189182500410693 92.18306224657907
19.5958 52.280267916500115 -2.9716965590701183 92.07487098416748
19.80291 53.49349964139812 -3.0266719732489054 92.02720778500311
20.01002 54.64377417281727 -3.0773942173091964 92.03351895824403
20.21714 55.77303260745776 -3.1192498778141915 92.11011418504248
20.4241 56.87423778200801 -3.162302581391475 92.27573813420575
20.63096 57.94399486270905 -3.2080242154669762 92.55520097477682
20.83796 58.95335397418962 -3.2413919879017405 92.94143972681434
21.04502 59.88088497680947 -3.270880173869772 93.43705267480146
21.2519 60.71616429101817 -3.3120802968456937 94.07634932041336
21.459 61.44644561199186 -3.337626231795374 94.82474816242008
21.7701 62.34403178837293 -3.3967085638192485 96.11217917475624
21.87395 62.58844170613561 -3.4084185556483373 96.58406510717678
21.97771 62.80248938161612 -3.4214554805642905 97.06555062628871
22.08144 62.98808957294711 -3.4386140184399023 97.56432796935115
22.28917 63.2923220725816 -3.4566556663358763 98.60178792484805
22.39317 63.42553095244965 -3.4566237189343276 99.13909870088179
22.60129 63.698520277439385 -3.458735866958024 100.23053461472672
22.70551 63.82907198866067 -3.4646926326032896 100.80019393501816
22.80964 63.94086224438962 -3.4705579798430506 101.38067216881923
23.22571 64.40465639784105 -3.4871988659688986 103.82590236391623
23.4336 64.68888690935007 -3.497668646108999 105.11709128351859
23.64143 64.98931504763127 -3.516043290838982 106.46088752618905
23.84899 65.3148570839816 -3.5440743730016875 107.87910102018547
24.05642 65.68957813057538 -3.5642467275119794 109.34652022104318
24.26396 66.07835864361068 -3.5780811965637245 110.84836859191397
24.471 66.46610523955489 -3.6005969773994293 112.38497068071463
24.6781 66.85381315153457 -3.619546725172166 113.99921225153408
24.88547 67.25613447114141 -3.6514499143564954 115.67706851020125
25.09267 67.6396706766703 -3.6726059878315347 117.39992164455458
25.2999 68.03824014642296 -3.6925479819221723 119.16933853469676
25.50725 68.44383287934158 -3.7259169929861122 120.99550069834982
25.71463 68.85168495038056 -3.754137571484223 122.87119981416254
25.92198 69.26439121999735 -3.7774452545978727 124.77067348658098
26.12923 69.65786784760752 -3.8083016928608666 126.70332963530325
26.33655 70.05305192275597 -3.8385682967843646 128.6511869589364
26.64767 70.70249455190213 -3.8866367214226196 131.60491473332235
26.85488 71.17395646163914 -3.933114383087129 133.5803491419602
27.06223 71.62850402371467 -3.977954417990355 135.54487752673725
27.37323 72.29573932485644 -4.035462933390372 138.48466362842632
27.58044 72.76561564120921 -4.075319470167557 140.39194548611118
27.7877 73.23145971480898 -4.1200186436927115 142.3626115405756
28.09865 73.87209384112823 -4.163481771521982 145.24443097024147
28.30587 74.3021935120095 -4.191711998492896 147.14583595866404
28.61684 74.92011443097093 -4.263070815622554 149.97935890872748
28.82422 75.28094198753237 -4.307660288103449 151.8751503559253
29.03156 75.65667007604787 -4.357918804482329 153.7628354831479
29.23891 76.02971145520948 -4.402618660611185 155.62773814957757
29.44614 76.39685627236395 -4.435460356510416 157.4823622739008
29.65342 76.73789922208506 -4.472224110750212 159.3791667483302
29.86088 77.04121326152088 -4.486433892572393 161.26357228664676
30.06821 77.32970117984891 -4.505621556754934 163.11302897756664
30.2757 77.60137257180423 -4.5252740940784815 165.0026257954012
30.48305 77.81332915913411 -4.559002406121753 166.91654665118864
30.6904 78.01415934375055 -4.586392429279801 168.8306070697725
30.89764 78.1740129975615 -4.6232595764093025 170.78335617017535
31.10501 78.30657684491459 -4.6466280799464545 172.73673454692215
31.31235 78.42084228502176 -4.660718065156605 174.67436100499023
31.52006 78.50375731168442 -4.680615360888462 176.6004393899419
31.72694 78.57958086433999 -4.701340815315357 178.53297698128637
31.9343 78.64769968959322 -4.715592173392252 180.49185868611232
32.14165 78.73075518409 -4.727906020761238 182.39694861626384
32.34888 78.76409182571165 -4.73482000450035 184.3255379679802
32.55624 78.78843928434225 -4.748892373658927 186.2849072937214
32.76373 78.79294556055247 -4.749385983854335 188.23914924407842
32.9712 78.76804651691529 -4.758179236791089 190.19076608427181
33.17856 78.7188739299615 -4.76957298062247 192.15430116969083
33.38603 78.6105637361714 -4.7806149449676925 194.13572719119782
33.59356 78.49886703211781 -4.767026517524913 196.09169162732294
33.80087 78.37843973725604 -4.777259751798077 198.04017155045153
34.00835 78.27085744573222 -4.791611798175872 200.0472160771796
34.21584 78.15950911451671 -4.793726459008071 202.03745383898504
34.42334 78.05644407210713 -4.809801256039668 204.00098552961109
34.63067 77.94317889442965 -4.834804156393319 205.98547650276433
34.8379 77.79623682985876 -4.868506937765894 207.96620356715562
35.04526 77.66142779694808 -4.880649572632131 209.91613038789504
35.25251 77.51187737374033 -4.902993279606986 211.86071454587008
35.45985 77.36222342808144 -4.921330686530379 213.77638033464603
35.6672 77.22121073184098 -4.941836988761645 215.6650604739055
35.87468 77.07326580988682 -4.9525216211760625 217.51600728950558
36.08208 76.93523574115932 -4.966073810249009 219.3385863198388
36.2895 76.80694783768082 -4.976073176123701 221.0810325717345
36.49688 76.67503201591953 -4.981308860344156 222.73549854485884
36.70436 76.56764235803196 -5.014983996362715 224.3101074916208
36.91177 76.46966150351992 -5.039021042787666 225.84874148106675
37.11906 76.3709615892603 -5.065470907249837 227.39069277838627
37.32643 76.31435338019972 -5.082851144342235 228.88576836515358
37.53378 76.27093629728064 -5.101476659682232 230.35967933721116
37.74103 76.2635682688568 -5.1344809461753425 231.8395439552666
37.94836 76.2898836754302 -5.173496124434638 233.31536897124846
38.15572 76.28899471046871 -5.19726608267177 234.78556716871933
38.36294 76.30416902398623 -5.205693796709498 236.2716117216798
38.57023 76.29257663338643 -5.219191084002487 237.76222186977017
38.77746 76.28340125064946 -5.240446638115131 239.24875537712015
38.98472 76.27777543207915 -5.259548856071998 240.76805724915718
39.19202 76.24263074020068 -5.2837399614315155 242.33017885240227
39.39932 76.22449250171411 -5.283110079500918 243.8909496294491
39.60673 76.16726633446248 -5.281824268173132 245.44530941764526
39.81416 76.1489017349648 -5.268653897960757 247.0403568318606
40.02144 76.1145437062838 -5.281965410286087 248.65016852317248
40.22896 76.07277481835865 -5.28340784685076 250.23233111615002
40.43627 76.02779474098323 -5.288740759045329 251.82938015621156
40.64362 75.97410618457077 -5.298521739012871 253.40685884007144
41.26581 75.81075213350337 -5.346748753409444 258.0320062489543
41.47327 75.77728996435549 -5.3627084375327145 259.4867663523515
41.68052 75.70201899230726 -5.370982344633912 260.8908608245464
42.0948 75.55437853054924 -5.38540203810488 263.37089087635616
42.30184 75.41100204761054 -5.390283061636911 264.51348111636867
42.92265 74.51729951395123 -5.431004502232926 267.64635890746973
43.12965 74.04771794485558 -5.438150481738207 268.5440345532279
43.33652 73.45955519134434 -5.45851805072233 269.35139453542513
43.5435 72.80866593803762 -5.46321556163859 270.0826168633092
43.75071 72.07765787154302 -5.44766394669097 270.73889682852723
43.95796 71.28352337358871 -5.417702091641347 271.29449207289815
44.16542 70.46700302857347 -5.379445530288087 271.74626210838295
44.37274 69.62535859077752 -5.33568366920264 272.11044146724106
44.58003 68.70043834877626 -5.271777917804569 272.4024648518687
44.78749 67.69407228438544 -5.213552033557273 272.59081116147155
44.99509 66.5894802313272 -5.156457066836471 272.7138121334844
45.41068 64.19452039045926 -5.032569422920885 272.748809318234
45.61856 62.891603221519496 -4.971089440043313 272.69409897798215
45.82651 61.51834759267953 -4.912415960955904 272.59481058350417
46.03457 60.06055600655357 -4.849620252430962 272.51019341853794
46.24242 58.512245217719396 -4.779818149228461 272.4147861615342
46.45021 56.86452462948079 -4.710183275297034 272.3207655205183
46.65781 55.123516346599175 -4.6385327041007445 272.22806508166553
46.86542 53.27532889384867 -4.5573816699372145 272.12246833411604
47.0729 51.312494304778845 -4.476754350667852 272.02169310960755
47.28039 49.247085719554356 -4.398169100374888 271.9315507727572
47.48774 47.106198722104025 -4.315949785736375 271.85225099130037
47.69509 44.91643784261744 -4.228518008453202 271.7502149586125
47.90233 42.737612253667166 -4.14214739717271 271.65568214327675
48.10968 40.55691866080524 -4.0601460280434445 271.55828218047026
48.31691 38.36545661469492 -3.970626975166149 271.4458806508377
48.52414 36.19697410067001 -3.874315761850907 271.32317277004086
48.7314 34.037838162027676 -3.7783999220005566 271.1821541285386
48.93873 31.876928395034483 -3.6852989145821837 271.0341921670646
49.14609 29.74981269594023 -3.613884541953383 270.861357460579
49.35385 27.64754008437303 -3.5369966718406998 270.7026061062556
49.56095 25.546631507683582 -3.474342715039116 270.5602603623875
49.76834 23.466577186259915 -3.4054374998870314 270.4305172474999
49.97576 21.40312115615957 -3.3356883363312586 270.3155661227892
50.18313 19.370369884061205 -3.266834725234217 270.2053139120013
50.39036 17.33345614140467 -3.1920385416996027 270.1113136305274
50.5977 15.30933541990665 -3.1177295969999146 269.9899557809989
50.80505 13.321410646164185 -3.0325052022069086 269.85670748354255
51.01241 11.351309203424375 -2.9592527263801602 269.7089695454968
51.21964 9.380379285267459 -2.8923518530173036 269.54841004325675
51.42712 7.429981358617976 -2.8236046194336497 269.3643574271911
51.63435 5.513957964814903 -2.7505926176105993 269.1616911932179
51.84186 3.636043900064628 -2.6766536152249554 268.9475462053805
52.04919 1.7886597283412584 -2.6042450139753117 268.74711489490164
52.25655 0.028367088931386064 -2.543291084958387 268.5520633142823
52.46393 -1.6604151926350035 -2.475875472255333 268.3723799228235
52.67139 -3.2841411695773353 -2.4192463008089504 268.22120169465893
53.08597 -6.298060329319631 -2.317012694957369 267.9562509644273
53.29322 -7.711048371615574 -2.261174020900369 267.8388700179284
53.91514 -11.410785387323399 -2.1214558898499605 267.65500239390263
54.12251 -12.486517492765861 -2.0865213046008484 267.6220607795979
54.53721 -14.365351913737843 -2.017891927277325 267.604947072305
54.74446 -15.167991179571409 -1.9897253194507816 267.6214326372538
55.05543 -16.172942867635005 -1.9507951771723981 267.64139927152144
58.68335 -18.852838899829056 -1.885424935068652 267.7896108198796
59.30542 -20.49637944276443 -1.8681599329418777 268.0941635491796
59.82423 -22.104593214162364 -1.8450696165108664 268.7097464684975
60.03212 -22.79197224722313 -1.836310742594713 269.07556422666653
60.23977 -23.476412075403374 -1.816447172554403 269.5487873232761
60.44719 -24.116821323561368 -1.804426458475711 270.15776075485405
60.86228 -25.296869133032118 -1.7579779477482012 271.6840047810066
61.06963 -25.791550622767915 -1.7554742162276913 272.6623398815144
61.27685 -26.192251161078758 -1.7627345734498583 273.76017935557803
61.48395 -26.51903687788093 -1.7519525360759793 274.9742421536486
61.69106 -26.76536685300312 -1.7584779991681918 276.31706530089474
61.8979 -26.953899138110714 -1.7719461260701377 277.77460883251797
62.10479 -27.065185309001315 -1.7888304478147226 279.3282388603798
62.3115 -27.15979231789891 -1.8046771119375715 280.9839505401787
62.51823 -27.235256773464954 -1.8110458452856686 282.72090495086593
62.72522 -27.30033758082685 -1.824066763441338 284.5459154951854
62.9322 -27.361882459368278 -1.8378809754679974 286.44598420574107
63.13942 -27.428251429050412 -1.850158148051874 288.44213443376907
63.34653 -27.502351784901226 -1.85225617132462 290.5156675125515
63.55389 -27.57213058721305 -1.8683347944494413 292.657467696949
63.76125 -27.65612290441664 -1.9045019782733763 294.86448691688474
63.96862 -27.752031778487346 -1.919774752509568 297.15273558772753
64.17597 -27.833662082900897 -1.933746527557563 299.49469374397125
64.38318 -27.910915934674236 -1.9505991756105756 301.8866933935513
64.59071 -28.02072086510465 -1.9941770686525553 304.3366171004206
64.79794 -28.131851234021813 -2.025730740754901 306.86998787535987
65.00534 -28.24834020158883 -2.0607097901375235 309.4674968465569
65.21283 -28.352357917258836 -2.0675662692725165 312.09242817620816
65.41985 -28.46127340625887 -2.109978944617185 314.74817605549845
65.62711 -28.585836581658555 -2.130383135168121 317.47193615690804
65.83443 -28.70759111548943 -2.167288428028588 320.1699076646187
66.04166 -28.863504952503426 -2.200952839613222 322.8532208978189
66.24894 -29.032789431438022 -2.2428246306773 325.56719151171234
66.45624 -29.198057398804686 -2.2960292807766534 328.27508781941816
66.66359 -29.371542231177795 -2.329999023153982 330.9677159211743
66.87096 -29.51680756573466 -2.366000025866814 333.66309482560837
67.07831 -29.694048234019785 -2.421076373487013 336.3129430587383
67.28567 -29.851411506065553 -2.470337609676282 338.9670238627173
67.49297 -30.02629090369745 -2.5292947319815164 341.59023622714955
67.70027 -30.20101516422072 -2.549255224041746 344.2086939574971
67.90759 -30.36624690508913 -2.5784430155474625 346.8293588321579
68.11497 -30.545825835142978 -2.595169224684486 349.4197844332017
68.32222 -30.705474173429153 -2.6394894432548623 352.03948459945747
68.52959 -30.857982867044626 -2.685243701040409 354.6541567614159
68.73691 -31.01017608595994 -2.723118672682701 357.2839455080974
68.94427 -31.17883820070893 -2.7669348482162732 359.9214281069328
69.15162 -31.33449355053432 -2.7906938702807387 362.5863447401383
69.359 -31.482591352984986 -2.8242720017742915 365.25701388329014
69.56633 -31.6472951096041 -2.852847539118168 367.97292249709506
69.77371 -31.80684533764292 -2.885330708123499 370.6762629714731
69.98093 -31.951747935004377 -2.932548833531924 373.41192538202273
70.1884 -32.110603925520664 -2.961929591088277 376.1497324512188
70.39563 -32.25314189779012 -2.990194544744539 378.8642628916991
70.60299 -32.383707297951574 -3.0223575631417523 381.5519649688422
70.81037 -32.52110125756887 -3.0661842867719997 384.22582188189295
71.0176 -32.68041348564495 -3.0843248216440027 386.92431215866696
71.22482 -32.81596858903137 -3.1131512878905703 389.56873449330726
71.43216 -32.95434942278327 -3.144248688648249 392.1813416811369
71.6394 -33.09482498420378 -3.177061085310326 394.72332844610145
71.84665 -33.24667721171574 -3.211993695589994 397.2718364789205
72.05392 -33.389290055927184 -3.2233012088795068 399.74706045894396
72.26124 -33.535755038862355 -3.2483347355123753 402.1767240434982
72.46845 -33.70698928526274 -3.272881126072191 404.539970978179
72.67572 -33.87676634369128 -3.3029322718595098 406.86610828759734
72.88304 -34.031636709363845 -3.3307338720046493 409.1210223047062
73.09051 -34.183995738061114 -3.3569783329544602 411.3063946536813
73.29787 -34.31667753183095 -3.38848530753084 413.3960284345281
73.91984 -34.629984995306 -3.4635020467847246 419.0757770541751
74.12717 -34.69255425374607 -3.4914608690586846 420.71798692262274
74.3344 -34.76722535053025 -3.507547749890983 422.2719660701964
74.74886 -34.91394052268239 -3.5549604842589675 425.03118086066627
74.95596 -35.01739503422452 -3.5677208083282803 426.2405358994145
75.57707 -35.56004660143365 -3.6111662066154198 429.4969034628192
75.78377 -35.88541078480803 -3.623735381057755 430.4902208191794
75.99062 -36.32678328663451 -3.6152387276338436 431.4242874603306
76.40446 -37.35241096835023 -3.599572015607805 433.07453329584575
76.61134 -38.07547372862973 -3.575324458333556 433.85794681023697
76.81844 -38.890649731836845 -3.5331834417270542 434.6188716112756
77.02553 -39.84309291479977 -3.481084663960992 435.3080995051015
77.23263 -40.927406212565046 -3.4088760288760014 435.88589096324364
77.43986 -42.146111640907236 -3.3575041543820277 436.29582088327686
77.64709 -43.44703589750745 -3.301405536862588 436.59832277910186
77.8547 -44.84439535265153 -3.2430090232159587 436.7110908667733
78.06256 -46.329590126060054 -3.188364207094242 436.6473925072838
78.27066 -47.87662633184915 -3.1118826907217234 436.50233406338947
78.47901 -49.494640066170355 -3.031578855257889 436.3227367825003
78.68737 -51.12785962391918 -2.9502107506179174 436.1100068519262
78.89561 -52.81507284242101 -2.863062725776684 435.9176722161378
79.10361 -54.59794175413863 -2.806708271618263 435.73510792593254
79.31138 -56.441692678118834 -2.738110415796619 435.5327054267666
79.51897 -58.33696626722697 -2.665515105927211 435.3198823828105
79.7264 -60.322149056778855 -2.586666048984287 435.11782334892445
79.93387 -62.38511830563937 -2.513411446713463 434.9111965602724
80.14127 -64.57610554636841 -2.4093525114340713 434.74326253994013
80.3485 -66.85038043795157 -2.293969902790518 434.59502609029033
80.55583 -69.18358834476356 -2.200962062521655 434.45010798840985
80.76319 -71.58829179664028 -2.070682088668497 434.3109582788992
80.97042 -74.02695650675508 -1.9516868409419974 434.16196399265414
81.17767 -76.48432967834273 -1.8374064545492304 434.0291341291398
81.38503 -78.97906742246411 -1.725213954746891 433.89842074454543
81.59223 -81.46370528481907 -1.6141238352631642 433.7549953441
81.79947 -83.94455394764252 -1.4997930184336727 433.604731018738
82.0067 -86.38987281932351 -1.3760918364645245 433.44307737485826
82.21407 -88.8090418471942 -1.2738046100461604 433.2839668045838
82.42141 -91.27932464483845 -1.1553447949743245 433.1093120862316
82.62878 -93.7073781695816 -1.0398329911197433 432.8866215229361
82.83614 -96.08668464252159 -0.9268016573756279 432.6772742878538
83.0435 -98.48307697880136 -0.8119778017976005 432.4513553613496
83.25097 -100.88377469565776 -0.7111127817395859 432.2500499463515
83.45819 -103.24777199911242 -0.598606233823149 432.04075233014356
83.66555 -105.62376570849665 -0.5019942127534565 431.8455852995008
83.87292 -108.00429480840273 -0.40376125445179945 431.6761449135534
84.08013 -110.36983379800527 -0.2887376744921779 431.53556602012117
84.2876 -112.71366011327925 -0.18358599495332228 431.4242268732004
84.49476 -115.04206141725867 -0.08383497868044998 431.3338379524604
84.70212 -117.36947746282713 0.014254915412460711 431.26379745210386
84.90931 -119.71140066440601 0.11832049924746624 431.22745290865345
85.1167 -121.994351019813 0.22645669255141776 431.2108654274925
85.32408 -124.18329227868827 0.328124831151003 431.20671332203955
85.53134 -126.28148710477812 0.4130917940179071 431.2132732400068
85.73867 -128.26121923336655 0.4834751139902673 431.2067450064244
85.94605 -130.13408019445856 0.559724522541523 431.1978571588119
86.15319 -131.86706508453472 0.6206203731330913 431.16619256735544
86.77514 -136.68573019047267 0.8066466449501499 430.9102057743903
86.98251 -138.24517261514416 0.8728037450422006 430.77842160976667
87.19018 -139.7906631644272 0.935011160961948 430.62547701856727
87.39722 -141.34312773976956 0.9835521091648043 430.4505254354355
87.60456 -142.93509608554095 1.0264896946304876 430.2673296154945
87.81198 -144.5550872066172 1.0704582692471867 430.07382287995773
88.01928 -146.20470604120675 1.1193461699383125 429.84866412073114
88.22662 -147.91015230866932 1.1679184966611338 429.6331086555826
88.43433 -149.67369971405088 1.2219508729862647 429.3981757062615
88.6414 -151.5201156883473 1.298510933143893 429.15518925507365
88.84889 -153.42920585028017 1.3979364947415283 428.9068187658965
89.05617 -155.3703802073102 1.4972315419822513 428.66904099518615
89.26354 -157.42680414057583 1.6229064777260263 428.4548563661596
89.47088 -159.6275050841317 1.7282147998619486 428.25561606599246
89.67823 -161.8030733025598 1.849037769611912 428.0551153624928
89.88559 -164.08324488489905 1.9749741827588396 427.84243617680795
90.09295 -166.47259022166327 2.0644174036578677 427.6580771929026
90.30045 -168.89377574941486 2.164089057312996 427.5166695618039
90.50779 -171.4118060368244 2.235571197192508 427.4400475726846
90.71514 -174.02332846753438 2.324068016042008 427.37632401975
90.92238 -176.65149890522895 2.4395350230639963 427.3200162130422
91.1296 -179.29496708443534 2.5331944690266663 427.3064331090143
91.33684 -181.96380745642952 2.627118949395154 427.2663551463566
91.54407 -184.65217946127453 2.727641405279087 427.2069491903024
91.7513 -187.31491006337163 2.827511383290294 427.14332890444405
91.95867 -189.95395652112114 2.9187265654170096 427.07121756685285
92.16588 -192.62648530633166 2.988638120875965 426.98804783493904
92.37311 -195.24932008113362 3.080148874412558 426.85691243749267
92.58047 -197.85895957076184 3.1795430639473325 426.699148649373
92.78783 -200.45287078656278 3.270774144013414 426.5585031227355
92.99493 -203.06951898606835 3.369051518574568 426.41771644474795
93.20216 -205.66187289360317 3.4606365872689526 426.24047945398706
93.40939 -208.20989605924294 3.5665464296127887 426.04642247613276
93.61675 -210.74756127353348 3.647639742945148 425.8685864704945
93.82412 -213.29231029296395 3.7458673234080404 425.6805821531326
94.03155 -215.8157041771898 3.8700459232966615 425.49231695558865
94.23882 -218.29680288631488 3.9770622469139454 425.28240337981936
94.4462 -220.78904756064438 4.086079307516047 425.07714567279413
94.65365 -223.2602020930015 4.193923901443592 424.9134915554763
94.86103 -225.7046758252353 4.290400371051474 424.74050855494926
95.06825 -228.10890405456954 4.401947331683363 424.5799343402629
95.27559 -230.43686487756523 4.50699758408067 424.42815087387436
95.48285 -232.70148477626046 4.611823669131706 424.2755649310996
95.6902 -234.87482186126505 4.702609631696756 424.14105320445077
95.89742 -236.92540924435662 4.7888661072593095 424.01887160467953
96.10478 -238.91374149720983 4.865452072420917 423.91120214212486
96.312 -240.77017118866274 4.9366041829874625 423.7810075360515
96.51944 -242.50236067306847 5.003936961770096 423.6462306519397
96.72661 -244.14918318101982 5.073619701342075 423.4969617269978
96.93383 -245.73423836502937 5.1202980802117395 423.3499608745961
97.14114 -247.22991285324937 5.181276081251166 423.179800120549
97.34816 -248.68747379281294 5.238227358871586 422.94846302786505
97.55502 -250.0723009804426 5.2953382007261265 422.6358541625867
97.76187 -251.41219730474603 5.341290235624511 422.21786596585764
97.96862 -252.6662358852094 5.384914341859462 421.68219667241664
98.17532 -253.83575215965064 5.428781416137269 421.0173017074466
98.3822 -254.9210822616445 5.486926116225334 420.2067113248342
98.58919 -255.89466993787903 5.533617484121733 419.2455418356326
98.79615 -256.73886561727636 5.595506151641379 418.12819023957013
99.00328 -257.4507078439177 5.655626693206052 416.86523441165843
99.21063 -257.99863952099804 5.689752386210381 415.4683966023788
99.41837 -258.4431309787561 5.748855864181708 413.9461371903258
99.62559 -258.68806866454827 5.8129384075639905 412.3137212180069
99.83345 -258.7998860126123 5.863101944064612 410.5759023694926
99.93756 -258.8221435210318 5.888018190114137 409.6771346146297
100.042 -258.83667867779485 5.925799096121544 408.74334758801933
100.1458 -258.84397518229065 5.95408412571946 407.8028492130568
100.3539 -258.8389645635154 5.991254620581934 405.8839341141449
100.5618 -258.77216806168354 6.029049607097118 403.8892159180713
100.7695 -258.6149957117725 6.049494894054902 401.8081412244325
100.9772 -258.44940156647806 6.069939847859586 399.6553902274234
101.1847 -258.2605774218915 6.078152995839748 397.42256821423626
101.3922 -258.0442509878454 6.100671738130308 395.1100904749307
101.5995 -257.79478711762226 6.115412255766915 392.7207489673483
101.8069 -257.50961922891196 6.145367898443108 390.24082511952287
102.0144 -257.2063230256468 6.167739197228089 387.71004915627066
102.2218 -256.9047225066063 6.186227736707908 385.10416786936594
102.4293 -256.60604595578104 6.169154930013054 382.3516180811599
102.6367 -256.29139147409313 6.187607378109422 379.6723946009219
102.8441 -256.0102590579332 6.208025099460711 376.9062098253991
103.0513 -255.76564149323377 6.239766266629941 374.14435406701386
103.2587 -255.50361860644762 6.296707248347639 371.38688197564727
103.4665 -255.2563376311109 6.349266682282201 368.63496831001504
