0.0 -0.0 -0.0 -0.0
0.1036117 -0.005218003208586026 -0.02083444069292875 1.3010611284808986
0.2073529 -0.012953866317548367 -0.03112043666910077 2.589961028089108
0.3111179 -0.02672382269280952 -0.0399855587379082 3.8856030395966465
0.4147131 -0.037287575822311174 -0.06160470336488552 5.169841844270644
0.5199468 -0.0509951841392565 -0.07350221614020612 6.4564351526767405
0.6220911 -0.07010875059586202 -0.08864948557267294 7.724450418047437
0.725703 -0.08576419993354624 -0.1040425401519419 9.009967309890834
0.8294654 -0.1032112376114655 -0.11687606707889572 10.285000504018393
0.9330382 -0.12710244240719443 -0.13099679870654005 11.554574790670541
1.036778 -0.14476966036331299 -0.1487632302038123 12.816426768047211
1.140398 -0.16829185853573808 -0.1635720751025183 14.093923209679419
1.244137 -0.193270418007032 -0.1744966137893154 15.355589856926048
1.347751 -0.21911177424012485 -0.18801255229313585 16.62257027274666
1.555107 -0.26911666828387515 -0.20877894489339416 19.114784679271622
1.658847 -0.3006123309965242 -0.21535864165264892 20.360228456024522
1.866202 -0.3599832309409131 -0.24237473732250522 22.84610312694023
2.073559 -0.4119560852162841 -0.25954353252460094 25.29999627336072
2.177298 -0.43584887085981017 -0.27193112810144554 26.51881263087345
2.28105 -0.45910477376722864 -0.27573540722299217 27.72876943045083
2.488425 -0.5011043132627409 -0.29486664078091807 30.119277037424652
2.592012 -0.5288135973243087 -0.31650633063456296 31.295099865220458
2.799368 -0.5707070472174071 -0.34409511244472074 33.60834047011941
3.00675 -0.5968565490651496 -0.3656370710883506 35.85589256165646
3.214204 -0.6166357483232207 -0.3842829732786941 38.06767697827424
3.421685 -0.6233538568650641 -0.40803129027102814 40.21348700309109
3.629166 -0.606020986982893 -0.4340905603750085 42.30789417622704
3.83666 -0.576204559357752 -0.46301900153144826 44.37773190129247
4.251862 -0.40272898389990797 -0.49879043989293664 48.3976928480819
4.459611 -0.23926856830748644 -0.5204496901000502 50.29545054541017
4.667325 0.0068597144587965175 -0.5393675840154886 52.15953002820154
4.874947 0.33393936653839873 -0.5464731907786796 53.984821089014204
5.082534 0.7401751459596451 -0.5564046763194368 55.733748799472544
5.290138 1.2242826809170442 -0.5608279940913082 57.408008590711894
5.705475 2.4259486539191464 -0.5826843167067446 60.58718984554158
5.809345 2.780551461904217 -0.5795158937771108 61.324325444714304
6.016968 3.5590034493209437 -0.5917521915894828 62.76875394727162
6.224565 4.423014161486865 -0.5856045490249788 64.15508552645218
6.432181 5.366612432879961 -0.5848161191855121 65.45560338998357
6.639619 6.41177618440069 -0.5972985699630078 66.67829850721974
6.847019 7.5317200827958395 -0.6019973448529028 67.81486420722062
7.054434 8.721932117091214 -0.6198033756661004 68.863215811463
7.261837 9.993853420176784 -0.6413403886938955 69.83416722167667
7.469315 11.340083144206893 -0.6572013521812279 70.72081108644822
7.676672 12.785968542072052 -0.7024767430831674 71.51543123642531
7.88415 14.290810681151047 -0.7580380224543436 72.21877420426391
8.091556 15.850315284575704 -0.8176668924796192 72.81071902857755
8.299053 17.489729782647657 -0.866208959979373 73.2763325489576
8.40273 18.32534016100238 -0.8898371756851851 73.46051730609979
8.506356 19.169890613801655 -0.9137412967964347 73.61228664478539
8.7137 20.901635913049105 -0.9661314626436669 73.83052083412163
8.921074 22.65871073637363 -1.0314801594040965 73.93308598885486
9.128182 24.44636806536707 -1.0964486548182188 73.9400121276029
9.335267 26.24446582150424 -1.1620757277451257 73.88388423704076
9.542373 28.02983187681736 -1.2353648126242809 73.78061126275325
9.749609 29.835383878234985 -1.3220734927343927 73.62411752521749
9.956711 31.65420667184988 -1.4265536647794352 73.46792713845288
10.06045 32.57161711653846 -1.4848754009293628 73.3863498962965
10.26768 34.4016683930854 -1.6077855290752978 73.20550668687459
10.37145 35.32349878976949 -1.6718971710290875 73.11873647480712
10.47504 36.24086667615594 -1.7380310302514763 73.03350207391736
10.57878 37.16597344117366 -1.8045275918480774 72.94583682452866
10.68242 38.09288192699779 -1.8720894163105053 72.8493903109382
10.78618 39.013789476795914 -1.9332038445794262 72.75072345847677
10.88987 39.942729920746444 -2.002807031434895 72.65042782819467
11.09727 41.81136578709876 -2.141600851647979 72.45222342927562
11.20102 42.74289774352935 -2.2212480549061917 72.34950673958475
11.40845 44.63328079388955 -2.3830040003424546 72.14083276936098
11.51214 45.57724046729397 -2.4578895672843286 72.03158847118483
11.71955 47.474897210847054 -2.612708422068001 71.79651028391211
11.92703 49.401129826128866 -2.7684771815331475 71.55043328409297
12.13451 51.368344573276 -2.930770276730465 71.30610124934222
12.34189 53.312724029254305 -3.1039151620127154 71.08307379273276
12.54922 55.27927873885027 -3.2641670641468226 70.84584759435434
12.75659 57.27992430243035 -3.4105855215116714 70.58237239493671
12.96381 59.26649230873541 -3.5440997101922824 70.32006611394011
13.06755 60.262474613945315 -3.6155001656312216 70.19261717985538
13.17118 61.26097128843438 -3.692610422657125 70.06905684014961
13.27491 62.26983274857631 -3.773213654796246 69.94646366514085
13.48241 64.30494844204043 -3.931075823223808 69.69663316374476
13.58601 65.32125069616653 -4.006444049943209 69.57578910506231
13.68975 66.33883203452825 -4.082437607661156 69.45577214546861
13.79348 67.35857542144194 -4.158617922354924 69.33049985677701
13.89712 68.3826952832549 -4.241507500364477 69.20780462480869
14.00084 69.42315487965973 -4.323445562856673 69.07951548130748
14.10445 70.45820617259209 -4.402523008727453 68.95528910700556
14.20807 71.48967566140074 -4.475071757641458 68.83703790725089
14.31181 72.52690745837414 -4.557017365879907 68.71143445627628
14.41543 73.57004433231087 -4.639419278497288 68.58507392121714
14.62278 75.67170362050747 -4.802077665012911 68.3356283845969
14.7264 76.7300211463344 -4.881078335326494 68.21288987293019
14.83014 77.7917286288779 -4.957507817692841 68.08372392027059
14.93376 78.84465053644541 -5.041288815108132 67.96535684291244
15.14111 80.99790356712992 -5.1945774559646845 67.72318517118308
15.34849 83.15421043947507 -5.350289385776563 67.49201550126604
15.45231 84.24183832222025 -5.43473070748744 67.38180796902657
15.65967 86.40972722355055 -5.596594270169502 67.14955795776415
15.76346 87.50843805323257 -5.680559001300718 67.05120985204893
15.86717 88.61813839617635 -5.759884969569425 66.93110051150033
