0.0 -0.0 -0.0 -0.0
0.1042283 -0.0010580697853018381 -0.013099227926315187 0.498563000093452
0.2084765 -0.0032866766004716647 -0.020616802962073813 0.9926739927453243
0.6254761 -0.021287628063553526 -0.06546816604964015 2.980119088852748
0.729727 -0.028022605875086603 -0.07743019682299043 3.494269512108845
0.9383588 -0.045199177069804565 -0.10604338045533612 4.537647507608857
1.355354 -0.10764191454592838 -0.15727171875094237 6.735343436860628
1.459603 -0.1260176683345482 -0.16693120872897027 7.329053956738352
1.563854 -0.13912174188514947 -0.18337281683654905 7.924283815320596
1.980855 -0.21929051608368377 -0.20332908142352749 10.418543289645033
2.189354 -0.25691624350258296 -0.2146838876597206 11.787712305857868
2.397855 -0.2970788617878246 -0.21615719612709797 13.202587657945987
2.606377 -0.34098915663040613 -0.21345409267403476 14.677691199870043
2.814856 -0.37528267897805245 -0.23049062134326714 16.209729751345986
3.023358 -0.42029879351299837 -0.2569608759400096 17.813197614410235
3.231728 -0.4614238169764231 -0.2950217000023117 19.467628162374684
3.440232 -0.5171528949444216 -0.3378537638867997 21.173064029695936
3.648605 -0.5660043176475215 -0.3889503729425614 22.9146804396649
3.856982 -0.616657154106494 -0.4373745979987217 24.687801562565923
4.065354 -0.6715997356990435 -0.48474768677948543 26.483472663501956
4.273854 -0.72100634058829 -0.5328564839254883 28.313449526400344
4.482232 -0.7744627041954999 -0.5799460323214984 30.170317590376712
4.690605 -0.8299392737927986 -0.6231729054176043 32.05816044019955
4.898858 -0.8945244161121155 -0.6593857620747874 33.96560730629123
5.107234 -0.9572362644434682 -0.697628213277327 35.888579084197595
5.315611 -1.0263432815426152 -0.7405355090411381 37.81335216390125
5.523983 -1.1006679457303912 -0.7781017815059598 39.73430812389346
5.73248 -1.1712267458291485 -0.8190425045956798 41.65839301961827
5.940858 -1.2381870382936158 -0.8612630349120973 43.59610168780768
6.149354 -1.2982877692868353 -0.9003680681256514 45.535775931792095
6.357731 -1.365231535778705 -0.9390253889777276 47.47769928173801
6.566109 -1.4272663906573428 -0.9909495559211408 49.42081341384851
6.774485 -1.482605282292962 -1.0425148691598296 51.37413009698609
6.982859 -1.5409694575652106 -1.0902001226615783 53.33478694175954
7.191236 -1.5943708635748768 -1.1237424858406748 55.30081679328502
7.399507 -1.6564042156302348 -1.1690558592104723 57.25590985101789
7.607858 -1.7181039280311838 -1.2211004798673377 59.217660140536935
7.816232 -1.7844875861466452 -1.2817247552374944 61.19168244319144
8.024607 -1.8402873679140213 -1.3203342409769805 63.17082357522651
8.232862 -1.8943495434250093 -1.3682938076787832 65.14674763296797
8.441112 -1.9501222944607104 -1.412238150057121 67.11484313659268
8.649487 -2.0161859229091013 -1.4586484858908242 69.05711064349998
8.857735 -2.085210888368092 -1.508366781522437 71.00674959802981
9.065987 -2.156139116857645 -1.5508952651021013 72.9515360794991
9.27436 -2.216436947055646 -1.5825732676030377 74.8720652928971
9.48261 -2.2842236020539497 -1.6195778437811894 76.75875195369326
9.690863 -2.3504693467564763 -1.663670660891788 78.5914809983943
9.899109 -2.417170914588509 -1.696927485782454 80.35276032244003
10.10749 -2.4972580983208097 -1.7280304954549828 82.03012264861573
10.31574 -2.58745711309873 -1.75589612880872 83.63065015512348
10.52411 -2.6809182432567984 -1.7855654247795947 85.13932687168166
10.73249 -2.7837683653971785 -1.8114629254528105 86.55684520881726
10.94086 -2.8856805669970593 -1.8404144252509567 87.86035557981047
11.14924 -2.9898171745011575 -1.8675675848277749 89.0462531804352
11.35776 -3.084737226263768 -1.8992098684530085 90.13543106946906
11.56636 -3.169019237744595 -1.932271735102932 91.13720032188428
11.77511 -3.2138932738144534 -1.949171715692577 92.06855377751057
11.98386 -3.222786850200765 -1.9694171325304781 92.91452173535642
12.29711 -3.17501172840267 -2.0017962099259257 94.07473931590772
12.50612 -3.0853235549898086 -2.0234685549530047 94.80535950725194
12.71524 -2.9456735242712693 -2.046607810605992 95.50281070914906
12.92437 -2.751259719694822 -2.0727235502288797 96.16814699155363
13.34237 -2.2258490324271563 -2.127316487538487 97.40005273260505
13.55124 -1.873052641087007 -2.1532671265227954 97.95201060564548
13.76001 -1.4662884570294068 -2.1813356056529116 98.46088150109921
13.96874 -1.009953849964056 -2.206414056694023 98.94358463071183
14.28178 -0.1943292917695203 -2.240933691917626 99.56223291060857
14.49049 0.42922595443553035 -2.2617491988574767 99.9206747852943
14.69911 1.108543834589753 -2.2923954923594883 100.2126529298494
14.80337 1.458530322354349 -2.3082913434122996 100.33063732986925
14.90761 1.829744332223889 -2.324954981901728 100.44637004289216
15.01199 2.2151245717531545 -2.333324528740053 100.53612758317485
15.11614 2.6199755898959474 -2.348062934684511 100.61672315451767
15.32424 3.481117588578357 -2.3814708024739306 100.716681840151
15.53212 4.405878077273238 -2.4110411932211275 100.80628168302846
15.73989 5.4164514380197994 -2.4442392457596998 100.8828839496204
15.94776 6.506361547128501 -2.483705750849909 100.88762696613196
16.15571 7.669481070529325 -2.511775350239171 100.86280361216055
16.36339 8.922033511371886 -2.5425272352522303 100.83438042013539
16.57099 10.248095339418372 -2.592427352040551 100.79362761263562
16.77864 11.661823540976698 -2.6421391597857795 100.779971166588
16.98649 13.143388962209007 -2.686587772888371 100.75295759673418
17.19462 14.69939107913961 -2.734916536456987 100.73509247484085
17.40274 16.30215439136313 -2.790471225782587 100.70770965019852
17.61087 17.935236451210873 -2.8435489293114062 100.68087701246698
17.81912 19.610482270662203 -2.8872532946325022 100.64447138120605
18.02749 21.313917474893554 -2.940979073763783 100.60977770540148
18.23576 23.037406675955232 -2.9920548266043236 100.56065314299434
18.444 24.796683936233944 -3.0525672252093328 100.52474341226672
18.65237 26.580983372508786 -3.109479189392064 100.48824758288048
18.86074 28.32183152056895 -3.165192649448538 100.43955483770503
19.06912 30.0573960954912 -3.2170722915319105 100.38872435748534
19.2775 31.80900971452199 -3.287010159930347 100.34002599414791
19.48591 33.520495619130784 -3.3420022316855458 100.30304911161284
19.69439 35.20872486016381 -3.3948613755454855 100.27142773285124
19.90293 36.88656060719313 -3.450024688649191 100.2304280259994
20.11141 38.545655860897575 -3.505991946070763 100.18416931159675
20.31999 40.176395398264944 -3.5562091297561396 100.13166601609744
20.42461 40.982055696883194 -3.585270539096492 100.09828294384079
20.63312 42.58070107748468 -3.6369284931454424 100.02463440372829
20.84131 44.16122737970264 -3.6876506981939055 99.96122970266478
21.04975 45.689696741062555 -3.73289527772822 99.89529534610269
21.25828 47.14832257398495 -3.7779162695851753 99.8246603874996
21.46685 48.595325345110595 -3.825981566319805 99.76522571573031
21.67551 50.01976182915575 -3.8752584843193647 99.69356709545838
21.88389 51.42987905639288 -3.9259439736639097 99.63454895914012
22.09253 52.824973309278626 -3.97825598291548 99.56760352778785
22.30121 54.20541342648421 -4.024911498275548 99.50110458833723
22.50977 55.567753287269326 -4.069445701474682 99.41379340659452
22.71892 56.92875175795863 -4.109765607105972 99.29962370889943
22.92691 58.314478722319606 -4.156898587823364 99.18247959235337
23.13572 59.731868857472364 -4.2007758366460095 99.04459234003652
23.34394 61.191530319792705 -4.243698800749382 98.8944013952846
23.55238 62.67701832580737 -4.283916478175194 98.74168784357299
23.76076 64.17286819178346 -4.3258690010329435 98.57434802450524
23.96926 65.69510494962013 -4.369221724808489 98.39316250671203
24.17766 67.23581108938589 -4.422779644611943 98.22926084008154
24.38617 68.75785680922257 -4.471873633695292 98.06035836698376
24.59463 70.28171936038031 -4.5202819204431615 97.89372950287438
24.80313 71.79811045501039 -4.569576753920489 97.7086104712979
25.01202 73.3032621865077 -4.6178604285581555 97.52696342947671
25.42874 76.40328524679866 -4.714670987420841 97.140278050453
25.63714 77.9903583984 -4.756318117719921 96.94269566583746
25.84577 79.59496492174038 -4.802730280943809 96.71797251696964
26.05425 81.22007246120279 -4.846819706633347 96.49634944314123
26.2628 82.86727307145114 -4.902756430068393 96.25854976963389
26.47127 84.53966439503506 -4.9664641234049025 96.0195323649919
26.67976 86.24527355231794 -5.026735496084929 95.78588908892979
26.88831 87.97859989597569 -5.0834338872111475 95.55421334257551
27.09669 89.70963126671576 -5.136475757070973 95.3315982874676
27.30519 91.45036112352327 -5.1873528476838215 95.11149650869815
27.51364 93.19575301240616 -5.2493372513102905 94.90226778125744
27.72241 94.96789189214627 -5.31533080138262 94.68673306373563
28.13915 98.46405563109101 -5.450145304066357 94.25275213467717
28.34763 100.20821042647418 -5.509907067598948 94.04189911991392
28.55614 101.94628971391161 -5.571465570486347 93.85164549168103
28.7648 103.66313706292583 -5.637026538385586 93.66665912060726
28.97327 105.3550942767746 -5.696969757964744 93.47371595304813
29.1818 107.03689125771544 -5.764466712374532 93.26694907725076
29.39027 108.70207004423602 -5.836983637209224 93.06656266680804
29.59879 110.33947660469279 -5.913005287193467 92.86617279284013
29.80727 111.9599319274984 -5.9927479644185215 92.66424460107679
30.01591 113.54991929689477 -6.063882630118002 92.45192174118083
30.22442 115.12884592950664 -6.142686446781267 92.2296376712024
30.43292 116.69074108695807 -6.221438681164914 92.00721425248493
30.6414 118.23146638041067 -6.305955788530025 91.77354618696049
30.85003 119.78074164616021 -6.394351484555548 91.53179877205731
31.05839 121.30834745095987 -6.4807312293527355 91.28753288572368
31.26689 122.81934966452965 -6.56811305727542 91.04770946841653
31.47539 124.31596338397529 -6.665854685692192 90.7880357619091
31.6839 125.80030240640988 -6.762548109254772 90.53270834441724
31.89259 127.29288744270025 -6.860322052193669 90.25420197180684
32.10122 128.75983292404842 -6.957548590655781 89.95885098592034
32.30993 130.21276372150112 -7.046205567375644 89.63835460956673
32.51859 131.64729156736695 -7.137200740259313 89.27177597637044
32.62292 132.36342575847578 -7.184049521620288 89.06875751700248
32.72714 133.07700048250348 -7.234237928121413 88.8568806956012
32.83154 133.78556546781846 -7.276055242337646 88.64357343982093
33.04004 135.2025611577017 -7.366834074386407 88.20379028497898
33.24844 136.606364262872 -7.44290098387743 87.74660546544652
33.35251 137.29256868485191 -7.4849030720948635 87.52036879276233
33.56085 138.64992950089137 -7.56197570645859 87.08664936234683
33.76925 139.9956947626544 -7.630705937331635 86.66271655326788
33.97778 141.33025623470797 -7.709820964112145 86.24045095959136
34.08182 141.9871801689258 -7.747023240244234 86.04158817407188
34.18594 142.64209763744938 -7.780930450241331 85.84440042585547
34.39402 143.93453134997688 -7.852291323217226 85.46224753642161
34.49817 144.57274579183263 -7.889268380356167 85.27790254361508
34.6023 145.20691442802615 -7.924105798841634 85.1017005950026
34.81066 146.4675747209815 -7.993400907529674 84.75945812801002
35.01954 147.69965610605308 -8.046775450035927 84.42010266420333
35.22751 148.9188085989957 -8.114040232984454 84.11252983581491
35.43622 150.11939200788228 -8.175849953504684 83.8100305158131
35.64415 151.31180665428403 -8.232775992847401 83.5507761439679
35.85239 152.49972309027444 -8.29726826501693 83.30880189103968
36.06064 153.66965288846478 -8.36483229601228 83.11208497281649
36.26877 154.83470837240995 -8.422246305426444 82.96414161237863
36.47689 155.990856501339 -8.484150013538697 82.88780556185418
36.68515 157.140640345379 -8.548847390873691 82.86544702384435
36.89364 158.29189927382305 -8.610001391651773 82.87511114749482
37.10292 159.43102342748492 -8.671021400637576 82.87603768069272
37.31166 160.5561267098485 -8.726404690835407 82.82459724705112
37.52067 161.66764003013466 -8.77932252234508 82.72744810841327
37.72965 162.75773256670888 -8.821851066562017 82.61956610682148
37.93854 163.82479543697747 -8.864561965710172 82.45933300551297
38.14794 164.86666724026713 -8.90684973544787 82.26814397302526
38.35586 165.88105320952425 -8.947406354794357 82.06489779036113
38.5644 166.874648547322 -8.985532458401408 81.82683597352471
38.77266 167.85732116167057 -9.030407782486886 81.59305059439308
38.98107 168.83250786256815 -9.063846456699372 81.36005041019018
39.18942 169.78440083701193 -9.10505822018393 81.12074628225491
39.39792 170.73683246313885 -9.14051990108514 80.8889729170819
39.6064 171.7139350485219 -9.173716192931144 80.6419338665389
40.23231 174.82709140123208 -9.290082217627454 79.76132565418256
40.64932 177.03698741073305 -9.377641157961742 79.07312820658436
40.85778 178.15852390364054 -9.41810018933332 78.70783442048491
41.06627 179.28305902834376 -9.464305021804483 78.34608215998165
41.37878 180.95435309248597 -9.5126164980969 77.80415929526372
42.00378 184.20263705105384 -9.628992854925277 76.80033407966164
42.21207 185.20523580706327 -9.668412426892719 76.51029280864215
42.4204 186.1587080591557 -9.703137400978745 76.24238833600299
42.62866 187.03677521705853 -9.73529770480048 76.01339746886819
42.83679 187.86267141973747 -9.766170174130247 75.8274842440888
43.04493 188.6622904257327 -9.789238185631017 75.68059751930764
43.46095 190.22089529924872 -9.839773067502783 75.54097415431258
43.66893 190.9844737680251 -9.864045675518751 75.56292285053978
43.87706 191.74292098846195 -9.89038745970801 75.63133993172883
44.08517 192.49038704740545 -9.909711172999028 75.73821233664574
44.29315 193.22394710539743 -9.924830214287745 75.90003182706226
44.50114 193.9608600124215 -9.93903919143326 76.13046306311666
44.70945 194.7085416207167 -9.95131352429695 76.44135259539902
45.12534 196.19563485404686 -9.996880216924533 77.31859341341472
45.33329 196.94634938679792 -10.023853008785164 77.90283622396183
45.54168 197.69010329263557 -10.057185184027375 78.62916438765967
45.74984 198.41696580387787 -10.09014989810758 79.46841008674352
45.95815 199.1644543302533 -10.118107580543308 80.45493432609484
46.16771 199.8789489384132 -10.147410322055194 81.57681203708242
46.27111 200.22467973506113 -10.158341379303653 82.18633553631899
46.47994 200.9099527845062 -10.180808579719733 83.49977234599135
46.68893 201.59296141908243 -10.197639535553812 84.92477624899513
46.89782 202.26875092674476 -10.211137640104727 86.45373878882677
47.10653 202.91295874849618 -10.225733950022025 88.08957114182537
47.31528 203.5266924176362 -10.234634724704652 89.82959140373652
47.5243 204.12718770246573 -10.253797708587387 91.64448768086899
47.73328 204.76354047850322 -10.270156427602194 93.52609457064041
47.94218 205.43962877478032 -10.290490142988912 95.47205202273477
48.15084 206.125082845382 -10.305525740435503 97.48038173203562
48.35939 206.83837540833593 -10.323857867564918 99.54071579301521
48.56792 207.56436148963883 -10.340924564161828 101.66757006268196
48.77645 208.2957038571203 -10.351178880012057 103.77819992832903
48.985 209.0425136315039 -10.374640238190553 105.91507004578446
49.40781 210.53412106546284 -10.399474286378812 110.17678831256612
49.61018 211.2631304659521 -10.409346840404867 112.32029825503386
49.81856 211.98246512447713 -10.431210318259398 114.45197037767875
50.02695 212.69913567279986 -10.44768202931933 116.58714384368919
50.23533 213.40751421865912 -10.45915804154417 118.72969639453709
50.44367 214.11151439217775 -10.479585503611736 120.85954129295305
50.65203 214.80429210966687 -10.485693901371807 122.96863938128472
50.86032 215.47481211186903 -10.503261843837862 125.0511232331964
51.06871 216.1215776169487 -10.506823792358905 127.09350291060413
51.27704 216.73404477799426 -10.518945454856645 129.06182013423654
51.48545 217.30598161204946 -10.525907524804873 130.95851989002492
51.6939 217.83970294785314 -10.543796467634802 132.77585915208897
51.9023 218.33496311554418 -10.562883320105822 134.50172074711435
52.11091 218.79608449979727 -10.580055217671354 136.14537819576992
52.31933 219.20827873883138 -10.587796968489618 137.66123991889174
52.52783 219.56432416102234 -10.604687698014727 139.0431150803031
52.73649 219.90839472324768 -10.61922404778866 140.32522249204206
52.9449 220.22262588038507 -10.635953753724854 141.51832893078827
53.15455 220.51575606345668 -10.651081074616569 142.65132993238234
53.36184 220.79379147983644 -10.66513644370519 143.75720226691996
53.5701 221.03147740920983 -10.685783509278703 144.84798129323994
53.98599 221.28770795938942 -10.711364221415874 146.9331849438811
54.19381 221.2932022412971 -10.722601587047409 147.9530543590313
54.40158 221.20603959252676 -10.735557967530998 148.9342246920011
54.60944 221.01888045614518 -10.748740666822389 149.88111717631597
54.92131 220.57964357577438 -10.738599721721954 151.2523605885013
55.12937 220.17030252366249 -10.74171180649829 152.11225892018965
55.33731 219.65862180826417 -10.73377042024938 152.9070563046534
55.5455 219.05721989460014 -10.715843435302606 153.628330837472
55.75357 218.38836407152738 -10.684839932010176 154.28683496736193
55.96186 217.6381844542832 -10.65777858637058 154.8478114890625
56.066 217.23845152151168 -10.645163451759633 155.09590537715633
56.17022 216.82663101974168 -10.629790844372863 155.3090614679399
56.27431 216.39517049297754 -10.619987937035987 155.4942343971349
56.37855 215.95303475230236 -10.60336268030472 155.65840326243267
56.48284 215.5074477258445 -10.586381037927893 155.80419567869748
56.6913 214.57458215523502 -10.550948826373606 156.04881140422063
56.9002 213.60228053412973 -10.525407071318151 156.21654017359415
57.00456 213.09718868844885 -10.503861006160019 156.30341379256845
57.1092 212.57737504206227 -10.479360887537252 156.39007752952404
57.42283 210.83673999722046 -10.417521196479678 156.56298806170557
57.52732 210.21198276297002 -10.403149695272168 156.60339812556467
57.63179 209.56036525122857 -10.376339212391091 156.65542866104158
57.84073 208.19500337234825 -10.324316750141854 156.7404191888367
58.04945 206.69114408045854 -10.274649567884783 156.78414944644032
58.25822 205.06153923362257 -10.227619562316017 156.7308275925807
58.46709 203.32188634053475 -10.169359776216767 156.6666799267569
58.67606 201.47395701536178 -10.105367361780125 156.59604295089082
58.88494 199.52339176176653 -10.038110670257863 156.5145752860278
59.09391 197.47272291004336 -9.969673119640614 156.43876282923495
59.30292 195.30467792309992 -9.890426596605234 156.41737520433983
59.5123 193.07736059866386 -9.816568773434433 156.43099461159747
59.72072 190.75622871428772 -9.73440059614606 156.48652045223955
59.92931 188.33389951199834 -9.652349823537872 156.60187067713267
60.13782 185.83648227625793 -9.567166417215706 156.7714630744257
60.34631 183.32247978576373 -9.487095201508248 156.9935724122624
60.55479 180.7931883748562 -9.415967776101974 157.2553560474276
60.76324 178.26195045868184 -9.330909104866741 157.53876140397452
60.97147 175.72493119878447 -9.246065958315572 157.8176236509166
61.17982 173.16562538083465 -9.168161718371053 158.1010046216296
61.38818 170.60221671245102 -9.094488776459844 158.39376876683406
61.59657 168.0434958219125 -9.015870298622591 158.68105705360202
61.80511 165.4841279968983 -8.947309446650344 158.96441877404948
62.01323 162.91525292711754 -8.87739219720304 159.24643234591446
62.22159 160.33355092905916 -8.804460621141708 159.54007810354312
62.42992 157.76527307016013 -8.716359582158521 159.81602055316213
62.63845 155.184662537372 -8.635869649928892 160.09339090288054
62.74266 153.89593408010484 -8.591744257733698 160.23358660692082
62.95119 151.33525655136455 -8.513315419716939 160.52740482745784
63.15976 148.78468377398647 -8.43118055770886 160.82607607378702
63.36817 146.23714353764927 -8.357833919194984 161.12456993876248
63.57657 143.70564225252335 -8.278041916814727 161.42883451451763
63.78505 141.17745237709198 -8.198211544852853 161.7404477321957
63.9936 138.65860917740775 -8.122074209342305 162.0601204521787
64.20208 136.13635374824173 -8.032003100007719 162.3722634569318
64.41054 133.61676600990728 -7.96312777846337 162.67436462189522
64.61962 131.05238890753134 -7.890180292364072 163.01611324725565
64.82756 128.46708348681955 -7.805124145171259 163.3573965364271
65.03592 125.86922034983334 -7.7257018180838 163.70212728417926
65.24443 123.25475367239844 -7.639570446883732 164.06759995257678
65.45301 120.6183199126271 -7.569891578907837 164.40614716863743
65.66132 117.96663954943352 -7.501582095014249 164.7445000809808
65.87056 115.28468120734574 -7.429840925037477 165.06744710392826
66.07807 112.55967341276065 -7.34535229423817 165.35623123674003
66.28654 109.81486024299485 -7.261637117403253 165.6222542740374
66.49507 107.05750009912032 -7.179720545986108 165.8752670095305
66.70357 104.27508985714618 -7.102826078640819 166.13602759105677
66.91193 101.46470219114445 -7.034899682458971 166.41098805876007
67.12048 98.66360027804238 -6.97048948759528 166.6832484485935
67.32897 95.86392899828391 -6.88153582485657 166.92043061407495
67.43319 94.46656352910951 -6.831162598703404 167.04216213974124
67.64172 91.69144796030321 -6.747460724718811 167.28774990894453
67.85004 88.93165497224498 -6.665544617589204 167.51046874002344
68.0586 86.17987754239853 -6.595332678432724 167.7408500699087
68.26697 83.42057738236461 -6.518766662020434 167.96908071999843
68.47545 80.65546399686596 -6.436775458637172 168.2035005983128
68.68382 77.8865384630715 -6.359371220666738 168.44018811786785
68.89224 75.12335001636146 -6.282149472842329 168.67135774989714
69.10045 72.35684864987496 -6.200524484003421 168.90608374304946
69.30884 69.58370758402711 -6.116097124109928 169.145167298596
69.51724 66.81309610147869 -6.03096020464019 169.38333284687246
69.7256 64.05498036480748 -5.942455818996034 169.61383148975452
69.93392 61.30117964850622 -5.854206408658779 169.8188721633217
70.14235 58.566758670425806 -5.770742090144415 170.0261509400729
70.35078 55.81695717145881 -5.704195259461198 170.26655686984824
70.55917 53.05830055691034 -5.6314691147794385 170.53076094015574
70.76754 50.30816118795151 -5.542870958967719 170.8072390175872
70.97626 47.55291067589047 -5.456818146500485 171.0908574483767
71.18447 44.803237105160676 -5.376801033734392 171.37715728499245
71.3928 42.048772876836644 -5.30533708125291 171.67864495160816
71.60151 39.27132903931623 -5.23534055862524 171.98907316907352
71.80946 36.51366621442574 -5.162971255857945 172.2986746388147
72.0178 33.737466502266784 -5.0799663414235825 172.59254469237598
72.22605 30.94633054871443 -4.991377278356736 172.8838254385028
72.43462 28.175890104891387 -4.909057606797077 173.185560156736
72.64298 25.394559078733977 -4.841598115977393 173.48664107416664
72.85134 22.595774445370385 -4.7601390469575025 173.79900991419896
73.16384 18.405946388293778 -4.625104793209814 174.2264957627362
73.37208 15.60775033922531 -4.535463209954542 174.50213614653742
73.58042 12.800982889006312 -4.443206141669728 174.7632076188187
73.78887 9.980060747926943 -4.357068372667847 174.98775792255975
73.99724 7.147677843145077 -4.2707538683231 175.21743525133923
74.20558 4.299278680727223 -4.176223638673381 175.43762470569106
74.41406 1.4772828810378442 -4.0819442466586136 175.6565295698434
74.6225 -1.3577989154431744 -3.996947709281309 175.8965109558412
74.83087 -4.157801927719985 -3.912751314241958 176.10453007676472
75.03918 -6.959301025115291 -3.8229435677427577 176.31897465131777
75.24756 -9.731144689589335 -3.7436271941438415 176.51733525523
75.45606 -12.496800159829142 -3.6658563824759547 176.71028208134237
75.66421 -15.224581146010163 -3.599472798486284 176.89277327319377
75.87244 -17.965652589703176 -3.5386158998690114 177.0481644437387
76.0807 -20.68565132658629 -3.474803379829192 177.1892293614836
76.28906 -23.394333709147027 -3.4041102201549602 177.32826628147683
76.49746 -26.093685149490764 -3.3300631907029303 177.4660827577432
76.70627 -28.76990758575908 -3.246976836653843 177.6122557559703
76.91447 -31.41824537939689 -3.1610183268623278 177.76565314280322
77.12259 -34.01946010783461 -3.0854327321111175 177.88680041265013
77.3308 -36.547989860294464 -3.0104963474954394 177.99059647616414
77.53921 -39.04503703348036 -2.935190505758488 178.0858742397614
77.64333 -40.27159295302893 -2.9007078314758137 178.12764598163167
77.74763 -41.49345263874364 -2.8642356435499114 178.16857011608892
77.8517 -42.69812626551951 -2.8274933668891626 178.2070023009982
78.0601 -45.06418564253524 -2.7571813610917286 178.2704390852515
78.16432 -46.220031830756675 -2.7224183226485765 178.29919072478825
78.37279 -48.457584308660074 -2.6483041792078432 178.35499214775695
78.58142 -50.620295036861684 -2.5903085538777333 178.41864975089948
78.68571 -51.67248300521203 -2.557406334019329 178.45423537370053
78.78998 -52.718981605918756 -2.5251134884457054 178.4980745270495
79.20709 -56.83307786056104 -2.4116651026077522 178.6949582858464
79.41555 -58.843970447709374 -2.3590067932405003 178.80922990164
79.62408 -60.79185654396824 -2.303625764789734 178.91881028285434
79.83262 -62.682272626603094 -2.252819092000439 179.03564627148668
80.04106 -64.51963335312746 -2.2068248359786815 179.17012971634375
80.24958 -66.28052674402119 -2.151716531573139 179.28845129287006
80.45824 -67.957002489817 -2.103319502673793 179.41749698979692
80.66669 -69.53759989271744 -2.054239585377685 179.56452134709298
80.87541 -71.01758653583299 -2.0145133366067824 179.71846356708534
81.50123 -75.01356227023987 -1.90981494233157 180.23814159477135
81.70982 -76.19594763908759 -1.8761362261356123 180.46235205213833
81.91858 -77.30407102564807 -1.8444405925586063 180.71010335259456
82.12719 -78.3503679096226 -1.8300232036502901 180.98629686673107
82.54474 -80.19313349787927 -1.8028326475938288 181.64445040552044
82.75777 -81.06469176518729 -1.7859140516690175 182.02740641169154
82.96217 -81.89926032277637 -1.7726332335228934 182.46517897273435
83.38002 -83.38592328434457 -1.7722530014898856 183.50008196736565
83.5888 -84.07867593914364 -1.760918981885403 184.09825414050522
83.79755 -84.76873513221169 -1.7399145170236137 184.79411523717943
84.21512 -86.01395805648825 -1.7481571870892192 186.51248337244283
84.42369 -86.57918313843493 -1.7687406352804975 187.5209885838718
84.63228 -87.10180838402187 -1.7814736340217259 188.6524171796259
84.84076 -87.5853953768425 -1.7903634078282944 189.91269655875456
85.05121 -88.00504755463523 -1.812681320861485 191.3210956304539
85.2577 -88.32502423063093 -1.8485627012838215 192.89547271116393
85.46611 -88.55191209675228 -1.8751998191927082 194.59300874760027
85.6741 -88.67781190539125 -1.9227565684706602 196.42961876041474
85.77809 -88.71336070279692 -1.9564391935324152 197.3836832488411
85.98583 -88.74274860068354 -2.013763804342373 199.38300225626696
86.19355 -88.73769108558538 -2.066873206033211 201.4977169540162
86.40145 -88.71093066928835 -2.133150420084208 203.70936786383106
86.60897 -88.68164947181764 -2.1926830885716684 205.99307473629648
86.81672 -88.69440299608186 -2.259500335407347 208.38646249954766
87.02455 -88.71209908627829 -2.3310443579088824 210.84641184011915
87.23286 -88.75323399799606 -2.4018931916419404 213.34701142192225
87.4409 -88.79520086752275 -2.484757218243111 215.8841760039233
87.64894 -88.8473297324669 -2.5579026565577707 218.4239366823495
87.85718 -88.91208491265452 -2.6335232490889697 220.97280116336108
88.06568 -88.97314452473671 -2.706392888963873 223.57185018874895
88.27385 -89.03025470145768 -2.7827631338845076 226.17343515272617
88.48206 -89.10039909511754 -2.849828985032786 228.77404893129793
88.69045 -89.17730255460407 -2.914514548419274 231.3624463682713
88.89883 -89.26373195659188 -2.964842048870733 233.93166636387343
89.10743 -89.36332664933664 -3.022286932236124 236.48371968977318
89.31572 -89.46972645756861 -3.085798547084142 239.0051358872555
89.52419 -89.58291108198122 -3.1481381392130627 241.49166806176086
89.73269 -89.68552198590064 -3.2147483807231687 243.9167539584329
89.94118 -89.7801564479091 -3.2750130336010006 246.24650815465324
90.1496 -89.89002098683666 -3.334636338087126 248.46528520652757
90.35797 -89.98485020759446 -3.3977610753456258 250.57107341392552
90.56632 -90.08893137228867 -3.4535983839824618 252.53970509802753
91.19172 -90.41033218028804 -3.599175053619213 257.66844554785746
91.40035 -90.48848354070019 -3.6376991505252025 259.13343487682204
91.6091 -90.52630633935767 -3.6749785407458146 260.54733233376857
91.81786 -90.50494533065971 -3.7169732729670857 261.9447627407868
92.2359 -90.22925429851998 -3.8056955954479337 264.63228112812067
92.44485 -89.94690958164361 -3.8539582827461447 265.91675203075147
92.65403 -89.55134371135657 -3.8984290936063006 267.134162592581
93.28083 -87.90225161235372 -4.057706555398926 270.389755403637
93.48971 -87.14887652328429 -4.096653311774331 271.357067438193
93.69845 -86.27478587716304 -4.133403398891762 272.2823065822813
93.90723 -85.35623046415725 -4.19106092031817 273.20744862625827
94.11582 -84.28650615811155 -4.268633362707812 274.0111995039755
94.3245 -83.08318860131584 -4.308011392583399 274.6618778872811
94.53308 -81.78139009436282 -4.364112707809813 275.2962743170186
94.74161 -80.33228815665684 -4.466410762276614 275.8291690482991
94.94997 -78.76282420407497 -4.546380178485786 276.20632712241945
95.15809 -77.04336946414571 -4.6029046849347495 276.5123150987332
95.36596 -75.20112551745424 -4.690892980608068 276.7488512022575
95.57381 -73.23382973897765 -4.774044897061106 276.9217769195678
95.78189 -71.15738519731374 -4.844812990400287 277.0009791819056
95.98969 -68.95774682005522 -4.920614611355892 276.9908261187163
96.19761 -66.62798979385606 -5.0108835567806205 276.9451176165232
96.40544 -64.199530622492 -5.089239786255381 276.8230819615037
96.61311 -61.65916630252065 -5.159905432971071 276.68358596938106
96.82094 -59.01733257170835 -5.254724538789635 276.56069868366234
97.02886 -56.31200028742779 -5.329517109489072 276.40265655251017
97.13273 -54.93179184482431 -5.373373372432462 276.3217227978888
97.34058 -52.16120791572489 -5.456179328960393 276.1899544562086
97.54846 -49.40928746951448 -5.541093489523671 276.0728113019363
97.75648 -46.633862221321394 -5.623896411853437 275.9701736672514
97.96452 -43.84969574159128 -5.708973599975694 275.88826327534986
98.17395 -41.04079865719935 -5.784135235967842 275.8360761109515
98.38072 -38.20275695848723 -5.880061805329059 275.78803065330146
98.58899 -35.36237507414394 -5.968545669322716 275.7599802378533
98.79726 -32.516484516443015 -6.065630110036531 275.71918014740265
99.00546 -29.629013984994444 -6.158761636448526 275.67611625304943
99.21372 -26.773137868172853 -6.253977743449568 275.62265149448336
99.42206 -23.915538500471403 -6.33979813236585 275.5770527815096
99.52634 -22.49501875588829 -6.387870591991155 275.55338325118777
99.73476 -19.658093409849645 -6.475414263845005 275.4976149606513
99.83886 -18.243477476944058 -6.512842418908054 275.4651276119912
99.94309 -16.829203001488658 -6.5505194913167015 275.427147615451
100.1513 -14.02518183157416 -6.616076176838234 275.34603905420454
100.3598 -11.251634523379707 -6.682027278563259 275.25648489755866
100.568 -8.506603398734343 -6.751898019495515 275.1710189116458
100.7763 -5.776898524196206 -6.839204222545155 275.08444502534974
100.9851 -3.054707800609222 -6.918043211108366 274.98490236705663
101.1931 -0.3595946545111808 -6.986283073270537 274.8877146290683
101.4015 2.30096593720166 -7.058594667232165 274.76302479260016
101.6099 4.954146741288733 -7.126885120489232 274.64968533220866
101.8181 7.6013613402747096 -7.188913563051856 274.56090270336875
102.0265 10.21443386394209 -7.259750151970905 274.4601749813144
102.2349 12.791203332061583 -7.317892766556957 274.37262572319
102.4442 15.376045743540088 -7.37793323810205 274.2564653808586
102.6515 17.91208859124022 -7.466375630998496 274.16333020978476
102.8599 20.40471017049755 -7.5447680067649925 274.04262722257846
103.0682 22.92158538905824 -7.654350491711139 273.94482847804034
103.2765 25.406209960317547 -7.743731232386188 273.85257930613943
103.4848 27.854876004161618 -7.8129810775457695 273.78412149487406
103.6934 30.271158562695494 -7.898457084221297 273.73299468399307
103.9018 32.68354605152044 -7.961095065956354 273.646079121725
104.1101 35.035830827600186 -8.043782631295942 273.54979929815534
