1.038877 -0.0 -0.0 -0.0
1.246636 0.007596376835419025 -0.04701968853794208 1.4442608494708333
1.350553 0.00311863615061843 -0.06051249357697463 2.1739930638926612
1.558293 -0.005167770508694571 -0.09023950246324305 3.615250214339523
1.766057 -0.014083406267742512 -0.1079183565717472 5.0608584402988726
1.973923 0.0043889327721392465 -0.11308856477280073 6.494073476007448
2.077874 0.05388207929377081 -0.20752981023715716 7.19452216854664
2.285652 0.058700563151959095 -0.21276143589190624 8.54432269216239
2.493488 0.06562133684111066 -0.2586690671549355 9.917272297812593
2.701441 0.1138290419275485 -0.3188305422917453 11.294235720361241
2.806098 0.05286161733210065 -0.3679675494472819 11.996188448627416
3.013136 0.03993941337708157 -0.40220163771171513 13.282619221580841
3.221 0.041410537770639466 -0.4560394606284621 14.571665921687286
3.428991 0.015333000808022246 -0.4942734292329015 15.89763378873525
3.636879 -0.040515620921604656 -0.5188593351932229 17.214185520057647
3.74087 -0.0603466224457907 -0.5537565953794845 17.84932100709588
3.844868 -0.09435250288919644 -0.5252293731969617 18.550283438558075
4.052745 -0.12796267715926912 -0.5125954463219125 19.874985052940815
4.260741 -0.15701679280402103 -0.5043736975715463 21.211325405640892
4.364619 -0.16416891798150557 -0.49606733139033726 21.87639263152245
4.572617 -0.19329475650698524 -0.4921528987206605 23.19733967430383
6.44312 -0.20190859825482943 -0.406465753566583 21.41354447379212
92.47758 -0.10063149873159061 -0.4372105750835861 20.841051028408874
92.58132 -0.23486190052452138 -0.3960038259735057 21.584529405009405
