0.0 0.0 0.0 0.0
0.1037359 0.00014796620475607573 0.0045169153302734005 -0.7319202803158807
0.2073381 0.0020708064085636683 0.00227609398765283 -1.4793845092237747
0.4146917 -0.002814935048968273 -0.002814669614389534 -3.0206125533502384
0.5184302 -0.010409981700700217 -0.00010093852384300603 -3.820073758038964
0.6220448 -0.016883493294541474 -0.004293872103099387 -4.637259971236083
0.7257977 -0.03346537396874686 0.0005888885816568775 -5.468602035274601
0.8294199 -0.05410559891963573 0.01181463117957116 -6.319035708460286
0.9331467 -0.07906986282198615 0.030624023866098637 -7.183116733884788
1.140497 -0.10332654356595275 0.060868757659810584 -8.924698914891785
1.347979 -0.14492776742439958 0.07205139033026556 -10.70937405869332
1.555212 -0.17065183653123928 0.1005588082904483 -12.534518438409146
1.762569 -0.2035173526843416 0.04354524254178255 -14.390911521836657
1.969923 -0.2166697078310244 0.03522523318755549 -16.27860171044417
2.177281 -0.2462295633241179 0.10100409285835203 -18.196197394750584
2.384639 -0.28756862261978416 0.11108997932821757 -20.144092852673516
2.591988 -0.3170168258694904 0.14454738802415223 -22.11087405629848
2.799367 -0.27447393332079545 0.33409627564937133 -24.11394095517323
3.006768 -0.18917418329969612 0.4534184744067502 -26.134133646315387
3.214057 -0.13941146630013249 0.26791442732077037 -28.175804837645085
3.421285 -0.07777734298508009 0.21301047117815228 -30.241229845356674
3.628545 -0.09910876795737124 0.5027253813791923 -32.327433507171534
3.835871 -0.176691521488026 0.3738307946957229 -34.419713807700944
4.043107 -0.2952920848283157 0.22954925724143602 -36.5309336458603
4.25046 -0.3496410137786444 0.4240294433890871 -38.664427752124716
4.45794 -0.43761533872004127 0.5969737030094138 -40.7883453556201
4.665293 -0.42905764090211684 0.8460385292266197 -42.95940191653246
4.872532 -0.44400865953462426 0.7549811751457016 -45.06938512119484
5.079909 -0.4626064635459159 0.6796539575336514 -47.20854213353991
5.287117 -0.5664021684376634 0.828107399397487 -49.30452431279694
5.494473 -0.6018766325245399 0.46202444191730563 -51.40274917148432
5.701829 -0.633223968368857 0.6148959268775216 -53.47580898805472
5.909185 -0.6471620925219849 0.8388812090401325 -55.53612004168701
6.116541 -0.6552353938771934 0.7518254391361366 -57.55893224972357
6.323895 -0.7694678388734186 1.0980740690846336 -59.55191428696448
6.531383 -0.8144514508569168 1.565052169781893 -61.59708171913116
6.738741 -0.9844758874136086 0.8687137259549443 -63.55488465847622
6.945963 -1.0848247012978143 0.642498675425301 -65.4887116233519
7.153323 -1.2191338565045111 0.9218506204363046 -67.36312278388908
7.360549 -1.362348129015405 1.0103400729706886 -69.16859872301771
7.567786 -1.579354278881076 1.113969954227461 -70.92385101292956
7.775144 -1.7607078382720298 1.4273404982611262 -72.61612872738365
7.982493 -1.9594277839195855 1.9081790255874072 -74.26092857906718
8.189849 -2.138525733094769 1.0527928744235293 -75.83458262709017
8.397102 -2.2663899729323322 0.5000576347999843 -77.32876814974541
8.604438 -2.419166187548244 0.9827689762544881 -78.73913726453729
8.811795 -2.5094146456091133 0.3290774333065118 -80.05971682835958
9.019162 -2.1663027629247593 -0.07936792175330559 -81.31868837059835
9.330247 -1.0154776137397072 0.8184428041725084 -83.10012269455221
9.641587 1.8577938487440853 1.1476861013517228 -84.71774387781375
9.849229 5.247334321215143 1.2941962968299334 -85.59743844602242
10.16083 12.829373933835775 1.7296600117176157 -86.22870973044937
10.36867 19.59177020374623 1.844276746332754 -85.85858130872917
10.57663 27.704835977630918 1.812553565388268 -84.46451714782279
10.78461 37.10916444783302 1.5398417351470692 -81.61736502931431
10.99272 47.09440726097428 1.3562634100777418 -77.09905640554717
11.20057 56.744144044448724 1.0833814212525408 -71.07078095066215
11.40818 65.30863696116515 1.4927920060977384 -64.02002298903844
11.61553 72.75378377438135 1.2895062587560044 -56.1381203405496
11.82277 78.70195280875754 1.0175506804642833 -48.14240287483133
12.03 83.35127780732243 1.3019397139921534 -40.25237799432357
12.2371 86.56313422327868 -0.46110664110286315 -33.392945831680876
12.44411 88.70901292729181 -0.5688204186535607 -27.86091197228729
12.65107 90.25655482703397 0.7427705320168734 -23.20011018843557
12.85806 91.27811784139462 -0.054864484399479566 -19.499905188476188
13.0652 91.94371691466604 -1.096816411681626 -16.728802946682762
13.27235 92.45658084015707 -0.5237870336409751 -14.65001546137958
13.4795 92.815576717209 -0.6178510856506781 -13.140150827927041
13.68672 93.05688821166507 -1.20186100814498 -12.242442697526037
13.89395 93.2036570572165 -1.5485544429111053 -12.171194739895093
14.1013 93.33188827187364 -1.7317715100314648 -12.390890894245114
14.30854 93.4048277711197 -2.086277112406558 -13.07919298073176
14.51589 93.47789258845401 -2.2671093275754055 -14.055861575076328
14.72326 93.44500123547981 -2.9366295855699103 -15.59748874823716
14.93048 93.3307483558684 -3.3321113902361885 -17.806709122557862
15.13784 93.1653455607759 -3.4883117167742936 -20.278516419519192
15.34508 93.03511852709498 -3.089914234207694 -22.77210898975539
15.55255 92.86989668604338 -2.7551810640900576 -25.34109320768037
15.7599 92.79316571009966 -2.238954689262169 -27.57079594424606
15.96739 92.82437370938096 -1.8252132351827484 -29.427241351362028
16.17474 92.8476662793547 -1.5319863098810464 -31.2744794116478
16.38209 92.84721825346209 -1.105965342816843 -33.17994392082319
16.58933 92.92464656987175 -0.5495555139979015 -34.89933173926219
16.79668 93.17112820897984 0.023939533855033657 -36.13208670274517
17.00419 93.56190533588541 0.6478163194965475 -36.95584348535366
17.21165 94.15814243465198 0.7526317404943356 -37.24536770262253
17.41915 94.89858191746904 0.6972875550631221 -37.11706429433794
17.62648 95.70874916788443 0.8246872999922888 -36.78062402095602
17.83384 96.49568740262258 0.7760235285563705 -36.4295974837772
18.0412 97.2670375538255 0.7967340972226311 -36.08864437826517
18.24855 97.97054385055891 0.6674706569260586 -35.90200406281896
18.45593 98.59107938139503 0.5693261586907971 -35.8288715051812
18.66326 99.05045514457615 0.24975832761074662 -36.180635637897495
18.87049 99.2741975349244 -0.04134133721241009 -37.12828662890931
19.07772 99.37889636261583 -0.08841876058535507 -38.386847037981866
19.28502 99.21052934118043 -0.3468343090052661 -40.24405922605747
19.49224 98.68450230945548 -0.35231076061786465 -42.88455521538905
19.90652 95.74934424862694 -0.21660144104994328 -51.491709024809275
20.1135 92.94202233836398 -0.1684884051517575 -57.60227177405841
20.32061 88.59837034373659 0.16331215579797326 -65.24431526091672
20.52747 82.52461759453925 0.9876061813768984 -73.92004992477489
20.73444 74.54426871352024 2.10691313566421 -83.08652692128166
20.94151 64.11447175228787 1.7690243044147913 -92.4891483539429
21.14837 51.416193586661976 0.46795214149963704 -101.19568900460261
21.35544 37.01787831171003 -0.05193269265762724 -108.38500174508725
21.56272 21.826149218238626 -0.29054140232250497 -113.47848434358804
21.7701 6.372680742840997 1.089300389391296 -116.44352276120334
21.97771 -8.421486179835904 2.5902497285922044 -117.3476606827879
22.08144 -15.021131041228392 3.1425994368654644 -117.19586757932466
22.28917 -25.76129511186454 3.492548643566105 -116.361232782162
22.39317 -30.02390251988868 3.166241345933603 -115.8855437062612
22.60129 -36.35190225643766 3.1687564575891174 -115.178895519963
22.80964 -39.666067202958146 3.119836549001713 -115.24367619921036
23.01761 -41.463258413242286 2.436028033822151 -115.82570028090535
23.22571 -41.88731547853635 1.4803953172348272 -116.94429580398814
23.4336 -41.05982861690572 0.5240947386650462 -118.56175284185636
23.64143 -39.99250835993236 -0.15008005195336035 -120.2946812565337
23.84899 -38.72414204445613 0.8582190176025817 -122.15646595379849
24.05642 -37.83955197338578 2.359017815541463 -123.92171333630175
24.26396 -37.40331608908304 2.384735878164558 -125.60535408243155
24.471 -37.502840658015515 0.7249323890267614 -127.18111203697045
24.6781 -38.1266653024749 0.6990766139126391 -128.64768341104545
24.88547 -38.67927141699512 2.4227176075912418 -130.18945319513912
25.09267 -39.13430612859137 1.42402260236964 -131.81715552423495
25.2999 -40.129811154629415 0.3675053267141816 -133.3251044808516
25.50725 -41.1369067950071 1.0494914483445423 -134.88504367919325
25.71463 -41.54193010883551 1.8328445886329494 -136.66533153353748
