0.0 -0.0 -0.0 -0.0
0.1037595 0.08765680367774695 -0.036063105725805095 1.92157260838047
0.2075901 0.2606409517892785 -0.07749776625675832 3.834686417725115
0.3116055 0.5229876927757899 -0.11992034912580937 5.7514841564841594
0.415086 0.8699489247602629 -0.17172608146267715 7.673202757183244
0.5188692 1.295909434683547 -0.23022663580749375 9.550124647246511
0.6226876 1.8154085726424862 -0.29885003922986136 11.41871505022427
0.7264318 2.429423813109552 -0.3551353418045166 13.312677720949434
0.8301706 3.1315950759247935 -0.41355366471969696 15.159998355695048
0.9339528 3.9075107279414443 -0.4792046985467612 16.95051990353042
1.037695 4.766196021805701 -0.5426968245713983 18.72429533593709
1.141483 5.711591223194246 -0.6021597249376198 20.48617809893194
1.245136 6.729239344424455 -0.6674260653767949 22.184124540456647
1.348871 7.8086488706055786 -0.7332298280676215 23.77419289953639
1.556375 10.252491025454262 -0.8738734516146747 26.84487208332959
1.763837 12.998313127067323 -0.9958967225131021 29.70186054968641
1.971323 16.012543141453623 -1.1180013020576407 32.3189255622552
2.178679 19.442944399386136 -1.260705343178886 34.77163244871243
2.386034 23.001737653154443 -1.3735337839186887 36.904236094947095
2.593387 26.847831046904613 -1.4655777769902838 38.73433219570332
2.80062 30.80483884025162 -1.5323030605879855 40.2755375965154
3.008111 34.920052433007044 -1.6207742400411138 41.52286517956284
3.111717 37.04433512183086 -1.652252230745748 42.05940476772518
3.215334 39.20100702362568 -1.6776094728701236 42.538554323930754
3.319074 41.378795508241325 -1.7166772564462214 42.95534336216058
3.422811 43.62670319949091 -1.7490050102406163 43.29505701764954
3.526551 45.90824457876876 -1.7765909701633027 43.58434215803709
3.630286 48.233014464094886 -1.797532131738876 43.80400327572952
3.733924 50.61992577563934 -1.8085433456750601 43.94835525313732
3.94129 55.46963649490805 -1.8373326430212829 44.064339894707
4.148625 60.446757964065206 -1.857891135141232 43.96628733538484
4.355974 65.53638292097203 -1.8430948963497418 43.72342112404334
4.563217 70.65380711863423 -1.8328212508358437 43.34844477613177
4.770559 75.8764191677495 -1.794526552390114 42.86459443836161
5.081656 84.08914692043707 -1.7644645610652616 41.903242802605675
5.288943 89.88148445923076 -1.7466308501490622 41.14624342649278
5.496314 95.88981837560615 -1.7354352373274429 40.32351816323871
5.703641 102.06131528959224 -1.7225028101721054 39.44244216920247
5.910955 108.52051403670654 -1.679737412515465 38.44060192904023
6.221927 118.34791226201956 -1.6451672376097917 36.988953639198286
6.42928 125.16166232478699 -1.6368535676794638 35.98461076299155
6.844097 139.3248666035944 -1.5987031146798865 33.969539217398456
7.051471 146.69536585072393 -1.615140520015849 32.89508106293678
7.362568 157.84546808454968 -1.624388453271191 31.370396681013126
7.569925 165.41953213977817 -1.6619688044712695 30.379684419568985
7.881024 177.20613461768997 -1.59117274335536 28.836161446944498
8.192118 189.2260533634535 -1.5906658303963204 27.203057130687895
8.399546 197.53018602971696 -1.6308276631740155 25.99353449833981
8.606978 205.85106999043708 -1.6729514918031378 24.865717046163546
8.814436 214.451200175854 -1.6362138041056804 23.490318315075793
9.021867 223.07605761141227 -1.6155606872509725 22.141317991243874
9.229148 231.78512421191584 -1.6470772453902054 20.583945962768475
9.436507 240.51161010336784 -1.6725254096052442 19.042923695369772
9.747566 253.6241280448731 -1.6126368090771137 16.467039097803784
9.954854 262.50183245357016 -1.6340100299792382 14.657104373814484
10.05845 266.96451275974556 -1.6195107320481645 13.669828291767082
10.16227 271.4841455252385 -1.6261087254705415 12.70024689763806
10.26595 275.95387428644625 -1.6425225147649565 11.729037790385227
10.47333 284.95502754951724 -1.6493857545010275 9.543103557926386
10.57701 289.5068999631885 -1.516919082484188 8.493435031696933
10.78449 298.68186738409383 -1.4814533365943188 6.244725731550602
10.88838 303.210990763226 -1.423871793789343 5.134122206781456
11.09628 312.4360240992098 -1.4993676819019957 2.8471365945570426
11.30336 321.62176654021965 -1.4845234027367704 0.6014130930423676
11.40708 326.1283087548961 -1.4620005798086528 -0.5197758729063509
11.61418 335.367329980707 -1.5215061865905026 -3.255062857921075
11.82143 344.03595335372546 -1.5599268156811603 -5.981036755345272
12.02865 353.1257003739737 -1.5439443413296234 -8.685037173540053
12.23595 361.8166409318032 -1.6070466140648176 -11.604714492620744
12.44323 371.1254129493475 -1.6696729333557099 -14.595302635947206
12.65059 380.06540842636923 -1.8086068249284168 -17.367354310120234
12.85782 389.1940713219889 -1.8052840874007372 -20.420123587814743
13.06505 398.5237739760126 -1.8056683038934427 -23.703345989552858
13.27241 407.7779499911985 -1.8478516295974066 -26.86931781435115
13.47977 417.1951259138135 -1.9287999697726472 -30.13306333791482
13.687 426.62318294636617 -2.006774013870955 -33.33772591963455
13.89444 436.2063518486136 -2.1814156345544187 -36.655413490236725
14.1018 445.8672781960182 -2.277284034515008 -40.064918296964166
14.3092 455.45312524829683 -2.4110638610231225 -43.343569148858535
14.51654 465.206045035854 -2.5708173253439073 -46.728561742762835
14.72368 475.096954483017 -2.630496638467518 -50.056982943178994
14.93163 485.16825887800246 -2.670171654989815 -53.456107260503984
15.24218 500.6187549963694 -2.926438383060436 -58.33226988707986
15.4495 510.78986445007934 -3.2409897939027976 -61.3694770444734
15.86404 531.7234406398483 -4.297735828050688 -67.70347026476145
16.17517 547.3756647347335 -4.6774784520380415 -72.90378644052367
16.48621 563.4375413860321 -5.300130298799338 -77.49661765296145
16.69338 574.2376094855728 -5.725076935655585 -80.66561170887104
17.00432 591.1356992427699 -5.147066457569112 -90.14431366347921
17.21226 602.3630365465591 -4.8860358092534035 -96.53620162316625
17.52274 619.1837195501906 -4.608274205359486 -106.3005296729034
17.73002 630.5051384755277 -4.354975272831368 -112.85563843459596
18.04102 647.5385439683268 -4.237211022419073 -123.00315170407961
18.24822 658.9035056535156 -4.0578789425699 -130.09485653735655
18.45567 670.3713255449632 -3.828937409467743 -137.1747129073127
18.66305 681.8794599699432 -3.6984904368410607 -144.17423220140284
18.86992 693.5429890200157 -3.6034184840336554 -151.63005871580984
19.07714 705.2565061009142 -3.3010546176516353 -158.92582816587765
19.28453 717.0073685143578 -3.1115492674956933 -166.547212921104
19.49184 728.9096268711337 -2.820719403544098 -174.4945857324066
19.69907 740.7380033793752 -2.557725041739589 -182.60511031191612
19.90642 752.5856081231976 -1.9200264464806125 -191.46163979766143
20.11365 764.537497914872 -1.8190448046402459 -200.61027796265884
20.32088 776.1815934008465 -1.4702813850852223 -209.12340452021272
20.4245 781.7396212055361 -1.3318119199660572 -213.19890422557654
20.63173 793.4101773384216 -1.1254544035615943 -222.41274365404573
20.73535 799.0829347307082 -1.0739927737014163 -226.74933819962757
20.83896 804.8477751436988 -0.9593492662016985 -230.87558049396367
20.94258 810.667225351644 -0.618641527479248 -234.9097921131803
21.14994 821.4622001784653 -0.30518298454122217 -242.8523002257265
21.35717 832.3585982900183 -0.0779751598775249 -251.7994532504808
21.46082 837.689406894259 -0.03595282631816943 -255.84277475767036
21.56462 843.0130038963617 0.1725444747373146 -260.1063477808079
21.77179 853.7025220003229 0.3775111959486246 -268.71010437282416
21.87536 859.2319550059415 0.4075033739631806 -273.0866544224533
21.97904 864.6735514380337 0.4896337762431884 -277.09386458029996
22.08265 870.2024349646468 0.60852165060572 -281.2409566895252
22.18621 875.6506624391259 0.46366269088971634 -285.0593625620687
22.39357 887.7665058194414 0.08432574780654534 -292.8184597997246
22.49725 894.2318717550388 -0.46613575324001744 -296.5801396981374
22.60085 900.7938162890233 -1.0683215767994554 -300.1951556079002
22.70444 907.4246406160237 -1.715606718000096 -303.52277898852753
22.8081 914.779129435727 -2.411196471856293 -306.6082489882316
22.91177 919.8554460812351 -2.5834785953774926 -309.3146020271978
23.01539 924.2999216337562 -2.2265979151647457 -311.94527580435687
23.11901 929.487328088817 -1.910255955850765 -315.7618977211319
23.22265 934.7106272588301 -1.4766979145212886 -319.48939559022057
23.32637 939.9490979360885 -1.2626687619085217 -323.3263941826997
23.43007 945.1642639718848 -1.029840492155138 -326.8470279590873
23.53371 949.3772887918942 -0.9101664345841272 -330.0527938147387
23.63732 953.5541359755791 -0.7195562087890792 -333.1856984436596
23.74108 956.9100117341923 -0.5294269191006578 -335.9542257495287
23.84468 960.3413514990363 -0.5166502130642812 -338.51440473046534
23.94843 962.6141536135715 -0.36831284134195386 -340.7611068818451
24.05212 967.4251115761953 -0.20044190388252048 -343.6704370186057
24.15565 970.86941217437 -0.07118309040735937 -346.10892556655983
24.25939 974.3322908272853 0.050266271260689166 -348.29346452116295
24.363 977.4155028607962 0.17441302744973797 -350.20938253420275
24.46662 980.7561022295092 0.2873146788313292 -352.3024781879858
24.57024 984.015654425722 0.2864399419661794 -354.2054440702657
24.67387 986.7723807535867 0.2661276787396609 -355.74888838976534
24.77759 989.9943955463066 0.31232531729062885 -357.4621711404145
24.88121 993.3916437971499 0.314472871465199 -358.99706918073036
24.98488 996.2934033112335 0.3602557229561256 -360.6602496044022
25.08832 999.2734930881426 0.41682783409308044 -362.20128901091664
25.19195 1002.1369086281172 0.3222347980831799 -363.2549766033692
25.29556 1004.5805554043146 0.3702209833535228 -364.34059508473456
25.39916 1007.3445324877383 0.3272826296607434 -365.4366133294848
25.60639 1012.6798604026895 1.2491732556010007 -367.36365403148625
25.71001 1015.5170940892926 1.0652783615421804 -368.46612028210643
25.81362 1018.1254389050486 0.674388060271621 -369.39857453132333
25.91726 1020.9907819957365 0.32285048851916187 -370.32026470688135
26.02085 1024.0202426638773 0.10668974872084291 -371.1273538066589
26.12448 1027.5009120096943 0.13755092355020793 -371.98192461924117
26.2281 1031.665362503523 0.055025508836937576 -373.4025451366148
26.33173 1036.765636399751 -0.11284901164702887 -374.89054384482256
26.43544 1042.7071029615395 -0.4890510600255489 -376.11370474143405
26.53906 1045.5289793690963 -0.7057150303471609 -377.2343016261367
