1.555107 -0.0 -0.0 -0.0
1.658847 -0.0015827875570649632 -0.016980070849710035 1.2054326326213092
1.762586 -0.008418908854248267 -0.03270021947458231 2.3972778679317597
1.866202 -0.010131223963238439 -0.05170698448608153 3.597218898231154
1.969964 -0.012580701209631662 -0.06656144579861033 4.777429140470006
2.073559 -0.021400403397800714 -0.08780639478651794 5.943486748886208
2.177298 -0.02388863846711397 -0.10360301831200204 7.127942245926505
2.28105 -0.025941264395001766 -0.11949595415423991 8.279684646176285
2.384674 -0.03136286929681824 -0.1386821843147492 9.433072210848412
2.488425 -0.03539382174435547 -0.15345645868419266 10.569787672830822
2.592012 -0.04258831428979394 -0.16972176783040788 11.695186777815051
2.799368 -0.04553207764247706 -0.21162201783349913 13.910707119133459
3.00675 -0.042581497152738124 -0.24596966841275053 16.099898182207557
3.214204 -0.03282767244146928 -0.28616547689584426 18.177567993652488
3.421685 -0.004194583266916352 -0.32264722282242786 20.212063613512477
3.629166 0.03536032969000402 -0.36003749150705366 22.211063147536795
3.83666 0.10326678924689381 -0.39447610812742145 24.181905881564592
4.044264 0.19329982956953518 -0.42379379708385606 26.0972714557412
4.251862 0.32747963944203295 -0.4582617039068841 27.941473988049438
4.459611 0.5187993624951632 -0.48613943853825525 29.766651403832896
4.667325 0.781562841734587 -0.514638324209677 31.525738360628882
4.874947 1.1111832548874379 -0.5395566735980408 33.242748007589256
5.082534 1.5216445817056465 -0.5637020719191946 34.89566209857568
5.290138 2.00854835813508 -0.5857559077865975 36.498699376066526
5.497872 2.573538377724544 -0.6054184920901324 38.02821122431354
5.705475 3.2150197352299568 -0.6212988793672028 39.48664759508909
5.913083 3.933030036786292 -0.6413321692939047 40.87326748387113
6.120823 4.745933018296265 -0.657261922920541 42.22943564226958
6.32844 5.6261640586505735 -0.6683176880966816 43.494845077607714
6.535919 6.57812217131038 -0.6823172283229103 44.675744435167644
6.743256 7.627794026325525 -0.7073293953605279 45.775575138855615
6.950676 8.729908052538786 -0.7283819857524828 46.773114577773164
7.158126 9.91552742593986 -0.7495351232353331 47.70482848055374
7.365577 11.162921673733589 -0.7723419421194663 48.56029423245858
7.572928 12.490079711120227 -0.8211113031895921 49.315310448723864
7.780431 13.882496575455534 -0.8773954429186566 49.988224812945305
7.987818 15.32863555849866 -0.9313162689812176 50.57541134532754
8.195302 16.84499202593915 -0.9846692748046623 51.05690737346903
8.40273 18.410003215031935 -1.0362204725109738 51.4055058444947
8.610085 20.032955291733554 -1.0845952518982152 51.636808101994816
8.817441 21.66242883886163 -1.1400277380538415 51.76117493379557
9.024545 23.314845354722703 -1.197939874829455 51.787863861516804
9.231657 24.989156037430096 -1.2586520709962348 51.73923071531899
9.438799 26.693435389846 -1.3187976965931145 51.63070365656475
9.646095 28.380989582907198 -1.3903603139040124 51.490879943320955
9.853097 30.079823060886028 -1.4827451485461847 51.317572921937284
10.06045 31.80059422421823 -1.5877502462267679 51.13943749078082
10.26768 33.532151505355536 -1.702176368512755 50.9493949157993
10.47504 35.276247821258565 -1.8233177192066587 50.753487179251245
10.68242 37.030945746677 -1.9408075342078328 50.54842933644993
10.88987 38.805982053947886 -2.0731508817975053 50.33470027821045
11.09727 40.573455732240035 -2.217719136183439 50.14160839202073
11.30471 42.39114026015176 -2.361182110366096 49.89013178704297
11.51214 44.21119190006128 -2.503655650790378 49.6529071024559
11.71955 46.04318372554971 -2.6414839289572187 49.39826919203305
11.92703 47.88742371691749 -2.7879326605639125 49.14211302870454
12.13451 49.74599175408645 -2.9481093896411026 48.893961567905855
12.34189 51.604234974238246 -3.1085185987354422 48.651160294385335
12.54922 53.49489111560825 -3.2638837854704614 48.38666622664388
12.75659 55.40042755703877 -3.4065802127585774 48.105231927249584
12.96381 57.31201224348932 -3.525690591210362 47.81692328079819
13.17118 59.21432983581833 -3.672756231607808 47.54380618310037
13.37865 61.152294621159456 -3.8235799993575483 47.27440546130789
13.58601 63.097795901547286 -3.964856814307142 47.006801449425396
13.79348 65.05394053163671 -4.110041261069535 46.740906310387565
14.00084 67.06513909661042 -4.2676272335694865 46.46254227512641
14.20807 69.05979421484035 -4.406348797092438 46.20793854392544
14.41543 71.05822496594475 -4.55187228732526 45.94072017942135
14.62278 73.10399723446163 -4.697761546131615 45.66011970802598
14.83014 75.14231819137444 -4.849799664433103 45.38934640018726
15.03737 77.19547762528546 -5.006659820460208 45.103191355448445
15.24485 79.24574166173522 -5.150311506473834 44.83177137788272
15.45231 81.31916907586324 -5.298462593927498 44.5752907432983
15.65967 83.41880675692964 -5.455250363242305 44.3196803688476
15.86717 85.5580054428149 -5.60672759775486 44.07075696497555
16.07463 87.69304881218368 -5.768822641901074 43.81815311581968
16.28215 89.84749159473307 -5.92000528271606 43.56310397293824
16.48961 92.0262256469033 -6.067903402572164 43.30278415026609
16.59323 93.11531771585625 -6.137999682035756 43.164247543261745
16.80059 95.22603502476471 -6.2782363268264 42.877069006070506
16.90495 96.28745664124156 -6.356205050760124 42.73108911689837
17.00813 97.34390994549155 -6.4362441298654804 42.56798620618122
17.11181 98.39055740583349 -6.517069956849243 42.396327130850565
17.31942 100.48845695067817 -6.663162875709974 42.00603950390918
17.42316 101.5208784179819 -6.737954961250278 41.794585759985495
17.5269 102.55006474728471 -6.813607754973491 41.56839279061289
17.73425 104.5818122545713 -6.961060999388831 41.067483500846706
17.83799 105.58686693247161 -7.042782968633623 40.808078332679045
18.04536 107.59544789074084 -7.19207067599774 40.230467566360446
18.14909 108.56949047646727 -7.265091631088186 39.921999511750734
18.35644 110.49868851705104 -7.4067955641929375 39.229531549873094
18.5638 112.41504233994455 -7.570599055642198 38.490149280346024
18.7712 114.28461072792118 -7.722542650748698 37.7109157869807
18.97873 116.13922144327879 -7.8780125495928885 36.857739448745775
19.18597 117.98658337025341 -8.041289228610932 35.932906401407585
19.39323 119.83733462819899 -8.214979509849872 34.924509414790364
19.60058 121.66616830861689 -8.390638615041965 33.858640030644885
19.80783 123.45134441073817 -8.563033997394916 32.71542718450147
20.01516 125.22405561992676 -8.741181648037744 31.503744151037225
20.22252 126.97746978773682 -8.91539549625583 30.200303907877966
20.32614 127.82183487409006 -9.006634877234077 29.529092974184174
20.53351 129.46463739541232 -9.175584860507687 28.136684715159696
20.6371 130.2630326165558 -9.258428128747774 27.42270208548505
20.74072 131.08105228599217 -9.344522102305284 26.67335241036171
20.94799 132.6199511999827 -9.519424529146463 25.146581228466104
21.0517 133.3973723698948 -9.605762173127314 24.338696372965963
21.25905 134.86376634730195 -9.783815506917435 22.666248319394477
21.36266 135.5694515670039 -9.870858218989474 21.798663658504047
21.57009 136.89996662723553 -10.043281599258135 20.02201329478742
21.67383 137.53102632649984 -10.137026526795058 19.097026573595052
21.88124 138.73022204584217 -10.324376137536873 17.197244134530486
22.08847 139.84464343387248 -10.524199656721695 15.260159651374678
22.29571 140.87646304854752 -10.710384445020779 13.294579341250703
22.50301 141.8406278949935 -10.913636759226314 11.27122753232392
22.71018 142.7198957033302 -11.121626668678928 9.208322526771262
22.91742 143.56432884707266 -11.312863134881555 7.101422601772995
23.12464 144.36237432224993 -11.4928838788659 4.98261640736947
23.33186 145.11345670081434 -11.672948574517019 2.863510204541356
23.53909 145.87498576478293 -11.866954127555422 0.7460723560825855
23.74645 146.60911901394834 -12.040754675591025 -1.3829029300942963
23.9537 147.31760751462966 -12.22187474479259 -3.512051746922303
24.16091 148.0038719757518 -12.418967782864783 -5.659293647126745
24.36814 148.70032698761474 -12.62163236450645 -7.807466021083542
24.57538 149.41768517586635 -12.822458308097477 -9.95689995365165
24.78262 150.13905302053217 -13.02331215903724 -12.097158366657851
24.98985 150.8859509904095 -13.22172410806712 -14.194253556847514
25.19719 151.6475532043503 -13.404790776193549 -16.255255883049827
25.30082 152.0511170942344 -13.501265315143886 -17.30751358596784
25.50805 152.87153092022533 -13.68926656190009 -19.348154514835628
25.61167 153.3106974261613 -13.783293133292972 -20.373991917180952
25.7154 153.76437226052758 -13.879298445437858 -21.385885047112133
25.81908 154.23512413591035 -13.974933071557475 -22.382224080882295
25.92279 154.71619350623 -14.071573865138781 -23.391555063289125
26.13016 155.71409543389396 -14.26181476762386 -25.361409646164482
26.23385 156.226961870235 -14.351268587294463 -26.325873508739065
26.44118 157.31440636009404 -14.526428814564975 -28.22240159389822
26.54482 157.8708888833035 -14.614732782219896 -29.161647479999907
26.64853 158.45039508262315 -14.694155093715978 -30.078768126786336
26.75206 159.0489650454674 -14.775359957234524 -30.971811571527354
26.9594 160.27420488961866 -14.938826547745325 -32.705886327151106
27.06308 160.91220530559508 -15.018547469686542 -33.55606604548569
27.27035 162.24004712441655 -15.166504500910829 -35.15900213646738
27.37399 162.93701015429346 -15.23877584202884 -35.93656345224704
27.47773 163.64386840372413 -15.318170159785101 -36.68705558881338
27.58157 164.36309627736244 -15.390815304741658 -37.40266982884863
27.68531 165.11529582897714 -15.469063012349594 -38.11623691902343
27.89284 166.65761908520176 -15.618163609248377 -39.46961517743045
27.99666 167.46035977242087 -15.684898630353466 -40.11370823992559
28.20406 169.12053140007606 -15.843225013298204 -41.3456704188965
28.30778 169.96629401361892 -15.915709817041881 -41.92003383736456
28.41162 170.83531870643048 -15.988464771919414 -42.469426638561174
28.6191 172.64060946822877 -16.138226711602712 -43.50021696064551
28.72284 173.55385052454423 -16.207406035523864 -43.95207169066299
28.82659 174.48404169521024 -16.280786205234772 -44.3824472212855
29.03407 176.39957816811489 -16.42567655286901 -45.160683118694564
29.13781 177.38444853483063 -16.498896664784876 -45.50126245882185
29.34531 179.37632341552793 -16.640930792486202 -46.07286020622015
29.55289 181.3946997311267 -16.788334369801234 -46.51762148452835
29.76051 183.43316892542046 -16.917369572033188 -46.79192784355104
29.96802 185.497290097986 -17.062189517142272 -46.9357198068086
30.1755 187.58171596131697 -17.210948974335473 -46.93141378286091
30.27923 188.62809987982243 -17.277766237238865 -46.876362730844455
30.38299 189.67886645040437 -17.340211472195367 -46.796784344897375
30.59036 191.7779609349304 -17.479279628783964 -46.5235076573529
30.7978 193.88119940609218 -17.62238805786118 -46.13116013988016
30.90156 194.92204075241713 -17.697562393018565 -45.88278222970565
31.00517 195.97059163107764 -17.766906198761767 -45.6014797789189
31.21251 198.01914673764603 -17.91534693175838 -44.9489012130877
31.42004 200.03859288338435 -18.05603573229153 -44.15645306682701
31.52362 201.04244104970556 -18.133937372590875 -43.703542694946066
31.73109 202.99980437274894 -18.292195896754738 -42.71940647667191
31.93858 204.8837894929929 -18.46715068849138 -41.60182564632686
32.14606 206.7708114501233 -18.633662134872374 -40.34537886083396
32.35368 208.55320276486998 -18.818617075095798 -39.038874837471425
32.56102 210.2877614049463 -18.971968079755058 -37.62118957734833
32.76837 211.9997754976987 -19.160670182353957 -36.1312978593195
32.97586 213.65774197411235 -19.315007070765652 -34.549966515992196
33.18321 215.27364056105972 -19.496732273922813 -32.87403962214172
33.28683 216.054266278395 -19.58291844613406 -32.0134298922149
33.49434 217.5577267186767 -19.752864242064696 -30.235102632333863
33.70142 219.0411633388095 -19.92780529513327 -28.37152355101786
33.80503 219.7533562585358 -20.014563596459837 -27.415732585863665
34.01226 221.15857996056678 -20.193972433325094 -25.466205665441407
34.21992 222.5150257964604 -20.371335845391553 -23.45849078441475
34.3233 223.18233066687276 -20.46873328766885 -22.438116507436106
34.42688 223.84332324805146 -20.55211569447506 -21.39939143232715
34.63421 225.15907971380267 -20.73944522240357 -19.30686068548505
34.84147 226.43266863326784 -20.9223861965195 -17.213531177706372
34.94505 227.0747778647301 -21.01008394067524 -16.15883785859269
35.04867 227.68963539153182 -21.101749551879717 -15.112251258512046
35.15228 228.3147638225821 -21.189057811919273 -14.046502475551065
35.2559 228.92309194799196 -21.276289465618543 -12.988796384139675
35.46322 230.1324648427339 -21.4572225877189 -10.848373630190864
35.56675 230.71885117221325 -21.546059113525608 -9.7967595604796
35.67048 231.30056791373485 -21.631996901989567 -8.740292330757484
35.87783 232.5024545320129 -21.794418709563608 -6.576233218104306
36.08507 233.65863069300434 -21.985873545690716 -4.463155328624126
36.49966 236.0373928132165 -22.33671084622006 -0.17693309052033612
36.70701 237.22922975100926 -22.523625180563354 1.9564370613650226
36.91449 238.42346958445012 -22.694986144756925 4.10127604379295
37.12185 239.61165563430276 -22.872189547855566 6.270450451757341
37.32921 240.82905613551813 -23.0394158736757 8.468252164316866
37.53643 242.0424260579942 -23.210786964878736 10.663711181893362
37.74368 243.26118349388273 -23.38755109987504 12.870501504702432
37.95104 244.4815268505737 -23.55467238362403 15.097895403154013
38.15838 245.704651807496 -23.70267995950678 17.316895683610554
38.36588 246.88660052112084 -23.853849209753278 19.506053462582344
38.57322 248.080408017078 -24.001871271958308 21.675718933974125
38.78062 249.25056845237503 -24.14778309974942 23.82774397569841
38.9878 250.39812420733767 -24.285586299901837 25.971842399143284
39.19518 251.49510920506765 -24.414967741415225 28.113581432691007
39.40253 252.58407656599078 -24.53726074761596 30.182204610126973
39.60976 253.63846233884317 -24.656560262087027 32.249585825146
39.81725 254.66861592743243 -24.78713837420177 34.307021396822535
40.0247 255.67670527618674 -24.921906557612065 36.33774477105824
40.23207 256.6696085184655 -25.064466173716834 38.3242928246447
40.43955 257.6657432713746 -25.20807365636808 40.31416916142334
40.64703 258.7134230837066 -25.331955858172954 42.22805714552172
40.85451 259.80722102676543 -25.459847204757764 44.12243303654074
41.06199 260.9394592598836 -25.589978232662883 45.98309184344238
41.26947 262.14322060023767 -25.719228491832745 47.80711179596908
41.477 263.4124551387126 -25.85905314385985 49.588505886051095
41.68449 264.7746490574042 -25.994977263382196 51.31100632839561
41.89194 266.2024928821534 -26.11914662658515 52.95699534327474
42.09952 267.7006020680342 -26.25170389922104 54.50754342251312
42.30701 269.2629884619935 -26.38070594020151 55.95501311319815
42.51448 270.90922188351567 -26.51186749963388 57.27472867038229
42.72209 272.61805085736955 -26.628104338008242 58.47049779743975
42.92959 274.3807759852105 -26.744259342679793 59.5228987940621
43.1368 276.20564344459524 -26.853725989574357 60.44334759035706
43.34415 278.08444026560494 -26.964580421159773 61.23219272785691
43.55153 279.99759307653807 -27.088464770122442 61.88618544017493
43.75899 281.96561591013887 -27.210847336940333 62.3973589066617
43.96657 283.9548836113578 -27.33388069760821 62.77193461483853
44.17385 285.9430802706918 -27.44882042471189 62.9962911058343
44.38131 287.9407740018923 -27.570399746447812 63.08739171792417
44.58866 289.92943785777 -27.68501723508882 63.02358108936534
44.79604 291.91092377608265 -27.810721423673225 62.82052702056016
45.00338 293.8586162047235 -27.936377441604034 62.476187594475114
45.21061 295.80069324285125 -28.054902905681594 62.006991679162354
45.41797 297.69198914358634 -28.15938408584235 61.36179158436261
45.62533 299.53404253400095 -28.268345091541242 60.59643561190647
45.83269 301.3048873346465 -28.370391237142087 59.674273007364405
46.04003 303.0597167566053 -28.462178996829657 58.61647269432285
46.2474 304.7267323702041 -28.563366528185124 57.41909043819177
46.45482 306.35703013251884 -28.67499016435815 56.06073354760473
46.66199 307.8824229607137 -28.77871328493399 54.56871169398602
46.86966 309.29549093287665 -28.905992280597843 52.95899622637347
47.07656 310.6145711691847 -29.030265340990663 51.20391388958049
47.1803 311.21456510562575 -29.10323939386301 50.28059408839259
47.38767 312.3248096872385 -29.234293993363163 48.38276881167354
47.59477 313.25262440940804 -29.363499064044873 46.44421291150826
47.80202 314.05707711778894 -29.49564483215324 44.44004057974395
48.00923 314.70876042971804 -29.61660008571352 42.440948987132046
48.11286 314.9888094137057 -29.689477229011793 41.39888034851825
48.31997 315.48635408343 -29.824530480465615 39.30035867307538
48.42366 315.70834733566613 -29.89027820189287 38.24208730235082
48.63055 316.11941880211845 -30.020363679196848 36.12773041810885
48.73404 316.3072746849605 -30.092296672675843 35.05613685234094
48.94115 316.66659947289446 -30.22881843550503 32.9037190658718
49.14838 316.9899288891294 -30.368440570753677 30.75779401225883
49.35574 317.27550270597914 -30.51584659483085 28.58174497400108
49.56296 317.5372662201811 -30.648719014872473 26.440894183375086
49.77007 317.7551883049285 -30.78506145069304 24.32172084212919
49.9773 317.95750319422876 -30.92381155265538 22.240338554523245
50.18449 318.1623770922765 -31.045814842721043 20.193441809470592
50.39151 318.38736211817553 -31.16556102367487 18.191891837912753
50.59862 318.65175651434186 -31.28854783293576 16.278822388660114
50.80587 318.96709790009066 -31.40490689927476 14.438407307966294
51.01291 319.3249818993126 -31.511885530193872 12.724783847928691
51.21994 319.76304224175306 -31.61809533027555 11.124366184865195
51.42685 320.30535339361563 -31.716607662966823 9.629799095426321
51.63365 320.95979068540504 -31.816018898652253 8.237304929006882
51.84065 321.74972368420464 -31.900577036495307 6.961699850649296
52.04761 322.67500848848795 -31.96788956663271 5.822713688928957
52.25473 323.72847162314474 -32.02091799166923 4.830157579770116
52.46211 324.8921569357807 -32.05136185415717 3.9790631348844556
52.66943 326.18702207077723 -32.06944141474834 3.264367857202501
52.87691 327.6402769797867 -32.07153659485416 2.6745439250478853
53.08439 329.2416913120781 -32.05806363638026 2.2422188282115343
53.29209 330.9452151770911 -32.02988148095953 1.971907891955908
53.396 331.8264046040265 -32.011000908116046 1.892847659703346
53.49987 332.73779434767494 -31.990230046734318 1.8548023973287364
53.70798 334.62839001316144 -31.973713744471983 1.8803637456840772
53.91571 336.59642790911226 -31.98578038548939 2.0504897900666386
54.02 337.60300981867067 -31.98972671226907 2.1930840154826896
54.22756 339.61967483314396 -32.018706746855386 2.5677177725603144
54.43528 341.64317736318185 -32.056860523407984 3.0794902977569762
54.64287 343.66148480624184 -32.092301294372106 3.7132893497430643
54.85039 345.6501667502587 -32.14147510193095 4.472154715376234
55.05791 347.6095943443779 -32.185276345296 5.360569325913048
55.16171 348.5578519100328 -32.207268597713934 5.851431324723535
55.36918 350.39715778018183 -32.257864352458405 6.935636040532131
55.57679 352.1562774627951 -32.328096147620215 8.18456719109534
55.78433 353.82115113755196 -32.40007944045966 9.579191307469074
55.9921 355.40394606247685 -32.47831836432387 11.107332899186815
56.19948 356.8799329700534 -32.56952037637312 12.742624833727632
56.40721 358.25462158911375 -32.67385606841987 14.45294663982105
56.61486 359.5378176188198 -32.77901039123749 16.20756262307063
56.82249 360.7687027004459 -32.88577919134746 18.02409063590602
57.02978 361.9331457264278 -32.98852186162965 19.880916783161666
57.23726 363.0149166786543 -33.085652122513885 21.77120245291522
57.34101 363.5196759960615 -33.14307037584851 22.74017216190353
57.5484 364.4890689467403 -33.25183589896519 24.707870995030987
57.75534 365.36152918222626 -33.36215873190102 26.73749865098418
57.96257 366.1335107645675 -33.47280730992676 28.789125820574384
58.1698 366.78603264598433 -33.578925383166016 30.885012288935116
58.37703 367.342122715398 -33.68802283518399 33.038028222723625
58.58426 367.76717819663514 -33.79623604335147 35.22068129186624
58.79163 368.0607011288291 -33.90287983939187 37.44968098237798
58.99897 368.24391110043257 -34.01623668327474 39.74083214637931
59.10271 368.3063956064484 -34.06898300760448 40.91806450970266
59.31044 368.3383407646098 -34.190374343430925 43.30839769813578
59.51804 368.3074967556244 -34.3146204420361 45.743783422648384
59.62193 368.28291872715926 -34.379509716132716 46.98338160648199
59.82954 368.2152752969565 -34.5161186863557 49.49209327873998
60.03715 368.1331653133736 -34.6545708845191 52.034437273340814
60.24461 368.0234402000498 -34.809961010678606 54.62606002569092
60.45209 367.89474088597706 -34.96006475899082 57.25995023970444
60.65946 367.77266437167214 -35.11030112120271 59.91087702908612
60.86685 367.611516807808 -35.27520042781252 62.59300532415191
61.07423 367.42966497910606 -35.42990875654109 65.33532849714766
61.28164 367.2445818805159 -35.60093101745454 68.12683666396165
61.48899 367.0634390457496 -35.766655444067716 70.95062732213643
61.69637 366.8540607501449 -35.92939465155912 73.82806379630239
61.90373 366.6285767436062 -36.10306396429139 76.72730521323781
62.11106 366.38804707007847 -36.28927872106757 79.64312019189236
62.31831 366.14905277065856 -36.47811542426067 82.54281764632847
62.52565 365.8859557376691 -36.67703168501665 85.44279756996502
62.73302 365.5917538473775 -36.8889982467306 88.33884331188136
62.94027 365.2703896634374 -37.08840286053032 91.22075441194195
63.14771 364.93239356594 -37.285753634779915 94.08761778756148
63.35507 364.5721182381204 -37.477497753957685 96.94660084009999
63.5623 364.1936395128431 -37.67408133826265 99.8020162440157
63.66606 363.9966981962306 -37.768340437476525 101.22384878274006
63.76966 363.7917315315944 -37.87182915210739 102.65722771363787
63.8734 363.5901934922123 -37.97449983798143 104.07755786503617
63.97716 363.3902726808981 -38.07824480954361 105.49834221876225
64.18451 362.98709871153693 -38.300540753178566 108.32592966886989
64.28824 362.7920368738821 -38.413902701380586 109.76446461213182
64.49559 362.39558240493443 -38.64809982621682 112.59158450474791
64.70322 361.98593669688915 -38.88870646524127 115.40782174675928
64.9107 361.58029306082716 -39.12527224985932 118.25569808680171
65.11808 361.2076587653766 -39.37825744858148 121.08044467629094
65.32554 360.84643724672577 -39.612861308196656 123.92296163080479
65.53296 360.4723715833699 -39.84107587443718 126.73243629491414
65.74024 360.12555324926734 -40.076537433106836 129.55468191607292
65.94762 359.7818365124571 -40.31283137867445 132.39995107901518
66.15494 359.4394171914477 -40.55418265981179 135.2401611250561
66.3623 359.1109076307217 -40.7986624954717 138.0566249814031
66.56966 358.77927006544894 -41.030543444740616 140.89523963869013
66.777 358.4575225958727 -41.285636731104944 143.73013316598616
66.98424 358.12380066793924 -41.53678410500032 146.55761087414348
67.1916 357.8042361650389 -41.79042188168359 149.39636372820115
67.39908 357.4867436474647 -42.032440513555116 152.24109350256904
67.60643 357.1608175153808 -42.27862387829237 155.07323680426168
67.71017 357.00215113822907 -42.408144795671234 156.49667466224795
67.91753 356.6859576450943 -42.65826151059909 159.356333640399
68.02129 356.5294568763203 -42.788613236932 160.77666107620544
68.12488 356.3776422756788 -42.91521243074633 162.19807160325382
68.33226 356.0587765577062 -43.161539239316134 165.0543614676109
68.43598 355.8961215412268 -43.28110870970607 166.47847526238257
68.64351 355.6006219624576 -43.535904294187816 169.33612581290532
68.85094 355.32663692228806 -43.80427448807163 172.18372210992567
69.05842 355.09181388323674 -44.06478319682234 175.0532609027508
69.26591 354.89461804787794 -44.30469278070454 177.93835561836798
69.47339 354.71975395356765 -44.54984367333414 180.8250549579737
69.68089 354.5773179716404 -44.7915916395126 183.7261185718679
69.88823 354.44895531699126 -45.04821784297124 186.63635286490074
70.09558 354.3738166839218 -45.303146633539555 189.55037729631357
70.3032 354.31794792256824 -45.551413714441175 192.46511188082494
70.51019 354.30624176786733 -45.79083195632801 195.3698607095361
70.61393 354.320742825681 -45.92621868144097 196.82961485902064
70.82127 354.36078176708224 -46.199054260324914 199.7590932046237
71.02862 354.4248065794494 -46.4511228684746 202.68439583040868
71.2361 354.52072981945946 -46.715107836709066 205.6364098711225
71.44337 354.6258396781241 -46.979341156412445 208.60906381635846
71.65069 354.77352010345527 -47.252921871528855 211.54258544774527
71.75431 354.86284699451846 -47.3726399126747 213.01066370474695
71.96169 355.08233598593154 -47.62298495964608 215.96321920257367
72.16903 355.3213767724732 -47.862686228423726 218.91717044465634
72.37637 355.6261202054003 -48.075948072420395 221.8777329280395
72.58373 355.94068459680227 -48.32973450447693 224.8233781109786
72.79111 356.30479572069606 -48.55700301391019 227.78621154605315
72.99844 356.70961387974563 -48.79407093337324 230.7613906142057
73.20579 357.142337234725 -49.013579560998295 233.74530348910622
73.41316 357.59843436875383 -49.24016062226622 236.73217178844038
73.62039 358.092666505932 -49.44970344632711 239.71556173560214
73.82776 358.6191299750591 -49.67763713091986 242.73400904072645
74.0351 359.2030889370245 -49.8932704199929 245.74614027190034
74.24262 359.79952166266463 -50.1119821414656 248.74846028977962
74.34632 360.12930598618686 -50.2169449627784 250.23135392295427
74.44994 360.46347332740345 -50.32237149525951 251.7373517269983
74.65742 361.2006114832356 -50.53061232157803 254.73113347313893
74.86477 361.9924357644879 -50.71054882939589 257.7391877986741
75.07213 362.84185454656347 -50.89188627659861 260.7465100596405
75.27936 363.73730995402957 -51.06097758739841 263.762395113608
75.38309 364.18196163862035 -51.14752897248801 265.2648607102258
75.59033 365.1206986326851 -51.30195637398762 268.22343543724156
75.79769 366.0875466104325 -51.453710407758486 271.1509206621929
75.90142 366.5897836992913 -51.52288892742039 272.5783737275171
76.00504 367.0959926118529 -51.58899577997809 274.01742118049935
76.10883 367.59911383893484 -51.66194665064117 275.439168307116
76.2124 368.11329792565294 -51.724980858922926 276.8653990106336
76.41965 369.15633825772636 -51.848299847668976 279.7062704199097
76.52335 369.6959573634655 -51.911698845415664 281.1036912523999
76.7306 370.7772828088382 -52.03652893290321 283.9338665348117
76.93794 371.8940282740376 -52.16934371867526 286.733617173109
77.04157 372.4590680635433 -52.23085924810164 288.1405828579865
77.14531 373.01678381184684 -52.28859048767023 289.53968613980777
77.35261 374.13948776132554 -52.39498039094315 292.2901590435491
77.4563 374.6975327847242 -52.443923416693536 293.6553193882917
77.66364 375.8101346133875 -52.562919074766796 296.374360979387
77.76726 376.3692431220496 -52.61650710549468 297.7354416243552
77.97461 377.4779064898657 -52.71946930722055 300.40076048218833
78.18197 378.58228383638493 -52.815336397336246 303.0238162058153
78.3892 379.6601935101339 -52.91790488985034 305.6328982621306
78.59655 380.7296801774718 -53.01847307885343 308.2064362682446
78.80391 381.80140235382396 -53.1153310185921 310.74778763734577
79.01129 382.8691082964035 -53.20783952978685 313.29331496041857
79.21862 383.93965611802474 -53.30236107666452 315.8140981896175
79.42598 385.0275864205953 -53.378846552898594 318.3056815219155
79.63321 386.1086175497279 -53.45387548204211 320.85264285881334
79.84071 387.18765796303353 -53.52114468441996 323.4404112617498
80.04817 388.28208806008405 -53.59619534844797 326.04253278866065
80.25565 389.41650025203535 -53.66049159890613 328.6389153936425
80.46314 390.6001488980847 -53.71967202273254 331.2531371661584
80.67049 391.8601005773062 -53.773685586620815 333.88715583170887
80.87784 393.17325430573203 -53.81871953410123 336.4977197648684
81.08508 394.51573803871156 -53.87175357662091 339.1031627348578
81.29246 395.91880244386783 -53.94121967314567 341.7431131020717
81.49966 397.4059697739343 -53.982225173189434 344.3356718552748
81.70702 398.9264010771272 -54.028656931042306 346.9301193892745
81.91437 400.4758723829766 -54.0559644758418 349.56298952668106
82.01799 401.2604715044095 -54.06357105482473 350.86519610285103
82.12173 402.052646479356 -54.08197481937018 352.15835011014326
82.22535 402.85528692629816 -54.09482714553663 353.44555751109795
82.32896 403.6543591227204 -54.111760404110356 354.727573162631
82.4327 404.46787081543704 -54.11975252418077 355.9990249599748
82.63994 406.0761265164195 -54.132394298452326 358.50593583585544
82.74372 406.8759655483536 -54.1366239502295 359.76310705470064
82.84729 407.6743064664018 -54.14205861368186 361.01304228307686
83.05464 409.2854012765599 -54.14616352100816 363.46967162016904
83.2623 410.9073456828884 -54.135881944809874 365.9935427796135
83.36575 411.7277302948994 -54.1317742905124 367.23786857519406
83.57317 413.34157872681396 -54.11480276610165 369.74188336770123
83.78045 414.9701659067158 -54.096209398061596 372.24206817487607
83.98793 416.6208372565163 -54.07939898791972 374.7573944478794
84.19529 418.2474647458117 -54.05187667218861 377.27245812034994
84.40264 419.8485798435849 -54.05328289253283 379.7772577455391
84.61 421.4629730023718 -54.01931637681376 382.28643704997165
84.81736 423.0671213744595 -53.97629793810619 384.7797252564532
85.02471 424.65794277427017 -53.92260240759779 387.2845174490446
85.23209 426.25251655079194 -53.86407685881389 389.7893963235991
85.43944 427.8192547915825 -53.82367331490986 392.28182466069967
85.64678 429.4106004980273 -53.76203479301828 394.7786283288429
85.85401 431.008616330221 -53.70822911145118 397.2709012855019
85.95779 431.809995872748 -53.67087607842683 398.50950377237604
86.16498 433.41609644709183 -53.60216011834147 400.985503098011
86.37234 435.03102574946297 -53.54503962809318 403.4449117957889
86.57973 436.65520620932637 -53.48621191147438 405.89896401339274
86.78705 438.28877014518963 -53.41946251121978 408.3565453020434
86.99428 439.93349635872096 -53.365000744424805 410.76545281497954
87.20164 441.593533962995 -53.32228693995022 413.17717899065013
87.40899 443.229413576837 -53.25788189700174 415.498767495376
87.61622 444.8451807399806 -53.18821103432413 417.7794730845816
87.82365 446.4481632383819 -53.13821389063304 419.98167267226756
88.03093 448.02793875010707 -53.10504308313517 422.1533527381974
88.23832 449.58002636885567 -53.05260646467167 424.2930760555522
88.44553 451.1174527921355 -53.0051823437538 426.4044578177844
88.65288 452.655358968043 -52.95338574010792 428.4933262749986
88.86036 454.18347762672624 -52.91556627545633 430.56773763419545
89.06773 455.7003463517732 -52.87606417003171 432.6080927930004
89.27519 457.20669083944085 -52.844825254513246 434.5891154320544
89.48255 458.67165373759593 -52.805910178824064 436.5492087254462
89.68991 460.114380196393 -52.778301848553824 438.47029995938107
89.89739 461.5201111111435 -52.74516676498311 440.3464001192394
90.10487 462.92810153723275 -52.715046940956896 442.18878781748924
90.31224 464.33229896220394 -52.68455856270083 444.00217939207465
90.51961 465.68415741694463 -52.65547787710949 445.7445229966429
90.72694 467.0093975693113 -52.62785558320187 447.4038954134734
90.93429 468.2964940510221 -52.589249062375515 449.0011272710615
91.14162 469.53374343570204 -52.56810587113085 450.50111343335095
91.34903 470.7187849963445 -52.54545988900527 451.94763620282777
91.55623 471.9022136391983 -52.52567728152643 453.3618552276472
91.76372 473.0292546639881 -52.51253040253171 454.7239765111035
91.97107 474.1060914400049 -52.50024732266295 456.04115939809157
92.17851 475.11376993061333 -52.48445652388702 457.29079274722966
92.38595 476.047371266937 -52.46408233347056 458.48563187975174
92.59314 476.9265537762208 -52.45520394421269 459.6249070216278
92.80062 477.75894778609427 -52.45275475827186 460.7034914626631
93.00787 478.56729861149296 -52.45511658771743 461.73524326225703
93.21508 479.3507669278241 -52.4580444595565 462.76203255266324
93.42219 480.07585088863397 -52.46749182031722 463.80058976784727
93.62917 480.73044330595803 -52.47309171249086 464.8456178267681
93.83603 481.30251772021643 -52.4788244167116 465.9164136231896
94.04301 481.754984748237 -52.491768422276714 467.02918262819173
94.24999 482.08876648061727 -52.4919456062664 468.16095061371163
94.45728 482.31747314112766 -52.4871048185625 469.3448597744978
94.66445 482.4448154254764 -52.48436953396679 470.5976501037197
94.87183 482.4355339380363 -52.47253184368156 471.90098545376543
95.0792 482.3116741953271 -52.452252972356455 473.23274791981646
95.28652 482.04331028286975 -52.4235135630762 474.5805876690305
95.49402 481.65248331109484 -52.4072874878467 475.9553625125435
95.7015 481.16427755785867 -52.39452334831829 477.33086296274354
95.90909 480.55357621826613 -52.38475464798597 478.68964591595443
96.11682 479.8373658480858 -52.382217021775325 480.07954965242493
96.32482 479.07776002760573 -52.37176633691362 481.54336544912394
96.53288 478.294162131873 -52.35624504779724 483.0175574170605
96.74076 477.4759858501592 -52.32503829682239 484.5342643071315
96.9485 476.63530022903615 -52.30237530795304 486.0993773446545
97.1561 475.7703568929203 -52.27712766350111 487.6899917026387
97.3636 474.8852145461487 -52.24734515648565 489.32208352177304
97.57106 473.9845703936176 -52.21783958239636 490.9943649711991
97.77842 473.0622096778839 -52.18203037102386 492.7261107281264
97.9859 472.11343542857566 -52.15469908829053 494.51007511599516
98.19326 471.1464514017523 -52.11593877370983 496.32846422197076
98.40075 470.1596407457832 -52.06236855906013 498.1690644749153
98.60822 469.1406152222871 -52.017795551418246 500.0624972264877
98.81557 468.11477422699693 -51.96633659288341 501.9646131259515
99.02293 467.07398660592105 -51.90680046931022 503.88853108315163
99.2308 466.0311634197671 -51.8463285273869 505.8156662784713
99.43779 464.98636153187476 -51.786171379712435 507.77312363902035
99.64525 463.92415983239005 -51.73999555376152 509.74100759910823
99.8526 462.86239901465785 -51.67764756070346 511.7308293559269
100.06 461.80688263043675 -51.60717629793979 513.7187477309739
100.2674 460.7345176880663 -51.548590769471126 515.6835844115441
100.4748 459.65440284900507 -51.513239387577286 517.6784843999742
100.6821 458.571045108749 -51.483779753461846 519.6747015840613
100.8895 457.4969275286855 -51.42461911311174 521.68077237178
101.0969 456.41088083285905 -51.373468092438195 523.6739696199788
101.3042 455.308231346251 -51.32643997602017 525.6677463859307
101.5117 454.20628492296754 -51.27648306814035 527.6785842043972
101.7191 453.12113313862676 -51.22321265475529 529.6526408213741
101.9264 452.062650248624 -51.171700699631145 531.5734846779168
102.134 451.0274523495497 -51.11674376463619 533.4574622925451
102.3411 450.00323321844735 -51.06925979208547 535.3332992414441
102.5485 449.00007480649947 -51.02113052520231 537.151752087253
102.756 448.03228419590766 -50.98410766882244 538.9094262737572
102.9633 447.0940942353902 -50.940837298490194 540.6164258401134
103.1707 446.2033471233817 -50.900819211199895 542.2521506638369
103.378 445.35761234020026 -50.857881746386724 543.7800235704685
103.5854 444.5656124771762 -50.827916777282326 545.2287183982696
