0.0 -0.0 -0.0 -0.0
0.1037359 -0.0031770354546226827 -0.004828962318257428 0.8468692322473246
0.2073381 -0.0164431439481441 -0.010082325184524 1.713298284107447
0.3110752 -0.032671533292573156 -0.01709113089761015 2.5952228783546083
0.4146917 -0.05867932808083254 -0.024736776426890317 3.5027362850458377
0.5184302 -0.08078194999138313 -0.03694751752689115 4.4295991727627
0.7257977 -0.15284390915849336 -0.061014130118594564 6.332923046052557
0.9331467 -0.23474592865786936 -0.08010652863303931 8.310202473993405
1.140497 -0.3375329173996891 -0.1045981368619218 10.330918371810931
1.347979 -0.43864497031513916 -0.11970237709328797 12.394781900975671
1.555212 -0.5538291042664789 -0.14455342677278268 14.499876286155367
1.762569 -0.6831906856197795 -0.16811921750920178 16.64505258067963
1.969923 -0.8247575626792538 -0.19950804478305387 18.83145023230135
2.177281 -0.9598302116843459 -0.23090787187038037 21.061311457294792
2.384639 -1.1075512092914903 -0.26460365799587326 23.31153649236604
2.591988 -1.2640444684222512 -0.291198186801083 25.599461496192404
2.799367 -1.4189389614399837 -0.31937775430408605 27.912417281469715
3.006768 -1.569336950593839 -0.3333911685192311 30.243204643905106
3.214057 -1.7166955465110616 -0.3527753992234219 32.59548717111543
3.421285 -1.850918755062841 -0.38207718000970414 34.98220010404674
3.628545 -1.988102224641561 -0.4093722787169597 37.41214372930198
3.835871 -2.116711037030493 -0.42572968616699663 39.83398606199909
4.043107 -2.2879227265860598 -0.45304308981416075 42.28733091314253
4.25046 -2.4614440311241625 -0.4787372116254246 44.77083657789515
4.45794 -2.6397337456938503 -0.508300889632143 47.2564575077232
4.665293 -2.8248826410674055 -0.5247050563354758 49.74861451385499
4.872532 -3.009118103318024 -0.5347328724774711 52.21019256170807
5.079909 -3.199459624982044 -0.551295700995395 54.66674110727572
5.287117 -3.3766324895534043 -0.5702456735258974 57.11667804016766
5.494473 -3.576465543225544 -0.5913143401005286 59.52896782270575
5.701829 -3.7628568467812107 -0.6215792363781938 61.93459744554199
5.909185 -3.94949176707841 -0.6512484682279975 64.32626905187006
6.116541 -4.12818718531675 -0.6859254464779967 66.69747401523163
6.323895 -4.307866434412658 -0.7070482213629713 69.06844834788235
6.531383 -4.49514477590159 -0.7182085508963356 71.42534870179473
6.738741 -4.6952241131098456 -0.7302793639049205 73.72540460369082
6.945963 -4.905843631162889 -0.7542027175617813 75.98121421316934
7.153323 -5.10965109086556 -0.7949898777926735 78.17908258357704
7.360549 -5.3078838744593275 -0.8208442526071174 80.31433566405397
7.567786 -5.50508290957888 -0.8518104880598018 82.3780013649954
8.708175 -6.549930575961859 -0.9648011181718934 92.21893283986715
8.915403 -6.691470530656204 -0.9999314918698013 93.70463139122977
9.12289 -6.846015647490042 -1.0312553586196298 95.11998637367897
9.745342 -7.076682878523998 -1.1078392615928043 98.97878534818031
9.953059 -7.0317747529190004 -1.1265385642000005 100.14037378215247
10.16083 -6.913389886930795 -1.145740589164883 101.25007015760794
10.36867 -6.70521715647175 -1.1616692913025326 102.31142177784547
10.88875 -5.744891594818313 -1.2048337912887337 104.6602137646193
11.09659 -5.171300008390453 -1.2213826118552409 105.45282281539026
11.40818 -4.149707342681552 -1.2706363930547353 106.45333555232745
11.61553 -3.3723617617997164 -1.2923467178066688 106.99963053508591
11.82277 -2.542858494603756 -1.315977679566652 107.45443904359927
12.03 -1.6830092647191321 -1.3404132861819313 107.83944796366025
12.2371 -0.7549969913681025 -1.3506193169113256 108.10272283175932
12.44411 0.2005372665093823 -1.3636228820763687 108.34803471109475
12.65107 1.1841273348724712 -1.4006821378229763 108.59724958142166
12.85806 2.2354193326219907 -1.4328294594178683 108.75976997366396
13.0652 3.3370734021665527 -1.4286396507675425 108.88816426616111
13.27235 4.527396702191622 -1.474451277558165 109.03220882535041
13.4795 5.805497786391639 -1.5229201512545116 109.13897436941504
13.79034 7.88214120112304 -1.579345358034383 109.24483559065412
13.99767 9.391705510870171 -1.6182736445270551 109.31875729353062
14.20492 11.01268963734422 -1.6605427820844738 109.37909714800429
14.41227 12.72972299844185 -1.7051976075040827 109.43351290387594
14.61968 14.54838840554411 -1.7492677562285355 109.4826770457297
14.82686 16.459742150604576 -1.8019208047372137 109.53891874064118
15.0341 18.453556024591812 -1.8545416721479422 109.62633156177024
15.24145 20.551052954508226 -1.907108742833297 109.73477305325862
15.44881 22.721173082176477 -1.9611463530840918 109.87962512181075
15.7599 26.022766123146063 -2.0541049067631727 110.12787984127183
15.96739 28.26254304897084 -2.1352107990019897 110.29900512247974
16.27845 31.631203006757275 -2.2575131277194598 110.5498296921265
16.48571 33.870605274465625 -2.3444522637393237 110.7219070210029
16.69309 36.10346040534483 -2.4258644047379008 110.8779246667481
17.00419 39.46548505734434 -2.5508769011774497 111.094568027885
17.21165 41.65639466139301 -2.6243930786621696 111.17986177900409
17.41915 43.82549746757747 -2.6960229480452975 111.220466115487
18.14482 51.24283475878867 -2.932939331895879 110.98946651148538
18.35217 53.282414676527495 -3.0098131608611256 110.84091257360777
18.55957 55.29583514963112 -3.0775848706991336 110.64800438249867
18.76688 57.26129629572636 -3.1385499398331116 110.43061816658998
18.97411 59.163445608202515 -3.1979420406670855 110.22513293822936
19.18141 60.985575937299686 -3.2502910675637993 110.02876314765743
19.38868 62.70619319484905 -3.304722544320721 109.85622836019094
19.5958 64.3261099790153 -3.3623456534372416 109.73871735592198
19.80291 65.82586854948701 -3.421567928944529 109.68593570203068
20.01002 67.25518312469946 -3.4843567673258566 109.70481417601584
20.21714 68.65246102861973 -3.5442307946988314 109.81273047193004
20.4241 70.02608094233209 -3.5992727616433133 110.02880904504852
20.73444 71.99177796224622 -3.675867631194511 110.60628472206204
20.94151 73.19725931212021 -3.7187149468008647 111.1660622160089
21.14837 74.27810560602717 -3.75425804778268 111.87125415931884
21.2519 74.77736885291857 -3.775004908491585 112.28946471648244
21.35544 75.2388330300979 -3.7947480123989488 112.7390900975238
21.56272 76.08127317982698 -3.8468508531471293 113.7211972024971
21.7701 76.78508729708135 -3.8860063231679014 114.83604216581087
21.87395 77.0756466263166 -3.901966217502401 115.43113486656762
22.08144 77.58382070693997 -3.932568746144982 116.69199106439928
22.18531 77.79843773209251 -3.945172814529414 117.34397620565541
22.39317 78.15381748902158 -3.9566206693662673 118.70466580110751
22.60129 78.65130137111348 -4.014588434948748 120.03668516985323
22.70551 78.8025905917383 -4.0238923564111895 120.73596262624912
22.80964 78.93262528299665 -4.024621052084847 121.46320224256297
23.64143 80.13101786956375 -4.062022999630525 127.87947933461338
23.84899 80.50971386830705 -4.090149883962485 129.6708547062147
24.05642 80.93969184148776 -4.110274784466277 131.52488804115706
24.26396 81.39363386987603 -4.120887836957224 133.4269006710379
24.471 81.84559463087734 -4.141362208926653 135.3796786282641
24.6781 82.29324256477335 -4.154430457812844 137.4267761612528
24.88547 82.76227474634308 -4.18667801508104 139.5615596128289
25.09267 83.20059228807952 -4.211892070568017 141.7388015244814
25.2999 83.6576477643572 -4.231947693760647 143.9855785100105
25.92198 85.08992512839544 -4.320646676292704 151.13539892888954
26.12923 85.5433633325341 -4.348839987282796 153.58718483088307
26.33655 86.00392080904315 -4.3737684957877265 156.09247652211627
26.9585 87.58189335494112 -4.502992577727316 163.6255321068575
27.16587 88.10258842973508 -4.5364158126652825 166.16346488622625
27.37323 88.61965259213696 -4.573235136543903 168.65841165921296
27.58044 89.1753923847645 -4.626399642594525 171.100070257806
27.9951 90.2303719957522 -4.707923372794073 176.08146351919987
28.20228 90.71308774575769 -4.739612521434991 178.47569936892913
28.40963 91.21529093004399 -4.801357371693391 180.9005058822906
28.51323 91.44594388334934 -4.819156101360541 182.121049580747
28.72228 91.8905861070866 -4.855514876691671 184.49860756394756
29.34253 93.21299142887301 -4.999070884770392 191.66918072022239
29.54976 93.61481495443476 -5.041944479818887 194.03898814918512
29.75712 93.98792598301836 -5.068561869075089 196.44058364066407
29.96462 94.43061406171097 -4.439887795067035 198.80266802408136
30.06821 94.58260039412214 -4.4477739263785026 199.98044000508153
30.172 94.73870693649202 -4.457058941157573 201.17825107246688
30.37931 94.99512193899865 -4.503718870932772 203.62548438344874
30.58667 95.1930274966351 -4.555957834752071 206.076068478343
30.79405 95.3764188465319 -4.610190477149919 208.54873968802437
31.00138 95.49907560860144 -4.665228777468595 211.0566206406198
31.20861 95.60710730174344 -4.696524345951257 213.55634381947942
31.4162 95.68816032190624 -4.729483421613228 216.03993187248236
31.62342 95.72903744714876 -4.76811793683391 218.51844836309434
31.83069 95.7603959285548 -4.805725998012327 221.0398527216838
32.03804 95.80313356101168 -4.837353282235669 223.52112107692992
32.24526 95.8419955794514 -4.8552265519719 225.97582750018563
32.45266 95.80785859007628 -4.900007989170328 228.47030318274338
32.65998 95.76780671017065 -4.910323215936449 230.98805177615768
32.86747 95.69426988449335 -4.938998694164629 233.49473941554962
33.07483 95.61900550299825 -4.968859439887393 235.99101394423454
33.28231 95.43558926815005 -4.997371552449655 238.55311023300692
33.69713 95.00627588861782 -5.0364916958480785 243.57090001507095
34.21584 94.50184313323786 -5.121738087947355 249.97305796687255
34.42334 94.31051587140725 -5.160300815609146 252.51584788080552
34.63067 94.10485103429072 -5.209157616880308 255.0739252764293
34.8379 93.85211060805499 -5.272744178868339 257.6463620453605
35.04526 93.62131189284749 -5.314847389561722 260.1589868893552
35.25251 93.35770900220406 -5.368838532259948 262.6797777573891
35.45985 93.1040961138292 -5.424945398574033 265.1971576064497
35.6672 92.8608684317527 -5.477074092942833 267.6420683444294
35.87468 92.60784258899659 -5.507934542417656 270.0567475737007
36.08208 92.37966331412544 -5.555707221585798 272.45794837248275
36.2895 92.15688304109244 -5.586738706385541 274.74384947743897
36.39322 92.04107419539925 -5.593144694306144 275.8497970849106
36.60049 91.82349587210634 -5.648803897458764 277.97389202881646
36.80799 91.6368594081906 -5.697873698451372 280.01053770722973
37.01548 91.45483706234891 -5.7512053013802875 282.0489791050078
37.63739 91.09610450874321 -5.8824999248788234 287.93703325616957
37.84475 91.0690952074356 -5.945694378428645 289.8892361934321
38.05231 91.04623499927094 -5.996663758769863 291.8147903353603
38.25967 91.00167761443781 -6.015888542028826 293.756704224595
38.46657 90.96601624574102 -6.048316297717337 295.7165384875194
38.67381 90.88046567268732 -6.080220016508195 297.6688690654912
38.88106 90.83533119604225 -6.120571527858761 299.6335314049257
39.0883 90.7458880037514 -6.162550335940508 301.6685434509109
39.29572 90.67592038704659 -6.196329608193056 303.74021305759544
39.50298 90.56376488263972 -6.200426565992071 305.78483163621183
39.71039 90.47452093396647 -6.203589590050937 307.84706400352366
39.91781 90.39193265527983 -6.222711963294393 309.96643627387704
40.12518 90.2793155327171 -6.255051636028053 312.08207700384236
40.33256 90.1812490014155 -6.272931258919401 314.1868256915521
40.54 90.0527469994518 -6.290252424858311 316.3052048427961
40.74735 89.93028748472796 -6.320533569463419 318.3864409544371
40.95472 89.81034805597614 -6.351327702917656 320.4343044628364
41.16209 89.67675866493698 -6.388781658531444 322.4588877949633
41.37036 89.5700718912979 -6.432083581261692 324.45327775196404
41.9914 89.19150730880524 -6.500455654706299 329.75167301457884
42.40533 88.71566308599284 -6.549384068850073 332.777196690354
42.61235 88.35440008084733 -6.588076034593482 334.2143786958861
42.81932 87.86991768105116 -6.6299557072502875 335.547761273689
43.02619 87.2679649224998 -6.6621819365422885 336.78950873506346
43.44005 85.67963745777519 -6.774018395352653 338.89672721208103
43.64715 84.74134812832884 -6.807239584014875 339.80176380533453
43.85435 83.69050854265615 -6.8170893129657735 340.5915217340168
44.26891 81.47778233369698 -6.793856284586349 341.7356967301648
44.37274 80.89401177205423 -6.77964301956629 341.95868358299424
44.47627 80.28890041285668 -6.7598023115573005 342.1529191093945
45.51485 72.6154389075336 -6.598548607320312 342.6449987603819
45.61856 71.69991875019029 -6.591605998824577 342.5758132102164
45.72254 70.75198155573496 -6.578984960909257 342.497437970771
45.93051 68.7853251505459 -6.553277982414173 342.3338973988102
46.03457 67.75681232357209 -6.5389988300071735 342.2467355837155
46.13842 66.69044932639416 -6.528185002027138 342.1600462763781
46.76168 59.55919241475565 -6.4595326516125775 341.57699887063336
46.96918 56.88564032307181 -6.432401087292373 341.3602486103105
47.17665 54.06585775068736 -6.4059050681317125 341.1601158627391
47.38412 51.106736286417146 -6.387172374474973 340.96238956945706
47.59151 48.050009081692934 -6.364361511605944 340.7540316135367
47.79871 44.95845138934733 -6.333796054697014 340.5436105087196
48.00607 41.91364836631589 -6.323291549266573 340.3322313846515
48.21388 38.84894412056696 -6.3014516454410625 340.1126465736587
48.42053 35.772446423227606 -6.272396079642162 339.8796426932664
48.62778 32.7350198841566 -6.228495395365611 339.62764963204427
48.83536 29.717192553189093 -6.195635177515581 339.34660755142244
49.04259 26.70712551511847 -6.168551948999444 339.05285938213666
49.24983 23.730188728581375 -6.157435365500104 338.73975417162586
49.45761 20.760721815957783 -6.157250089596638 338.4539899375291
49.66469 17.80380477227202 -6.159481775073828 338.19057555098027
49.87203 14.885923479370163 -6.160064003748178 337.9661732594983
50.07937 11.972178053015803 -6.155419566540038 337.74831179474074
50.28673 9.07166638211963 -6.142335787708082 337.53776066513433
50.5977 4.768277591747935 -6.120123515086556 337.19242960924794
50.80505 1.941395371247438 -6.104687761705606 336.9374846177606
51.01241 -0.8583749228795909 -6.087692139835694 336.66269399719863
51.21964 -3.646401960856405 -6.085051087953277 336.3685087034807
51.42712 -6.410631262252036 -6.076314127180286 336.03879633227604
51.63435 -9.150071851302847 -6.052893702260536 335.6855019813762
51.84186 -11.813823484933849 -6.036000204317645 335.3228091551962
52.04919 -14.429153896505444 -6.02171719723948 334.9684863280719
53.08597 -25.906137396241462 -5.974749726950191 333.5732781908834
53.29322 -27.908562261135 -5.9644993508987785 333.3753897812931
53.50056 -29.781538770968282 -5.959937635946142 333.20922219009555
53.81153 -32.36157571729399 -5.941912188384328 333.02109220448864
57.43933 -42.1322133960712 -5.925577622656477 332.81439819563167
57.54296 -42.16072864768857 -5.932218041608384 332.81303172460224
58.37224 -42.9879673710917 -5.932888481982265 332.8359812717891
60.13578 -49.941905685760005 -6.050935852696167 334.87554583293775
60.23977 -50.4345051372641 -6.0592198377290085 335.22513253724543
60.44719 -51.37278654642503 -6.087468895801929 336.05443862801394
61.48395 -54.977416811466426 -6.158290875143668 342.8780456059517
61.58757 -55.200982206105095 -6.165722505537006 343.8096252972894
61.79455 -55.56008306938017 -6.202349395705896 345.8192151405378
62.00274 -55.826778336316906 -6.23714368786264 347.9874769431525
62.20813 -56.03821250391587 -6.27215643809969 350.2915467786972
62.41486 -56.22413034460877 -6.307021374610796 352.7299899385323
62.62174 -56.390123427034176 -6.333910780241299 355.28426503457246
62.8287 -56.54775730845519 -6.37375005307338 357.95363987003486
63.45015 -57.04767223627271 -6.471396155318751 366.6695971893125
63.6575 -57.259777052680974 -6.518214561755311 369.7676562428987
63.86499 -57.48095760849115 -6.578449584524911 372.9824186548164
64.07222 -57.69684895719108 -6.620660927338665 376.2994302729775
64.27962 -57.89685369506085 -6.646499754258738 379.66450185415874
64.48693 -58.12001069921922 -6.6989411873062865 383.12924914034244
64.6943 -58.37269673786646 -6.773006771867549 386.6853908135522
64.90164 -58.63202742987078 -6.84119746238181 390.34337272852787
65.10899 -58.88328794833623 -6.8861099679327875 394.0665236607317
65.31622 -59.13395088432782 -6.9203978025724755 397.84506696757757
65.52362 -59.3984314704957 -6.999419532088323 401.686924513922
65.73079 -59.68815750085416 -7.074989120804335 405.58339017427704
65.93804 -59.97713863407182 -7.144428667151086 409.4575956306195
66.14527 -60.3055822936044 -7.2363565659757 413.38241826960905
66.35263 -60.643384979315805 -7.347264065037523 417.322305269644
66.55986 -60.98544629176584 -7.4370361189885426 421.2428794935031
66.76724 -61.32150938191165 -7.5041189986315855 425.1383907379817
66.97457 -61.65991192607504 -7.587989493982022 429.0061856099197
67.18193 -61.99553612486953 -7.679583700013218 432.8346459493876
67.28567 -62.16504733607605 -7.735923593465274 434.7559338864052
67.49297 -62.510724261109615 -7.833222957097792 438.56794675778224
67.70027 -62.83948910113769 -7.907939725297475 442.36672733949325
67.90759 -63.173982867830205 -7.971343743988386 446.1517700789639
68.11497 -63.502786954211956 -8.026769098074173 449.9033845692632
68.32222 -63.845232495193514 -8.110227265099004 453.6543106316122
68.52959 -64.1710550701471 -8.195123983790516 457.3971451834364
68.73691 -64.49428343068152 -8.280475853650808 461.1799535643604
68.94427 -64.8310988111418 -8.3488164141955 464.96430660292634
69.15162 -65.14561827458166 -8.422699666608523 468.79747074651635
69.359 -65.4619533083523 -8.485910002630046 472.6608649598128
69.56633 -65.7800617202249 -8.559174240019159 476.5598126538417
69.77371 -66.09994269671012 -8.631439732053277 480.4708208460991
69.98093 -66.40866115225185 -8.71507342636007 484.4209196669065
70.1884 -66.71927146556092 -8.790572587729468 488.37758450269877
70.39563 -67.0301177443254 -8.849563428067809 492.32390503732825
70.60299 -67.32846082694682 -8.914797486108592 496.24227551217257
70.81037 -67.63787408611148 -8.98749389775874 500.1546889031335
71.0176 -67.93941240504196 -9.052461927438719 504.0446338044495
71.22482 -68.23609233731072 -9.108685834049226 507.88395744700165
71.43216 -68.52142800712524 -9.175899839136676 511.6711963142495
71.6394 -68.82863703321387 -9.250763556166735 515.432585915662
71.84665 -69.11822002092251 -9.320016358572879 519.13706676182
72.05392 -69.42502035406775 -9.376626861396884 522.7594101259785
72.26124 -69.72006028474009 -9.425771006780696 526.2973648799135
72.46845 -70.0331268159621 -9.486000730687286 529.7636825348818
72.67572 -70.34840028540849 -9.55282317725925 533.1648636736385
72.88304 -70.66410878239853 -9.612909022112 536.4618765312979
73.09051 -70.9543432609808 -9.672948278022364 539.6492400981115
74.02343 -71.95476361886605 -9.92217439451675 552.225298421661
74.85254 -72.58267166608391 -10.0839722013712 560.623809927635
75.05961 -72.77417272136871 -10.118643986571456 562.3218582296751
75.37005 -73.20991135571137 -10.190709947836986 564.7220731155006
76.71482 -77.94454401105895 -10.319818577704522 573.0454617915514
76.92199 -79.27612463677198 -10.320379492249645 574.0878523692288
77.12902 -80.80842543723378 -10.25743898080263 574.9981396141161
77.33625 -82.52517777608551 -10.223837801508115 575.7010244642279
77.54357 -84.40248585337937 -10.206596944126575 576.1753689208708
77.75084 -86.43469479430615 -10.18644760499788 576.4557395488589
77.8547 -87.51435789486862 -10.189429651028563 576.4692226278052
77.95859 -88.63094114755951 -10.176832294412094 576.4245912512762
78.16657 -90.92823040772117 -10.148656055286796 576.209104158591
78.27066 -92.10992391226343 -10.117667969261923 576.0693707207602
78.47901 -94.6055683821732 -10.072973216523108 575.7600167110303
78.58315 -96.03552257296215 -10.053075184497164 575.4464152690856
78.68737 -97.48226208378631 -10.025676305922602 575.147801816416
78.89561 -100.0597469649429 -9.965637475234052 574.8069407006126
79.10361 -102.8148663731945 -9.964911543013661 574.4850130637999
79.31138 -105.68197080571048 -9.945701350556217 574.1059068700094
79.51897 -108.62555829091119 -9.914785512578563 573.7336787621373
79.7264 -111.7093802209667 -9.891427024633252 573.3464389018576
79.93387 -114.93467385249251 -9.845203085229143 573.0003573694135
80.14127 -118.29189879974712 -9.808565421203095 572.6795122875143
80.3485 -121.79497803712579 -9.746052089736551 572.362121296639
80.55583 -125.42755190511502 -9.6864895741233 572.053037479369
80.76319 -129.1397659542424 -9.612218228710923 571.7696109325942
80.97042 -132.88785690426627 -9.537489820325078 571.4783883167121
81.17767 -136.68423932280191 -9.467372449245559 571.2080955553546
81.38503 -140.5229471126355 -9.405707895557903 570.934669492346
81.59223 -144.36044746995418 -9.349674986374904 570.63778394878
81.79947 -148.13549253146715 -9.303759975476527 570.3245423984296
82.0067 -151.91316715820426 -9.243746465909254 570.0153238923297
82.21407 -155.65387315686752 -9.183373191179658 569.6881249546353
82.42141 -159.41276246922249 -9.109951041981187 569.3329090088768
82.62878 -163.11819156884417 -9.058322854562734 568.9232226379114
82.83614 -166.8000111602882 -8.983431776451692 568.5135934034049
83.0435 -170.456547121187 -8.933368550761118 568.1234234875384
83.25097 -174.15904960155007 -8.875834040390194 567.7037947651597
83.45819 -177.80629949217226 -8.820938880640398 567.3111986144103
83.66555 -181.46090296846432 -8.771390194479517 566.9339113205986
83.87292 -185.1230106741884 -8.719043154767002 566.5989982623638
84.08013 -188.7569841393896 -8.65343873950759 566.3175620837596
84.2876 -192.3537284971538 -8.599206403978947 566.0746319300158
84.49476 -195.91674356652132 -8.548775478140715 565.8560117935272
84.70212 -199.49697043212922 -8.508117510723306 565.6956328443912
84.90931 -203.06231105701244 -8.465966228518305 565.5597720505388
85.1167 -206.54598575183314 -8.406979187234148 565.4656171008475
86.15319 -221.66385408393407 -8.26827380251132 565.0716350130915
86.36051 -224.1419316492849 -8.236099694431063 564.9496520308127
86.56778 -226.581715944529 -8.212241870246084 564.7766919442591
86.77514 -229.00745583760198 -8.18351219477356 564.5722527077214
86.98251 -231.38986214980298 -8.154890881943423 564.3195458132418
87.81198 -241.01215392903316 -8.12677555023226 563.0592159879069
88.01928 -243.5228897446035 -8.123662877098448 562.6619742117764
88.22662 -246.11421994028933 -8.119171651203192 562.2850366606298
88.43433 -248.80086914494893 -8.103867980377618 561.8763391940195
88.6414 -251.60147057485386 -8.068699747363636 561.4541956270215
88.84889 -254.50986285253003 -7.9961340782086054 561.0265059321653
89.05617 -257.4488186019318 -7.933441591645941 560.6037271106845
89.26354 -260.5678078244477 -7.832773124271552 560.2189762922397
90.09295 -274.24420665481296 -7.581532172840543 558.705728492836
90.30045 -277.95425274206855 -7.5341615916674725 558.4154228789895
90.50779 -281.799180443041 -7.534991946594785 558.1960325322606
90.71514 -285.8002823480461 -7.527502532839635 558.0100737641512
90.92238 -289.8084865750211 -7.486160663197795 557.8480775307094
91.1296 -293.86243847039253 -7.44285720352087 557.716130619505
91.33684 -297.9483396929741 -7.422816016372784 557.5799967798525
91.54407 -302.0487634169535 -7.393650073365456 557.401457786773
91.7513 -306.11768823715596 -7.353674703170303 557.2116096848382
91.95867 -310.1490683375911 -7.337798683598086 557.032380725876
92.06227 -312.1775063186117 -7.337400163401441 556.9289104515892
92.16588 -314.1976184838913 -7.33308449614095 556.8052154562928
92.37311 -318.2089515085063 -7.305367032349759 556.5315412702956
92.58047 -322.19718887256937 -7.2967030338462955 556.2409434775975
92.68408 -324.18145386780714 -7.297620006661779 556.1062731634523
92.89147 -328.16072884131313 -7.278437077691271 555.796884005658
93.09857 -332.14710707877055 -7.238622231510039 555.486771742053
93.30578 -336.06666884353797 -7.1880642467978095 555.1214002130855
93.51313 -339.9687972642185 -7.165776497266935 554.7480176820094
93.72048 -343.86695630509087 -7.136820544463123 554.3680025151306
93.82412 -345.79691939014765 -7.108942860906282 554.193604599549
93.92785 -347.71800494424764 -7.082804691812976 553.996688073009
94.1351 -351.5734949282406 -7.014079555849031 553.5970245353243
94.23882 -353.4787307471762 -6.979921369902831 553.4073480453553
94.34255 -355.3604246810211 -6.949735679860385 553.215368476328
94.54994 -359.14147839461066 -6.906621465783342 552.8727423243083
94.75729 -362.87453544831465 -6.865844965483743 552.530820066894
94.96465 -366.58601528155435 -6.8134807153223615 552.2167969252604
95.17185 -370.19161434650835 -6.751015045661784 551.8864635558307
95.37921 -373.7080479033049 -6.6937471110202225 551.5731710737108
95.58659 -377.1038818935805 -6.648238372430866 551.2811414452972
95.7938 -380.3225186777252 -6.614842538118621 551.0273397549724
96.00104 -383.42557716185587 -6.572199350520362 550.7841995588188
96.2084 -386.3867770340892 -6.548084749328771 550.5534017964708
96.41565 -389.099080657125 -6.529212775615926 550.304702555129
96.62299 -391.66887172147335 -6.503327123905534 550.0316162782525
96.83026 -394.15839442222057 -6.491822056370486 549.7498571915376
97.03753 -396.53739359811726 -6.478390149128193 549.4508693941027
97.24469 -398.80282498642254 -6.457093849595163 549.1003806267948
97.45171 -400.9798996404639 -6.43283903498567 548.6431960048719
97.65852 -403.0861744780439 -6.407209451879754 548.0239737365413
97.86526 -405.08445232662314 -6.383994380406381 547.2588927817292
98.07206 -406.93037286213746 -6.3635956482678715 546.3162821178065
98.3822 -409.4759190201843 -6.294801680712795 544.4872068137997
98.58919 -410.94267955747785 -6.252677153116764 542.9625754310043
98.79615 -412.1898068957627 -6.180741309947618 541.2221575544323
99.00328 -413.2644237466735 -6.097923977554905 539.2364387135533
99.21063 -414.0821012560599 -6.020840338185115 537.0293945542678
99.41837 -414.713947646109 -5.939360298408165 534.6283271625258
99.62559 -415.0653951040958 -5.826087682149353 532.0243973528644
99.72953 -415.1457752899558 -5.771328264115219 530.6693233884723
99.83345 -415.17942479345675 -5.718712570029634 529.2466667969309
100.042 -415.1871816358315 -5.598204467719473 526.2651538657452
100.1458 -415.1697662433129 -5.54732040652943 524.7287855988914
100.2499 -415.1423808956547 -5.507665781885716 523.1854584632821
100.3539 -415.10319698712664 -5.469709146532125 521.609900674039
100.5618 -414.92660774607316 -5.367228865803902 518.3992251530193
100.7695 -414.64773232947005 -5.320284398246201 515.0394389201783
100.9772 -414.32522299745887 -5.272347259068773 511.5568305596663
101.1847 -413.94256223728735 -5.219386955665552 507.96891516807864
101.3922 -413.5331098657521 -5.141047942470355 504.23158808163043
101.5995 -413.0434200707148 -5.065375933245484 500.3631961343815
101.8069 -412.525119731328 -4.96655844688526 496.37604649409326
102.0144 -411.9668173225382 -4.881143292530798 492.26948135800495
102.2218 -411.4311041303977 -4.793087276726004 488.00575167977695
102.4293 -410.8711060576337 -4.733785746240143 483.604937536339
102.6367 -410.3269528157911 -4.692247319952589 479.0091643916512
102.8441 -409.79884103206757 -4.618384403281029 474.4160527534212
103.0513 -409.2716174499935 -4.492307952464309 469.7620941403021
103.2587 -408.75363550002885 -4.339509124089449 465.17068795933073
103.4665 -408.2616273425453 -4.175108141327335 460.5402155173578
