0.0 -0.0 -0.0 -0.0
0.1042283 -0.0021311512352504953 -0.009941068809038674 0.4916277104852089
0.2084765 -0.0063288355729902886 -0.020650604577021357 0.9816792129500604
0.5212271 -0.019283001886893626 -0.052925947162863064 2.448912412450399
0.833976 -0.039149194639315356 -0.08914083345879305 3.9681239460845403
1.042605 -0.06099813749318693 -0.11806642397664706 5.015462873080585
1.146853 -0.0726351707830459 -0.13163647484076 5.551108198837464
1.355354 -0.105065192198594 -0.15207193120904894 6.670840491335545
1.563854 -0.13952996027322517 -0.17520154830951293 7.848137634637715
1.772352 -0.17713389016006165 -0.19594944257804023 9.053324770720256
1.980855 -0.21233098039006462 -0.19831073873657423 10.324544564522792
2.189354 -0.2530061610041723 -0.214735446414398 11.679999097867288
2.397855 -0.295190342984527 -0.21788308907513926 13.082412238267448
2.606377 -0.33974451751005036 -0.21449387440360912 14.542592175081053
2.814856 -0.37570372311573813 -0.23212951002008264 16.062417037216285
3.023358 -0.4187437166064274 -0.25480286257276274 17.645584995571316
3.231728 -0.4639150974330512 -0.2925235143953352 19.28708811015958
3.544357 -0.5463160847672928 -0.35764868671756334 21.82849417065433
3.856982 -0.6102054417739285 -0.43547863991568925 24.443786689325652
4.169606 -0.6889445956433922 -0.506807491320814 27.123704722731866
4.377982 -0.7499140790642902 -0.5547593166680159 28.94133551913536
4.690605 -0.8306767678676577 -0.6217898152758318 31.740016030746805
5.003109 -0.920334615812403 -0.6787369968360888 34.587041656475755
5.315611 -1.0146552536203512 -0.7376176823569325 37.458481453912945
5.523983 -1.0858560007365097 -0.777258181278871 39.36595598415188
5.836733 -1.1901696404587483 -0.8422569848679083 42.24379981187811
6.045107 -1.2621098615668158 -0.8831511092448195 44.16211197236838
6.357731 -1.3607456071028043 -0.9451916665778564 47.045822956695055
6.670359 -1.4462634078791097 -1.0269200183492906 49.91993947372324
6.982859 -1.544267224789796 -1.1018858631211723 52.82924238024765
7.295357 -1.6420410256381976 -1.1578974887822693 55.7443707260497
7.607858 -1.73837242937148 -1.2314220598584344 58.64428956359792
7.816232 -1.801910196618549 -1.2872473809253124 60.59040341592171
8.128736 -1.8924717801028816 -1.3580410381391261 63.52032841979455
8.336986 -1.9502588592872903 -1.40585673867411 65.46666799839137
8.649487 -2.0471083800945657 -1.4782064432764683 68.36570082962362
8.857735 -2.110838051379794 -1.5237821655777672 70.2887248385607
9.065987 -2.186798394308658 -1.5648700082160645 72.21224455844062
9.27436 -2.2617265093280983 -1.604575112196983 74.111334487034
9.48261 -2.3276301243298168 -1.6448334893237286 75.97584178724465
9.794986 -2.434077677777469 -1.7067295809843666 78.66985328434194
10.00337 -2.5112435647738285 -1.7408733268951064 80.36725044341918
10.21161 -2.5986767147335366 -1.7731434056727917 81.9840943164097
10.41989 -2.698618531138747 -1.803916138766005 83.5126887448973
10.73249 -2.847267149850658 -1.845643908948762 85.6383663916861
10.94086 -2.9563295531268796 -1.8725800086736526 86.92408207490571
11.35776 -3.152889572227271 -1.9264943142863218 89.17573476896717
11.56636 -3.2337914558576104 -1.9569788260249463 90.16755640343783
11.98386 -3.285193325759338 -1.9970438390034124 91.91641353542092
12.19274 -3.2669857550277586 -2.0174013823028503 92.69050873742732
12.50612 -3.149469766788849 -2.048830427163978 93.7876713462691
12.81986 -2.926553339167679 -2.082930477031192 94.81230815134063
13.13336 -2.5945317109968826 -2.1302732391627655 95.7573141567925
13.44674 -2.1475024344537843 -2.1707305883215535 96.62909645104133
13.65561 -1.7751383128745672 -2.200306916380298 97.14551815305535
13.96874 -1.1289750664481204 -2.244949196063839 97.87020871887518
14.17749 -0.601222904473893 -2.2677126493794866 98.29016146174817
14.38612 -0.0047202648658881685 -2.2939806541880317 98.66657153915298
14.59474 0.6466810911552017 -2.3150325766690747 98.9939430636483
14.80337 1.3552028790873791 -2.341300446707695 99.26492248559734
15.01199 2.091609300477476 -2.369083458090537 99.46626221026767
15.22024 2.907651219291438 -2.3989432164339193 99.59313961296597
15.32424 3.3517229510333664 -2.409953691882812 99.63700211681453
15.53212 4.266696754604196 -2.440607716968134 99.72308588738092
15.73989 5.265577558544931 -2.47238876199958 99.80257264595332
15.84387 5.7964886782538585 -2.49133682570886 99.81647390393529
15.94776 6.3393148319858135 -2.508293275465575 99.80874838717678
16.05174 6.897494850649177 -2.526272676350103 99.7934593464312
16.25953 8.06879541258902 -2.549856040459561 99.77320430096673
16.46712 9.339406239258969 -2.5917356816727937 99.73166940090933
16.67485 10.680498758740546 -2.6336407860887974 99.69608470187879
16.88261 12.102282115015019 -2.6784715503067766 99.67787998092842
17.09049 13.587820934907459 -2.7196267842691793 99.66492450858117
17.29862 15.13548554757918 -2.772051840842533 99.64247544358129
17.50674 16.728987863494893 -2.8238073048667864 99.61871536359186
17.715 18.353402569535895 -2.869897723365125 99.5951397993336
17.92337 20.010269785393525 -2.9163530919235217 99.56337196876382
18.13162 21.681418932570775 -2.960403472494301 99.52658701850129
18.444 24.255953233297504 -3.049596296548317 99.46827058166681
18.65237 25.969090350120844 -3.095925687358812 99.4335306680387
18.86074 27.64892421628035 -3.1457884562497407 99.39420644036798
19.17327 30.14992029308803 -3.2224863341137175 99.32977121735881
19.3818 31.828099989822096 -3.2813275052074595 99.29085721156214
19.59034 33.45771734629922 -3.3362113119168257 99.25449076517066
19.79865 35.11534181531933 -3.3903239407080727 99.2169540073609
20.00713 36.74877419686272 -3.439515021346571 99.17263366673414
20.21566 38.35157979272443 -3.485893982115261 99.11899262670514
20.42461 39.934810567338765 -3.5374606519423057 99.0607768120984
20.63312 41.51565957126544 -3.586690978956204 98.99247570497683
20.84131 43.07642292493512 -3.634722595135265 98.92696705705859
21.04975 44.59131216272961 -3.677150447491959 98.86475394315957
21.25828 46.039750559902686 -3.722375170651165 98.79662550143046
21.46685 47.45514088752831 -3.768520744451882 98.73336515588841
21.67551 48.862809242392935 -3.8148984889179447 98.66522528948259
21.88389 50.25443153015411 -3.8604790403040177 98.60663580880544
22.09253 51.64016172084486 -3.904102492130968 98.54485917676632
22.30121 52.99743361446026 -3.948877615591965 98.47780542923914
22.50977 54.340462808654074 -3.992023681316521 98.39633228774046
22.61414 55.010135970304646 -4.0117808453752515 98.34150781845999
22.82268 56.369129089971885 -4.055661351547278 98.23713057927753
23.03126 57.74949044433955 -4.100406109116781 98.10951090802972
23.23966 59.16479834023935 -4.141520896182559 97.97206561215214
23.55238 61.34262933310913 -4.205755757726576 97.74472633435862
23.65651 62.08166531385096 -4.223482740855647 97.66553431418775
23.865 63.570218896057575 -4.269841477103008 97.48797597088823
24.07343 65.08306353248413 -4.315756389467922 97.32518903351394
24.17766 65.83275195937357 -4.340637250159856 97.23759078889226
24.38617 67.34577808878495 -4.389882053791258 97.06857827924699
24.49041 68.09999259133895 -4.411728966919845 96.98898997835484
24.59463 68.8508384587911 -4.435395178732336 96.90797595165805
24.80313 70.35406447236075 -4.478509621521432 96.72588157226338
24.90738 71.10417324012235 -4.504285067469629 96.63649022077219
25.11597 72.62704664216994 -4.549287415728194 96.45298341147944
25.32443 74.13438962256052 -4.588209551548136 96.2668047932554
25.53289 75.69762923005206 -4.634643472713761 96.0707524178556
25.84577 78.08792838954527 -4.696175391128871 95.75900441385642
26.15853 80.51734316350232 -4.764616760528954 95.42325197198596
26.36704 82.16618825424992 -4.823582558887034 95.18777585402391
26.57555 83.84777211690236 -4.886901960571299 94.94929575622851
26.88831 86.41144794569257 -4.968671675609188 94.6098805619562
27.09669 88.12884381063442 -5.018210594740908 94.38637421548174
27.30519 89.84833338559152 -5.071293974472118 94.16762859907908
27.51364 91.58338287595603 -5.12990700526013 93.95893117376056
27.72241 93.33571032108749 -5.1931113180740525 93.74064041286326
27.93064 95.0947636651408 -5.254947950057105 93.53337343132078
28.13915 96.85455470323076 -5.311481435312569 93.31515075438591
28.34763 98.58426069247245 -5.368319760525328 93.10822009581105
28.55614 100.30239583749581 -5.423892182869185 92.92100708828615
28.7648 102.01819657552304 -5.486060862988626 92.73375162286963
28.97327 103.70466938942096 -5.546341419694411 92.53923500841412
29.1818 105.38987922140375 -5.613099198787467 92.32938355138552
29.39027 107.03744815861533 -5.681079557238876 92.13714871141741
29.59879 108.67703886889532 -5.750419154211125 91.93734213178907
29.80727 110.28708513585303 -5.824540432908289 91.73580574309626
30.01591 111.87300230132061 -5.896796801398206 91.52860139885347
30.22442 113.44915470428916 -5.977222243319794 91.30455669142874
30.43292 115.00997530541686 -6.058258770420004 91.08062826412095
30.6414 116.55593134897549 -6.141384441085831 90.8505487443138
30.85003 118.10634934064817 -6.229416812648607 90.61024067134755
31.05839 119.63703444135201 -6.315856468400417 90.36220623442992
31.26689 121.15185461453193 -6.400299668666644 90.11556143503566
31.47539 122.6443517617902 -6.495438954304457 89.85516288500082
31.6839 124.13417539472889 -6.592192652208849 89.59542489771894
31.89259 125.62618833004913 -6.688757403915882 89.31079086219802
32.10122 127.09405378755848 -6.781552359622891 89.01743999383835
32.41431 129.28861833589718 -6.9025234384101335 88.50248978333019
32.62292 130.73547847151767 -6.995495782140269 88.1154635042587
32.83154 132.15707451181896 -7.090902248015048 87.69372579767614
32.93576 132.85503227954888 -7.136446105851713 87.47660879875474
33.14418 134.2486471200379 -7.221545573488868 87.0417771104683
33.35251 135.62163475664528 -7.2994391174508095 86.5804613626763
33.56085 136.98934378987784 -7.36876677963995 86.1439124227407
33.76925 138.3277187639767 -7.433235758693395 85.72429399488735
33.97778 139.6571674320508 -7.513696182281014 85.30962263068412
34.18594 140.95778200306628 -7.5835924676588835 84.9166089131829
34.28991 141.5994257076527 -7.618518857607465 84.71993377569655
34.6023 143.51818978178133 -7.725348687797424 84.17392711074854
34.70638 144.1526267267293 -7.756744334146992 84.00182638403298
34.91479 145.4091062644049 -7.811739618633376 83.66263359526496
35.12349 146.62101470353673 -7.8791896041069585 83.34239661792446
35.33169 147.82668149530753 -7.943165565738913 83.04174274866075
35.53993 149.016677021779 -7.992010898523347 82.7566184213668
35.74827 150.19812874043953 -8.042612468488649 82.5131046388512
36.16464 152.49745831404334 -8.173126109733177 82.12928872290234
36.37277 153.65412257786534 -8.23410738428283 82.02772540450414
36.78939 155.9192349318995 -8.345016411700865 81.97189342909745
36.99801 157.0622531708074 -8.407922325723487 81.99305105130045
37.20718 158.18047527394083 -8.451715336012535 81.96262816782077
37.4162 159.28807542300908 -8.498482503637636 81.880516561862
37.62517 160.37708799358177 -8.554745944295224 81.78259924369083
37.83414 161.44934310192315 -8.596592668931757 81.65109152549098
38.04337 162.50011833925362 -8.637912479722806 81.4730465433103
38.25153 163.54695388978695 -8.667609590435989 81.28558203263745
38.46012 164.53627518040474 -8.71367747525478 81.05674285195023
38.66854 165.5222122391523 -8.740111119559376 80.81557102650018
38.98107 166.98864853084993 -8.79080533624739 80.46955754931668
39.18942 167.93966456029523 -8.826663571019314 80.23292650900677
39.39792 168.89073469064743 -8.856369772701267 80.0031455076946
39.6064 169.87705676945933 -8.887885965339127 79.75834999365473
39.91947 171.39644293222318 -8.947049545407467 79.33742414117029
40.12806 172.45218504642773 -8.98329268836143 79.04162713238964
40.33655 173.53475131759254 -9.025670962185036 78.70570836841685
40.54505 174.6325462916529 -9.067178112320894 78.3656883488224
40.85778 176.30457808123793 -9.127049562920845 77.82889528524322
41.06627 177.4355131616202 -9.166371745065444 77.47025955999177
41.27469 178.53083547519685 -9.197561121229933 77.11090771894033
41.48289 179.64141477493783 -9.229609477150422 76.75952996292347
41.69127 180.73881093529576 -9.269579789341131 76.42063566921536
41.89956 181.80964939720099 -9.300557415591829 76.0880487645077
42.21207 183.32198999135844 -9.363115105383788 75.64433114717013
42.73282 185.55613614128626 -9.442837169446902 75.05759566750461
42.94092 186.36554012099762 -9.471967963854606 74.89481623668627
43.2529 187.5477962832039 -9.505783781721528 74.71944685448995
43.46095 188.32388874470055 -9.525025987295503 74.68415374448028
43.66893 189.09177545364363 -9.546571887876032 74.71111804531566
43.87706 189.85672168729002 -9.566351349857044 74.78181807663948
44.08517 190.60656919407285 -9.583555324723338 74.89289417622491
44.29315 191.3387241369831 -9.599016741359806 75.05633482550144
44.50114 192.0676927299305 -9.61054574290685 75.28416917032177
44.70945 192.79810532172544 -9.62335035734651 75.59671823251128
44.91746 193.51372802745763 -9.643431567410554 75.99697009580478
45.12534 194.2600109912726 -9.662056817136271 76.4728702742113
45.33329 195.01974073509757 -9.684101346608728 77.06689076233447
45.54168 195.75776654272795 -9.709352573981896 77.79508145610629
45.74984 196.48664346731647 -9.739151740672787 78.63565559586503
45.95815 197.21338565894837 -9.771368278289549 79.6027028650214
46.0625 197.57130866770405 -9.78161119522173 80.15371403446434
46.27111 198.2707699869519 -9.801393765129324 81.33084912474693
46.47994 198.948646627011 -9.820433474723744 82.63929116838796
46.68893 199.6171354332501 -9.833954437144213 84.05537549352361
46.89782 200.28205494004743 -9.839395366213404 85.56752013893573
47.10653 200.91485552627594 -9.8479770692141 87.18863560448581
47.31528 201.5199062210652 -9.85766448345496 88.91475479362919
47.5243 202.10952575808716 -9.864567575321772 90.70999349596542
47.73328 202.72886704311523 -9.868226754579467 92.56554566843113
47.94218 203.38183767858106 -9.877472189808277 94.5047085908763
48.15084 204.04823301967414 -9.88336589911488 96.5039225427912
48.35939 204.73341267224933 -9.89367194861595 98.55031378829628
48.56792 205.4397977173114 -9.907215454031103 100.6307425309306
48.77645 206.16015881362205 -9.921202806146416 102.67984979546122
48.985 206.9037082800759 -9.928363440624057 104.81507562372255
49.19328 207.61607209881345 -9.930361826131563 106.89512737485245
49.50598 208.71308976237134 -9.947985955021872 110.0513170843841
49.81856 209.74690933454076 -9.956944645486264 113.18071321394874
50.02695 210.453432931173 -9.96607437695304 115.29522686712096
50.23533 211.14996439078155 -9.968978291767243 117.39144947312383
50.5478 212.17502008323902 -9.975792012418239 120.52399604822767
50.75621 212.83950229079682 -9.97876054875803 122.58216195699404
50.96455 213.48008411091905 -9.983341331099606 124.60820955505775
51.17291 214.0958607278708 -9.98523310125142 126.59147627023644
51.38289 214.67882454798752 -9.98103577404495 128.4923395978745
51.58966 215.21939746329306 -9.985925754914142 130.31527473416315
51.9023 215.97355917652825 -10.000348623583541 132.9115497978473
52.11091 216.420241530149 -10.01004493001122 134.51776233224638
52.52783 217.18063840400674 -10.019619649860024 137.3869031256882
52.84066 217.6795045491072 -10.031971097287947 139.25646748705304
53.15455 218.11367154144895 -10.047717720515687 140.94968101097334
53.36184 218.38686733282356 -10.059631979750154 142.04757352140592
53.5701 218.6147804472625 -10.070051260189382 143.12058401322247
53.88197 218.82455205638612 -10.080360306500365 144.67817988339579
54.08979 218.87538542351004 -10.08448674942118 145.69096402256926
54.40158 218.77325019692316 -10.098996500275387 147.1602024927419
54.60944 218.59079375085489 -10.102844901607625 148.0866461402538
54.8173 218.3222976979399 -10.097494892038714 148.9958342435844
55.02533 217.96242971754492 -10.092672563526254 149.8641113966196
55.23328 217.50362263556028 -10.087826415642494 150.6781780789902
55.44133 216.95428477435246 -10.068930209337802 151.4231717916339
55.64941 216.33024848902903 -10.037448881370398 152.10173607625708
55.85776 215.63482205584657 -10.00848576364806 152.6937586562933
55.96186 215.25289295244548 -9.993756211340807 152.96128473500494
56.066 214.85809401719584 -9.976573644041853 153.2072530190108
56.17022 214.44709620973845 -9.964381111637163 153.4258739977128
56.27431 214.0236535808989 -9.950817900262717 153.6098507531633
56.37855 213.58934937267549 -9.935653578432996 153.7681382485949
56.58712 212.6946458717514 -9.902510811861553 154.0360579951281
56.6913 212.2265691587615 -9.890637445198866 154.14763809513693
56.9002 211.26578223703996 -9.868673892942837 154.31742910189277
57.1092 210.27980068383357 -9.826297075704879 154.47437460796343
57.31832 209.2187284115809 -9.79652117343511 154.5933310911364
57.42283 208.64385240192303 -9.782457616830301 154.63434872135153
57.52732 208.04021719221944 -9.762474246255103 154.6685471171114
57.73657 206.80833876363724 -9.72129526341594 154.75956889176751
57.94506 205.4730240065399 -9.672432772137372 154.8234182274224
58.15382 204.01566956953042 -9.630549907854164 154.81006578195993
58.36258 202.46253487757062 -9.598136443377877 154.75240409865287
58.57156 200.80476430593234 -9.545623965305143 154.6877940164444
58.78044 199.04092301184022 -9.494388384260956 154.61001695889655
58.98942 197.18747711468737 -9.440379518826656 154.52047510179077
59.19842 195.23659783017894 -9.378018596136377 154.46422494843054
59.40751 193.19021795980842 -9.31767404269531 154.4587464078458
59.61649 191.07773342463562 -9.251953164240057 154.48360898047264
59.82492 188.8622367925973 -9.186379416638536 154.55459160480618
60.03357 186.56552255345892 -9.116191896620311 154.68317665803087
60.24211 184.21964519975128 -9.048142861909632 154.87326984332083
60.45055 181.85487499125884 -8.981514995163272 155.08575689480108
60.65891 179.4974243452093 -8.914764871879548 155.34155818885677
60.86733 177.1378615873892 -8.845906399279308 155.5973155018767
61.07569 174.75168965476502 -8.779598599370084 155.85332572794985
61.38818 171.16501019620446 -8.688364641985004 156.25444184346762
61.59657 168.7719990756926 -8.621482292986837 156.5200534179475
61.80511 166.39126900482745 -8.565415494470862 156.78405619159682
62.01323 164.00196322820582 -8.506674185880577 157.03332365056897
62.22159 161.61112937710897 -8.44597181482463 157.28937946848376
62.42992 159.20679403414283 -8.37836887138825 157.55689155211445
62.63845 156.80890396014138 -8.31131434231839 157.80863430799562
62.84955 154.41512133979455 -8.241941739168663 158.0816708076029
63.05552 152.0362222192446 -8.178502020246048 158.35219343654774
63.26394 149.66911910961028 -8.114411670844362 158.62095631630564
63.4723 147.29628393452825 -8.057108167065136 158.89228693979837
63.68082 144.94704059967066 -8.001071227148952 159.18314683307602
63.88957 142.59754397313972 -7.934792525792401 159.46762353805366
64.09783 140.24948961567176 -7.873591359622976 159.75628495068165
64.41054 136.67538599196308 -7.784092897618091 160.1758995990339
64.61962 134.27630611905016 -7.721354584886869 160.47585980391287
64.82756 131.85273594046032 -7.660595930022696 160.7926799020323
65.03592 129.4168569259184 -7.593792791326443 161.11124950031103
65.24443 126.96585399397784 -7.526760229106994 161.4395811914038
65.45301 124.4797757499594 -7.466434250201115 161.75178023306995
65.76555 120.71387911543783 -7.375696785824839 162.22727058998908
65.97396 118.16536965651018 -7.312020075991972 162.51516612949703
66.18233 115.5784211640869 -7.249145279462237 162.77937735796164
66.39084 112.96081337004885 -7.176648390715954 163.0130217511047
66.59938 110.34682034889205 -7.117653316532657 163.2464168188638
66.80768 107.72279399093142 -7.067842358324454 163.49207424694129
67.01794 105.04718798063784 -7.01226726188419 163.73868623893458
67.22469 102.38664972046396 -6.9476146956583005 163.97502171036464
67.43319 99.73354476576665 -6.874017870948855 164.18919100363854
67.64172 97.0792164302564 -6.7996918297924145 164.41655959796788
67.85004 94.4484193176877 -6.730197644980754 164.62827924337276
68.0586 91.82157323788644 -6.661931269899817 164.84203734856203
68.26697 89.18901453410825 -6.600525363642385 165.05742894520773
68.57955 85.23664805062926 -6.509742938756023 165.37879379930453
68.78795 82.60288583159456 -6.444323372085179 165.5977531742281
68.99632 79.96864618548412 -6.3778106756203155 165.81355287110512
69.20468 77.33239121140443 -6.311433703793712 166.03157792499061
69.4131 74.69671990395031 -6.241842296037735 166.25540793181142
69.62136 72.0615754172558 -6.167772133064259 166.47142080146662
69.93392 68.14911740494256 -6.065638089961597 166.7825499960359
70.14235 65.53568453439873 -6.00467382242061 166.9757915908875
70.45492 61.61969022245931 -5.913859525011139 167.3138961778834
70.66333 59.0442095502126 -5.857667189050729 167.5382687109361
70.87192 56.41959906393947 -5.783945792071844 167.80198549461608
71.08235 53.811573647449094 -5.71341640022257 168.05815427560617
71.28855 51.188543457729224 -5.650009948936131 168.34142130831896
71.49692 48.55537340272184 -5.592776896282231 168.62438256601615
71.70533 45.92064740357854 -5.53164083170822 168.92003758023156
71.91358 43.278460341130426 -5.465720788980512 169.2044079945347
72.12192 40.620957355099684 -5.39476600732897 169.484419857589
72.33029 37.97636077058622 -5.322089350196606 169.7639561436289
72.53869 35.34142329288343 -5.255635920177111 170.0551991041587
72.74708 32.67525967088926 -5.19386209918048 170.3419209476802
72.95548 30.004665070061215 -5.129348518020466 170.62323850835853
73.16384 27.346874494130454 -5.059275533831807 170.8941038522509
73.37208 24.657737261947908 -4.981183681998527 171.15461892486857
73.58042 21.967371535882634 -4.903259922327148 171.39446259583153
73.78887 19.276239317490372 -4.836647157946234 171.61795750110088
73.99724 16.56142172027025 -4.760023835747167 171.83843806117932
74.20558 13.84274600641414 -4.684239213249716 172.0434041708607
74.41406 11.124940010417424 -4.597826367437397 172.2504879932377
74.6225 8.421377287191685 -4.533380370348384 172.44909061436542
74.83087 5.705927635857789 -4.45533733615163 172.64849826518466
75.03918 3.027535379969356 -4.388311997005314 172.83494320181157
75.24756 0.3390083098078751 -4.314953877741353 173.0247670448121
75.45606 -2.3362954725332834 -4.252210118797629 173.20595679774343
75.66421 -4.992034058038291 -4.203994553917473 173.35253802485852
75.87244 -7.653116373384979 -4.154190620875413 173.49177586346045
76.0807 -10.290478842335993 -4.098430310207288 173.6272971413891
76.28906 -12.918843652879865 -4.03517434769409 173.77196999166517
76.49746 -15.525090726301263 -3.96574950873343 173.89425706689437
76.70627 -18.10444688131747 -3.900626046324656 174.02917000362999
76.91447 -20.64087486022344 -3.8304304096929833 174.15545912214355
77.12259 -23.136733372537275 -3.7662601976148036 174.27012210437914
77.3308 -25.57182440817245 -3.6993457770003655 174.3743020571248
77.53921 -27.981759010295626 -3.6307141309419726 174.4628316262465
77.64333 -29.168939809957564 -3.5981462263508637 174.50742728342908
77.8517 -31.513343097108862 -3.53223942032293 174.58953308329183
78.0601 -33.79190790263445 -3.4735634948780376 174.65525866553696
78.16432 -34.91767443250261 -3.4427805810380843 174.6855680983946
78.26858 -36.00487533856479 -3.4154109131256507 174.71490055572784
78.47715 -38.1308193759592 -3.366013650886485 174.78356076252047
78.68571 -40.2051825980266 -3.3042658678690953 174.86012105465892
78.89417 -42.218987552650425 -3.249096835324624 174.95929601928594
79.10274 -44.1936569839912 -3.203041437198966 175.06288620845217
79.31129 -46.145502599778986 -3.150791023551379 175.1790468845713
79.52132 -48.027896875251834 -3.1108286102470943 175.279314686276
79.72836 -49.8741473682508 -3.0654341362459983 175.3991309264343
79.93681 -51.662963115127894 -3.0183212842034908 175.50077265194528
80.14531 -53.38777048333122 -2.980542325348764 175.60412428913133
80.3538 -55.05202925965777 -2.9416494023015733 175.73718563590316
80.77093 -58.090074007320105 -2.861133313971257 175.99173330124916
81.08396 -60.140868956441324 -2.813123090111405 176.218478846107
81.70982 -63.77580960115455 -2.723339788001742 176.81111464573837
82.02282 -65.35853204811698 -2.700970516746303 177.19259529780516
82.23155 -66.31018762513352 -2.687881820795834 177.47253793253424
82.64906 -68.01791605252672 -2.6685583507631723 178.13847372912193
82.85788 -68.83959914430096 -2.652279644876945 178.5411187988317
83.06668 -69.62123462006826 -2.640680402333115 178.98603880429397
83.27572 -70.34108507667241 -2.640457091857881 179.48412230448213
83.48474 -71.01592313826029 -2.6363032832420696 180.02727087783418
83.69323 -71.67689760031348 -2.619845742855461 180.6365257182107
83.90195 -72.31189858948768 -2.602548051735759 181.36609270001992
84.11077 -72.92025763556072 -2.605673339596197 182.19930990698924
84.31931 -73.49277053391393 -2.615511291381064 183.1162976042478
84.52796 -74.02962023560423 -2.622402024741098 184.15192578297174
84.73726 -74.51856545634809 -2.628254391662632 185.2900078377547
84.94493 -74.96213239087194 -2.630017848308485 186.57102151176665
85.2577 -75.46162206887335 -2.6697001713801334 188.7542789114456
85.46611 -75.67258436173263 -2.6852968527462675 190.3440181044585
85.6741 -75.78116680277466 -2.7187108342851896 192.09684840259163
85.88197 -75.81883551866918 -2.756743042426785 193.92973203033083
86.08969 -75.83268098593851 -2.8001537970285804 195.86946993473344
86.29753 -75.81096240896406 -2.845325864327964 197.92523175900456
86.50509 -75.79130656239047 -2.890346486539201 200.04816224517208
86.71281 -75.79191609361412 -2.929277577437591 202.27598306044
86.92068 -75.80782427660382 -2.980443657305948 204.57816841190942
87.12865 -75.83911271021177 -3.0355395202502105 206.9249988429352
87.33686 -75.8793611555826 -3.090080092132667 209.3139988202032
87.54484 -75.93217523868893 -3.1511381170219264 211.72427819658728
87.75306 -75.9986631850464 -3.2036918853084706 214.1353606601962
87.96142 -76.07128021241272 -3.252566955979511 216.57296384353427
88.1697 -76.13690586952637 -3.305793355042321 219.03661765653297
88.37794 -76.2007246385488 -3.356205672342834 221.47577625978286
88.58636 -76.26606027821752 -3.3991685102534985 223.90978819451468
88.79469 -76.35339867136587 -3.4442328676655847 226.33854893017735
89.00314 -76.4333883396614 -3.479465257310552 228.74668472809606
89.21159 -76.53893553498868 -3.524252853625736 231.13284655441723
89.41993 -76.64468439603341 -3.5607015549236953 233.48766498441069
89.62843 -76.75123312110205 -3.605940477427731 235.8038049778274
89.83693 -76.84617154347694 -3.6466009526346466 238.04162164522836
90.04556 -76.94753595586768 -3.6879877104751997 240.16666039435054
90.35797 -77.08556122196721 -3.745655674830898 243.15501915287393
90.56632 -77.19549757751369 -3.7856570883524014 245.00165799658538
90.77468 -77.30062028730184 -3.8151626401054894 246.72070780040232
91.08751 -77.46896180756316 -3.8637472672149125 249.0754252620536
91.296 -77.55030855597694 -3.894540489785288 250.49742790535362
91.71382 -77.60635317775584 -3.94928609916905 253.14678552315218
91.92245 -77.53915382526527 -3.980615608740339 254.43908882175748
92.34033 -77.2249874724214 -4.047738437485217 256.90281389769507
92.54948 -76.91902116803695 -4.073685498422407 258.07073837753745
92.86295 -76.28062753130035 -4.126176695273291 259.6905171580633
93.17636 -75.49919585100936 -4.192981265843892 261.19284687102356
93.3852 -74.87596095945106 -4.222216631655451 262.11896304588106
93.80282 -73.2644553042507 -4.27502085695699 263.8588663631731
94.01155 -72.34187079774564 -4.338490040498649 264.70206215176904
94.2201 -71.26086940977378 -4.373143427594057 265.3756068732815
94.42871 -70.08989090168507 -4.3989099359246335 265.97882616978256
94.63987 -68.81159429001016 -4.4544643908569075 266.5375279579128
94.84572 -67.39414836188033 -4.533826990876188 266.9684607715131
95.054 -65.87141065033228 -4.593802725196718 267.2727412266344
95.26212 -64.2174099778142 -4.649147985212938 267.5425058226953
95.46985 -62.44121485479909 -4.721507224275929 267.7413652023503
95.67789 -60.57456304211098 -4.7848205839997515 267.87545367100824
95.88591 -58.58366594125838 -4.842236151087114 267.90625701455525
96.09373 -56.46231729130336 -4.902866356855465 267.9002524964432
96.30148 -54.25218286133198 -4.9727906356388925 267.8444681270495
96.50921 -51.98933126186435 -5.028166190666809 267.7183350147335
96.71708 -49.59263373874168 -5.097160125146277 267.6195447689542
96.92488 -47.122830589078006 -5.164453888167526 267.51059402109126
97.13273 -44.596467044340685 -5.225002514786071 267.37426516764924
97.34058 -42.04140508145593 -5.294030084784424 267.26205590549455
97.54846 -39.48735819540316 -5.353578942882958 267.1641980057095
97.75648 -36.91510733658242 -5.416840904698268 267.0888651690442
97.96452 -34.32661587981054 -5.489992736361388 267.0233757746872
98.17395 -31.706292974400675 -5.555642612719316 266.98449713645886
98.38072 -29.071781254209053 -5.632284449119561 266.9577317926493
98.58899 -26.439511174571578 -5.6933834103703145 266.92487591368456
98.79726 -23.788510078785336 -5.76251861738227 266.9023888512679
99.00546 -21.1266803468611 -5.834417933991226 266.8770201886688
99.21372 -18.455424088339846 -5.9052480373354195 266.8373341951888
99.42206 -15.803706075619072 -5.979942104463584 266.7937845240187
99.63063 -13.162243113650241 -6.057574091488328 266.764166279631
99.83886 -10.53129612078559 -6.1162872248723925 266.7186809466233
100.0472 -7.882797837368722 -6.172486436230664 266.66571897737504
100.2556 -5.31240357765062 -6.216135497473327 266.58103578144465
100.568 -1.4980233487485215 -6.302230731834364 266.4650320455129
100.7763 1.0169373423734278 -6.373639033178734 266.3938123546942
100.9851 3.539513605525377 -6.432832460174562 266.3165454468846
101.1931 6.015953774472538 -6.494140724212104 266.23001540251244
101.4015 8.466554892905624 -6.55213609329419 266.13532232550347
101.6099 10.914779159904674 -6.605001436670027 266.037336809445
101.8181 13.355753301774323 -6.65955940766058 265.96577698116886
102.0265 15.77846852423978 -6.707664372047823 265.8813267421437
102.2349 18.17354322997394 -6.754986546020302 265.80600996318213
102.4442 20.55489819508454 -6.798512509316485 265.70472288807565
102.6515 22.89161704973458 -6.8716973817042835 265.6340682783232
102.8599 25.203095602514935 -6.9343447948404915 265.5333380144552
103.0682 27.526670617783523 -7.0248938958789715 265.44847835153917
103.2765 29.836987530616256 -7.087445177812047 265.37927000392534
103.4848 32.118318512180515 -7.139004945636289 265.34183937926116
103.6934 34.355938699669174 -7.209242657623115 265.30062998258
103.9018 36.59013012373889 -7.263409826451651 265.239434073706
104.1101 38.791861538571716 -7.326330089849999 265.1688363086492
