0.0 -0.0 -0.0 -0.0
0.1037359 -0.005054501944138956 -0.009345882309823632 0.7392728492016729
0.2073381 -0.011863324309721573 -0.012269379926232282 1.4953118724450778
0.3110752 -0.02922764292273053 -0.01762467674449506 2.2693874603329367
0.5184302 -0.07122561826050683 -0.02730225025336293 3.8735088057371425
0.6220448 -0.1002139627871342 -0.03758220068576697 4.70193568428688
0.7257977 -0.1325155948726687 -0.04756757722335202 5.54447361443795
0.8294199 -0.1672593345383933 -0.06047758251070599 6.40208246819773
1.03691 -0.2523178035146203 -0.07382254129288099 8.153004421261743
1.244242 -0.3533664841382273 -0.09351699196431522 9.938274749314145
1.451596 -0.43162530346329037 -0.11642438055760623 11.76112622091551
1.65896 -0.5374024943470956 -0.1330707585377991 13.628571968537926
1.866302 -0.6605341881794617 -0.15544730277495156 15.524223570370774
2.073666 -0.7747167313489414 -0.1895662231157445 17.461517434773818
2.281017 -0.9055544612009462 -0.22072907707262293 19.41244067636952
2.48825 -1.0323086721596308 -0.24295690524155245 21.389522554832794
2.695832 -1.1685748577197939 -0.2661918455987269 23.39737803872349
2.903084 -1.3058535737785715 -0.2888608885712904 25.425321148807335
3.110441 -1.4411831838547382 -0.2990662384669827 27.469474349375407
3.317669 -1.556686156445452 -0.3150378234821697 29.538640467190536
3.524925 -1.6738537390477046 -0.3397046263465781 31.622538451680498
3.732256 -1.7860383064399332 -0.3585667475877753 33.728699332820874
3.939488 -1.9215857522904412 -0.3743209734823256 35.84345257642037
4.146888 -2.0660579445862504 -0.40349770645422145 37.99119614332215
4.354202 -2.214107131581747 -0.43280318999523293 40.17170820245441
4.561559 -2.366237064746602 -0.45785504567903335 42.31189872515992
4.768912 -2.5342805593224735 -0.46215293541207936 44.46795672817424
4.976146 -2.692046703989523 -0.4712934635004953 46.60306003099874
5.183503 -2.8402882308517556 -0.4894297500289274 48.73606785999766
5.390861 -3.0052855079447616 -0.5066682966210106 50.84928962603087
5.598233 -3.159673331898193 -0.5216496274639285 52.94304549166488
5.805571 -3.319826473494963 -0.5552575421377108 55.037374081382545
6.012921 -3.4697061163235388 -0.5743748086259963 57.10965372950148
6.220278 -3.6198560939309328 -0.5958283186928417 59.16649086631283
6.427659 -3.7695415432899866 -0.6075125366211395 61.22709798052803
6.634992 -3.9386450780511835 -0.6062924945956755 63.2567774140301
6.84235 -4.107086702183175 -0.6255577464345512 65.23103044835769
7.049705 -4.286525068890995 -0.6509669304339181 67.16610779645721
7.256934 -4.461546283551476 -0.6742752761271267 69.041083715636
7.464167 -4.624724104491997 -0.6987986274448382 70.84918398801875
7.671396 -4.78811036055899 -0.7217928222513879 72.6037895672619
7.878754 -4.968655883783281 -0.732692330447946 74.31224588889293
8.189849 -5.221025191933565 -0.75686569505678 76.72709573267808
8.397102 -5.382075605712901 -0.7711944284893434 78.23454796617823
8.604438 -5.5419077750073065 -0.7990312059729561 79.66532720225749
8.811795 -5.6672040706181885 -0.8204691870681464 81.00718869095068
9.12289 -5.8594096863801015 -0.8589863014957158 82.88442578855037
9.433986 -5.9839602799002725 -0.8951257950551432 84.6350310893187
9.641587 -6.043975046000997 -0.9126323926859352 85.72898526453427
9.849229 -6.049093108122378 -0.9194742312111203 86.76945281553455
10.05693 -5.972181272273949 -0.9315694460814802 87.75545618034106
10.36867 -5.728746213298141 -0.9537769635307862 89.14879399015845
10.57663 -5.470525442590617 -0.9669260298977451 90.0200609299908
10.78461 -5.109983700177384 -0.9812773659296385 90.8149046116626
10.99272 -4.662296620147252 -0.9851023854655538 91.53799901158152
11.20057 -4.126665495283355 -1.0104843607564606 92.16680767297291
11.40818 -3.510024102532519 -1.031346441398559 92.72085332601903
11.61553 -2.8331714449434813 -1.048827790282682 93.19188880256411
11.82277 -2.109740780175109 -1.069193420617166 93.58178025815891
12.03 -1.369056289044849 -1.0850401175895295 93.90632977592925
12.2371 -0.5785650102279085 -1.0990726581362527 94.13068556721342
12.44411 0.23558146460191054 -1.115097132566056 94.33769422292889
12.65107 1.0752814895568932 -1.1492479424268391 94.54494062451117
12.85806 1.9652231490197138 -1.177560069062239 94.6788126438243
13.0652 2.910293130024847 -1.174405886770562 94.78146701118455
13.27235 3.9268586720365484 -1.2162778321696073 94.89763538790818
13.4795 5.010391516773051 -1.2564617129644928 94.98348035204376
13.68672 6.169769669082006 -1.2914196103444033 95.04246378335675
13.89395 7.400273056594658 -1.3255448252693203 95.0982046857349
14.1013 8.717961125044646 -1.3675276056157588 95.14953774027435
14.30854 10.117508676660892 -1.412606927594097 95.19051541863615
14.72326 13.187353558272134 -1.508051199162214 95.27739426367829
14.93048 14.872283181894149 -1.5554103305423599 95.33285237066839
15.13784 16.584257366318894 -1.6024859757811865 95.39892270490351
15.34508 18.378997760897537 -1.6521396720247599 95.50925951030514
15.55255 20.21137323865232 -1.7032011366652609 95.6332259606306
15.7599 22.06858684413543 -1.7627914079539506 95.77044755335224
15.96739 23.95106774114221 -1.8263127986970344 95.91156355996496
16.17474 25.837514822203666 -1.9057155955343754 96.05049717516475
16.38209 27.707610167020164 -1.9813648621783173 96.19057033092236
16.58933 29.588544577963866 -2.056953082295911 96.33224617284117
16.79668 31.461369318537763 -2.132106900156154 96.46489013307954
17.00419 33.330254650647575 -2.2004066262433954 96.56500527248691
17.21165 35.1839980388515 -2.265167635942899 96.63457326362051
17.41915 37.01108574406883 -2.3358564201341614 96.65865211248388
17.62648 38.828277338592535 -2.3998920543591944 96.65240742769134
17.83384 40.624194370574315 -2.4563979174720876 96.59740693627525
18.0412 42.38728653656013 -2.5161498046462625 96.51004522179447
18.24855 44.14232231991317 -2.5745206111408514 96.38507442547353
18.45593 45.85426292745181 -2.633805663438821 96.22956940141202
18.66326 47.51562053787676 -2.6956553798415306 96.05240093364411
18.87049 49.12274239721904 -2.753776536631553 95.86476402676199
19.07772 50.673002953824415 -2.7990798722833965 95.69340527277822
19.28502 52.138405691498825 -2.846023114364473 95.52172344782453
19.49224 53.52015639970428 -2.895765093196567 95.3918677789213
19.90652 56.03065408677034 -3.0010412710594805 95.29053123924321
20.1135 57.20853002362725 -3.0595870694911325 95.34041919997736
20.32061 58.35272540914315 -3.111242289486681 95.45880473206309
20.52747 59.412222341578826 -3.1630285700141263 95.66072461522332
20.73444 60.5718485664414 -3.2024092104936983 96.04782929202845
20.94151 61.57565293622183 -3.2235907156783012 96.51948893396877
21.14837 62.468037277828124 -3.268638443303265 97.11070825306831
21.35544 63.27371658116668 -3.2900838448202006 97.83428600675467
21.56272 63.97425503289077 -3.3301384564144687 98.63404858585757
21.7701 64.56828371823472 -3.365743278762952 99.55127494224077
21.97771 65.03659802638103 -3.3886613260427305 100.53468717637612
22.08144 65.22549801797149 -3.403278494038186 101.03898464411151
22.28917 65.53772841430836 -3.422829080700735 102.09684913322374
22.39317 65.67030317070024 -3.424172872115065 102.64378627930223
22.60129 65.94490383623582 -3.426981920708891 103.75864296034166
22.80964 66.19549399876578 -3.4358223216455213 104.92453679805406
23.01761 66.41566685502815 -3.4300662756292417 106.14373936536958
23.22571 66.66187695873427 -3.44725884721425 107.41382176687033
23.4336 66.94802151993166 -3.459545107218681 108.7260402452742
23.64143 67.24870803988432 -3.4784178210200523 110.09485619344625
23.84899 67.5818391247811 -3.5087126395032904 111.53736081685054
24.05642 67.96404095573021 -3.53170558764655 113.03462855250945
24.26396 68.3545192231392 -3.542586907009151 114.56442268665367
24.471 68.74491799270228 -3.5655787694090404 116.13527748380456
24.6781 69.13640198988641 -3.58555889979136 117.78119034277358
24.88547 69.54572875156526 -3.6102951392642524 119.497978127956
25.09267 69.93065691068855 -3.635311592621011 121.24100668052857
25.2999 70.34040753426049 -3.6522937321648667 123.04955566208987
25.50725 70.75049850506038 -3.6885055310407875 124.92006378624788
