0.0 -0.0 -0.0 -0.0
0.1044989 -0.0032814278580448253 -0.02715860603581508 1.6267364757341347
0.2077935 -0.0013689743341238608 -0.05682715858571142 3.254295211161188
0.3116343 0.0003247745897689419 -0.0880986073574264 4.878439526644658
0.415494 0.00213473273290787 -0.11345550668073202 6.514881462867841
0.519644 0.010685247508985009 -0.13708078840579252 8.14262043025516
0.6234014 0.014749587329273714 -0.17214452351522858 9.763303276052044
0.8311796 0.019102985380261922 -0.23278950002069781 12.997649653443252
0.9350305 0.024080546180627563 -0.25569073236848827 14.640061344655717
1.038877 0.020688683533569258 -0.29010638299676234 16.26369155070316
1.246636 0.029136872245026833 -0.34726497055777517 19.490992829438895
1.45441 0.012698992493443188 -0.4094607987941069 22.75012753226859
1.662157 -0.025810325836698636 -0.45625777685528157 25.999595336222335
1.87009 -0.04939197506285713 -0.5165481117577764 29.28595674546671
2.077874 -0.052727035256824734 -0.6169964009871423 32.53991931824834
2.389627 -0.11226792437112232 -0.6731453333650427 37.46497338089818
2.597363 -0.14395355734119292 -0.7299367646637952 40.70040135384828
2.909338 -0.22631663037224198 -0.8183463092009075 45.589718890370605
3.221 -0.3036285735426208 -0.9100574752508781 50.46465079281778
3.533061 -0.38328392840857095 -0.9963567076747066 55.33614149695352
3.74087 -0.45977873295654675 -1.0528879023293154 58.64375350022597
3.948871 -0.5295596429945284 -1.0802068477290758 61.86765202353854
4.260741 -0.6068542150643489 -1.1036866487023054 66.8180793002298
4.46862 -0.6170290414281555 -1.1263524058716348 70.1077825581455
4.676494 -0.6514872251340089 -1.138500174359025 73.37969224600722
4.988118 -0.7100993202960806 -1.1924495943319142 78.25950120838887
5.195994 -0.7365488393402129 -1.1936403066969274 81.49988334199041
5.403745 -0.7993915530080691 -1.211652713187364 84.81029162088119
5.611618 -0.8487103930310123 -1.237001081303316 88.06331423987433
5.819513 -0.908171136205167 -1.2514417092858396 91.31757475788763
6.027387 -0.9749910241334443 -1.2793849683026355 94.53201741018238
6.339121 -1.0718744661134334 -1.3221960832983009 99.3854927646319
6.547122 -1.117423968750008 -1.3661104914937638 102.61811375178536
6.755121 -1.1570848814340318 -1.3673699038693123 105.81532349362061
6.963119 -1.1762510308801266 -1.4204706275064645 108.99062158474037
7.379122 -1.1225325891294886 -1.4872384798427898 115.27333334807815
7.587125 -1.0835187412410763 -1.5401749950739894 118.37433785997086
7.795143 -0.9957260215374757 -1.5779666934356384 121.52453941937621
8.003122 -0.8798627499912719 -1.6341605769002467 124.64026041995393
8.107122 -0.8316580759286349 -1.657433419319577 126.1966187046523
8.315124 -0.7269066614661694 -1.7049176193558164 129.32777084053018
8.523125 -0.579550410210719 -1.750166980201282 132.4948823252018
8.731123 -0.44745325511681333 -1.802337017383485 135.67040528813442
8.835121 -0.37077266096569783 -1.8251715640737067 137.2723776707397
9.043123 -0.2084677105341104 -1.8701131537301516 140.52326341422742
9.251125 -0.06494689020171496 -1.9181827477954323 143.79533795442904
9.459001 0.053684162350728926 -1.9680872399943972 147.07364229756467
9.666891 0.15950091700575442 -2.01892508807339 150.39802373968135
9.87475 0.24535791353710845 -2.0694293445053695 153.74777264380936
10.18662 0.2611396894771181 -2.1302686595331664 158.81657164105786
10.39463 0.27806211568666983 -2.1663722381050294 162.1494077222804
10.70675 0.2135500354257005 -2.2378285835218943 167.2257693017237
10.91475 0.16681081628647343 -2.2871064126553806 170.63932572963085
11.22675 0.07541014881542285 -2.325061118754905 175.83053855178542
11.43462 0.0018070175743427619 -2.3491812408070047 179.2771591191039
11.64263 -0.03681262146468178 -2.3778091469319316 182.74638501358308
11.95462 -0.15439522922225857 -2.390758334125509 188.01737519308733
12.1625 -0.22632346395308556 -2.4023925005433178 191.58279635673983
12.37038 -0.28124600090010565 -2.4291454186943273 195.0801054201705
12.78625 -0.40224970632589585 -2.47564690374967 202.06742888124705
12.99413 -0.4597602116374149 -2.5153481170599736 205.58801768239286
13.20213 -0.3865169714183958 -2.59698182951606 209.05561018684926
13.41 -0.5915473871383341 -2.659126149275923 212.55236147217934
13.72188 -0.5981409187138613 -2.70103206707946 217.76984262498985
14.03375 -0.7516367831350355 -2.749863881834699 223.10729174113862
14.24163 -0.8054836436464106 -2.7836248740195115 226.51047789231316
14.55363 -0.9837578210649136 -2.835482212666138 231.8674955653772
14.76151 -1.0180506677295549 -2.8900930135613034 235.15414635852883
15.17725 -1.2600875980788686 -2.9411848573072548 242.19929247271398
15.38513 -1.3767520966522504 -2.9991043322482778 245.70506718818345
15.59313 -1.4964974680319667 -3.0264995979326432 249.21940813123334
15.80101 -1.6018331866357176 -3.057329916587398 252.6807189864698
16.00901 -1.7467464523528555 -3.0627196470977225 256.2271861201668
16.21688 -1.8748314297409951 -3.1348123725095274 259.5907843703689
16.42488 -2.016732026976353 -3.152886533769999 263.0685221244156
16.63288 -2.1587736603079506 -3.1874016943311028 266.47292437698377
16.84076 -2.2245930695683747 -3.2089429362592825 269.84924321125806
17.04876 -2.357231441687155 -3.261471115674501 273.1259280721454
17.25676 -2.438043841258599 -3.2779395131139717 276.4386006536283
17.46476 -2.5500670998752852 -3.308886008281353 279.6841102854844
17.67276 -2.6539765011229637 -3.3428745166601717 282.8937138205795
17.88063 -2.738661857964164 -3.3654624693701196 285.9843401524543
18.08863 -2.8330093610841605 -3.381450188364245 289.02286650121914
18.29663 -2.9532291799344357 -3.392721575664612 292.0005577554691
18.50463 -3.067072900530098 -3.4021370384599314 294.92554015745225
18.71251 -3.2094701778936514 -3.43060160200442 297.79907878636857
18.92051 -3.323379162398165 -3.4538457677701775 300.6335056453932
19.12863 -3.4871537450048926 -3.4711270008750637 303.31782455539695
19.33651 -3.648601887862519 -3.4876482139545963 305.90604366484575
19.64865 -3.9160360988529774 -3.506115545172092 309.5390912585684
19.85663 -4.131442646026656 -3.5292626515917087 311.8083102840953
20.06489 -4.318965203467112 -3.538094411352489 313.9788144099435
20.27301 -4.485714415292691 -3.549928695287422 316.0522517612162
20.58526 -4.739540919561776 -3.564998539246934 319.0884414539859
20.79338 -4.894330153014572 -3.5958556497245047 321.03576040377015
21.10563 -5.146488120746795 -3.6253967825879103 323.92251592833856
21.31376 -5.306652230435869 -3.626347592506198 325.8215666371087
21.52188 -5.446367449349584 -3.656980831099496 327.7067473102579
21.73001 -5.577030068425106 -3.6609683245962827 329.5583659602184
21.93826 -5.709374014224011 -3.6783355745836 331.4294474012165
22.1464 -5.8292246315041485 -3.689741614702527 333.31506915930834
22.35451 -5.947696898625443 -3.693491185847992 335.20837419653344
22.56276 -6.061443532124571 -3.7047482839132257 337.129684208667
22.77076 -6.163097316904876 -3.7139988925283354 339.08021985020093
22.97889 -6.273396187426901 -3.7179368361361704 340.9825671295636
23.18689 -6.380113066359179 -3.7089630401724447 342.867354659774
23.39501 -6.49708428912235 -3.729942234968016 344.77991473754565
23.60301 -6.62533336834235 -3.7421398341579204 346.7395902540843
23.81113 -6.728666721693667 -3.7456994939156028 348.7231991694744
24.01927 -6.82817233125836 -3.752809308051458 350.7583448247488
24.22739 -6.9096179908116175 -3.7678265506572597 352.8365540924452
24.43553 -6.984155210336663 -3.786247655080647 354.92514590336236
24.64364 -7.066173916293502 -3.803114814624413 356.9977296044322
24.85176 -7.128818054285523 -3.8299419027716612 359.1122074749728
25.05978 -7.16934353730503 -3.8268462747989176 361.2261994370428
25.26776 -7.206516376814056 -3.8352133618381545 363.32413986075716
25.47577 -7.222865245121877 -3.8579183767393523 365.442632349083
25.68376 -7.238289628135246 -3.8547210340262374 367.5725107975746
25.89164 -7.268517835129197 -3.8659926900324306 369.7210982546235
26.09952 -7.295267493395596 -3.873126991765285 371.8735324210226
26.30739 -7.346678137963083 -3.867358808730039 374.0015759831997
26.51527 -7.384943854426503 -3.889094581487944 376.17098130215015
26.72314 -7.434539943179568 -3.920024366656879 378.2882548140582
26.93114 -7.51321873331226 -3.926523270261777 380.38245942735244
27.13914 -7.611829909893601 -3.926776334481997 382.4208035145675
27.34726 -7.711610520645117 -3.935374918689985 384.41126645047376
27.55539 -7.841736334902807 -3.952664111055574 386.2999533406079
27.76339 -7.9736815069541365 -3.9559787362327494 388.0790759752622
27.97139 -8.096241089804824 -3.962320174697001 389.7751195365365
28.17926 -8.254457388666712 -3.995163201244143 391.3493346607593
28.38704 -8.46687011195521 -4.022865394157212 392.8631488712813
28.69852 -8.884245728868578 -4.05369974887042 395.00322294743876
28.90604 -9.245278527316145 -4.077301198590022 396.31749677666164
29.11351 -9.678015990507163 -4.095167241699474 397.55225850415206
29.321 -10.182317919894302 -4.10850572590737 398.73969601820096
29.52839 -10.769952052192622 -4.121259696098817 399.78746157904845
29.73577 -11.463383926019134 -4.125446517392858 400.79791012280094
29.94328 -12.262532139096464 -4.15467988588432 401.7129696291675
30.15089 -13.123033686769958 -4.156811192415513 402.5162994364901
30.35839 -14.069836715517255 -4.17543116747575 403.16870351916765
30.56579 -15.11948098424486 -4.1718062945346945 403.6861719674964
30.7734 -16.213342338406278 -4.212383498773608 404.02922868493596
30.98089 -17.33394339770483 -4.229261398837909 404.26707382623533
31.08477 -17.893155825145357 -4.244397404952912 404.3371727494785
31.18864 -18.475642907216674 -4.247166534429672 404.37197385511683
31.39627 -19.69005472019075 -4.257449998423214 404.317717413003
31.50016 -20.31854598508234 -4.259834658103242 404.22875942885616
31.6039 -20.9761967342189 -4.2493168252067495 404.08932194614306
31.70781 -21.62535002020185 -4.247387227805841 403.9163182578698
31.81165 -22.290851491614987 -4.238705656079029 403.69100966782156
32.0194 -23.64284652070843 -4.222999873212997 403.0863927456826
32.12329 -24.327712726426824 -4.208078398513412 402.6998401842454
32.2273 -25.02627302757915 -4.184263845322369 402.25060782162217
32.33129 -25.679492788586316 -4.161399340551482 401.75363582056013
32.43543 -26.379830535063093 -4.135566577221365 401.19066966815205
32.53952 -27.048725726048843 -4.112796845763652 400.57172025679876
32.64377 -27.736840574651097 -4.087249074847641 399.8917293434138
32.74802 -28.42741316239588 -4.0596795768811855 399.1474300243665
32.85215 -29.10161804928424 -4.03587728147553 398.366186431442
32.9564 -29.78033457707781 -4.001438340204517 397.5007066201854
33.16477 -31.028301783894875 -3.9493550955527503 395.55057042681324
33.26902 -31.63748175036673 -3.927375328382217 394.4555251287285
33.47742 -32.80142984854422 -3.859480629649857 392.0635489034706
33.58164 -33.358009167714386 -3.833484909336619 390.7624940568028
33.68577 -33.87851984122494 -3.8151744481577863 389.40285492447805
33.89415 -34.80972151793419 -3.7789905560156365 386.4613304320439
33.99828 -35.22004903159687 -3.769783085503782 384.88543997684513
34.10252 -35.57399549497198 -3.7546882600734763 383.25128293507953
34.20665 -35.88686762558291 -3.743374103185779 381.5588433065346
34.31077 -36.14763280949961 -3.7338583387139637 379.7904822535032
34.41489 -36.333400875463994 -3.7092756220778638 377.96831557503197
34.51902 -36.463008966849486 -3.689093970398089 376.1082371919791
34.7274 -36.58963484158062 -3.677127818378802 372.2009288881943
34.83166 -36.540567622720914 -3.6688447478894837 370.164509493175
35.04002 -36.29814145638806 -3.670989146465808 365.96252882073793
35.2484 -35.825644897955215 -3.664333142970807 361.57641324205343
35.45692 -35.163185742477 -3.672439621220798 357.04412641953996
35.66552 -34.370676373312925 -3.7032874196419643 352.28299754019446
35.87418 -33.57287337217141 -3.722768579119478 347.37007415808347
36.08252 -32.80088499778198 -3.733931993813141 342.34377268262347
36.29091 -32.054302630159654 -3.745042190346304 337.17690338140227
36.49915 -31.357009781620096 -3.7821363567684942 331.9645068864773
36.70728 -30.7412503476556 -3.806389973113893 326.68565823678875
36.91528 -30.102094075155826 -3.793792602712773 321.4421729206521
37.12328 -29.570319457530154 -3.815675386064558 316.04036680082237
37.33115 -29.059105540400633 -3.816998728794313 310.6784269426166
37.53903 -28.633392684678427 -3.8238831486185383 305.32896510174254
37.74677 -28.167690339718526 -3.874118464328857 299.89718659275854
37.9544 -27.765021619271852 -3.8695657294907986 294.4458075501596
38.16202 -27.393470752611293 -3.8590610986539544 288.93583773994993
38.36953 -27.00778686827516 -3.8989061517972314 283.39485040898893
38.57705 -26.60957483097164 -3.950630778399886 277.78812185174667
38.78465 -26.198153183476368 -3.9330733329264898 272.2051601243093
38.99215 -25.794343087785638 -3.918416607210541 266.6098166459769
39.19965 -25.322596705177375 -3.9211886292205818 260.999935338374
39.40727 -24.926889524450065 -3.90740157292758 255.27468195317013
39.61478 -24.50642391799883 -3.9585807713833745 249.54742266069454
39.82215 -24.13333169183685 -3.9611267408413804 243.7385529928341
40.02966 -23.734697862193286 -4.00497532758868 237.85340228832357
40.23704 -23.256125466897405 -4.085323820550668 232.03148649468258
40.44453 -22.900922307282066 -4.091381132420354 226.10534476964074
40.65204 -22.542314873544488 -4.136175615072693 220.1841113057069
40.85953 -22.17798364506806 -4.242187238630573 214.25392208729448
41.06704 -21.817663518712404 -4.280686511763376 208.10841462234146
41.27453 -21.57737553073981 -4.350337780548966 202.0257887781531
41.48215 -21.288534042276492 -4.279226378114112 195.9901583947198
41.68967 -21.050576924807483 -4.241107779371324 189.99827071280941
41.89728 -20.914281409792906 -4.204336536528847 184.00105658645955
42.10478 -20.76475257663798 -4.2516764924781985 178.16082846336715
42.20853 -20.7707060891317 -4.245843612614643 175.17625822545594
42.31228 -20.8401175856259 -4.251505558699843 172.187451148212
42.5199 -20.682257309818276 -4.179004180301402 166.6027791751662
42.7274 -20.58769992397101 -3.9711673579091675 161.19202591086503
42.83116 -20.643654271587025 -3.8234776663891235 158.5277505920671
42.93491 -20.746953168164648 -3.7638133830107376 155.82174649442123
43.03866 -21.00860397273845 -3.6264123140569247 153.03746244206755
43.24616 -21.531637070248703 -3.584058956481413 147.4911898824294
43.34991 -21.748058654656173 -3.794500608534216 144.87797117360498
43.45369 -22.31284339932905 -3.963912403992575 142.07160432449436
43.66103 -23.242654903172614 -4.843019518417115 136.94106743447153
43.86853 -23.55280438251357 -5.011865934375981 135.06122528849696
44.28328 -24.197700545334538 -5.34152378372117 131.4148805451134
44.38704 -24.348384683513487 -5.422182605206727 130.59879634991066
44.49078 -24.4938769059308 -5.504584966701319 129.7851178622315
44.59453 -24.648615447373345 -5.580515546125904 128.96706393253234
44.69828 -24.800809039081855 -5.653111221589411 128.15998987115339
44.80216 -24.94175093314659 -5.729457262406511 127.40838107970676
44.90591 -25.07682684898 -5.798012486894352 126.68052595502532
45.00978 -25.216784684497796 -5.874402797201407 125.96952981790736
45.21741 -25.48520260849362 -6.013432904440551 124.57880369450163
45.52891 -25.82208458255375 -6.1752192811580215 122.65273629602078
45.73666 -26.065336488330917 -6.30453529918835 121.4092279953886
45.94441 -26.28764484130709 -6.4177997090966326 120.1999903971043
46.7763 -27.137645335539613 -6.886926326227574 115.70188415138038
46.98429 -27.349356263147946 -6.996315198712898 114.63580905306233
47.40028 -27.739699746330963 -7.221446001302574 112.52431344802847
47.60841 -27.92407840031578 -7.336503848955868 111.47008961290513
47.81641 -28.11642508282434 -7.444792900356374 110.43847759241567
48.23241 -28.504226297055965 -7.682155328303123 108.26071755283306
48.44041 -28.70903654179401 -7.80996096006327 107.13246453067542
48.64841 -28.910275101502467 -7.925475626329664 105.95482189479738
48.85641 -29.115344569570905 -8.050029698333743 104.7224916077202
49.06453 -29.326490545877668 -8.173516528848253 103.43158082674644
49.37654 -29.64381241301686 -8.356332515856177 101.40704658404961
49.58454 -29.84812598279649 -8.483762528995326 99.98133345823022
49.79254 -30.055015953573797 -8.614988820772005 98.51488185079111
50.00054 -30.248946999594637 -8.751214186486902 96.97479792246209
50.20854 -30.435946279981657 -8.893023438785406 95.37561092811947
50.41654 -30.626312035369686 -9.04540992657473 93.73409963950334
50.62467 -30.822880385859435 -9.205169926032799 92.04190499873313
50.83266 -31.025434355740895 -9.372045046545292 90.27430538675999
51.14479 -31.341648298039978 -9.613710503728527 87.54338716920029
51.35279 -31.565053573886566 -9.788549533580687 85.66155703578953
51.76879 -32.04981249791555 -10.134863006885512 81.75864175025667
51.97679 -32.30576784577926 -10.31775985233069 79.7523380522779
52.18466 -32.58968964955151 -10.515470759579168 77.68935249932656
52.39267 -32.88095247396952 -10.713319681625736 75.54968417228554
52.70454 -33.369279737751455 -11.029661573024729 72.2506245583894
52.80854 -33.537113949473834 -11.136974207378643 71.12985747201644
53.01642 -33.86535008939568 -11.328585335330892 68.93057639059822
53.12031 -34.04166259795579 -11.451994874632618 67.77271891191533
53.32804 -34.39982183860134 -11.68236518555943 65.50831994072189
53.53579 -34.773747504321776 -11.894195141832338 63.24736423396415
53.74342 -35.146552315473215 -12.105536273107852 61.01205843936369
53.95117 -35.52432196390375 -12.329052156551535 58.76329831758731
54.15879 -35.91390783159833 -12.552314252752524 56.5203576669531
54.26254 -36.10008728775889 -12.661108831944478 55.41008141806195
54.47016 -36.48695327876882 -12.872009683465151 53.144077311987445
54.67769 -36.86277247249093 -13.080814225409755 50.95024058606706
54.88529 -37.24166154051579 -13.299405001497536 48.72354538954728
55.09292 -37.60318210263125 -13.50450152770021 46.506877476957186
55.30054 -37.96179437880125 -13.70942440406039 44.3202963869636
55.50819 -38.321691082675784 -13.941131907563662 42.124443702466415
55.71579 -38.678802071989 -14.166559240924524 39.88673126525542
55.9233 -39.02727473040706 -14.366180574057994 37.75391482294031
56.13092 -39.39745811796891 -14.591674856758875 35.556130425287996
56.33842 -39.76885561920424 -14.813651738612823 33.38824394231863
56.54604 -40.13293279328003 -15.033101927228659 31.21300265180801
56.75355 -40.49584435607689 -15.257449696249719 29.06184496941932
56.96106 -40.864706821193245 -15.471274510746422 26.92530349502773
57.16854 -41.22654150402344 -15.697029152906804 24.8119659219713
57.37617 -41.589621487484905 -15.910721398913294 22.691889148586185
57.58367 -41.929464505893606 -16.13635673821829 20.60736314683355
57.79117 -42.2857795142885 -16.347396988628187 18.521692240761467
57.99868 -42.65271803570752 -16.571221243340936 16.42704810821262
58.20619 -43.018409127894905 -16.779029828620562 14.365637732270903
58.4138 -43.38315143952464 -16.977579943289044 12.283210518794222
58.62142 -43.72442481851811 -17.18343483321515 10.213530833449198
58.82907 -44.07702024230044 -17.394183367124004 8.142789971119475
59.03655 -44.44192685896035 -17.612161022382402 6.044961650352146
59.24417 -44.79395824711989 -17.82975535780307 3.937057293149282
59.4518 -45.14696836873287 -18.044957700462966 1.8265911736101526
59.65942 -45.51654628517593 -18.26189286985853 -0.29561520842139366
59.86692 -45.87798312699483 -18.492143562718105 -2.4035102344184995
60.07455 -46.23367396386567 -18.737798792659426 -4.514862120960263
60.28217 -46.591059146678305 -18.968882838789416 -6.643819229985024
60.48967 -46.95156114052334 -19.204196832100944 -8.777955757312215
60.69718 -47.33242503134004 -19.439873602549532 -10.916051953604038
60.9048 -47.70144011341089 -19.670081278214074 -13.088991545415254
61.1123 -48.06117908638019 -19.91143665247908 -15.221952968118128
61.31992 -48.425016055936396 -20.137452565951936 -17.411910954531315
61.52755 -48.78901761835468 -20.367376852546887 -19.540766687565785
61.73505 -49.167942989346564 -20.580597270580206 -21.659700236157235
61.94255 -49.51202411632519 -20.81609095454799 -23.759047039610714
62.15017 -49.89469530850569 -21.047852234491412 -25.931803336037756
62.35767 -50.240934941011275 -21.284666737265752 -28.006723887749583
62.5653 -50.59347699631469 -21.508928220810805 -30.10762673592817
62.77292 -50.94013990855371 -21.74427613268437 -32.216893317999286
62.98055 -51.298016635499025 -21.97674377644299 -34.31718308484142
63.29193 -51.84108360076923 -22.31291214002413 -37.48997401221643
63.49955 -52.211717423627896 -22.563278942246832 -39.57921966996786
63.70717 -52.590228612706056 -22.786032122333907 -41.671332778451884
63.9148 -52.95126416536266 -23.02449987274494 -43.74450505566
64.12242 -53.32386842754181 -23.26309479011404 -45.82658895159825
64.33005 -53.660485877172995 -23.516187621254844 -47.88376066811618
64.53757 -54.01290028835294 -23.737574957899607 -49.94723524663449
64.7453 -54.35709627348972 -23.973631331844167 -52.01329744924402
64.95292 -54.699478642696505 -24.202298928780742 -54.07010961343304
65.2643 -55.215843943465984 -24.551210239865934 -57.112853638258905
65.47193 -55.576308470223445 -24.776228341528956 -59.14981309660249
65.67942 -55.92663003586954 -25.015884208649915 -61.18758347154767
65.9908 -56.459648440935354 -25.361531885370745 -64.19301865573867
66.1983 -56.816686377620684 -25.60427099440656 -66.19170392259994
66.40595 -57.16235031038834 -25.80700832872339 -68.1635826277354
66.7173 -57.70479741352042 -26.153520667860864 -71.10190616613906
66.92481 -58.066163394880036 -26.366953807451043 -73.07433857620553
67.34005 -58.78690154780348 -26.822264946619224 -76.94834304170666
67.54768 -59.12993350988998 -27.042744760138156 -78.89298696139589
67.7553 -59.50189030632019 -27.26621871988997 -80.82514865043696
67.96293 -59.84426837913835 -27.475531980930768 -82.69386937130527
68.17055 -60.195502788573336 -27.692152673953707 -84.58191402597546
68.37818 -60.526101057017875 -27.885369531645438 -86.39206676936993
68.68968 -61.040796877935946 -28.194596339812108 -89.0824923699439
68.89743 -61.37242039547334 -28.394394710780386 -90.7980736943602
69.20893 -61.847277113713226 -28.675643877823113 -93.26867562158684
69.41681 -62.13927922043729 -28.850797915609302 -94.82534755218973
69.93632 -62.85113431260599 -29.258432592485022 -98.36468004803753
70.14393 -63.08151131945398 -29.398748692734888 -99.61547644238311
70.66218 -63.35249830985581 -29.67584679692533 -102.3039914906084
70.86943 -63.32335428794683 -29.75812151953243 -103.23639255918015
71.07668 -63.20740636121811 -29.81909112216319 -104.09003799441362
71.28393 -62.997252209818086 -29.86499927249247 -104.88095049027226
71.49131 -62.68055340035894 -29.873752440345825 -105.58793880795612
71.9062 -61.860678318680826 -29.87824434815572 -106.87502730135878
72.11368 -61.30665339881624 -29.844637892959383 -107.45546266551266
72.32131 -60.664758977028235 -29.813576477015488 -107.9276694584745
72.52906 -59.917057667978455 -29.7381592437455 -108.28368850129554
72.73695 -59.128172083261646 -29.660613803809095 -108.54363537616669
72.94481 -58.27606348857405 -29.55729899412497 -108.71629148543411
73.15283 -57.356419067245184 -29.425196524825747 -108.79079219396905
73.36068 -56.38811444065334 -29.28170875188092 -108.70942230061948
73.46456 -55.896905261206726 -29.186365495462603 -108.62517455988205
73.56856 -55.39654674585543 -29.082974222833112 -108.50498615064666
73.67258 -54.897556615527236 -28.97626389573916 -108.33754680697501
73.88045 -53.877767370910945 -28.742619505218475 -107.87857944191879
74.08844 -52.873566415100065 -28.506737022078394 -107.22650571079095
74.29656 -51.8644257080068 -28.255716085108652 -106.41925749047942
74.40068 -51.383661289998216 -28.11896801175594 -105.93406506245753
74.60881 -50.47941735634652 -27.851333100587382 -104.8174376680411
74.71282 -50.05755787147772 -27.721611209127026 -104.19717310709127
74.92108 -49.29846246094639 -27.46789142993979 -102.77554557862099
75.12956 -48.653780169121546 -27.219107151545067 -101.19081508895748
75.33819 -48.06342748104144 -26.96886875159567 -99.42589284070156
75.54693 -47.53978464164564 -26.723510024040102 -97.50284208218368
75.75568 -47.09879660254812 -26.486454299300064 -95.44646637444596
75.86022 -46.893366432403134 -26.36623105747163 -94.36877524394674
76.06919 -46.48625815146232 -26.12046920518349 -92.13281796000126
76.27806 -46.04480976140801 -25.85909141902335 -89.77096050445196
76.48681 -45.59173142792706 -25.598489005044033 -87.32319650559525
76.69531 -45.1368128451749 -25.314491547552457 -84.78043324743572
76.90356 -44.66629638412947 -25.0147484585064 -82.15678038593174
77.11181 -44.20139172221873 -24.729063565760953 -79.46150652852572
77.32006 -43.7228755986535 -24.429677580603517 -76.67737007075533
77.52819 -43.24818363827535 -24.116512411873025 -73.76996957937591
77.73619 -42.7536064093484 -23.78103129885585 -70.814977897574
77.94421 -42.2474912094156 -23.460528324179485 -67.79981310137904
78.15207 -41.683028624662455 -23.14165494642959 -64.69093739437882
78.35982 -41.11559579831867 -22.821209083628347 -61.527800294891634
78.56758 -40.55629722745597 -22.501440059228052 -58.29748642747888
78.77519 -39.98848429290852 -22.17857529337283 -54.97892357743881
78.98294 -39.43272241877909 -21.857111536691104 -51.603867307783005
79.19069 -38.829573130095 -21.55340290400561 -48.13491436633911
79.39831 -38.28433723732138 -21.250940469858914 -44.62437469235323
79.60606 -37.6898248694801 -20.874942533527737 -41.00015647058817
79.81382 -37.07082809121458 -20.50656703608216 -37.346877233202896
80.12519 -36.16634308729265 -19.88459782732805 -31.83806922018251
80.33281 -35.568227139705385 -19.497000241657346 -28.25432806373052
80.54044 -34.988844751450664 -19.110663668303427 -24.528433238834655
80.7481 -34.37796951637869 -18.71158728690655 -20.874947399870678
80.9557 -33.76440218502789 -18.327149958768274 -17.187781870374224
81.16321 -33.16038856107991 -17.931770810005684 -13.577733488572857
81.3707 -32.57820387167996 -17.527854714609603 -9.928148162082879
81.57833 -31.987490963915675 -17.13807587565338 -6.280601898995143
81.78594 -31.39788016931171 -16.746847731339894 -2.662532221462996
81.99344 -30.81016001543676 -16.371112049080658 0.9471757505579586
82.20107 -30.208705215690355 -15.991517870118301 4.5599330498934645
82.40857 -29.635372459650124 -15.621814916445311 8.142553923968281
82.71996 -28.781400267754176 -15.04389012988894 13.535594836681625
82.92757 -28.22760437489813 -14.665423132479468 17.147901205951644
83.13519 -27.670072040686208 -14.293268339355805 20.695638235315236
83.34282 -27.10246826627763 -13.914804143622305 24.27216522469021
83.55044 -26.54808610897903 -13.551955322471503 27.75480462978325
83.75819 -25.98914695927139 -13.171034571391088 31.271213027093637
83.96595 -25.405417765245236 -12.813696498078361 34.78802624549826
84.17369 -24.8472982781261 -12.441901470066963 38.27345688886353
84.38159 -24.287962380548088 -12.066868410884032 41.74467729946653
84.6932 -23.430838857767768 -11.503313807389747 46.887916739427396
84.90094 -22.847878000926155 -11.159661461009012 50.30916323063345
85.10871 -22.270459798640914 -10.840110193026554 53.69179826624667
85.31633 -21.680912279822643 -10.504884641519837 57.08030103476058
85.62782 -20.771128280268776 -10.00315853725169 62.16790421059025
85.83532 -20.18182547964983 -9.690449964157645 65.51706206735471
86.04282 -19.623953808869175 -9.36581494000105 68.8137588809008
86.25046 -19.059591624131237 -9.036133079900967 72.15229224003994
86.45807 -18.498593593681534 -8.712685134714103 75.42403387305227
86.66569 -17.940016442593304 -8.41038538789078 78.73444498381521
86.8732 -17.380181797015304 -8.083942156529455 82.02868546824998
87.0807 -16.84488400879884 -7.776724129381741 85.33531303599743
87.28832 -16.247547820019335 -7.466863455086676 88.6354399647133
87.49583 -15.714906786573318 -7.139687970594103 91.9404893698777
87.70345 -15.164089320436604 -6.8269064517270746 95.21387905022466
87.91107 -14.611466619928331 -6.519025962353453 98.50532283403277
88.1187 -14.062381119119218 -6.185458046910538 101.7850450047561
88.32632 -13.509713793451148 -5.877206511288836 105.07786417436347
88.53407 -12.983461631950302 -5.5721892419120564 108.31504724971329
88.74158 -12.435808550070348 -5.253960205341508 111.57701825931753
88.9492 -11.904786738607019 -4.938241931710019 114.84282322239457
89.1568 -11.388521243526608 -4.616591164675368 118.05904815712094
89.36432 -10.838004941910679 -4.335439577460864 121.27762263838133
89.57183 -10.310205363909287 -4.022217302596184 124.44342100268088
89.77934 -9.77808304848951 -3.7298835161877584 127.59169271209133
89.98695 -9.255705347739184 -3.4204708829767156 130.7322331735819
90.19445 -8.759862216547962 -3.113508801493529 133.86003375683276
90.40208 -8.265097504000284 -2.7910695112020854 136.9704940605758
90.6097 -7.757567549184742 -2.4606330015504803 140.0690437293379
90.81732 -7.271931312950095 -2.140382782987338 143.1405960240936
91.02484 -6.812099207622932 -1.8210980546231568 146.2106191947456
91.23245 -6.345475112721974 -1.499616486918896 149.24747935409712
91.43995 -5.886909623256649 -1.188067794321416 152.2860449404696
91.6476 -5.43665230470765 -0.8795058039483088 155.30550961098456
91.85508 -4.997686964076223 -0.558643246186719 158.3324280520757
92.06258 -4.562936867264657 -0.2552282338494827 161.33325094289532
92.27007 -4.122524749258449 0.04753977172228119 164.34615480280755
92.58132 -3.4606240938465582 0.4941861276613366 168.79260776304622
92.78883 -3.003308599964928 0.8046269866834628 171.65321082594534
93.20395 -2.10955937098829 1.3521744415896926 177.15903799910498
93.51545 -1.390147111394203 1.736352116712073 181.13844669825548
93.72308 -0.8973602052916618 1.9990818332701359 183.81156712200985
93.9307 -0.42414427787743847 2.2567228554923418 186.40970754091825
94.13845 0.04589009707269298 2.5134747061227642 189.0010984526909
94.3462 0.525288520437357 2.7623591978182596 191.58197889827835
94.55395 0.9886819867685972 3.016810855669828 194.1040093189564
94.76158 1.441873102436162 3.262677528671013 196.61073121687193
94.96933 1.8587361414981665 3.5007263005137794 199.1440526061815
95.17695 2.2576125300028345 3.7477764940882885 201.73133027855528
95.3847 2.61858254316558 3.9771538571983065 204.3368323500989
95.59247 2.9473240712526376 4.2029797922317975 206.9823635689343
95.80033 3.264260598524128 4.451343610365555 209.6512738824892
96.00846 3.599326283207322 4.68840273094284 212.3388240746448
96.2166 4.020263958143733 4.939154546357578 215.03794205544654
96.5287 4.717625677517283 5.3462127263703 219.17060014253605
96.73683 5.278608395901003 5.625190442141609 221.92400655800037
97.04871 6.205341168492794 6.047084141599711 226.11596180849688
97.25658 6.864603090830499 6.3572351983653945 228.97396599957335
97.46446 7.56674680214099 6.681149954338945 231.84787446832897
97.67221 8.280108353538566 7.0022162052720525 234.7941772189275
97.87984 9.016509644006632 7.342761877413661 237.77713064392927
98.08747 9.748348799187049 7.690735976617233 240.81127594716216
98.29484 10.446711323190996 8.037493119700965 243.90543561825078
98.50247 11.11222331777789 8.382921851018285 247.0574183531627
98.70996 11.73271492391816 8.734265989051305 250.28695554530182
99.02133 12.63161731213987 9.252571059353699 255.19089559294045
99.22896 13.206811624418421 9.570192443577955 258.499728524373
99.43658 13.789179514218208 9.878098606749994 261.8335830676014
99.64408 14.35019927691782 10.184291942948121 265.2388372656575
99.85171 14.915067183412202 10.490382078860975 268.66612476052404
100.0592 15.453432873910288 10.800536502004434 272.0708880350406
100.2668 15.982171628789885 11.10214193181789 275.48188964215655
100.4744 16.50748653459822 11.414413688506567 278.923655789946
100.682 17.03071323346319 11.717954243811917 282.3414984838351
100.8896 17.568488116051064 12.042116024003686 285.74965890886386
101.0972 18.103806233733035 12.343759021785619 289.171593192875
101.3047 18.63257012056967 12.653596501492878 292.55963237682965
101.5123 19.202375222981228 12.948291609116573 295.88405931135725
101.7198 19.72696157821944 13.247128673177393 299.23379809618325
101.9273 20.285726640495955 13.569216389520378 302.5779308211099
102.1348 20.854620739593507 13.873166922421511 305.8768365481371
102.4462 21.712009365272877 14.339601043317558 310.8115718115598
102.6537 22.29333153946925 14.634912603684686 314.04831734684547
102.8613 22.849683906803335 14.921181484575758 317.2738442114035
103.0688 23.41261126980843 15.215746459058693 320.50405439882854
103.2765 23.970084087564892 15.539609446136389 323.73022584856767
103.5877 24.82024235997911 15.998745968330393 328.5117600884664
103.7954 25.39731696738255 16.276300072997074 331.6548452654801
