1.037695 -0.0 -0.0 -0.0
1.141483 0.6340179085551169 -0.0391991648799739 0.16708076147628434
1.245136 0.9944620515398386 -0.05032303217226516 0.39417625103558057
1.348871 1.2165422657429334 -0.08919646854588366 0.5979064437709094
1.452734 1.5179728819950769 -0.14815630112716952 0.8400798736083595
1.556375 1.7602403550561432 -0.21205999555064536 1.0737506372749
1.660095 1.5345553232685503 -0.22613062210003226 1.3704441373759213
1.763837 1.4307215407506688 -0.22643461335473494 1.7163587480034141
2.386034 2.0996051733186367 -0.32684639451755815 3.3251924208254806
2.593387 2.4380572868253974 -0.3366845790841635 3.811009702601906
2.80062 2.806820304135132 -0.34351729894710015 4.256322453998571
3.008111 3.212790614621934 -0.35222158139773263 4.6832159819608545
3.111717 3.430392144506126 -0.3577102995568836 4.8897758217547915
3.319074 3.890432155853504 -0.36727808826811015 5.283264102513384
3.526551 4.385319079837284 -0.3772268799309566 5.658741217642876
3.630286 4.65294262613796 -0.3813896859319642 5.840582718101535
3.837524 5.194040314329357 -0.3887554373941744 6.182687580779509
4.044901 5.77197181703717 -0.39695529217258313 6.5111357141354596
4.252293 6.3793311840661255 -0.401231128288439 6.822691080409429
4.459609 7.007613112474282 -0.40412188201207877 7.124900943995311
4.666947 7.649066640906046 -0.41358870373100987 7.419769108672856
4.874319 8.323472094853514 -0.4193070674418322 7.711410514511352
5.081656 9.026261041906352 -0.42327094566062656 8.002272940669798
5.288943 9.752828321386623 -0.43253150709296484 8.298109714165427
5.496314 10.508034149931081 -0.44096146393457697 8.598568251458417
5.703641 11.29782345102042 -0.45289090513249164 8.903387560672678
5.910955 12.111064833397881 -0.45925449174081634 9.217892625829062
6.118447 12.95118422464446 -0.46930457475036536 9.537480814298533
6.325669 13.809371759884238 -0.4793385359134334 9.86288829761369
6.533021 14.686141844451669 -0.4904998423717164 10.202111483367757
6.740399 15.606403387426802 -0.5028013641634115 10.552393872207247
6.947755 16.53930801985094 -0.5139983413220931 10.912896874522627
7.155209 17.485858162522767 -0.5244864194087578 11.284464997428717
7.362568 18.4411318884285 -0.54110310457237 11.660567463967153
7.569925 19.424746596730486 -0.5515319425237597 12.048720480818005
7.777286 20.43111673033648 -0.5672883234825019 12.447197293827504
7.984696 21.450826925400822 -0.5815465667479093 12.841454801007087
8.192118 22.483768868970852 -0.5968739086140662 13.239736573787818
8.399546 23.529942678762072 -0.6141555027130772 13.648962632650065
8.606978 24.58906661328158 -0.6325595280895191 14.063642275933924
8.814436 25.674826961109908 -0.6447718379533449 14.476792583486308
9.021867 26.779919823641066 -0.6635848357102967 14.881955433004608
9.229148 27.882470828646053 -0.6841375769990516 15.291599406289755
9.436507 29.00798233477978 -0.7114155990550081 15.683394950216965
9.643856 30.154887370679152 -0.732616381073887 16.07799342030488
9.747566 30.72524803235267 -0.7443624239500877 16.27509265661309
9.851216 31.308829447166715 -0.7554342824737424 16.46294527319271
9.954854 31.90088029223766 -0.7658535661374295 16.64924854419206
10.16227 33.073933252062666 -0.7900815082409237 17.010825973989938
10.26595 33.661452350303115 -0.8006623304311639 17.18255290380177
10.47333 34.863370085039755 -0.8276815926724568 17.52717364396599
10.6808 36.07684097428488 -0.8592151804548287 17.85999394883502
10.78449 36.682299413789785 -0.8695635705544137 18.023438725536806
10.88838 37.298645691942845 -0.883113184281071 18.179775534030473
11.09628 38.51367744539529 -0.9114331202234587 18.502935460719453
11.19965 39.12747877755818 -0.9237516193758103 18.66446040678374
11.30336 39.751928263300236 -0.9412493361504886 18.814386442945874
11.40708 40.37024870770177 -0.9520875897286585 18.968915335849964
11.51057 41.00428098597377 -0.9691406936192658 19.110036921846763
11.61418 41.627842125951005 -0.9892603214618618 19.255973242670454
11.71802 42.254242362681566 -1.0031981404733414 19.39803845212071
11.92506 43.52823370587561 -1.033373700732219 19.695544215014955
12.13214 44.814955964911505 -1.0682048971283584 19.96125181239163
12.33962 46.106436920348685 -1.098695796125418 20.23506165871863
12.54685 47.40347620281864 -1.1336852560958217 20.496352084612532
12.75421 48.719356670786055 -1.169293826947857 20.745343436826456
12.96145 50.045884904119276 -1.1993162767118137 20.989990356409905
13.16879 51.376785199767546 -1.2317498147965344 21.229000524448807
13.37617 52.71156478586015 -1.263685803987862 21.46964187020275
13.58338 54.082412385316154 -1.3127922436870778 21.682156741725628
13.79073 55.44639949141383 -1.3467703036910375 21.904199108545757
13.99845 56.81138773035893 -1.3872661745512642 22.11240109930371
14.20592 58.18593623552828 -1.426786512143197 22.311048297954912
14.41287 59.55492650765653 -1.467824941341262 22.49722148400027
14.82739 62.36856803266837 -1.5588699164268833 22.829752684203495
15.03485 63.73407034482061 -1.60088394303797 23.00565335235532
15.24218 65.14520691042202 -1.6489399584938433 23.15771402089437
15.4495 66.53219736067359 -1.6860339928243913 23.308732748772133
15.65668 67.93055451434124 -1.7376238572012557 23.443357630917117
15.86404 69.32854512248883 -1.7760349539880549 23.573141977642585
16.0714 70.72808550542725 -1.8173513782655162 23.687745771311057
16.27876 72.13669121443664 -1.864052848092332 23.802911497471197
16.48621 73.53245330723196 -1.9103681600657731 23.893627625637244
16.69338 74.94650196291093 -1.9547117388456412 23.964409718161054
16.90069 76.35871786366872 -1.9960920457008182 24.04922699247974
17.10793 77.77123277590474 -2.0410678899781103 24.1129013965733
17.31533 79.19822763388129 -2.0867407300980525 24.173645713058757
17.52274 80.62462029149579 -2.133815219053357 24.20910014381498
17.73002 82.07183955718172 -2.1783566415603772 24.241254404565655
17.93782 83.52580029671684 -2.2300012938566764 24.27147439898251
18.14461 84.9982769252335 -2.281792596073851 24.287196510690915
18.35182 86.48688231416347 -2.3286244344258558 24.286710643814196
18.55914 87.97513060407353 -2.377303032891035 24.286431264845
18.76628 89.48578471175755 -2.4206636069375955 24.275972659035332
18.97353 91.02234640799287 -2.4766740226848407 24.25669872009786
19.18087 92.5515194416705 -2.54361809549279 24.24101438154491
19.38822 94.11017711723233 -2.5912729812235504 24.198818195453264
19.59546 95.68508622994963 -2.6350419071221003 24.13803587757819
19.80284 97.25458989040558 -2.662839627075401 24.08310903631211
19.90642 98.0189696009745 -2.684341444016006 24.04081711681448
20.01003 98.77450604065855 -2.709180273230574 23.98068927438872
20.11365 99.57931501305514 -2.7375670217543986 23.936358530210008
20.21727 100.36794617196352 -2.7624349735230607 23.883031411964605
20.32088 101.16364133613598 -2.7867996254096883 23.819833185147804
20.52812 102.76169418746872 -2.8312690686419852 23.694006114734727
20.63173 103.55973025694499 -2.8532727374580937 23.61997443108342
20.73535 104.35987724062917 -2.8701464633100757 23.542318579738662
20.83896 105.16631440588326 -2.8977914224146915 23.46919995318504
20.94258 105.98507354813943 -2.9164682354701656 23.384698433532755
21.04632 106.79455651641335 -2.936400288282614 23.301140773923073
21.25355 108.42068150687534 -2.976703394091225 23.111905683570953
21.35717 109.21958133736257 -2.9986822266488127 23.024944327937348
21.46082 110.01665890370913 -3.0211485404873555 22.927951244682376
21.56462 110.80684839790779 -3.0383156595846215 22.829525766449073
21.66814 111.6015874976067 -3.056500156928187 22.734072541737092
21.77179 112.391461788593 -3.0748519223367907 22.629453193269704
21.87536 113.20426534752538 -3.091916646770449 22.52612859322454
22.08265 114.79821869220184 -3.124314190924766 22.307350629130916
22.18621 115.6027920017773 -3.1408127406502757 22.195934446709902
22.39357 117.19690443078747 -3.1976476854292923 21.99761190433911
22.60085 118.69465671263956 -3.2570693359799163 21.733205659855887
22.8081 120.15743203590411 -3.30287671439604 21.572168026740126
22.91177 120.88025731348374 -3.311010760456562 21.52050631646472
23.11901 122.68684098166564 -3.2913038762805056 21.36705038931871
24.15565 130.57338927957488 -3.4253817301660883 20.98823070521307
24.25939 131.31422603829537 -3.4552611773345427 20.92327454208921
24.46662 133.08798390049506 -3.533003953671256 20.6127513561033
24.67387 134.35371420770812 -3.612402838206479 20.461757061771536
27.88656 143.98030491113272 -3.920461390801223 17.186745080141336
28.09379 144.82161570126217 -3.9270760488841727 17.076301914457545
28.30102 145.05544427136385 -3.9716183572806534 17.399765124788058
28.50825 145.07229437102046 -3.9860848024822957 17.862370688465155
29.54466 146.50702490792517 -3.995338317956598 16.68288998869884
29.75201 147.1613404665175 -4.011574992774601 16.63227569694042
29.95912 147.43147999106085 -3.9946642950084406 16.457067244936027
30.16635 147.7285095075661 -3.967671912922659 16.2320026118856
30.37358 148.11754729294438 -3.962823801424286 16.138791432579144
32.44703 151.8763538319097 -3.9015549589053187 14.503298850599034
32.86174 152.74651168004357 -3.8833401799107152 14.237842065378018
33.0705 153.15728607641802 -3.8703347198944313 14.082106917636146
33.27645 153.59934125333822 -3.8681974909016743 13.951487705818622
33.48381 153.97488614836476 -3.8492130540508973 13.793014315458613
33.69122 154.50196989657115 -3.862611727376558 13.727827790673956
33.89864 154.96707838496803 -3.838742872839731 13.61518309248838
34.31353 155.85038040915546 -3.8326054897741026 13.398416457480597
34.52083 156.30304122375207 -3.8269813632386747 13.270567797687878
35.14278 157.59685929132976 -3.809767877344349 12.940558743620816
35.55743 158.45037745581325 -3.79510022156166 12.700403242390312
36.28328 159.90383514573998 -3.7728961348060284 12.292784583638447
37.11259 161.55000602481715 -3.723671804734932 11.741384999176223
37.42372 162.14385241199398 -3.711256170455538 11.514377920758612
37.63105 162.51245145003102 -3.691920015116701 11.341351165208227
37.8384 162.99471925151602 -3.7393518753477326 11.20385999060698
38.04563 163.42536205143023 -3.7363138285375626 11.117982098112101
38.66731 164.74524214015725 -3.7460515310111675 10.711877028781846
39.70385 166.94099278756184 -3.7306145220411016 10.032932633606684
40.32592 168.2893079553674 -3.712368814936223 9.625332969938153
40.53328 168.71942702193144 -3.6944712190449733 9.504719468093601
40.74063 169.15810338490945 -3.6890722708237647 9.362301137719328
41.15522 170.0280966310002 -3.6628115965089427 9.08721523185406
41.36257 170.45414423563014 -3.6490448617039553 8.919323656388723
42.50297 172.63257893286357 -3.6548360955242076 8.410238194322623
42.7102 173.05153754477112 -3.651358138761621 8.334546856261714
43.02117 173.62535108138638 -3.6521485915350795 8.245664249191599
43.2284 174.0792449215307 -3.6484092046146834 8.103431736601241
43.53925 174.71122231564934 -3.6257343058527205 7.91929237148841
44.47193 176.42836186651806 -3.6478582855107327 7.515874845515089
44.99011 177.39117638172812 -3.631813944070634 7.30485091826532
45.19735 177.75384068379353 -3.6306493139947627 7.245450800820015
52.03809 188.9749494172506 -3.498236286075132 6.277725162891749
52.24544 189.3203046464406 -3.4932841811079323 6.27004581599866
52.45295 189.65878170309608 -3.486996685834594 6.2599837259272135
52.66028 190.00125419261065 -3.4821007141438853 6.249608836652566
52.86764 190.3434937430565 -3.477077114370502 6.242610092668103
54.52598 193.01545414723714 -3.421020716623935 6.114412308448194
54.73334 193.3464972000863 -3.4213056764300402 6.101719050025373
54.9407 193.6821306515284 -3.416928271672667 6.097573097554626
55.14795 193.99341968201986 -3.409695681223302 6.113090541203475
55.97729 195.33604600909186 -3.4040526737134593 6.07160725510923
56.18447 195.6618373275545 -3.4021487004639015 6.071926004416574
56.3917 195.98588083799066 -3.3975256890335963 6.074937764373391
56.80603 196.62549600176902 -3.3885617814057483 6.079405905599225
57.22062 197.28202107556942 -3.3825507225951226 6.086459275028194
57.42772 197.60469235068334 -3.38028040013505 6.091536840181968
57.63495 197.93285968857023 -3.3782093185750277 6.094952239186773
58.25681 198.9156800058642 -3.365115899494465 6.111855562801744
58.464 199.2412496429708 -3.363921663382377 6.1192938939827535
58.67136 199.5666687659351 -3.3607151342884904 6.12945860383334
59.08607 200.21718775213662 -3.3541370102084302 6.148675893626511
59.50091 200.88027077045714 -3.3458406455429195 6.172191712263424
59.70826 201.208062922794 -3.341665233284815 6.185132294014072
60.01948 201.69897247631627 -3.3376343513773943 6.20616084023758
60.22684 202.0340005008242 -3.335842571623919 6.222219783101514
60.43407 202.36487038226522 -3.333933272724826 6.238100996291377
60.64143 202.6941902226227 -3.3317834586095803 6.254922886231126
60.84878 203.02962992688114 -3.3299577799104187 6.272558958523344
61.05614 203.36378867832326 -3.3264954190721654 6.289037009264769
61.26337 203.69798272895474 -3.3243111794842797 6.304115672032599
61.47063 204.03565558953034 -3.321373975055276 6.320823980413094
61.67785 204.37581939876878 -3.3189274891334186 6.338155963160327
61.88524 204.71795505260982 -3.315588294808055 6.354519742120829
62.09242 205.05419345471492 -3.3119368749049505 6.371925036011765
62.30001 205.40115138459615 -3.3083569967910087 6.388703475567166
62.50702 205.742878269711 -3.305552616595862 6.407902531510463
62.71412 206.08720874257537 -3.3016772664555427 6.4287280897701375
62.92155 206.43443547186484 -3.2997132503316413 6.448257009476307
63.12857 206.78028117773326 -3.2977675524338648 6.470066581135994
63.33569 207.12751580813938 -3.2948428564054764 6.489486278799442
63.54291 207.4752314937329 -3.290920019418439 6.515732867008617
63.75003 207.81441804075266 -3.288700070509212 6.537845321097349
63.95724 208.16088545896076 -3.2859896252601586 6.565120602676242
64.16435 208.50729857241186 -3.2853787178010383 6.590556625074045
64.37158 208.86056327598584 -3.2848355667155147 6.622385961821637
64.57871 209.22078748112514 -3.2860930100430203 6.647989865438756
64.78594 209.58946660766821 -3.2860446557669416 6.676975738789684
64.99315 209.94446045060533 -3.285422053394441 6.708325574723169
65.20041 210.30579155501786 -3.2842040484830513 6.741882350502934
66.02981 211.6719506658184 -3.2979104267439117 6.929624122265311
66.44452 212.46309207344783 -3.257708153266936 6.99110845248603
66.65188 212.84325197059303 -3.2909082205655755 7.04790038804291
66.8591 213.2372974263909 -3.2976202702520148 7.082703579191477
67.4808 213.89435407380415 -3.1677714847858693 7.4522418615336345
67.68791 214.42113192409246 -3.176358343384319 7.490642255392617
67.89514 214.7895193085584 -3.1885772341595997 7.5610705104286815
68.10226 215.23180686630337 -3.195068527611408 7.62125349701121
68.5166 216.17773229329865 -3.2206802707990354 7.725631986969887
68.7237 216.6523549069137 -3.2317602384830706 7.7846152461000955
68.93092 217.11213184001733 -3.240862579449824 7.848259074664867
72.66232 220.32913120131212 -3.269239831831659 9.522546176102477
73.69898 219.82162422681654 -3.1675032483568053 10.244041669665767
75.3577 219.5249120319226 -3.049693952027983 11.404333688817598
75.56505 219.4438662313426 -3.022394741244157 11.627921254376272
79.50283 220.62791131488365 -3.1334666536511087 12.564998411449757
79.71007 220.70693179843374 -3.1304537882357804 12.49826426693788
80.33199 220.98330315126827 -3.1653517215518514 12.442644448694303
82.81952 222.09032416019153 -3.2160532370735866 11.977904589244341
84.06365 222.63460518322216 -3.241486743274577 11.822776976304791
84.47843 222.81676852266324 -3.2496648559440624 11.773892907789774
84.68572 222.91037051130976 -3.2485224723271386 11.78482481355373
85.10049 223.0940700315939 -3.258860073181853 11.751044923961759
85.30768 223.1854694797183 -3.2614254419183615 11.745297485013127
85.72309 223.36665808794973 -3.266464058185548 11.733132097401901
86.13739 223.54152250152194 -3.2694384840998207 11.725822437757706
86.34447 223.62881284164425 -3.2710971309246406 11.722078392597563
89.45553 224.90560617620966 -3.2730733084565147 11.611377765445571
89.66276 224.98663036095604 -3.2655598142626143 11.581436690040144
90.0776 225.13152560240258 -3.2712534161060263 11.604330287384984
90.28508 225.2050034075919 -3.2714972302886136 11.607289442738427
90.49243 225.2707129087141 -3.2724786430126773 11.60983536539633
90.69991 225.34033477845958 -3.273737608790531 11.612256029759081
90.90727 225.40623627519017 -3.2749816032509154 11.613014980472421
91.32213 225.53611022321095 -3.2771309344769306 11.611743738309276
91.52959 225.59849606643945 -3.2783252319071865 11.607959819478147
91.73695 225.6596880630046 -3.2794306756298823 11.602955672059647
91.94442 225.72182583121057 -3.2807318660340137 11.595170304464613
92.1519 225.78275115438782 -3.2816395466122854 11.585564223278922
92.35939 225.84273937309564 -3.282443906711044 11.573638259109188
93.18921 226.08499782936548 -3.285839764488845 11.493196841812534
93.39654 226.14435250341046 -3.2859599703339564 11.46488500789394
93.60402 226.20133395373196 -3.286138168471744 11.433723687000779
93.81138 226.25705584313096 -3.286604565827561 11.399217787242634
94.0189 226.30955262853917 -3.2870204759055426 11.36200986313763
94.22629 226.3606826597 -3.2871382256898585 11.321419242273393
94.43357 226.40974782752457 -3.28713259353798 11.277346872702651
94.84829 226.50053577669087 -3.2871910779688247 11.181991883827877
95.05566 226.5418867247751 -3.286308974175221 11.130598625039454
95.26312 226.58025242132368 -3.285944646266877 11.077013467122953
95.47047 226.61655838838627 -3.2854996218219688 11.020675319648618
95.8852 226.6807151666666 -3.283832895508826 10.900759438190647
96.29977 226.7330512838379 -3.2824589661162156 10.772261339704663
96.50713 226.7547635094633 -3.281317504037696 10.704379112435305
96.7145 226.77227045500146 -3.2804111516084093 10.636192206347715
97.12932 226.79603261941924 -3.2777957461596325 10.49499185334273
97.33681 226.80142044748183 -3.2764784600195545 10.424027908633601
97.54416 226.80300539804335 -3.274778650367475 10.351345966549024
97.75164 226.80006439861174 -3.2733270895757984 10.279540307452848
97.95899 226.7931314886028 -3.2713264741055816 10.207929741908629
98.37383 226.7664096537287 -3.2678607489759908 10.066567032757952
98.58106 226.74654804927593 -3.265786629575507 9.997235987093646
98.78842 226.72219811024266 -3.26330031407171 9.927848233834965
98.99577 226.69389691112377 -3.260796491640675 9.860127680609665
99.61773 226.58442613968896 -3.253117425381622 9.663434641407846
99.82507 226.5405665299621 -3.250266880232486 9.601740504368763
100.0324 226.49249858552963 -3.2469935512797496 9.540160476363468
100.1362 226.46764498864076 -3.2451024318924535 9.510825255099206
100.3435 226.41546670636404 -3.2416737219452507 9.453338289156292
100.5508 226.3598271518444 -3.2382856045247577 9.396814473189536
100.758 226.3015967517696 -3.234636329094146 9.34242665626131
100.9652 226.24121714972304 -3.2306076520606624 9.289090302412745
101.0688 226.21018356061967 -3.228871216721636 9.26286501004438
101.1724 226.17812354183394 -3.2264789594973635 9.235439316855576
101.3798 226.1129361795967 -3.222663630014946 9.18276451279742
101.587 226.0483441493102 -3.2191622607065584 9.133769334455707
101.7943 225.9822911777918 -3.2150817882105294 9.085183806923794
102.0016 225.915205766898 -3.2111258898474713 9.037005404948076
102.2089 225.84917775791746 -3.207401714579465 8.990339208394445
102.4162 225.78413781796252 -3.2036702144565137 8.94573628009924
102.6236 225.7121766679797 -3.198481652676266 8.895041222228642
102.8309 225.64030252629794 -3.1944098247694033 8.844919578606309
103.0383 225.5728771593276 -3.1902646238649535 8.79918713589133
103.2457 225.4977145724729 -3.186074027035122 8.748354956663434
103.453 225.42440674839048 -3.181315198659391 8.697211995788948
