0.0 -0.0 -0.0 -0.0
0.1042283 0.003923401569683639 -0.013035690435163543 0.6116037321624861
0.2084765 0.0009410051390818367 -0.024062716672686082 1.2105546314405944
0.3127291 -0.0038493208512584967 -0.041826483138556206 1.821854334166161
0.4169786 -0.009176104373107759 -0.05085466800360118 2.4287612195335337
0.5212271 -0.012798736236950216 -0.06350457936727902 3.031094469122068
0.6254761 -0.0255917315755761 -0.07713151722581517 3.6447243837177465
1.146853 -0.09549393846430099 -0.16283149858689738 6.859477993054829
1.355354 -0.1218460253945809 -0.18739036385506108 8.24429631659268
1.563854 -0.16248049575826784 -0.21170020013236934 9.692616303506275
1.772352 -0.21546489669027297 -0.23578640536892523 11.178744763871247
1.980855 -0.25511359964166513 -0.24357463990442452 12.733041548020758
2.189354 -0.30144432433493884 -0.25919054359796145 14.400332855331717
2.397855 -0.34810996758620016 -0.2595775678407244 16.121246487685273
2.606377 -0.40279791277087024 -0.2593911104322957 17.918340329665725
2.814856 -0.44242314724523996 -0.27808074127668103 19.780656451343802
3.023358 -0.50097473206907 -0.3102681419236242 21.726122801554354
3.231728 -0.5547394372735289 -0.35552362611031924 23.748026319418962
3.440232 -0.6283365981059728 -0.4066086003419037 25.816521537518387
3.648605 -0.6966830191614138 -0.47051926681073347 27.940122418623922
3.856982 -0.7545655000921764 -0.5264597349742024 30.09127443963423
4.065354 -0.8173510035461458 -0.5880249491689928 32.284655500246096
4.273854 -0.8857871286009201 -0.6483455337039294 34.51301269920318
4.482232 -0.9513382191999742 -0.7063707750400754 36.772332776834524
4.690605 -1.0226926707887074 -0.7580461483781588 39.07660281218829
4.898858 -1.093453589749532 -0.7999162429809463 41.40280064442005
5.107234 -1.1689608316754831 -0.8407038107437079 43.75365450453587
5.315611 -1.2420479965395042 -0.8926024780249265 46.102326385141836
5.523983 -1.3254192368753077 -0.9434304565667433 48.43756479524396
5.73248 -1.4219676418815075 -0.9923849297691989 50.77832904016786
5.940858 -1.5042149103917055 -1.0457159439220394 53.13592552061105
6.149354 -1.589213363125991 -1.09401926089004 55.484122875105385
6.357731 -1.6580801050421812 -1.1382208100485605 57.82147197862714
6.566109 -1.727027926004111 -1.2047462257514423 60.15508884418544
6.774485 -1.8084353371685762 -1.2769082245967565 62.536540423604016
6.982859 -1.880203431689444 -1.3335190204583263 64.90521248345391
7.191236 -1.9502905032986166 -1.3816460966005455 67.28184582930103
7.399507 -2.0241479415760066 -1.4277158529376404 69.66216914728378
7.607858 -2.1033830278323253 -1.4946795032857647 72.0295398800292
7.816232 -2.193580715064809 -1.5649450456252176 74.42060707848958
8.024607 -2.264850588477052 -1.6253215292404288 76.81387120162894
8.232862 -2.3414449279536482 -1.6787477641592194 79.21069732946302
8.441112 -2.410334298467493 -1.7377424457269925 81.58917263611592
8.649487 -2.497479752271605 -1.786996043622787 83.95871805965014
8.857735 -2.577106673884555 -1.8424726826862952 86.32370349794716
9.065987 -2.6743327203324694 -1.8917580144679833 88.66165387200363
9.27436 -2.752696673264456 -1.9331289011034527 90.97128553470002
9.48261 -2.834578784842761 -1.9891135607063406 93.23136175163353
9.690863 -2.9198742313016477 -2.0366382311073665 95.43236551940136
9.899109 -3.0112962909487364 -2.0739166829295814 97.54799762416906
10.10749 -3.10389970032461 -2.124175118601349 99.55912958936806
10.31574 -3.217732910709404 -2.163103625377899 101.47168323419115
10.52411 -3.3343544089253236 -2.197011433775537 103.25974320306167
10.73249 -3.452208166652678 -2.229681839529686 104.95230071242375
10.94086 -3.5762365976322 -2.2670091403763406 106.50620445170706
11.14924 -3.6945111030850306 -2.298622721364066 107.92607230587853
11.35776 -3.805448904680895 -2.335302110940388 109.2339012386951
11.56636 -3.9054584148864238 -2.372669025194036 110.43431255399793
11.77511 -3.957760968269419 -2.401737751780632 111.54114198581374
11.98386 -3.969935849797678 -2.4245431334920107 112.55911344086024
12.19274 -3.945439412159076 -2.4527727370600196 113.49172358249685
12.40164 -3.863581548417555 -2.4732066089428266 114.38298888421468
13.13336 -3.14743005007319 -2.5775393825192374 117.15828928269377
13.34237 -2.806489087404465 -2.6094769251056715 117.8708286527854
13.55124 -2.394286067700314 -2.6395959710997614 118.52353352189579
13.86436 -1.6599788104534596 -2.6940586859428124 119.41611514784245
14.07312 -1.0832932988227313 -2.7121024645194285 119.96215402519508
14.28178 -0.41290220308913916 -2.7501462012213187 120.44221239947353
14.49049 0.32299346902180304 -2.7741553692884713 120.86126857193915
14.90761 1.9565083931658904 -2.845698924440371 121.47791617140238
15.11614 2.877326809039527 -2.8708027298766114 121.67272816090104
15.32424 3.879229607613606 -2.9047992456825886 121.79209635589218
15.53212 4.960782278223087 -2.9446971817134155 121.8946575840416
15.73989 6.141895290109058 -2.9794654825704177 121.98501416785396
15.94776 7.411467542180709 -3.0220516233063064 121.98806956536478
16.15571 8.75774169416679 -3.054397008844856 121.96888487702968
16.36339 10.20604833750103 -3.098999292942294 121.93659895738031
16.57099 11.752935473311306 -3.1425291915327245 121.88546664904501
16.77864 13.372002148633502 -3.2055676126361297 121.86011300967132
16.98649 15.082726165760118 -3.259651552272524 121.83817048133892
17.19462 16.87515943832562 -3.3149648879772093 121.81911531847726
17.40274 18.72963543384674 -3.3785199903129257 121.7786108643408
17.61087 20.620816682799 -3.4366179506844565 121.76134468206925
17.81912 22.553538382105447 -3.4840494363250736 121.71309472601867
18.02749 24.527132800022848 -3.5388235533203916 121.6817677009344
18.23576 26.518145724088498 -3.6024062493019056 121.62736328649116
18.444 28.546894726520602 -3.676680954984256 121.59304011245646
18.65237 30.58081972251211 -3.7300520626496656 121.54415354977836
18.86074 32.58237278600459 -3.794534109738882 121.49103975926418
19.06912 34.570109885050094 -3.8485299133801867 121.44262321039923
19.2775 36.57532097232363 -3.9280935407025295 121.39437109962904
19.48591 38.53929713833357 -3.9929890784759143 121.35323385904597
19.69439 40.49757430522904 -4.05462000176884 121.3136739906868
19.90293 42.434479631832914 -4.119292216950689 121.26380285829579
20.11141 44.3478139059803 -4.178433371979906 121.21048265850827
20.31999 46.22601811170667 -4.249126252027376 121.13655416843383
20.52859 48.088017493566866 -4.302195036351707 121.06234229050355
20.73749 49.925309664619185 -4.364521333803182 120.97421302589478
20.94551 51.73256269804874 -4.416797823496204 120.89872216554811
21.15399 53.458261168698044 -4.470551218776738 120.82402041509356
21.36252 55.1300246393011 -4.522009772260626 120.74456688979691
21.57101 56.79513549083592 -4.575825463862055 120.6733131579893
21.77963 58.44049887789353 -4.636054343328049 120.58673799931285
21.98856 60.067246786988086 -4.695439823474628 120.5241347378031
22.19678 61.70398027530527 -4.74482998286736 120.4521853231003
22.40541 63.29723721777633 -4.803736784664942 120.36910521531267
22.61414 64.87599322854044 -4.851557416266892 120.23896487299078
22.82268 66.48205549356261 -4.9091145884608895 120.1123309909056
23.03126 68.12815301091625 -4.964270245618805 119.95845374129256
23.23966 69.79377691350774 -5.013579527343781 119.79695669470976
23.44815 71.505247585713 -5.069159114618215 119.6186005559929
23.65651 73.25267650973517 -5.110731009589155 119.43663571243935
23.865 75.01638488977973 -5.166074387081943 119.22372329869222
24.07343 76.810267365803 -5.220702546298575 119.02931443482113
24.28189 78.61018714877109 -5.279348978798748 118.8318163047483
24.49041 80.41443825549345 -5.34294717913999 118.64626837887218
24.69888 82.17952192996174 -5.407324670661066 118.43977188307608
24.90738 83.99810179399134 -5.45117771305236 118.22632440593985
25.11597 85.80127546780436 -5.516390591432825 118.0100967481296
25.32443 87.62833163020602 -5.571787801447333 117.78062005048125
25.53289 89.51490421288527 -5.627331379773108 117.55124950499662
25.74141 91.41858903772196 -5.680637028408741 117.30883673290757
25.95003 93.3400285024073 -5.732800880704957 117.05764222214324
26.15853 95.27786903384 -5.791431392240164 116.78030851426611
26.36704 97.2440244762788 -5.863388015099163 116.49751661982222
26.57555 99.25735574846624 -5.944167492737046 116.21373115593222
26.784 101.30085433121434 -6.006687905842807 115.941472679222
26.99243 103.35711267870171 -6.071442935066149 115.65900352004331
27.20089 105.41365342236057 -6.138051154920297 115.39641845602233
27.40941 107.47566940344656 -6.207608702578426 115.13377493057001
27.61788 109.55084240924089 -6.283064755967235 114.88729621169942
27.82641 111.63805076639711 -6.351691843365295 114.63722657661937
28.03497 113.72750164429273 -6.4203323854696785 114.37520444528661
28.24341 115.78803044695715 -6.497054453082725 114.12482196406657
28.45191 117.84569529605537 -6.566842944469887 113.89398882219525
28.66038 119.90445178413562 -6.642991645230955 113.67580926756547
28.86901 121.92575052872652 -6.713834133384897 113.45385219938193
29.07751 123.91974276891625 -6.796657861004409 113.22168302959518
29.28611 125.91364836462154 -6.874389618638207 112.9833860378104
29.49456 127.85746866900601 -6.968777641221022 112.74700429221501
29.70309 129.80536102773843 -7.053448197824646 112.51639074682403
29.91166 131.70632973514742 -7.147899414582742 112.27774777486556
30.12014 133.58654565750825 -7.235236086182599 112.02270132044707
30.32867 135.45807258484015 -7.326866442849792 111.75191441814185
30.53714 137.29389120835597 -7.4318094463548015 111.5046526403759
30.74576 139.1370885852214 -7.532379296704637 111.21220939276216
30.95426 140.96505222611134 -7.6507219399380375 110.9315382915644
31.16262 142.76801431680119 -7.739024848593823 110.64829810966518
31.37114 144.54313625073763 -7.847206162171422 110.35020098917282
31.57963 146.3044789147711 -7.962570850091042 110.05369947578481
31.78862 148.08864752343416 -8.08505899005083 109.73683224708014
31.99707 149.82581980010758 -8.200686066343778 109.40773357669647
32.20556 151.55081672258845 -8.312895955336487 109.06155629660168
32.41431 153.24249331340374 -8.421538528134942 108.65195471030711
32.62292 154.9367438484144 -8.526257892900794 108.20331165138374
32.83154 156.5973071750922 -8.629130228523014 107.70007504261352
33.04004 158.25664699693644 -8.736083907612322 107.19342365327867
33.24844 159.894148267297 -8.822312603508532 106.66401952079218
33.45664 161.5191179289954 -8.917421840619623 106.14338680724921
33.66512 163.096450041178 -9.000126656800475 105.64288634633456
33.8735 164.67760913591945 -9.079606274125915 105.14913210129964
34.08182 166.23778745627274 -9.17089882923775 104.66698889071559
34.28991 167.76163121727427 -9.247155922043756 104.21125220026288
34.49817 169.27273267844714 -9.327616745127012 103.77758442189375
34.70638 170.75873117096165 -9.409254958514673 103.36540954589799
34.91479 172.22244807433196 -9.480888452149731 102.9646184698299
35.12349 173.66943658266723 -9.547540199106736 102.58674465747058
35.22751 174.3809794440238 -9.575485628745973 102.41126283921814
35.33169 175.08291296741513 -9.613601565603394 102.2406220153419
35.43622 175.78430102970322 -9.644290317633995 102.06638686481837
35.64415 177.1799839969785 -9.711287179714812 101.75817124453832
35.74827 177.87543119554843 -9.751745499861716 101.6192089264162
35.95652 179.25042583968332 -9.819812376368349 101.36809910301858
36.16464 180.6149805765149 -9.889344500844809 101.16473449011075
36.37277 181.98339005628677 -9.958381832986515 101.03892612939187
36.58101 183.33381161755696 -10.039862414051171 100.98674615403618
36.78939 184.69002385357274 -10.106950057961933 100.99302777725195
36.99801 186.03154249792502 -10.178126613388997 101.00865391014841
37.20718 187.36929997921536 -10.245938749990316 100.97886831946303
37.4162 188.68136970726297 -10.305127782891784 100.88480587993122
37.62517 189.96857328120555 -10.368185165412426 100.76298059679253
37.83414 191.24252048655464 -10.41297564257123 100.60985386504143
38.04337 192.4768296882044 -10.46021898833814 100.39602784242345
38.25153 193.70927105767376 -10.504999746212572 100.16538802935426
38.46012 194.91656294288168 -10.555134589624334 99.90787441216438
38.66854 196.08153960410482 -10.59915356127413 99.62129617195978
38.87694 197.24463168531258 -10.63712614751754 99.3486067199286
39.0853 198.40121916165467 -10.679705446690805 99.07507078288798
39.29367 199.53751383757242 -10.723721600413867 98.80674322627392
39.50214 200.68689437424575 -10.752291090594085 98.5178270001392
39.71079 201.86456390586838 -10.8001060629237 98.21129425429311
39.91947 203.08090395002725 -10.84189292210697 97.8709538096881
40.12806 204.3328632999908 -10.878060847859155 97.51584795699758
40.33655 205.61940303342774 -10.926874764720193 97.12386810672126
40.54505 206.93644223127336 -10.971611635128426 96.7203960526083
40.75357 208.27292590252145 -11.019033375596527 96.30726919930353
40.96205 209.60812390173203 -11.070654411398461 95.86582700231573
41.37878 212.28318927599344 -11.145534709283767 95.02492546110734
41.58717 213.59893602832898 -11.189887593012294 94.61288120240283
41.79543 214.89146604867238 -11.23971660482975 94.2157324440466
42.00378 216.15074321213567 -11.279839410557177 93.83453101356955
42.4204 218.48908837879333 -11.360751205819541 93.18046624690274
42.62866 219.5522013252347 -11.398683866665332 92.90603662916024
42.83679 220.53272117482004 -11.43103861544057 92.68532821985923
43.04493 221.49938830636208 -11.457654696521313 92.51227792710965
43.2529 222.43699860161485 -11.480412749392032 92.39042045348059
43.66893 224.28654957437914 -11.54460800697965 92.38426367906563
43.87706 225.19287939924655 -11.575344082508055 92.46676389401938
44.08517 226.08825451522156 -11.60302333708405 92.60083675998929
44.29315 226.96304959906456 -11.619937576325185 92.80296809619409
44.50114 227.84247081998265 -11.635110295998746 93.07803095780766
44.70945 228.724544250625 -11.656295931658654 93.45521671650081
44.91746 229.58693567715227 -11.680445368785909 93.94174573024064
45.33329 231.38996039737015 -11.73915583605509 95.20988945905427
45.54168 232.26985112741204 -11.791905220419082 96.07498299777463
45.95815 234.0020349592933 -11.871464530017981 98.22443191426625
46.16771 234.8488092305737 -11.910513581405132 99.54843593711612
46.37543 235.65124943119966 -11.94466575594791 101.02255614550918
46.5845 236.44340935438382 -11.974363116409275 102.63507594690527
46.79332 237.24283254529993 -11.999525705776586 104.37283478916005
47.00215 238.0178316293553 -12.012390182147849 106.22433246041432
47.2109 238.74522954591342 -12.04088689197568 108.19384361255487
47.4198 239.447736451936 -12.064097018157698 110.26607618900896
47.62884 240.1477497943563 -12.093526405069044 112.41609107638185
47.83765 240.90419310769343 -12.118581442233234 114.62913275680886
48.04642 241.67644467735894 -12.145215513920085 116.91989064450442
48.25517 242.47408065550826 -12.170069641182478 119.28068309408869
48.46366 243.27914115318742 -12.202312351737023 121.6703656105381
48.6722 244.11511596382593 -12.238408046425764 124.12793884814906
48.88072 244.9537533688317 -12.261499246685778 126.55570051952495
49.08918 245.80832518594627 -12.280898046346136 129.0201652337904
49.29753 246.6481461649958 -12.307098883169711 131.45148254393183
49.50598 247.48499194905725 -12.335030542277543 133.9138447516836
49.71427 248.2971805747884 -12.370014291474437 136.34881705296414
49.92284 249.11122636995364 -12.399588897160717 138.8155969308429
50.13108 249.9183749846003 -12.432870876414535 141.26227130450818
50.33943 250.7215802559774 -12.458811686800129 143.7306993329416
50.5478 251.50557183710816 -12.486779035761797 146.1548055262475
50.75621 252.26727519838258 -12.509906222559271 148.55901853124928
50.96455 253.01419136594683 -12.530903623570737 150.92931322289263
51.17291 253.73052754529994 -12.545463928256288 153.24313098929247
51.38289 254.41047535195287 -12.557477083785024 155.47227129753404
51.58966 255.04520105396603 -12.587812160468305 157.60326313075095
51.79803 255.63343837278123 -12.620278139680495 159.6472974809092
52.00653 256.1736037537204 -12.645711224069206 161.5833770258755
52.21524 256.6724268563004 -12.666855154578688 163.4036048692122
52.42359 257.1117683554475 -12.684738130410278 165.0702308220384
52.63208 257.51587263573373 -12.714465729047864 166.62116665504354
52.84066 257.8860096349453 -12.737333885930525 168.03820824952396
53.04916 258.2269837520435 -12.765385553019014 169.37469768941347
53.25757 258.5536677950637 -12.786056570447421 170.66435307306853
53.46596 258.85583121662023 -12.814269568588665 171.9384599179739
53.67406 259.0790972408971 -12.837509312618957 173.18241517237567
53.88197 259.2308353499101 -12.85091544618057 174.39135162159255
54.08979 259.2867301794102 -12.865476308832722 175.58228746246095
54.29767 259.23561793994264 -12.88921841394472 176.74908918294952
54.50555 259.07101663366853 -12.91372755821522 177.8830720545003
54.71345 258.807647401725 -12.905822444518108 178.96704987224882
54.92131 258.4375322803224 -12.914919344400651 180.01796538619686
55.12937 257.95757324997896 -12.909356725266107 181.0168531686912
55.33731 257.3566564539184 -12.901906441089597 181.9323587656948
55.5455 256.65623810267334 -12.872898782234376 182.77444403053272
55.75357 255.86377891899187 -12.835208686990883 183.52138387926203
55.96186 254.9884610203509 -12.804025756615095 184.17464392477757
56.17022 254.04400433794376 -12.780979220371893 184.71317303502371
56.37855 253.02706947608914 -12.754981882457727 185.12312848257062
56.58712 251.96939312367527 -12.721122067951583 185.44314149852096
56.6913 251.41642684684038 -12.706893445878308 185.5715792042494
56.79569 250.85824853455537 -12.693020655580842 185.6747621862328
57.00456 249.70401677047872 -12.659199441289744 185.8620201226759
57.1092 249.10794836491365 -12.638476464551369 185.9622803269316
57.42283 247.14934807758948 -12.573740304498692 186.14351329950514
57.52732 246.4393835409208 -12.554280454727405 186.18811577837715
57.73657 244.94823913770267 -12.505759440877544 186.28701475046003
57.94506 243.34354704709654 -12.455221912164493 186.36330522801205
58.15382 241.5869130346164 -12.406890024994544 186.34812345673186
58.36258 239.7025975364154 -12.353644766592302 186.27385491381446
58.57156 237.68905581320442 -12.28892572353427 186.1913364616857
58.78044 235.5704187936499 -12.218826626828024 186.10096672504966
58.98942 233.3277154153268 -12.140868667607668 185.99078622627957
59.19842 230.95918322173782 -12.062381177809716 185.92203875896934
59.40751 228.48878043625976 -11.989681257437365 185.9140578225306
59.61649 225.92966300770175 -11.900791792493774 185.9424438665426
59.82492 223.26053223723557 -11.82466158373189 186.0274600276999
60.03357 220.48879355764365 -11.744882094728462 186.17396587524374
60.24211 217.65279371630035 -11.648229810523155 186.38792246069215
60.45055 214.83265188111363 -11.579127237333237 186.64903462775624
60.65891 211.98782885959724 -11.491789983058899 186.93636858891347
60.86733 209.14613920880515 -11.411113173527486 187.2349918851029
61.07569 206.2840005127481 -11.329760839683619 187.55074485645136
61.28405 203.415017377174 -11.252751312372457 187.86137154716457
61.49229 200.5334790570196 -11.188258600354429 188.17912877992234
61.70091 197.64714788561287 -11.112415574766803 188.49284399550743
61.90907 194.77175553719724 -11.037633021462195 188.80576242585286
62.11744 191.8986017599243 -10.96428132706383 189.0983020313492
62.3257 189.0159940644422 -10.883935535584648 189.3942783295593
62.53422 186.15627682197817 -10.803705292954568 189.69304165562863
62.74266 183.2954671407642 -10.722176007672168 190.00218125427452
62.95119 180.41174617872906 -10.643941480591028 190.3194653480834
63.15976 177.57017641322338 -10.571993372600494 190.63356088110478
63.36817 174.72853919299413 -10.491310854977005 190.96177812980076
63.57657 171.92148292495136 -10.419850744978007 191.27067741665866
63.78505 169.10110119839197 -10.340891473438454 191.61410341202188
63.9936 166.285879628383 -10.260223713833213 191.94174898676638
64.20208 163.45232025341312 -10.18308265213668 192.28080360204063
64.41054 160.6233236324261 -10.084070591859632 192.6290150701698
64.61962 157.75565955760578 -10.033191908669412 192.97720224039162
64.82756 154.85853942890418 -9.952339984997739 193.35920257708375
65.03592 151.9755705854058 -9.88974432260666 193.71639834074517
65.24443 149.05436475340332 -9.791827395459176 194.10196379155622
65.45301 146.12436330720658 -9.732391136237489 194.47829594445352
65.66132 143.15955176582438 -9.666452912973515 194.8482773617984
65.87056 140.1574397668535 -9.591002421781514 195.18448649075486
66.07807 137.14144619764608 -9.510453135991483 195.4901392616288
66.28654 134.10653399354493 -9.42599745334261 195.77105852152644
66.49507 131.04262823462696 -9.348789520912586 196.04033449756523
66.70357 127.94310766333763 -9.278840443010683 196.3037929260345
66.91193 124.81208478750564 -9.219673787826064 196.58495667009757
67.12048 121.67605916676575 -9.14453438469091 196.86114863175047
67.32897 118.60034861674797 -9.086077995266091 197.1067331615557
67.53749 115.48458228285051 -8.996749914895464 197.36194501637368
67.74594 112.4072249295474 -8.91323174786626 197.5879041063272
67.9543 109.28636262980771 -8.817594587177247 197.82522262890726
68.16285 106.1943700671627 -8.751934280330865 198.0751309681204
68.37123 103.09750520983476 -8.680014809299713 198.322656249905
68.57955 99.99027558508914 -8.602045466491894 198.57714964166928
68.78795 96.88221207048073 -8.534130036287497 198.82172713085052
68.99632 93.78553386730881 -8.453842454428 199.0609844006254
69.20468 90.67514012873121 -8.36777554022329 199.31546718362458
69.4131 87.57999898867266 -8.285291485206347 199.56384660982297
69.62136 84.49536050178597 -8.196407875857322 199.79313614055928
69.82967 81.41752055926293 -8.114993267870583 200.02165960351167
70.03807 78.34816176079762 -8.028493173184756 200.24450604716733
70.24645 75.2876465910411 -7.958764888521899 200.48509239066155
70.45492 72.20427521600863 -7.888156636286649 200.75979679621662
70.66333 69.13763256715315 -7.817139486667214 201.04566637302074
70.87192 66.01623206748802 -7.726152525166414 201.32716537545417
71.08235 62.95157804270044 -7.635573290440555 201.63682952348927
71.28855 59.8756359268983 -7.565978447558166 201.9615594322698
71.49692 56.77684253500545 -7.501990240073263 202.27660410488406
71.70533 53.668406206021885 -7.440374684619025 202.60649576103668
71.91358 50.58374581096437 -7.363249071111064 202.91471182501704
72.12192 47.46067502873411 -7.271194898352379 203.22179688561758
72.33029 44.351764709963874 -7.17896365838575 203.54330504484335
72.53869 41.2506841964268 -7.107770648056676 203.86591471863898
72.74708 38.12046809099746 -7.037800060438793 204.1973262625486
72.95548 34.99044182960606 -6.960111922394841 204.50627850216046
73.16384 31.856918888000994 -6.875444513850447 204.82203832419822
73.37208 28.68945644170745 -6.790993612754815 205.11719705913953
73.58042 25.54808805144622 -6.693142209740415 205.38452598990042
73.78887 22.374936555258326 -6.613555244992521 205.63977229912533
73.99724 19.18977804494815 -6.514629485148899 205.88414593316827
74.20558 16.002446108595255 -6.428247261036786 206.11039626941357
74.41406 12.823968780460854 -6.344331088539708 206.34289415133094
74.6225 9.631244144577495 -6.254822225786532 206.5846118925945
74.83087 6.452184757759367 -6.180469941923859 206.80464490164445
75.03918 3.293028143535164 -6.1036478862983925 207.01895002818503
75.24756 0.12980006338150574 -6.002773041566119 207.22383213047632
75.45606 -2.9745818291746122 -5.932523420491991 207.40012988354013
75.66421 -6.09016438754783 -5.867401078199697 207.59232551721925
75.87244 -9.182265534470785 -5.806529710367268 207.769139114337
76.0807 -12.253830427314776 -5.746352139301107 207.9012055054606
76.28906 -15.300862181379753 -5.67907633920229 208.04185959970056
76.49746 -18.34580933245264 -5.601467329284973 208.178653228427
76.70627 -21.352539617567874 -5.521358136713639 208.31507370212685
76.91447 -24.307566255889054 -5.4292005511149535 208.43726756666825
77.12259 -27.230815006396327 -5.348656557531758 208.55919330931735
77.3308 -30.085810296324162 -5.2755911769584785 208.66036544310043
77.53921 -32.92324891127081 -5.192009868903712 208.74573372832586
77.74763 -35.70190842929039 -5.10985683400437 208.84022336241264
77.95581 -38.418388435522886 -5.038230459247924 208.90559223962606
78.16432 -41.049712559820115 -4.9661286545041605 208.9573825602272
78.37279 -43.59336227158016 -4.897193671670273 209.02506156543754
78.58142 -46.0471783549892 -4.828515316344838 209.1088433643143
78.78998 -48.363737135780646 -4.774197463839963 209.1856995862779
78.99861 -50.722840774421634 -4.697360901314003 209.31063302902652
79.20709 -53.020755027810786 -4.637385121080488 209.43025686389495
79.41555 -55.24704213660116 -4.58374061661668 209.533078642502
79.62408 -57.430835798289415 -4.524296883542082 209.66142751852644
79.83262 -59.604982109266864 -4.465317131895488 209.77610348818564
80.24958 -63.65253533268921 -4.370323046800419 210.0368761247179
80.45824 -65.52939699876444 -4.320771049960614 210.1728465446049
80.66669 -67.29497392022712 -4.2763134317688385 210.3280624859477
80.87541 -68.95474853821206 -4.235601937860998 210.4647389133023
81.08396 -70.53212068254626 -4.197016380417459 210.63655037133253
81.29255 -72.015225452975 -4.159082007902188 210.8255258330587
81.50123 -73.44691199386878 -4.132409671134648 211.03480395476933
81.70982 -74.7749732468746 -4.097435546216952 211.28768433092608
82.75777 -80.14798054233404 -4.0445399303246425 213.01019726261427
82.96217 -81.08560682113983 -4.024827833438624 213.4996069390973
83.17127 -81.96535833782355 -4.031346536003146 214.04985033608415
83.5888 -83.54599510808058 -4.039284413566228 215.3133044674782
83.79755 -84.31899619930377 -4.033874796414502 216.08115098015952
84.00645 -85.03049955562042 -4.0378678202867855 216.98596295766595
84.21512 -85.71514142743143 -4.06390261675307 217.9842816238863
84.42369 -86.34094296772122 -4.085627789712701 219.106458788628
84.63228 -86.91232938437818 -4.115308284678337 220.34524290041475
85.05121 -87.91568159723406 -4.180080668061672 223.2584104135774
85.2577 -88.26243143256431 -4.237989922042164 224.9575523582898
85.46611 -88.51313816521983 -4.275605211162487 226.80033288942948
85.6741 -88.64667570263866 -4.334694333161813 228.78665521423042
85.88197 -88.71438414826838 -4.407815154129933 230.88289066027977
86.08969 -88.73603312104012 -4.484597673397401 233.10537639085456
86.29753 -88.73652417672925 -4.563609559134125 235.442596955459
86.50509 -88.71729243732024 -4.644598196244527 237.86374974601753
86.71281 -88.72491971164801 -4.734513310556139 240.37965919131025
86.92068 -88.74532586331537 -4.825623802089656 242.9919624755418
87.12865 -88.79080754544925 -4.922108495474353 245.66197208128287
87.33686 -88.83155136995308 -5.030909181032129 248.36803808613973
87.54484 -88.89893817946933 -5.142965626024794 251.0936398702099
87.75306 -88.98549859776456 -5.239187997930176 253.81546783120191
87.96142 -89.06556949638009 -5.334384088937872 256.57439512333326
88.1697 -89.13498824610984 -5.436180814979535 259.3490317690477
88.37794 -89.22166966039104 -5.52293342973574 262.12993424886344
88.58636 -89.3100777762285 -5.617378132858816 264.8873921655171
88.79469 -89.41996351676401 -5.710059451409876 267.62822331387576
89.00314 -89.53342006662011 -5.788083919189858 270.3498166563603
89.21159 -89.64721850416628 -5.862179160581495 273.0520281582845
89.41993 -89.78344983902048 -5.949659860446145 275.72703746221936
89.62843 -89.91863522488488 -6.0375106785268375 278.3432387505247
89.83693 -90.02916310752722 -6.119066298628875 280.88087828727566
90.04556 -90.15438329152204 -6.202065146866582 283.2715634117029
90.25386 -90.27929021567212 -6.271300736194696 285.5664491583681
90.46222 -90.39595036505573 -6.347273689273848 287.73882770789055
90.67057 -90.52784421952785 -6.404541945094426 289.7476327419272
90.87905 -90.65580244131081 -6.466293077539323 291.6234402779518
91.296 -90.88483877780833 -6.586341961030939 294.97518270067485
91.50473 -90.95269801920293 -6.627849436767901 296.48719463296385
91.71382 -90.96928211319539 -6.676850893796686 297.9742164166758
91.92245 -90.90628094780342 -6.736883418586516 299.43968900162923
92.34033 -90.55084477737256 -6.855664190098231 302.23117275326274
92.54948 -90.18497595226745 -6.906759014349656 303.5622269356592
92.75849 -89.73995718159054 -6.958476054815494 304.8050474844705
92.96832 -89.20437190719576 -7.0324098572091405 305.97494317199005
93.17636 -88.60029637128741 -7.095813841544927 307.1120383103614
93.3852 -87.90206140366296 -7.13996100012721 308.17377238125727
93.59411 -87.04032764839098 -7.19129253954208 309.1755616923391
93.80282 -86.09688202671332 -7.230601552772997 310.13986116171213
94.01155 -85.06477585841323 -7.3123933057146235 311.0770246726655
94.2201 -83.85765663465227 -7.375262450360619 311.830509318399
94.42871 -82.53543754808312 -7.424996560857866 312.5074662624704
94.63987 -81.08716727305394 -7.50133855905802 313.14848016271907
94.84572 -79.47820933717112 -7.591844139213477 313.6396984356508
95.054 -77.75041471375488 -7.662647724885527 314.0062871428826
95.26212 -75.86897067019628 -7.72229234310068 314.3233477319848
95.46985 -73.87168067976643 -7.803703584303033 314.5518112066782
95.67789 -71.74486167837193 -7.875683458825607 314.6970114114548
95.88591 -69.49214325619724 -7.94846758745344 314.73851724248374
96.09373 -67.11219461153732 -8.024673360879973 314.72564244802385
96.30148 -64.62510459929996 -8.105205404433962 314.65261887033665
96.50921 -62.034280855464566 -8.163724906601411 314.50728032339384
96.71708 -59.30321882575515 -8.24667607818955 314.41002983287024
96.92488 -56.481968414338475 -8.320672059299595 314.28279473917763
97.13273 -53.60156625759981 -8.392762040795725 314.14426007919207
97.34058 -50.69585024377751 -8.465696222722638 313.990244489297
97.54846 -47.794112472286926 -8.539606630628157 313.8785868478765
97.75648 -44.871514811186785 -8.605976003375998 313.7962029926792
97.96452 -41.93872061459155 -8.691259272569125 313.7336481335706
98.17395 -38.9761915901333 -8.751043793998333 313.6853308541861
98.38072 -35.97928797794121 -8.843915542355038 313.6636580566532
98.58899 -32.9846079197836 -8.925927953485814 313.64413128239664
98.79726 -29.97202252127012 -9.012799669324327 313.6114828325538
99.00546 -26.95366460963479 -9.110369772456647 313.5824016363023
99.21372 -23.93259964325988 -9.195049492450108 313.54130073420356
99.42206 -20.93064058982211 -9.262250880007342 313.51851288033095
99.63063 -17.95399405947809 -9.34103054263714 313.4804839990946
99.83886 -14.977308370616411 -9.414272022813233 313.4253017991627
100.0472 -12.021798516340043 -9.489603177263103 313.3615511660844
100.2556 -9.111393658226975 -9.54186382634734 313.2721465005897
100.4639 -6.218906849800115 -9.600720895706957 313.19299134764947
100.6722 -3.3486887170426183 -9.665295762863769 313.11145444538187
100.8807 -0.47928433051243324 -9.726154238645838 313.0473369374519
101.0896 2.348968495499131 -9.792934093652024 312.95119769904744
101.2972 5.115055138021772 -9.870680826069428 312.85504864337287
101.5056 7.884509794528798 -9.928839592455978 312.7358048721841
101.714 10.639734459383046 -9.982969234834165 312.65509948853605
101.9223 13.35462135436904 -10.042947752636852 312.56110356715425
102.1306 16.077239091631853 -10.077587663954954 312.4694962360477
102.339 18.730817748276984 -10.130149451929016 312.382992643306
102.5474 21.40573500484978 -10.197637854892879 312.2774798362479
102.7556 24.016106023996734 -10.271603041915265 312.1924855722874
102.9641 26.63354704280882 -10.341106649511742 312.0807876532154
103.1724 29.240267004664688 -10.445900417650693 312.01049351780694
103.3807 31.820586334869986 -10.515880862331642 311.94261894367065
103.5892 34.375665650987706 -10.597831780026832 311.91281273233545
103.7975 36.90207913869847 -10.671878543500192 311.8563653993496
104.006 39.397781249392885 -10.736392359180499 311.7908863699006
