0.0 -0.0 -0.0 -0.0
0.1036117 -0.007061828599672209 -0.015952579338924848 1.1264001310572995
0.2073529 -0.007162930640559689 -0.025500445426257637 2.263346338710449
0.4147131 -0.03678390171303131 -0.046152336546608344 4.495830441742851
0.5199468 -0.049465259627830396 -0.06225690991014237 5.610396398364641
0.6220911 -0.05926641464558968 -0.06945245575429533 6.730007755224899
0.725703 -0.07739126006496701 -0.07957631099340569 7.835095091277934
1.140398 -0.1418183594590541 -0.14117845803717005 12.246168320378924
1.244137 -0.1436893575763339 -0.15984170793616254 13.340536769750848
1.347751 -0.17441691085448893 -0.14585979181352682 14.449319470229135
1.555107 -0.2075808676211645 -0.1753881012629369 16.621600501875538
1.969964 -0.29107105237578434 -0.19366153662537391 20.950037993587948
2.177298 -0.3385234091470751 -0.21332242574453375 23.04908083241334
2.384674 -0.37583485040148923 -0.22727562405332521 25.142147327227836
2.592012 -0.41132684836087985 -0.2511058437479175 27.174988001723747
2.799368 -0.46695811697969203 -0.28458528453949417 29.15424486504499
3.00675 -0.4876063143718178 -0.3052667912202268 31.092189816854294
3.421685 -0.5088576375936436 -0.3448706308945881 34.793250348083106
3.629166 -0.5131600058948936 -0.36598018142003674 36.58521274335312
3.83666 -0.4935816136328106 -0.3903010594205033 38.33872204097086
4.355725 -0.29581143246662656 -0.4470183783019041 42.57333855367992
4.667325 -0.02673291404853373 -0.46615554563990697 44.976497026269556
4.978668 0.41598741189156385 -0.4853873827079962 47.27913513655025
5.1864 0.8013877513757226 -0.5039765274744378 48.74400525108004
5.394003 1.2490165422464763 -0.5161458815530205 50.15300036029872
5.601734 1.762040254858384 -0.530106504511957 51.48771221020216
5.809345 2.35078149045 -0.5384038432786119 52.76377928749661
6.016968 3.018224416588989 -0.5515918117576967 54.00879090854002
6.224565 3.762739417287378 -0.5664136530171444 55.19983090318247
6.432181 4.566458897853213 -0.5749970214578565 56.31760515226037
6.639619 5.461185017352868 -0.5948848363210847 57.3680737688271
6.847019 6.407132193834965 -0.6138541894532297 58.328663036272886
7.054434 7.416123126226985 -0.6287536414439436 59.21728294937165
7.365577 9.052444235498072 -0.6744989766487227 60.40311801097276
7.572928 10.228187692692014 -0.7217672657246441 61.11276831138428
7.88415 12.122076706070562 -0.7935636018995933 62.039855128003126
8.091556 13.446245961189419 -0.844229270415942 62.54513181483793
8.299053 14.835423836480526 -0.8878168323654669 62.94814566122622
8.506356 16.258857881149645 -0.9324942057119457 63.23144900404427
8.7137 17.71085977339052 -0.9897624569124572 63.4033590040766
8.921074 19.192286888437145 -1.0473944019174923 63.490942304975924
9.024545 19.941738943958303 -1.079118504091908 63.505512925057864
9.231657 21.4583717173988 -1.1424996859798546 63.48976584849426
9.438799 22.976480354474685 -1.2033138305136313 63.424320922070066
9.646095 24.49585203841385 -1.27575545650995 63.3147708710261
9.853097 26.02999257318949 -1.3621220945733565 63.18961086973639
10.06045 27.563068106057862 -1.4618087810146434 63.058531632880104
10.26768 29.104589387443326 -1.5690207921952883 62.917587493822765
10.47504 30.667084900473284 -1.68476851889994 62.75790571383158
10.68242 32.23046669405037 -1.8082627931568855 62.60707890746747
10.88987 33.80007800529453 -1.9302280698072685 62.45460223470986
11.09727 35.38721329630211 -2.062332636911405 62.29811256220441
11.30471 36.98382014705341 -2.1996504450528285 62.11961006056765
11.51214 38.590486799440626 -2.336763474999204 61.93922360495738
11.71955 40.22146342198479 -2.468619169349959 61.737585535137136
11.92703 41.860947048292154 -2.616887307380056 61.530722871573786
12.13451 43.516386206668514 -2.765560713858977 61.32922734063657
12.34189 45.18664093778856 -2.9074163619048563 61.124109601119855
12.54922 46.859537493238825 -3.048211146091159 60.923863982684864
12.65287 47.712611951281914 -3.1221484054183035 60.8155917939364
12.8602 49.40869279764809 -3.2468620952696474 60.59416367081235
13.06755 51.110495968593995 -3.3808824499593855 60.36775377052625
13.27491 52.841771141931794 -3.51561104587714 60.15285668027241
13.37865 53.71027075319895 -3.5888173640346723 60.04069546139844
13.58601 55.454716034791296 -3.7281525762879713 59.83400428602292
13.68975 56.32587255576125 -3.7904566681288037 59.72839963866003
13.79348 57.20727571805881 -3.8611211479876775 59.626568642837896
13.89712 58.09342579022281 -3.939273149686522 59.53010178094776
14.10445 59.88907893736984 -4.088495511023895 59.30381756020207
14.31181 61.675369349887816 -4.225149471778642 59.10326009402314
14.51906 63.49667546985743 -4.375293943788384 58.89188212283954
14.7264 65.32075119327543 -4.529742804833237 58.66887802526603
14.93376 67.15674438831537 -4.674218983241802 58.45993076970816
15.14111 69.01656421565045 -4.811265007707015 58.25882574583941
15.24485 69.95196866874065 -4.879163265795199 58.16045256477276
15.34849 70.90519119276026 -4.937623376509253 58.06257258774204
15.55595 72.77923369599694 -5.080406218315021 57.85631734438996
15.65967 73.72025403256085 -5.160747272975375 57.76054977348156
15.76346 74.66425617489784 -5.2359925613355625 57.663255392248765
15.97091 76.55509110689702 -5.3765751622465014 57.47999244033192
16.07463 77.50891731047567 -5.454010113700292 57.381704322656866
16.17849 78.47530509444174 -5.530295874090296 57.28615757318129
16.28215 79.43999219540204 -5.603112885444905 57.18715654215781
16.48961 81.36640338003909 -5.751109807688169 56.971661284730615
16.59323 82.32755980074785 -5.820897365206426 56.869154809644684
16.69699 83.28460307774616 -5.892793068301328 56.75712653733062
16.80059 84.22659414281487 -5.962854377983954 56.64769820548925
16.90495 85.17152039149845 -6.035535410239083 56.529135218068184
17.00813 86.11412527280163 -6.1174335620102696 56.39707719451687
17.21568 87.99836620713859 -6.267190543287171 56.10554153609911
17.31942 88.92975052071107 -6.337610265390636 55.943823945282986
17.5269 90.76947902092077 -6.47513198834036 55.55613919139658
17.63064 91.68712234326863 -6.550144484847806 55.35600993334895
17.83799 93.50069416628095 -6.698940030158769 54.90982026126797
17.94173 94.4168754192764 -6.777499823154655 54.67755657649414
18.14909 96.19097237530877 -6.920539638850462 54.14629124731593
18.25283 97.07195612562882 -6.990037464715235 53.8604847656702
18.35644 97.93677607184951 -7.067524253889182 53.559172144849086
18.5638 99.66815693533887 -7.219177104650946 52.91343005163968
18.66742 100.529676048785 -7.292468677180844 52.56857473658691
18.7712 101.37220023568295 -7.368852313511807 52.22963498503525
18.87477 102.21326265551664 -7.443977521395583 51.86250736133532
19.08226 103.87901205236776 -7.598332657659776 51.09591954825581
19.28953 105.53990550463611 -7.761264549927421 50.25942305916897
19.39323 106.3712977558317 -7.8452227697908 49.817712521021136
19.60058 107.99324458251068 -8.015718707614838 48.88909834169048
19.80783 109.60527944857444 -8.175820445921769 47.89599943735257
19.91155 110.39651100380988 -8.26599671525121 47.373159277045296
20.01516 111.18636156559666 -8.351191789049496 46.834938504484704
20.22252 112.74988298787349 -8.526239758562895 45.69845791187058
20.32614 113.51339330140846 -8.604064366556738 45.11203471847879
20.4299 114.2696583971842 -8.686371110864798 44.50618518096833
20.6371 115.75770868329316 -8.856290748037031 43.248186788567814
20.8444 117.19440117451737 -9.031620144679282 41.91418990731492
20.94799 117.902294448963 -9.1084114058491 41.21999644627183
21.15531 119.27312768044844 -9.276207732155708 39.78498154267589
21.25905 119.93144750361492 -9.359377357603776 39.01836664291507
21.46628 121.18386708421778 -9.531630457864068 37.478505393019844
21.67383 122.36055581015356 -9.71324171467092 35.8594625098626
21.88124 123.44908194494556 -9.882211245521532 34.1933053224368
21.98489 123.95942809440434 -9.975599192895718 33.3498282511497
22.19209 124.94113201540135 -10.158138010735078 31.598383170869155
22.39937 125.84600445630363 -10.342500103854 29.83072893754065
22.60669 126.71134416296776 -10.535268205836521 28.038986167772855
22.71018 127.10821292634607 -10.630124511726569 27.124088230633536
22.81379 127.50097362784021 -10.726467666348512 26.211688307573365
22.91742 127.90563734022965 -10.811371901708007 25.28001302967913
23.12464 128.63798674531057 -10.984356385255273 23.410687587409516
23.33186 129.29848350024392 -11.155521370965756 21.566043669637928
23.53909 129.88632484814673 -11.312686472186517 19.747972230525555
23.64273 130.2102298742728 -11.394960706298637 18.816812579069907
23.85006 130.86426567386866 -11.54971714115949 16.870442843791086
24.0573 131.48534043173606 -11.717912402948587 15.047872937078022
24.16091 131.79337365515116 -11.819288441909926 14.128213554322077
24.26453 132.1209127912144 -11.912955958506512 13.20671059080259
24.36814 132.4383539766297 -12.006216736491922 12.28426800898772
24.47176 132.76110027865977 -12.097269574314243 11.357173992619174
24.57538 133.0821001733526 -12.190514539107689 10.437272313179527
24.67899 133.40122169969004 -12.27895290379868 9.51642800978523
24.78262 133.6616921617553 -12.387124381157655 8.640386731203947
24.88623 134.0372451469653 -12.462760222299464 7.708705100793146
25.09357 134.7861907467188 -12.61532850364519 5.880093098007592
25.30082 135.45766284840676 -12.816972887323573 4.12814101440447
25.40442 135.79813042072902 -12.899429756810909 3.250844825849157
25.50805 136.15414188964235 -12.99718838198389 2.403716892516151
25.7154 136.97598377757413 -13.159242435798674 0.6310709938376533
25.81908 137.41228946637105 -13.250097443306942 -0.24528699508240948
26.02649 138.29303285234798 -13.422350079746085 -1.951152767634646
26.13016 138.75943438536086 -13.509618530260376 -2.80016242286316
26.23385 139.2312594214995 -13.58633513943775 -3.636332125737802
26.44118 140.17248540994228 -13.756355576881619 -5.253997264092106
26.54482 140.6799464706864 -13.828693821025256 -6.054435540229072
26.64853 141.1964717778665 -13.907457608777685 -6.834625036061453
26.85581 142.25753190265772 -14.061649490797684 -8.344431675605506
26.9594 142.8154219264465 -14.135796701492868 -9.07893662343956
27.06308 143.39164072153142 -14.20574852838833 -9.808501260923776
27.27035 144.587031118802 -14.351484388035196 -11.210817445518032
27.37399 145.19064727984534 -14.422828400454542 -11.855058108565146
27.47773 145.83691182172868 -14.475983396357304 -12.482281213698585
27.58157 146.48645907209 -14.546468792343399 -13.110904470537832
27.68531 147.13806243586578 -14.607494721098822 -13.69632007294885
27.78906 147.8040254673042 -14.690018684129008 -14.283191952169375
27.89284 148.47457150164166 -14.763093344800698 -14.832918220549573
27.99666 149.16608962684424 -14.838794565442107 -15.368978492051532
28.1003 149.88294550768305 -14.919565359101492 -15.903608142474496
28.20406 150.59425977620702 -14.998642291384357 -16.3937097506497
28.30778 151.3247891173251 -15.07238821791229 -16.867417980276834
28.41162 152.07221426113134 -15.152955839813092 -17.323000037083858
28.6191 153.62590743199218 -15.302121570828236 -18.163288287477855
28.72284 154.4198976765499 -15.378403022696299 -18.554527260643617
28.93033 156.04707848180357 -15.52844630928772 -19.229576914088476
29.03407 156.88563860373625 -15.606269474604996 -19.53755678088637
29.13781 157.73053813456391 -15.676658898028554 -19.810034056109053
29.24155 158.58686772129627 -15.75271808089245 -20.059136314389388
29.34531 159.4444635681096 -15.82805031853575 -20.26910826486666
29.44916 160.31260528739352 -15.906312459559821 -20.45451375990494
29.65676 162.11298038888015 -16.04700139667111 -20.74919619863766
29.76051 162.97981555711556 -16.118057611602083 -20.82725907891941
29.86424 163.8581349868974 -16.190436301888866 -20.8800068357967
30.07185 165.64526719698313 -16.338029515916375 -20.905292556739354
30.1755 166.5325614079689 -16.407793577188862 -20.86555335539852
30.38299 168.34516193845357 -16.562660234436382 -20.71922413262448
30.48671 169.2751031576389 -16.6345429480904 -20.60542302398116
30.59036 170.11874332515552 -16.701691607787378 -20.453458600457587
30.7978 171.91838636227354 -16.845201869779757 -20.079697411685203
31.00517 173.7029193706168 -16.992595619773926 -19.589422996809475
31.21251 175.46804468336848 -17.147028925377427 -18.98173547841767
31.31628 176.34885389974576 -17.21425432241277 -18.636670498382138
31.52362 178.05857749856074 -17.368249695373176 -17.856823646442848
31.62737 178.90708820504082 -17.450764443714338 -17.427337652697688
31.73109 179.74370502653505 -17.534934275948878 -16.9708804041733
31.93858 181.37866367147183 -17.699926803582315 -15.976025753009111
32.14606 182.94835385077596 -17.870849291430865 -14.893219899360275
32.35368 184.4904306152716 -18.030900322286037 -13.713478220422985
32.56102 185.98829124890696 -18.207497566428557 -12.441441714566395
32.76837 187.44797937922885 -18.368671319119635 -11.110718538562352
32.87211 188.1708029960267 -18.452489538389557 -10.426104265423632
32.97586 188.86412494002946 -18.533841394114443 -9.708465784690034
33.18321 190.25397207256253 -18.692520146840597 -8.231135093330536
33.28683 190.89872658976577 -18.77799316405634 -7.46985609095357
33.49434 192.20365631335105 -18.93720429682579 -5.8933053960498825
33.70142 193.46089088417602 -19.10031973002608 -4.2519678755651
33.80503 194.0676621609018 -19.183127531828386 -3.4186212056790595
33.90865 194.66028709174034 -19.259585655927253 -2.5680099085021624
34.11588 195.8669167034755 -19.43156458118798 -0.7970785586843192
34.21992 196.42563072040286 -19.511413337677453 0.08430194519955592
34.42688 197.54246364425802 -19.676216696693064 1.882788091087292
34.53061 198.07916345695017 -19.762986121490762 2.7674383039681487
34.63421 198.63845203631274 -19.84073172803672 3.6963396251330636
34.73782 199.19968158623266 -19.924505639281897 4.62508302904854
34.84147 199.72964628831988 -20.006875884998053 5.560256021987385
35.04867 200.81092593927278 -20.162154064631313 7.417750236078106
35.2559 201.86316954209266 -20.33893323542252 9.288816517493615
35.35955 202.32777902215219 -20.39949576238182 10.199562835805722
