0.0 -0.0 -0.0 -0.0
0.1044989 -0.002446997725510671 -0.018912543356268637 1.099890899590348
0.2077935 -0.001043286681370689 -0.041045231087112125 2.2015241725679386
0.519644 -0.0012717289160786918 -0.09832955222535514 5.485883072932234
1.038877 0.012832819125312207 -0.19041615666909895 10.93182811969194
1.142774 0.014755270900996313 -0.20854425228731466 12.01873106974241
1.350553 0.0005188013465964401 -0.2509637254681642 14.206886191000317
1.662157 -0.008846817041694034 -0.30505391366766943 17.48865417547734
1.87009 -0.021580944438036827 -0.3495049915749498 19.665763935790203
2.285652 -0.06613522087482147 -0.4309191625124402 24.0799763279992
2.493488 -0.09272049331979823 -0.46884181376748635 26.271661568171393
2.701441 -0.12263587485410687 -0.505411915097448 28.46617020437277
2.909338 -0.15601705840746713 -0.5478659936147081 30.660089822103618
3.32499 -0.2428084575932041 -0.623646425464419 35.062890149535555
3.636879 -0.2995216818316595 -0.6796138892480378 38.36230956229422
3.948871 -0.35868087618200695 -0.7285379067286306 41.68181979458568
4.260741 -0.4102717079794389 -0.7362878418208659 45.001832685044086
4.780371 -0.45071674694732194 -0.7836810740745427 50.53238137614101
4.988118 -0.4776644846911403 -0.8007121701534102 52.74015933365966
5.195994 -0.5044309052432165 -0.8184489316483038 54.95009908988002
5.819513 -0.6209889679186292 -0.877042310154249 61.53880104823289
6.027387 -0.6573625840003618 -0.897240285745355 63.74693674341386
6.235244 -0.6923144914912739 -0.9157345738419014 65.9450310044225
6.547122 -0.7387411605440248 -0.9435173547539119 69.24305202217356
6.755121 -0.7518987053644344 -0.9684676542308872 71.41590696343577
7.06712 -0.7517421055299375 -1.0124280800120855 74.67454196256001
7.379122 -0.7024237554881207 -1.0665148896963355 77.874183538989
8.003122 -0.5073570699584429 -1.1808299844228964 84.30059416923862
8.315124 -0.37584085256887345 -1.2401146515212242 87.47217382695642
8.731123 -0.13655128333985456 -1.3129779750546946 91.76017007893805
9.043123 0.034685272289894264 -1.3693916001562076 95.01670032427639
9.562998 0.2751693919275251 -1.4604844916175461 100.56883844001074
9.87475 0.3767533152918805 -1.514540217684378 103.92741412765336
10.49862 0.4138475417360933 -1.6322691692937177 110.71214525831988
11.12275 0.37255996507844297 -1.7265489974511419 117.60018426542548
11.43462 0.348609165081183 -1.763148671792408 121.08168926291242
11.64263 0.3377695558328211 -1.7840431208234033 123.42734743416129
11.95462 0.3186153906926885 -1.8065199394651816 126.9575591579274
12.57837 0.26706330108028814 -1.858920190019232 134.04531599017008
12.89025 0.25972203661337745 -1.9011521510907687 137.55515792211017
13.20213 0.2539369043707227 -1.9700204480793344 141.0794835233639
13.51401 0.23857209669501278 -2.030765728452352 144.57883532208152
13.82575 0.2055973460874143 -2.0952833789959144 148.0955531596922
14.13775 0.1646312793543977 -2.1614699532085964 151.62039655841107
14.44965 0.12159316273510345 -2.2264795166598215 155.1462066142606
14.6575 0.09518553870698354 -2.265218822773007 157.5182593883793
14.96938 0.05201497314373449 -2.3205461951827577 161.0111119156911
15.28126 0.0014256107834129672 -2.3867447159883115 164.54459605222277
15.59313 -0.04498414167972653 -2.4513593502384134 168.0462040727488
15.90501 -0.09141498994731645 -2.499418551607187 171.52328596843083
16.21688 -0.14628320942415973 -2.557819188882402 174.94785122764503
17.15276 -0.29429416310032325 -2.778230645124353 185.12328101790283
17.46476 -0.3156950874763658 -2.840111372556299 188.43684465565488
17.77676 -0.33708499693564553 -2.8995272875021474 191.67057799680958
18.40063 -0.3672508227406943 -3.0181893788619414 197.7963072025651
18.71251 -0.38258191101105776 -3.068302272910356 200.70875366893353
18.92051 -0.39875444238520497 -3.1036383368184013 202.58239538025998
19.54464 -0.5314984442409152 -3.1904562400342797 207.73718280812992
19.75263 -0.5955405033910344 -3.223016757532911 209.2923802499251
20.06489 -0.6859683632833491 -3.266220598172895 211.48748146066305
20.58526 -0.8289465854028055 -3.323342215449588 214.89948788618662
20.89751 -0.8909587658063316 -3.361453721235215 216.87956632438454
21.20964 -0.9488868799919814 -3.4018389679181142 218.8328380537737
21.52188 -0.9823593133602466 -3.441792676186975 220.75419236250846
21.83414 -1.0033933685635708 -3.4795683688319095 222.65379413757
22.04226 -1.0051145985393888 -3.5057035662254354 223.9389122427185
22.25051 -1.0039503943458181 -3.526986787600662 225.22674344959714
22.45866 -0.9972625677092521 -3.5491159961244185 226.52830120588203
23.18689 -0.9700547658990546 -3.6556547971550426 231.23805887637945
23.39501 -0.9575028163677972 -3.6869666805408787 232.64415710607497
23.60301 -0.9496894002988294 -3.715253204174846 234.08427883299768
23.81113 -0.9302169002305716 -3.7358546750346133 235.53186045728236
24.12328 -0.8884681399695271 -3.7783578679985887 237.7697362966915
24.64364 -0.752059083762612 -3.8713336369323468 241.62393461391704
24.85176 -0.6930359584905954 -3.899485913583236 243.17178222874531
25.16376 -0.5614395828654004 -3.944690979536909 245.51515381742212
25.37177 -0.46602911170012895 -3.9746311488485473 247.05227830406116
25.89164 -0.22459220585123774 -4.041264646984365 250.97145357669555
26.09952 -0.12413110258350812 -4.078594365337931 252.55458572759295
26.30739 -0.044853574321088274 -4.118099187231803 254.12380725647242
26.61926 0.06347369018506654 -4.171668639736399 256.447480543381
26.82714 0.1205732236962973 -4.2047738564192665 258.00759947823593
27.03514 0.16489591271500004 -4.2336093462602955 259.5390028054518
28.17926 0.17931961480176106 -4.365562013395348 266.77328161086086
28.4909 0.06333789731229089 -4.417850148536416 268.42974417812434
28.69852 -0.08310249535721681 -4.437380110706197 269.4570617305927
29.21728 -0.6905110521444868 -4.4975330348804325 271.8138871974504
29.73577 -1.6895346692293032 -4.538007000636286 273.8239434709262
30.04714 -2.5157191676149466 -4.546630205918113 274.83637408047645
30.25464 -3.1556550311698857 -4.544627033488224 275.40787289591
30.66952 -4.614319578235097 -4.53218224985319 276.29848746986573
30.7734 -5.017577223898513 -4.5352490924660485 276.4446623299212
31.08477 -6.252029807879069 -4.513273335430236 276.7615415531521
32.0194 -10.536915065672915 -4.369823859568263 276.15356213935485
32.12329 -11.067221724505757 -4.33918394673472 275.90658611492756
32.2273 -11.590186675698376 -4.305776501274717 275.61596933237036
32.74802 -14.253103275771807 -4.118074737175585 273.5268506682455
32.9564 -15.346276710925594 -4.020543020635108 272.38294687790767
33.06052 -15.861206241221865 -3.976280170185772 271.7435612884171
34.10252 -20.271045571529214 -3.5897824219657792 262.4353132051544
34.20665 -20.56994037526897 -3.5559387069304647 261.2451966423267
34.51902 -21.262950601532467 -3.4496923620170756 257.3885177694034
35.04002 -21.626182874044037 -3.331052640226857 250.18382593992283
35.14415 -21.592456051021664 -3.3110040349402556 248.6431127540921
35.35265 -21.416298853370197 -3.2821418014672417 245.46949951347494
35.97828 -20.517586104502293 -3.1906933276786926 235.2233254051628
36.18665 -20.229958137307907 -3.1582561202326396 231.62220721456072
36.39503 -19.981592032338035 -3.134526965980045 227.94407264678568
36.81128 -19.576767632428773 -3.0440750002367207 220.647951478433
37.01927 -19.455638433919873 -3.000219578057841 216.96021974787104
37.2273 -19.35839807803224 -2.951245159111005 213.25911245715412
37.74677 -19.23409411646004 -2.828523142804487 204.05071771210464
38.16202 -19.199563370932466 -2.706456001910378 196.52556960462104
38.47328 -19.218848321667394 -2.6329432228130853 190.82450850951832
38.68078 -19.21039556809288 -2.5999697167001776 186.99011871084207
38.99215 -19.16746067578046 -2.509865557298641 181.30981563325943
39.19965 -19.1814901902433 -2.4480288142211233 177.5776413596437
39.40727 -19.21601016029909 -2.398483053620841 173.86285228219384
39.61478 -19.278086458762296 -2.3110788672264104 170.10925398309146
39.82215 -19.381987258841367 -2.234477768188812 166.32738311118433
40.44453 -20.183359549688916 -2.1603314723907823 155.7161965807383
40.85953 -20.650787856547897 -2.2607623097960676 149.40093335137996
41.06704 -20.638596761837636 -2.3641948375390465 146.7517486876588
41.48215 -20.654557894084412 -2.403082976219962 142.18354794955886
41.68967 -20.744026350513522 -2.399649606125141 140.02211265888954
41.79353 -20.7554332584943 -2.4247927390072364 138.95862126213882
42.00103 -20.782550265972922 -2.471369159158564 136.88471594836798
42.41605 -20.829233908689677 -2.560037777771659 132.75113698762078
42.62366 -20.8870321189888 -2.585825063875526 130.92700134583086
42.83116 -20.96235989317515 -2.6014844548377205 129.17927936585994
43.03866 -21.033854017302676 -2.63672839313406 127.41263598374393
43.45369 -21.184739531357867 -2.669109854676481 124.13417589661
43.66103 -21.270106372807632 -2.6912007385526984 122.57568004623842
43.86853 -21.351811331210587 -2.709868060187368 121.10573122695114
45.11353 -21.785574533842805 -2.801136110289623 113.58667642591539
46.56828 -22.127708349963022 -2.8873916167840052 107.0443999488116
46.88028 -22.19683856435099 -2.9087823630754737 105.79106794406312
47.19229 -22.261297603430798 -2.9334680823743016 104.55908762048823
48.33641 -22.505556647272844 -3.0497301320230887 100.04254048697535
49.16854 -22.647257300523886 -3.113105197817823 96.24809123158833
49.48054 -22.67786822228353 -3.134616401891645 94.6677434319881
49.68854 -22.685775316210815 -3.1512153349712104 93.55527282811593
50.52054 -22.630208140057917 -3.253431018348082 88.70623601173479
50.72866 -22.614143559415684 -3.280078932421753 87.39405424037885
50.93679 -22.589933443251358 -3.3141885516618848 86.03747251354464
51.14479 -22.564740131815753 -3.3410545854213143 84.64631192496365
51.35279 -22.54588686544132 -3.3748776909328253 83.2107198777506
51.76879 -22.517170753886077 -3.4360482386844566 80.22850956022474
52.18466 -22.50387149903797 -3.500480711452047 77.138104789396
52.39267 -22.512318382987253 -3.54515455560794 75.53051727478056
52.60067 -22.527613979330543 -3.5738621890632607 73.88688192398168
53.01642 -22.58968196008776 -3.6386111266092236 70.50956084837894
53.22416 -22.62560305105271 -3.671816929921577 68.79291950471486
53.43191 -22.666587396012783 -3.7102875342563517 67.07546782713628
53.63967 -22.71947187677728 -3.746067459140048 65.36685469998498
54.05492 -22.82591810585387 -3.807526952361911 61.935920581520776
54.26254 -22.88595966968254 -3.8405092500299656 60.231819337926716
54.47016 -22.937852503267965 -3.86670827787779 58.534281656335985
54.67769 -22.989102648021035 -3.895685416039759 56.84757382202781
55.09292 -23.089530111723374 -3.955724763607314 53.42842843067694
55.30054 -23.13516888586479 -3.9835587979239637 51.74906466688531
55.50819 -23.183671001449234 -4.00982178756759 50.07015374035482
55.9233 -23.271996445574782 -4.082399618838589 46.70887269607757
56.13092 -23.321985115019093 -4.111310552083965 45.06609654650633
56.33842 -23.382973631239064 -4.145372327003435 43.41923832602339
56.64981 -23.463869245448695 -4.195845849376743 40.927759373961514
56.85729 -23.511267387609127 -4.230960841313032 39.28177056968118
57.16854 -23.591281989688795 -4.278001031207753 36.85226438216004
57.47992 -23.671450648922562 -4.323155882197702 34.426147696905296
57.79117 -23.74302989636991 -4.377670922666507 32.03463095692491
58.10242 -23.831687603575055 -4.425715111413438 29.64706675078512
58.4138 -23.911316308693795 -4.457081234850075 27.2795503584538
58.72519 -23.98413312771809 -4.500269775522574 24.897310636044494
59.03655 -24.060211761939886 -4.556577422107668 22.472074116159767
59.34804 -24.13854957870047 -4.591017597775626 20.112276712598494
59.65942 -24.223021735390425 -4.642229685758322 17.66162117660695
59.86692 -24.285232197304875 -4.674158495436529 16.030329690601892
60.48967 -24.44907113617809 -4.803400961185272 11.063773759436708
60.69718 -24.49740984337262 -4.846945366194285 9.399009944521643
61.00855 -24.58478779088096 -4.905661622015567 6.8915980684274
61.31992 -24.670699847868438 -4.969259256185629 4.401606987748095
61.6313 -24.75450357893327 -5.021550888357421 1.9167660919068565
61.94255 -24.83700776999133 -5.086630366486526 -0.5450112442307011
62.25392 -24.909132335104317 -5.141157382770388 -3.0343055673064487
62.5653 -24.98205885963619 -5.213091935723607 -5.494703202462606
62.87668 -25.07400550781241 -5.284119615759458 -7.968524110795227
63.18817 -25.160018877525072 -5.352236419186058 -10.447502282316899
63.49955 -25.248751775922784 -5.414317699855191 -12.917477614595349
63.81105 -25.34523491060095 -5.4810262521397926 -15.366270214232355
64.12242 -25.437679504483437 -5.553629866418963 -17.8091243702779
64.7453 -25.607263276724716 -5.687142890530235 -22.62342104287725
65.05669 -25.676507933465516 -5.745547425915434 -24.98162865554751
65.36805 -25.764689162192976 -5.81124439294427 -27.370069845879698
65.67942 -25.852144429695276 -5.867133109211083 -29.66934676100714
65.9908 -25.941286491144634 -5.940209455264897 -32.01092648164494
66.30208 -26.040871676404883 -6.00312663499286 -34.34495848980702
66.92481 -26.237690032840824 -6.128051522816383 -38.899208757251145
67.2363 -26.343030042700935 -6.182248318787533 -41.15909318384879
67.44382 -26.40955671351722 -6.223649218825674 -42.646417270003695
67.7553 -26.506208207345633 -6.276075195948677 -44.8641671692393
68.06681 -26.603577275842795 -6.335117150669998 -47.03151569091349
68.37818 -26.69866202863801 -6.394092034341747 -49.15901552542229
68.68968 -26.79928142368775 -6.444892051940234 -51.21871623504203
69.3128 -26.997816175889973 -6.539582626618378 -55.09371598618643
70.24756 -27.230235598630532 -6.664109315469014 -59.81878071520087
70.76581 -27.080140105468068 -6.7300053324817375 -61.76475308740517
71.28393 -26.58999312281666 -6.813120390652186 -63.241359228142976
72.42518 -24.307726281055682 -7.078687717402443 -65.3405251704745
72.63293 -23.729182243054435 -7.135436944782863 -65.4949387379748
72.84082 -23.12067164612059 -7.1905133182255785 -65.55989856764505
73.25669 -21.763911392722125 -7.297696189869606 -65.43985419512012
73.67258 -20.347918249412224 -7.340789565786313 -64.88926314521925
74.29656 -18.304293574960845 -7.377272239014492 -63.13001261330882
74.50481 -17.694561872515024 -7.365208978226683 -62.27656100176749
74.71282 -17.18418852564207 -7.35648140318329 -61.29817649547147
75.23381 -16.319018726504158 -7.319764426951513 -58.29281273629378
75.44256 -16.099675339020983 -7.298906443349752 -56.89900779189589
75.65131 -15.96391224103667 -7.279530874467737 -55.422832178090175
75.96471 -15.854434683095722 -7.219480789340343 -53.02049050929395
76.17371 -15.787589672857022 -7.181424714683892 -51.31812313365738
76.38246 -15.7042541282677 -7.148775532804997 -49.54401414311772
77.21594 -15.41888777439913 -6.9709886277828765 -41.68497717234748
77.42406 -15.35934473657869 -6.929444493691395 -39.56043384660616
77.63219 -15.30519978865873 -6.88661636909764 -37.37613167974345
78.04806 -15.159584104854105 -6.7982310553169425 -32.85290237031385
78.77519 -14.907063714977063 -6.691868485639144 -24.42120766451967
78.98294 -14.848814264498426 -6.658978451503782 -21.909850712313784
79.19069 -14.801854027958557 -6.625448342114742 -19.354592274679874
79.60606 -14.694078109409178 -6.560421236683527 -14.054941851928117
79.81382 -14.631701649813587 -6.509128669813714 -11.333822215175724
80.02146 -14.56812513438311 -6.441965830949598 -8.58855853797582
80.22894 -14.507497912851019 -6.373680450328704 -5.848087642209063
80.43667 -14.437290357073516 -6.3025788892603165 -3.121367645689342
80.85196 -14.298939145332502 -6.184631156692547 2.3751154458614128
81.26694 -14.146940513000194 -6.055631874554371 7.859790098192364
81.47457 -14.074352192176693 -5.983096237746011 10.578198587578424
81.68207 -14.014261034239574 -5.928997117495966 13.290536216730747
82.09731 -13.86999950813717 -5.79341104324464 18.74874640537929
82.30484 -13.81631455893798 -5.737106105259668 21.41799868503645
82.51244 -13.759774588482854 -5.679036085148958 24.090130283861814
82.92757 -13.662945435448224 -5.536455101665142 29.43096611536564
83.13519 -13.619675696625189 -5.468562845279432 32.08848669216694
83.34282 -13.567568591614204 -5.410464314554182 34.7413265016247
83.75819 -13.452067584880663 -5.288741454423048 40.03278018705844
84.17369 -13.347681443139878 -5.158511558616322 45.28880986456432
84.38159 -13.29299794962261 -5.106324675040865 47.90065260448659
84.58932 -13.216095444125974 -5.044720646446616 50.52381447820438
85.10871 -12.988528072688332 -4.933265662180283 56.994228732862304
85.62782 -12.739926248210914 -4.847225777139316 63.44556692684066
85.83532 -12.645304957751357 -4.814842621402162 65.99856944034015
86.04282 -12.555373598419028 -4.777283749812849 68.5266727513269
86.56182 -12.365427456611705 -4.7034519109865025 74.80898742936778
86.76945 -12.28759526665889 -4.66782430685536 77.3244695148314
86.97695 -12.213181276589165 -4.634605147632 79.84359383752785
87.49583 -12.050928319672389 -4.556841139884499 86.10008807665135
87.70345 -11.985802612568255 -4.521536237394685 88.59922891930205
87.91107 -11.918487332531434 -4.487540236411117 91.09368955129999
88.53407 -11.697092970057964 -4.394010462626332 98.57806490532586
88.74158 -11.635412947450183 -4.363001230238256 101.05505056392917
88.9492 -11.572976632382126 -4.334472420079332 103.51483102834075
89.1568 -11.506075577630073 -4.301342301518127 105.94646184851536
89.57183 -11.381516761347651 -4.246778669619094 110.80255842447473
89.77934 -11.319180386234189 -4.21327211922979 113.22006826996024
89.98695 -11.257669720544204 -4.174177903460929 115.62179222324455
90.50595 -11.130371549945822 -4.050750984322436 121.58209815239428
90.71357 -11.078869218537267 -3.988958435919068 123.94775809198767
90.92107 -11.041821847545446 -3.937219724916262 126.29625539633548
91.33622 -10.987400867473657 -3.8140306304585136 130.98902678979368
91.5437 -10.95404889501665 -3.7585517454235644 133.31284298869326
91.95883 -10.921748392087279 -3.651330042204129 137.93632119683738
92.16632 -10.905352885270707 -3.6024599551199206 140.24545040033823
92.37383 -10.890797140110449 -3.5447599952950624 142.5302975304783
92.58132 -10.872345481090385 -3.496914954752059 144.79224645781275
92.78883 -10.833768566209386 -3.442561906348595 146.99476097244315
92.99632 -10.790309335238598 -3.402329782671324 149.17712479846426
93.20395 -10.740759122878899 -3.3538587747152846 151.24979573988747
93.41158 -10.67316289487757 -3.324175120448289 153.32842650938326
93.6192 -10.599500624965312 -3.3032949454222864 155.37004002305903
93.82683 -10.527156366334253 -3.2754747157395103 157.3852802967761
94.86546 -10.143111416094397 -3.156734121420236 167.18188904980917
95.0732 -10.110762194245922 -3.140502173960453 169.1360971109545
95.3847 -10.115102959160362 -3.0987647755375267 172.11040685552467
95.80033 -10.181534984838228 -3.022461644205081 176.13947006200243
96.5287 -10.088682050041037 -2.9004369417559044 183.44126508380873
96.84083 -9.898937323093765 -2.856961891754188 186.66467366140162
97.04871 -9.72801615571775 -2.8216946036024266 188.86472993567696
97.25658 -9.54702793806593 -2.788501420176873 191.08210916572952
97.77608 -8.98139277744545 -2.6943328221035596 196.76624699773512
98.3987 -8.342537251428366 -2.5599756415740895 203.91170537651269
98.6062 -8.18794394997404 -2.5053291140257086 206.3632905204832
98.81383 -8.065652685283734 -2.4511359259268266 208.87401771877637
99.02133 -7.975342254143593 -2.3962929469498935 211.41215250682507
99.33271 -7.856424486040842 -2.3370156982951755 215.26800484781188
99.85171 -7.709470365161846 -2.2620941910169154 221.8864838052072
100.0592 -7.675081119282344 -2.225137886916234 224.54414798077033
100.3706 -7.63241729676981 -2.163440642835222 228.5218634382954
100.682 -7.598265991753599 -2.1223261606230794 232.52418971049724
100.8896 -7.571079519006664 -2.087524259889352 235.18431730644724
101.0972 -7.537269083593751 -2.056334061949487 237.8209304455859
101.4085 -7.467868731894445 -2.010925337145598 241.7611116188004
101.9273 -7.323873191058447 -1.9058533343290023 248.24946132457
102.2387 -7.214136711133694 -1.8720851636686016 252.10566669129912
102.55 -7.116895097689294 -1.821823090887559 255.94166016518167
103.0688 -6.941805824232935 -1.750691291133018 262.28873134037065
103.2765 -6.865085415346053 -1.7176594968675012 264.80060983957725
103.484 -6.797909584163419 -1.6901811103028557 267.2908942134054
103.7954 -6.687365644599959 -1.6507640288647796 271.00805400071386
