0.0 -0.0 -0.0 -0.0
0.1044989 -0.0052059067419385 -0.027978082485617985 1.6659215764122268
0.2077935 -0.005866933251326631 -0.05600278661644401 3.345575857738766
0.3116343 -0.010560119415210973 -0.08550727395972131 5.019000654973332
0.415494 -0.0048817597400449275 -0.11809819064677395 6.692230052199918
0.519644 -0.0010776607587415846 -0.1457535063827365 8.374708018560094
0.6234014 0.0021136554662180007 -0.17455859316667743 10.049492800495225
0.7273457 0.013141369642809125 -0.20512163638236486 11.725218506860518
0.8311796 0.01696124401079417 -0.235655121425404 13.404326530201708
0.9350305 0.019086032689980298 -0.2699428503785152 15.07003329753681
1.038877 0.020352987867833704 -0.29756124723574445 16.734284467494575
1.246636 0.008710288894421159 -0.3645842756217139 20.045090560721608
1.350553 0.0024386407415861342 -0.3938603369254806 21.71437807601053
1.558293 -0.014807739056154765 -0.4526270840532828 25.044225657631756
1.766057 -0.031249701693620728 -0.5157923845872743 28.39786505392053
2.077874 -0.06962705154144568 -0.6176169296289026 33.45860334917104
2.181756 -0.09044928477833102 -0.6436089360128039 35.148232067016885
2.285652 -0.11533978068153451 -0.669643995951649 36.837604417436665
2.389627 -0.13690322674735714 -0.7023218558468548 38.533311766624735
2.493488 -0.15897824952974407 -0.7313395240879856 40.21973957158484
2.597363 -0.18316962183032703 -0.7551607565098062 41.9118400146558
2.701441 -0.20439590668840632 -0.7777759233491593 43.618225773774114
2.909338 -0.2332977470983043 -0.8392720077314507 47.015459946041744
3.117132 -0.2953066532548784 -0.9001162645569014 50.441313957016725
3.32499 -0.34604133949463617 -0.9417240283710561 53.846588222899
3.533061 -0.40190036422028597 -0.9960782405487156 57.25916963537489
3.74087 -0.4604769310451956 -1.0380954308229542 60.6719093145006
3.948871 -0.5188297538323194 -1.085081605637119 64.0875748233624
4.156747 -0.5808125426805087 -1.1171108532528389 67.50321553914281
4.260741 -0.5962387885359921 -1.128558894189146 69.2196499878313
4.364619 -0.6060074107433424 -1.1317989206026078 70.9245011232181
4.46862 -0.6190335248093478 -1.133412749142766 72.62849905776943
4.676494 -0.6420316146929377 -1.1561136506701761 76.0494108628703
4.780371 -0.6480561099606 -1.164372509368535 77.77354076402642
4.988118 -0.6779367357161572 -1.203804800875776 81.2217295044158
5.195994 -0.717887439707783 -1.222263561844417 84.6839283128648
5.299899 -0.7457037405817855 -1.2326302565958807 86.41292557107565
5.507756 -0.7745126150025428 -1.2474276396941582 89.85485064340483
5.715493 -0.8153421731034988 -1.2638301970275414 93.28906814892015
5.819513 -0.837041153829188 -1.2770260593669356 95.00450542603168
6.027387 -0.8971182695370459 -1.3057863256574214 98.39577179512365
6.131261 -0.9276325493300214 -1.313956401491197 100.08542469713997
6.339121 -0.9783311439071105 -1.3423575314542064 103.47670552463319
6.44312 -1.0010409165297494 -1.355297454138109 105.16936756577834
6.547122 -1.0183265516931055 -1.369491626038433 106.83762673124663
6.651123 -1.0267218898433574 -1.3831334104394537 108.51574175251413
6.755121 -1.0380044052054902 -1.404977443089653 110.1944308629541
6.859122 -1.0376545208881962 -1.4214016315260354 111.8781040551475
6.963119 -1.0374037956922115 -1.4410128046218906 113.56908519144665
7.275124 -0.983990402281409 -1.5096424673441406 118.56274200969914
7.483122 -0.9249556499584308 -1.573685556623913 121.88385810234111
7.587125 -0.8905433911069291 -1.6049214020457754 123.5431943878231
7.795143 -0.8040964557629655 -1.66234508984551 126.82147802675905
8.211127 -0.521043744868738 -1.7934094684266044 133.42132288533463
8.315124 -0.44727843140122747 -1.8049716457640053 135.080841180582
8.419122 -0.3630971845089652 -1.8327789492844748 136.7266407255007
8.523125 -0.2735686723583264 -1.8562879329503728 138.38610522149358
8.627137 -0.1903384133772006 -1.886699698546094 140.03559030676507
8.835121 -0.009240236112928457 -1.951553021490908 143.37877976485476
9.043123 0.16974226635595357 -2.011209373093262 146.75266893221792
9.251125 0.32468808409120786 -2.0711598727078897 150.1377619711705
9.459001 0.4727638657474049 -2.128233508659858 153.57818388146123
9.666891 0.5719632240976766 -2.1976723261044926 157.0236090169701
9.87475 0.6678553231059343 -2.262176117271181 160.49316031656127
10.08275 0.7250150630318957 -2.3210070937425695 163.94460521667796
10.29063 0.7541809918028957 -2.3781360150758175 167.45649219906602
10.49862 0.7467904687686437 -2.4280993303017775 170.9502868772876
10.70675 0.7291509261929763 -2.483438079494737 174.47340653546794
10.91475 0.701015202264756 -2.5410843755152452 178.02985687954097
11.12275 0.6649959452344005 -2.581252319512682 181.58692927145123
11.33077 0.6448750918419104 -2.6107304948790055 185.15943968758674
11.53863 0.6146497009783086 -2.6487439851786285 188.7454880973785
11.64263 0.5937458753778265 -2.6617191622242236 190.53603021847317
11.85063 0.579922822470574 -2.6957328813553953 194.1131355178547
12.0585 0.5725426505003194 -2.7182483361653373 197.71542798326132
12.26652 0.5382922624772091 -2.740473175408721 201.3649832517446
12.37038 0.5236403634384162 -2.7553378867432183 203.18322994533648
12.47437 0.5139817258833312 -2.769725328843903 205.00089022229324
12.68225 0.49111853075249867 -2.8051066366745974 208.61188483281
12.78625 0.4772186485361624 -2.8324775638266826 210.417000969732
12.99413 0.470998119623914 -2.89753872830553 213.9983201084376
13.20213 0.4560954597050148 -2.978711030413282 217.60252332549047
13.41 0.4364285429869531 -3.055963168751592 221.1946518449752
13.51401 0.4164657646138073 -3.0912517168088596 223.00703191590762
13.72188 0.3885589886065929 -3.1623128151319597 226.55887533914483
13.92975 0.3707907020260116 -3.2339292872655725 230.1371731721339
14.03375 0.3654701543723886 -3.262997927035891 231.93651634387268
14.13775 0.3474626787981211 -3.292333423559742 233.72539484606386
14.34563 0.3143332997539101 -3.3671303018582837 237.34486410167298
14.44965 0.2926278665578306 -3.400767664456034 239.13870628219937
14.6575 0.259182910918925 -3.4702600569628737 242.73232973857984
14.76151 0.23511332223841452 -3.5045895800589033 244.52519246685216
14.86538 0.21318476747720227 -3.5379674415785685 246.32860880686323
14.96938 0.18434654556762853 -3.573756088790237 248.10173735330008
15.07325 0.1570097998111759 -3.606288138375174 249.9019884180372
15.17725 0.12427729848558045 -3.6386616745796094 251.6959466632417
15.38513 0.07751740434561194 -3.7109339203396265 255.2833351772701
15.48913 0.06114442309510926 -3.749835548444608 257.08822098525303
15.697 0.007303456768054328 -3.819591687022548 260.6937185504044
15.80101 -0.018620563643312327 -3.8472758563595577 262.47733590244803
15.90501 -0.05840651518548112 -3.870319863746974 264.25058667298833
16.00901 -0.08006587019947231 -3.9073102197411798 266.0367703833233
16.21688 -0.13856360440668825 -3.982064755036916 269.61323099577476
16.42488 -0.183469648882149 -4.053613049289213 273.18885917662055
16.63288 -0.2538184399585499 -4.123922607258171 276.70693593645143
16.84076 -0.2920452414125818 -4.200652598296074 280.21711822662644
17.04876 -0.3149221720706399 -4.288849766414751 283.70085265922
17.25676 -0.3492365532706556 -4.358425383155093 287.1526791311959
17.46476 -0.3615823069744788 -4.4169490714368 290.570867151437
17.67276 -0.36207353246622787 -4.466685131025332 293.9385508796489
17.88063 -0.35004903683527133 -4.533740273002463 297.22041864762787
18.08863 -0.3534730386915943 -4.603716164867237 300.41122478880726
18.29663 -0.3527919629029006 -4.674490459131452 303.53324135582614
18.50463 -0.348764478595221 -4.7270090517930985 306.61908979018006
18.71251 -0.36600466928722897 -4.787041938000955 309.5779317993045
18.92051 -0.3901446674042044 -4.841745724325098 312.4828064951454
19.12863 -0.4398209441955516 -4.8796910540926595 315.27756877646743
19.33651 -0.49501315031534254 -4.930529011468563 317.9442418805745
19.54464 -0.560391533298751 -4.973857698248182 320.4833524211699
19.75263 -0.6458421621396013 -5.021246257380367 322.9008353031644
19.96078 -0.7439718588087771 -5.06426824983769 325.20149642138887
20.16888 -0.8282087358414714 -5.107765853804684 327.40613910811635
20.37701 -0.9056472693764483 -5.1403006357533405 329.52570872331404
20.58526 -0.9802887504844247 -5.180109957002688 331.59497275043
20.79338 -1.0356312735125144 -5.2208436358810095 333.67788013607026
21.00151 -1.0982473928590597 -5.261997167869929 335.7133817997049
21.20964 -1.1427322640107036 -5.304173393109952 337.73046317855454
21.41776 -1.171786244231304 -5.34392566222528 339.72951642634996
21.62601 -1.18855572667445 -5.384368686273058 341.71042712087456
21.83414 -1.1971307565873728 -5.416741392312677 343.6853536431236
22.04226 -1.1939808049037528 -5.451819824096857 345.6892049967482
22.25051 -1.18005427248186 -5.4877081643199155 347.70616340433077
22.45866 -1.159250224243837 -5.5223009905978735 349.74168207156623
22.66676 -1.13751289998664 -5.5643831680307425 351.8005802171987
23.0829 -1.0989339833694496 -5.663012721198701 355.9442340450096
23.29089 -1.0548504922552357 -5.715115396293066 358.09587057073577
23.49901 -1.03218339252025 -5.758765645351161 360.3200023938497
23.70716 -0.987653906290654 -5.79631399528011 362.57048058190355
23.91526 -0.948977747603136 -5.836759288213306 364.8477189063838
24.12328 -0.8784675160962578 -5.890180899118368 367.1951726969261
24.22739 -0.8304720341719456 -5.918390160859618 368.3840572188533
24.33139 -0.7827130254823551 -5.943604484796138 369.5719929400085
24.43553 -0.7368907953033847 -5.971485900602447 370.7662068924696
24.53951 -0.6875971504092533 -5.996874864178576 371.95648746136334
24.64364 -0.6382679437672572 -6.024468846955474 373.1383460396719
24.85176 -0.5315658094036806 -6.071723423769001 375.517015240602
24.95576 -0.4734917028125132 -6.102523723453032 376.7127159053518
25.16376 -0.3522276125088233 -6.157318794755939 379.09331485159686
25.26776 -0.27792951042285097 -6.17767674501798 380.2812173376759
25.47577 -0.11338954448527616 -6.223471079645237 382.69768428999845
25.68376 0.03744861216742024 -6.274877009883516 385.1090315668872
25.89164 0.20839555516482022 -6.336063487646847 387.55265819947755
26.09952 0.3592287060065331 -6.393008224330682 389.98710454314795
26.30739 0.4984729545535984 -6.45485426495404 392.4116858324167
26.51527 0.6216914154800044 -6.514474183037118 394.81327908159847
26.61926 0.6887698452094035 -6.543493261071891 396.01277911773104
26.82714 0.7875556867646374 -6.595557314973769 398.3993955713437
26.93114 0.8348220150054821 -6.625238093631353 399.5699741784812
27.03514 0.8690465010889437 -6.647744508252274 400.7340869879168
27.34726 0.9492775159523799 -6.706864504772778 404.1216627905778
27.76339 0.969971935930535 -6.789837558728856 408.2400350019849
27.97139 0.9520375493928525 -6.839328897819176 410.12972910327306
28.17926 0.9037490679723099 -6.883110576444592 411.91198730054316
28.38704 0.8104012335255248 -6.9241931777846375 413.6240042006106
28.59479 0.6367875424444236 -6.975514288623097 415.22924464961784
28.80227 0.3922013744219299 -7.010358419507654 416.744728364766
29.00977 0.061175024653536525 -7.039863578488972 418.1878866578388
29.21728 -0.37160967016633606 -7.066061325001106 419.54796920130565
29.42464 -0.9070672503291632 -7.076590350691222 420.8063191963115
29.63216 -1.5341816100330163 -7.0846600057497895 422.0119646235141
29.83954 -2.2750578327861604 -7.0907881350993955 423.11576550335803
30.04714 -3.1204744074017583 -7.089914150011611 424.1147383368307
30.25464 -4.069571232694983 -7.087759349790604 425.00222744467254
30.46204 -5.1188019953715695 -7.079395490694491 425.7714928206469
30.66952 -6.24306632615864 -7.078080307400844 426.3416741266975
30.87714 -7.4338730309810614 -7.064999954331842 426.7724401263706
31.29241 -9.980739409263506 -7.01964417132844 427.1755153047323
31.50016 -11.369153087189211 -6.977053935144867 427.12964499251774
31.6039 -12.097565272797334 -6.9412883600131 427.035928988189
31.70781 -12.837985265042771 -6.91119581470686 426.89562121206865
31.91552 -14.382321180963487 -6.840877245805922 426.4485090767187
32.12329 -15.960547553395912 -6.74098079382426 425.75888312461365
32.2273 -16.763599302362934 -6.6883124788371475 425.3244839078783
32.43543 -18.38360721839271 -6.575037990292618 424.2587378065292
32.53952 -19.19975483386429 -6.510671337065769 423.6216659906511
32.64377 -20.030157184867818 -6.440886714525956 422.9174421471399
32.74802 -20.870680743861442 -6.370958653028946 422.15345702754763
33.16477 -24.286786290496053 -6.053961200129617 418.2440651729595
33.37314 -25.886883504528072 -5.907861326878441 415.7795040424379
33.47742 -26.64661533837392 -5.832592070666859 414.43853388018067
33.68577 -28.08921202237147 -5.694618979130578 411.50086019650627
33.89415 -29.394885263367343 -5.5580528437821535 408.2610653208016
33.99828 -29.98939964300625 -5.504737756773807 406.53160069026785
34.20665 -31.008879570252034 -5.37231590227541 402.83242552970944
34.31077 -31.431254955119982 -5.30856762304407 400.8786479868476
34.41489 -31.789237861696606 -5.255457415008809 398.8574344229257
34.7274 -32.50857198064631 -5.11553173667951 392.37990946332025
35.04002 -32.67596079808306 -5.018712216614451 385.3301903915006
35.14415 -32.61177362808802 -4.982326620759273 382.86606652388537
35.2484 -32.492064632736664 -4.959221633820443 380.37593241426407
35.35265 -32.31498185536084 -4.933038538052747 377.84198744864887
35.45692 -32.09884923733415 -4.917328809416395 375.2743509622306
35.56127 -31.85960767388782 -4.902915412880731 372.6684427375778
35.66552 -31.62261257063535 -4.887323195998405 370.0206855177601
35.76977 -31.3709711219406 -4.855350293698627 367.3285789825636
35.87418 -31.12293405093549 -4.834423562242639 364.60829599152976
36.08252 -30.652732779561603 -4.788890078074709 358.97981347468107
36.29091 -30.205093128396655 -4.75036399896356 353.221300480292
36.39503 -30.01505458549528 -4.732797431640101 350.3319811395868
36.49915 -29.845771522190947 -4.709413594755661 347.42935742329877
36.70728 -29.542272239181166 -4.6646200522188925 341.55018486600864
36.81128 -29.41282299341693 -4.634989394430739 338.60236374720984
36.91528 -29.30713420874298 -4.605848220860976 335.661029663305
37.01927 -29.20745673390249 -4.571051296757508 332.71228554102726
37.12328 -29.14225625101723 -4.534902897286761 329.7490715705689
37.2273 -29.073835960528033 -4.492663963346217 326.80107835618037
37.43515 -28.96335752614606 -4.40044663362025 320.86704833021463
37.53903 -28.90813879947635 -4.370890505007982 317.8699120773389
37.6429 -28.82523125321184 -4.346519620674198 314.9241223436523
37.85053 -28.777411561240346 -4.226434443620336 308.92611902811586
38.26578 -28.704539400321973 -4.127725091510346 296.93540162992025
38.36953 -28.731131921057568 -4.085347142598169 293.93229972109344
38.47328 -28.758161033967202 -4.04207627508596 290.9082096978187
38.57705 -28.761931390945907 -4.007830561759134 287.8640491247189
38.78465 -28.7163766668556 -3.9096902774299904 281.83675337795296
38.8884 -28.745709016078067 -3.8475810862564703 278.75281220056974
39.0959 -28.785844398319412 -3.7247351291136663 272.6236978203119
39.19965 -28.815122482600877 -3.640110491798592 269.637938743362
39.3034 -28.828630287000742 -3.6011663061472703 266.5658068559929
39.40727 -28.87980328153634 -3.5373866402785605 263.5064405321993
39.51103 -28.946389054324946 -3.496031600234417 260.38644272527546
39.61478 -29.00637952405647 -3.454329435059737 257.29903129395
39.82215 -29.196122761783116 -3.3018732700628757 251.06076371950644
39.9259 -29.376206129823327 -3.231987997258593 247.85459825272386
40.02966 -29.541628121536043 -3.225191771689059 244.68207875076052
40.1334 -29.821613954052374 -3.2140030881742234 241.46547845653848
40.23704 -29.95445530573984 -3.1312360196138913 238.42362282291822
40.34078 -30.13620808591235 -3.03281742679876 235.3314876663924
40.44453 -30.321144669172302 -2.8477315347637067 232.29638604618953
40.54828 -30.706763850634438 -2.597141557545448 228.9960446798406
40.75578 -31.504500048777263 -2.422470982371288 222.41020101599372
