0.0 -0.0 -0.0 -0.0
0.1044989 -0.012075070400660168 -0.021102824980705336 1.3094883794394236
0.2077935 -0.01838255009657602 -0.03940428964066709 2.625300396122852
0.415494 -0.015835021991869147 -0.07067815472305368 5.236264606893643
0.6234014 -0.011224875137273632 -0.08854114957184096 7.821759598980604
0.8311796 0.02265502047348307 -0.08966252777992077 10.432626868195719
1.038877 0.09075961474887975 -0.11041113826232987 13.031632853957085
1.246636 0.13766870382421892 -0.14417950879845035 15.630377539791244
1.45441 0.1887334986278047 -0.2123927498997119 18.192821187127585
1.662157 0.2998280379674796 -0.2707037226797854 20.791795314293726
1.87009 0.44704840463855705 -0.30637546420457484 23.389548037508522
2.077874 0.5785305671529503 -0.3292510773675345 25.899283491846
2.285652 0.6008694363995012 -0.4256451918434269 28.282730807037762
2.493488 0.644299431922898 -0.5251049653854837 30.7596377272532
2.701441 0.7535813263453566 -0.6597037440575865 33.21478766623466
2.909338 0.8691212631753742 -0.7679845054128323 35.676347968306374
3.117132 0.9596911765645466 -0.8527200803350705 38.15350393451286
3.32499 1.0771226177758708 -0.9400703354558619 40.645308292660616
3.533061 1.1474313845338266 -1.0036092255966205 43.00937078489491
3.74087 1.2323218870363117 -1.1152689700647476 45.35261525310203
3.948871 1.4768355825315338 -1.25332665271682 47.78741851995876
4.052745 1.7354965423949167 -1.5316653849635298 49.22371401165577
4.260741 2.1530920917782606 -1.7981476919897939 51.75358824786488
4.46862 2.6491010845337426 -2.0989016341720315 54.264168739699926
4.676494 3.0930756372248505 -2.3942487919741313 56.41575043311983
4.884244 3.6551278686321096 -2.7555763269972804 58.65494193836086
5.091994 4.423301307937546 -3.273552404694759 61.06165741844408
5.195994 5.266936697461715 -3.73784585299444 63.61452334041609
91.43995 5.704731220434779 -3.843925826763952 62.16310288450899
91.95883 11.585653599114584 -6.015715878314673 69.30521163458681
92.16632 11.426776889545968 -6.165147902457335 70.84355539260201
92.27007 11.164024540353008 -6.083184964065049 71.55590668016738
92.47758 11.483762520338123 -6.3881513335230276 73.56938172293943
92.68507 11.941297610783243 -6.698474821389648 75.78670838369514
92.89258 12.098923033423466 -6.765067806052451 77.66092147114165
93.30783 12.482364090467119 -6.93238456981384 81.55721044690313
93.51545 12.677520332974197 -7.119536930690392 83.60550082662219
93.72308 12.869698946955058 -7.313478280149438 85.69418946859713
93.9307 12.820713359080958 -7.639655222779409 87.6184857100848
94.13845 12.814746282838446 -7.661953993900773 89.5673927656103
94.3462 12.689542649910763 -7.633609244826392 91.4682550612869
94.55395 12.580771260833352 -7.630704348850339 93.36117557680626
94.76158 12.427254439650248 -7.563695372452227 95.20211672874906
94.96933 12.20454547710893 -7.474703285062733 97.05357685273758
95.17695 11.94213152378671 -7.392956369445647 98.89344869139556
95.3847 11.584469369686765 -7.335037163404502 100.64106612638724
95.59247 11.180873036111137 -7.252395053660522 102.48248747084381
95.80033 10.698984968786313 -7.151166561944365 104.17395655001388
96.00846 10.165156079525062 -7.030792707548253 105.95469183891954
96.2166 9.65507301613603 -6.978340974222667 107.76880810796405
96.42472 9.096412663549145 -6.911742659597683 109.63014405758157
96.63283 8.564647305416784 -6.844581513650844 111.4739597671419
96.84083 7.981671308552066 -6.775745367742208 113.40829907456913
97.04871 7.316591179140794 -6.733149828499852 115.2554376403239
97.25658 6.57801183958901 -6.7596392123667 117.21800719189251
97.36058 6.162511638996804 -6.811560879205465 118.16839784385665
97.56833 5.291246916623145 -6.859981793208295 120.00833161195357
97.77608 4.307168375502798 -6.886565326321719 121.85993159554985
97.98358 3.2527067539881216 -6.865980536352442 123.71647488832923
