0.0 -0.0 -0.0 -0.0
0.1037595 0.0628463526318296 -0.033889275534336204 1.5321852671194875
0.2075901 0.20292457880965342 -0.061273992303440786 3.059190713592033
0.3116055 0.40115593949575246 -0.10025348431790085 4.575150582815191
0.415086 0.6707856266600251 -0.13921176378475308 6.102845895060979
0.5188692 1.018354281409506 -0.18784673747537495 7.6098702288896645
0.6226876 1.431320210343632 -0.23751273030227865 9.091803554994536
0.7264318 1.9177439308563793 -0.28326630554315974 10.55292813720731
0.8301706 2.4756417523316623 -0.33114224294809685 11.987216887333977
0.9339528 3.0924657039852166 -0.381023359555387 13.410857661569345
1.037695 3.768594982910397 -0.4417763998796585 14.790102488486975
1.452734 7.102050348941625 -0.6671229084369326 19.970334853510185
1.660095 9.126790272180106 -0.7720129355162957 22.31589618026661
1.867714 11.382457046017906 -0.8792998068325959 24.4850154829863
2.074937 13.839317039778447 -0.967054027880786 26.43480049171265
2.282428 16.50296485199022 -1.056856988673652 28.164090375937455
2.489649 19.360495889721783 -1.1407761250794324 29.65922217451356
2.697006 22.363507021494257 -1.2192334984096143 30.97023917483424
2.904387 25.523760307438156 -1.2828578598348674 32.06164512656157
3.111717 28.758926408930932 -1.3391249749959124 32.93309936861642
3.215334 30.409437294611898 -1.3622603615977655 33.291175927049544
3.319074 32.11341363872545 -1.396794442802472 33.59646189174862
3.422811 33.83232735811442 -1.4168837451025804 33.85508726940314
3.837524 41.108985480239085 -1.4815056261277213 34.39074965051283
4.044901 44.9170879676907 -1.4949980170813557 34.36482065857553
4.252293 48.83949282851562 -1.5118907962970012 34.19926261626382
4.459609 52.82795198364188 -1.5118913346646772 33.91128615142941
4.666947 56.8247541854457 -1.495705930930482 33.58525526108937
4.874319 60.973319927031916 -1.479647801328654 33.12406655156974
5.081656 65.29284825394826 -1.4601386721951721 32.60184497073067
5.288943 69.75387200428979 -1.446515977345333 32.0061131254595
5.496314 74.3519887469515 -1.4350535057644358 31.367824438613624
5.703641 79.1084865510865 -1.4119119359506405 30.69457925947126
5.910955 84.06743071716217 -1.4086276135862121 29.92199354247576
6.118447 89.15984843588156 -1.3815449723618902 29.1018409396161
6.325669 94.28530836391538 -1.3741275957459074 28.355394297997552
6.533021 99.64327706781648 -1.3790610287590315 27.58411618880141
6.740399 105.16983357624423 -1.3776009097144475 26.76445328405989
6.947755 110.88658236966286 -1.3665118315037583 25.90350802547964
7.155209 116.60570182268856 -1.3718774762311299 25.127373617939057
7.362568 122.4885633674385 -1.4092979976491324 24.258977588625726
7.569925 128.3930649819647 -1.4031077770630345 23.505952489800897
7.777286 134.4946925097597 -1.3720770336876806 22.702054709444283
7.984696 140.6942958325701 -1.3726608149843251 21.845587767542934
8.192118 146.99338255962738 -1.37557268277702 20.98878742471539
8.399546 153.48724456475526 -1.3933733663454912 20.084699712131936
8.503235 156.74890360214394 -1.3865199509192436 19.62175507961164
8.606978 160.05876581721796 -1.4035148491697067 19.14729605805781
8.814436 166.6929765546435 -1.4149573090083178 18.15384266659061
8.918107 170.06348448419075 -1.4082388297705122 17.638584433288965
9.021867 173.4656909667057 -1.429792892186148 17.08356739223578
9.229148 180.2588883340858 -1.4468383927062072 15.972966796243448
9.436507 187.0944504101966 -1.4965884819765305 14.741926264531962
9.643856 193.9453240553353 -1.5042815003739611 13.492883355112447
9.747566 197.43219395494648 -1.5270952331330578 12.798011000392634
9.851216 200.91695953612785 -1.5390275801671884 12.078748687689135
9.954854 204.4198744330375 -1.5519980229242734 11.336150474786542
10.05845 207.9303056153448 -1.5622048958562487 10.574155892673133
10.16227 211.4626231131398 -1.576625130347487 9.789401690626775
10.26595 215.05853127365873 -1.593245795761879 8.978156804975313
10.36954 218.6075264158937 -1.6187109552121175 8.170241245798792
10.47333 222.1913869045373 -1.607077788890542 7.334854441226604
10.57701 225.72700149867217 -1.6194834050821987 6.4350626033750515
10.6808 229.60635358444955 -1.642186491975101 5.454830994108761
