0.0 -0.0 -0.0 -0.0
0.1037595 0.07803662283233558 -0.031991100754219425 1.8366339614540534
0.2075901 0.24172027466503165 -0.06847512473383165 3.665339972352304
0.5188692 1.217079187088582 -0.21519195938595082 9.072680721187151
0.7264318 2.2868228341555463 -0.33835632459743065 12.590450522874226
0.8301706 2.939207086445778 -0.4000998889538606 14.29272879828593
1.037695 4.4786696113931175 -0.5304435042366449 17.63253092655058
1.245136 6.31932705858478 -0.656486494331649 20.808480112263254
1.348871 7.350212099238351 -0.7194568972527976 22.328870291492745
1.452734 8.446469258246783 -0.7788624253996503 23.78640340163099
1.763837 12.179519994907029 -0.959986709989664 27.87281683009706
1.971323 14.939037883798935 -1.0815172001382178 30.293035644412093
2.178679 17.948924783875093 -1.1993607780770987 32.46771399676939
2.386034 21.19320138470116 -1.296416479721132 34.38056858154836
2.593387 24.610603557005 -1.4072256912011225 35.99865344094713
3.008111 32.00826382736449 -1.5987853376642351 38.52167281634368
3.215334 35.88361413186437 -1.6725796097894294 39.42928821161396
3.422811 39.88631851114094 -1.7322535855090073 40.09947968302598
3.733924 46.1935216523354 -1.784348087699126 40.694207597185446
3.94129 50.563608469629315 -1.8043462553772431 40.79085551843913
4.355974 59.671560598401484 -1.7980869271839655 40.47277516579726
4.770559 69.08752420030908 -1.7866164803386324 39.67025743603433
4.977967 74.0227303143989 -1.784694203278522 39.10845798829668
5.185269 79.13209776036292 -1.7818595304351312 38.4539221819742
5.392622 84.42337144503223 -1.7889686762137134 37.73825140364765
5.80734 95.57030266063236 -1.7762763820676222 36.11449163523055
6.014715 101.36786172445531 -1.7499044833266195 35.2366769910891
6.221927 107.35035921705663 -1.7536309159785786 34.32716979044641
6.42928 113.54219391073235 -1.7583259390814485 33.410266091333455
6.636673 119.92270707678485 -1.7385795413435798 32.449113042970524
6.844097 126.42296198275923 -1.730846395513405 31.515260740049023
7.051471 133.02455603806382 -1.726686867839161 30.592349752681695
7.673572 153.6553822533769 -1.7430788660535348 27.633566425414827
7.984696 164.34566295312882 -1.7457732084349389 26.1174214651684
8.192118 171.60799273204023 -1.7510898286759111 25.088720644222143
8.399546 179.01414867935938 -1.7783236825454156 23.982216772001387
8.606978 186.4899047168462 -1.8055846295473925 22.89484532361426
8.814436 194.01346419203867 -1.8258255829311392 21.749378844692597
9.021867 201.64317301717327 -1.8912837306110277 20.5663234524364
9.229148 209.29928065566045 -1.9349548126540586 19.29910829342603
9.436507 217.04852428452674 -1.9741095742110808 17.90591537825727
9.643856 224.85272621413029 -1.992515989451349 16.449677488463117
9.851216 232.72507835356762 -2.017282361698661 14.880842902383328
9.954854 236.652678875586 -2.0361284354420537 14.05938048355305
10.16227 244.50591309241625 -2.0636392807547677 12.356935592020413
10.57701 260.36365960114654 -2.1114314620067405 8.559193495333098
10.78449 268.33011873079136 -2.1246016944066293 6.534348283301782
10.88838 272.3418793170724 -2.1187363821618543 5.484143128126121
11.09628 280.3605939904129 -2.1723877713734248 3.3903904013458686
11.19965 284.406662451602 -2.197693532557092 2.3101168513225048
11.30336 288.4513919655184 -2.2265242274122605 1.229242467307472
12.02865 316.59874768165184 -2.4263319916033943 -7.173473727979427
12.23595 324.76371229940634 -2.4695470559143056 -9.759930168311442
12.54685 337.05291321742965 -2.560879614102305 -13.793550356558399
12.75421 345.26306094726516 -2.624211249999562 -16.57557248414254
12.96145 353.55543646523614 -2.6660238730300527 -19.44671738988714
13.16879 361.8411525934239 -2.7075710701217752 -22.36275848662048
13.37617 370.14730861067727 -2.7656813689502275 -25.32694040741525
13.79073 386.8594754908583 -2.918364015565687 -31.58349300841398
13.99845 395.2475755597916 -2.996799199297475 -34.818795367415035
14.20592 403.59653623144203 -3.0969452159899236 -38.116741944170116
14.41287 411.95719200126877 -3.192737663731134 -41.521288879112774
14.62033 420.32279499527476 -3.2672714200223387 -44.965551159676664
14.82739 428.688639687741 -3.3376545635316752 -48.46290306972065
15.34573 449.4561286524722 -3.6320595324383183 -57.471221634338505
15.96778 474.26570897074527 -3.908379330377466 -68.8840718172296
16.17517 482.4603650573313 -4.018700056797704 -72.82194221352435
16.48621 494.67291232343774 -4.125907814127285 -78.95849613853284
16.69338 502.7639200493929 -4.197819790624267 -83.02926861562332
16.90069 510.8261924165915 -4.280694667546273 -87.27532745651868
17.10793 518.810619710441 -4.358462334789746 -91.46186446636835
17.52274 534.7771486730876 -4.603525941729908 -100.46793263807803
17.73002 542.8033351228639 -4.61528643658983 -105.18258240309669
17.93782 550.8463634674805 -4.680391560408298 -109.6095935102199
18.14461 558.8185386617052 -4.753896801461006 -114.13103836536217
18.35182 566.771743340403 -4.786664192807647 -118.57217210689453
18.55914 574.7492474833124 -4.812231233841791 -123.1652446634921
18.76628 582.7094269026171 -4.761471760112485 -127.75548050539055
18.97353 590.6858902756982 -4.709239241235908 -132.51647299601305
19.38822 606.289237684707 -4.545639116038471 -142.34429933850615
19.49184 610.1007182062586 -4.506749840561541 -144.80732113313283
19.59546 613.7747372556746 -4.4930177487835845 -147.18076111746353
19.69907 617.5515884129687 -4.5124384813903236 -149.86731271442827
19.90642 624.4941541819612 -4.377611520380688 -154.50555634708113
20.11365 631.419377316343 -4.358475603417218 -159.48250191106885
20.21727 634.6854817244727 -4.460956701549469 -161.5800315948701
20.4245 641.191065090047 -4.661495941345903 -165.96694078477248
20.63173 647.5864192284898 -4.84436964711689 -170.28958378762024
20.73535 650.7565443628138 -4.950917464001312 -172.52002156192125
20.83896 653.9280025436237 -5.029136221763598 -174.72989749813553
20.94258 657.0797644274992 -5.115438218378015 -176.95776010248252
21.04632 660.2255222627632 -5.223446460543536 -179.21027221540754
21.14994 663.3447558723207 -5.310033531930148 -181.45918289190746
21.35717 669.4953032048545 -5.466698178422135 -185.86883644541865
21.46082 672.5219939363354 -5.583879251542679 -188.12744186357136
21.56462 675.4952818564001 -5.661099441027628 -190.28584283509005
21.97904 686.9543879231361 -5.974933132557018 -199.09528772179831
22.08265 689.8411206020122 -6.013372395884323 -201.46653352916772
22.18621 692.6596160074492 -6.062812095643137 -203.82660298748905
22.60085 703.756847028621 -6.153665702180655 -214.19407963213794
22.70444 706.6383839181833 -6.222391473213798 -217.00594015884332
22.8081 709.4352141187201 -6.278609302167217 -219.97177839398478
24.363 742.7507255399609 -7.393234361446332 -258.893944615282
24.46662 744.297829933238 -7.314817146087723 -260.8110620458011
24.67387 747.8125917587245 -7.054647932607436 -266.0506288738189
24.88121 750.591289498195 -6.793899138084505 -271.4446825153927
25.08832 753.4369537542457 -6.26243770270284 -274.3244276305896
25.19195 754.5518316768344 -6.10634023262841 -275.45565246809974
25.39916 757.7907998604642 -6.68329918653431 -276.68577667170354
