0.0 -0.0 -0.0 -0.0
0.1036117 -0.002977486420472906 -0.01352782050018129 1.0871570563098822
0.2073529 -0.011895815799686422 -0.027564196608126507 2.1719619402625128
0.5199468 -0.040699868186532956 -0.06100618042938463 5.419617669817195
0.8294654 -0.08671301226697678 -0.09209062738477028 8.646074923763667
1.036778 -0.12811641451157177 -0.11990973294189924 10.77823347490945
1.140398 -0.15010220085138157 -0.13421501966569682 11.840352242246826
1.244137 -0.17256838054237397 -0.14772165653004304 12.910748087748154
1.451492 -0.22251898040222826 -0.1636921700302778 15.013574264552815
1.658847 -0.2688452138869971 -0.18194234918671515 17.102264958971503
1.762586 -0.29264820483243803 -0.1923464932445314 18.14101036743783
2.799368 -0.5144708337116544 -0.3194692184099368 28.14058498901888
2.903108 -0.5312092266929267 -0.3322620729381884 29.084754416456832
3.110482 -0.5563431067487615 -0.3504405542609401 30.92521870919117
3.732909 -0.5615166899225946 -0.40078895232506884 36.2661097268686
3.83666 -0.5457279629198818 -0.41378996376086014 37.12619625705035
4.044264 -0.49571009296110824 -0.43626474164380213 38.817162947166956
5.497872 1.4137030796293288 -0.5167961437648744 49.419135712388766
5.913083 2.569986470743288 -0.5387121513913286 51.938923587210496
6.120823 3.257787964500647 -0.5494692373711114 53.13531893839604
6.32844 4.019386155717221 -0.5579191459102898 54.25801988416963
6.743256 5.75763743390679 -0.5811838230435745 56.28882981124124
6.950676 6.718145852099202 -0.5966087895804972 57.1964159129693
7.158126 7.748980644231526 -0.6160519279872515 58.038433988219225
7.572928 9.998531272875674 -0.6731965277143583 59.502109588493184
7.987818 12.509599616791313 -0.784192261701823 60.674242551592044
8.195302 13.852727504880306 -0.8315436297409804 61.121075804181686
8.40273 15.247493065737176 -0.8785206616511592 61.45763454420907
9.024545 19.604436795840098 -1.0452464726891393 61.87307182672908
9.231657 21.105598309429542 -1.1081003162340979 61.862775615140336
9.438799 22.619162137732705 -1.1667375995938896 61.796996934828215
9.646095 24.13169691146583 -1.2351950942644225 61.68441664113348
10.06045 27.177294586585663 -1.4169061517774895 61.42542956472228
10.47504 30.277226323993776 -1.6403443127435255 61.138011202233464
10.68242 31.82855326148501 -1.7531835203882231 60.98898205425064
10.88987 33.40175198862534 -1.8689897480484043 60.82725072618375
11.51214 38.24036692022966 -2.266961359958512 60.28369047449305
11.71955 39.85938544613853 -2.4090913251849693 60.080728707810486
11.92703 41.49796827256553 -2.5494844151951934 59.87537296791349
12.13451 43.14662820300615 -2.6915138064767716 59.680052505353096
12.54922 46.46735458578407 -2.989701580685395 59.28177421570629
12.75659 48.15344763982695 -3.1249475954188335 59.05868510046208
12.96381 49.8393227642282 -3.246453448624697 58.83151141270315
13.17118 51.54102920037164 -3.378385272153442 58.6200384703709
13.37865 53.2752204893228 -3.516796991713816 58.406064544833114
13.58601 55.00631245260672 -3.653076690383963 58.20036343714414
14.00084 58.49202647878141 -3.9266359361802525 57.78691712102517
14.20807 60.247071178098246 -4.061847749062887 57.5871879225282
14.41543 62.02573655896574 -4.2069479217854076 57.37557072766309
14.62278 63.81786612506214 -4.355201118460917 57.164811858380396
14.83014 65.62078482803284 -4.493102344850408 56.95188659251072
15.24485 69.28555841139615 -4.78376229289211 56.53303237773029
15.45231 71.13796880977543 -4.92024303612658 56.32975608922274
15.65967 73.01965216936868 -5.072992996907549 56.14113752833197
15.86717 74.91065228526965 -5.224215698058257 55.95794589830255
16.07463 76.82674671041892 -5.365755691081648 55.761907068252704
16.28215 78.74768369676039 -5.514871712276983 55.56689307875606
16.69699 82.57967837286628 -5.793841588839126 55.141557840097484
16.80059 83.52820171496448 -5.8685277932488615 55.03325346490194
17.00813 85.42979515873468 -6.01651032119074 54.79000608712637
17.21568 87.3276475488981 -6.155129008602053 54.49275352281691
17.63064 90.9956107939616 -6.441703153781024 53.75963699350001
17.83799 92.8007378633016 -6.5952653313391245 53.31651946126219
18.04536 94.59904956788881 -6.739873785152042 52.822103045312616
18.25283 96.35380126058526 -6.881773711636082 52.265111939940766
18.66742 99.79064191254731 -7.180746667117122 51.004840402975034
18.87477 101.46797079940445 -7.332211166300168 50.30840266900649
19.08226 103.12666259648489 -7.487688767688124 49.54425648441135
19.49684 106.42007767549745 -7.806614383781961 47.839923757700895
19.7042 108.0188690508921 -7.971044469486115 46.895598915543836
19.91155 109.6029984053487 -8.13718287487646 45.877302589961026
20.11891 111.1659194777033 -8.306234246605769 44.784019647043955
20.32614 112.69298289692242 -8.473662153692727 43.62724591051714
20.53351 114.17980916720906 -8.640881686163095 42.42781106954706
20.94799 117.06534396513257 -8.96822403191891 39.78292208410555
21.15531 118.43015730959357 -9.137927425358843 38.342905706933976
21.36266 119.71445212068235 -9.31207899729919 36.82729484641563
21.7775 122.01658129706408 -9.67102164387927 33.644353531590426
22.60669 125.82031939872765 -10.429527706199654 26.65201228088355
22.81379 126.62110783125489 -10.623196858800558 24.81494150637114
23.02116 127.37737123199261 -10.809332941792622 22.95281056039814
23.64273 129.44747094365894 -11.350600269929325 17.28684957197534
23.74645 129.78703701844415 -11.43788456432736 16.338381152200387
23.9537 130.4404971279809 -11.614533881786983 14.426112100493363
24.0573 130.75951884074627 -11.705335377157656 13.472988572247761
24.26453 131.40308608878007 -11.89445039849538 11.577683567728982
24.88623 133.38911687734154 -12.466491595882086 5.924746741867473
24.98985 133.73596024341472 -12.55566189334914 4.997900055275444
25.09357 134.07933025217477 -12.644532793233155 4.080304467360136
25.40442 135.16749692401936 -12.917264611600649 1.3216536768626455
25.50805 135.55345656342217 -13.006639873666561 0.41171517120271517
25.61167 135.94963650947136 -13.097285747513752 -0.4897675818765066
25.92279 137.21979532543455 -13.365866520545378 -3.1579395241233215
26.02649 137.6641404063413 -13.450657598689268 -4.018575933042641
26.13016 138.11736826888128 -13.543245595357735 -4.873618622596062
26.23385 138.5798294185459 -13.629087837585338 -5.7015232041880495
26.44118 139.53914938935398 -13.802886645130641 -7.347648236786284
26.54482 140.0328865983477 -13.883140239492574 -8.145706667089101
26.64853 140.54291089557492 -13.968077227339727 -8.943786128045268
26.9594 142.17098224503442 -14.192872194152663 -11.236912842956215
27.06308 142.74145003335948 -14.262711804029099 -11.974595084024202
27.16666 143.32175797135267 -14.335241784909126 -12.689732798595642
27.37399 144.52070157512867 -14.479411777413059 -14.046537394404112
27.47773 145.15368766148347 -14.550775931997219 -14.711326050447667
27.58157 145.79576339940763 -14.623355044504743 -15.343908728718446
27.89284 147.83806653555746 -14.833597521925222 -17.146521180710117
27.99666 148.54961880188097 -14.90459216234002 -17.70757199075672
28.1003 149.27771233122286 -14.972464130519139 -18.25374226557377
28.20406 150.01953747640204 -15.044968978589605 -18.77443597614519
28.30778 150.77417499428765 -15.112273645436922 -19.27650821695896
28.41162 151.54502325336568 -15.17824245806353 -19.75051027211356
28.51536 152.3273854650342 -15.24542456872555 -20.1944179312397
28.6191 153.13423424376396 -15.318303269944712 -20.629393017887963
28.72284 153.9518899174284 -15.384800657887073 -21.032563999000892
29.24155 158.2729912553247 -15.733236463383346 -22.644703404152008
29.34531 159.18388886670047 -15.803449909041436 -22.879692482529933
29.44916 160.09871604945437 -15.874619305416307 -23.085911876434118
30.27923 167.4731528014315 -16.403872817879556 -23.51486435258016
30.38299 168.41827725420902 -16.471657145900938 -23.42711826017782
30.59036 170.2828511433542 -16.604966534686632 -23.165163460772217
31.1089 174.95988284831716 -16.9476794863427 -22.008326223139868
31.21251 175.8739174613717 -17.019443651375127 -21.688076848501908
31.42004 177.71320360096826 -17.166599739364386 -20.950263936393206
31.83485 181.26936691059677 -17.468308071453663 -19.129238817666902
32.04232 182.96224429615597 -17.63230878797592 -18.040843714092063
32.24997 184.61218518993098 -17.796535270722494 -16.86822362796397
32.97586 190.050680115835 -18.323972639635453 -12.11568510628156
33.18321 191.4799216624134 -18.474684942009258 -10.596280126162867
33.39056 192.85558754905995 -18.624084736994398 -9.010305567068556
33.80503 195.48505710719033 -18.9407790182878 -5.599684677542243
34.01226 196.7440418265095 -19.095134251894393 -3.806891154953661
34.11588 197.3575434769958 -19.17769707472589 -2.8973346277084744
34.3233 198.55897648810347 -19.332660674844348 -1.028573132656092
34.94505 202.03416961907652 -19.80312893340692 4.71005705739293
35.15228 203.15844832000045 -19.957163525999995 6.664761098066023
35.35955 204.2645462687525 -20.11030127920793 8.634996283548688
35.46322 204.8136149750055 -20.18535248920802 9.63614352383982
35.67048 205.90114198085297 -20.332579496512466 11.643771417352895
36.2923 209.17165680459328 -20.803776540979587 17.704558586943037
36.49966 210.26684060646568 -20.95156217312981 19.72461191745448
36.70701 211.36257994439435 -21.10840518508767 21.74074964367047
37.12185 213.5482170768135 -21.418208060030263 25.802872338042008
37.32921 214.6531946933167 -21.568963763568203 27.84277200098026
37.53643 215.7642476715813 -21.71908895639492 29.902544050140506
37.74368 216.87753137340053 -21.87477294157576 31.973327643790938
37.95104 217.99476974838018 -22.027979406974115 34.06016252543856
38.15838 219.10682408292737 -22.154779793197534 36.13244363595639
38.57322 221.31279740395797 -22.41656780263082 40.22753507507835
39.60976 226.46607756518853 -22.952009069891307 50.29778141675608
39.81725 227.42272679957298 -23.06077699666027 52.244867361383896
40.0247 228.35494619214677 -23.17787911923582 54.15290825852773
40.43955 230.21542252373072 -23.44736949001589 57.912815188038536
40.85451 232.18486891380218 -23.69855274594636 61.51939489495108
41.06199 233.24464983153564 -23.811164563866324 63.2814186922666
41.26947 234.35541160630936 -23.92543550328063 65.01405914521959
41.477 235.52836282367716 -24.050209200061452 66.69926517808045
41.89194 238.08809511343605 -24.311281012269824 69.87073884743229
42.09952 239.4675206563768 -24.42988822250218 71.32405852399543
42.30701 240.925443334377 -24.555650464187462 72.6876249615083
42.72209 244.02889901353257 -24.8042452327361 75.05324159141455
42.92959 245.66872375009584 -24.915593945191667 76.05560303026147
43.1368 247.3691026421115 -25.03104072672956 76.93579136100618
43.96657 254.6004864031211 -25.539328936570975 79.17943074466555
44.17385 256.4672553753098 -25.654140392817673 79.40766026315471
44.38131 258.3493987681409 -25.77546414187939 79.50533348460243
44.58866 260.2370693144265 -25.89806232091753 79.46700180696338
45.21061 265.80595529547946 -26.29603442832724 78.5567930758359
45.41797 267.6032984642434 -26.412366993993498 77.96212321229214
45.62533 269.3427795173577 -26.51965733695334 77.23931957645723
45.83269 271.0336578760343 -26.619961450419225 76.38361948012646
46.2474 274.29641848874076 -26.825482309887466 74.2848163264334
46.45482 275.8338579304001 -26.948703620729336 73.02092437872334
46.66199 277.3006312801049 -27.07363549644833 71.61529085213849
47.07656 279.93645925791446 -27.360744072666563 68.43342980307206
47.28395 281.0563905429983 -27.519574475646973 66.69683154797812
47.49115 282.0322455221049 -27.670094102891163 64.88087977361846
47.90562 283.5844301672148 -27.94827288366819 61.09283760032021
48.11286 284.16501721286244 -28.090335044832127 59.14408936867431
48.31997 284.64384428616546 -28.23792900611396 57.161510829846875
48.52709 285.0652033636658 -28.37711279591236 55.16718851468046
48.73404 285.4546389451224 -28.5184290438535 53.15875901086807
48.94115 285.8116855973039 -28.67189369923356 51.136374311467364
49.56296 286.6984103862828 -29.10040022143279 45.04861436781579
49.77007 286.91795466064747 -29.244763092436905 43.054032107574564
49.9773 287.12181152386745 -29.382655990041116 41.08194509588041
51.21994 288.9170227740621 -30.15431126974109 30.530523319807642
51.42685 289.4268133047195 -30.2667174469401 29.11612819230119
51.63365 290.0506130745339 -30.370967144025677 27.798001932476396
52.25473 292.698753970391 -30.61493357812437 24.574694509395187
52.46211 293.8070619240343 -30.653108317790316 23.772778599772124
52.66943 295.03649189189525 -30.675570852823782 23.09384432391471
52.77317 295.7021342276946 -30.680990436729733 22.803611226568876
52.98058 297.1553573778229 -30.68663354066953 22.329221079053752
53.396 300.3826925067379 -30.64670839128278 21.827544091674742
53.60412 302.12303567872544 -30.633651301304546 21.794606989204667
53.70798 303.0236528176875 -30.633961842593195 21.8270414621688
53.91571 304.8762982084644 -30.653285802244337 21.995731379221986
54.02 305.8121606124387 -30.664880061667077 22.12974673213663
54.12406 306.7518261427276 -30.678471010201235 22.29789329044204
54.5391 310.51753337188086 -30.76805955903886 23.27698295061782
54.74688 312.37857015345 -30.813586092497015 23.942408830503652
54.95453 314.19576142803294 -30.86705795616597 24.722544523446388
55.78433 321.0091674575905 -31.105152618664384 29.168889498644518
55.9921 322.4928711116586 -31.179899067011924 30.61209100379142
56.40721 325.1755621527761 -31.333978383606485 33.78726305427665
57.23726 329.63098869464767 -31.684158934059855 40.70955669455276
57.44453 330.5590025022263 -31.78054801848942 42.52851580797257
57.65175 331.40338907286974 -31.8706366685567 44.393159442563416
57.85911 332.1706933769019 -31.956504514431323 46.298250493115134
58.06628 332.83693111189035 -32.036615920803804 48.2551567660346
58.27342 333.3885819406111 -32.12286291301722 50.256225986529174
58.48064 333.830429356953 -32.21193389844481 52.301533039786236
58.688 334.15888708942794 -32.291137594462874 54.384898380958596
58.89523 334.37601048796114 -32.38146396389481 56.50838440648785
59.10271 334.4748243118023 -32.470929504759866 58.69079766072149
59.31044 334.4863145914254 -32.565064033721825 60.933027357766115
59.51804 334.4553257182758 -32.65091497900444 63.219102720498334
59.72578 334.3837295128984 -32.767405004915105 65.56896168935282
59.93338 334.2998576361364 -32.872836310506955 67.96018447383977
60.14087 334.19783750457617 -32.98567961540032 70.37594749741882
60.5557 333.92506235618754 -33.21970079619389 75.34677820007312
60.76307 333.76437486357526 -33.343488125060674 77.87647358029037
60.97054 333.5828524496887 -33.47761740266959 80.44389443907798
61.1779 333.3996107077041 -33.602007479321976 83.06145661152428
61.59274 332.98469113493366 -33.85783865447114 88.37720215956189
61.80009 332.75857958338344 -33.9878203437966 91.10107298864517
62.00744 332.5146763438444 -34.13144636607214 93.83976644154833
62.21468 332.2642508989216 -34.27973502521273 96.57709909692679
62.42191 331.99923838464304 -34.43676021308001 99.31047751996864
62.62926 331.71219103123286 -34.60708095828788 102.02992274971092
62.83662 331.39226546599605 -34.77302135931295 104.75085512037896
63.04398 331.0544146450624 -34.933321904457834 107.4555542175149
63.25133 330.70735166510667 -35.08719527657959 110.14721210956515
63.45869 330.33943199959526 -35.2312290358812 112.81914323238117
63.66606 329.9527747358831 -35.39344016713147 115.49896081136512
63.8734 329.54539635989323 -35.55473015583763 118.17759668746197
64.08088 329.1354351206609 -35.73197476098289 120.83107087471302
64.28824 328.75273542741934 -35.9187377217468 123.50495154574018
64.39197 328.5567925385859 -36.013346162957994 124.83983588987776
64.59945 328.15217717832417 -36.200166617235055 127.50195048762478
65.01429 327.35421202921185 -36.603972262409975 132.80043371280144
65.22189 326.98199398158357 -36.798366116573376 135.4570368894442
65.42913 326.6186657942297 -36.98645792744891 138.10548467936772
65.63663 326.25412996171474 -37.1745919555581 140.73617343898593
66.0512 325.5724751692246 -37.56129155194695 146.00352218898104
66.25858 325.2386408850275 -37.754767815121696 148.64927483124245
66.46591 324.9055427184875 -37.9445033819051 151.28892684101208
66.67327 324.57796031951034 -38.14267138803791 153.93471938744347
67.08785 323.9129586163342 -38.56786521316203 159.23453021281327
67.29536 323.5861397472635 -38.76598496392432 161.8834006422952
67.50269 323.26368680484757 -38.96503994154799 164.54598143585852
67.71017 322.9411739876894 -39.16801366440962 167.20678444616254
68.12488 322.30941184635776 -39.59554631999333 172.54738970533938
68.33226 321.99597937516614 -39.80023110220312 175.21355557265963
68.53977 321.6738575694575 -40.00212672525609 177.88862158982687
68.7472 321.3658754700357 -40.22197976224848 180.55084508722953
68.95471 321.10839284785783 -40.43888740700428 183.22383734389865
69.16218 320.87719077668237 -40.648103613450274 185.92669223408893
69.36965 320.6763795787807 -40.84867149955733 188.6233602980387
69.57713 320.50798002994657 -41.0475213180266 191.32856836853753
69.78448 320.3717668360625 -41.247051298027266 194.03171782612802
69.99196 320.25600127202677 -41.46470109195489 196.72898679871872
70.19936 320.165224869472 -41.66841985559054 199.44397520135277
70.40657 320.1116427437593 -41.86669502976052 202.14491612777877
70.61393 320.09277315879814 -42.0785026802166 204.84518415961742
70.82127 320.10562871430636 -42.30673394288532 207.5640130344526
71.02862 320.1551686559652 -42.515228414978296 210.29285769409205
71.2361 320.2300458546864 -42.7323405395485 213.01826681042746
71.65069 320.4281444350687 -43.15572130873382 218.48457843487998
71.85805 320.5805514626127 -43.38252984717568 221.2305414429325
72.06544 320.7777209804845 -43.58340042678749 223.9732506063442
72.27276 321.0002390305477 -43.79267844195307 226.7123145864932
72.48014 321.2630237187059 -43.990848236674765 229.4643221057699
72.68747 321.5698066089253 -44.18467981903845 232.2163211456588
72.89473 321.9067165425772 -44.38138660012376 234.96420947148545
73.10206 322.2676695716773 -44.57754382334457 237.7270235592464
73.51681 323.07446502644996 -44.928907213974824 243.24322174536488
73.724 323.52271509929426 -45.09715025518511 245.9941986173717
73.9314 324.02624744247254 -45.286573302295984 248.74668813910074
74.13885 324.5527154796113 -45.47116086439483 251.52709444885664
74.34632 325.12673995268534 -45.65158664127289 254.3020470088176
74.5537 325.76088759845146 -45.82665779583798 257.0643972610528
74.76116 326.4538058251126 -45.97069460967719 259.83884872586736
74.96854 327.19204554929877 -46.134036589848144 262.6112168650121
75.17574 327.9843016635514 -46.274379292178395 265.3732086318921
75.38309 328.79428103079346 -46.4159776648524 268.1147975368639
75.59033 329.6423971770738 -46.54628926378331 270.81965415582965
75.79769 330.52416714179753 -46.66802441842171 273.47869128472735
76.00504 331.4298176503359 -46.78857415222274 276.09535971482296
76.2124 332.3592692859303 -46.897840741384194 278.7037019729654
76.31602 332.82995488371967 -46.947052169564316 280.00458943315704
76.41965 333.30550188301766 -46.99703630214527 281.2970091742158
76.62699 334.2771883463166 -47.10121176041172 283.85742027971196
76.7306 334.7728549395664 -47.16214637961433 285.1372293362217
76.93794 335.77364775588455 -47.272416161007186 287.6815510861033
77.14531 336.7878588104069 -47.369410129746456 290.2325233038055
77.35261 337.8033511031373 -47.46326553173805 292.7400377924483
77.56002 338.8033172502385 -47.550421239663386 295.2248925354372
77.76726 339.8097916146967 -47.63974031269044 297.70179232837097
77.97461 340.81242627900144 -47.72621702415902 300.1376689458472
78.18197 341.803951471986 -47.80406705159019 302.54209806017155
78.3892 342.78411273907716 -47.88703437733599 304.9105825259644
78.59655 343.74849134162366 -47.96976268786563 307.2525167259119
78.80391 344.7200697207103 -48.04688385480897 309.57303019206404
79.01129 345.69080047791385 -48.11717949980504 311.87531353140446
79.42598 347.6369109156081 -48.24982727091588 316.4333726120284
79.63321 348.60415834511764 -48.31038358999225 318.74789055928153
79.84071 349.5785094110284 -48.35641807139413 321.0691624956133
80.04817 350.5642054440595 -48.411871839180094 323.41423938627884
80.25565 351.5812014625245 -48.47017564685869 325.7902202775976
80.46314 352.65067388717864 -48.516798662187014 328.16456107885915
80.87784 354.9777619532749 -48.592064096400925 332.891145778052
81.08508 356.1967770001128 -48.62800758054492 335.2777699824052
81.29246 357.4699347991276 -48.69376781500366 337.6535456579352
81.49966 358.80361886506205 -48.72305988844828 340.0660363931418
82.32896 364.51169604417197 -48.81842291424341 349.541961724312
82.53631 365.9932245678736 -48.83124274234265 351.8773572769784
82.63994 366.7316587447479 -48.83526659523841 353.02459568494567
82.74372 367.4676519866824 -48.837650252300755 354.1770453134451
83.1584 370.41418156964005 -48.83772694152879 358.74240930578446
83.2623 371.15589773274155 -48.84155827578858 359.8889870781806
83.4695 372.6480303077192 -48.82837035996081 362.1847123757486
83.67683 374.1253668114475 -48.80867873290232 364.47929593183306
83.88419 375.6205184234535 -48.834761229955056 366.7903702119947
83.98793 376.3836671263241 -48.83217534466266 367.9489876917195
84.19529 377.85565120827437 -48.81053516912481 370.2146705887527
84.40264 379.31550524068416 -48.81805979033572 372.4907143334282
84.61 380.7846333938173 -48.78106944337185 374.78722860312547
84.81736 382.2519528964102 -48.73788960105641 377.09006250833767
85.02471 383.69767036594726 -48.69127128795925 379.3715081692783
85.23209 385.1421178858213 -48.63838860503152 381.65607517269666
85.43944 386.57608405779774 -48.59050624903203 383.92750365408915
85.64678 388.0213296544477 -48.54151950495066 386.2077517672879
85.85401 389.47602335549334 -48.49270788191954 388.47038192147784
86.06137 390.9331951437181 -48.44008453861895 390.73460682451133
86.26872 392.39985699999795 -48.38309583379251 392.98482747378864
86.47595 393.8777569839259 -48.32782522942198 395.23468162729006
86.68333 395.36145252268966 -48.282226103586765 397.47689627557884
86.89066 396.8489071664609 -48.23685293618294 399.7096396796759
87.51261 401.35587879570926 -48.085121682519386 406.18721940780415
87.71996 402.81350894349487 -48.04709448325018 408.22855988240707
87.92734 404.27465910860593 -48.01773155860653 410.22615359740826
88.13456 405.69497870803 -47.97476715011298 412.21088905905515
88.34196 407.1042800909547 -47.92827171601114 414.1573516060432
88.54926 408.51146241353007 -47.89286701893156 416.07125277387445
88.75661 409.91782531536126 -47.8619439893434 417.9779335673628
88.96412 411.30263697205595 -47.80531789435646 419.8637463331563
89.17145 412.68334812363776 -47.795984971441385 421.6937128533929
89.37881 414.0443096508505 -47.76598472132081 423.5110807172766
89.58629 415.38092754589695 -47.7457752551755 425.2922971991394
89.79365 416.6818312428473 -47.72339001162111 427.04485697164057
90.00113 417.9714492794844 -47.70005726769485 428.76232338674265
90.20849 419.26272577545575 -47.678094653016345 430.44117295580224
90.41597 420.5295898405868 -47.65810314933176 432.07962844174574
90.62332 421.7658428399199 -47.64039634987139 433.6579605315686
91.2455 425.23387785512125 -47.56650493583409 437.9541201318451
91.4526 426.31750103372354 -47.555155039805854 439.2664207841629
91.65998 427.3802393720801 -47.545050845170756 440.55685921786846
92.6969 431.8747569462546 -47.51689196292874 446.1668859460101
93.11156 433.3590847389469 -47.52427506159745 448.0909154202911
93.31858 434.0555362405938 -47.53578895668677 449.05239179189806
93.93954 435.7329335686554 -47.56077259727968 451.97438344493366
94.35369 436.3383787861583 -47.550363340484665 454.09652154145476
94.56084 436.5091613402195 -47.542780424370264 455.21670867587
94.76808 436.55412147649906 -47.5183880416511 456.40019604977994
94.97543 436.49353448267124 -47.49450001342599 457.6214394284529
95.18292 436.3220964255165 -47.458727767557015 458.86117327101914
95.39026 436.01278352469876 -47.41129046919096 460.11772084489115
95.59775 435.60630534206405 -47.38419304270623 461.39295283972797
96.22082 433.804218003167 -47.28748233886397 465.2896966553536
96.63677 432.3192521891781 -47.18909502045736 468.09226624909394
96.84463 431.5356844274066 -47.12887221112203 469.55494144744034
97.05236 430.7354721094893 -47.071269586519136 471.05167505374817
97.6748 428.18789269780837 -46.88534645394421 475.77271125756704
97.88216 427.29472506326624 -46.817631226292086 477.4303047573254
98.08953 426.38435328806986 -46.74154665918315 479.1351909367753
98.50448 424.4945755115907 -46.58132891758705 482.6496194492395
98.71183 423.52589111672364 -46.49501652453141 484.4670257997095
98.91931 422.5419863564508 -46.40398066746488 486.292045892691
99.12667 421.5525984536583 -46.3119821031885 488.13067597462276
99.5415 419.57623550288685 -46.13056251809157 491.83691613256576
99.74886 418.5801911028929 -46.04046027560024 493.71210812389563
99.95622 417.59096393785893 -45.931721224517645 495.59620638802437
100.1637 416.5893211316529 -45.825736329523295 497.46510801251895
100.3711 415.586168865067 -45.74256639089022 499.3202467418763
100.5785 414.565960915007 -45.68102867536073 501.2122557926043
100.7859 413.5550343117993 -45.59604708553338 503.10315355825946
101.408 410.4776671395859 -45.3344478258728 508.7589196923717
101.6155 409.45211829414075 -45.24320776633752 510.6364655118075
101.823 408.4454810522201 -45.15220428280177 512.4703574833842
102.0301 407.47203232667596 -45.06626075364204 514.2481399333178
102.2374 406.5119136829083 -44.9827460247142 516.0034340741013
102.4449 405.56758848061963 -44.89834797004891 517.7346155911832
102.8597 403.76002479082604 -44.7458672455747 521.0121285552915
103.067 402.90963705391675 -44.676320173650325 522.5617604169329
103.2743 402.10208393475864 -44.60535476724356 524.0405020622547
103.4817 401.33821394271024 -44.53971788989641 525.4407033049745
