0.0 -0.0 -0.0 -0.0
0.1042283 0.0008880114143229171 -0.016808895489325067 0.5728071345170805
0.2084765 -0.009133137912148682 -0.03138186302094294 1.1468849279360467
0.3127291 -0.019734511280843865 -0.039492881953929186 1.7176288965689976
0.4169786 -0.024437336647457727 -0.046632575742356734 2.2831902583249883
0.6254761 -0.038863751726397694 -0.07242475902753873 3.4310798860424607
0.833976 -0.05355229171281008 -0.11430408623816446 4.606776578358657
1.042605 -0.08729502868252095 -0.14496091794927016 5.797483709687663
1.251125 -0.10179603776787723 -0.14997636579412094 7.035776273299728
1.459603 -0.10476068522069736 -0.1656052044584849 8.335600076312895
1.668106 -0.1370775153871972 -0.17995166335551294 9.705352749746707
1.876603 -0.17241156033204205 -0.17431655072479163 11.082176546546108
2.085105 -0.13192853463457194 -0.168103371960838 12.558158972234898
2.189354 -0.12426419027858554 -0.15083898157297698 13.330233167205805
2.293607 -0.11265935997687265 -0.15312658552178332 14.106873756674325
2.397855 -0.08156878786146804 -0.12801328528027556 14.897234481941505
2.502107 -0.06677548169905159 -0.11949933457355955 15.707605551116465
2.606377 -0.018872145823701725 -0.11848761546509731 16.515512075030824
2.710606 -0.011522821879636436 -0.12534554367355835 17.375934875598173
2.814856 0.06928592531754468 -0.1451150801803837 18.241411613397407
2.919104 0.06449132476499875 -0.1536947946936924 19.07599523562122
3.127481 0.11196671064747554 -0.2503063689998705 20.83334672839871
3.335979 0.17370948093255734 -0.3111986080836186 22.677468461258954
3.544357 0.2031270896583578 -0.390047066717799 24.531590357672226
3.752729 0.2127030915197241 -0.44691900767940057 26.36583123082888
3.856982 0.24565449510051884 -0.4919190310323288 27.32506204655277
3.961233 0.25592656466798147 -0.5293747409873588 28.26824499485095
4.065354 0.29194849030678593 -0.5468559052393556 29.25202282396216
4.169606 0.29262044981531066 -0.5766651329649178 30.173216227391826
4.377982 0.29812213222851724 -0.6362864108156677 32.070856611234795
4.586357 0.3274517779865158 -0.8264183886279726 34.072646551276506
4.794755 0.34439167754564726 -0.8104211255420243 36.04556570275312
4.898858 0.31569363769403624 -0.8351461974971086 37.09502681801133
5.003109 0.24901564841851664 -0.8742709067559584 38.120359179873226
5.107234 0.19543701000008284 -0.9144372260121889 39.210029969474476
5.211513 0.14600240720501323 -0.9825520216637236 40.24863278601913
5.315611 0.036630291423637384 -1.0081320410356216 41.400228902770955
5.419858 -0.005972310720543161 -0.9632856373362703 42.48852795860061
5.628235 -0.12825114169257423 -1.0791650503227568 44.650055861630996
5.73248 -0.18673084129612194 -1.1178289909322618 45.72180618117186
5.836733 -0.2290428324515923 -1.1704499617015316 46.77192497841462
5.940858 -0.3210053188339894 -1.2082125407301743 47.84427681419521
6.045107 -0.35748919107904475 -1.2998912226647952 48.8582185442415
6.253481 -0.43393174571400284 -1.3778571896974094 50.91101080399563
6.461983 -0.5257472597891719 -1.4624332778934965 52.945482230651486
