0.0 -0.0 -0.0 -0.0
0.1037359 -0.00320332219576606 -0.006684239053551365 0.8212889920484315
0.2073381 -0.015492839276316218 -0.013240835129660518 1.6657820209768166
0.3110752 -0.03551277481441246 -0.01769221664244242 2.5319677384472183
0.4146917 -0.05468190389131243 -0.027660432386512397 3.415177739712198
0.5184302 -0.0792828945505664 -0.03609129352706488 4.3213449218221935
0.6220448 -0.1104435251254916 -0.047764768631289076 5.252836786352061
0.7257977 -0.13966843021850012 -0.061694225039657005 6.200133482760286
0.9331467 -0.2218766261787078 -0.06928741226354933 8.135604859009604
1.140497 -0.3247191045730125 -0.10223531279440834 10.106094507776474
1.347979 -0.42274579128088624 -0.1203771949602786 12.121265342326248
1.555212 -0.5299850661680819 -0.13319855387237944 14.206426955887979
1.762569 -0.6601705129116661 -0.1620099977787375 16.32051492085258
1.969923 -0.7965955062021737 -0.18367878356177803 18.467061140385624
2.177281 -0.9461935729586325 -0.20433056183760645 20.655838539555837
2.384639 -1.0892308865964129 -0.2531719438496117 22.858099910144283
2.591988 -1.2453790350998823 -0.285251406116948 25.10378433156813
2.799367 -1.4044095495951165 -0.3221078300507911 27.359199020408415
3.006768 -1.5337609641007213 -0.3411871278620482 29.626597642902855
3.214057 -1.669609253842168 -0.36151948033768855 31.93821983001944
3.421285 -1.798588352561274 -0.3873480032274451 34.291659629920105
3.628545 -1.9202295993537222 -0.4198117094756981 36.669617849997294
3.835871 -2.060165582774122 -0.43038768000860267 39.10340585538861
4.146888 -2.3202639545454247 -0.4850034767851221 42.74333132774658
4.354202 -2.4901539939763127 -0.5093921068284796 45.20124269448782
4.561559 -2.669138010400331 -0.5406462754679857 47.65457340678001
4.768912 -2.8766170347621935 -0.5506351868967037 50.124628923204945
4.976146 -3.062412997011935 -0.5718736562016173 52.57990029544858
5.183503 -3.2350100481883763 -0.5926582952053117 54.98405412024147
5.390861 -3.4198998169936443 -0.6090664051685792 57.40865443086177
5.598233 -3.588743236974941 -0.632814165441431 59.784386933120054
5.805571 -3.7768448366260956 -0.6642838746712971 62.19572899751462
6.012921 -3.954740635795096 -0.6849607766122334 64.57796202480873
6.220278 -4.126929205800437 -0.7053060922126464 66.94425362919729
6.427659 -4.299855362004392 -0.7185230874520299 69.30162463735007
6.634992 -4.490110340150004 -0.7246663188165939 71.62877424600771
6.84235 -4.691957058143951 -0.7462278234134015 73.89361506826431
7.049705 -4.881427485614508 -0.7806257903373015 76.12615130133591
7.360549 -5.176334224866363 -0.8078675252972718 79.3473092155399
7.567786 -5.374171748971176 -0.8390323925323612 81.40773350716951
7.878754 -5.695701439372612 -0.8545745680872971 84.40812872346729
8.086111 -5.884636113163539 -0.8775120622809685 86.30494744550562
8.29347 -6.0607243884949575 -0.90652817486509 88.08594784178906
8.604438 -6.350536956280454 -0.9535894273041063 90.58624916495616
8.811795 -6.494122931501306 -0.9854571049039421 92.13414657951277
9.226512 -6.7848430744181645 -1.0218467208668267 95.00274822684594
9.433986 -6.867879955002596 -1.0573897081076782 96.31580573753159
9.745342 -6.9648385801182595 -1.0778111357829443 98.17431179146986
10.05693 -6.86653352022672 -1.101598851593665 99.90012345695514
10.36867 -6.590091477417561 -1.1282605833233683 101.52115935178377
10.57663 -6.2916594880245995 -1.148959942785722 102.51976345294344
10.88875 -5.627510103894004 -1.1676077495665311 103.87010108412987
11.09659 -5.058020396948301 -1.186760017285191 104.66636343261438
11.30431 -4.384181184423433 -1.2071234346801434 105.3584141157427
11.51192 -3.641176869100221 -1.238436824279143 105.9442167397492
11.71927 -2.827765039043996 -1.2546355952651282 106.43227379486953
11.92638 -1.9783596281473095 -1.2717116851890302 106.8512001686532
12.13361 -1.093427602142846 -1.2918699555622335 107.17592288880525
12.3406 -0.15573816671982144 -1.304868433577423 107.40036470056027
12.54767 0.7865326123154226 -1.335147384139802 107.65120278871576
12.75469 1.7834483614367507 -1.3747101258586965 107.84160130491868
12.96167 2.862344574131157 -1.3907149032750379 107.97319293746207
13.16877 3.997488116282419 -1.4144652108118283 108.10420304007337
13.37588 5.206479942855982 -1.4690739209832193 108.21684843135095
13.58311 6.5022615284572005 -1.5160171615734228 108.2916971290619
13.79034 7.907161496397794 -1.558621186319926 108.36435754152923
13.99767 9.396259566846794 -1.6101338209219433 108.43384715370955
14.20492 10.992939202292607 -1.650304064146856 108.49719678800678
14.41227 12.647982625419854 -1.7006380011500548 108.54122613415839
14.61968 14.373748182533038 -1.7555674300087243 108.5737564289445
14.82686 16.266175196989 -1.8123264849958187 108.61621531315731
15.0341 18.22471065247439 -1.8707859496871142 108.698027250056
15.34508 21.333304965378375 -1.9580559961208386 108.85100600794762
15.65617 24.55853394274593 -2.0663385004518675 109.04080682811119
16.07102 28.92253264126103 -2.2340014080296635 109.37695692783666
16.27845 31.106478816740115 -2.335718809401833 109.52556277933877
16.79668 36.540313767843415 -2.5608335220227385 109.90226674378262
17.00419 38.701527977622405 -2.6491169585404544 110.03063235372177
17.21165 40.8351995332922 -2.734756058731394 110.11740581724233
17.41915 42.943097240558124 -2.80306109870598 110.1398245037566
17.62648 45.038773632872505 -2.8823354743281753 110.11986965568259
17.83384 47.10705972604621 -2.9584285804266557 110.05453117300732
18.0412 49.127594217546395 -3.0257218717709797 109.944165053905
18.24855 51.187150403105434 -3.095660846578934 109.84767304924932
18.45593 53.180800879224705 -3.170115513353912 109.676384937952
18.76688 56.03729665640871 -3.263513974893339 109.34532528850862
18.97411 57.90387327390889 -3.3443795655035657 109.12693874602091
19.18141 59.65204081704687 -3.411274491845964 108.92879723137132
19.38868 61.32940531577201 -3.478159022479585 108.76421505919086
19.5958 62.887427002965765 -3.5421289977906323 108.63591383516514
20.01002 65.73939447383268 -3.661572949764259 108.58143317402124
20.21714 67.11495409136458 -3.7121301163016174 108.68619115478455
20.4241 68.46932050078613 -3.7733654859104195 108.8890281565946
20.63096 69.7533388205398 -3.8237727775493315 109.22676667888673
20.83796 70.97508942166364 -3.871978446834717 109.69604173380515
21.04502 72.11789814093842 -3.9338052440655145 110.3130894358892
21.2519 73.10870936752477 -3.9450318286010098 111.0504458854933
21.459 73.99400469324553 -3.9935888145269245 111.95840979155662
21.7701 75.06621684447185 -4.061886407262532 113.51627380751175
22.08144 75.87248395526326 -4.100128899945768 115.28733205327259
22.49716 76.56157136575368 -4.131630483471462 117.87579039244493
22.91366 77.17219799772563 -4.139501950612997 120.6558570014165
23.3297 77.78226842336306 -4.171060722087137 123.7031642758473
23.74519 78.50899851596125 -4.215278236749146 126.95649265759886
24.16001 79.40913545046882 -4.257879337624234 130.49310383211787
24.471 80.1138009406116 -4.291335158447561 133.2727887879558
24.6781 80.58228435366982 -4.3148698325724375 135.24108696052264
24.98913 81.30393321707459 -4.37609910743869 138.33499188736423
25.19632 81.7688179916963 -4.3949804499026905 140.4350638636162
25.40364 82.25666841105578 -4.429517975141289 142.59952301973127
25.71463 82.98359807382207 -4.483389697466872 145.9839830168238
25.81822 83.24221203127519 -4.500150470836053 147.13964430594189
26.02568 83.73134871362666 -4.537256652024594 149.44738807590005
26.23299 84.2076780086397 -4.57697470989567 151.79293561879535
26.44034 84.68556497506546 -4.622157950233463 154.16382487848605
26.75126 85.48372333695181 -4.680509079485191 157.71032798087367
26.9585 86.05043155496695 -4.743398404017766 160.07228018861863
27.16587 86.57377233823107 -4.792001847723787 162.44852528067196
27.37323 87.11544184376453 -4.833352814613503 164.81801892551871
27.58044 87.68089270632058 -4.8918273031165365 167.11626169952606
27.7877 88.22863148714958 -4.942237039762095 169.49241931663872
27.9951 88.7611172711828 -4.972291688358845 171.83650037929135
28.30587 89.5303635750767 -5.019274498001409 175.27141944355498
28.72228 90.48060618757562 -5.15264465620689 179.85355229305003
28.92794 90.9275475253938 -5.205216903334145 182.15744098184183
29.44614 92.06249209596498 -5.329596188742654 187.83414861116256
29.65342 92.46868776081013 -5.374936883153297 190.12911466903824
30.172 93.3578374873078 -5.429457919577002 195.81116341889128
30.37931 93.64996723461904 -5.45921074223953 198.12726870898123
30.89764 94.21412909333947 -5.57022642240362 204.00330934909007
31.10501 94.38424813461958 -5.603067513844015 206.38989873849937
31.31235 94.53098064649316 -5.615356756438389 208.75235730215496
31.52006 94.62679457612873 -5.637642411882058 211.09279150805966
31.83069 94.76668269118812 -5.6603026540620505 214.65308230833838
32.03804 94.84369542474266 -5.684398777028983 217.00654435710592
32.45266 94.93557684066504 -5.7068993581283145 221.7066946722379
32.65998 94.96909525359558 -5.703475758524389 224.07404926954553
33.17856 94.89362386364989 -5.762428184791844 229.9951534905127
33.38603 94.7350737446001 -5.7576888309153516 232.44908606683495
33.90461 94.401706613241 -5.775574480629517 238.44253037941357
34.11209 94.26022187439023 -5.791704373995949 240.88259987826456
34.52694 94.00872037233579 -5.818085588600045 245.6813716848154
34.7343 93.82470703722663 -5.85332873094134 248.11854391212378
35.14887 93.49049948719151 -5.902301542349466 252.86102876502702
35.25251 93.39081726204043 -5.919780871923775 254.05021694631444
35.45985 93.20763689099249 -5.937647573218184 256.40742501889275
35.56362 93.11010501068696 -5.948424662898919 257.5631528687394
35.77094 92.93799549803805 -5.966392688590428 259.84994109709527
35.9783 92.75781402248191 -5.975909571368749 262.11071782837246
36.2895 92.52594171432585 -5.994615302935012 265.3616125027287
36.39322 92.42893681536894 -5.997345729364352 266.3997366980788
36.60049 92.30274365870854 -6.033319450447365 268.34789343856374
36.70436 92.2314342260988 -6.036586076974995 269.2885331497097
37.01548 92.04146897065039 -6.090188779300023 272.15350705133164
37.22281 91.93377416395057 -6.11564488185768 273.99823200960725
37.43016 91.89031888615592 -6.131096417807012 275.8125739980742
37.74103 91.86117706521432 -6.19097487684233 278.551443502913
37.94836 91.88333410474334 -6.225789645765311 280.3738147982282
38.15572 91.8918097176024 -6.2431176263903545 282.16791171231455
38.36294 91.88694083009202 -6.255960378619512 283.9914707502032
38.57023 91.86634875389883 -6.269981364358127 285.82083935837886
38.88106 91.84940102979515 -6.301728096458284 288.5765601955557
39.0883 91.8037058663234 -6.316777899856158 290.4842009986857
39.29572 91.79235657953554 -6.341283986737162 292.3977964633098
39.50298 91.72584745208802 -6.328656545222745 294.30441210066
39.71039 91.69417360359122 -6.307762028665237 296.2331349954169
39.91781 91.67135919575306 -6.309593944948801 298.2065344387152
40.12518 91.62804109748927 -6.317250259903612 300.1851767117746
40.33256 91.58171378999586 -6.317971319715459 302.13645416973895
40.54 91.51970346673504 -6.315327052509689 304.1193992540457
40.74735 91.46547849886363 -6.322978034655231 306.05761009839415
40.95472 91.40087887028375 -6.32675845101439 307.9918195202381
41.47327 91.23058188293275 -6.418186855402521 312.65303240371907
41.88768 91.09328501243445 -6.4231892207727075 315.99102929253337
42.40533 90.67256485261592 -6.4549780122796285 319.61900517069915
42.61235 90.37358571100556 -6.452418560678511 320.9671140964075
42.81932 89.96770425172075 -6.4648109337343795 322.2172835253224
43.02619 89.43330466667662 -6.476272517642018 323.38114872355357
43.33652 88.40098799515026 -6.525171128330205 324.93969016334864
43.5435 87.588453251672 -6.527948847176252 325.8701282155944
43.75071 86.6691651346159 -6.512409316224593 326.69451467588556
43.95796 85.66477337206557 -6.480802684957605 327.3770000900762
44.06168 85.15379043169946 -6.4576816353675985 327.68313351782547
44.16542 84.61611830158877 -6.441534061709189 327.9588055299362
44.26891 84.09115305676089 -6.404849901032831 328.1981354262701
44.58003 82.38834617820851 -6.279985697194107 328.80598979461234
45.09896 79.03840396390706 -6.094420806708923 329.22576691534925
45.20336 78.2826109441094 -6.054336138844835 329.26164548277643
45.30693 77.52426321319068 -6.01479101239192 329.24299476563226
45.51485 75.93582367028128 -5.940907952305539 329.1984985671361
45.61856 75.1110282357968 -5.899310100153594 329.1452190921653
45.93051 72.51600316331137 -5.790886820118561 328.99562175060044
46.13842 70.67541628305591 -5.719004608496069 328.88662591717093
46.34635 68.6843257243332 -5.634395513423665 328.7892579440735
46.45021 67.65174997928344 -5.586168338127298 328.73269851791554
46.5541 66.59038746458722 -5.536825867900411 328.67061455708534
46.65781 65.49556428572345 -5.49025284475266 328.6233692047136
46.86542 63.20711580259916 -5.387786578596179 328.5000820417904
47.0729 60.77393447222815 -5.2977572523980525 328.38783520608206
47.28039 58.24003649163522 -5.2178242055246775 328.27311387153793
47.48774 55.60968972706549 -5.106425939989313 328.1568955209839
47.69509 52.89302193764376 -5.005079339401737 328.06063515395914
47.90233 50.21790406476331 -4.9000421285467155 327.9486820315352
48.10968 47.5500570190579 -4.7918512619505815 327.81982589665483
48.31691 44.88994774444918 -4.695942646882063 327.7094052633152
48.52414 42.22310322707576 -4.592392136082897 327.56994653803645
48.7314 39.54054476903164 -4.457364380038309 327.3955170994719
49.04259 35.562281893040065 -4.291308033742365 327.1232849768823
49.24983 32.91775430041734 -4.207731698539682 326.9302728168238
49.45761 30.289953250088583 -4.1081241653812395 326.7417025956002
49.66469 27.675176104675415 -4.023223697831107 326.58458169282443
49.87203 25.09235497379423 -3.9336345304940696 326.4364597776821
50.07937 22.5435772020193 -3.8569705367165477 326.3078214089707
50.28673 19.992553743033874 -3.770129402994125 326.18347627960486
50.4941 17.502164886838308 -3.676785244256889 326.0580062693199
50.90867 12.527597757925687 -3.4725630543006956 325.7713803838864
51.11603 10.127223848255746 -3.3863140069357085 325.5885939201544
51.32338 7.691777308430826 -3.2906280674836568 325.4000354132285
51.53076 5.2889532421556 -3.196356919022248 325.170795322155
51.7381 2.959503718471872 -3.133067224398609 324.92716860455647
52.15294 -1.532642559542161 -2.9648979739647467 324.44844297922907
52.46393 -4.6492923820768794 -2.8616491719152437 324.10511391589
52.67139 -6.625420924598707 -2.7952939764572635 323.92629776172953
53.08597 -10.363775970779239 -2.669240072904229 323.6335967493487
53.29322 -12.095836654290954 -2.6091089217032186 323.4908730438711
53.60433 -14.471441602582422 -2.5243160405974665 323.3549999500997
54.64083 -20.7879640714394 -2.2998712704192172 323.21767758795204
57.95768 -24.56993249009647 -2.181819576226551 323.34697009456295
58.37224 -25.098204599265635 -2.1679718113948936 323.37991362928176
58.78695 -26.094214177250695 -2.1455838711749613 323.478925762852
58.99431 -26.730093792014102 -2.1354320611656368 323.5753658599384
59.61675 -28.990589260395964 -2.1233800403847596 324.2037664214035
59.82423 -29.81136722682207 -2.1190372622043787 324.5843470176509
60.03212 -30.67863294142971 -2.09542946539759 325.0514338128501
60.23977 -31.527357685125935 -2.0810819590395013 325.64439250448015
60.44719 -32.31252074897793 -2.076023302168501 326.3927657108157
60.65478 -33.07083514664018 -2.048538457668922 327.26817547240006
60.86228 -33.77658500700079 -2.0203642365225862 328.30585756786394
61.06963 -34.39883471252736 -2.009410688144902 329.5372940173968
61.27685 -34.887173032252505 -2.0286702468470557 330.9132345631715
61.48395 -35.296821465414936 -2.0125758760919132 332.4624769211087
61.69106 -35.62285524568034 -2.0089724301456364 334.1635247794777
61.8979 -35.861198475313415 -2.026332107002322 336.03586350263674
62.10479 -35.99863150626476 -2.041733252144348 337.9967768101786
62.3115 -36.12612995244418 -2.072445625686365 340.0975863426381
62.51823 -36.23408967764303 -2.0807536904611714 342.2753005499295
62.72522 -36.30333443275772 -2.1009560404971044 344.5755160851841
62.9322 -36.39808808974739 -2.1056265615969068 346.9898218129354
63.13942 -36.48603622561052 -2.138758497500228 349.49885103288005
63.34653 -36.56594689451683 -2.146717032294086 352.1285697134331
63.55389 -36.653253934762546 -2.1713458389089215 354.8359253970727
63.76125 -36.77786601345534 -2.2293129238137084 357.6202318104236
63.96862 -36.87539674541943 -2.2394375899223755 360.51090795423806
64.17597 -36.96421427832976 -2.256265295539258 363.4665158444414
64.38318 -37.04878138189221 -2.265386554107151 366.4946405399009
64.59071 -37.189064163995056 -2.3045130594323116 369.5722424658289
64.79794 -37.319617803037424 -2.3503635575205983 372.7721137886426
65.00534 -37.45832432633308 -2.371394908956924 376.0589988536461
65.21283 -37.58877454321323 -2.3810590417980357 379.409781546004
65.41985 -37.73951435877088 -2.4046923756098195 382.80391279628714
65.62711 -37.921186631994374 -2.4277359601127326 386.27216529609086
65.83443 -38.0650468007899 -2.4796159637156063 389.6946658162291
66.04166 -38.222171758526414 -2.5285746275397702 393.1050946546163
66.24894 -38.4086387043553 -2.59982050377689 396.57937081084975
66.45624 -38.61965064298454 -2.65339688380097 400.0935869812787
66.66359 -38.83478592628667 -2.7283778885563783 403.5915082419665
66.87096 -39.00798136660716 -2.764239093207783 406.9862318347361
67.07831 -39.20036188038614 -2.793493321242241 410.4214558932343
67.28567 -39.38893340110099 -2.882457899451958 413.8034967831148
67.49297 -39.59524003839681 -2.947100769630108 417.1771844325744
67.70027 -39.82524765889551 -2.986226355199928 420.5457344147179
67.90759 -40.00177639214941 -3.003990374475378 423.92722988717895
68.11497 -40.157890890841784 -3.0940139680814625 427.22044806468324
68.32222 -40.38416657078382 -3.1348506017873548 430.5789695390504
68.52959 -40.593320312801936 -3.2098998541493087 433.9453183453255
68.73691 -40.805992824984 -3.256926508106994 437.32844249487886
68.94427 -40.93378487050207 -3.345162944101693 440.6360671606852
69.15162 -41.092796524631574 -3.3977614031563435 444.0084761271794
69.359 -41.26913433952895 -3.429262275852159 447.4576233839356
69.56633 -41.461320853867605 -3.5118779740651407 450.89921273329884
69.77371 -41.65617365423937 -3.525709010911944 454.4482996018302
69.98093 -41.77050184524022 -3.609707543600662 457.89930179744215
70.1884 -41.95157074825485 -3.6455413500947547 461.4772121939939
70.39563 -42.11213115002461 -3.668590705040085 464.9955735099432
70.60299 -42.25957505165059 -3.7200010501670486 468.50051267882844
70.81037 -42.445787113036666 -3.765493010316919 471.9689805631236
71.0176 -42.58184832608897 -3.8185572255937497 475.4321627218464
71.22482 -42.767311535235905 -3.8420328189253574 478.8953394358783
71.43216 -42.9473925452592 -3.8779539508699097 482.26167668568326
71.6394 -43.13137699238523 -3.923098296329532 485.6393900183231
71.84665 -43.24939853022326 -4.010955433810838 488.83569129744717
72.05392 -43.40134186116089 -4.033787969334589 492.0694755080194
72.26124 -43.55809864866502 -4.0493395209991725 495.21912135032886
72.57206 -43.85794051426972 -4.103012118666092 499.84563595344804
72.77944 -44.054298278993315 -4.1398911358261605 502.82823570227987
73.09051 -44.333429019527955 -4.187868783129073 507.1521615991574
73.40149 -44.54158192017363 -4.252108227599926 511.2261679203716
73.6089 -44.664128941667826 -4.27305708749336 513.7684763575387
73.81614 -44.78908709147468 -4.312968921330132 516.1663050759511
74.02343 -44.90711830912531 -4.337124138222624 518.4005857330591
74.23088 -45.031251100454455 -4.353105815906207 520.4764306362188
74.64526 -45.17860016448718 -4.397800061649139 524.2608904781599
74.85254 -45.27812746565449 -4.417662823245582 525.9134274741077
75.05961 -45.41702227760628 -4.434196823684881 527.4398592375657
76.09411 -47.25587313484712 -4.518177584255982 534.0107871661168
76.40446 -48.324478727793064 -4.491329016358904 535.6464923809367
76.71482 -49.75418898030307 -4.414811564373775 537.1816527326309
76.92199 -50.93872768281133 -4.361918145785932 538.1584771660354
77.12902 -52.27435217216333 -4.280006208678795 539.0055107172675
77.33625 -53.7899131379005 -4.183744709839713 539.6863886180003
77.54357 -55.4435720403512 -4.115508670882399 540.1259535282215
77.75084 -57.209870312984464 -4.034061504529061 540.3865105791538
77.8547 -58.163144498822845 -3.988937811370781 540.4172584955036
78.06256 -60.14132391624014 -3.9103882151336897 540.3252110779836
78.16657 -61.15357725172065 -3.8719859910356362 540.236956382852
78.37479 -63.27014154440678 -3.7590673477358694 540.0321127032503
78.79149 -67.6368723345906 -3.529883496037255 539.5259361830049
78.99975 -69.95260596458942 -3.4244245482234623 539.3006634503324
79.31138 -73.61543846372462 -3.2908062884828366 538.9265882975418
79.41518 -74.87942567813066 -3.2387808990451115 538.7961901470896
79.62267 -77.4851581911679 -3.1245390158334696 538.5315039209046
79.83015 -80.20584740206735 -3.00619884682731 538.3141359212041
80.0375 -83.01598201595402 -2.8916235649706166 538.0886855906823
80.14127 -84.4547660163727 -2.8388545276523787 537.9911459206662
80.45221 -88.99974218432382 -2.6028679761767193 537.7259327839478
80.65945 -92.14642524810084 -2.450398008190941 537.5627508654535
80.8668 -95.32896216172972 -2.2882431434673762 537.4162229114504
81.07409 -98.54033936058528 -2.11854682208501 537.2726434844766
81.28139 -101.79237889471516 -1.9635402909165114 537.1422411841769
81.48862 -105.08338712475852 -1.8075549284999406 536.9926651384302
81.69585 -108.3288792558285 -1.6594378318342233 536.8346520809122
81.90308 -111.56918121338825 -1.5002332736333042 536.6398019771707
82.11032 -114.7862139915388 -1.3520537632073353 536.4989057034821
82.42141 -119.59245064719867 -1.1155646674748123 536.1784237166039
82.62878 -122.74885990906313 -0.9462029662833835 535.9392650689905
82.83614 -125.89682352564427 -0.7733859782942512 535.6893081979365
83.0435 -129.03125788497755 -0.6308256460157979 535.4455091978123
83.25097 -132.17023218534473 -0.497980381656963 535.1827651011682
83.45819 -135.29212646745478 -0.3379983543771603 534.9297663653817
83.66555 -138.36017631062964 -0.22508774673494347 534.6971190842424
83.87292 -141.49367150862258 -0.06379898268072104 534.5124055598357
84.08013 -144.53430389366366 0.08632376492116656 534.3686989402488
84.2876 -147.5492391031878 0.2194954152316999 534.2355410535638
84.49476 -150.56434729469302 0.35960387605096766 534.1246958354047
84.90931 -156.59242624875876 0.6329941973690385 534.0401583731467
85.1167 -159.5639049568847 0.7619063912076793 534.048501209937
85.32408 -162.41286202373817 0.9077657165881128 534.0757713653729
85.53134 -165.12238771264595 1.0211176017153871 534.0956357139077
85.73867 -167.68796712894436 1.108092784296316 534.117718869578
85.94605 -170.14035847609966 1.2240551220974751 534.1422935788636
86.15319 -172.38341755378056 1.2968849365824706 534.1178632342168
86.36051 -174.49862259756412 1.391466434757712 534.0716449665159
86.77514 -178.63110896893372 1.568289243155907 533.8508991209468
86.98251 -180.6549639032114 1.6562820754555183 533.701964439474
87.50104 -185.68063128700382 1.8515788367694528 533.2098021381928
87.70832 -187.76907254170902 1.9223952057961387 533.0013137629766
87.91565 -189.90181276013465 1.9866703808180564 532.7308074789386
88.12303 -192.08207258924347 2.054209855782673 532.457855134851
88.33046 -194.3162196136064 2.1235875033604055 532.1879569652408
88.53778 -196.6589161459645 2.212160633585773 531.9015918061123
88.74508 -199.1147499345667 2.346456583726691 531.5937119112053
88.95255 -201.61441801516816 2.470680826960791 531.3243148566706
89.15979 -204.17436332791024 2.6471492659343205 531.0568829890433
89.36714 -206.9065410944182 2.7939991527093557 530.8127943181356
89.57449 -209.72638811768007 2.964022572622561 530.5895441559217
89.88559 -214.0393525411058 3.209742047375734 530.2726754929007
90.19671 -218.70161678153795 3.4171732442477047 529.9472228716517
90.6114 -225.09722446707192 3.6334263210876063 529.7556581936752
91.02598 -231.85412224532126 3.9034262722090043 529.7300614357634
91.23322 -235.25972902672035 4.022830934328291 529.7372360806135
91.54407 -240.32674946981632 4.222860582589259 529.6838082194588
91.7513 -243.7509934761133 4.3487140222712615 529.6350653455029
91.95867 -247.07673510589674 4.462692267717669 529.5667472761361
92.16588 -250.48779354581168 4.581782186801069 529.4767845075804
92.37311 -253.84465554048805 4.724496986830964 529.3591059132109
92.58047 -257.13893848748876 4.8349560597654015 529.2004850140163
92.78783 -260.45759097546886 4.925912573121078 529.0668789997306
92.99493 -263.7701644796616 5.059504154082916 528.920189868223
93.20216 -267.0510173855254 5.212336546784014 528.7332769860378
93.40939 -270.28684449972025 5.324615192286906 528.4986392792059
93.61675 -273.60404382328903 5.459911112193592 528.3195982563158
93.82412 -276.85704342883633 5.616883701131824 528.0965488049987
94.1351 -281.6698306340047 5.848696276748452 527.7509998839771
94.34255 -284.83814194704615 6.000973529574992 527.5209909751236
94.54994 -287.9761495899996 6.136067178403181 527.310048016987
94.86103 -292.67895247901043 6.33388389988205 527.0307628725373
95.06825 -295.74946360684277 6.477673791282914 526.8557422747499
95.27559 -298.7342357634388 6.615512007026798 526.6896789215577
95.48285 -301.6246029635987 6.750832681197499 526.5190927806387
95.6902 -304.3852667556758 6.8714146103695875 526.3757300317827
95.89742 -307.01070134730713 6.992091588890693 526.2462258402792
96.10478 -309.5604495709538 7.108157739554004 526.1507044653977
96.312 -311.9284133777823 7.195992338652724 526.0038737893527
96.62299 -315.1988242553398 7.3411553757950125 525.7943497531408
96.83026 -317.27598314193244 7.42481573283095 525.6072262964146
97.03753 -319.24959490360806 7.481014827663884 525.4166971305212
97.24469 -321.13672568924875 7.563277809225067 525.1912769741258
97.45171 -322.9591004995151 7.640367101500978 524.8639770597247
97.65852 -324.70145445373663 7.701089726976939 524.4037590613414
97.96862 -327.158340427291 7.809187050866441 523.462958779193
98.27871 -329.37452201075905 7.908916992358685 522.1400267221609
98.48569 -330.6967422070062 7.968911266826403 521.0239375915413
98.69272 -331.8701714167914 8.048423526886936 519.6941020125056
98.89976 -332.8876432870485 8.129611403760627 518.1784064960053
99.107 -333.70858179903723 8.21769306734826 516.475233863354
99.31424 -334.36682914927127 8.276817681368115 514.6311270463755
99.52171 -334.8093308817211 8.359565422889595 512.6172376852619
99.72953 -335.0391987717835 8.433727306923299 510.4713880930694
99.83345 -335.1063160766587 8.475317998966183 509.36274682066096
100.042 -335.19389737445454 8.559509333580937 507.0179075898164
100.1458 -335.2163487943922 8.600321908804705 505.8490086249475
100.2499 -335.22427045586954 8.626248588255486 504.66398104666104
100.3539 -335.2266489359246 8.64644731598874 503.46176651499127
100.5618 -335.1750833400921 8.70817476321311 500.98014711253154
100.7695 -335.0325991296664 8.739446154684096 498.37454841582326
100.9772 -334.86130690752185 8.75492107855765 495.69842691866967
101.2884 -334.5257314353156 8.794033724267797 491.46043445695216
101.3922 -334.4240029559804 8.809739526637236 489.99582146552035
101.5995 -334.12741073025467 8.84834177826491 486.978415769177
101.8069 -333.81770361574786 8.904214922040273 483.8973336901493
102.0144 -333.4703415084741 8.938561323481451 480.69432840978396
102.2218 -333.13570277434223 8.954575568723408 477.42195170642884
102.4293 -332.8013013319469 8.986581666273446 474.0046676683579
102.6367 -332.4643114620459 9.008639388542573 470.64136335502417
102.8441 -332.14149400862215 9.046869352866443 467.1522050593655
103.0513 -331.8366431284952 9.10059455319028 463.710604826824
103.2587 -331.55228492692373 9.167144308913397 460.2413556685223
103.4665 -331.2710952016955 9.249055891824186 456.8169701559117
