0.0 -0.0 -0.0 -0.0
0.1036117 -0.0050045424653722415 -0.014984533788425122 1.215472003542756
0.2073529 -0.015107323991783153 -0.02583264282394672 2.421545901596482
0.3111179 -0.034699523689982456 -0.03568213757136915 3.622402502540132
0.4147131 -0.05092537156854578 -0.05015192061841142 4.830695520127594
0.5199468 -0.06973913625772493 -0.05756572381263167 6.0240294229316556
0.6220911 -0.08370425795657062 -0.07565374127549523 7.223742474704935
0.725703 -0.11506712834450492 -0.0876355494338834 8.412075709174113
0.8294654 -0.12791449342320782 -0.10140283976004369 9.606062531363044
0.9330382 -0.14170768054073357 -0.1191575083152098 10.781218135768478
1.036778 -0.15749354067817278 -0.1371330701473349 11.96353994281469
1.140398 -0.1708265901336236 -0.14925194420654062 13.135958250610312
1.347751 -0.23789256829131888 -0.1764225824236909 15.456937350997672
1.555107 -0.2818317315148577 -0.1874325823672045 17.769491037405476
1.762586 -0.3280322741860364 -0.20494808457847796 20.09244963805536
1.969964 -0.37691652026820094 -0.20808692720958943 22.37513364741459
2.177298 -0.4292230918633597 -0.24190347741274293 24.65705923157479
2.384674 -0.4627003085654333 -0.2646981412288749 26.867339720059178
2.592012 -0.5019524183762276 -0.29197799037966277 29.06711015338521
2.799368 -0.5562792423242627 -0.3119761938347956 31.193059639401103
3.110482 -0.6098363424982834 -0.3502672227008674 34.29019749523976
3.317943 -0.619256909922795 -0.3729398788960654 36.30165533451707
3.525427 -0.6188909590074811 -0.3942059229404462 38.26352600241559
3.732909 -0.6005083563494009 -0.4171871286093638 40.15978657959724
3.940409 -0.5686784440464674 -0.44224348102135624 42.01937461325048
4.251862 -0.4233855277838878 -0.46652264180176795 44.74436033284009
4.459611 -0.2682050751293499 -0.49150423708140417 46.51661569323521
4.667325 -0.046088082477256265 -0.5089559094496048 48.23390399851022
4.874947 0.25298494418286666 -0.5251526020850044 49.898339821067516
5.1864 0.8400716386175162 -0.5463893282560257 52.287370149775484
5.394003 1.3245045932307793 -0.5582203366441377 53.81638289964333
5.601734 1.8922379287565967 -0.5666647187988114 55.27857623373915
5.913083 2.880390050348698 -0.5733370903863998 57.33909615101014
6.120823 3.6407172984746374 -0.5835565852215943 58.6508329131542
6.432181 4.920747953743884 -0.5927731466412014 60.476513410864555
6.639619 5.874090807730198 -0.6039948806179867 61.608457196106755
6.847019 6.898593928713449 -0.6232637513391396 62.64283844988239
7.054434 7.989560682090165 -0.6344440463525255 63.60588236527374
7.261837 9.161175923635298 -0.6570021133048893 64.49504599531049
7.469315 10.392420812305218 -0.6813517375992637 65.30291166223166
7.780431 12.398866556100664 -0.759437035365857 66.38960694636074
7.987818 13.813692732908958 -0.8091085850729942 66.97607693424807
8.195302 15.288862156421477 -0.8567684636321911 67.45210583528214
8.40273 16.818469137387194 -0.9018300513027245 67.83667052086241
8.610085 18.391224915486404 -0.9414210676676673 68.0962197039483
8.817441 19.96658368775536 -1.0000010257134146 68.23945110756227
9.024545 21.55834501061698 -1.0576428350671123 68.27239182211342
9.231657 23.169507701560615 -1.1109080285653437 68.25924196163403
9.438799 24.806168904653624 -1.1753336081235528 68.17549859385797
9.749609 27.25363403972113 -1.2821702583267776 67.98855325646112
9.956711 28.903686825705755 -1.3674480826191187 67.84684305352891
10.16407 30.52997800297674 -1.479605820875153 67.68060137126562
10.37145 32.18338315151834 -1.5928334248034768 67.52081459310652
10.57878 33.855890636855605 -1.6999234370951803 67.35202196660927
10.78618 35.51884951976063 -1.8027543757344027 67.19351369019671
10.99353 37.192463804467806 -1.9185184678652383 67.00855139672029
11.20102 38.86056306604233 -2.059122446182129 66.83106186168209
11.40845 40.586353280411885 -2.1907477974747005 66.62616669606105
11.6159 42.27397877437028 -2.325740409243656 66.4105099190103
11.82328 44.0120980036235 -2.465745148937649 66.18406998051837
12.13451 46.63794820217915 -2.6729556100721585 65.83842965312482
12.34189 48.405345580117675 -2.8252982879039763 65.63424444714431
12.54922 50.159413981297156 -2.982266817095653 65.4345162266806
12.75659 51.948404127319094 -3.117885197254773 65.22098343677025
12.96381 53.7477130061456 -3.2426704979199714 64.9710163905442
13.17118 55.52497539050966 -3.3628863542024274 64.73327348610155
13.37865 57.3874043774466 -3.51010219511406 64.52168227763232
13.58601 59.19325730347577 -3.638296021235442 64.28416135175502
13.79348 61.02187603948136 -3.782455550928038 64.0693689262447
14.00084 62.86971447331075 -3.9254675410897066 63.843729327752044
14.20807 64.69764826613061 -4.071442127786047 63.647457834476924
14.41543 66.59349627747888 -4.214902167514948 63.404502958841604
14.62278 68.49465847021024 -4.36516932593468 63.187331217852595
14.83014 70.40486630813965 -4.516913430249286 62.96088463159309
15.03737 72.32531567341321 -4.666187738325618 62.73671020165674
15.24485 74.27511998586019 -4.80979235271044 62.50108060573014
15.45231 76.2132270816752 -4.95261847624071 62.29738222252881
15.65967 78.15452097309017 -5.064252827852645 62.07306990531013
15.86717 80.1561577133436 -5.232631277808955 61.87245465678059
16.07463 82.15186292527412 -5.373334676954515 61.66806168242411
16.28215 84.14689446483816 -5.534284977075555 61.45419957543368
16.48961 86.13763111062396 -5.689827364499236 61.239458364640676
16.59323 87.14517174534407 -5.759531492387737 61.13855799067457
16.69699 88.13273242299829 -5.8291256201691475 61.01910996044818
16.90495 90.10411722046872 -5.963315533461994 60.778505885179825
17.00813 91.0867657162618 -6.043587612403226 60.64653500367446
17.11181 92.07926985599008 -6.113620764950997 60.48981573578156
17.31942 94.00302284973758 -6.252970564804187 60.15770806299767
17.42316 94.97264779547996 -6.323056794224202 59.972139017646704
17.63064 96.82894650425997 -6.464408983335066 59.577166451149864
17.73425 97.76715705202213 -6.534345097323977 59.351404864417745
17.94173 99.64750678310156 -6.687245362320651 58.865970739387045
18.14909 101.48096940768136 -6.834093089429164 58.328870432739734
18.35644 103.28242013566921 -6.97507841797597 57.74621846449727
18.5638 105.04401095067067 -7.130833095055984 57.09241318403842
18.7712 106.8188916129437 -7.2756762051363255 56.38582247287735
18.97873 108.51792081880731 -7.433415809754582 55.62686356523476
19.18597 110.20937974021379 -7.585436510406217 54.82915263910246
19.39323 111.92414321306875 -7.7387422063837 53.931067191683375
19.60058 113.63984829354091 -7.900631744754348 52.99530732839178
19.80783 115.34946153157537 -8.051100353823154 51.95086106184246
20.11891 117.77549798678096 -8.310014887574741 50.29430281136506
20.32614 119.36019066098177 -8.483628399217576 49.09046310793081
20.53351 120.92268165219173 -8.649115887646014 47.82137549017933
20.74072 122.43020823392308 -8.814010109029455 46.50648843334772
20.94799 123.90048159794469 -8.975409167396341 45.09931154299608
21.15531 125.28399512391488 -9.127719842651295 43.62976426178663
21.25905 125.94814509455801 -9.20694579169179 42.87130899137049
21.36266 126.59404460973985 -9.290776376746926 42.087288917305
21.46628 127.23255504262775 -9.368460598234725 41.28562535053628
21.67383 128.4422367546822 -9.526352127646266 39.61878166089063
21.88124 129.5399104436766 -9.702556565036165 37.913983168671145
22.08847 130.58252610628674 -9.872013396180158 36.15104908049814
22.29571 131.53310527452803 -10.06725080450251 34.33704757743876
22.50301 132.44760860269741 -10.237456550973967 32.511365596021506
22.71018 133.32346462357373 -10.432762304948223 30.61910374284586
22.91742 134.11085971694243 -10.616793825257584 28.713611006284037
23.12464 134.88520642740122 -10.782267963733586 26.74202755574017
23.33186 135.60342921113664 -10.940170714662292 24.778565463625654
23.53909 136.2906071515425 -11.120501942796212 22.84516030554648
23.74645 136.99076014557696 -11.281863804537068 20.901813197411585
23.9537 137.67577220075162 -11.45117922477836 18.969991094164424
24.16091 138.33010116791814 -11.62310965842103 17.013609171537357
24.36814 139.00498332780572 -11.807448684231744 15.025281748036388
24.57538 139.64839111473296 -11.965240705444618 13.10623168321235
24.78262 140.28635520127466 -12.158474707209518 11.204237661425772
24.98985 140.97979251804534 -12.32836507598913 9.377389873953682
25.19719 141.6579545437649 -12.49482562762313 7.491680006094171
25.30082 142.01277987279389 -12.578011319945118 6.601051852897307
25.40442 142.37600606526183 -12.65919919661511 5.7270777682677405
25.50805 142.75185995293663 -12.742045527844278 4.851780182990964
25.61167 143.14918683478876 -12.81161747033434 3.973778399687056
25.7154 143.5460856072714 -12.895171919065568 3.126570122537551
25.81908 143.95339058305194 -12.985102564466427 2.2790374506288913
26.02649 144.82982247189534 -13.142175285267196 0.526476817713295
26.23385 145.67788583692587 -13.313417951809 -1.095824049223161
26.44118 146.65819597304937 -13.471710796268177 -2.7786588202611995
26.54482 147.14428704314852 -13.544421813743275 -3.539929924617198
26.75206 148.1740546487664 -13.695205677688843 -5.071730945452714
26.85581 148.6954404229099 -13.758460045573607 -5.809706575070976
26.9594 149.20806426908123 -13.825995661454353 -6.52758077593478
27.16666 150.4201681436581 -13.983627711407625 -7.869323955662523
27.27035 150.96904320524834 -14.030109378017434 -8.611289682832933
27.47773 152.41499382090052 -13.953842208165879 -10.075836809632918
27.58157 152.97083067268375 -14.04127233783823 -10.661215004706932
27.68531 153.50300731159118 -14.115609664325255 -11.19684243918799
27.89284 154.6399554798826 -14.261594933295202 -12.281742559857335
27.99666 155.20392537556393 -14.325044509094274 -12.71106426960688
28.1003 155.77769120834571 -14.390169685386283 -13.135042596621119
28.20406 156.3546463089345 -14.453784416440207 -13.527958400147483
28.30778 156.95913259661046 -14.522361850171771 -13.928355199181198
28.41162 157.57353637248912 -14.590891938379183 -14.300821520483773
28.51536 158.16111167638886 -14.652804817705324 -14.631568269272883
28.6191 158.80605160853952 -14.73060634382404 -14.960472393411116
28.82659 160.03507606992088 -14.85857301079062 -15.493035416389944
29.03407 161.30728871516723 -14.999037672321874 -15.937786183815554
29.24155 162.59459232028254 -15.146007855857027 -16.292796324535473
29.44916 163.95492708065115 -15.300901816472157 -16.56630183042418
29.55289 164.6029251919625 -15.378742220510658 -16.657281921329854
29.76051 165.82400844439795 -15.514780217866036 -16.734037085171202
29.96802 167.0880179044988 -15.675625350782084 -16.74222358307443
30.07185 167.72203021624773 -15.737277243791766 -16.70677168814158
30.1755 168.3682520994263 -15.809552790055223 -16.658661638455833
30.27923 169.01219412108688 -15.886292618748334 -16.590572412137828
30.38299 169.6552984785643 -15.959107848829511 -16.496248622801588
30.59036 170.9199505974303 -16.097781629378765 -16.253691445298365
30.69406 171.56174951220646 -16.17612670600846 -16.10738215663384
30.90156 172.82766117315367 -16.335315980986074 -15.748067425093211
31.1089 174.07173892677892 -16.486295033236413 -15.311274179153749
31.31628 175.29220594187169 -16.629412907550385 -14.782329280143543
31.52362 176.46531463639604 -16.804234236357253 -14.17620911413411
31.73109 177.66518647664816 -16.970465677581252 -13.50464259608998
31.93858 178.79717468476338 -17.131336595013195 -12.763099044422574
32.14606 179.91006141107516 -17.298067439761923 -11.95848375785144
32.35368 180.9955881872544 -17.47015775158941 -11.034366438933247
32.56102 182.04222180242508 -17.62186210775386 -10.108328692751257
32.76837 183.06189569572655 -17.76629454432934 -9.096409598165934
32.97586 184.05015804993187 -17.920849781578127 -8.01829414757546
33.18321 185.00851930402553 -18.074707279695232 -6.8636356133167595
33.39056 185.92710563982513 -18.225880182452855 -5.689290068250443
33.49434 186.37335336174448 -18.306534494805298 -5.10389744378557
33.80503 187.67853925845364 -18.529178836007 -3.226681871578691
33.90865 188.09462055718933 -18.606316619723813 -2.591583276933605
34.11588 188.9225825723067 -18.760517627907877 -1.2457003128842246
34.21992 189.298687400468 -18.837349477136847 -0.5678026038148261
34.42688 190.06857271156812 -19.002104257638727 0.7989503363406953
34.63421 190.83201033437706 -19.163615918049842 2.200811334474139
34.84147 191.59118151841196 -19.306700280328997 3.6282426671503174
35.04867 192.33656495119533 -19.462498635915942 5.064827145862807
35.2559 193.07150911853554 -19.619824611529015 6.512524660648239
35.46322 193.80036353857912 -19.778785459249576 7.9835061126256335
35.67048 194.5114012260517 -19.949696291375993 9.467880576798635
35.87783 195.19944763163585 -20.102200717364493 10.923459529596968
36.08507 195.8698030137866 -20.227598581712087 12.377421449340147
36.2923 196.55613798794047 -20.390074803204676 13.837280882672985
36.60341 197.62207973332593 -20.618432675692894 16.023052031820825
36.81077 198.32513130715867 -20.75800539561972 17.482007308761595
37.01811 199.0300962925986 -20.916283795983873 18.953272382789464
37.22549 199.74285738472355 -21.059067845679685 20.43168638524918
37.43285 200.44785088440767 -21.206260446049157 21.908831984782296
37.63992 201.16048066297952 -21.361593125133204 23.39775115097035
37.84728 201.8664501189977 -21.508687351084923 24.914734120730458
38.05465 202.5863055142293 -21.64687476358545 26.41932395314987
38.26267 203.2930842550136 -21.785480205207932 27.91525578395894
38.4695 204.00149168783685 -21.92032449220325 29.405716203384884
38.67697 204.70904411480427 -22.04779250805573 30.899192587315838
38.9878 205.73208492641155 -22.24528399722883 33.08538543517707
39.19518 206.37367719873788 -22.35334487507744 34.5383593795717
39.40253 207.0071253967081 -22.476491948435633 35.992332378591755
39.60976 207.6263491143423 -22.582458205551283 37.40273954734377
39.81725 208.23178505234569 -22.702244410344495 38.79824959567043
40.0247 208.82385592605638 -22.809637286923298 40.17008090988362
40.33581 209.70235224105528 -23.00133871694993 42.209912017492854
40.54329 210.3035852559616 -23.12302135834251 43.54860908950441
40.75077 210.9406087759859 -23.243144192353924 44.865777869199476
40.95825 211.60421408003248 -23.366670471294874 46.165000369782604
41.16573 212.30846093407334 -23.483542361032328 47.4354877081182
41.37324 213.05335943951803 -23.604497739571833 48.683147956804476
41.58124 213.85268378888026 -23.734468159259475 49.89638754256282
41.78822 214.70228926043927 -23.861440280570097 51.06674505403271
41.99566 215.60202938249904 -23.99138943924723 52.17993003521734
42.20326 216.56362533653459 -24.12478652026364 53.24697367331163
42.41077 217.57407262783073 -24.25595240937639 54.21567941692116
42.61835 218.64263180551035 -24.381047119762975 55.14916949108296
42.82571 219.75372798819424 -24.51672644444775 55.95792865601153
43.03322 220.90822726739813 -24.643694783894286 56.696363881281236
43.24054 222.098314108159 -24.772457457272747 57.33139472901482
43.44789 223.3140153534117 -24.904799563100163 57.865937935958335
43.65537 224.56783440027328 -25.04497272915263 58.32318352501649
43.96657 226.5136126387519 -25.237988418215615 58.84527318347552
44.17385 227.81507696131555 -25.364581916733684 59.06852369243884
44.38131 229.13106910169296 -25.507920986390662 59.19856166911169
44.58866 230.46880216949978 -25.638750787040216 59.23953319855539
44.79604 231.789910797677 -25.767068355837186 59.17495133310233
45.00338 233.11083548957032 -25.90395899522176 59.01976496190516
45.21061 234.4095627246155 -26.031734796742413 58.76413952591771
45.41797 235.7027188636495 -26.151373203589984 58.40069944731242
45.72894 237.5731345173323 -26.335843878525303 57.68329027028496
45.83269 238.18301746671426 -26.391069392224523 57.396358544298195
46.04003 239.38433026126552 -26.504881582169418 56.750734281194624
46.2474 240.5404533083766 -26.61815769722628 56.0199551704156
46.45482 241.66076606043092 -26.727700909495688 55.181424370410355
46.66199 242.72988195115187 -26.845451108091346 54.2483483151981
46.86966 243.7286504195987 -26.960543244903374 53.23194232823241
46.97295 244.20908957884197 -27.019793889379976 52.67925396758055
47.1803 245.09528492502756 -27.145793201657717 51.51977896692992
47.38767 245.898379878197 -27.2632647326121 50.2936457614169
47.59477 246.60330684318467 -27.373018940699506 49.02062728558309
47.80202 247.19512568587018 -27.484843622955623 47.71770553920071
48.00923 247.70985615466955 -27.592806117170507 46.39303601193254
48.21646 248.14966981797562 -27.700477662769522 45.01647654580576
48.42366 248.53379951890082 -27.789341164614708 43.64031826392837
48.63055 248.88118742498963 -27.88677178067777 42.24465736548201
48.83753 249.21072437041974 -27.993291003225664 40.838292440526914
49.04477 249.52051311950564 -28.085732495431014 39.424877985396186
49.25219 249.80723299895618 -28.17787767500474 37.9779199832887
49.45935 250.09130792310694 -28.278111076330227 36.546789582951185
49.6666 250.31304070968844 -28.36770322875297 35.13673307611561
49.87371 250.52893386750566 -28.460605727231293 33.7395376737124
50.08079 250.7377666696679 -28.543333535367957 32.35401530618578
50.28802 250.95518059532307 -28.6267556880249 31.00886713814649
50.49519 251.18869729109673 -28.72223859146133 29.70195307613459
50.70225 251.45055557747457 -28.802673881139114 28.44282588640355
50.90934 251.73293502030083 -28.880883970854384 27.294914006952595
51.11635 252.04922119769418 -28.96412851747884 26.205759821729444
51.3234 252.43006609979633 -29.04615294212477 25.200254996271134
51.53028 252.87596535466616 -29.121135332998975 24.252272299991176
51.73714 253.4102063148925 -29.195916775569017 23.37975154003196
51.94412 254.04094795870802 -29.276201225510036 22.599740677768466
52.1511 254.73478185698062 -29.338014875054512 21.918903172122853
52.35833 255.5037749455746 -29.388578764422725 21.350692842504756
52.56569 256.3330433929368 -29.45305319875152 20.867208068921386
52.77317 257.26729525126905 -29.493918684289653 20.48884296681571
52.98058 258.3160697341621 -29.52355092345135 20.21046862936656
53.18816 259.4363200280805 -29.552189915295028 20.036450715862465
53.29209 260.0177508476387 -29.562295922383942 19.994061281530612
53.396 260.61250538477555 -29.570313999548635 19.975749791549628
53.60412 261.838753803356 -29.60309191181888 20.01569937850592
53.70798 262.470239668767 -29.62794292267494 20.074915534251243
53.81213 263.12023283383894 -29.65394618513401 20.1550240914407
54.02 264.4159446493507 -29.716291250479784 20.388074848311376
54.12406 265.07686444886525 -29.74956982130123 20.54421251411666
54.33153 266.3967747861989 -29.82131727471642 20.91310574977306
54.43528 267.05912979761825 -29.858012100265842 21.13341828226981
54.64287 268.36494863475986 -29.947995663787623 21.620665017272643
54.85039 269.64490603246304 -30.035506898412287 22.202113779518925
55.05791 270.87267982175683 -30.109920057647535 22.857630916295165
55.26546 272.0862996317686 -30.19333053631583 23.609102016132454
55.47294 273.2432085975369 -30.278442245483888 24.457898164371755
55.68051 274.34335475501115 -30.37151076180611 25.397386264893328
55.88826 275.3629590650502 -30.471554299274402 26.44089015065262
56.09593 276.32650356074953 -30.572236496099286 27.550842754743968
56.30334 277.20260605337097 -30.669754756278323 28.716442178404094
56.51097 278.03835987143515 -30.762507617923482 29.928807070796196
56.71859 278.79050145050337 -30.88436470075304 31.152640416389403
56.92631 279.5036992417707 -30.990623933434566 32.41770810115101
57.13364 280.1730761531099 -31.07631604691572 33.71091585085696
57.34101 280.791848979571 -31.173075482906327 35.035459332453115
57.5484 281.34065033696095 -31.26999825786468 36.36793864687969
57.75534 281.8329845151964 -31.364291070628116 37.72616295704043
57.96257 282.2574389112875 -31.44889171817678 39.11564995345418
58.1698 282.61253587409607 -31.537021849024534 40.536762099728094
58.37703 282.88021135198676 -31.623148795272733 41.99092361529467
58.58426 283.068836641105 -31.705484005207595 43.45388223294412
58.79163 283.1777484673456 -31.792380738444617 44.946676711269106
58.99897 283.1991570021663 -31.86896165072144 46.4737137399159
59.20658 283.16166948817676 -31.94908819781238 48.06018386033263
59.4142 283.0680487349572 -32.032706227838446 49.66554794994679
59.62193 282.9434473317848 -32.12026517284099 51.30146150556608
59.82954 282.79264457179727 -32.212350999522556 52.9734038321329
60.03715 282.6321737998961 -32.3024492169448 54.658436065020126
60.24461 282.4595220297311 -32.402818316855175 56.37591311940318
60.45209 282.2664423701571 -32.50422563339364 58.12650411681807
60.65946 282.0597679875526 -32.606248194009765 59.891033119323055
60.86685 281.8334143855749 -32.70835299542428 61.68975689419898
61.07423 281.6051169344364 -32.813793316336344 63.498626660320085
61.28164 281.3664215580853 -32.92092628472919 65.33220399471247
61.48899 281.12381073102716 -33.031967551694336 67.19161716055453
61.69637 280.8616285191924 -33.14601409080497 69.09643699422611
61.90373 280.59927435015845 -33.26085561741554 71.02244338719338
62.11106 280.32963461621205 -33.38023451664578 72.95557574211746
62.31831 280.0484030881704 -33.500834029006384 74.89580179493096
62.52565 279.7468990301144 -33.62896267781808 76.81180210493491
62.73302 279.4245608785584 -33.77536575724543 78.7392961439821
62.94027 279.08588425961057 -33.90638626583058 80.65977954925856
63.14771 278.7226506230063 -34.02661187260602 82.57961574638884
63.35507 278.3603618700961 -34.155161852202916 84.4875478570616
63.5623 277.98344490806346 -34.277678482679875 86.39149901952517
63.76966 277.5880470264807 -34.404510332314814 88.28881949796057
63.97716 277.1905418774935 -34.54171491641678 90.17236701409917
64.18451 276.8011058533718 -34.68309483610636 92.07298104486296
64.39197 276.4181121559418 -34.8366327182722 93.96899133016964
64.59945 276.01594099470464 -34.98192451764981 95.8565134328764
64.80697 275.61374589753603 -35.12812937117592 97.74388994517327
65.01429 275.2281389220577 -35.27190951840584 99.64434419807785
65.22189 274.86560433465894 -35.42642994645227 101.5184432944645
65.42913 274.49533919965495 -35.5809981701677 103.39391944955293
65.63663 274.1280693506366 -35.72683266460136 105.27448976259757
65.84398 273.766543554543 -35.876519562228594 107.14649390976588
66.0512 273.4128232776208 -36.033876425285186 109.03942599283582
66.25858 273.0690873681098 -36.1910151543497 110.9327531337602
66.56966 272.5586924485512 -36.42884071430942 113.7641961289238
66.777 272.2063555239889 -36.59571799693862 115.65510848825481
67.08785 271.681034694029 -36.84001066774376 118.52448226449417
67.29536 271.3356393472737 -37.01040385291177 120.44360045928957
67.50269 270.9901742535049 -37.170533837158445 122.35505412061923
67.71017 270.6454187753613 -37.33072969999632 124.27340698480103
67.91753 270.29927919939684 -37.504318163069634 126.19727872638003
68.12488 269.9697545464679 -37.68097880815759 128.1556241841254
68.33226 269.62221531790976 -37.837991207961416 130.08473795854647
68.53977 269.28263128312153 -38.01095672362169 132.0104820141595
68.7472 268.954232933733 -38.18308856504036 133.95934774963268
68.95471 268.65184405018806 -38.36042785666621 135.896532882341
69.16218 268.3715067656307 -38.528602323691935 137.8536827278101
69.36965 268.12501136604794 -38.68529093643393 139.80784605921752
69.57713 267.8931380582081 -38.83247321625635 141.7674280959127
69.78448 267.6840479550259 -39.01210059756997 143.72540738165907
69.99196 267.50660747828545 -39.19804926915971 145.6700918028783
70.19936 267.33203085157817 -39.362094532320185 147.63503514954672
70.40657 267.1767482317526 -39.53008284223197 149.58974691901864
70.61393 267.06701157454523 -39.71435998141769 151.53676967520673
70.82127 266.9662337912393 -39.9123799614346 153.4991267085038
71.02862 266.88891916975496 -40.09808237309742 155.46592863004872
71.2361 266.8307343786728 -40.2722026951305 157.43323876862078
71.44337 266.7797512010639 -40.454951685991574 159.4174452269071
71.65069 266.7509950879878 -40.63491985846155 161.4035599161138
71.85805 266.7358652370864 -40.82026355291804 163.3896854455482
72.06544 266.77397495240524 -41.00148891351377 165.36996646481117
72.27276 266.8160774369418 -41.17896272943395 167.37223702523784
72.48014 266.90078020808534 -41.34855484582684 169.3754000819853
72.68747 267.01047188898025 -41.528318253288035 171.37949281253225
72.89473 267.1326287102084 -41.698062600972634 173.37641686428233
73.10206 267.2939954935107 -41.87375225115446 175.3767775163926
73.30942 267.46760152697334 -42.0373219111817 177.3814202413839
73.51681 267.6577119095958 -42.200913306819004 179.39367586250887
73.724 267.893151062529 -42.35472083098528 181.40772253655055
73.9314 268.1449470855099 -42.531290344419645 183.43423352896994
74.13885 268.41923045183944 -42.69826468247791 185.48194787283495
74.34632 268.7157993061129 -42.86782289281072 187.54643566380355
74.5537 269.05220341335803 -43.02778375055601 189.58932445151578
74.76116 269.4383142611753 -43.188716482861544 191.6295053967727
74.96854 269.8577388426111 -43.3241845083731 193.69162912183367
75.17574 270.3143518357281 -43.474352048754014 195.7366650733308
75.38309 270.78766123477834 -43.61263606231728 197.76880438019455
75.59033 271.2851539520799 -43.739402148879435 199.7809217173933
75.79769 271.8077633108951 -43.87033726844059 201.7877403160321
76.00504 272.34579622462763 -44.008126382775195 203.743764134879
76.10883 272.62510661591665 -44.07103171366003 204.71401757052809
76.2124 272.90244328459113 -44.129676333599164 205.68289466620254
76.31602 273.185148137263 -44.188805827471015 206.6431710143654
76.41965 273.479235789531 -44.24622839709003 207.60520802651334
76.62699 274.0787561860948 -44.37152424081447 209.513207236772
76.7306 274.38776819788006 -44.434414384834696 210.46709707298191
76.93794 274.99547263172735 -44.557368475933885 212.36397235638168
77.14531 275.6064517983024 -44.67520526893111 214.26875705814942
77.35261 276.22928295788415 -44.77730639778826 216.14920281623634
77.56002 276.8480807323035 -44.882005762115654 218.00409012501146
77.76726 277.4783948848715 -44.99377859149834 219.83074376647687
77.97461 278.10677497710634 -45.09635889699835 221.63328867978197
78.18197 278.7294707756787 -45.19765546658422 223.42183560080434
78.3892 279.33425990213567 -45.30090151523135 225.19609826150463
78.59655 279.95000184403284 -45.400091096928925 226.94238692224684
78.80391 280.5599424869193 -45.49675319760792 228.66583104846598
79.01129 281.1721833904391 -45.58900550629998 230.3821468128987
79.21862 281.7882929689491 -45.68068258000234 232.09761675690208
79.42598 282.40193484620664 -45.76411343514964 233.8121401214906
79.63321 283.00488071912935 -45.8521359328918 235.56884489319052
79.84071 283.61762636714 -45.93253017380729 237.31624057345778
80.04817 284.2412087851792 -46.01313661526662 239.0727416758985
80.25565 284.88753270157656 -46.092364807265064 240.84240732410245
80.46314 285.57130002037076 -46.164822306686624 242.61930236651295
80.67049 286.29840335290817 -46.23424433236731 244.41256674509904
80.87784 287.0585162684388 -46.31469070176197 246.19411784168074
81.18869 288.25788925324366 -46.4356079211112 248.873663792685
81.39604 289.11928781829647 -46.51470585906021 250.66310129498407
81.6034 289.9978857520801 -46.593627044320954 252.4479998234906
81.81076 290.91105732357994 -46.677318267333035 254.23930959472503
82.01799 291.8534646760397 -46.75570018313174 256.03626228395456
82.22535 292.81286332313346 -46.81141813666433 257.831250450213
82.4327 293.7670598217244 -46.88291687890163 259.59536993489405
82.63994 294.73793051136965 -46.93638698131279 261.3225910404535
82.84729 295.7104428341497 -46.98883443674022 263.0221091070493
83.05464 296.69570270792 -47.022529190019824 264.7852640086371
83.2623 297.7027787135786 -47.07382369250766 266.5446633528221
83.4695 298.70670530656133 -47.11428556960995 268.29916464310173
83.67683 299.69385979349386 -47.14558699535991 270.0444940959961
83.88419 300.69355124336573 -47.193564850667194 271.8058552134011
84.09155 301.6941398802831 -47.21769794927489 273.56765430048125
84.29903 302.67294224591853 -47.249534090441585 275.30496110390635
84.50638 303.653593548296 -47.27744729249942 277.080793163918
84.71374 304.6450180861995 -47.30048602484277 278.7967893534584
84.92097 305.6207333382493 -47.332377213962026 280.55321934692466
85.12833 306.59584264920335 -47.34118127153275 282.3094121320843
85.33568 307.5647663118882 -47.35739350320971 284.05172652275763
85.75039 309.5051749075577 -47.39695455134189 287.51740616185856
85.95779 310.49224428134414 -47.397261253553296 289.25174962737447
86.26872 311.97315883598617 -47.405285747380084 291.85513140402384
86.47595 312.966458993767 -47.40751444740769 293.56657253813745
86.68333 313.9629178029768 -47.42214276942897 295.27683533517256
86.89066 314.95981620119045 -47.43381489808822 296.97720202761593
87.09806 315.9741948238315 -47.4610511242693 298.66122970651287
87.30537 317.00624168845195 -47.47402557343328 300.32265365108174
87.71996 319.0238468090125 -47.49233240534428 303.52618510089053
87.92734 320.0139384855469 -47.51423880698307 305.0598995176873
88.13456 320.99123284114796 -47.52341871309631 306.59204766274524
88.34196 321.9582091427424 -47.53376217716439 308.09605122986693
88.54926 322.9208203713379 -47.54240919431786 309.57531597741223
88.75661 323.87902798817356 -47.5645917776572 311.04451417110204
88.96412 324.8300172269638 -47.57705315633326 312.49572238256985
89.27519 326.2475290225227 -47.603458490451594 314.6429794180396
89.48255 327.1736401935476 -47.625175478152386 316.03384794865605
89.68991 328.08106852373663 -47.6475133996818 317.40544696513905
89.89739 328.96804223275467 -47.66242832208302 318.73619125594973
90.10487 329.85917738432624 -47.67685122940178 320.0699927397567
90.31224 330.73961357430994 -47.7031767284756 321.3661557409988
90.51961 331.6062711950501 -47.726309386974705 322.6176740476952
90.72694 332.4557031428017 -47.74999984206255 323.8106914649988
90.93429 333.27270159131166 -47.775867713398206 324.9539132259692
91.14162 334.05531317336573 -47.79462036362373 326.0242882418718
91.4526 335.1943246590734 -47.824146691391924 327.59210137987077
91.76372 336.2814361106557 -47.85765825857218 329.0718327480992
91.97107 336.9643191505139 -47.882461377347596 330.02402008928766
92.38595 338.20248194556467 -47.91611662895631 331.78131277244927
92.59314 338.7692701592872 -47.938147725188216 332.59291495232725
92.80062 339.29403248990275 -47.96825353487939 333.36769561942884
93.00787 339.8144756081506 -47.99151137151122 334.1115603511442
93.21508 340.31351825338845 -48.01792210226339 334.8485958806775
93.42219 340.76640587236653 -48.04679367559236 335.59196880094987
93.62917 341.16919468164167 -48.074592963822894 336.3337950617593
93.83603 341.51690751216626 -48.103116624405345 337.09040092243157
94.04301 341.77762971367156 -48.120591096277195 337.872440723081
94.24999 341.9468005693104 -48.13472971654126 338.66733437146144
94.45728 342.05697974541476 -48.14708301405501 339.49201567496794
94.66445 342.0900793441758 -48.149674039106 340.3560247376571
94.87183 342.0293407137346 -48.142157106813265 341.251205109798
95.0792 341.8916962869158 -48.13218522995357 342.16493932871174
95.28652 341.6591054021523 -48.10452916241838 343.08870803577514
95.49402 341.33339632384053 -48.08313294424379 344.02400692657693
95.7015 340.94225981437023 -48.063253766961665 344.9601238609514
95.90909 340.4672985657463 -48.039324661448184 345.9015458129556
96.11682 339.91501503975576 -48.01670532808665 346.85428906827394
96.42879 339.0190248795296 -47.97507495736702 348.3498243186601
96.63677 338.3898790106714 -47.93101342912387 349.37663202596417
96.84463 337.740812211291 -47.8895805933836 350.441707056538
97.05236 337.06883044360427 -47.84795501027104 351.53352585309915
97.3636 336.03830780639345 -47.7774872941862 353.2200366011185
97.57106 335.3315310382498 -47.72585668883018 354.3739152157895
97.77842 334.60352429090665 -47.67693112621361 355.5613402294503
97.9859 333.8552027892325 -47.620373097119746 356.7847616035467
98.19326 333.09671315890296 -47.561909745939225 358.0378712894435
98.40075 332.3220052576313 -47.498876244416344 359.32274054916127
98.60822 331.52663974792006 -47.43418945984847 360.63264289546254
98.81557 330.7194809219409 -47.36975528034941 361.9472595117244
99.02293 329.9099488725104 -47.29638975151642 363.27253271313646
99.2308 329.10327948127394 -47.22776780136758 364.59441266551863
99.43779 328.2862709315756 -47.15596112056529 365.93455411207617
99.64525 327.4723737019862 -47.09049261006487 367.29028454772646
99.8526 326.6534850556782 -47.01730235556928 368.6447183643745
100.06 325.8284785759065 -46.934056225492455 370.0100225803435
100.2674 325.00874694448 -46.86015230673015 371.3421316663903
100.4748 324.170937409968 -46.810197364846765 372.70530968039895
100.6821 323.32799494724827 -46.75345004145304 374.0782251958806
100.8895 322.491401990897 -46.68439093181864 375.45124681353985
101.0969 321.650005643448 -46.61875576581834 376.8066448926319
101.3042 320.80408748339744 -46.550264951285484 378.1745873048819
101.5117 319.9551470709879 -46.48008964959458 379.54161198303177
101.7191 319.1222025674052 -46.414780884042045 380.8845868307425
101.9264 318.30731959460866 -46.34397114817155 382.18986129219803
102.134 317.511955278474 -46.278042844430026 383.47387439637
102.3411 316.7263558241524 -46.21261829508122 384.7338605410171
102.5485 315.9523097572538 -46.14873475947834 385.97798810561454
102.756 315.203190872877 -46.09389358340667 387.18214143066393
102.9633 314.4839475087332 -46.034441003060564 388.3381285887393
103.1707 313.7988608500407 -45.98115985436885 389.43273750150524
103.378 313.1478011342717 -45.92647451628994 390.4752415401415
103.5854 312.5374978775049 -45.878674912742525 391.4631784116292
