0.0 -0.0 -0.0 -0.0
0.1044989 -0.0038772290441649896 -0.028388214425502243 1.7216738885591925
0.2077935 -0.0068469104425639485 -0.057438767581754875 3.4459825113867586
0.3116343 -0.006749305331135665 -0.09106478487486555 5.1737801239807
0.519644 -0.000310473765158463 -0.14927407316426072 8.635358410304555
0.6234014 0.002099193906520927 -0.17782179650563248 10.36949383875581
0.7273457 0.010361356860758758 -0.20902788880211232 12.097734532963615
1.038877 0.021927703642304196 -0.30225491235388124 17.277250638952285
1.142774 0.015152981012128513 -0.33517014662406813 18.99962943470242
1.350553 0.003088688115644639 -0.39796423644706325 22.473356358966782
2.181756 -0.11194312408837334 -0.6437753098551302 36.283378613543235
2.389627 -0.1560917253030318 -0.7067154503899518 39.754892107212925
2.597363 -0.20015946799037682 -0.7549676763130853 43.20524240738981
2.806098 -0.25328173052500247 -0.8127530711844926 46.66768972279327
3.428991 -0.43865321010112746 -0.9827847928284916 57.084134545450766
3.636879 -0.5029819602907486 -1.0368820360503852 60.56461444313637
3.844868 -0.5736361311428035 -1.0762311753763751 64.05410225227389
4.052745 -0.637659818569012 -1.1166227832466515 67.54675118097926
4.260741 -0.6782929050622588 -1.1354217048130981 71.04647989516657
4.46862 -0.717620760286999 -1.149854187864603 74.53026585331872
4.676494 -0.7540222895208183 -1.1630200961477408 78.04128262529417
4.884244 -0.7889449902120274 -1.179882512353319 81.54593809878773
5.091994 -0.8354325269183195 -1.1995659873553055 85.07519761262601
5.299899 -0.8960777221069182 -1.2245055779267677 88.59226754758984
5.507756 -0.954918208567594 -1.2491744226152977 92.1033684570113
5.923372 -1.0875605206698602 -1.2864393377618446 99.1099122101319
6.131261 -1.1623345651926582 -1.3156401104065514 102.60384920981235
6.339121 -1.2351795440004147 -1.3379025230230002 106.09152087323771
6.547122 -1.2931999749655112 -1.3688106096018433 109.56380696438454
6.755121 -1.3288864001135217 -1.3971277752469033 113.01622354341792
6.963119 -1.3404357211940123 -1.4342817765934355 116.45611400375263
7.379122 -1.2924966851873811 -1.5271867248532902 123.30000772022922
7.587125 -1.2376996786383887 -1.5835554070686424 126.71658664509809
7.795143 -1.1590312000207055 -1.6386898237954581 130.11446604288847
8.003122 -1.0553655451539683 -1.6977085531133733 133.51928742825524
8.107122 -0.9950373521374782 -1.7223517783063251 135.22769097151786
8.315124 -0.8546241751865438 -1.7762290088336445 138.64371676302324
8.939122 -0.3750798839077438 -1.9668451894261947 148.98018328603172
9.147125 -0.20940001539181718 -2.02962116733912 152.50140586405644
9.355001 -0.06741869419980517 -2.0798481276680367 156.05063415906187
10.39463 0.17548612137259567 -2.368325619250127 174.04344100901588
10.60263 0.137697315760116 -2.4240683270892394 177.71052483232177
10.81075 0.08666735968416717 -2.4670957960971474 181.39110074622735
11.01875 0.03319612274246975 -2.5199058185322682 185.08306266415659
11.22675 -0.03665897306527022 -2.56347951830079 188.79460712996783
11.43462 -0.09179379463575721 -2.582011146784405 192.51839193947154
11.64263 -0.1447618780632247 -2.6030390829722503 196.26032327607936
12.0585 -0.2584293516766696 -2.643628167364791 203.80280573635707
12.47437 -0.40768700388737145 -2.6805902050837895 211.390479032172
12.68225 -0.4764157941312388 -2.7076505022918247 215.19325849507376
12.89025 -0.5462881403026452 -2.7524269195365085 218.9728800727551
13.09813 -0.6186488396216601 -2.818235190392237 222.75169865699797
13.306 -0.6961452602184606 -2.873477857030637 226.5367717849978
13.72188 -0.8257294082830331 -3.002094476122312 234.14292399096428
13.92975 -0.910895115837608 -3.0471000849835246 237.94558691806776
14.13775 -1.0031395739861964 -3.1034183112874514 241.7496432764391
14.34563 -1.101064729048904 -3.1621965101299696 245.57325687221834
14.55363 -1.193547464081293 -3.2128700487769213 249.40455279173426
14.96938 -1.4019409636972293 -3.3442387354987586 257.05070668712943
15.17725 -1.533356336480952 -3.3971696587914098 260.88795869970556
15.38513 -1.6899683503712923 -3.4518762909670357 264.7062922682687
15.59313 -1.8208074357349275 -3.5042123071078235 268.5274412914811
15.80101 -1.9611350771061762 -3.544693975830471 272.3438311552844
16.21688 -2.238848360862331 -3.642310491579213 279.9007303694249
16.42488 -2.3791078651858815 -3.6913126989146394 283.67743800078557
16.63288 -2.5159009785842166 -3.7305159277669873 287.4245793159331
16.84076 -2.6412312719616136 -3.769749694270651 291.1345154546422
17.46476 -2.8901641417358466 -3.9194765199943733 302.1519495831142
17.67276 -2.9951976746134985 -3.9620140199826723 305.7201510260982
17.88063 -3.11196125732792 -3.988232643957991 309.22504986584414
18.08863 -3.2195484671547963 -4.035131027412188 312.64174715565247
18.29663 -3.3511783396121793 -4.068591628241909 315.9681652463652
18.50463 -3.47871453394022 -4.100600941903216 319.2243169387417
18.71251 -3.6087107863523187 -4.145635643866594 322.44104192326307
19.12863 -3.924250315178316 -4.205633475590781 328.6541106602374
19.33651 -4.127672992350021 -4.247178538853396 331.56673703386724
19.54464 -4.349117567000274 -4.2704869226193685 334.33927737430844
19.75263 -4.601245228436106 -4.30209931314967 336.9739170137752
19.96078 -4.87005997229388 -4.331227957727043 339.51853866974056
20.16888 -5.139834196925349 -4.364142473685031 341.9514289172418
20.58526 -5.6575091393876775 -4.484158277483502 346.6615538554086
20.79338 -5.96629717081894 -4.5503239346268485 348.99277697752535
21.00151 -6.3110027540752185 -4.619362615794247 351.29723135571595
21.41776 -7.111210097613508 -4.831390410734805 355.8531513377324
21.83414 -8.146805484902657 -5.00702162544485 360.3397222716444
22.04226 -8.84962019920983 -5.218584778223146 362.61627363092794
22.25051 -9.71076131046027 -5.540433656515031 364.99399696330175
22.35451 -10.236075588423319 -5.50505967706642 366.2351784326972
22.56276 -11.604105512809252 -5.4057136362057925 368.9299641866415
23.18689 -16.614294352534873 -4.422061859543213 386.8033778170727
23.49901 -18.00164340447489 -3.890796952306065 400.2507469432688
23.60301 -18.444418893496096 -3.692079213844721 404.82394845370857
23.70716 -18.836118055223043 -3.487555874295417 409.44069379298077
24.01927 -20.000430685326 -2.867280864032427 423.571900202306
24.43553 -21.167442322207645 -2.296469942359341 443.0524399047921
24.64364 -21.772803130405507 -1.95804914075417 452.7276634349028
24.74764 -22.03539971444343 -1.788274521819183 457.4968941062081
24.95576 -22.70587833642577 -1.4801393815510338 466.96664873531734
25.16376 -23.304062532725162 -1.114303196309983 476.37939791398867
25.37177 -23.79392498714446 -0.7640832307988603 485.864777087336
25.57977 -24.295116567004847 -0.40073923054555394 495.3422384835936
25.78765 -24.723198644555684 -0.0832602499087649 504.9144717111806
25.99552 -24.838416027123984 -1.1276712402108906 515.6375508891784
26.20351 -25.368156023999738 -0.2381435515727901 525.0872889277416
26.30739 -25.80944912579514 0.1252092938398377 529.3081695924125
26.72314 -28.575860540683244 1.297473643946482 545.601172412666
26.93114 -30.72834578498697 1.4164423248456366 553.3129086067443
27.13914 -32.35804422955117 1.7472198882400107 561.5517284856753
27.34726 -34.02525767134707 1.9689133950363988 569.5274112580469
27.55539 -35.69895860297379 2.2362893447971857 577.0843757635204
27.76339 -37.09760906170855 2.4123048185308065 584.4168340285872
27.86741 -37.722687446622515 2.4764290379293676 587.9679978524613
28.07541 -38.733566905134204 2.6929267169337567 594.7319160128905
28.28327 -39.356619103967155 2.6316354783188665 600.6723953621168
28.4909 -39.718478007795774 2.6125210597984463 606.502466216969
28.69852 -39.92805541060761 2.7990432074962506 612.1147531945705
28.90604 -39.989604285648525 2.6705039698473243 617.3659939412637
29.00977 -39.93028339576737 2.851791087125285 619.3705183458079
29.21728 -39.79547915746146 2.8283387981785246 623.6468544673157
29.42464 -39.713949752460906 3.0157804095628222 626.3902401891469
29.63216 -39.579119776644404 2.865947084949859 626.8594215204355
