1.036778 -0.0 -0.0 -0.0
1.244137 -0.01453812695816369 -0.03160590029159472 2.184947407002267
1.347751 -0.023693660864458635 -0.05003744418819087 3.2605451076717116
1.451492 -0.029968709833114462 -0.06433942035534405 4.336518696929993
1.555107 -0.039449314601621016 -0.07454591958129866 5.416592419793635
1.658847 -0.04801946112245357 -0.08857386167980805 6.4821014662126535
1.762586 -0.054192434299405755 -0.09833242251421856 7.55739417560219
1.866202 -0.06265808633829228 -0.1136888395970435 8.603148709824708
1.969964 -0.07219462303845743 -0.12673048660569353 9.649211367234273
2.073559 -0.08095300547741979 -0.13941175791222482 10.697027725613651
2.177298 -0.08738019896897342 -0.152470464274199 11.74255882453236
2.28105 -0.09229204289352141 -0.16682673043861318 12.77708913969375
2.384674 -0.09916380591694895 -0.17960815009280462 13.794296178952706
2.488425 -0.10221066510574749 -0.19485009687244925 14.813540799206777
2.695755 -0.12050731781585601 -0.22305363993629784 16.814649064788433
2.903108 -0.12972405991391275 -0.25728386799700936 18.763552762229896
3.110482 -0.12891239316477826 -0.2852040007659731 20.65875223782133
3.317943 -0.11883213113657509 -0.31306274075321494 22.50949361656338
3.525427 -0.09149189687640247 -0.34205859644211023 24.31145610678662
3.732909 -0.05004401535676106 -0.3722471129264946 26.098623181541125
3.940409 0.013655445281443468 -0.39811202034989307 27.842486504687983
4.148122 0.11093320154596498 -0.4253217148379832 29.54793106709727
4.355725 0.24530171697335712 -0.4480312741745554 31.210104151795957
4.563456 0.4443337355713588 -0.473609880964597 32.825867794729234
4.771058 0.7024892804794574 -0.4952754908132606 34.39439623038723
4.978668 1.0378249254851513 -0.5155416761919315 35.92220638543945
5.1864 1.444492030269707 -0.5356072773642406 37.38762488087861
5.394003 1.9129624299452797 -0.5516228154698497 38.802082410003905
5.601734 2.453102639743298 -0.566334222357872 40.146842248612096
5.809345 3.0568544834583307 -0.5829994021347544 41.41437350379884
6.016968 3.7409972353743743 -0.599856559657597 42.63675688579323
6.224565 4.506353778337502 -0.6162313902167474 43.81909194213976
6.432181 5.327941194531551 -0.6268184807682702 44.918245994249745
6.639619 6.232808434415563 -0.6423721035682765 45.939887581975086
6.847019 7.200512258541561 -0.6696507121869563 46.889631900942035
7.054434 8.218394805506744 -0.6917341083174261 47.76195011153096
7.261837 9.304756438168997 -0.7203171638172348 48.56491103431948
7.469315 10.455874854019068 -0.7586437087715725 49.28964617655294
7.676672 11.679030161832696 -0.8126929096939822 49.938464230763444
7.88415 12.952192501949272 -0.8737920536079654 50.51193532086188
8.091556 14.289987042925727 -0.922824707777734 50.99775900803846
8.299053 15.680847432639364 -0.9753370710162511 51.379774678462255
8.506356 17.10437753275423 -1.0220535525005083 51.64974955953192
8.610085 17.83212740848049 -1.0534215091417651 51.7393053150956
8.817441 19.296026593226138 -1.110579593979476 51.85495298334113
9.024545 20.793358047035778 -1.1713601349281024 51.88290749735901
9.231657 22.314539949275034 -1.2358221311273025 51.849023575394305
9.438799 23.82782105169123 -1.2959239042067503 51.760823750480384
9.646095 25.35914423027056 -1.3687463360459704 51.627899779414264
9.853097 26.891445556068412 -1.4542940675248894 51.481445556699136
10.06045 28.437522786443697 -1.5560238090189307 51.32770958389118
10.26768 29.986553663208966 -1.6653403399108473 51.17096096924753
10.47504 31.553615523063833 -1.7777483333414652 50.99711764706743
10.68242 33.13991756914028 -1.896042239606611 50.817602415947064
10.88987 34.72922271900071 -2.0130956585053834 50.63776416999241
11.09727 36.32814461373332 -2.1500736624813497 50.44808535118817
11.30471 37.94389746035195 -2.2925535303513165 50.25124704154655
11.51214 39.59016876633416 -2.4362134792460965 50.036498793670596
11.71955 41.23353260160993 -2.573523879210375 49.81547257604927
11.92703 42.8855304686653 -2.723027344149604 49.59462538231153
12.13451 44.56761530259302 -2.8662477566542632 49.382385987172626
12.34189 46.24909183277503 -3.02579257685156 49.16334191566372
12.54922 47.95530569154819 -3.1744405925645545 48.942177453989544
12.75659 49.68601018865657 -3.306125144430382 48.70071183877038
12.8602 50.54008385490479 -3.367874670531833 48.57676675376092
12.96381 51.400818880867725 -3.4282962638210384 48.45196053816823
13.17118 53.128229413620176 -3.567024575826401 48.221293498399845
13.37865 54.87922709940072 -3.704828226549802 47.98328937038474
13.48241 55.75824333112277 -3.7738497423902304 47.87019695999936
13.68975 57.51767799649883 -3.921381502603894 47.64058243117853
13.89712 59.29785043720458 -4.0618289873842945 47.40855404914213
14.10445 61.107484851689115 -4.207447340849521 47.178412258532276
14.31181 62.911294082290915 -4.352354486759136 46.94896602815443
14.51906 64.7449572995913 -4.506248950201096 46.71208003433597
14.62278 65.66059228262765 -4.579785900732238 46.59177095876125
14.83014 67.51218056342415 -4.722782310459207 46.35539717314368
14.93376 68.4528255507153 -4.797271201061848 46.23479517877971
15.14111 70.32864468584023 -4.9415335732393055 46.00724290390511
15.34849 72.23186407685581 -5.088062616611913 45.775701474914214
15.45231 73.19106734585709 -5.161838241952743 45.66493302111799
15.65967 75.10940091772949 -5.3126570094473236 45.44653930713471
15.86717 77.0433702047238 -5.463246605050122 45.225686123246035
15.97091 78.01587125496665 -5.539680415146827 45.11779836932294
16.07463 79.00481656917822 -5.620466846358656 45.00427245976147
16.28215 80.9528630858555 -5.7791007641261665 44.773090797585176
16.48961 82.90838116357976 -5.923668985323567 44.54235031070793
16.69699 84.86612967750344 -6.0706815907019624 44.307133248500584
16.90495 86.7911307581787 -6.21684782077209 44.0599352609715
17.11181 88.70856678735461 -6.37551700037331 43.754295500581776
17.21568 89.65356946467877 -6.449699893374065 43.58726611524419
17.31942 90.60242799352281 -6.521185077407637 43.40833449377685
17.42316 91.539898957517 -6.593457037215016 43.22007536136871
17.63064 93.38028138426989 -6.738733883853174 42.7946647116171
17.73425 94.2882897472605 -6.816840827826025 42.564906843167876
17.94173 96.10162251667451 -6.9723449991862765 42.064409613607694
18.14909 97.91141326620574 -7.122727960937478 41.512904042162646
18.35644 99.68697121633473 -7.266197162075591 40.895482397081274
18.5638 101.44563968757876 -7.417821589413029 40.22215417711082
18.7712 103.1680661694616 -7.568405766831416 39.51247720471411
18.97873 104.85665346204382 -7.719946675008202 38.7308023227055
19.18597 106.53103386274867 -7.879267787379723 37.90388408847642
19.39323 108.1877328672253 -8.043693441133916 37.010045431995714
19.60058 109.83838724587184 -8.211999076848333 36.0608510277611
19.80783 111.45112584372103 -8.37912429982601 35.03192761542886
20.01516 113.03724618101981 -8.554592518584164 33.94645825165694
20.22252 114.58615111361351 -8.726229659251322 32.79122160913818
20.4299 116.11618313208456 -8.883584672154925 31.550034037250285
20.6371 117.61011019334573 -9.060496921968214 30.258299915981382
20.8444 119.05379591278721 -9.238482279379944 28.908758112599713
21.0517 120.44173518161301 -9.407160893560857 27.483032050988975
21.25905 121.7779410811226 -9.58356344085163 25.97243837398539
21.46628 123.03291938103754 -9.757750838673541 24.38412111727068
21.67383 124.20374647989176 -9.945629350862262 22.7009339247724
21.88124 125.28854551163269 -10.121198245932836 21.00464380966696
22.29571 127.23477981240264 -10.50390433839615 17.44970380293349
22.39937 127.68542847330131 -10.606883718704593 16.53503996587102
22.50301 128.1162536554305 -10.706507425378252 15.620589208535769
22.60669 128.53592785014402 -10.8059600768778 14.694536022732528
22.71018 128.93968972741615 -10.90451549197207 13.76063786276002
22.81379 129.33098883223764 -11.001565008404153 12.811786453792365
22.91742 129.7139448225374 -11.096847589972612 11.86000502486857
23.02116 130.08290918208007 -11.186018625102578 10.89989557435129
23.12464 130.436827803399 -11.277148185811335 9.934996838660417
23.22826 130.77775122758464 -11.363429927457435 8.969443443514528
23.4355 131.46416425651276 -11.543166682787222 7.0153875608735845
23.64273 132.15911023379064 -11.72089075679436 5.071833265954716
23.74645 132.49936882837252 -11.80548978156012 4.099803136444521
23.85006 132.8294270124681 -11.891928536048344 3.127179996584502
24.0573 133.47479419076944 -12.063758448325093 1.1659218299903955
24.26453 134.1119457691696 -12.263858771542655 -0.7733228131188525
24.36814 134.43402003758388 -12.36113687192807 -1.753481015666992
24.47176 134.7549461375375 -12.462395549651198 -2.7228634311568953
24.57538 135.07934458542874 -12.562399257445989 -3.7009839969163494
24.67899 135.4070318714102 -12.66251881247134 -4.669885935665917
24.78262 135.73298664316 -12.75832264212368 -5.64835379902204
24.88623 136.0801153432342 -12.8541066250038 -6.611283457988925
24.98985 136.4227554848087 -12.95107675158237 -7.55966331506788
25.09357 136.7709685430405 -13.04113881058941 -8.507186067065014
25.19719 137.12440152270645 -13.13067250072669 -9.46049184878769
25.30082 137.48761222555038 -13.222112199600833 -10.404561740133573
25.40442 137.86423240173488 -13.309424315016816 -11.3479747808883
25.50805 138.251927766536 -13.407460686977398 -12.289435960834325
25.61167 138.65125977099584 -13.499338554018433 -13.227313834897593
25.7154 139.06976238318538 -13.590207142314208 -14.147335680841337
25.81908 139.5038731903246 -13.684382849110683 -15.0809037485148
25.92279 139.94246947508637 -13.777070916109622 -15.998283825176529
26.02649 140.39346202478617 -13.867738257677075 -16.903040900883155
26.13016 140.86307842958382 -13.958158600593192 -17.803824382362755
26.23385 141.33289333588476 -14.045542632192454 -18.689004922371268
26.3375 141.8168731265715 -14.13454399681348 -19.56675989879257
26.44118 142.32018255759013 -14.219745844216614 -20.437921964392665
26.54482 142.83677459460762 -14.30243256934782 -21.28381438590064
26.64853 143.3642559895249 -14.381789542103188 -22.111998811116855
26.75206 143.90775102494942 -14.455760451609777 -22.931389847834097
26.85581 144.47116997242125 -14.52894893704066 -23.752486535338022
26.9594 145.0392703101731 -14.61526613343223 -24.54301612516408
27.06308 145.6278749405546 -14.694443008460205 -25.32486523583902
27.16666 146.23419507041433 -14.771572043198956 -26.078473972689984
27.27035 146.85312661850259 -14.845233941752621 -26.818182250584037
27.37399 147.48933618190654 -14.92319181280531 -27.543222170102375
27.47773 148.13722630568776 -14.997921483865884 -28.241686786689527
27.58157 148.81455803142876 -15.078584634593959 -28.92836519325415
27.68531 149.50601448174615 -15.152041540733418 -29.586325759175054
27.78906 150.21112478196562 -15.22881868939032 -30.220701366728115
27.89284 150.9323746880682 -15.29732443571362 -30.83428004672095
27.99666 151.6672494795824 -15.368962950744015 -31.425684413337926
28.1003 152.41281955620073 -15.442130024009927 -31.98677244163342
28.20406 153.1712563583846 -15.515329222934914 -32.530110903213995
28.30778 153.95211393166034 -15.585137500174756 -33.05295880168473
28.41162 154.75429500296968 -15.654844823641973 -33.55712640168058
28.51536 155.55890145369688 -15.723628080620248 -34.026739468019606
28.6191 156.38241194592146 -15.797462588217066 -34.47019905470058
28.82659 158.07339303888176 -15.938614647502412 -35.28623695833585
28.93033 158.95551202922135 -16.0126044709968 -35.66145457717808
29.03407 159.8244194329195 -16.080467473562905 -35.99116068233627
29.13781 160.72530099075146 -16.160295702644635 -36.298621207115275
29.24155 161.63963008724693 -16.23165641787548 -36.581172432568124
29.34531 162.55809286567492 -16.301047976886842 -36.82171308733138
29.44916 163.4832227722991 -16.373816585180045 -37.03482409725039
29.55289 164.409877106855 -16.441942724777753 -37.21222872969102
29.65676 165.34493155378695 -16.50964584617825 -37.35392506864549
29.76051 166.2808403164253 -16.581150459125944 -37.466386123862726
29.86424 167.22384800776774 -16.650098736817498 -37.54330633574016
29.96802 168.1751590158338 -16.713572489661207 -37.58355992659158
30.07185 169.10594055133174 -16.78313207447993 -37.59104928382323
30.1755 170.06219175666408 -16.852886591000054 -37.562685323234604
30.27923 171.01345793815963 -16.917403828853846 -37.508117946495695
30.38299 171.96624021029805 -16.985908044041174 -37.42773242572589
30.48671 172.91525320014966 -17.053018749973987 -37.31456569931264
30.59036 173.86339036456576 -17.117831050698804 -37.16884616278375
31.31628 180.4522610188 -17.607022015394463 -35.346725278786145
31.42004 181.38382236936678 -17.683266620953027 -34.955743132926834
31.52362 182.3028632468182 -17.757334821433645 -34.54093413352376
31.62737 183.20625598277744 -17.832796289787183 -34.09955446582602
31.73109 184.1020457140105 -17.90733552619438 -33.6319095735237
31.93858 185.8519924059379 -18.068625262184824 -32.59828799416759
32.14606 187.55450264406244 -18.23516745385298 -31.46165601277434
32.24997 188.3915374528549 -18.314063933202966 -30.85474588262754
32.35368 189.2221654810469 -18.39664536519886 -30.222244832163128
32.56102 190.84273198333648 -18.55728330875022 -28.890042381661203
32.76837 192.40507973855583 -18.716815516216407 -27.49958168936901
32.87211 193.16550296782236 -18.794741220624275 -26.778447827785442
32.97586 193.91967911321825 -18.87234642684225 -26.032415437065154
33.18321 195.38187868542485 -19.02929485338375 -24.48143252907927
33.39056 196.77987762524197 -19.180726998707033 -22.88159264238388
33.59779 198.1255199530732 -19.342100750507186 -21.219629533689627
33.80503 199.4245442933279 -19.505549416758825 -19.51058407982113
34.01226 200.68811165249133 -19.660650290291855 -17.727028233658956
34.21992 201.90689557567356 -19.830369281453322 -15.910753586140189
34.42688 203.09646079193092 -19.99768239122143 -14.01974222846701
34.53061 203.69046480214007 -20.079304345706113 -13.056241090641691
34.63421 204.2765923854474 -20.15784585531542 -12.098338302594271
34.73782 204.86598430802024 -20.241610046106743 -11.130730085766828
34.84147 205.44326685681523 -20.322475899097103 -10.162896910980677
34.94505 206.03067562895757 -20.398075863079832 -9.178480880597192
35.04867 206.59790002059225 -20.48127032837889 -8.204792609934003
35.15228 207.16509164739514 -20.561724318062954 -7.2255348892886815
35.2559 207.72497115450557 -20.644238197598128 -6.237530551462584
35.35955 208.28049388428485 -20.72524709768522 -5.255754324163874
35.46322 208.82728586987034 -20.804296699165484 -4.265992207491038
35.67048 209.91492025994245 -20.95987326669661 -2.298648311093089
35.77409 210.45573185941797 -21.03905341800693 -1.3146374357036024
35.87783 210.98321840369357 -21.11653384211168 -0.33510970535212437
36.08507 212.04885083492033 -21.274101329909886 1.6190801178018575
36.18878 212.5850756826756 -21.36015392148584 2.592344967272922
36.2923 213.11526133260793 -21.439046024965762 3.574640167077689
36.39606 213.65405665044247 -21.517760573792188 4.560100845533
36.49966 214.19431535770215 -21.5942627065329 5.54390967304154
36.70701 215.27494664321398 -21.74749546887996 7.50916519177423
36.91449 216.34904768834184 -21.904940665239668 9.460022752891547
37.12185 217.44518178744534 -22.058560695993044 11.4398109440655
37.22549 217.99005116283917 -22.136530678552916 12.435715554807274
37.43285 219.07786407102134 -22.29108076534737 14.432347629927222
37.53643 219.6206760817078 -22.366827972236038 15.426966769564785
37.63992 220.16572005774754 -22.443102885719775 16.426727893687215
37.84728 221.26182656822039 -22.583536235468877 18.418339302201645
38.05465 222.32988557639086 -22.71411777188586 20.396695215381655
38.15838 222.86537051554006 -22.78191626630933 21.389468732910885
38.26267 223.40446966202006 -22.847765903688817 22.374837508706477
38.36588 223.9419010729622 -22.912660810525846 23.366613543315765
38.4695 224.47249738828103 -22.975689600430865 24.347449171542237
38.57322 225.0036242906742 -23.040705960795247 25.331231538754366
38.67697 225.52953990826668 -23.106008487097853 26.303443565803633
38.78062 226.05002486594586 -23.169346242206785 27.28202848924539
38.88419 226.56632211163085 -23.230044998046026 28.25609692322267
39.09154 227.5780929709969 -23.34735808164978 30.192912415220746
39.2989 228.56254429715005 -23.45892927322146 32.11010317906205
39.40253 229.0516664132314 -23.51214578367587 33.06753527287262
39.50613 229.53555134223848 -23.56246831932104 34.023001720740695
39.71349 230.46648831737303 -23.67215663278012 35.89384373664899
39.92124 231.38623836523954 -23.784505425185806 37.73348213545012
40.12834 232.28207370546443 -23.90939197043057 39.552344047749216
40.33581 233.19029890069902 -24.02340659670422 41.354480340919636
40.54329 234.11049406530574 -24.14547943665424 43.113525791255725
40.75077 235.06089099616577 -24.266418973280558 44.83811651852501
40.85451 235.5551561569424 -24.323685427850915 45.689865397645704
41.06199 236.58266059807664 -24.433332121606867 47.38121089496319
41.26947 237.66133696034439 -24.538508929226342 49.0190569625894
41.477 238.803227785814 -24.66310287259808 50.62602249951141
41.68449 240.02223885753824 -24.78396758336971 52.1843008068531
41.89194 241.30037570857024 -24.897312323265968 53.66482742299458
42.09952 242.643522767678 -25.0213724386476 55.0669718755766
42.30701 244.0648714970203 -25.137341360266007 56.38035173640543
42.51448 245.55653890864173 -25.258278216184614 57.58946297574502
42.72209 247.1125943140412 -25.361932809746854 58.694491799864934
42.92959 248.7185676423896 -25.474640709105877 59.664408772827414
43.1368 250.3895913378832 -25.588751558242585 60.52332641664791
43.34415 252.0990784330155 -25.702868942832858 61.248735669438645
43.55153 253.84687775041812 -25.80781951491381 61.83812718022364
43.75899 255.63193861953874 -25.918618532909214 62.30954305233148
43.96657 257.43960373178845 -26.027403206500825 62.65571913674165
44.17385 259.24348511926723 -26.141164176694325 62.8680487801585
44.38131 261.0765889819462 -26.262812810072532 62.95399684531825
44.58866 262.91352116097033 -26.38208468353239 62.90705090347234
44.79604 264.73626757659736 -26.49281902490761 62.732670595906924
45.00338 266.5432810945834 -26.60561686534688 62.42287656557939
45.21061 268.33147211333494 -26.72368668854628 61.970988652151064
45.41797 270.0888139297176 -26.83724417192562 61.39490899916274
45.62533 271.7963211703877 -26.94356821276571 60.69528582040648
45.83269 273.4523485827979 -27.04412659723546 59.861262499417236
46.04003 275.04929192190343 -27.142894565851694 58.89053298393404
46.2474 276.6381175102391 -27.245871626443645 57.79201152256114
46.45482 278.1330173280108 -27.361805606386127 56.56514079009639
46.66199 279.5292102241106 -27.47878132449589 55.2116238631416
46.86966 280.85149158941044 -27.61161850643784 53.717655867467656
46.97295 281.4807363568267 -27.668224977619936 52.919333739815656
47.1803 282.64110693307697 -27.800035119335497 51.2594667776324
47.28395 283.1771957762244 -27.8668827859182 50.39210876125833
47.49115 284.1351844411662 -28.003313207045743 48.61432821404142
47.59477 284.56638738058234 -28.06673772234159 47.70224657970441
47.80202 285.3072652314381 -28.194015736939328 45.85646662200567
48.00923 285.9333744312369 -28.318792396490768 43.97604659236799
48.11286 286.1966982103033 -28.38953732223 43.02382572891752
48.31997 286.6701695033284 -28.519044914641075 41.08494082180453
48.52709 287.0813122623344 -28.649883248458334 39.12949031358003
48.73404 287.46643711022847 -28.78243473782139 37.16049281140221
48.94115 287.8256287969344 -28.916808070090052 35.166834857549226
49.14838 288.1485362359311 -29.05601257113713 33.155413924394125
49.35574 288.4390601061738 -29.196781262154392 31.132273744249567
49.56296 288.6890309002281 -29.33231014631941 29.125485485434194
49.77007 288.9001575906817 -29.461776573379886 27.13826882298093
49.9773 289.10796675795217 -29.594791934881616 25.187684894028475
50.18449 289.31273058414246 -29.718733472276714 23.27315166759417
50.39151 289.5358693484659 -29.837346923005406 21.398835838209852
50.59862 289.79848785736124 -29.96167096809389 19.599847499456754
50.80587 290.11122062053335 -30.086339534152227 17.893979914652597
51.01291 290.4544363363748 -30.19274005379858 16.293173924014624
51.21994 290.87047077242045 -30.29944362308108 14.809777390035094
51.42685 291.3771750440524 -30.399929106650987 13.415501565015731
51.63365 291.9913013287711 -30.50097442226393 12.118114540381853
51.84065 292.73955446426635 -30.586572378561982 10.923956247743064
52.04761 293.6104749495296 -30.66152341778883 9.863867212377812
52.25473 294.59373606866853 -30.71406741250638 8.952909845725372
52.46211 295.67458345649345 -30.747270202373013 8.177619151030513
52.66943 296.8792853042833 -30.76655063296207 7.52130442585073
52.87691 298.2308640765957 -30.76978672476242 6.990738825842968
53.08439 299.7178791302419 -30.754555471122355 6.604429183053213
53.29209 301.30587789130396 -30.725173176868235 6.353379130052687
53.396 302.1302476470872 -30.7030688632614 6.2872978994211834
53.60412 303.8431644570976 -30.676062244822003 6.253073672014696
53.70798 304.7465129329113 -30.672178881785946 6.287130037897263
53.91571 306.5896418527065 -30.679688435078408 6.4537326308204825
54.12406 308.4608676525996 -30.690831829732648 6.758792858844316
54.33153 310.34692366520017 -30.718337944799742 7.183607299993447
54.5391 312.21533290184675 -30.744671694879173 7.732244611357672
54.74688 314.0719422574321 -30.786328669354152 8.391521300201944
54.95453 315.91279203229806 -30.823697718734284 9.175955162899413
55.16171 317.69711823433374 -30.860969522525107 10.072405619536937
55.36918 319.406952879443 -30.91119988259407 11.097082387201397
55.57679 321.0573838500279 -30.962926900470222 12.277700908746425
55.78433 322.6133930518205 -31.020292597273617 13.593929631877842
55.9921 324.0679342485904 -31.082958509002015 15.01190514582865
56.19948 325.42621603388477 -31.14930857770487 16.548993013319233
56.40721 326.6997278841122 -31.23038399702907 18.15168720374095
56.61486 327.90441808650564 -31.32014683333809 19.799157354792897
56.82249 329.0528332792293 -31.405730423729274 21.49766841190271
57.02978 330.12978281329055 -31.489429450960337 23.236999834737134
57.23726 331.10240768647185 -31.575009135283345 25.001491819275344
57.44453 332.0117286608736 -31.662699750993127 26.807034623705874
57.65175 332.84511852882235 -31.753530126107826 28.65697811860909
57.85911 333.6062620521447 -31.835013006415135 30.565076515266654
58.06628 334.27585344080046 -31.91746366962048 32.521066555649114
58.27342 334.83126284399924 -32.00696041842718 34.52093293434842
58.48064 335.2688156211044 -32.098019905796306 36.55817448584392
58.688 335.6017893356148 -32.18406068248585 38.62893489031962
58.89523 335.8100296751261 -32.27012731982593 40.749115838404606
59.10271 335.91393410115916 -32.36530745103172 42.92400696618993
59.31044 335.93533858835656 -32.466696981721086 45.16318862764427
59.51804 335.90241446105904 -32.571565678348705 47.439787627110114
59.72578 335.8329414959855 -32.68616354115724 49.757554595750946
59.93338 335.7448572038303 -32.8032912073081 52.102601223107214
60.14087 335.64659639661977 -32.92068277104004 54.48832866790183
60.34836 335.5153964708499 -33.04868674162703 56.9183808392597
60.5557 335.3716812977454 -33.181239030597425 59.37740056454139
60.76307 335.21513676772116 -33.302598582477295 61.860291453062715
60.97054 335.04499148069317 -33.43209059385287 64.36125904089815
61.1779 334.8637909133877 -33.57022885727767 66.91989838220951
61.38538 334.67272813672844 -33.70702121885884 69.52123493711736
61.59274 334.4759965377814 -33.85160475099558 72.17840447528314
61.69637 334.35921832546677 -33.91987375629496 73.51131853969827
61.90373 334.137564714792 -34.06992038478392 76.19054793315938
62.00744 334.0168695032098 -34.14209130204534 77.54610309367277
62.21468 333.77183801265045 -34.29629802498207 80.25710923248592
62.42191 333.5141434675022 -34.47090621509751 82.94682922809534
62.52565 333.3732756704751 -34.556302835501384 84.28204127565255
62.73302 333.0718269638738 -34.73265409943983 86.96398039112978
62.94027 332.74967866245345 -34.91086510542151 89.63695290316934
63.04398 332.58875256469605 -34.99451116812676 90.96555551855462
63.14771 332.4176870971826 -35.07696210303273 92.29796619568671
63.35507 332.072622335718 -35.24147305110953 94.92475757731908
63.5623 331.7034702160708 -35.39898744367492 97.56142192752064
63.76966 331.302707397547 -35.57225075096892 100.1895421755207
63.97716 330.9068160932504 -35.75444320254204 102.81395220751517
64.18451 330.5150694584811 -35.93748785249651 105.44642230787966
64.39197 330.14752457926824 -36.1321573003121 108.0610449163198
64.59945 329.75445474190496 -36.33019426363894 110.66641457448122
64.80697 329.3529258800633 -36.534913988263725 113.27471214425114
65.01429 328.98475243129 -36.74838157816258 115.8762516405301
65.22189 328.6312607678039 -36.945740656304096 118.48132900761803
65.32554 328.4498326056893 -37.04162223229615 119.79169441104865
65.42913 328.27643527804315 -37.138227706635384 121.08727517931703
65.63663 327.92546236326336 -37.33102206386063 123.68397594798317
65.84398 327.59375080407153 -37.5440510072163 126.26565068660943
65.94762 327.4327784497842 -37.64549123940179 127.5670158063161
66.0512 327.2695824571845 -37.74650321022278 128.86437166990882
66.25858 326.9339950896136 -37.94521926124259 131.46924963087514
66.46591 326.60484251114383 -38.14148313352922 134.06639309117028
66.56966 326.4408085477952 -38.24404377850792 135.3679999866142
66.777 326.1164229379261 -38.45640406542113 137.98966228053644
66.88063 325.9559663473574 -38.56854405710625 139.2968432643724
67.08785 325.64053571382044 -38.78811977670524 141.9168312021927
67.29536 325.3151135651693 -38.989302596757774 144.54866003626444
67.39908 325.15838216812017 -39.099249276311475 145.86097138097136
67.60643 324.8391074867558 -39.31091229076439 148.4832037890091
67.71017 324.6799736373941 -39.41495482309642 149.791226310719
67.81391 324.5186133667044 -39.520559048812835 151.10275793247308
68.02129 324.2018508982649 -39.74588814592663 153.7475138823928
68.12488 324.04907425329645 -39.849728002652526 155.07286896563045
68.22864 323.89349580393485 -39.950966199500456 156.38527521128225
68.33226 323.7378858693693 -40.05685916024477 157.70854489441788
68.43598 323.57562186539724 -40.162217811913195 159.01717254435627
68.53977 323.4316158943906 -40.269158380888825 160.33981228766106
68.7472 323.1487668117969 -40.49520667051857 162.97371710097678
68.95471 322.88803145682635 -40.71602120653124 165.60887006708907
69.05842 322.77589048071496 -40.81984105041817 166.93443286161823
69.16218 322.67170346746303 -40.92747500113492 168.2555618498336
69.26591 322.5768616846569 -41.027874505131635 169.56595496561516
69.36965 322.48614599179655 -41.126524646146265 170.88730062945896
69.47339 322.4075243794716 -41.22986431423898 172.2034942440917
69.57713 322.3272000354846 -41.330740020108415 173.52741091259796
69.68089 322.2531282677551 -41.43372407142096 174.85163362931246
69.78448 322.1895379128599 -41.538658203723806 176.17266053302023
69.88823 322.12815861725664 -41.644946510634455 177.49871527627175
69.99196 322.0758865934652 -41.753795850343785 178.8244707419841
70.19936 321.9920240989131 -41.958415890271795 181.49071170333636
70.3032 321.9638207380542 -42.055756981612 182.8243869422672
70.40657 321.9458592503362 -42.15601521278625 184.16079135738997
70.61393 321.926871541283 -42.367251327727615 186.803775995027
70.71752 321.9307456492584 -42.48145673874165 188.1368133213947
70.82127 321.9362133167655 -42.591722084649426 189.4729241008584
70.9249 321.9546232397654 -42.697531828018825 190.80822489537636
71.13236 322.01269829621464 -42.90806710322613 193.47577956461276
71.33977 322.1025628767895 -43.12734148858527 196.14846656655897
71.44337 322.14677025579937 -43.232331265645186 197.4806654276469
71.54709 322.1936880569767 -43.335229427716826 198.82312865305656
71.75431 322.33346855520085 -43.56828133983855 201.46670713425556
71.85805 322.4230129424393 -43.66954485892635 202.81169737746671
72.06544 322.61393281942424 -43.87422755831789 205.48285400932633
72.16903 322.7206548166251 -43.97484872605179 206.82093419248332
72.27276 322.8331661340091 -44.073904545784764 208.16124568185285
72.37637 322.9605999220616 -44.16804919996636 209.50095379700034
72.48014 323.09785137926735 -44.26389164365516 210.8460580502213
72.58373 323.2442439398101 -44.36080511022912 212.1828262924938
72.79111 323.5516680350082 -44.550502757450545 214.8596234828355
72.89473 323.7208202747429 -44.64218351921609 216.19954063825946
72.99844 323.90044867216767 -44.734270003341294 217.54682772413173
73.20579 324.27974955529726 -44.904597288214546 220.239070213867
73.30942 324.47447176595335 -44.99403923921346 221.5822922879285
73.41316 324.6774017109947 -45.08399468135488 222.93381709935488
73.51681 324.8865416546195 -45.16773054124472 224.28618632417812
73.62039 325.1034775725069 -45.253269614780535 225.63306364814375
73.724 325.3325825167546 -45.335844617234855 226.97965261790551
73.82776 325.57438923031293 -45.42590873454795 228.32576529336882
73.9314 325.8308091270476 -45.51685368813383 229.6818882094081
74.0351 326.0897813430526 -45.60908178568436 231.0385028546859
74.13885 326.35819811396277 -45.69413451124436 232.3885949511553
74.24262 326.63527255654816 -45.776107110221005 233.7467444975582
74.34632 326.92713554460784 -45.85793636959902 235.10832534602912
74.44994 327.2287963440183 -45.940931945608256 236.46713646723728
74.5537 327.54788278031435 -46.02010069842419 237.82967508499505
74.76116 328.2198711400151 -46.17648257033122 240.55069037394725
74.96854 328.95032341761834 -46.31844250011375 243.26297298168998
75.17574 329.7142960333887 -46.4539077659485 245.95099132592526
75.27936 330.11630989455193 -46.526286688261514 247.2943671711892
75.38309 330.5309290465355 -46.59511120091376 248.64247098275447
75.59033 331.36560730984087 -46.713510880854756 251.29678670883354
75.69407 331.79698985122104 -46.771506138908215 252.61626969992233
75.79769 332.2376475922894 -46.821961672293995 253.9206883639934
75.90142 332.6696642322929 -46.88275130280029 255.22412850648638
76.00504 333.1162449666794 -46.939184986278846 256.5174258481226
76.10883 333.5633342702331 -46.99373050988574 257.80128619509355
76.2124 334.0117928769117 -47.04494808576287 259.0834201405183
76.31602 334.48167629005076 -47.093362262608025 260.36240509678873
76.41965 334.9513467310934 -47.13978474799382 261.6303658132591
76.52335 335.42303743193565 -47.18823008368349 262.89896168967846
76.62699 335.90799997009026 -47.241004299763546 264.1666149091436
76.7306 336.3981167929818 -47.291975475481074 265.43472099368734
76.83431 336.88662745474807 -47.34384649893824 266.699627020924
76.93794 337.3746870196487 -47.38825765170809 267.9712088276026
77.04157 337.8764807609093 -47.43504294200211 269.23246874376537
77.24893 338.88040903006186 -47.521777076776296 271.7393635868625
77.35261 339.37709696897787 -47.56055006498754 272.9785516866459
77.4563 339.8767857212881 -47.59851729630109 274.2015512240017
77.66364 340.8630351364195 -47.67904732861563 276.66690959781374
77.76726 341.36129519563934 -47.71798811113326 277.8819708984707
77.87099 341.862394348367 -47.752291428600714 279.08992182439624
78.07823 342.84540630849494 -47.82872541839296 281.4937998957112
78.18197 343.3332092990845 -47.8641939886245 282.68273236341906
78.28559 343.8261700027672 -47.901456588768376 283.85493443310236
78.3892 344.3055575832475 -47.93884297283233 285.03552094093135
78.59655 345.2753694295811 -48.01092601119596 287.3696202912916
78.70032 345.76046339117534 -48.04698939350983 288.5368278524781
78.80391 346.2462975285172 -48.078971436862915 289.68831134096075
79.01129 347.2134620810114 -48.14116842355964 291.9918320641485
79.11503 347.70068743931046 -48.17134367564209 293.14438805458127
79.21862 348.17983075653217 -48.201206514872226 294.29241126538824
79.32236 348.66668505533687 -48.231835300501146 295.4473246924996
79.42598 349.14807910627303 -48.25686409697352 296.5988608279862
79.63321 350.12007652445374 -48.30357483646108 298.91864508136916
79.84071 351.09743007552333 -48.34480005271874 301.25037147517554
80.04817 352.0845565507435 -48.38691165142239 303.6089384378172
80.25565 353.08561393794537 -48.42896883128663 305.95979950156857
80.35939 353.61973720867684 -48.4437669916749 307.14610282063836
80.56675 354.7172311782509 -48.47743804466639 309.5072927544118
80.67049 355.290284953321 -48.49917999325838 310.69715949253373
80.87784 356.4819163553931 -48.51314350191627 313.06581292515295
80.98146 357.0926007141278 -48.5275417557039 314.2394457018287
81.08508 357.70494811023707 -48.54151487605307 315.4347244638939
81.18869 358.3242811858206 -48.5645261950947 316.6293510715366
81.29246 358.9819831466051 -48.58917237002231 317.82568533576034
81.39604 359.64091234620247 -48.60352833631483 319.00576153803684
81.49966 360.3173630159921 -48.61007022304941 320.2010495910328
81.6034 360.9931018000243 -48.61877322308609 321.3878392965554
81.70702 361.67499986720065 -48.62136565162661 322.58559941631745
81.81076 362.3760046545411 -48.63018612267724 323.777382460093
81.91437 363.0907966275039 -48.63009400366909 324.97875312808736
82.12173 364.5274674530666 -48.63118329600999 327.3551935714699
82.32896 365.97791990347775 -48.65107307789378 329.7116796898963
82.4327 366.71397791698513 -48.64713819593504 330.8781203050951
82.63994 368.1843349636087 -48.63797914632968 333.1903615977861
82.84729 369.64574735878136 -48.620202759592985 335.50803631737557
82.95103 370.38206206133145 -48.6151451629934 336.6580781165067
83.05464 371.11385569879354 -48.608740579607186 337.80803527182877
83.1584 371.8555708901581 -48.594630169149184 338.9629412464224
83.36575 373.35101764125613 -48.563982238212304 341.2758108918084
83.4695 374.0988217289652 -48.542528414209045 342.4345985088239
83.57317 374.840373778979 -48.52201112079001 343.59556866623814
83.67683 375.58895075263615 -48.502228054053994 344.74656155998406
83.78045 376.3270377668324 -48.48634532509311 345.9097368986244
83.88419 377.0760741202927 -48.47589850104487 347.07559037077334
83.98793 377.84768692582634 -48.45985738101487 348.23995316395207
84.19529 379.3300643736574 -48.4109819266384 350.5529746648445
84.40264 380.8186745306254 -48.38167299331322 352.8992626471003
84.50638 381.56270779782005 -48.35785576744804 354.0614697403397
84.61 382.30942991304306 -48.329560498415304 355.2244524984668
84.71374 383.0548001892177 -48.30016556200254 356.3928113941285
84.92097 384.52644628816597 -48.236911065404364 358.71278141980883
85.02471 385.2595550401687 -48.20228854102295 359.8684298264602
85.12833 385.99284094620486 -48.16219795175488 361.02891518418494
85.33568 387.45161375642874 -48.09436977590323 363.3254847421534
85.43944 388.17954983744096 -48.06176699080966 364.4772732609313
85.54304 388.9050420962297 -48.027215056078305 365.6379369991913
85.75039 390.36865499174047 -47.95621022327204 367.9266231740651
85.95779 391.8427271996684 -47.874860972661764 370.21993422486406
86.06137 392.57202811965124 -47.83014292475363 371.34509744961963
86.26872 394.0540212790244 -47.74651907473712 373.62473558934875
86.47595 395.5369076915008 -47.66050586116214 375.90075969184903
86.68333 397.0277153652003 -47.589694972466646 378.15804295310465
86.78705 397.77475013051145 -47.55229757346068 379.27935039794687
86.89066 398.52954979961385 -47.51574097250129 380.40513604312684
86.99428 399.28998772541513 -47.48063974631086 381.50543527806076
87.20164 400.8149911909616 -47.41633355612656 383.7069756631831
87.30537 401.5843494532519 -47.380094550751764 384.79764590069965
87.40899 402.33308148985685 -47.337409199144325 385.8730557658215
87.51261 403.08279277414755 -47.29581980003253 386.9426561184868
87.61622 403.8134491856636 -47.25835128654585 387.9846596859845
87.71996 404.5571857386925 -47.22541324131508 389.01322939288957
87.92734 406.0213785695718 -47.17475836676908 391.0238259694656
88.03093 406.7437893910668 -47.1422126715211 392.0187733741551
88.13456 407.45980697092045 -47.107591015923234 393.01416395483716
88.34196 408.88125387921906 -47.03620948580504 394.98340842825695
88.44553 409.58672877959145 -47.00041554021861 395.9479510227199
88.65288 411.00155394934524 -46.9304089696123 397.87435542931007
88.86036 412.4096103368611 -46.87260774978928 399.7760569284372
88.96412 413.1088839193613 -46.840890493352845 400.7216085264683
89.06773 413.8141582150268 -46.817818590150864 401.6558296064002
89.17145 414.50672557654923 -46.79201763045332 402.584838054831
89.27519 415.19020938657275 -46.76730275987672 403.50211675391785
89.37881 415.8696714137585 -46.74411954884147 404.42000530027065
89.48255 416.5415024391132 -46.721270889545885 405.31661619956384
89.58629 417.2113199704064 -46.70141166783942 406.2161470408078
89.68991 417.8731904097069 -46.67867450096591 407.0995497174101
89.79365 418.53184922917933 -46.65405767420454 407.9785256677737
90.00113 419.82978367446736 -46.60950005829751 409.71289404265303
90.10487 420.48055369998644 -46.585685375737754 410.5602427126952
90.20849 421.1223491152251 -46.561734522505546 411.400636099916
90.31224 421.76488072188494 -46.540815520607154 412.2289532859343
90.41597 422.4013824288476 -46.51890855120614 413.04355524362666
90.62332 423.6563493729872 -46.47196145808762 414.6346272135784
90.72694 424.269167528127 -46.4550445292899 415.3993983965049
90.93429 425.4637433100643 -46.41301285611043 416.88618717247937
91.03791 426.0464367224034 -46.38804124160516 417.59826148926146
91.14162 426.6238643410102 -46.37081795018523 418.2976898540754
91.34903 427.7207212005975 -46.33063304146216 419.6362343864344
91.55623 428.8053339712458 -46.307201376499634 420.9435377016869
91.65998 429.3324812927212 -46.29016116116923 421.5931502626851
91.76372 429.84862070421553 -46.27643810063378 422.22422472331635
91.97107 430.84574678094 -46.251891150433494 423.4483223348641
92.17851 431.7846999412878 -46.21975043926748 424.6143693939388
92.38595 432.6550775148245 -46.19571216054322 425.7251694844016
92.59314 433.473960981143 -46.17632374303808 426.771511102386
92.80062 434.24212714197216 -46.17177855822969 427.7822272441913
93.00787 434.9921247335829 -46.1626101914692 428.74377349905916
93.21508 435.72459383475325 -46.15853616042725 429.69846976036393
93.42219 436.3936533594561 -46.159470824761726 430.6669929007538
93.62917 437.0007138017449 -46.15264787213409 431.6454027424991
93.83603 437.52884291418985 -46.14825773805207 432.6541420149863
94.04301 437.9461004537376 -46.14695977983173 433.69522282249125
94.24999 438.2361027303979 -46.1417784398631 434.7573791026607
94.45728 438.4471455707803 -46.132914850851606 435.8578455644845
94.66445 438.55782247333747 -46.118878298782036 437.0177923355424
94.87183 438.54082194331426 -46.09484819527509 438.2305312567436
95.0792 438.4312998346492 -46.07107717108372 439.4657375520246
95.18292 438.3265145120041 -46.04962525552037 440.09158811129396
95.39026 438.0158116021664 -46.01406077496421 441.3544194752856
95.59775 437.59798538893114 -45.99542216973013 442.62807217458214
95.7015 437.35940589869506 -45.980938992708055 443.2711548505852
95.90909 436.7915863711067 -45.962693941797276 444.55054269630443
96.11682 436.12426016548443 -45.94559081516191 445.85473036286396
96.32482 435.4185287408296 -45.92237402408075 447.2128241050814
96.53288 434.68232142776844 -45.89410603248042 448.5755151063759
96.74076 433.9260581428399 -45.85084371263522 449.9786465934
96.9485 433.14606328137677 -45.814057116101935 451.4244868890381
97.1561 432.3371428122884 -45.77028895972096 452.90099829713836
97.3636 431.51091040402054 -45.720816181275445 454.41993943687
97.57106 430.66771903197895 -45.669749305783725 455.97003924265596
97.77842 429.8042086075026 -45.62707306269441 457.57124019805656
97.9859 428.9171402481794 -45.57115989917429 459.21088786614575
98.19326 428.0095968526356 -45.515520562165946 460.891953660306
98.40075 427.076591470915 -45.44959617108337 462.60893178429006
98.60822 426.12420581968877 -45.38008021681806 464.3542448604945
98.81557 425.1695904651049 -45.314239663865436 466.1258165481793
99.02293 424.19682378697655 -45.2394929301852 467.9120948634132
99.2308 423.22254030926894 -45.16280137348356 469.69767355412273
99.33402 422.73293555961675 -45.12298633242533 470.60055051508925
99.43779 422.2452245294322 -45.088613696520575 471.50987220753586
99.64525 421.2601190649288 -45.0255740232397 473.34475205724766
99.74886 420.7672375822829 -44.98643030359731 474.2625558322775
99.8526 420.276360285987 -44.94303306295148 475.17960944845515
100.06 419.2832179908659 -44.85248974890705 477.0143282505861
100.2674 418.2922440781107 -44.77963330516187 478.81921866080177
100.4748 417.2803509612972 -44.728196016389504 480.6636564564225
100.5785 416.7701170247128 -44.707785241040874 481.6064451563654
100.7859 415.75730925891764 -44.63287783765205 483.4815098123139
100.9932 414.74493700466644 -44.55823964250641 485.3281595229419
101.0969 414.23888844761404 -44.52249528252867 486.25008227511347
101.2006 413.7247387489507 -44.489922796315554 487.1758427412409
101.408 412.6950897139994 -44.424819733605744 489.03543050370183
101.6155 411.6775352391171 -44.36234026756896 490.892183856069
101.823 410.6770384767719 -44.286875234849724 492.7049312246478
102.0301 409.7167361925486 -44.215282854100025 494.4503291724218
102.2374 408.7612242530632 -44.152260746551214 496.1850686616587
102.4449 407.81418875405166 -44.086544541601505 497.9032166939116
102.6522 406.89842682607076 -44.028855227105126 499.5627577655128
102.8597 406.0181650751934 -43.968440647387254 501.1564887582283
103.067 405.16868149409004 -43.91334992674387 502.69460478484837
103.2743 404.3683623549849 -43.85747356639553 504.15867706576853
103.4817 403.60514020500824 -43.80472139084526 505.53850516825804
