0.0 -0.0 -0.0 -0.0
0.1037359 0.0015396697003431307 -0.004389116193664959 0.5980329824255297
0.2073381 -0.005402055679517784 -0.0078148270080107 1.208505155458289
0.3110752 -0.020926057018581867 -0.01172450124079628 1.8313080862010112
0.4146917 -0.03248908047689309 -0.019560544448212428 2.4748656334589874
0.5184302 -0.04878666066335408 -0.029014392860999133 3.1302057358653568
0.6220448 -0.07169197831406635 -0.035298485092584674 3.7955635749951795
0.8294199 -0.12402703344607552 -0.04906002692968142 5.172138063510835
0.9331467 -0.15607577417062962 -0.05713319774576195 5.873712007228817
1.140497 -0.23175231745335878 -0.07052010925402315 7.300763425380472
1.347979 -0.3020892411918069 -0.08336729746182668 8.753583380447774
1.555212 -0.38258220738370297 -0.09717531701732003 10.236976400845876
1.762569 -0.4771236621422052 -0.11553721501172853 11.744922842328583
1.969923 -0.5794886577231354 -0.13442865738216198 13.289284722679396
2.177281 -0.6861034267282989 -0.1596150221221119 14.867163240279867
2.384639 -0.7890427075064896 -0.18521333688524694 16.447446110792832
2.695832 -0.9566181675213079 -0.22637801460028595 18.855878593831253
3.006768 -1.1139725817658388 -0.25080650368292534 21.303074123302203
3.317669 -1.265546497490413 -0.26986055898203803 23.78937550182827
3.628545 -1.4004797720271027 -0.29304149486853326 26.304706421636244
3.835871 -1.4977251785819878 -0.2999177038345545 28.024302737088664
4.043107 -1.6068941229975136 -0.32467533165027596 29.741032544402078
4.354202 -1.803182696525182 -0.35690362587922503 32.361765906950055
4.561559 -1.9352398774780848 -0.37434837253217224 34.09934429963403
4.768912 -2.0695479950711415 -0.38401039181623486 35.83628581698149
4.976146 -2.1886746568940807 -0.392406516106595 37.56725853181747
5.183503 -2.3225676883737787 -0.4044571289120379 39.304104650343675
5.494473 -2.523728621276036 -0.42704749543863013 41.87196807743856
5.701829 -2.6596536070980723 -0.4464856695681641 43.572400921864784
5.909185 -2.7881083300600684 -0.464182911410777 45.261504860144136
6.116541 -2.9081706658661393 -0.48423073086262314 46.92336421839649
6.323895 -3.0340315180123465 -0.49853863195571896 48.57754829813112
6.531383 -3.170461560559656 -0.5021031152057162 50.236247366034554
6.738741 -3.3032794794386935 -0.5123501954699687 51.84585127944748
7.049705 -3.5218863400042295 -0.5377661897891687 54.222405041941585
7.256934 -3.6634592977777736 -0.5580302477466377 55.74314444717158
7.567786 -3.8742450941117594 -0.5822831784196975 57.94040524955693
7.775144 -4.009836689775881 -0.5978735529366912 59.339885914123954
8.086111 -4.225020092917627 -0.6140771314560604 61.35600600238307
8.29347 -4.35868285650893 -0.6282826377361136 62.61380288106888
8.500847 -4.4880032000986905 -0.6451867765744734 63.80527979585036
8.708175 -4.614780787882163 -0.6675718862802043 64.92679177007336
8.915403 -4.712009483173423 -0.6897998815560387 65.97304617910117
9.12289 -4.821496596332738 -0.7099123537909184 66.97753146525747
9.330247 -4.8906316059621115 -0.7316323243484547 67.92939871299849
9.537749 -4.947613977366255 -0.7509974858298741 68.83514481884674
9.745342 -4.987753031373968 -0.7635699602457215 69.69180061269196
9.953059 -4.958510149096793 -0.7754974363062211 70.50768425672116
10.16083 -4.877608330926286 -0.7866768605627953 71.2874403978402
10.36867 -4.7350339980511365 -0.7928088989447634 72.03481431202813
10.57663 -4.529079495551848 -0.806352014190274 72.73675566872572
10.78461 -4.246781899366482 -0.8204496557164631 73.37883390335553
10.99272 -3.8794153835948215 -0.8281260146291012 73.96354970995642
11.20057 -3.4475077197128314 -0.8479913206799676 74.4783152577796
11.51192 -2.67598168002624 -0.866699066925678 75.13202097085502
11.71927 -2.100718749316364 -0.8801856371039288 75.48308617573548
11.92638 -1.507940986183705 -0.8944209703944934 75.7778123473289
12.13361 -0.8889294243056973 -0.9076835352497967 75.99969107544344
12.3406 -0.2329635424944314 -0.913087986984848 76.16202810068027
12.54767 0.43819818493416207 -0.929253957347512 76.34400284627993
12.75469 1.149937853052366 -0.9554801036362551 76.4866193206783
12.85806 1.5227926117689634 -0.9628521360432505 76.53667149644095
12.96167 1.9018532546039832 -0.962052140499311 76.57968745241213
13.0652 2.291671321023763 -0.9604862113598971 76.62536303470493
13.27235 3.1212320175313533 -0.9933842437410196 76.72260697696159
13.4795 4.016432359582186 -1.0254671941348596 76.79427967665161
13.58311 4.483751946162532 -1.0369879826579058 76.81995339221207
13.79034 5.466723308552782 -1.060757556501069 76.86784863740529
13.99767 6.525574566127806 -1.08572623552763 76.92100436239971
14.20492 7.6439553981018795 -1.1145914588484453 76.96187986504967
14.41227 8.830692724239412 -1.1454033390134326 77.00048815640842
14.61968 10.062092590557462 -1.1765330668014278 77.0280819128642
14.82686 11.384168907271235 -1.2097525226633647 77.06737344809976
15.0341 12.758676973725114 -1.2425696723364745 77.11715783664309
15.24145 14.195985051737178 -1.2770044403106282 77.1896496620229
15.44881 15.683555559316247 -1.310821383235531 77.27735414885557
15.65617 17.20221138395241 -1.3526756443131849 77.39158076563504
15.86364 18.735286833465125 -1.3960579808511344 77.5076416986179
16.17474 21.041344144285357 -1.481253807115333 77.67636344004895
16.38209 22.575632355176086 -1.5404435374956293 77.78634379522738
16.58933 24.1155869052087 -1.5962270015126587 77.90579920352393
16.79668 25.646075421489634 -1.651584198308265 78.01196134752716
17.00419 27.17233264800939 -1.7058025977085731 78.10034495196403
17.31539 29.44748368664997 -1.7750977122134084 78.17639026227296
17.52287 30.952398295845587 -1.8243248670470216 78.19061148836123
17.73022 32.4366937051984 -1.8688638757602587 78.17062116007439
18.0412 34.65918978635764 -1.938091909142235 78.08702704136448
18.24855 36.10474953446585 -1.982353617146596 77.9784922864825
18.66326 38.91229825454734 -2.0744995505742616 77.70931019765618
18.87049 40.256883177545674 -2.11535805260882 77.55756945024854
19.07772 41.53175696222975 -2.1534289078034976 77.41917816069557
19.28502 42.77115640507597 -2.1883095456798594 77.27715002328708
19.5958 44.490727748269116 -2.248968047146817 77.14266877539428
19.80291 45.54452247602605 -2.287370752681837 77.09389953226871
20.01002 46.514267767029274 -2.3304056867328136 77.10225771944839
20.32061 47.98413988804177 -2.386410564363014 77.24487331109823
20.52747 48.939640803926466 -2.423191771388658 77.44344852664595
20.83796 50.28414205960607 -2.4667415911075086 77.92683126153534
21.04502 51.091446621721744 -2.4908721378888083 78.3703862319704
21.14837 51.4610690095393 -2.503771816885231 78.61961478098563
21.2519 51.80792141043388 -2.513605561586506 78.91153173043423
21.35544 52.132635234073305 -2.5279552881014067 79.22400576663262
21.459 52.446665583154854 -2.5455572926291565 79.5676796660528
21.56272 52.74038864082738 -2.5608486772179613 79.93159209082546
21.66636 53.00525733356402 -2.575055995222524 80.31167677964453
21.7701 53.24871156669319 -2.5896635838433397 80.71699712841617
21.87395 53.46327205835038 -2.602387843113288 81.1398233940543
22.08144 53.819048840149954 -2.6282858144375507 82.0199675982131
22.18531 53.96572835067131 -2.639469717951225 82.47660685152557
22.28917 54.092983558173344 -2.6449502751902054 82.94883998073819
22.39317 54.21036015663283 -2.6451491638663382 83.43119339276095
22.49716 54.327568056130545 -2.643663647319298 83.92115893460247
22.70551 54.566859656313056 -2.6533888324239725 84.93436704780746
22.91366 54.77057410188826 -2.6535090594947004 85.99406668745652
23.12172 54.976030247534396 -2.6574103712050996 87.08801898082876
23.3297 55.21250348848696 -2.680554776846151 88.2347578799332
23.53756 55.479058824084966 -2.689961642360738 89.41809298942748
23.74519 55.7417595884662 -2.715135943625153 90.66286553273498
23.95265 56.06195833382574 -2.7411434153316216 91.95810455831595
24.26396 56.573808124314155 -2.7640056025520856 93.9819502387036
24.471 56.91657951602808 -2.7828254206676544 95.37719168642408
24.6781 57.26217083644218 -2.801770414757116 96.8363460420957
24.88547 57.61829151876216 -2.8338993258241927 98.36006895307371
25.09267 57.95887823570459 -2.854394034493821 99.91607286515925
25.2999 58.31580899876228 -2.874397745882784 101.51609397553882
25.50725 58.67859141000885 -2.9086592820522075 103.17298207629239
25.71463 59.03898020209764 -2.9406655410777587 104.86384400539936
25.92198 59.409405697474554 -2.963742672105471 106.5857029805864
26.12923 59.758459025660244 -2.9898101201335363 108.32385233728476
26.33655 60.1058186124896 -3.017975359066063 110.08328191127194
26.54405 60.48340374162766 -3.0542994145722564 111.8684724091486
26.75126 60.888201006671764 -3.0895952138454437 113.63781341270857
26.9585 61.295961774477064 -3.1323216507657294 115.40790590243871
27.16587 61.69074073579098 -3.163002044827892 117.19148008583872
27.37323 62.09184086499135 -3.1994242692853696 118.96608234071743
27.58044 62.504758647393885 -3.242764867153875 120.68565004821686
27.7877 62.91517655702751 -3.2873531889104655 122.46615311858503
27.9951 63.30299274718993 -3.3145302406730046 124.20914772810097
28.20228 63.67115507852455 -3.3282063748442106 125.90524690719134
28.40963 64.05390302178589 -3.379929162202193 127.62818381679254
28.61684 64.40774252698105 -3.4176103109284304 129.3492994718243
28.82422 64.73900125484528 -3.4542182083877835 131.055866990071
29.23891 65.40433483356364 -3.5412671547244745 134.45854634518366
29.44614 65.73213866905164 -3.5784377854195455 136.1421171909002
29.65342 66.02662769093796 -3.616687546639518 137.84579288161436
29.86088 66.29221246333213 -3.6371549266171996 139.5523227523615
30.06821 66.54417203111015 -3.65563644646978 141.22871448153728
30.2757 66.78462793524963 -3.6749517123652202 142.9302512495697
30.48305 66.96933301936691 -3.7133263869235664 144.66132742801187
30.6904 67.14426151682275 -3.7432349821777082 146.3955827914238
30.89764 67.28745643063507 -3.777524594669297 148.16276427601295
31.10501 67.40548490947182 -3.8005216605394505 149.93899171809107
31.31235 67.51192339300094 -3.817737518932561 151.69974348918154
31.52006 67.58053982984266 -3.838543760159188 153.4481907567165
31.72694 67.65048795376931 -3.86339932098022 155.20934960044121
31.9343 67.70765542092953 -3.8794019064215233 156.9889402330109
32.14165 67.77474647832256 -3.889355989426266 158.7305539561398
32.34888 67.80892038446162 -3.899088737764908 160.47601693707247
32.55624 67.82666939974042 -3.9273385139573667 162.2386613701045
32.76373 67.82093405249178 -3.934065697825397 164.02792440449875
32.9712 67.7969074247937 -3.942282294878367 165.79476630621596
33.17856 67.7437676294938 -3.960528896151198 167.59287517707898
33.38603 67.63404990066527 -3.971329317903036 169.40744426812074
33.59356 67.53411712035839 -3.970233512431203 171.1850267726558
33.80087 67.40196977327786 -3.977949884943917 172.98175794769386
34.00835 67.3071899695083 -3.99789794686851 174.80888922966423
34.21584 67.18357766398991 -4.01053736000895 176.62812905375935
34.42334 67.08558731355429 -4.027109213687803 178.41871715504038
34.63067 66.97803363524886 -4.056297829540087 180.22730495463725
34.8379 66.83717015789225 -4.089661800468808 182.04804913331813
35.04526 66.70984394365856 -4.1100508264741045 183.8290100953962
35.25251 66.56279189460349 -4.137708946389519 185.60649609774205
35.45985 66.4238082945443 -4.158167148610884 187.38130350581116
35.6672 66.28339326868773 -4.185062525800672 189.1253852518671
35.77094 66.21621671271767 -4.2077279722483105 189.98563034630496
35.9783 66.07832577346561 -4.220986789205535 191.7072959498337
36.18578 65.95184856732106 -4.241568319793356 193.37026157033833
36.39322 65.82421244783016 -4.245040969990627 194.94119278578444
36.60049 65.70849827886587 -4.277112391676182 196.4352550366138
36.80799 65.60666810896093 -4.298321580860141 197.88247392001418
37.01548 65.51173633567294 -4.326806808630243 199.32173656605525
37.22281 65.42847733904232 -4.356949256987148 200.73139003154768
37.43016 65.38149314252352 -4.378971969244089 202.1018168187626
37.74103 65.34633735729939 -4.42334257598873 204.16692572916025
37.94836 65.36203516717444 -4.459259966719288 205.53832790446646
38.15572 65.35782938230506 -4.481335563226051 206.90966900706727
38.36294 65.35625630957688 -4.495904639364802 208.29594099875143
38.57023 65.33874526583108 -4.513847021028266 209.68818802709976
38.77746 65.3224275890645 -4.535135513533376 211.07710486386472
38.98472 65.31585297215558 -4.553142842148774 212.49843240793516
39.19202 65.27644244806933 -4.579932403123935 213.95068962206173
39.39932 65.25660508005397 -4.581827864629786 215.41204436421128
39.60673 65.19665836600768 -4.581786242037505 216.86486718195243
39.81416 65.17327445744995 -4.579105420971939 218.35284286999357
40.02144 65.13603973273483 -4.59341175804348 219.85857184554948
40.22896 65.08730538812883 -4.594945040750424 221.34659996813812
40.43627 65.04490785345061 -4.603732163371672 222.84103252470507
40.64362 64.98324399135616 -4.614317709554909 224.337033806893
40.85098 64.9216424697116 -4.623959534246479 225.80664786732186
41.05845 64.86010928209367 -4.638381741591246 227.25137510293112
41.26581 64.79925850226556 -4.660727012204022 228.67649660981644
41.68052 64.68141098559792 -4.697772928073365 231.34870019793965
41.88768 64.62519085129794 -4.702754404068403 232.56673697275824
42.0948 64.54168685248825 -4.7117446858352805 233.69056772047995
42.30184 64.39575073775939 -4.724737579377721 234.75682257866634
42.50885 64.19617291458287 -4.7439709874569225 235.77826900112973
42.71582 63.931848089208884 -4.764418739415832 236.766700212537
42.92265 63.574636283193 -4.783620685509716 237.67644286010216
43.12965 63.11545198170579 -4.7914456549349715 238.52249134279467
43.33652 62.56271660592785 -4.815877433581296 239.28055215726593
43.5435 61.93894634438115 -4.822763103249409 239.96642461223888
43.75071 61.24549473185867 -4.823616222059487 240.5759922588762
43.95796 60.48608582122456 -4.8080436481509805 241.08153110595237
44.06168 60.09382801720339 -4.795574041965267 241.3089054883275
44.16542 59.69195039711819 -4.787326972717979 241.50614036616315
44.26891 59.28657410564688 -4.7685536913070585 241.69262359675213
44.37274 58.875706663409964 -4.751980722379098 241.86296662377586
44.47627 58.449382114502065 -4.725048118924712 242.00709614405136
44.58003 57.99775813459286 -4.7004477172066235 242.12689130597167
44.89136 56.525936512841916 -4.644451005440441 242.36632363418488
44.99509 55.99680502098542 -4.627093823512393 242.41159320724557
45.09896 55.45051523661614 -4.608627955941131 242.43826020679364
45.30693 54.293013335527874 -4.564436671337937 242.45664637992934
45.41068 53.704653571542146 -4.542510720049657 242.4400321239042
45.51485 53.086851241500675 -4.520119745270761 242.4244092086436
45.61856 52.454627126418174 -4.504144378971356 242.3908470682802
45.72254 51.8053458735919 -4.482424933670531 242.3365917055785
45.82651 51.139664409390235 -4.463082228050367 242.29285736057008
46.03457 49.76240898970843 -4.424660626934269 242.20524113690206
46.13842 49.03785253107768 -4.4047163510656135 242.1612103502774
46.24242 48.29045708769752 -4.381873814728281 242.11719722211907
46.45021 46.72829452992276 -4.334805734165982 242.0275381746887
46.65781 45.06995936703382 -4.290858632563774 241.9385064836953
46.86542 43.30790455244716 -4.24139819143058 241.83661479201342
47.0729 41.45462191766378 -4.195858249814469 241.7358128383864
47.28039 39.50228165159332 -4.1561089325979 241.65384997843967
47.48774 37.47640855083614 -4.103711166097394 241.562485812433
47.69509 35.41109334430339 -4.054855954115851 241.46552976475593
47.90233 33.35100335833732 -3.999098084758064 241.3666044892729
48.10968 31.300874645187015 -3.9565917916889735 241.273652588287
48.31691 29.22082826215537 -3.904183111588762 241.1654846847041
48.52414 27.153372223914737 -3.8479597437394855 241.04989237985478
48.83536 24.095486856630046 -3.7606858133607237 240.83400516691302
49.04259 22.066621331904145 -3.7095579015178037 240.67574746483064
49.24983 20.050713272005737 -3.667955774115837 240.5079425130398
49.45761 18.046013547808855 -3.632591728484086 240.35203391774857
49.66469 16.054671544081838 -3.5947392402702247 240.21780610398716
49.87203 14.076434116869194 -3.5630048939566867 240.10310311235125
50.07937 12.12485705971876 -3.521428842229052 239.99410527143033
50.28673 10.18175953157701 -3.4826916970126294 239.89002817857616
50.4941 8.248767278653979 -3.4421562357972686 239.77619090976538
50.70131 6.3355579096359875 -3.3979328293171784 239.65577162845415
50.90867 4.445332851486027 -3.3472857138889736 239.5231315530414
51.11603 2.5771602864996197 -3.3139936488082533 239.37018307392137
51.32338 0.7053154863320614 -3.272023557031532 239.2006021607558
51.53076 -1.1513018848440701 -3.232750950927549 239.01393764345394
51.84186 -3.839758188112235 -3.16330075816309 238.69778741591253
52.15294 -6.441765101970994 -3.1106512320030677 238.40142052297597
52.56765 -9.67478374116504 -3.0383980067547336 238.0465365484436
52.775 -11.189599641182769 -3.0050246126955886 237.88995100547487
52.98236 -12.643048341694847 -2.972799712452835 237.76356685155014
53.18958 -14.023284648372172 -2.9408309406513453 237.6517123708389
53.39694 -15.335338934578276 -2.913544754433817 237.5505152085907
53.60433 -16.554567442405258 -2.8915813888850934 237.48110363994599
53.81153 -17.698537985425432 -2.8643134774735115 237.42313079561092
54.4336 -20.66406001609697 -2.798659243179283 237.3407202214732
54.9517 -22.537307116273094 -2.7567997790887517 237.35760176123568
55.15903 -23.090398485430462 -2.744741391843575 237.36921338875916
55.36639 -23.51329872113416 -2.744954563296411 237.39335347985113
57.95768 -24.447308249227405 -2.729904913396352 237.41912701748723
58.99431 -26.13355458414149 -2.7167011700469073 237.58772803883858
59.30542 -26.982634585609333 -2.7263709802882197 237.76018042569075
59.61675 -27.898673351974892 -2.7290707845325386 238.0606148063961
59.82423 -28.546926888375737 -2.7287064705467317 238.35481228112462
60.13578 -29.54878874021739 -2.7173017773545354 238.9265046092973
60.3433 -30.189080884555793 -2.716043085592804 239.44963062212557
60.551 -30.80223611465651 -2.710172406392698 240.0769015864625
60.75861 -31.376799294202456 -2.6917649419425556 240.82216293575289
60.966 -31.902622332533838 -2.683903886763263 241.70378051899522
61.17327 -32.33327202933502 -2.6890648186060178 242.72773428565299
61.38046 -32.68723870385061 -2.6936022594507802 243.8591125606413
61.58757 -32.98492232408999 -2.6926095975147684 245.11627442335282
61.79455 -33.201778464357474 -2.7069476555140746 246.49033798600462
62.00274 -33.35683977404985 -2.7189762439665928 247.97767089840175
62.20813 -33.4596470996259 -2.733701977297368 249.54742270723878
62.41486 -33.5514392541769 -2.7494494851206635 251.21845830064288
62.62174 -33.62748533807493 -2.7565752508251524 252.9677411430391
62.8287 -33.6870538945924 -2.7733609063379943 254.7965001483235
63.03581 -33.75341629085197 -2.790053532466914 256.69851167536143
63.24292 -33.81970483699518 -2.804199004949692 258.69131774342657
63.45015 -33.890728783613824 -2.8152113510886094 260.7586181645671
63.6575 -33.996238429832424 -2.835773275116193 262.88594678463625
63.86499 -34.099573920538674 -2.8674323640847303 265.087238407068
64.07222 -34.18419239390556 -2.8759833062854305 267.3753392581235
64.38318 -34.30760740845648 -2.88967875525901 270.8708023630921
64.59071 -34.41756429218023 -2.924530732703306 273.2953131586049
64.6943 -34.47794690160477 -2.94520198776774 274.5312760266566
64.90164 -34.594384603764574 -2.9783486417237057 277.0658722100378
65.10899 -34.711158180065524 -2.9862873160615044 279.6293311668929
65.21283 -34.764489680136954 -2.9874679067026 280.9234711308699
65.41985 -34.872660444167366 -3.0107514789284417 283.55961696392706
65.62711 -35.0158810458726 -3.0458254237047733 286.2238240717689
65.83443 -35.14501485664954 -3.084465717609375 288.9059720634235
65.93804 -35.223462826794666 -3.0993933737181 290.24504561845725
66.14527 -35.36014311157909 -3.149100445640135 292.9106364078751
66.24894 -35.43858335206451 -3.1843750547303107 294.25184378727585
66.35263 -35.52830963535919 -3.211071651576377 295.6048613008549
66.55986 -35.70502489258392 -3.2531895264077635 298.30844025628977
66.66359 -35.792601426179885 -3.276244210120228 299.64294280917863
66.87096 -35.978978046367004 -3.3082426999606662 302.31950925062637
67.07831 -36.14763558366393 -3.3369103169510534 304.9761528581029
67.28567 -36.3210772381874 -3.3987718415294768 307.6100870404059
67.49297 -36.526891053053255 -3.4606177120857 310.27606769611566
67.70027 -36.7094946193092 -3.5035113443828765 312.9029898559572
67.90759 -36.86728345830686 -3.5034706343206055 315.5072060909015
68.11497 -37.051061897992156 -3.554220694431082 318.11945466823147
68.32222 -37.21605548423251 -3.584695747504026 320.7153044072426
68.52959 -37.373282344817625 -3.640629674192123 323.324657371757
68.73691 -37.55398075731123 -3.6897302400181453 325.97118273928305
68.94427 -37.71600959720851 -3.7441059415580624 328.6219684529811
69.15162 -37.88233675753855 -3.780613161441784 331.3024928413855
69.359 -38.03865603019791 -3.8046677512638363 333.9845814634917
69.56633 -38.18233616867556 -3.838686864556516 336.71075720031337
69.77371 -38.33863504021758 -3.8849125161664047 339.4624249201193
70.08466 -38.58239596051645 -3.9422911705189305 343.6470517458484
70.29203 -38.73988811569027 -3.9738520857158433 346.4229144443658
70.49937 -38.89522870881695 -4.000394971358778 349.18095297347435
70.70661 -39.01634992810855 -4.033582778489365 351.900854546586
70.91396 -39.17236670699495 -4.063867257058385 354.63074089764507
71.1212 -39.317465803510025 -4.090574760076354 357.33300641523493
71.43216 -39.52627612406039 -4.138915822872576 361.3079477188556
71.6394 -39.677721218400464 -4.178648391018764 363.9517154837909
71.84665 -39.83419956215943 -4.214777123538619 366.5455314587092
72.05392 -39.98951391112769 -4.230584224410537 369.07691740697186
72.26124 -40.14318497242588 -4.255779924750356 371.56104190702456
72.46845 -40.31825315112479 -4.285541921011364 373.9967289790841
72.67572 -40.490070536657655 -4.314425887649312 376.37637458202073
72.88304 -40.65118886002162 -4.353122208632388 378.6614321658485
73.09051 -40.80596087817851 -4.3814312927331125 380.9145190025563
73.29787 -40.95090829051257 -4.413016639800122 383.05746144498306
73.50511 -41.07304430291498 -4.443554968427256 385.11702541379475
73.71256 -41.16883206961566 -4.464442325350623 387.06163756186464
73.91984 -41.27484173365832 -4.486582743666076 388.8809293751624
74.23088 -41.38988715829886 -4.525311701110424 391.378890282726
74.43803 -41.46424690043044 -4.542369911502983 392.91751220883293
74.74886 -41.57126689836947 -4.5851344966053915 395.0024650740215
75.05961 -41.7146352749865 -4.605867564208691 396.83441324845967
75.26665 -41.865979604265355 -4.624668050958901 397.9704780253702
75.47354 -42.09561496719818 -4.648776795144052 399.07569602605787
75.88728 -42.7515222880924 -4.673214720522504 401.11228758829975
76.09411 -43.22965910406707 -4.670773973505179 402.03993247883324
76.40446 -44.08584248042922 -4.655849155291046 403.31671137061943
76.71482 -45.22737941402809 -4.612267633325379 404.52746417286403
76.92199 -46.16370354083392 -4.574154434848451 405.2886191934932
77.12902 -47.23553452276852 -4.517779323764843 405.94967346271085
77.33625 -48.44370420341775 -4.458983065028622 406.4773889957989
77.54357 -49.75823056537946 -4.417639570711292 406.8263884504754
77.75084 -51.16281363017788 -4.366878459242075 407.050277937948
77.95859 -52.67610907892826 -4.334498634136343 407.0519383178475
78.16657 -54.23863575246949 -4.287079692554608 406.93045850101464
78.27066 -55.05390294344049 -4.249937648623973 406.8439008815838
78.68737 -58.44340617459843 -4.110820109132435 406.4431591620657
78.79149 -59.30324235401136 -4.0668180492406005 406.3409710312465
78.89561 -60.19203056977989 -4.032448304973774 406.2458861977843
78.99975 -61.10697603807692 -4.008916969463454 406.1525034520309
79.20755 -62.98701105634561 -3.9627776571387674 405.9563181453776
79.41518 -64.92278693643505 -3.9024309753787416 405.7380611083906
79.51897 -65.91625734700898 -3.869377192644594 405.62772909293784
79.62267 -66.93736366067347 -3.841076372620577 405.5302177385329
79.7264 -67.97586105893363 -3.806589406612891 405.42418980620306
79.93387 -70.14058469943647 -3.733870803587285 405.23652243091504
80.14127 -72.38060592401942 -3.661429604954705 405.05530064261023
80.45221 -75.9215250851014 -3.519356340124717 404.81756670646314
80.65945 -78.36830222593639 -3.4206798756439225 404.6750660956654
80.8668 -80.84403109982581 -3.314093500953487 404.5324281868334
81.07409 -83.35581340175862 -3.211935604972275 404.39921930223187
81.28139 -85.89673501956534 -3.110911677356469 404.2707795552799
81.48862 -88.46091473634917 -3.017867294521186 404.12963773317495
81.69585 -91.00407651199117 -2.9303236242833757 403.9722113014574
81.90308 -93.53065626555085 -2.835505274732282 403.81221008466787
82.11032 -96.05125149361464 -2.739148309176907 403.66015649479453
82.42141 -99.82079183070732 -2.601719851806432 403.3929145044201
82.73238 -103.55357142337769 -2.44377212835604 403.06126931086493
82.93973 -106.02383699528653 -2.35366505838729 402.85013686837544
83.14722 -108.50068563100788 -2.2627306188838245 402.63119324543794
83.45819 -112.1795181381951 -2.1277307583146228 402.3158318614109
83.66555 -114.62835409567734 -2.039995931003764 402.1091301189043
83.97671 -118.30509724634899 -1.9072896857537138 401.88241773075725
84.18375 -120.72354989443477 -1.8123500844271767 401.7584152046164
84.39116 -123.11581288365358 -1.7298072412662489 401.647403888721
84.59848 -125.53158850955124 -1.6419101974727282 401.57590925952945
84.80571 -127.92352778342016 -1.5593644521600618 401.51562744472653
85.01296 -130.3057306851912 -1.470047560038502 401.4937476475441
85.22027 -132.61806419016423 -1.386354115863785 401.48144481494916
85.42775 -134.83140488497958 -1.30543008573399 401.48498733560325
85.63501 -136.92784967808262 -1.242996885554394 401.48067891507145
85.84251 -138.91912617152673 -1.1855841797284778 401.4739845209826
86.04958 -140.7810361871015 -1.1329520155092467 401.45319852732854
86.25768 -142.49929618707847 -1.0815175322493111 401.4124147633143
86.46418 -144.1528191967614 -1.0317385155028749 401.33578626337095
86.67155 -145.80120173754239 -0.9745097085223957 401.2452883225318
86.87889 -147.42128763301224 -0.9226994750543955 401.1133932304144
87.19018 -149.82103987667824 -0.8477295700985819 400.89638315604526
87.39722 -151.42216842557414 -0.8095759667484703 400.72064917736634
87.60456 -153.0642476594255 -0.7717908822541251 400.5323567502786
87.81198 -154.73409152844675 -0.7344908249902007 400.3304744662938
88.01928 -156.43925260900943 -0.6951430962155998 400.09720092631903
88.22662 -158.19415269608672 -0.6588587865975843 399.8724407166911
88.43433 -160.0167482901537 -0.6148404684938074 399.63331764080783
88.6414 -161.92045399572942 -0.548126896890019 399.38843754915376
88.84889 -163.8893794818519 -0.45924770887278843 399.1428505674697
89.05617 -165.88720801423102 -0.3711822353555352 398.896380685335
89.26354 -168.01649767983943 -0.25321134441121096 398.66743003673173
89.47088 -170.27237494837368 -0.15538439443371033 398.4660186989258
89.78198 -173.6809711478836 0.010844371265305242 398.179253370397
89.98935 -176.0901164327884 0.08699080936958214 397.973559424219
90.19671 -178.59486171373865 0.17417266669310738 397.7902068718716
90.40405 -181.11822000782138 0.2541529669091953 397.68491951307936
90.6114 -183.78057356178616 0.30122153789023276 397.6104643625556
90.81876 -186.47640289546877 0.3809505430966178 397.56227815541473
91.02598 -189.17264042466385 0.47016109469332434 397.51960318413023
91.23322 -191.89981302105167 0.5415097802763897 397.48449237831005
91.44045 -194.63991637292253 0.6190170719360424 397.4356872783902
91.64768 -197.39505835157857 0.7086188908722679 397.3736242289287
91.85504 -200.1029227044672 0.7920082763215595 397.3021072093131
92.06227 -202.83650116047176 0.8541395821727287 397.2244041058202
92.2695 -205.57257371932454 0.9259745814298306 397.1189723702827
92.47686 -208.24490526559114 0.9993273883426319 396.96289017666334
92.68408 -210.92622828007183 1.0606172420639135 396.82623349189436
92.89147 -213.60940149617082 1.126142494037241 396.6884077628615
93.09857 -216.26742228146736 1.2117573627587799 396.52791089430957
93.30578 -218.88473495970973 1.2942716989118317 396.3354857625828
93.51313 -221.49268307620275 1.3771990416653086 396.1329269507805
93.72048 -224.1515730790834 1.4480989942495324 395.94560291805305
93.92785 -226.74633159317207 1.5462131243483768 395.7489464537059
94.1351 -229.3196493038513 1.6458268078767215 395.5284781224751
94.34255 -231.8788398549715 1.7371415508856778 395.31306567005913
94.4462 -233.14683202437047 1.7768671974659087 395.2163420855945
94.75729 -236.94610710578294 1.9026208101915412 394.95766887102184
94.96465 -239.45146592553823 1.987726949712199 394.7944877962729
95.17185 -241.88458149655122 2.0763143338168515 394.6368836334418
95.48285 -245.40090038640108 2.207614708674045 394.404595143696
95.6902 -247.61761542843755 2.2765597691842423 394.26511134780924
95.89742 -249.72039330724942 2.345144326217582 394.13975596358813
96.10478 -251.75546718488505 2.4095290806128293 394.0405440761927
96.312 -253.6478112659272 2.466643193372118 393.9116068091667
96.62299 -256.24559810069314 2.547040420412433 393.6835876886206
96.83026 -257.9063233891928 2.590257460949662 393.5412374101521
97.03753 -259.48579815157416 2.6308405858324413 393.37309264020524
97.24469 -260.99043632008147 2.6787584050715267 393.1815642620258
97.45171 -262.43995954763955 2.7234599583801913 392.9151789457431
97.65852 -263.8394300994841 2.7678618700077475 392.5392750046341
97.86526 -265.17721690007244 2.8039053692019937 392.0507661309001
98.07206 -266.42506139183604 2.83508277654589 391.4315674565793
98.27871 -267.5945287785211 2.878516799643328 390.6745090788969
98.48569 -268.6484802023734 2.9122626850097766 389.7598609235183
98.69272 -269.5686934887677 2.9553886694606195 388.6811190404386
98.89976 -270.36881975655814 3.0217568004046873 387.4481955062011
99.107 -271.0150636994482 3.0865941277584756 386.0721486495555
99.21063 -271.2875449654053 3.1180896607885913 385.32835657010617
99.41837 -271.7242728375583 3.165527666897745 383.7651352772518
99.62559 -271.97812086515756 3.225273870062578 382.09245229391615
99.83345 -272.08944198748503 3.2789728211778613 380.3067875017278
100.042 -272.1372191490536 3.3418142204379535 378.421242243446
100.1458 -272.14760248535026 3.3665671537228867 377.4547469667804
100.3539 -272.14377128300094 3.40374477993905 375.468097170673
100.458 -272.12551790818793 3.4307982472574583 374.47317983253816
100.5618 -272.077357387359 3.4457789538205565 373.4353560751059
100.6656 -272.0097415216576 3.4485439760361185 372.3698329909699
100.8734 -271.85177407899306 3.4653666064520854 370.19253037336193
100.9772 -271.76502013506797 3.474986534366585 369.05857815335753
101.1847 -271.55933877348764 3.482458722218489 366.76911899031256
101.3922 -271.3579138987084 3.4982571479834563 364.39735898283453
101.5995 -271.09634908062503 3.5195640090263076 361.9283327813877
101.8069 -270.8037242879371 3.5469581318838905 359.378172660033
102.0144 -270.490287414533 3.572090247159678 356.7664701383304
102.2218 -270.19053982839193 3.5822605053786307 354.0802574392334
102.4293 -269.8666804492378 3.605378577404813 351.3084709022374
102.6367 -269.57564319673554 3.6182909070746927 348.5179409427921
102.8441 -269.27961441014133 3.6354950729379025 345.6770959312748
103.0513 -269.00967528552405 3.6699398414543225 342.8262607167868
103.2587 -268.7418556351844 3.717729193268859 339.9984476321832
103.4665 -268.49408142699326 3.786855617805589 337.14217006754825
