0.0 -0.0 -0.0 -0.0
0.2075901 0.03270920075267976 -0.009976092780692964 0.563324660117918
0.3116055 0.06820098761397628 -0.015359249532417334 0.8436652494497571
0.6226876 0.2551033246883978 -0.038344764885727724 1.672474638269329
0.9339528 0.5577033071147818 -0.06485825345940571 2.454998533599007
1.245136 0.9556425842197516 -0.09525279245411986 3.1751171265192317
1.452734 1.283026186484431 -0.1135756171763475 3.627192964479703
1.556375 1.4595154328048217 -0.1226807238787587 3.8423927449747577
1.763837 1.8490940614721618 -0.14000651590781102 4.244566916561996
3.111717 5.236540243652348 -0.23874860762249334 5.98138077502005
3.319074 5.890779340070244 -0.2487783330128892 6.114086583541228
3.422811 6.229340499746146 -0.25345043753100693 6.166671018257636
3.837524 7.651092173970038 -0.26434914221335404 6.278834210299806
4.252293 9.162846236420727 -0.2691054878236734 6.252949160570662
4.459609 9.940414398167562 -0.2685351857060639 6.203347316877517
4.666947 10.730401292640124 -0.2649156497820335 6.135052387868312
5.081656 12.384451534599076 -0.2589789167848014 5.950850316015551
5.600026 14.627290752002175 -0.2508234232249983 5.637908493872478
5.80734 15.57141674650876 -0.24514294422052885 5.496621422107102
6.014715 16.552538919408512 -0.23736496116690814 5.3474569596742105
7.051471 21.819393977146078 -0.22675894040659592 4.597559196994043
7.362568 23.509885809261537 -0.22776920750614213 4.359699935127976
7.569925 24.66455255379568 -0.23185440531174958 4.19694876509716
7.881024 26.425739434568825 -0.2287850818534051 3.9636637269600277
8.192118 28.232792171119588 -0.23309688561395997 3.7150143691334936
8.606978 30.718452097342105 -0.22901753660741142 3.3611045839278875
8.814436 31.98674018544329 -0.2293480779295052 3.1757539909780474
9.125548 33.91731770044856 -0.23359762751784977 2.868504375749022
9.747566 37.86675535192655 -0.23976772497504445 2.1423050252901517
9.851216 38.5279933503133 -0.23976005853689597 2.0147924144846074
9.954854 39.19356291585072 -0.2391196166823616 1.8772486662794412
10.16227 40.52307814044217 -0.24283320015469861 1.595385958008757
10.57701 43.218044735026425 -0.24525642544112392 0.9767037460884271
10.78449 44.57659474629358 -0.24853235398866336 0.6392108475872664
10.9921 45.94169636367038 -0.24679182776830905 0.3000287837927367
11.61418 49.940735866985506 -0.259997409292563 -0.8098496458075726
11.71802 50.61508877479329 -0.26296984710120436 -1.0045983050355076
11.92506 51.965697019614055 -0.26795455780400984 -1.4135608405878983
12.33962 54.68557588592613 -0.2683661860491364 -2.266938784791982
12.54685 56.053928680674 -0.271963475382865 -2.707408755892919
12.75421 57.42748502256504 -0.27100951309866017 -3.1761486722204584
13.06505 59.490788323208925 -0.2695340905912488 -3.873312425405029
13.27241 60.86695026383293 -0.2704776170325607 -4.354706106931591
13.89444 65.04060660426642 -0.29202773563739504 -5.893469581842968
14.20592 67.13557052767135 -0.2927975267525476 -6.700621204847614
14.51654 69.25520112900419 -0.3104828657714043 -7.547159642123052
15.4495 75.59459289371908 -0.3636686256716249 -10.211711217123536
15.76042 77.71461957783164 -0.36704767319183906 -11.143991344684569
16.0714 79.8154845145992 -0.3661536948026578 -12.0989103704973
16.38237 81.90450095277157 -0.3713828121996914 -13.068841460785684
17.00432 86.05001895435646 -0.3866758956725367 -15.077544972004706
17.31533 88.1046533382259 -0.39923230522711844 -16.143973821006373
17.62628 90.1879999465396 -0.4096294736478316 -17.231583491602574
17.93782 92.27828114856433 -0.4095134961143436 -18.360647497864182
18.24822 94.37883254773253 -0.41387955579984603 -19.546340739972596
18.55914 96.4783061693366 -0.4153003824739444 -20.69603253688667
19.18087 100.70646947621529 -0.43901118325788735 -23.109097807309833
19.49184 102.84716226934115 -0.4155715768976467 -24.389875872121056
19.69907 104.3012578970665 -0.38217667564584834 -25.283152396792847
20.01003 106.47592000211847 -0.3902014471049793 -26.696662705337406
20.32088 108.57797080617269 -0.4066807783378621 -28.020526076236564
20.52812 109.97251310281268 -0.41000642505240137 -28.94436256589444
20.73535 111.40616760756562 -0.39164323386411537 -29.906285765546745
21.04632 113.62756050701582 -0.37011491582478584 -31.456930248485442
21.25355 115.0354647993368 -0.3410464967859923 -32.43943886792677
21.46082 116.46741727797792 -0.322810001449231 -33.47275180511379
22.08265 120.60415275504573 -0.244744827748284 -36.563384800065535
22.18621 121.28061659038495 -0.2320600694024879 -37.069380610416985
22.39357 122.61185909577316 -0.20348945821622744 -38.077813733111206
22.70444 124.5797897605045 -0.17859534506092078 -39.6169796922665
22.91177 125.8888242406978 -0.13641274756546995 -40.616963518364614
23.01539 126.56119851217237 -0.10923220923563992 -41.13420180686576
23.32637 128.50570328438985 -0.04972311676191321 -42.63196346549954
23.63732 130.38560377194455 -0.004646087588370484 -44.237262688879746
23.74108 130.9991231445492 0.023516341200020108 -44.7514049192719
25.50278 141.00127909355314 0.32100026141463367 -52.86378934067045
25.60639 141.58469667408403 0.3402446442502578 -53.34438446314905
25.71001 142.1777298811946 0.3596131013684962 -53.84913083406726
26.02085 143.9572638711401 0.4243981317112553 -55.34864654147722
28.71563 163.0423311437997 -0.04436649052420094 -65.64604849281996
29.02646 164.7635892394996 0.052786827403737746 -67.10449817365577
29.13007 165.2929825406922 0.07486363507586624 -67.58882816541474
32.34333 185.27187969583787 0.9712810507022809 -81.39135648118
32.55078 186.30325621564833 1.0510430280763732 -82.42006612100738
32.65437 186.821700202239 1.074640737679836 -82.94002402359955
35.35013 198.93923210496683 1.6868343553839082 -92.73300265416829
35.454 199.30190456809768 1.7075542536508088 -93.1510748493751
35.55743 199.69916823203258 1.736638454118296 -93.57382418035786
36.38684 203.0096794023915 2.013470783409778 -96.99107763169349
36.90521 204.965530952357 2.1601794158185808 -99.01096541841295
37.8384 208.17326395826285 2.4223617022757136 -102.35172206963954
37.94202 208.54871451932604 2.4558173374678294 -102.74665828284932
38.35648 210.19476641271694 2.6170411705944456 -104.30481978351844
43.02117 223.50214709122383 3.453883874248266 -113.7935612748803
45.40471 227.0313281611145 3.816558761648386 -118.78037574504805
45.61207 227.31443001700436 3.8381456393077995 -119.19443831397925
46.44113 228.49618847459013 3.9457339183689673 -120.87516190666638
48.92878 231.74359222741396 4.245081692371363 -125.84168093209843
49.03237 231.8454071034791 4.255020245616592 -126.02995107450808
49.23948 232.06212397307542 4.266369801957699 -126.36496146766987
55.97729 235.28100812344817 4.571443709021494 -133.07652206527595
56.08086 235.3337353798019 4.5764665073847866 -133.16057752581077
56.28813 235.44680531891908 4.587194350300482 -133.32393989386276
58.98246 236.87690692353289 4.693502621119627 -135.46564856128526
59.08607 236.93317132315838 4.698767331450574 -135.5402526538873
59.18981 236.98651431797975 4.703263745182667 -135.612094282331
60.43407 237.6453551811 4.757408684093281 -136.41096244304907
60.64143 237.75565238349702 4.76523559421979 -136.53973367905226
60.84878 237.8670439268414 4.77275490837342 -136.66841398379273
61.05614 237.97807294431692 4.779894031151047 -136.79738585708174
61.26337 238.0888163551821 4.787425911788363 -136.92428483882108
61.36698 238.1432028517852 4.791720981518663 -136.98908078075232
61.57422 238.25701822122073 4.800455541438486 -137.1206204835312
62.19657 238.58734040606004 4.822687047947751 -137.48934298197258
62.40341 238.6990825589388 4.829784233060998 -137.61625063124887
62.61105 238.81146491001002 4.837303823741518 -137.7434260059951
62.81773 238.92406089172977 4.844744771443009 -137.86912515629325
63.02496 239.03641958572922 4.852595080628642 -137.99582672174589
63.64652 239.39179983383838 4.874202543288003 -138.38905147671215
63.85363 239.51125578518804 4.88151502331908 -138.51874256267672
64.06073 239.6324399550998 4.887949587493701 -138.64929728009477
64.26797 239.75214318222766 4.894652720264398 -138.779243003626
64.4752 239.87721478297635 4.901719489358991 -138.9123395708854
65.92608 240.7224281788371 4.9494903713548615 -139.8038661894194
66.13343 240.8419071635628 4.954306523768011 -139.92672140328975
66.3409 240.97251711964958 4.9579926800862335 -140.05914633652827
66.54825 241.098416649597 4.955765729637683 -140.18772610888092
66.96272 241.35673172745845 4.9740643553172035 -140.44969682716368
67.16996 241.48552700085065 4.97784366639851 -140.57936126920518
67.37719 241.61554387833888 4.980143401686151 -140.70857541914134
67.79152 241.8775940136781 4.988941531615518 -140.96473364908434
68.20586 242.1386651162452 4.996111419824937 -141.2142177118516
68.41296 242.26957555207363 4.998632399638961 -141.33840466909822
68.8273 242.5403493872772 5.001160298989637 -141.5867870021197
69.03442 242.6701933920673 5.003073719416413 -141.70542668937594
69.24164 242.78585057353447 5.007132565931104 -141.8159287543233
69.44887 242.9150411179617 5.006283668025167 -141.93148040777487
70.89976 243.71824001673838 5.017468759563889 -142.651517393972
71.1072 243.82499612970332 5.01624330772642 -142.74080782694432
71.31434 243.93374285784995 5.015080924611537 -142.83366162943804
74.01009 245.11924746120405 4.968794823067098 -143.63010614760358
74.11368 245.16227735626114 4.968164941170402 -143.6656727582744
74.32104 245.2315225682694 4.968339415622806 -143.7387711962142
78.77738 246.9685085428252 4.963148560035953 -145.15876542642306
79.71007 247.31843384769127 4.9628572349745665 -145.4469221866604
80.22839 247.50638536037977 4.963076068187453 -145.60499833084734
80.4356 247.58171825075138 4.963331822148727 -145.66911803853804
80.64296 247.65715582033954 4.963268447900081 -145.7338349014792
88.41853 250.27209239063973 4.987229829210127 -147.9696181996047
88.62598 250.33580565026008 4.988580696058649 -148.021703185313
88.83347 250.40043952299865 4.98976849596324 -148.07358709996467
91.32213 251.08128219905296 5.011007076220835 -148.663498122722
91.52959 251.1262962306401 5.012670424090317 -148.7096890505885
91.73695 251.16913818099258 5.014473336760362 -148.7579263270303
91.94442 251.2100500051557 5.016339427153165 -148.80655624660335
92.56689 251.31835563454712 5.022536053534299 -148.95930013290155
93.39654 251.4246782605995 5.035199317320981 -149.1810256125246
93.60402 251.44409462186906 5.038656680687403 -149.2417416156709
93.81138 251.45926144939097 5.042059804504396 -149.301763373873
94.84829 251.48417079788214 5.060825848072657 -149.61518653684317
95.05566 251.47846042101617 5.064993698796394 -149.67882491218035
95.26312 251.46938746549904 5.069264728831181 -149.74226245654194
96.92184 251.27489049654008 5.105263545278225 -150.2314939195362
97.12932 251.23416306085275 5.1098308316528005 -150.28780009354793
97.33681 251.19075601928398 5.1145665263244 -150.34151632164333
98.6848 250.82970069092454 5.144336837223962 -150.62179972497157
98.89215 250.7637037045294 5.148918753336011 -150.65252703668426
99.09951 250.6964722050589 5.153007375843746 -150.67953569514842
99.20313 250.66178316414465 5.155058422748443 -150.69176581087552
99.41036 250.59100983331638 5.15876348712402 -150.7133196808942
100.4471 250.21811972545927 5.178248919460117 -150.7648802735429
100.6544 250.13950275580748 5.182213058712961 -150.76560709106178
100.8616 250.06079474239985 5.186129028051232 -150.76339470076
101.0688 249.98242852867764 5.189467404819569 -150.75879593244514
101.1724 249.94278011706368 5.191279498268226 -150.7557769376357
102.0016 249.62009816857193 5.204186674294954 -150.71619851823613
102.8309 249.29323427188598 5.217911070888427 -150.66253467975582
103.0383 249.2111158433974 5.221236642457846 -150.64860056969627
103.2457 249.1301055816781 5.224443309494106 -150.6339953273793
103.453 249.04844893086167 5.227838451987573 -150.61916460378032
