0.0 -0.0 -0.0 -0.0
0.1037359 -0.0060534806409256745 -0.004815851464418441 0.6144228772260798
0.2073381 -0.020061878327028576 -0.008603780900613825 1.2459065320352907
1.03691 -0.2066487853052359 -0.07669302078897153 6.802578245945585
1.244242 -0.28316144893282247 -0.08920885767319021 8.287603695554633
1.347979 -0.31918522907501756 -0.09234763276094299 9.044124572258902
1.65896 -0.44480942992182837 -0.120512642156717 11.36627121677329
2.073666 -0.6466105030154046 -0.1630863457427007 14.572233088828193
2.281017 -0.7581019483187803 -0.18949266531561348 16.215207631365878
2.48825 -0.8663157214531088 -0.21121014373506053 17.86793212061709
2.695832 -0.9829095425993362 -0.23702498771317082 19.542697093109812
3.110441 -1.1966630851392168 -0.26228911535459226 22.946307150278642
3.317669 -1.303602017411609 -0.2726834620276675 24.679980832736145
3.732256 -1.5098861114147115 -0.3058919127685672 28.21019974212936
3.939488 -1.6222276729925338 -0.3220609242816356 29.989152046594103
4.146888 -1.7494293385185211 -0.33853625149538846 31.793629098144095
5.183503 -2.3941998410342116 -0.4113258082788033 40.75585089185345
5.390861 -2.529418027949503 -0.43047423335122104 42.52109403850987
5.598233 -2.667986318728623 -0.451712079661653 44.278066549770955
5.805571 -2.798955863655939 -0.47395315932030363 46.03176654726557
6.634992 -3.3318444626869677 -0.5260055914189757 52.915511118687846
6.84235 -3.477454118313613 -0.5341212882201589 54.5668879094625
7.049705 -3.631858151157612 -0.5588309808636712 56.18506371207362
8.086111 -4.36137535844245 -0.648459665572878 63.52106239170896
8.29347 -4.496857004718074 -0.6589736833357032 64.80780810293761
8.604438 -4.700890261971763 -0.6859749834666932 66.62713506374868
9.12289 -4.960444472169265 -0.7420435417738378 69.30116128777522
9.537749 -5.082368773614511 -0.7836489877353958 71.21846085687214
9.745342 -5.117097926674017 -0.7961118493840533 72.10476988845662
9.953059 -5.0762844155950795 -0.8066180923306774 72.94937420758707
11.09659 -3.757276311401263 -0.869589507188872 76.72059308865043
11.30431 -3.2815524522506294 -0.8916792957015346 77.21311133336789
11.51192 -2.7476232931378135 -0.9054771992301465 77.63627118227893
11.92638 -1.5604324132554126 -0.9402203488675178 78.28463198160222
12.13361 -0.9196781827709799 -0.9560241338136422 78.51631942561193
12.3406 -0.23815362754375258 -0.9644496133264268 78.68357234678554
12.54767 0.4570069357025055 -0.981551299718409 78.87221730059541
12.96167 1.9734248273688948 -1.0200178112833955 79.10993767050653
13.37588 3.6953862094395227 -1.0748676239291213 79.30090577146588
13.58311 4.643070068131241 -1.1038969238671537 79.35824483053268
13.79034 5.6461583146770025 -1.134282318145622 79.4078511867292
14.82686 11.835425225722595 -1.3056220888169157 79.588946596101
15.0341 13.267254217953758 -1.3469875631758537 79.64129656255268
15.24145 14.76746025349106 -1.3840171234208718 79.7123971906553
16.07102 21.131788782423566 -1.596750020778455 80.1699695157679
16.27845 22.749185753710098 -1.6585063393550492 80.28383861066195
16.48571 24.36226343964229 -1.7197536714120303 80.40304110288018
16.69309 25.969023031366127 -1.7816999049635713 80.52031480302045
17.1079 29.17373585856496 -1.901002977527078 80.69049937976393
17.31539 30.755243762807595 -1.953091940994836 80.72930318034395
17.52287 32.32696723595998 -2.012680713941678 80.73607859795153
18.14482 36.90306220061939 -2.157163714706572 80.56110283343504
18.35217 38.375621005798216 -2.2116541614771354 80.45053750486008
18.55957 39.83501734931417 -2.2628886417489147 80.3137160466079
18.76688 41.24824181986591 -2.306784048421214 80.15570420551713
20.01002 48.45068553583857 -2.5808576653958335 79.59617739707909
20.21714 49.47094722336522 -2.623175068466557 79.66854626838881
20.4241 50.471277979785114 -2.664778127460007 79.82364016051555
20.73444 51.90829271282409 -2.7245716932304544 80.24711076195317
20.94151 52.78960330779387 -2.7519151239275708 80.65662642033047
21.14837 53.57972391694019 -2.7777181831670763 81.17177576619592
21.459 54.60486963536091 -2.827700196561156 82.14271448157997
21.66636 55.175502974924996 -2.8601876331671816 82.90141237982343
21.7701 55.42617145533816 -2.873869672102458 83.3186303221961
22.60129 56.65747090152185 -2.9294466626100353 87.13459215620877
22.91366 56.98774561844468 -2.9369889337621116 88.7608445631193
23.12172 57.19164295943162 -2.939911364947536 89.90759245302964
23.84899 58.16797204599297 -3.0126733318281502 94.25710639742742
24.05642 58.51254514261464 -3.0334671933586828 95.61881959206755
24.26396 58.873835218179266 -3.046346917885157 97.01308502436001
25.09267 60.317012685003625 -3.1341661851161358 103.10877135193276
25.50725 61.060471961615825 -3.1848090685316204 106.44326027973213
25.71463 61.44308047697007 -3.2157343767067195 108.17558048642013
26.33655 62.55756295224848 -3.3032027842122202 113.54152652392703
26.54405 62.954978646088676 -3.332385309497444 115.37505936868088
26.75126 63.38332804255651 -3.371536942903042 117.20434261888232
27.16587 64.22846945612984 -3.448081846184236 120.8560230389671
27.37323 64.64369957968992 -3.482206245641195 122.66583289612188
27.58044 65.08016852620996 -3.52683852301395 124.44266808367769
28.61684 67.10871068864994 -3.7040721486124526 133.39652861977459
28.82422 67.44890632884861 -3.7513146573245706 135.1545962512281
29.03156 67.7985204703206 -3.7948475532746784 136.90857983044253
29.65342 68.78048432203934 -3.9067897467930424 142.0945979066705
29.86088 69.0524215340549 -3.923868812172368 143.83427504038826
30.06821 69.3128762127157 -3.939697543389954 145.54717602795031
30.2757 69.56046842222372 -3.956653976754888 147.28487329589194
30.48305 69.75426862664476 -3.989532940516214 149.05441932364593
30.6904 69.93593604830251 -4.024382444734 150.82514743096735
31.31235 70.30586176423706 -4.087024841025282 156.21777708326496
31.52006 70.37944139562654 -4.108274878183698 157.99970818400382
31.72694 70.45265575438137 -4.128508790467519 159.79666955211175
31.9343 70.51663806159945 -4.146077815998934 161.60433727430586
32.55624 70.58875935893016 -4.036647447039689 166.71514648146066
32.76373 70.64130332013875 -4.136999147878027 168.45782936231325
32.9712 70.61489462725098 -4.147889917973754 170.24115284556072
33.17856 70.5267894954595 -4.40330762990572 172.03818805601048
34.00835 70.12512258520525 -4.979278889070647 179.95944564501065
34.21584 69.9428274399411 -4.9814666173664675 181.51746314334696
34.42334 69.82892682483325 -4.962900794448111 183.37173915631547
34.63067 69.7130274844662 -4.964297361192034 185.22904346396663
34.8379 69.5572416554327 -4.973281418369597 187.09953506469657
35.04526 69.40886923982555 -4.966200465683322 188.93275972120486
35.25251 69.24751827984662 -4.971662654158541 190.75576908336225
35.45985 69.0856843441943 -4.969550176260471 192.56492615690655
35.6672 68.92683562694712 -4.9617367188545085 194.3277302198372
35.87468 68.76603895062567 -4.962723688614563 196.05551736628647
36.08208 68.60955539881587 -4.96834018369264 197.76743805433063
36.49688 68.32804466369348 -4.94962385861511 200.91930656356837
37.94836 67.85674710187034 -5.01162910804045 210.50057547604123
38.15572 67.83732060747307 -5.008892120692071 211.82833155193765
38.36294 67.82424597578502 -4.999394540856579 213.16961708865327
38.57023 67.79294792062821 -4.9924601406921125 214.51723784573207
39.81416 67.53858000236953 -4.9326945214946605 222.7274456075544
40.02144 67.48059509235186 -4.927735934834934 224.14606621285907
40.22896 67.41995434241329 -4.91044050721843 225.55133600841924
41.47327 67.02360173249207 -4.898056001706 233.56387351791773
41.9914 66.8353568324769 -4.886059643134934 236.41017315469026
42.19826 66.71112458938282 -4.889675225933038 237.4142980697652
43.12965 65.4043097353443 -4.983862268146932 241.3393498060654
43.33652 64.89050860193171 -5.03998590486752 242.02754929456444
43.64715 64.00603806073644 -5.094998043764045 242.93558413058147
43.85435 63.33190372154894 -5.127256734741062 243.45516449095106
44.16542 62.26298607795633 -5.158088321307541 244.05523399116376
44.47627 61.13003432938633 -5.183535732066517 244.49049894911522
44.99509 58.83964901310564 -5.242122174916912 244.84496773164713
45.20336 57.812125377303325 -5.276587650756632 244.87176017498587
45.30693 57.27741660410034 -5.292547630391754 244.86195044862495
45.72254 54.96980005979027 -5.383325130641756 244.71426096461332
45.93051 53.7330140927522 -5.4371949593140485 244.61479963074743
46.13842 52.41292263487058 -5.494213242905861 244.51236507383354
46.96918 46.24995034045907 -5.766498120431411 244.07021868117587
47.17665 44.484899892864725 -5.85242934370478 243.9597687724827
47.38412 42.63970570296786 -5.9342328556489266 243.84720239794996
48.21388 34.95686696074347 -6.304733991334534 243.3802176177682
48.42053 33.03755896362418 -6.39173042925826 243.24443117206778
48.62778 31.12809450736083 -6.4706502970195725 243.09703232447063
48.83536 29.24036753122973 -6.5489151529990535 242.9280178261406
49.24983 25.490065372349687 -6.7305823231828805 242.57359316478647
49.45761 23.610175741396766 -6.831099672269132 242.40089020575917
49.66469 21.73818180462127 -6.933356878167999 242.24780665318215
50.28673 16.284115712913497 -7.219760667498036 241.85807442091877
50.4941 14.488025912741048 -7.312248761598136 241.72941895591356
50.70131 12.717589328196368 -7.398183765465433 241.58357530598505
51.11603 9.212880825202518 -7.571112281812903 241.2568913935505
51.7381 4.070326324254715 -7.815719976295429 240.64705749088097
52.15294 0.8339710378305654 -7.982525820541905 240.23253574843065
52.36031 -0.7007830946612721 -8.059459137254668 240.0395501192069
52.56765 -2.166742347806867 -8.136995665647873 239.86252813525695
53.18958 -6.218860177351855 -8.330637239908487 239.44526682418515
53.50056 -8.013264897942673 -8.419189031247901 239.29344869365846
53.70791 -9.114414339764698 -8.471131193872516 239.2114869820256
57.75039 -15.818798907872269 -8.82348764818519 239.11775077053332
58.06127 -15.962977410383797 -8.830127011325912 239.12192622664043
58.57959 -16.605355703225293 -8.873180516579456 239.16482231735094
60.13578 -20.612750768966634 -9.138547650976655 240.46374038898938
60.3433 -21.200482331578442 -9.178228050311375 240.92861429995486
60.551 -21.767766748481364 -9.207766166266508 241.49365912999127
61.58757 -23.882634902307032 -9.275479483550303 246.10089161998837
61.79455 -24.09862416644947 -9.288421636548753 247.36557325758497
61.8979 -24.18941213722966 -9.291400364353983 248.03222097978045
62.3115 -24.426280627958015 -9.29655303507597 250.9095706557318
63.13942 -24.75757210830693 -9.281081128475632 257.5266491458623
63.55389 -24.956078946667702 -9.266841824202826 261.26824750980444
63.76125 -25.070147181974978 -9.27314776756406 263.23684365554965
64.17597 -25.292879617772833 -9.26617485584375 267.35688662752545
64.38318 -25.40891575948369 -9.260211626091108 269.4779396417401
64.59071 -25.535763087187945 -9.273131675845724 271.6625026009807
64.79794 -25.67708770627138 -9.284179358895576 273.90870134873893
65.21283 -25.948640493161808 -9.272962883309374 278.538931842559
65.41985 -26.084740601915364 -9.270498248071926 280.9035603919778
65.62711 -26.229775469612633 -9.278188211338051 283.3136128886999
66.24894 -26.672430202963476 -9.336160091188207 290.59442518075645
66.45624 -26.848413371964487 -9.358916686063607 293.0347674282966
66.66359 -27.03468186525177 -9.375561732291544 295.4647870252235
66.87096 -27.208447481289937 -9.388227023999459 297.876933271619
67.07831 -27.389180679854505 -9.399530892085812 300.2834795362095
67.90759 -28.13519999801181 -9.468015872913018 309.738334121019
68.11497 -28.312982994679047 -9.466981823814717 312.0646530169089
68.32222 -28.498360449820396 -9.483023694127112 314.3953190492702
68.52959 -28.68268808978184 -9.500776763527728 316.75276504578403
69.359 -29.345505247046063 -9.544483566502572 326.13457738508856
69.56633 -29.525123643073165 -9.54537795722042 328.55940362626416
69.77371 -29.69202079811796 -9.557948937146655 330.9689089846884
70.39563 -30.18753149579031 -9.58313027559111 338.28264152547484
70.60299 -30.339438809214137 -9.585363055933144 340.6903639307767
70.81037 -30.502920285399924 -9.588816796594848 343.0867088901072
71.22482 -30.820242615048674 -9.601549384158684 347.8459066222748
71.6394 -31.143269940226517 -9.61030943053689 352.51453196081115
71.84665 -31.292141511042 -9.621047703815485 354.7752358453392
73.09051 -32.30890911430124 -9.652233958974325 367.4447062587622
73.29787 -32.45010211290121 -9.667157094449859 369.3508600652553
73.50511 -32.57411236548 -9.67275619641542 371.16365897649325
74.12717 -32.88308171464506 -9.69027373905916 375.97010728378723
74.74886 -33.1201316422704 -9.7088765919578 379.8682232525763
74.95596 -33.219585421361536 -9.71339340296414 380.9606847868102
76.61134 -36.01803222906162 -9.871070113272648 387.7275842509134
77.02553 -37.63225797858476 -9.919053077518871 389.0276316718834
77.23263 -38.6293113433064 -9.937415611917256 389.54748443890793
77.43986 -39.73362846021047 -9.986195491052598 389.9007558064324
77.64709 -40.923768602928206 -10.038192098745753 390.13854949943436
77.8547 -42.21513496729019 -10.11070083099217 390.2110252036675
78.06256 -43.595968800869066 -10.181944021599184 390.11761499377053
78.16657 -44.28850446300193 -10.204931459236958 390.0476534607063
78.37479 -45.6885246027004 -10.267255993017788 389.8579976799613
78.58315 -47.452887918980636 -10.367857772281035 389.92805505568265
78.79149 -49.45482319525081 -10.282320193055014 389.8585023300406
78.99975 -51.47324212568501 -10.290084200261255 389.77366890654963
79.10361 -52.51597786847321 -10.304898499055351 389.72034751559613
79.20755 -53.56209477894344 -10.335511962201613 389.6603856346642
79.41518 -55.679485884746235 -10.400954023911819 389.4777044058963
79.51897 -56.7604288700753 -10.45458215644654 389.387754568998
79.83015 -59.028266545429105 -10.587033330789978 388.8821583464485
79.93387 -59.43267572348868 -10.67147512082687 388.671202861361
80.14127 -60.17122474600497 -10.886198783624227 388.1708770082487
80.55583 -62.226274889797835 -11.068593201952218 387.39539989078276
80.76319 -63.29952681578469 -11.16517344810523 386.995029542562
80.97042 -64.41920451944813 -11.287265046997558 386.6113434874058
81.17767 -65.61244134428338 -11.404147410880286 386.2871084350201
81.38503 -66.89182810847188 -11.498497291329802 386.0484427216724
81.69585 -68.99544766503267 -11.653431380541452 385.9373529828372
81.79947 -69.5369486578378 -11.6896765919528 385.98417721366326
81.90308 -70.05046063231678 -11.71394801612241 386.0520860955154
82.0067 -70.59707724074588 -11.771686624621221 386.1184752331977
82.52502 -72.65069652012973 -11.832704511710192 386.6885103920803
82.62878 -72.90824064091593 -11.85301315092784 386.78670286155904
82.73238 -73.16233209010966 -11.87380799083385 386.8883254496123
83.0435 -73.87736753718839 -11.969008159824222 387.1816231334065
83.14722 -74.10311877320737 -11.999296694168365 387.2726757545106
83.25097 -74.32208859978674 -12.02846686255382 387.37020408186834
83.35457 -74.53278919629642 -12.057208864752893 387.4622525003853
83.45819 -74.76427799420321 -12.090287982688738 387.56351471886194
83.56198 -74.98110112115506 -12.12019460039049 387.6532387368959
83.66555 -75.19271436661697 -12.156330696637976 387.7449208787969
85.01296 -77.1830019904999 -12.426020416511928 388.4258754987018
85.1167 -77.32339939373381 -12.44291053785425 388.4778791990593
85.32408 -77.59490735164945 -12.476210272551441 388.5793977382375
86.04958 -78.44826126453506 -12.583334170090335 388.89886009869736
86.36051 -78.75924329693437 -12.62154551766881 389.00607336777955
86.56778 -78.96238718957585 -12.64605017819858 389.0710424163157
86.77514 -79.16463535104468 -12.670103026744442 389.1330042872399
87.60456 -79.97088261171626 -12.771671871373133 389.3481939914552
87.81198 -80.18103447498183 -12.79885185775483 389.3998124404111
88.01928 -80.39609229611159 -12.826279106341934 389.4489706412389
88.43433 -80.84455394200972 -12.883419121186575 389.55667380784985
88.6414 -81.08378801769068 -12.910809081634717 389.614150294713
88.84889 -81.33127064787077 -12.936877896516743 389.6752026283182
89.67823 -82.30709813450984 -13.000855061379625 389.9739637109001
89.88559 -82.59991541535805 -13.045600028809428 390.05000588122516
90.09295 -82.9084319130175 -13.093445219190285 390.13142088544373
90.30045 -83.2827397684012 -13.183420626874438 390.18127419141746
90.50779 -83.59184436748731 -13.23167388697599 390.27967847919314
90.71514 -83.8531379998627 -13.248912484070628 390.3815862857074
90.92238 -84.17065819757933 -13.380886586366719 390.4587527743586
91.1296 -84.48388978211476 -13.419972703113192 390.548968437159
91.33684 -84.8006539392769 -13.45757251973954 390.64367043135263
91.7513 -85.48132257347044 -13.533648818229125 390.89381984629
91.95867 -85.81117785606442 -13.575571120472254 391.0098629680941
92.16588 -86.14566004109997 -13.617833066876937 391.12737760682336
92.37311 -86.47555230402654 -13.658127109071607 391.2351439542615
92.58047 -86.80280554972182 -13.699511879652075 391.3408526148041
92.68408 -86.9644583260651 -13.72072622660858 391.393439840631
92.89147 -87.28824746392523 -13.761452779535727 391.4988609355655
92.99493 -87.45004654187582 -13.780662055875306 391.55051349313067
93.20216 -87.77440785696427 -13.817971887479914 391.6529625946946
93.61675 -88.40988545992136 -13.892541892815432 391.84532951321114
93.82412 -88.72327640911863 -13.92855081258448 391.93902465060074
94.03155 -89.03491827609797 -13.962715894491044 392.0312720823271
94.4462 -89.65163713939627 -14.033699120217216 392.21077236794855
94.86103 -90.26000621530513 -14.104282585598684 392.3946707656233
95.06825 -90.5559216461239 -14.137268237747612 392.4857981322398
95.27559 -90.8438277435565 -14.168719201483041 392.57463609718366
95.6902 -91.39105259199945 -14.230942123203624 392.74440752808977
95.89742 -91.64468543529684 -14.259462238130151 392.8247993495308
96.10478 -91.88742006393362 -14.288159972033567 392.9038077725606
96.93383 -92.73465150540888 -14.390626182184663 393.1499585701421
97.14114 -92.92566552271138 -14.412570133060466 393.19911116971974
97.34816 -93.11053500306693 -14.433541525557029 393.238613726307
97.76187 -93.47413262459693 -14.474454995157574 393.2752193702173
98.17532 -93.82461108247867 -14.512539579273847 393.24343088860934
98.3822 -93.99236065531028 -14.52812026790917 393.19446879275205
98.58919 -94.1534553578901 -14.542559706584273 393.1218112877367
98.79615 -94.30795726361039 -14.554723308210118 393.02533553420386
99.21063 -94.58455577291201 -14.571184871608878 392.76065564640146
99.41837 -94.70886921296241 -14.574439038295122 392.5943393485701
99.62559 -94.81788410157446 -14.573984468587577 392.40563181877883
100.2499 -95.10127597324454 -14.564700531064904 391.73570940206855
100.458 -95.19031950426006 -14.561694864513878 391.494122633422
100.8734 -95.35556246042492 -14.559729052784348 390.9677106535594
101.081 -95.43511726879449 -14.557654150629885 390.68946780497504
101.2884 -95.51887607849737 -14.555460412080993 390.400103253205
101.7033 -95.68526743232114 -14.548909270950514 389.78499829300387
101.9106 -95.76865635542195 -14.54405605034137 389.46258864329803
102.1181 -95.85345603631089 -14.540604608850309 389.13104102406123
102.7403 -96.12862186344307 -14.532265791279336 388.0937474233235
102.9476 -96.22628145844206 -14.52824919252181 387.7427526822518
103.155 -96.32428101084815 -14.52253788124075 387.3963435063073
103.3622 -96.4237391118444 -14.515556360734761 387.0474450024296
103.5696 -96.5244124048647 -14.51045242762428 386.70190239777304
