0.0 -0.0 -0.0 -0.0
0.1042283 0.0016641383141073624 -0.009686771054444224 0.4939757270914011
0.2084765 -0.0010960099427782888 -0.021006609330204914 0.9826597259100316
0.5212271 -0.013532654789906113 -0.05070137338554971 2.462117241899983
0.833976 -0.03528856977153552 -0.0868172252050273 3.976431795867868
1.146853 -0.08128201007664086 -0.1325545464378951 5.5641322867175536
1.563854 -0.1482341395144581 -0.17519658170817132 7.872113375432026
1.876603 -0.20296111793036262 -0.19813703235768065 9.707500684211734
2.085105 -0.23880570275651575 -0.20827937105206654 11.03415196157765
2.397855 -0.2936425363746771 -0.21573586757780192 13.137147620474748
2.606377 -0.3382179720479535 -0.2142280551302415 14.60456715473738
2.814856 -0.3803609806970682 -0.23081610928208798 16.14482548203209
3.023358 -0.4229579025522597 -0.25213496030867294 17.73889989020845
3.231728 -0.46650026055091853 -0.29506693282447577 19.3874817007485
3.440232 -0.5278862655791701 -0.33987788896813625 21.080222454470523
3.648605 -0.5761054097032209 -0.3885628184031834 22.814802901115485
3.856982 -0.6273172751786394 -0.4350264460358996 24.58410874653255
4.065354 -0.6832031626376446 -0.48329301982511685 26.38491545893519
4.273854 -0.7340415627798498 -0.5283171708784118 28.210674896050577
4.482232 -0.7832792330125145 -0.5803084784180959 30.060504871173077
4.690605 -0.8466634364160404 -0.6159022013830995 31.934733356422353
4.898858 -0.9034849618045258 -0.6476075256432909 33.84209964717886
5.107234 -0.963545904375309 -0.6913365385758892 35.76226123493369
5.315611 -1.0277961205421617 -0.7321998556053347 37.68838169096174
5.523983 -1.0994158847060906 -0.7727792751823528 39.609953498056875
5.73248 -1.17328641102316 -0.820486257819868 41.542895153893944
5.940858 -1.2427754776816684 -0.8606835395941527 43.481823206042215
6.149354 -1.306958717246665 -0.9035294002592242 45.42201704322974
6.461983 -1.3969520306373802 -0.9732647035695143 48.316906660980024
6.670359 -1.4561860012703838 -1.0282305126669915 50.250478698235106
6.878731 -1.5229075508925545 -1.0818690260307844 52.20012031041447
7.086981 -1.5836939659536393 -1.1312224570751936 54.147385337910144
7.295357 -1.6335289506199864 -1.164518406262258 56.08515506395523
7.503734 -1.6931089579842082 -1.2131044864303804 58.03215805892789
7.712108 -1.7675415991556978 -1.268127623807528 59.98963692386839
7.920378 -1.831543325335692 -1.3162522056553132 61.95636912803881
8.128736 -1.8856060350669204 -1.3642341325124065 63.91251892183796
8.441112 -1.9659554389375968 -1.4318512732712172 66.8513890386297
8.649487 -2.025329252993443 -1.485501709866306 68.77896650469765
8.857735 -2.097579429963425 -1.5299160391956128 70.7201134162127
9.065987 -2.1796262907574344 -1.573873963750106 72.63248985017317
9.27436 -2.2374838544780946 -1.6086287600864788 74.53478175554858
9.48261 -2.31326877741832 -1.6486641234530601 76.40663302193288
9.690863 -2.392888341748839 -1.6909520423716378 78.23133984579835
9.899109 -2.456786118939383 -1.7338061491439771 79.98210061031868
10.10749 -2.547988478783733 -1.7671471232759404 81.64365776104195
10.31574 -2.636350794481113 -1.7975262885143546 83.22068377053493
10.52411 -2.735334425912332 -1.830711570368456 84.70981432260022
10.73249 -2.8386306467943254 -1.8584968896921725 86.11012840573908
10.94086 -2.952803583777044 -1.8854509232282488 87.39301051047259
11.14924 -3.049508639717779 -1.9147040241860733 88.56456447876846
11.35776 -3.143248209234831 -1.9452147188706348 89.63376935167624
11.67074 -3.249251776581122 -1.9827654634971432 91.09768543013462
12.29711 -3.2137873118441274 -2.0412701092832553 93.52948792890047
12.50612 -3.1223104105947774 -2.0562907110676383 94.25702306352308
12.71524 -2.978847566479006 -2.085645786537894 94.95448569859879
13.13336 -2.576686870539149 -2.1558456768731227 96.20464905801613
13.34237 -2.299202170179278 -2.1757883051007134 96.79006710886202
13.55124 -1.956841147158272 -2.2039699454837223 97.32873249097176
13.76001 -1.5727401331326263 -2.2288225842830034 97.81745220486371
13.96874 -1.133499233650923 -2.2562725800233614 98.30172466340534
14.17749 -0.6144538815993101 -2.283690620477245 98.72265070575898
14.38612 -0.027472131265490418 -2.3122398786679286 99.09819489341308
14.59474 0.623204378058773 -2.322994466885528 99.41456383428715
14.80337 1.3121956372900598 -2.356233343855247 99.67206898084011
15.01199 2.022694711844988 -2.3757854569745938 99.86763689820606
15.22024 2.7977194576199054 -2.4123792850789694 99.98789136537356
15.53212 4.093334238785927 -2.452441971668368 100.1111096817051
15.73989 5.05411395616217 -2.4848433214888757 100.1903890537739
15.94776 6.085566433364732 -2.529648501994977 100.19177184733648
16.15571 7.198387645308666 -2.5529160394928265 100.17419844835433
16.36339 8.397012477534394 -2.584907094340827 100.14128612772356
16.57099 9.680044665649653 -2.626410778246177 100.10265626217253
16.67485 10.325806471137303 -2.653543657281857 100.08697391238222
16.88261 11.686055584136753 -2.693764227218483 100.06246247166335
17.09049 13.117404844924273 -2.737467817739162 100.04781611366587
17.29862 14.617328386568865 -2.7871686159549665 100.01610550552675
17.50674 16.1592734776973 -2.8365739555933263 99.98319373739412
17.715 17.72221664834517 -2.8838756670658916 99.95735963306753
17.92337 19.320094049794477 -2.9298337068464027 99.92315443935654
18.13162 20.94005003987371 -2.97369460406137 99.89482722659426
18.33987 22.590040759532673 -3.025133028829912 99.86033106779234
18.54825 24.264816081767016 -3.0790571785430543 99.82145033730849
18.7565 25.910348732377802 -3.1144965570538194 99.78633308618923
18.9649 27.549344663126732 -3.1672566809351523 99.74708500560911
19.17327 29.18504453123689 -3.2317599537128645 99.69523177608072
19.3818 30.82301877573139 -3.283895821983614 99.65749708279881
19.59034 32.43775599701728 -3.3374526842838255 99.63757975785143
19.79865 34.025377508479934 -3.386750710808368 99.59512715395853
20.00713 35.5960479243256 -3.441410067624659 99.55840972143505
20.21566 37.147492177387576 -3.4833145644253896 99.5036744271118
20.42461 38.6518406157288 -3.534185338080259 99.44278504552861
20.63312 40.18566575936893 -3.585877741091363 99.37706576887341
20.84131 41.704245888372625 -3.630395519152911 99.31574826123936
21.04975 43.161054013389226 -3.672318738449863 99.25269285569274
21.25828 44.56956265067888 -3.722347436100343 99.1975063447626
21.46685 45.927431235476874 -3.7665464275702245 99.13238959703612
21.67551 47.27516170162558 -3.806290330985391 99.06390574662265
21.88389 48.6331248932814 -3.8607497502182304 99.010435161079
22.09253 49.950053126602135 -3.903304285533691 98.95157877821951
22.30121 51.25240545491503 -3.9372493053221485 98.89823872165596
22.50977 52.536378516652746 -3.99074576990626 98.81400105581395
22.71892 53.8345574470135 -4.0255497132144455 98.71092892953003
22.92691 55.15824174960089 -4.07410993436647 98.60840982146198
23.13572 56.5009005686901 -4.122538176610326 98.47770611166858
23.34394 57.87765229248299 -4.160727192645941 98.33311590023007
23.55238 59.270932543335135 -4.204140624170803 98.19247137105089
23.76076 60.703483203004154 -4.246852212515503 98.03386532943712
23.96926 62.15429934640836 -4.289155872573896 97.86845211316948
24.17766 63.61801502292172 -4.338554393905536 97.71115480539
24.38617 65.0658686019748 -4.383790530056059 97.54834099993452
24.59463 66.4883229784165 -4.452562623067703 97.4006103540695
24.80313 67.92712048864166 -4.497933850969092 97.22547878976758
25.01202 69.43488174751703 -4.541610783398647 97.0538429941115
25.22015 70.88465947715166 -4.5982697396900845 96.87719667447799
25.63714 73.88394502911318 -4.694384527186682 96.50533605000564
25.84577 75.45416189974556 -4.738291966757728 96.30197527842186
26.47127 80.1598800721545 -4.892379660563956 95.63229443790277
26.67976 81.78965735641157 -4.952876810291924 95.41478476117865
27.20089 85.91332314372437 -5.087518897991047 94.87993235028343
27.40941 87.5809509188743 -5.1412093092974995 94.67992680676217
27.61788 89.23216044896759 -5.211370728649944 94.48609537357228
27.82641 90.93492851026049 -5.272221455321017 94.27801160802969
28.03497 92.62331155197559 -5.3265549954824865 94.06646750021994
28.24341 94.3135657793326 -5.385649317123236 93.8621786096783
28.55614 96.84021350200278 -5.478483422738776 93.58351034836171
28.7648 98.49617114035514 -5.545494875052545 93.40951815486758
28.97327 100.13534482488704 -5.611965822745721 93.2261581593058
29.28611 102.54627124288305 -5.718586419201036 92.93656769765254
29.49456 104.13007085085941 -5.794495654797968 92.74225004651969
29.70309 105.69935776600383 -5.866071039517257 92.55525786132172
29.91166 107.24611889599458 -5.945484657032975 92.36124882013318
30.22442 109.52481114614085 -6.061558205004359 92.0471087459277
30.43292 111.0235226098756 -6.144542895442461 91.83797244059144
30.6414 112.51484519523466 -6.230333056708353 91.62355301125811
30.85003 114.02417904085912 -6.315169426620132 91.3945266695816
31.05839 115.5122196091975 -6.401104448438895 91.16260142395114
31.26689 116.98152031927873 -6.484971858059622 90.93051790652109
31.47539 118.41489706626065 -6.579049851293988 90.68086396383849
31.6839 119.84117249681785 -6.6773380307885715 90.43631431749469
31.89259 121.28932128160697 -6.7744439466476996 90.17931620785524
32.10122 122.69454196592076 -6.864952668508829 89.89829639002609
32.30993 124.09721609011333 -6.94213077090928 89.57031465355313
32.51859 125.48667883340084 -7.024134812504677 89.21855578193825
32.72714 126.86563194983734 -7.1254571220472815 88.83544776514978
32.93576 128.23135327392055 -7.208185059133193 88.41806743464574
33.14418 129.5641329926339 -7.295837489382738 88.00803314709292
33.35251 130.89833129433438 -7.3751637689874485 87.56610119115102
33.56085 132.21186024025513 -7.432895189453525 87.14678014326921
33.76925 133.5017035124153 -7.503431443525301 86.73462195934053
33.97778 134.79176468251984 -7.569098819721923 86.34191281491437
34.18594 136.05951894199495 -7.631905945325592 85.95869828489717
34.39402 137.28984902274155 -7.709012013507729 85.59655026623003
34.6023 138.49921789622084 -7.7822423472321365 85.24373014085779
34.81066 139.7181082265486 -7.850608665612414 84.9259046149623
35.01954 140.9328490783851 -7.903138849713164 84.60869808743479
35.22751 142.10315525911736 -7.979969782314969 84.31941644142285
35.43622 143.2388434283038 -8.025292568486261 84.0350661528399
35.74827 144.93704826401574 -8.117216686783806 83.6553896044797
35.95652 146.06336661894383 -8.172235181077749 83.45175115278404
36.16464 147.1720705199371 -8.228320002593271 83.28393402482918
36.68515 149.9439546721605 -8.377991710121275 83.13451067793227
36.89364 151.0389025131141 -8.454831044181976 83.14094617884096
37.10292 152.1475304181142 -8.508098749076272 83.14898803579476
37.31166 153.23928561323092 -8.560596875633994 83.09949212544826
37.52067 154.30939172289902 -8.609237906875695 83.01189669237328
37.72965 155.34628111280122 -8.654221885459119 82.90097551662747
37.93854 156.37959751372486 -8.70537275529098 82.7581208996652
38.14794 157.38318227032846 -8.745749891967316 82.57731425027654
38.35586 158.36068361468898 -8.777464869916406 82.37859002321166
38.5644 159.32066438386983 -8.810444911765305 82.14857514297744
38.77266 160.27544514602195 -8.85449763496315 81.92466905064407
38.98107 161.211511586029 -8.88966738338939 81.70236775641317
39.18942 162.13351460030034 -8.926553575218666 81.4798551774327
39.39792 163.03498058431856 -8.9657564904406 81.25513203782774
39.6064 163.98669859005082 -8.99298928988364 81.0211146012591
39.81501 164.94963669009326 -9.02851915283794 80.75466086667096
40.0237 165.95918519192776 -9.069201848786808 80.46465859239753
40.23231 167.0102038442986 -9.108836397509497 80.16581146726408
40.4408 168.04372275958053 -9.159045288005952 79.8447953848848
40.64932 169.13056479398483 -9.198041205013835 79.50567949422064
40.85778 170.22558783060413 -9.240987839713885 79.15399571026421
41.06627 171.31449644346907 -9.27712875750832 78.81105242257848
41.27469 172.38699219436813 -9.31397479751211 78.46663711843918
41.48289 173.46790631239907 -9.349568283792838 78.12445848334603
41.69127 174.54355310327765 -9.383715777510435 77.7995050768904
41.89956 175.58292516616672 -9.42723961881417 77.47946372110027
42.21207 177.0531818644149 -9.496839192133796 77.05361716468299
42.83679 179.61443706037383 -9.592646682748745 76.40513165358593
43.04493 180.3919823068158 -9.615077551095448 76.2589423354992
43.46095 181.92631189391548 -9.658198127335156 76.1211105144894
43.66893 182.66426574954085 -9.677398543774768 76.15129856833794
43.87706 183.394787694293 -9.711874540030992 76.22102097800756
44.18915 184.47252711338155 -9.74041233009044 76.40357672768488
44.91746 186.88647703977543 -9.813317199813373 77.39265912541084
45.12534 187.58275127598196 -9.841599574674316 77.84520901595232
45.33329 188.28868685721932 -9.872722673972312 78.41871775014836
45.64568 189.33929752236506 -9.948719782361255 79.50996844277648
45.8539 190.02852816443615 -9.989340542902887 80.36644201170773
46.0625 190.70524384027436 -10.029317915163666 81.36199514584104
46.27111 191.36499673146471 -10.063050366434021 82.47872259578145
46.47994 191.99651154849028 -10.092919163286625 83.7166653699868
46.68893 192.6198494755531 -10.12058073738971 85.04934242399807
46.89782 193.23025958270986 -10.139915946830676 86.48177186282635
47.10653 193.82272499573656 -10.166464041696193 87.99216502474026
47.31528 194.38502326995967 -10.193272243741207 89.61313597311744
47.5243 194.93190332737584 -10.215449557915589 91.291554866859
47.73328 195.5060313403235 -10.244681266011137 93.01488995599442
47.94218 196.10420323078952 -10.261820218869703 94.81549926572887
48.25517 197.0472962280289 -10.307459743228296 97.63279611745192
48.46366 197.69605402607314 -10.334867849555621 99.55003537915158
48.6722 198.3471067360875 -10.373790713897574 101.4910876054679
48.88072 199.00875645650123 -10.40117820798452 103.45875201344771
49.08918 199.6638575662894 -10.418891669365221 105.3915863931181
49.29753 200.3252861152882 -10.441394850994097 107.36279452401021
49.61018 201.30375551999913 -10.496790157217665 110.290284843454
49.81856 201.9442735299512 -10.523288879467652 112.2267771559201
50.02695 202.5840103270047 -10.558318647179723 114.17991060731208
50.23533 203.20469138934794 -10.58709645103801 116.11138153915326
50.44367 203.8291911454354 -10.605880040654718 118.06810108749018
50.65203 204.4387459250076 -10.63329576703116 119.98927604248958
50.86032 205.02430716157807 -10.658078829893979 121.88812265929538
51.06871 205.60554464881352 -10.656935940276185 123.75063262074323
51.27704 206.156564271081 -10.681420219636943 125.55259929420933
51.48545 206.6656731925284 -10.701321244430629 127.26527541693804
51.6939 207.13438439724615 -10.728619972300383 128.91991974375335
51.9023 207.58192354511547 -10.75539924216282 130.50161056662242
52.11091 207.98676788044395 -10.783917781118378 131.99799274810857
52.31933 208.34951853094594 -10.796808834081144 133.38365455244525
52.73649 208.9781120251739 -10.837653309457908 135.8272151868619
52.9449 209.25219195839415 -10.861837090314031 136.913096861934
53.15455 209.50978392451748 -10.88625190958126 137.9500131787404
53.36184 209.7592710841531 -10.898411990633946 138.97141349056582
53.5701 209.96968541596812 -10.91336044446932 139.97344024876122
53.88197 210.15058307169733 -10.938206146084873 141.41271165645546
54.40158 210.09697515649856 -10.985143309089171 143.7227827198412
54.60944 209.91453506530377 -10.99337953874267 144.58996784416817
54.8173 209.66096161765282 -10.991853748301242 145.43144394845731
55.02533 209.31968194402916 -10.998416178379236 146.23928761880637
55.23328 208.88858990947503 -10.99677876669669 146.98859754883432
55.44133 208.37244570158902 -10.9977698257153 147.67717360866342
55.64941 207.79080906556396 -10.981339327328827 148.29682781541064
55.85776 207.14335460770275 -10.949458843131003 148.8559674376092
56.066 206.43410820800554 -10.916578973005956 149.31822453707156
56.27431 205.6669210578279 -10.891273984255342 149.6861301631779
56.48284 204.865220468519 -10.85732492586618 149.95308558133536
56.58712 204.44808325936623 -10.839040426753627 150.0649404909209
56.6913 204.0249245901444 -10.818801770524791 150.15873446431524
56.79569 203.58320362614808 -10.80712579294369 150.24260273458734
56.9002 203.15028471989461 -10.798202924056973 150.3041855398293
57.00456 202.7038958854448 -10.777783624644552 150.37165558915393
57.1092 202.24386902358026 -10.755056740765983 150.443689806633
57.31832 201.28552433360002 -10.711159076081506 150.531408250975
57.52732 200.22861166229754 -10.679425067484933 150.60846053790806
57.73657 199.11169554662115 -10.637406947748381 150.6784734482941
58.25822 195.8891936752686 -10.519347047092891 150.67591250971157
58.46709 194.43621762777332 -10.463888707910662 150.6226138200651
58.98942 190.40363786280074 -10.309360696058278 150.42874842511063
59.19842 188.65967228702223 -10.269194949972496 150.3667552804377
59.40751 186.834842447649 -10.184099808397997 150.33938050052706
59.72072 183.91766582836067 -10.073654565897176 150.37041493678703
59.92931 181.83736666655693 -9.995559027525534 150.4638720726864
60.13782 179.7199098641718 -9.918382673773444 150.60348993488267
60.34631 177.58774125761644 -9.843868965496416 150.7845659920113
60.55479 175.44021181944385 -9.76340257631664 150.98199354495634
60.76324 173.29814753041376 -9.687925250890071 151.20191662425242
60.97147 171.1392548854015 -9.609228701834777 151.42275097422623
61.17982 168.98706643368544 -9.542653164489975 151.6336780453584
61.38818 166.8272894243485 -9.46877682118783 151.8567576033168
61.59657 164.63694430130948 -9.402112614562734 152.09891389409407
61.80511 162.48269103571485 -9.33782337981836 152.31955822965182
62.01323 160.31708217345118 -9.280355298951836 152.5435627939474
62.22159 158.12633234653975 -9.19553169296355 152.78605473710985
62.42992 155.9900906797331 -9.121787781279352 152.99269937261113
62.63845 153.81557239828766 -9.045982910981582 153.22535986161537
62.84955 151.66438050320662 -8.992285798610169 153.4501599013078
63.15976 148.47779086825392 -8.880013672428614 153.81400474513418
63.36817 146.3600447893196 -8.816849998054861 154.0422997201304
63.68082 143.2096349957107 -8.713270821319888 154.39087287844373
63.9936 140.07019066260028 -8.623377866861997 154.73875551598232
64.20208 137.9618391616818 -8.549245125750378 154.99657039455704
64.41054 135.8407065029506 -8.46293364184753 155.26797316312025
64.61962 133.69408772957792 -8.400131979075184 155.52269648323963
64.82756 131.51810355308945 -8.324145037323124 155.79239623387974
65.03592 129.3557681800523 -8.254685426525837 156.05220423577774
65.24443 127.17576106846565 -8.183295216396427 156.33511376624548
65.45301 124.96027470726645 -8.116616380971095 156.60410902353814
65.66132 122.70929465780404 -8.055997724382774 156.88719789261998
65.97396 119.32373140866832 -7.943295284913452 157.26785156965792
66.18233 117.02819294227083 -7.877524564619833 157.481359336454
66.39084 114.72852138361282 -7.803763786356114 157.6643406095242
66.59938 112.40674539855848 -7.730087423438379 157.8672668444745
66.80768 110.0889819430352 -7.6621486887585775 158.05491159573182
67.01794 107.74337501818302 -7.608297223446958 158.27016155728487
67.32897 104.2100318722516 -7.49423906102917 158.5496467289599
67.53749 101.88618208726382 -7.406456561515174 158.72943517221333
67.74594 99.54770198416541 -7.322570363758289 158.91066961758656
67.9543 97.21458586195766 -7.2546835289445495 159.08403710313416
68.16285 94.85867419002551 -7.185350913051093 159.2626446329127
68.37123 92.53546910868349 -7.109944118251258 159.4377070378346
68.57955 90.18524736594503 -7.035796771285144 159.62832465126257
68.89224 86.64883248900769 -6.921400627970605 159.88346137035762
69.10045 84.30199278684876 -6.847716762573042 160.06563602290316
69.30884 81.92816035623879 -6.761816507100962 160.25885906134693
69.51724 79.56923745972337 -6.682493602785053 160.4503830393288
69.82967 76.04385149146103 -6.560404575461567 160.69748916906616
70.03807 73.68213590601525 -6.468732562982596 160.86065207084835
70.45492 69.03400552601451 -6.34595220948048 161.2152558216331
70.66333 66.6998292274474 -6.273495712493645 161.41002776083397
70.87192 64.37555927402536 -6.18884907358084 161.60789963501392
71.08235 62.02169721530092 -6.114867410066391 161.84324997202233
71.49692 57.33561447793245 -5.98217895093965 162.31868471867577
71.70533 54.96530370506459 -5.907876209753256 162.57207893216918
71.91358 52.60399170684218 -5.83453138941554 162.81056300349195
72.12192 50.23208408133394 -5.760806074225545 163.04442938189405
72.33029 47.86970603216164 -5.678956351300671 163.28450841870688
72.53869 45.5000150583231 -5.5988176113690145 163.52536418374913
72.74708 43.101493287962604 -5.530468384293304 163.77290364467913
72.95548 40.71492994995228 -5.445455685243506 164.02638063615777
73.16384 38.32497701062768 -5.35954019835457 164.25562859760663
73.37208 35.924708775965755 -5.274134379499756 164.4814788860924
73.58042 33.51983172554724 -5.191175344028577 164.6809471677111
73.78887 31.10430978741441 -5.102912549343863 164.87276432448323
73.99724 28.67469157471492 -5.016313736889237 165.0603337868294
74.20558 26.223124182161506 -4.924215214899771 165.24063542376425
74.51819 22.556206526431144 -4.8082149190112045 165.49201186483995
74.72671 20.072061590920878 -4.709928168167259 165.7084605217426
75.14343 15.235032021671188 -4.54282103107591 166.0232904680088
75.35171 12.839554701712887 -4.469695186640652 166.15633023567145
75.56008 10.453789516435956 -4.401064849781173 166.29895252571453
75.76834 8.082637419995981 -4.328743788453456 166.42396348400203
75.97658 5.704346708884724 -4.265295821537599 166.54567911246636
76.28906 2.184128047007656 -4.150276523553994 166.705963725357
76.49746 -0.13515277355522315 -4.073048345191077 166.80694087560383
76.70627 -2.4225976585895594 -3.9959263680452124 166.9116991699474
76.91447 -4.675076608073663 -3.9226955609009644 167.00421885366018
77.12259 -6.913219758966672 -3.8442667730342803 167.09875574285184
77.3308 -9.084275358648911 -3.7779260180877605 167.17969229591054
77.53921 -11.237383821506286 -3.700036108334433 167.24567909118565
77.74763 -13.321118615327155 -3.648656214127489 167.2989047938984
77.95581 -15.36956675592921 -3.5807087850375803 167.33809007588164
78.16432 -17.38074884493502 -3.5095133699790457 167.39015011063464
78.47715 -20.229168301709652 -3.406143877283478 167.4410810112756
78.68571 -22.05080322448781 -3.336250745158411 167.49846487473943
78.89417 -23.828726014210815 -3.275271022441429 167.58111047984036
79.10274 -25.573222583703636 -3.2184932623953726 167.6442198480314
79.31129 -27.29801924220117 -3.1740152515342244 167.74390601234674
79.52132 -28.97552702563064 -3.1065394464076186 167.84066355077908
79.72836 -30.585111478401167 -3.059235981821598 167.92239488420466
79.93681 -32.16956400039323 -3.001985846067993 168.0285769586293
80.14531 -33.66342605343325 -2.951231940870845 168.08001968736946
80.45824 -35.8221120015292 -2.8987853207939485 168.23493552884895
80.87541 -38.423323597108975 -2.813778545270605 168.47669219888266
81.39684 -41.268217268738674 -2.736641385873576 168.8338066439207
81.91858 -43.72854742468972 -2.673138897226782 169.3175255452264
82.23155 -45.02159212657819 -2.6506989113644615 169.68052326524176
82.64906 -46.529995334301496 -2.636144762603516 170.255540724612
83.06668 -47.94241713810016 -2.6144252642234553 171.00091538591948
83.48474 -49.17160063838527 -2.6032680094734837 171.90229045914793
83.69323 -49.75646653408339 -2.590294533665391 172.44054418412838
83.90195 -50.308875042638135 -2.5792340398554963 173.0780092996334
84.11077 -50.84336620659235 -2.5834868709705763 173.80481922392062
84.31931 -51.3680424433741 -2.5933943916947575 174.61425065600352
84.52796 -51.85153359226153 -2.6117354685269607 175.5176401642907
84.73726 -52.26872683875507 -2.6228545291472365 176.50657192112274
84.94493 -52.65771152769936 -2.6305529269561574 177.61364725067995
85.2577 -53.08606847496749 -2.6792727793035 179.51637235962437
85.46611 -53.27239580801738 -2.707780664656644 180.90417133575343
85.6741 -53.37356798754923 -2.7539863087338414 182.40771318821308
85.88197 -53.41925412640195 -2.8037632899656013 184.00537737558614
86.08969 -53.451382943803914 -2.8466791985561595 185.66306564108936
86.29753 -53.44029698274885 -2.9042058901330723 187.39815970922456
86.50509 -53.436914039308846 -2.9633091123727953 189.23951831415542
86.71281 -53.450945631753505 -3.0199213165986576 191.14964600354332
86.92068 -53.48034282349457 -3.081060876023604 193.12190325080235
87.12865 -53.52020301215127 -3.1483163051455527 195.12614320945116
87.33686 -53.56660801976955 -3.2120128584276992 197.1750327547747
87.54484 -53.62000371543563 -3.279681080076574 199.23625890339176
87.75306 -53.68238040438776 -3.3418650938499894 201.3028793524085
88.06568 -53.78582799026227 -3.436194630784712 204.44328881821835
88.27385 -53.85648163689065 -3.5089100238689426 206.54172720100703
88.58636 -53.954400109065475 -3.586790033947527 209.68912165746514
88.79469 -54.04478371801558 -3.6472198283387787 211.7795446375211
89.10743 -54.181898244552734 -3.7244034246261033 214.89051514593987
89.31572 -54.277093555655966 -3.77387190775616 216.93620741099542
89.52419 -54.389084746827216 -3.8366317415153732 218.94491704954052
89.83693 -54.53885294524648 -3.915915819168265 221.8475129867875
90.04556 -54.63552832486119 -3.969564105594982 223.6799028681562
90.25386 -54.73348619493824 -4.020006553277537 225.42370390443236
90.46222 -54.84693787681365 -4.070204714188748 227.08841317440232
90.67057 -54.940335112608956 -4.118712282263581 228.62304934320616
90.87905 -55.0430818635614 -4.1628719233326645 230.05265713667657
91.50473 -55.28078602601301 -4.271007153737692 233.75026321309278
92.13124 -55.14127025574763 -4.386654952248476 237.09142490924245
92.34033 -54.973974929117375 -4.419791569547499 238.14428849952202
92.54948 -54.711157044066844 -4.465141100075041 239.1617761936735
92.86295 -54.1809623411057 -4.528812255554134 240.570714413646
93.07203 -53.741371328580186 -4.5839156080654995 241.45011441442222
93.3852 -52.97168807014479 -4.643123875712238 242.67764920934593
93.59411 -52.31120598838726 -4.6780737552079765 243.43780236220894
93.90723 -51.21415950383751 -4.7392379964746265 244.57306137733613
94.11582 -50.34551433106179 -4.805934353324087 245.22882057414867
94.3245 -49.3617157422498 -4.830022296379913 245.777041074799
94.53308 -48.30983795311438 -4.882688788471619 246.30952422697425
94.74161 -47.13975543784734 -4.966971591670191 246.7507441589153
94.94997 -45.86424294547534 -5.030285989873797 247.07077347366686
95.054 -45.19346883009443 -5.051768311962615 247.20001507941166
95.15809 -44.498781495940364 -5.083649759435467 247.32096085992686
95.36596 -43.01905048826835 -5.157115382613046 247.53662714020362
95.57381 -41.46936574211018 -5.2223569339948135 247.68219102857284
95.78189 -39.80100274062721 -5.281480688694068 247.77403149146187
95.98969 -38.07005031502974 -5.3495082292774905 247.77914169470708
96.19761 -36.226234646022476 -5.428173704689871 247.7651260505401
96.50921 -33.35570179981437 -5.527383184167962 247.63704752410027
96.71708 -31.312240848677412 -5.605503250192184 247.55818584914152
96.92488 -29.212780592011384 -5.676381850770908 247.47419775271334
97.13273 -27.081899750280876 -5.7393803083964166 247.3653169668695
97.34058 -24.928129625848552 -5.815278025609917 247.27556133912913
97.54846 -22.764527586162522 -5.884583590889469 247.1971870948459
97.75648 -20.60214804315101 -5.955739939007685 247.1323265863769
97.96452 -18.413529566552228 -6.034453323469958 247.0952657684321
98.17395 -16.205251346760086 -6.10244568504566 247.0727627407214
98.38072 -13.9811723165835 -6.183627075501281 247.06867081216657
98.58899 -11.767561688076505 -6.253573472939357 247.05590182496178
98.79726 -9.526381657839668 -6.322488233370906 247.05606446961812
99.00546 -7.287854372355298 -6.405003376710418 247.0235546533775
99.21372 -5.029703876536362 -6.468144116196177 247.01440420575582
99.42206 -2.8306738479884874 -6.547145866818425 246.99391805506042
99.63063 -0.5855605344767731 -6.625234782711058 246.98318605001293
99.83886 1.5729526238064935 -6.696682129534226 246.94280832360758
100.0472 3.78524401690159 -6.765470769958791 246.90723315545452
100.2556 5.9824408670733975 -6.8153926363227235 246.85311293176986
100.568 9.183837254547702 -6.920998107824668 246.77275666727493
100.7763 11.288727705148025 -6.994975470062461 246.7060326933846
100.9851 13.419425266880573 -7.050612342309164 246.65548818393455
101.1931 15.50035107525446 -7.120911561967526 246.59121880583706
101.4015 17.56847810178027 -7.180170492799654 246.52193090020558
101.6099 19.620571312499482 -7.243191388232913 246.44265589939903
101.8181 21.660702772138883 -7.291399727624679 246.39306402212893
102.0265 23.6993747387438 -7.349918290813824 246.33995913977267
102.2349 25.709750780932254 -7.4141378595362095 246.27363628781612
102.4442 27.715786810790853 -7.465660914230502 246.2010636915703
102.6515 29.671810718914358 -7.544739029444085 246.14401378185394
102.8599 31.60458098082995 -7.602463569439927 246.06641435550537
103.0682 33.54478493652833 -7.698268637485727 246.01868055296455
103.2765 35.463485293320666 -7.758744598062237 245.96853107623645
103.4848 37.34870345136259 -7.829482454653934 245.93726479355718
103.6934 39.21289025866618 -7.8852925338092446 245.92212036641385
103.9018 41.06251134782699 -7.953455559539066 245.8832511508793
