0.0 -0.0 -0.0 -0.0
0.1036117 0.006808545346268938 -0.015656470689201788 1.2767905393951753
0.2073529 -0.0033361940563503487 -0.03360442795257614 2.5275160144026105
0.3111179 0.014045609308910066 -0.04639643799305019 3.800132152883859
0.5199468 -0.0208194842824367 -0.07850500360087927 6.3048534270875
0.6220911 -0.01180299452269399 -0.10817614472143666 7.566604586124261
0.8294654 -0.06785590026825053 -0.11157548556402115 10.05397841869879
1.036778 -0.10632981960506917 -0.11559835998847166 12.542366166536636
1.244137 -0.1824555912277626 -0.10722989465637633 14.97314266097029
1.451492 -0.2514595269128473 -0.12048105065689332 17.367024988877034
1.658847 -0.3760462580410534 -0.13342110974069146 19.74255351321845
1.866202 -0.44719703394522525 -0.16205909880697683 22.095266157781776
2.073559 -0.5066762828287094 -0.19790800807729128 24.47372764684996
2.28105 -0.5786396678256189 -0.22469880316882423 26.754881342534564
2.488425 -0.634894446635202 -0.24726434702039793 28.995975765076228
2.695755 -0.7166155326985748 -0.25729385439800334 31.0920452088922
2.903108 -0.7328379254507312 -0.2990681205786136 33.28434052322311
3.110482 -0.7562690934555769 -0.3439670955532854 35.253614881376826
3.317943 -0.765219447263958 -0.37320988077095085 37.17642185766651
3.525427 -0.775657215556899 -0.3563239131832227 38.97238502966593
3.732909 -0.7536541289217755 -0.3682963745228712 40.758637990628
3.940409 -0.5840598991678867 -0.36469366583969925 42.34719832215109
4.148122 -0.5394528844922757 -0.35067300068213514 43.95043005308685
4.355725 -0.1998019892774332 -0.4035700128509479 45.3682682183053
4.563456 0.13170963669261493 -0.38655980669789536 46.76448286740534
4.978668 1.0449562926524507 -0.4065394066012822 49.3365057659506
5.1864 1.522462893938048 -0.3937183646529254 50.58171053449367
5.497872 2.314083971650737 -0.4193015183821621 52.36773199676444
5.705475 2.8328918871083104 -0.42744417788391353 53.54760817647736
6.016968 3.73691405387277 -0.4561977324143954 55.23610349254211
6.32844 4.791867521281237 -0.4695280207096758 56.84396783561749
6.639619 6.001651162189557 -0.5145366048103782 58.25416606822179
6.847019 6.878254015614658 -0.5535470674482431 59.12231802053891
7.054434 7.810798256326546 -0.5761612260676032 59.92887431777275
7.261837 8.80204803136877 -0.6026530438267439 60.67207123750567
7.572928 10.416751276603453 -0.6672100977150386 61.688334223525146
7.88415 12.191460277402658 -0.7370375514028024 62.54073582387787
8.195302 14.083313788673033 -0.8114135497290362 63.19167344827477
8.40273 15.39360297009695 -0.8655637942616385 63.49845157325889
8.7137 17.419040342362873 -0.9368893902262555 63.76349817878586
8.921074 18.786046196663282 -0.993860533531079 63.823898383616886
9.128182 20.17079317878935 -1.0496678921359948 63.834960050423
9.438799 22.323806252141406 -1.1475339883359097 63.72516961672762
9.646095 23.721868456403648 -1.2106993350216118 63.61581607488862
9.853097 25.1599996716367 -1.2909240231584898 63.47738968350625
10.06045 26.583049045298548 -1.3825476407337842 63.32407732427779
10.26768 28.060001325701776 -1.483053745813033 63.1753815086041
10.47504 29.530770164124682 -1.5835951267771058 63.03445089558435
10.68242 31.03475629311791 -1.688300899667004 62.88614808354446
10.88987 32.510206901585086 -1.7900629728111852 62.72948535741243
11.09727 34.01439137043845 -1.9070060082035116 62.574334161271246
11.30471 35.535761129956555 -2.0356310213323012 62.41896353516244
11.51214 37.05050180467538 -2.153135115505398 62.27224749762614
11.71955 38.57414276909574 -2.275236149209207 62.06045858612699
11.92703 40.10468442115704 -2.3933850429871453 61.87454577437552
12.13451 41.643743946511854 -2.530850190489957 61.687767815300845
12.34189 43.2003841615433 -2.662995348448387 61.500236277165065
12.54922 44.77709829120513 -2.8011150143595804 61.2953610501738
12.75659 46.360719900810665 -2.914379339560273 61.08917324526534
12.96381 47.92477718586157 -3.0222642500877117 60.86329114502082
13.17118 49.51034204501977 -3.1600101698703944 60.64103257905009
13.37865 51.1340822886163 -3.295220598126284 60.41955435639781
13.58601 52.758233974880184 -3.4113090530857324 60.18494771516054
13.79348 54.382977486300426 -3.5262403848533896 59.96379079101786
14.00084 56.036187566777784 -3.6511437222380123 59.75767083286061
14.20807 57.7096983563974 -3.7753412674711915 59.548262455165975
14.41543 59.38790230840367 -3.906703815354233 59.334164857310604
14.62278 61.086455464738016 -4.036661776475045 59.11590852080009
14.83014 62.77446368669218 -4.165211522715472 58.89596105431727
15.03737 64.48092136393727 -4.296691935265449 58.66545008038976
15.24485 66.20081095768883 -4.429836832375767 58.46566111487878
15.45231 67.92655283965036 -4.544632062368932 58.267967300850394
15.65967 69.66095894261895 -4.672469251933985 58.0625475060766
15.86717 71.3999320021678 -4.798300802158193 57.86805888556457
16.07463 73.17391765815556 -4.929431175750783 57.67013551317294
16.17849 74.05820674150132 -4.98970009018525 57.570312888064365
16.38589 75.85435439737924 -5.108988281360393 57.36882298715748
16.48961 76.7470268352069 -5.169722062858115 57.256544342518644
16.69699 78.54289473147473 -5.300997163222546 57.03995457313937
16.90495 80.3021800987769 -5.435523971914405 56.82279803391613
17.11181 82.06096773572526 -5.573672439409541 56.547158401454084
17.31942 83.78244814430565 -5.699990546262863 56.25621084386619
17.5269 85.50430293656746 -5.815955560286651 55.899844461994064
17.63064 86.39348342211193 -5.873551307760596 55.71774081180256
17.73425 87.23951419387863 -5.935678707980872 55.50560028263912
17.94173 88.94327054599029 -6.0676172159305315 55.060633171888306
18.14909 90.62238225638531 -6.18540225031224 54.55458653584067
18.35644 92.2922535785194 -6.298084907984254 53.99622850720236
18.5638 93.9661056287257 -6.413620842802931 53.37690652199305
18.7712 95.61109173583318 -6.532457813030277 52.72860123204583
18.97873 97.24689714951003 -6.659457574175179 52.002980033099234
19.18597 98.86970719902483 -6.781692229358292 51.24712325296464
19.39323 100.5418911841706 -6.927868489795645 50.35648261182058
19.60058 102.1824446173466 -7.081704207292348 49.4211815571542
19.80783 103.84840654769147 -7.229662694234316 48.3826201520646
20.01516 105.37904956051452 -7.347987092249896 47.36931437728537
20.22252 106.97027841257719 -7.510789354680888 46.22586486972238
20.4299 108.53405352805106 -7.644620968965365 45.02423973988592
20.6371 110.03699473705205 -7.803488643036173 43.76386643000863
20.8444 111.52602230713009 -7.951448954701629 42.41242547006535
21.0517 112.96716779318696 -8.09480918736279 41.000042185339716
21.25905 114.36076253757867 -8.226602663253825 39.47479525081671
21.46628 115.65212121446719 -8.351804715894575 37.93157741795777
21.67383 116.86105369269961 -8.483139601854708 36.29114226300475
21.88124 118.00477035453679 -8.600071885287393 34.60300984995242
22.08847 119.04938068586388 -8.728531195624038 32.82516106244128
22.29571 120.01709747892328 -8.88097088121605 31.020615450233784
22.50301 120.92406699507505 -9.041444441617012 29.1685849925814
22.71018 121.75983276969137 -9.17667936726159 27.279538701234134
22.91742 122.55525830985219 -9.315090342395788 25.370554787920337
23.12464 123.29759621903108 -9.427119018066508 23.44208752084874
23.33186 123.9904653816856 -9.556820438316056 21.534893626897997
23.53909 124.69225111875585 -9.685425696138513 19.603244036578612
23.74645 125.37494653777465 -9.805416630106453 17.636982478409223
23.9537 126.02092026091707 -9.926007691862578 15.7254474410292
24.16091 126.66000264856788 -10.059765377475049 13.783926744972973
24.36814 127.28025700292675 -10.209153636807391 11.869460990520295
24.57538 127.93069362437203 -10.356809113007735 9.947913206769691
24.78262 128.61921257761347 -10.510077293660778 7.99239347899514
24.98985 129.31662897101626 -10.643248044511557 6.072263700857434
25.19719 130.01073781570278 -10.782973732064592 4.186255952054431
25.30082 130.37822398700973 -10.85997633318302 3.259918209304658
25.50805 131.14893817625932 -10.990905022697582 1.4249983892462126
25.61167 131.5398398081327 -11.057806490711453 0.4918038013392305
25.81908 132.4175618557116 -11.194839215388454 -1.3200594040515057
26.02649 133.25382871262707 -11.370529988041667 -3.0459170909467375
26.23385 134.1118930369211 -11.541588921889858 -4.755611342365569
26.44118 135.07423982770007 -11.66919921026573 -6.448305374168648
26.54482 135.58946077790708 -11.72218827347967 -7.264211168448028
26.75206 136.65346201350772 -11.845859064617613 -8.904427006481065
26.85581 137.21075615063143 -11.903313209982171 -9.664354172846124
27.06308 138.36759876513742 -12.016282485121017 -11.204003574648958
27.16666 138.97264085517025 -12.078507382856483 -11.937191835892996
27.27035 139.59913727524696 -12.132099160496075 -12.651706693951525
27.37399 140.16259516490447 -12.201445955793542 -13.28927827116074
27.58157 141.47428249939531 -12.310437640666189 -14.605055971777226
27.78906 142.81232132514015 -12.427200457514132 -15.803086805700346
27.99666 144.2186698458828 -12.544823118597929 -16.922240400246714
28.20406 145.64810885679248 -12.666493169124209 -17.922931566594166
28.41162 147.11440000067697 -12.797201688524021 -18.831030949547944
28.6191 148.61353173641442 -12.93433994321981 -19.632453756629808
28.82659 150.23669208720716 -13.044892976702101 -20.35731943993013
29.03407 151.906782210793 -13.173008142500937 -21.000032322972203
29.24155 153.58971011600966 -13.297213095850195 -21.504418568593064
29.44916 155.3006110274284 -13.410149429754973 -21.87655931105922
29.65676 157.0137000515686 -13.524576683631054 -22.118343932789273
29.86424 158.76930735069115 -13.64139272703338 -22.250709417615077
30.07185 160.57244620519205 -13.764095918049694 -22.26386950850462
30.27923 162.34938891045448 -13.897319557898442 -22.159412576150608
30.48671 164.13241222771717 -14.026827683952988 -21.94505498519265
30.69406 165.91792278400322 -14.163594582278966 -21.611310370707685
30.90156 167.71349163935102 -14.302029044542135 -21.16670788795806
31.1089 169.46593977658827 -14.447683319279328 -20.61782931173139
31.31628 171.19548320856325 -14.599672666848594 -19.94851318390353
31.52362 172.98062526237777 -14.778330573498259 -19.147139798549688
31.73109 174.6675990815295 -14.954149451155157 -18.240689082772775
31.93858 176.32163408613908 -15.146629061183859 -17.233970378230623
32.14606 177.89346381702762 -15.328654293897536 -16.129809926071687
32.35368 179.42778418401463 -15.518052331066627 -14.911780386345015
32.56102 180.91597816359427 -15.703023961718404 -13.647744375337695
32.76837 182.37711509557397 -15.893538495411075 -12.306900611376605
32.97586 183.77951694031702 -16.08137942390412 -10.87673964618908
33.18321 185.13849364488038 -16.27900195966523 -9.389011495639892
33.39056 186.42848132997847 -16.470994384345918 -7.84126043747672
33.59779 187.6947710420302 -16.67510976424906 -6.235482208622827
33.80503 188.9257980180418 -16.87995166581326 -4.586207088123828
34.01226 190.11087356167502 -17.08752058969756 -2.847101095299621
34.21992 191.25579985179672 -17.29176981045297 -1.0470238306427717
34.42688 192.38355569675147 -17.519703697997763 0.7863683958383092
34.63421 193.54141467477555 -17.758864462874193 2.6922081834492815
34.73782 194.09719376107236 -17.87641271027926 3.61921649420961
34.94505 195.22735847040508 -18.097201748716294 5.478893758503929
35.15228 196.330677901067 -18.316660716549823 7.367906187054871
35.35955 197.44146940656262 -18.542247279943012 9.267361242808803
35.56675 198.4762584048765 -18.758774972629354 11.223923740821519
35.77409 199.53840698942628 -18.981338190299663 13.202366129341982
35.98146 200.58807419637995 -19.216700234198953 15.167568989761335
36.18878 201.61553776655677 -19.437673057599035 17.125157856300902
36.39606 202.66375267852754 -19.675049572313924 19.073798660506938
36.60341 203.72725727505178 -19.899069297074895 21.04840123446327
36.81077 204.78664488231365 -20.10931577779064 23.029444464283728
37.01811 205.84433507406078 -20.334545006693375 25.006554072783615
37.22549 206.90122503834863 -20.563514269214785 26.99437385573954
37.43285 207.97491443634675 -20.784844051525397 29.001276095378387
37.63992 209.0404719697209 -20.997152573623364 31.03920884025443
37.84728 210.14757068149288 -21.232395880121317 33.11725868905995
38.05465 211.22923095296565 -21.43313237070874 35.1317936010669
38.26267 212.30974946878962 -21.621717668966134 37.1754798466755
38.4695 213.40830170243953 -21.81892676363026 39.204280332766785
38.67697 214.5139486760719 -22.02054467313762 41.22617763331512
38.88419 215.56992442706883 -22.21494263155602 43.21972212302063
39.09154 216.5845343497988 -22.40614850391382 45.19846672788091
39.2989 217.58561164573493 -22.609470266331265 47.22684024220395
39.50613 218.55994257398447 -22.79013994697177 49.17412197115108
39.71349 219.52267430586562 -22.960892290841276 51.116022618602884
39.92124 220.45520128364058 -23.140783764809967 53.03340994368831
40.12834 221.3707238222193 -23.327786155759107 54.93588980100904
40.33581 222.27148199113947 -23.52451533428863 56.82007454902407
40.54329 223.2201912133657 -23.719476786114008 58.65820173215772
40.75077 224.20812003454432 -23.929062690670307 60.47367236400099
40.95825 225.23278515630886 -24.111491206040835 62.242186740469876
41.16573 226.31665433492904 -24.29701414145069 63.979390608000344
41.477 228.06630420294823 -24.55233513575226 66.49271624206884
41.68449 229.31114293199226 -24.729782723833452 68.12328777924695
41.89194 230.61313294420415 -24.928078256028094 69.65208216576289
42.09952 231.9972238748545 -25.113443989187783 71.10390808729541
42.30701 233.45960961434326 -25.26712156101352 72.48676280420301
42.51448 234.99872286689276 -25.454305933115922 73.7438935888085
42.72209 236.58313517861484 -25.620243057329716 74.8459484739139
42.92959 238.22547436824271 -25.77856916032876 75.85515642932602
43.1368 239.93242076343782 -25.919953832744934 76.72047854765603
43.34415 241.67970988199966 -26.05460799808043 77.46552325345624
43.55153 243.4740240540304 -26.18228714013338 78.1006112139339
43.75899 245.31478225013225 -26.34403346490049 78.56825460621039
44.07021 248.12996670438795 -26.517742680511354 79.04821168908637
44.27757 250.01381822046855 -26.643833819346725 79.2013968019755
44.48494 251.8882875882283 -26.765720542062613 79.2057546648476
44.6924 253.77579053772448 -26.855233801548405 79.11373197758417
45.00338 256.5349950774701 -26.940764329316696 78.68479792459908
45.21061 258.35906276675126 -27.021221663900423 78.24093945880742
45.41797 260.167741869728 -27.104716054898418 77.66158161172787
45.62533 261.936697637584 -27.182432746110646 76.95036995981069
45.83269 263.66616852155107 -27.20840531861478 76.10100224123345
46.04003 265.3145827123475 -27.251364007298406 75.13148056618071
46.2474 266.9130160336417 -27.303739103920957 74.02619747801623
46.45482 268.43949760766327 -27.346309394169413 72.78464596728787
46.66199 269.890796234003 -27.398541533060595 71.38594680325268
46.86966 271.24203535495235 -27.464717644694687 69.86025929965469
47.07656 272.50234025506023 -27.531159482697056 68.18885296029164
47.28395 273.62288869468597 -27.589169513634904 66.46049934611409
47.49115 274.5917867144258 -27.6566392049757 64.62254757657641
47.69838 275.3786996695272 -27.714965094356252 62.842684801153915
47.90562 276.0371494545369 -27.75676039250034 60.99227097906787
48.11286 276.59961005017686 -27.798065485532046 59.11650080891323
48.31997 277.055477822864 -27.834836974540842 57.18026886619749
48.52709 277.45748592536205 -27.870412136652046 55.24000941858502
48.73404 277.8276376273825 -27.913661799043133 53.29167941730652
48.94115 278.1421329620189 -27.95554230714373 51.330733649097255
49.14838 278.4407958786746 -27.98972890328285 49.329689754176684
49.35574 278.70515681385587 -28.04317381828807 47.335703886454965
49.56296 278.9341958617835 -28.09475251379136 45.37375546646392
49.77007 279.1580916743079 -28.144867532725456 43.44857790471737
49.9773 279.3635035502459 -28.18245345932825 41.53115166641234
50.18449 279.57256874237964 -28.23178490486503 39.692422762799524
50.39151 279.7951653313124 -28.283201479589863 37.87777219540522
50.59862 280.04925022387977 -28.334745470672015 36.145686080077425
50.80587 280.37694608306947 -28.377017620434714 34.47034456376845
51.01291 280.72646782672393 -28.415619609017043 32.9150771596683
51.21994 281.13383385923174 -28.46837329518893 31.460176910981822
51.42685 281.63402710243963 -28.508225042067185 30.107706000454186
51.73714 282.53852541914677 -28.584138464595828 28.246842575386978
51.94412 283.3153502810765 -28.611063544294986 27.14809528185468
52.1511 284.2122014402729 -28.633199271859798 26.18812802028674
52.35833 285.2080731158428 -28.63758306055188 25.372950419973904
52.56569 286.312737254357 -28.637173515295668 24.670954811269425
52.77317 287.553926583809 -28.635159755046477 24.08578659058891
52.98058 288.93997046830566 -28.621989427709618 23.64206430767416
53.18816 290.4674235067607 -28.597171695924377 23.317866873237513
53.396 292.0749292646103 -28.571949157123896 23.15785295881307
53.60412 293.76023037778464 -28.559798018704587 23.137879148974967
53.81213 295.5454502029396 -28.580057758273107 23.23756630020361
54.02 297.37703516454354 -28.624947926734155 23.47281529692047
54.22756 299.24212923363297 -28.678652214823124 23.845271628036315
54.43528 301.11029102275336 -28.746988531826126 24.32640049227723
54.64287 302.94815314860733 -28.823257192422503 24.929860203709907
54.85039 304.75097923350194 -28.909864069498525 25.64502290132107
55.05791 306.54523578705073 -28.99056278433025 26.483857402482727
55.26546 308.2818048661908 -29.09104062401799 27.448348108204215
55.47294 309.9656755004082 -29.209549298894146 28.549157703723665
55.68051 311.58612829318645 -29.337193272960363 29.79602446661562
55.88826 313.1071291888734 -29.478189306255963 31.135753508922818
56.09593 314.56036981304095 -29.629628906234345 32.62830191583359
56.30334 315.8839552422589 -29.791749788705005 34.209591424972245
56.51097 317.1451905315804 -29.960900104441745 35.85465996171982
56.71859 318.383933877714 -30.147842316890383 37.54704769640571
56.92631 319.5163828627344 -30.326777545729954 39.27455912758188
57.13364 320.5703860182755 -30.504978659209833 41.04239801629575
57.34101 321.5342794931905 -30.696050131489617 42.86077318521059
57.5484 322.4444987150343 -30.89912842320122 44.72457178001058
57.75534 323.2616510572314 -31.09375251503611 46.61594104511303
57.96257 324.00066238103807 -31.285197166985892 48.55747718167265
58.1698 324.6222828644287 -31.48879912340208 50.53017475031359
58.37703 325.1429339141989 -31.702478468440233 52.56078545867602
58.58426 325.5629804837941 -31.91615286005179 54.61893338830527
58.79163 325.84536652709966 -32.12721370702667 56.706875026605644
58.99897 326.0277095746181 -32.34488374249297 58.859709842926456
59.20658 326.1155508885416 -32.57144659545017 61.08926601648141
59.4142 326.14230060737697 -32.79683030492723 63.36429730010374
59.62193 326.10953369384305 -33.03466686687089 65.67903858967482
59.82954 326.04308803813365 -33.27659647978443 68.02912075626769
60.03715 325.9558257659192 -33.53956961348913 70.43006154684191
60.24461 325.85436700572495 -33.81756054676783 72.9054947411714
60.45209 325.7410961233053 -34.102709191269085 75.41736967864486
60.65946 325.6184308143248 -34.37408595323134 77.98772677351812
60.86685 325.47049914682697 -34.66721403323824 80.58311750312271
61.07423 325.29315748139413 -34.9412699593552 83.20089472638816
61.28164 325.13204719947214 -35.23286849369843 85.86768252025517
61.48899 324.9521752501511 -35.52862907821707 88.59009364073972
61.69637 324.76060966044196 -35.82728192891521 91.36737042170753
61.90373 324.552305912182 -36.12671291212919 94.16659283763202
62.11106 324.3187256791929 -36.45440018410583 96.97758657599383
62.31831 324.0672001188498 -36.78649833613012 99.78205152250811
62.52565 323.80077968023505 -37.11392938837008 102.569049079907
62.73302 323.51025500563844 -37.43973204246381 105.33915172675566
62.94027 323.1984133097294 -37.75909063953756 108.10233451127715
63.14771 322.8517281867922 -38.074363643891466 110.83061778698757
63.35507 322.5048830382682 -38.38400390262208 113.55619264814035
63.5623 322.1325845041586 -38.702809514396485 116.26192010530761
63.76966 321.7465310269213 -39.030226089670855 118.96670780841673
63.97716 321.36189164874315 -39.359262118974826 121.63790527115471
64.18451 320.9847451559196 -39.706415211912194 124.35308494839458
64.39197 320.604266038028 -40.06644507827887 127.10570112988715
64.59945 320.2039383192642 -40.402157353881854 129.8445513362168
64.80697 319.8150142455045 -40.75465538728679 132.59831656010465
65.01429 319.4511062627613 -41.128909915495086 135.32090178823768
65.22189 319.10614844931627 -41.46954091797875 138.040140679573
65.42913 318.7909785165211 -41.830770139330916 140.7725441201251
65.63663 318.4627496048448 -42.17929523922171 143.46893311581
65.84398 318.10634136106745 -42.50628941480621 146.15277943619546
66.0512 317.791625000969 -42.88880400875805 148.90537190605568
66.25858 317.4736159569375 -43.25051482315725 151.65724846733474
66.46591 317.15241510499044 -43.61493034784757 154.37312723419748
66.67327 316.81781338855785 -43.98594039689695 157.0939976830756
66.88063 316.4954394294063 -44.37295654435623 159.83327586361065
67.08785 316.17929521678747 -44.74664803985605 162.57851864722983
67.29536 315.8799940645239 -45.12981337468913 165.30203537979315
67.50269 315.5718347464 -45.49618695266757 168.02425508116698
67.71017 315.2377949042043 -45.847671087904075 170.7412850064904
67.91753 314.93448595448524 -46.235057228614245 173.44705348479795
68.12488 314.6337756573366 -46.6172880988815 176.15217282308296
68.33226 314.3244412158489 -46.99076276953684 178.8213777839777
68.53977 313.99258205681826 -47.35522036522241 181.5007691124293
68.64351 313.84832660582015 -47.545818234606784 182.82828861922957
68.85094 313.6007287640011 -47.92191503000055 185.48513976448157
69.05842 313.40234894444455 -48.29829315570608 188.12570208929358
69.26591 313.2380250050824 -48.658127369963566 190.77405527310657
69.47339 313.08866484475567 -49.01637599057425 193.44769144383295
69.68089 312.9676042268782 -49.36430865415082 196.08666852374319
69.88823 312.8857319842568 -49.734271265208804 198.74106733792303
70.09558 312.83870211322693 -50.09759405130532 201.39217769070643
70.3032 312.82009436765384 -50.45661879777447 204.06032339519754
70.51019 312.819854000821 -50.80310700470688 206.711436519415
70.71752 312.85559313792834 -51.18348394328582 209.37500634884256
70.9249 312.9446679982513 -51.5592881824474 212.02419897648818
71.13236 313.0502511589264 -51.93800142293489 214.6674970742622
71.33977 313.1771527356973 -52.303698705710374 217.31678339108882
71.54709 313.31097643395174 -52.677356708677394 219.94421748865682
71.75431 313.4697260089555 -53.05530185655197 222.57890879300246
71.96169 313.6762994082327 -53.418171506278014 225.21877491152568
72.16903 313.9120316697529 -53.7741380899403 227.8550528392224
72.37637 314.1911641038254 -54.13688001206749 230.5000938833399
72.58373 314.51661671971004 -54.49640089323699 233.13394284033228
72.79111 314.85657884153466 -54.85367343343594 235.78642854116796
72.99844 315.22661648297424 -55.195662003480656 238.435943583065
73.20579 315.6078440335188 -55.532346698479685 241.05537247043085
73.41316 316.01381403258114 -55.84178185574737 243.67584064475312
73.62039 316.4832965480499 -56.18786051226657 246.23771710884114
73.82776 316.9831107371765 -56.51510937984642 248.77213055206562
74.0351 317.49535043484826 -56.84216603809563 251.3627057979117
74.24262 318.0462916261039 -57.174816887575794 253.92440274255364
74.44994 318.63711946162925 -57.486577079595996 256.41397452002093
74.65742 319.29272076582265 -57.79189617594941 258.9443678897511
74.86477 319.99644868449104 -58.084751003209306 261.42858004590835
75.07213 320.7231866578253 -58.35343211669983 263.9634206903184
75.27936 321.5084650728151 -58.64071769031043 266.4272965051822
75.48671 322.31242267866776 -58.91712904970912 268.9275823665605
75.69407 323.15986988547814 -59.18428305169057 271.37823620078177
75.90142 324.01613328970643 -59.434225196564654 273.7762276695372
76.10883 324.89166112542665 -59.668325503360954 276.162455245551
76.31602 325.77338192826033 -59.88432959095748 278.51244281235836
76.52335 326.65553991272157 -60.098737647636 280.7845608778931
76.7306 327.56166247055694 -60.31460919831214 283.071784729137
76.93794 328.5213805322115 -60.53811533255961 285.34925309451825
77.14531 329.42564767851 -60.74997112856765 287.52227739166807
77.35261 330.3498959032461 -60.93676667989668 289.67164077239056
77.56002 331.2607043871816 -61.125861507184396 291.85833016156397
77.76726 332.5061369280348 -61.391507746455176 294.84955066742714
77.97461 333.5561592928208 -61.63153525008354 297.0135944507449
78.28559 335.20608631241674 -62.001698088847924 301.0992984383417
78.49294 336.08216566092335 -62.210744452707274 303.0564079674821
78.70032 336.9611562183862 -62.40968572250569 304.994442819276
78.90766 337.97863829350547 -62.59954349450274 307.3291579348923
79.01129 338.4433102139435 -62.80397758426553 308.40794940275975
79.11503 338.9315687957388 -62.89563446140593 309.46571128004496
79.32236 339.8799998631995 -63.07337778848111 311.53770190435915
79.5296 340.8403259717389 -63.25706055438705 313.70243205998946
79.73695 341.8104827287905 -63.44107297829394 315.82610964384037
79.94443 342.7988504685694 -63.61882360558147 317.99338874490934
80.15193 343.80829025873675 -63.78623461611525 320.20136468160894
80.35939 344.8600491456396 -63.958298954584976 322.43794887585636
80.56675 345.95429801105445 -64.12812183365166 324.68424287481287
80.7741 347.1288210599988 -64.29326804306675 326.9356945959853
80.98146 348.34824935684253 -64.44477640533613 329.1704739144673
81.18869 349.6026969519175 -64.61926670014182 331.397366882739
81.39604 350.91034497414995 -64.79915262475234 333.6395242618121
81.6034 352.2487128907961 -64.93957153656169 335.855452997529
81.81076 353.6178457625709 -65.09294756412825 338.1101577461623
82.01799 355.03318327389155 -65.2405506911409 340.3395820007608
82.22535 356.45925156173007 -65.38455519602758 342.58001355320897
82.4327 357.9138491646431 -65.5065520604068 344.73675453277315
82.63994 359.3563172357716 -65.60813632835155 346.8700827450582
82.84729 360.8056855498284 -65.70825473610199 349.0000790422705
83.05464 362.25656910493655 -65.80990930486517 351.134928868153
83.2623 363.6941091774539 -65.9074871469198 353.24515756316725
83.4695 365.1682745683273 -66.00048680733141 355.3620135187373
83.67683 366.6337863257395 -66.07570060854239 357.5116682277203
83.88419 368.03828028472526 -66.29900622123324 359.55406180675993
84.09155 369.40406862748097 -66.59034518027072 361.45795493318224
