0.0 -0.0 -0.0 -0.0
0.1044989 -0.005366154281635761 -0.021126050213191225 1.1844806840011834
0.2077935 -0.008558551669398354 -0.03807180048116043 2.3674109915258628
0.3116343 -0.008170033014974171 -0.05929270905296422 3.555168489363153
0.415494 -0.003817223563713723 -0.0785077687672522 4.741521702574721
0.519644 -0.0003899089954331747 -0.09946195327794131 5.923874883887483
0.7273457 0.00846148991758884 -0.14666882656434438 8.288091673224768
0.9350305 0.010888629716903783 -0.1813573241928866 10.655933179859884
1.142774 0.011678459722241682 -0.21163763015355266 13.019112877685078
1.350553 -0.0003342187429533523 -0.25356091029852407 15.387322252549412
1.558293 -0.008180830816170308 -0.2924101432984911 17.7571067338205
1.766057 -0.027940525455257915 -0.33444091995830877 20.11997930839921
1.973923 -0.05899119962842925 -0.37762588617454756 22.489501034327684
2.181756 -0.08992154313032213 -0.42606056446877616 24.856335991767555
2.389627 -0.12133915623499351 -0.4710767792603947 27.24046837803277
2.701441 -0.1648378198452361 -0.5342645347974202 30.785058729365122
2.909338 -0.20218783032537277 -0.5740425550550894 33.15692822148656
3.221 -0.25954939644842934 -0.6282998091013909 36.711048041278964
3.428991 -0.3064927214845617 -0.6779495290823934 39.09014408078827
3.636879 -0.3485624051369614 -0.7132910423085612 41.47570233668277
3.844868 -0.3897149377030877 -0.7512616140654562 43.86520985628315
4.052745 -0.4310338253251601 -0.7742256099436795 46.266123969317476
4.260741 -0.44301377987315543 -0.792172208740674 48.67293032593141
4.46862 -0.4583414405038778 -0.7964536933427688 51.061430012007484
4.676494 -0.4674226390834528 -0.8146347235172375 53.462524373985346
4.884244 -0.4833908722532426 -0.8414431855818443 55.841399441671015
5.091994 -0.5056319291647239 -0.8691636623367076 58.23974336039696
5.299899 -0.5336412653717802 -0.8836994300392951 60.61374375222888
5.507756 -0.5700694098787502 -0.9107544744824261 62.988079979879345
5.715493 -0.5816242021320794 -0.9418893602861769 65.37171612433636
5.923372 -0.6155262689442352 -0.9610266682478077 67.73125997101414
6.131261 -0.651908292840018 -0.9917438105589299 70.09445129808212
6.339121 -0.6721860162768418 -1.0134509603914217 72.44533441869429
6.547122 -0.6853277845569145 -1.033282039065416 74.79738322061193
6.651123 -0.6820446917211196 -1.047944775921256 75.96504395119753
6.755121 -0.6809991187364738 -1.0641963263049465 77.1369664251017
6.963119 -0.6665708939955439 -1.0971435480915868 79.50284359619087
7.17112 -0.6323708097862828 -1.128014124635073 81.87068125488271
7.379122 -0.5830331747756321 -1.1848960581454886 84.2174683502001
7.587125 -0.5198879972442043 -1.2342857874967994 86.56738162930884
7.795143 -0.4419588852565832 -1.2805952689765205 88.88312553070837
8.003122 -0.34361203799865603 -1.340544256070272 91.21555060300359
8.419122 -0.10602056706822971 -1.4394885374834943 95.83984080676952
8.523125 -0.04082628865075577 -1.4635596755409883 96.99701667340875
8.627137 0.032153945879974444 -1.4896111288826779 98.16388950656255
8.835121 0.17970611824962734 -1.54671880577578 100.52231607422112
9.251125 0.45428559644240885 -1.6594934022351877 105.30672931939436
9.355001 0.5151698324681808 -1.6801899847158044 106.51698861539317
9.562998 0.6209005869287658 -1.729819242989675 108.92441131571339
10.08275 0.8110575172056089 -1.8781084141604103 115.03457268011363
10.18662 0.8280832611137461 -1.8974071763901836 116.26839403542336
10.39463 0.8406912690960674 -1.955076429539682 118.74106799274672
10.60263 0.8568794089381152 -2.0062904391513916 121.21736082212466
10.81075 0.8586889627417175 -2.0625182594784395 123.71301711383958
10.91475 0.863725093305017 -2.0879222240185396 124.97039092572972
11.12275 0.8578374150573215 -2.133171630166238 127.48373416526044
11.33077 0.8600146913766027 -2.17607571403988 129.98824432447478
11.53863 0.8690200943651607 -2.209078416242692 132.51000839973736
11.64263 0.8707390062391682 -2.228890854367046 133.78056575931356
11.74663 0.8713441779924278 -2.2400278042033026 135.05108023844392
11.95462 0.8831671990380532 -2.2709958009747058 137.59174070214416
12.0585 0.8810576062456336 -2.2873629724901554 138.85942344275753
12.47437 0.878684225202033 -2.361014124878632 143.93976361750134
12.57837 0.8813150607259415 -2.369331968747751 145.2122377204004
12.78625 0.884636905847823 -2.4219651551722223 147.7362138836576
12.99413 0.8885470627482983 -2.476111319846446 150.25200758325124
13.20213 0.8927105027703994 -2.5395924567604027 152.77571934365537
13.61788 0.9013870442943319 -2.6748005375812784 157.7334568824482
13.72188 0.9080465436453846 -2.701103836793453 158.97763052746265
13.82575 0.9046192900628882 -2.730764518681377 160.2178050499884
14.03375 0.9031628841476316 -2.785658042641615 162.70551254154392
14.24163 0.8978378632362873 -2.847942279853461 165.19392153002894
14.34563 0.8948479066847925 -2.878279172306043 166.44155441919605
14.55363 0.8891640750653433 -2.9393216692266955 168.93376628122016
14.76151 0.8819907269258962 -2.9975708349068224 171.42500379596788
14.96938 0.8573850723684093 -3.059790714320277 173.91334084698588
15.17725 0.8339235216491636 -3.1187950597737073 176.40367738381607
15.38513 0.8201223484489253 -3.180809380536591 178.89313405393676
15.59313 0.8009896487127084 -3.2438793731983018 181.37461160936962
15.80101 0.7784185129847935 -3.304455081335356 183.83965194493769
16.00901 0.7540941011271564 -3.3629953510733994 186.27652037518658
16.11288 0.7453019288536459 -3.3950531279509875 187.49791031133233
16.21688 0.7308228775392742 -3.425601361720285 188.71229422056663
16.42488 0.703551668478485 -3.482450658346348 191.13779243918768
16.63288 0.688157877480972 -3.5372234657374206 193.54669842195352
16.84076 0.6857365362539467 -3.5980700304730022 195.95021082260172
17.04876 0.6905961445659163 -3.6604105831194724 198.33766572378653
17.25676 0.6947168538536102 -3.723541630829841 200.69249914369126
17.46476 0.697980603148765 -3.7793112776581212 203.02599082998518
17.67276 0.7110541924567058 -3.839501884328526 205.33162506680097
17.88063 0.7274229568696531 -3.9015678401037945 207.58572344980323
18.08863 0.7494357825356115 -3.951850186288438 209.77709786340475
18.50463 0.7720606112341861 -4.067507824559948 213.9768826329493
18.71251 0.7787346578798144 -4.118745362156629 216.01866417524596
18.92051 0.7729475141505733 -4.161501557836908 218.0013154871391
19.12863 0.7600248930659417 -4.200040899169961 219.9137301763662
19.33651 0.7326905933460832 -4.2461027573485435 221.74199285607205
19.54464 0.7020634191700217 -4.286804401372756 223.47175558835406
19.75263 0.6531347548747348 -4.3279551782851 225.11250343252965
19.96078 0.5979194055315906 -4.368432631897004 226.6876575591058
20.16888 0.5545631152750561 -4.402266613825502 228.19668238510147
20.37701 0.5089800788440941 -4.434468094573539 229.64373978176064
20.58526 0.4709546935500537 -4.467385833484597 231.07063201432277
20.79338 0.4319160927779251 -4.502250449635131 232.47373392483675
21.00151 0.4016282324886826 -4.5399276725091 233.86751169692766
21.20964 0.3820291885756144 -4.57445244919388 235.24842476680237
21.41776 0.36771610463734583 -4.605506732537936 236.61457560628259
21.62601 0.3630727913134336 -4.639227761542376 237.9693361841309
21.83414 0.36781718996737145 -4.668476212966424 239.3222351481163
22.04226 0.3768588617240729 -4.701146604223614 240.6842863587379
22.25051 0.39414523793921896 -4.7351342184354115 242.05895207855113
22.45866 0.41268585377115485 -4.766234576698801 243.4425302873962
22.66676 0.43807625990366184 -4.801291181528897 244.84208486946142
22.87476 0.4579519784043722 -4.840724998996724 246.25947944072269
23.0829 0.484237151899638 -4.87569994644984 247.71835434442457
23.39501 0.5360211277443492 -4.93143058518994 249.9577985022985
23.60301 0.5596644614025852 -4.973660286430564 251.50652294599715
23.81113 0.6005357589542122 -5.005470790907062 253.07078677596056
24.01927 0.6429273853233415 -5.047921453815021 254.67414425416266
24.22739 0.7144362421333312 -5.092961524981939 256.31393274851337
24.43553 0.7885107774042908 -5.138014591076487 257.96206301127665
24.64364 0.8683627271797327 -5.178479004229309 259.6096091698956
24.85176 0.9584835221294288 -5.220382456278763 261.26699779164437
25.05978 1.052434065227601 -5.266673186901398 262.92881513691697
25.26776 1.1655714998810787 -5.310674131812667 264.57993898259997
25.47577 1.2917149743492153 -5.354036175880532 266.2559735286631
25.68376 1.413744397802617 -5.393526741933609 267.9338808524654
25.89164 1.5352177846644715 -5.43807004219145 269.61470322149876
26.09952 1.6534323776117752 -5.490353353602455 271.3037869965951
26.30739 1.7595870999025358 -5.5400325838051065 272.9726756325771
26.51527 1.8562109921867993 -5.589036788325162 274.64023995136716
26.72314 1.9455423564589776 -5.638066588961712 276.2997581269302
26.93114 2.026323359440866 -5.678886556778288 277.94131561162834
27.13914 2.0864708733373813 -5.718717239000322 279.5404449136136
27.34726 2.130193439404769 -5.751971628022767 281.0783246068816
27.97139 2.158703493279377 -5.869778592756926 285.28716339142795
28.17926 2.127813061391329 -5.904411965561031 286.5369007253808
28.38704 2.064737983135533 -5.94217559555767 287.7214698598399
28.69852 1.8755694845517255 -5.995632651533782 289.3875340421609
29.83954 -0.02128039808513904 -6.060721260345729 294.3829386960702
29.94328 -0.30610602023111255 -6.066311710340443 294.75057957467743
30.15089 -0.9351762801287578 -6.051185872664133 295.4149644299516
30.87714 -3.556328081371248 -6.049488593971952 296.9549875995306
30.98089 -3.9855321196419453 -6.041810463724454 297.07064419175236
31.08477 -4.407110942388371 -6.042040327493874 297.1760372082873
32.12329 -9.459998263339287 -5.833884572986848 296.30307514441705
32.2273 -10.010106298375106 -5.790161485995521 296.0036136532283
32.33129 -10.572729135294495 -5.73798138696198 295.6609176358248
33.06052 -14.869472119966929 -5.324340525522189 291.7760914240685
33.16477 -15.4615156244231 -5.265264716720022 290.9998791523219
33.26902 -16.014955829192843 -5.208897306426307 290.1770693292831
33.47742 -17.12146242965126 -5.083473813071819 288.33099049294384
33.58164 -17.637974990570072 -5.0328969816912785 287.33471517053323
33.68577 -18.134025710995402 -4.983243573354274 286.2758935212844
33.99828 -19.4767843745977 -4.835474768033054 282.7463544578965
34.10252 -19.85958443819601 -4.780414620249466 281.47352854910804
34.20665 -20.20464770191562 -4.723972578574699 280.1445870827808
34.41489 -20.755771464815467 -4.619554433704473 277.35533134562525
34.51902 -20.971058201621076 -4.5655992972933515 275.89677758611776
34.7274 -21.275402176211283 -4.478499899409515 272.8248612935211
34.83166 -21.36762022411076 -4.4391967354504995 271.22626647364393
35.04002 -21.42647137230143 -4.3737901467082 267.8911432400968
35.14415 -21.388706096725528 -4.3352119299987715 266.15990243208194
35.35265 -21.18378027273217 -4.2832119797026005 262.622618001315
35.56127 -20.895528431428815 -4.220925630283968 258.9814725108922
35.76977 -20.583952747660494 -4.151402463348656 255.23924652022896
35.97828 -20.259183871186654 -4.106010024303034 251.36700194374203
36.18665 -19.95633482302419 -4.060724100790308 247.3780864134626
36.39503 -19.696350310442767 -3.996720811184111 243.32302659943986
36.49915 -19.584257385776443 -3.9670581332801516 241.30422550747113
36.60315 -19.48503632951334 -3.932100273885897 239.27051557497813
36.81128 -19.285862311937084 -3.851643802270267 235.15877632927234
37.01927 -19.143112970458343 -3.7749485936496407 231.05857605142594
37.12328 -19.094389061506014 -3.748084969860976 228.98815231831833
37.2273 -19.062177438616935 -3.6979983257413496 226.92480591291184
37.43515 -19.00505457367381 -3.6132364322537738 222.78861340301742
37.85053 -18.86474249590963 -3.414411041332854 214.50203280428818
37.9544 -18.876556549786127 -3.369815467751403 212.4029799334091
38.05815 -18.87722625569003 -3.3311595982555025 210.30115444757038
38.26578 -18.885200942407497 -3.24812486610377 206.13729880619778
38.47328 -18.895843691595278 -3.183969659960491 201.93262502367125
38.68078 -18.901484549683193 -3.1123125476417237 197.7023701773703
38.8884 -18.86939139226313 -3.0277421349666573 193.4765498406203
39.0959 -18.837211868758168 -2.956478363254528 189.24760304249432
39.19965 -18.855405957983862 -2.8983651711766627 187.11239223254296
39.3034 -18.862862315069652 -2.8672986865065964 184.98975502739594
39.40727 -18.869135640070176 -2.841539348283219 182.8388475669864
39.51103 -18.896826380673357 -2.8016959249007813 180.6757112590296
39.61478 -18.908137840063485 -2.7734641169007483 178.51843385232343
39.71853 -18.976384147637624 -2.7247980218774277 176.32776970243148
39.82215 -19.01143286477571 -2.6952905506754785 174.17915620531693
39.9259 -19.0717234144697 -2.6462089270933697 172.0012817679648
40.02966 -19.084382817942902 -2.6207660444745464 169.83318475159402
40.1334 -19.204128911331875 -2.5849319171367786 167.65807064009948
40.23704 -19.34833503707324 -2.5737109091036765 165.465219601919
40.44453 -19.614461624633595 -2.634000224823754 161.03505941568824
40.65204 -20.194874021948035 -3.0654568810431577 156.36942518483977
40.85953 -20.671196676195102 -3.1707882222896866 151.81428811259943
