0.0 -0.0 -0.0 -0.0
0.1036117 -0.005051556942946009 -0.01621157029575659 1.2524382091449584
0.2073529 -0.025005286443864034 -0.028454467387306268 2.4967432501190743
0.4147131 -0.05792556091653524 -0.04890609087053947 4.968493980204844
0.5199468 -0.0677770492389548 -0.0696018431509956 6.20096955749642
0.6220911 -0.08731742697378715 -0.08123144041108564 7.435599175717672
0.725703 -0.11449057478390684 -0.09340742228886907 8.650768999225447
0.8294654 -0.12926095454337239 -0.1110951184990246 9.88135738728353
0.9330382 -0.14628894349438468 -0.12219176540777518 11.092221024081674
1.036778 -0.1654409319781892 -0.13854181147733663 12.31393146591243
1.140398 -0.1856994159112578 -0.1504106647516253 13.539372564225385
1.244137 -0.2168204383768523 -0.1616914534098339 14.762928343175505
1.451492 -0.2712325603067668 -0.18060780816237826 17.141411990476723
1.658847 -0.31244005094974053 -0.19637375022162656 19.549592381381782
1.866202 -0.371713974159041 -0.21536270917177971 21.94911226555414
2.073559 -0.43932474581488545 -0.23202888710415637 24.31867858536096
2.28105 -0.4855759412039153 -0.25753178035780105 26.635227907589268
2.488425 -0.5192246821053034 -0.2722190772295076 28.93793112429275
2.695755 -0.558628874994727 -0.30784610771337834 31.19004518122218
2.903108 -0.5999455335733054 -0.32815119822082783 33.41922544967674
3.110482 -0.6138862757354895 -0.3531062673215945 35.544385283690865
3.421685 -0.642490761178464 -0.3827697189473072 38.628474996722254
3.629166 -0.6292072293689426 -0.4048114649371758 40.62656376532077
3.83666 -0.5981733887427083 -0.4197601628526303 42.59600385750983
4.044264 -0.5328305939272155 -0.4424732234621005 44.54956164392367
4.251862 -0.4333406461304712 -0.46393731045804293 46.420768645271
4.459611 -0.26801643516090756 -0.4914198762363596 48.270890749895685
4.667325 -0.03386307832032376 -0.5106687801435844 50.080346901373005
4.874947 0.2769997717038546 -0.5239260054863828 51.82081377205259
5.1864 0.890239384599333 -0.5447369614504421 54.30933280647353
5.394003 1.3937301776883153 -0.5582739983614214 55.90384081380757
5.601734 1.980565381329452 -0.5672122483587027 57.439261643478005
5.809345 2.6420173506826963 -0.5756778155650204 58.899920845244175
6.016968 3.4046292608714275 -0.5873422357245943 60.297692582060165
6.224565 4.244164615499759 -0.6039032738210978 61.653646619635715
6.432181 5.158343519308588 -0.6086882008496965 62.90369251109669
6.639619 6.176201010637982 -0.6201320711221654 64.07723843257916
6.847019 7.259981232433276 -0.63985329521108 65.15741032486444
7.054434 8.402851012716098 -0.6562097374466351 66.15536397548408
7.261837 9.628212963386275 -0.6761577402712102 67.09553085560427
7.469315 10.925083026018914 -0.7120570025110096 67.92782623342822
7.676672 12.310728598957766 -0.7588636296875629 68.7094948677643
7.88415 13.757615427023495 -0.816865450417924 69.38247281960416
8.091556 15.241244503588064 -0.8742606955421518 69.92537517160694
8.299053 16.81855442934559 -0.9197584565975288 70.38882006833714
8.506356 18.43763504248954 -0.9677996036434601 70.7140552834871
8.7137 20.10562005915929 -1.0250139907215639 70.93133133029218
8.921074 21.80100223687265 -1.0867018387795624 71.04057404073217
9.128182 23.53311500563023 -1.1528588967084574 71.0640495870212
9.335267 25.260344595500445 -1.2192570037817194 71.0159449079612
9.542373 26.993873740695122 -1.295271636653273 70.91661073016606
9.749609 28.73814651447318 -1.3877041335120401 70.77849830480442
9.956711 30.49936994902656 -1.4870200671028175 70.62598848745637
10.16407 32.259025380485404 -1.6017427716970905 70.46898290346178
10.37145 34.03690128826286 -1.71730304834394 70.29622757014778
10.57878 35.836328215087974 -1.8435154059116798 70.11200379192614
10.78618 37.64073017245494 -1.9657073185787417 69.95076489923827
10.99353 39.45641373032287 -2.0984873068708687 69.76584981468453
11.20102 41.26350932714959 -2.2489441831842645 69.58611210492113
11.51214 44.050829902894414 -2.4674920516230063 69.27494788746982
11.71955 45.88978801721065 -2.626344728636467 69.03569768509517
12.03077 48.71610070538811 -2.8613223379119295 68.68533159899195
12.23813 50.613697003010444 -3.02767179175977 68.46499169409316
12.44549 52.528584973213285 -3.19728785220262 68.2463648743536
12.65287 54.453863110497394 -3.359941056102134 68.01516242521693
12.8602 56.386910351283554 -3.499609011368989 67.76676623393647
13.06755 58.33901737312999 -3.6360439561544053 67.51289960044141
13.27491 60.30745730369479 -3.783505278360924 67.28249710451182
13.48241 62.31439322025785 -3.9184816914362424 67.04878921432774
13.68975 64.2910915962939 -4.076666010665356 66.79415661000951
13.89712 66.2921362648468 -4.250622384588762 66.57277803014426
14.10445 68.30844166993072 -4.403974567377217 66.34421386568766
14.31181 70.34670926541423 -4.557152014310509 66.10161438842529
14.51906 72.42936153140566 -4.707729551280083 65.87687871906057
14.7264 74.49512868650383 -4.869737446657997 65.64248219022048
14.93376 76.58145432210527 -5.028350843878699 65.40661936930408
15.14111 78.70629425442404 -5.191539811652037 65.18562653274911
15.34849 80.72761280647326 -5.353180336708162 64.93931457127442
15.55595 82.90921866411698 -5.506938273824012 64.75178250434357
15.76346 85.0289563566141 -5.668671668074721 64.53111768371862
15.97091 87.1875745137875 -5.821234787134918 64.31749046460251
16.17849 89.35986456730357 -5.985055961397709 64.10453400817549
16.38589 91.53845855389423 -6.136061770433898 63.88301784721711
16.48961 92.63204888416793 -6.21717978517487 63.77163375319378
16.59323 93.71851443397223 -6.292000024023561 63.65590589379885
16.69699 94.78703036094407 -6.368349681231091 63.52802640107626
16.90495 96.91810654024798 -6.51990834356672 63.27025497872789
17.00813 97.97766567124582 -6.603944855236092 63.1233786159913
17.11181 99.04047018259867 -6.682278352493483 62.960373259238736
17.31942 101.10390342935725 -6.825896792589219 62.593827026495276
17.5269 103.15414984295558 -6.9646706319588585 62.16356144986836
17.73425 105.21393176180703 -7.130995371761077 61.727334863408814
17.94173 107.2361559949151 -7.315878979974466 61.1958645668981
18.14909 109.2619527349112 -7.469569408080173 60.6107965869201
18.35644 111.21472467756539 -7.603216575599708 59.9591269399581
18.5638 113.13059148070265 -7.771923982469396 59.27378839823797
18.7712 115.01625669500639 -7.93348069286543 58.50988555256347
18.97873 116.90010656474003 -8.09758159070891 57.687982186529794
19.18597 118.70835015457816 -8.254138341540319 56.82258526646521
19.39323 120.56937455958541 -8.418237282825702 55.84933083442111
19.60058 122.36208159611121 -8.601414694863951 54.816666855214784
19.80783 124.18694252985884 -8.779424265942591 53.700911927917296
20.01516 125.95120805748373 -8.964762233986443 52.509212729094145
20.22252 127.70461655470804 -9.150622968098872 51.2384709221607
20.4299 129.41226602815394 -9.329576386175273 49.90040776071425
20.6371 131.05739094697958 -9.49516891606233 48.47586780988841
20.8444 132.67653417048572 -9.6926177767239 47.01125570215971
20.94799 133.45793353646542 -9.77794863536652 46.24433541370222
21.15531 135.00368290410327 -9.970892012055975 44.62146200789555
21.25905 135.73234365790077 -10.060086508099488 43.79969849382869
21.46628 137.12869638466202 -10.242797167286277 42.08085018895398
21.57009 137.7922384211305 -10.341059231003964 41.196832829491655
21.7775 139.04139657328466 -10.537323583555375 39.380980260860326
21.98489 140.21668864505267 -10.74291442111919 37.500884380628804
22.19209 141.29854887211107 -10.954249993920161 35.534236366883356
22.50301 142.79869780617008 -11.270998989344017 32.570317933194445
22.71018 143.7414870244183 -11.486600122654195 30.520817068299326
22.91742 144.60363984961754 -11.696382115199004 28.437868918801207
23.12464 145.43253778752887 -11.888887898212964 26.30808352735792
23.33186 146.2066256183005 -12.07148519138811 24.183094704550342
23.53909 146.95384585454678 -12.265142939561144 22.073273123698307
23.74645 147.72394991207412 -12.450761390608221 19.9496544042918
23.9537 148.45574842077906 -12.637519987897981 17.824993744382294
24.16091 149.18286427521556 -12.842710428528092 15.71459028179012
24.36814 149.91635701833468 -13.051397216947247 13.577118920816261
24.57538 150.64353804287578 -13.274678275496093 11.454592970500016
24.78262 151.3655994836428 -13.49219990567003 9.403775129319968
24.98985 152.12306395242413 -13.672912597188885 7.304833435575247
25.09357 152.50401578116592 -13.776578278172153 6.323538994604689
25.19719 152.9014799574784 -13.866094767524295 5.276544856920012
25.30082 153.301687242647 -13.962486090915235 4.243806025383378
25.50805 154.1495236810349 -14.15872009814576 2.2268737290169085
25.61167 154.6147707064692 -14.260564322112108 1.2073109947381155
25.7154 155.06757269716311 -14.368153379965806 0.21965162462037569
25.81908 155.55104436177461 -14.466555716587745 -0.7895244065470379
26.02649 156.52093749874047 -14.662145742206679 -2.7252871570449813
26.13016 157.0242074513566 -14.760067263633108 -3.719584458756202
26.3375 158.08913936566321 -14.944541811433234 -5.577329425265333
26.44118 158.65102005099587 -15.026939313529903 -6.508336777432547
26.54482 159.21162057227355 -15.105680065181655 -7.421314674910008
26.75206 160.37260558241525 -15.263422243078494 -9.198810681388522
26.85581 160.98885347992154 -15.341817141589658 -10.056792711537
27.06308 162.36444094014882 -15.47900270970202 -11.69748190249858
27.16666 163.01906091249936 -15.57506674377295 -12.522207131169438
27.27035 163.75205094654513 -15.645816837976408 -13.398086513787533
27.37399 164.50404052409863 -15.70757199624674 -14.198621299220221
27.58157 166.04653617069235 -15.87084104717552 -15.68023746013263
27.68531 166.83336927440823 -15.969064645807101 -16.41800066904446
27.78906 167.6374665123321 -16.051259910690387 -17.07945833576497
27.99666 169.26123528349123 -16.222649978576026 -18.403902561304577
28.1003 170.13652427611333 -16.313452335807558 -19.066161779424036
28.20406 170.98764242469622 -16.401085101200273 -19.668147478484357
28.30778 171.894835619056 -16.496639564802464 -20.291488259707847
28.41162 172.81944800943978 -16.579772270063764 -20.88397035639884
28.6191 174.66655650461385 -16.74640136896995 -21.915231048368256
28.72284 175.61781592726703 -16.82496226063982 -22.39266695966961
28.93033 177.58848436340116 -17.04296724598003 -23.30073015275078
29.03407 178.50356204461076 -17.126087016317374 -23.620846029725833
29.13781 179.4026354099221 -17.2238963713528 -23.87941927634259
29.34531 181.39162026870414 -17.407416524106374 -24.44580252734263
29.44916 182.46970883596248 -17.45067283006698 -24.721589636258177
29.55289 183.5025310592725 -17.523937255771344 -24.919562733924863
29.65676 184.50427406003246 -17.5937441650238 -25.05796748941681
29.76051 185.5344148220966 -17.676459416970328 -25.190651917355616
29.96802 187.57856802736634 -17.814602689881326 -25.30117470106071
30.07185 188.61542238063757 -17.894930595963597 -25.300305581131823
30.27923 190.8570982270328 -18.056412344246638 -25.274310025295847
30.48671 193.05778695389705 -18.194669924126107 -25.07590943152802
30.69406 195.27016193295395 -18.379504811108482 -24.763065746206927
30.90156 197.44993153955488 -18.52979219895989 -24.3005488076915
31.1089 199.57079724202035 -18.685805415607895 -23.697114487067452
31.31628 201.69190911642193 -18.860539822276905 -22.960163535538058
31.52362 203.8014052292308 -19.035275597955504 -22.05881974514118
31.73109 205.91853574675122 -19.212990717325738 -21.03254292693532
31.93858 207.97641395788165 -19.391684711521407 -19.898427355261177
32.14606 209.96732934979175 -19.593587883867993 -18.615486548750624
32.35368 211.92773200777185 -19.79239519502856 -17.18538922722003
32.45728 212.89132688256763 -19.87568964358188 -16.455103970145373
32.56102 213.82933825792728 -19.968557871224 -15.689326177810685
32.76837 215.6570450505269 -20.15624682738447 -14.098818639038015
32.97586 217.43530177382354 -20.32577490987339 -12.425322001225013
33.18321 219.15617846780322 -20.516155127741435 -10.632046765473902
33.39056 220.79854283896566 -20.704224628375602 -8.8147303561785
33.59779 222.43979882787454 -20.863546253654476 -6.920276753933166
33.80503 224.0182066164386 -21.036203141016394 -4.877599182765053
33.90865 224.7852333731634 -21.124165232360667 -3.880318547581936
34.11588 226.29305846787958 -21.306866856434713 -1.7292467226861845
34.3233 227.72109832594103 -21.51290536334529 0.37872674592374267
34.53061 229.16050881474882 -21.698013730081108 2.6359121983955447
34.73782 230.57866863712488 -21.86342221259073 4.876454480598426
34.94505 231.96736961950387 -22.055522184876583 7.150730915949836
35.15228 233.3450899407775 -22.225353951686476 9.443660697973243
35.2559 234.0368248501528 -22.318647388022754 10.618294148468394
35.35955 234.71192674845037 -22.414214511662223 11.776098649314235
35.56675 236.03037046878336 -22.59905619640285 14.080718340184731
35.77409 237.39875846832564 -22.74052654299976 16.439962099853503
35.98146 238.68558976115224 -22.93024370880591 18.789467910219827
36.18878 240.01990339712887 -23.157418055116466 21.182651860165777
36.49966 242.02389324487228 -23.400960548845394 24.688314672855796
36.70701 243.34692712185785 -23.60764585310781 26.99267691739091
36.91449 244.68450347840547 -23.772519445913865 29.333762577634943
37.12185 246.02768351749086 -23.944898110333995 31.684987768762298
37.32921 247.36622081178706 -24.13234405166716 34.04354354146034
37.53643 248.71592200696918 -24.309884532158677 36.42284573072095
37.74368 250.07339395941398 -24.492369260450467 38.82781305043429
37.95104 251.44392480930168 -24.668688233817086 41.2400005771578
38.15838 252.80083887648146 -24.828927122764146 43.639553382328984
38.36588 254.15196804074446 -24.999045799449227 46.03550187302592
38.57322 255.4890034501996 -25.167398253913273 48.38033078490663
38.78062 256.7876851340387 -25.30249916329984 50.78146788332886
38.9878 258.07568092653236 -25.437913790565446 53.14715622562716
39.19518 259.3122758044935 -25.572072775755675 55.47997679984867
39.40253 260.5298827113612 -25.69813692965569 57.788606536075264
39.60976 261.7154528779211 -25.816688031049473 60.071954496270834
39.92124 263.4577563515305 -25.99009787319892 63.43285196388891
40.12834 264.58474205110304 -26.138358217519265 65.63357322134034
40.33581 265.7138263812564 -26.29940905075206 67.82034009926352
40.54329 266.8688131921834 -26.448803624501657 69.9831373920335
40.75077 268.06774727364024 -26.588346883428024 72.1037061139548
40.95825 269.3198786956279 -26.729687397681822 74.19147610342606
41.16573 270.6386627506744 -26.863121251411542 76.23756228615
41.37324 272.0234009149883 -26.999326685795047 78.23316321371688
41.58124 273.49721284697745 -27.149338787184373 80.17482805845177
41.78822 275.0480852873733 -27.296865577747575 82.02263748413816
41.99566 276.67351595691423 -27.43620776623663 83.77146912512276
42.20326 278.3850663514661 -27.58432517982974 85.4068045926543
42.41077 280.1737162766811 -27.728164280519714 86.91897960018592
42.61835 282.0493111592383 -27.869610817485658 88.33240814787519
42.82571 283.98949892475673 -28.008270873775977 89.56353622940456
43.03322 285.9981681636782 -28.14240163747249 90.67202039433892
43.24054 288.05969571604135 -28.284926620674625 91.60386821332615
43.44789 290.1518725732217 -28.430140237875378 92.35392526586254
43.65537 292.30521082741154 -28.577745487029564 92.97643098915694
43.86273 294.51367075829893 -28.699220055291377 93.4644938454907
44.17385 297.82849885751295 -28.911159735095303 93.89586809033304
44.38131 300.04470937202655 -29.07408461834085 93.96699590812196
44.58866 302.2877112718211 -29.215004844197566 93.89597689352061
44.79604 304.4863864920852 -29.356526402615533 93.64892432882775
45.00338 306.67227340995674 -29.506075977285267 93.26252532960075
45.21061 308.81811751258886 -29.653138516062313 92.70535629483987
45.41797 310.9172413242503 -29.794245698329817 91.97606376345155
45.72894 313.96832868603076 -30.00083003940805 90.58282051061745
45.9363 315.9206729527311 -30.121826531625054 89.46333793989444
46.14378 317.8063257789207 -30.255737883568493 88.18788676819133
46.35113 319.62139695387606 -30.39058548898268 86.7582723012864
46.55836 321.3524426219626 -30.546914257343005 85.18494155480292
46.66199 322.1619088263938 -30.62003702267485 84.33631165600495
46.76562 322.9471562826709 -30.69840523614427 83.46144016208264
46.86966 323.71250534868255 -30.78219798007469 82.54905341949033
47.07656 325.12875129177934 -30.94809828260919 80.59874345274706
47.28395 326.39899244324937 -31.124655818726538 78.53158607500238
47.38767 326.9711418959927 -31.209456717780945 77.47398426307217
47.49115 327.5067307685708 -31.2926224038902 76.39319253142938
47.69838 328.4415938157846 -31.452580052728294 74.20739569426078
47.90562 329.22433659974854 -31.605883555238847 71.93345039200192
48.11286 329.8623172888473 -31.768405680891355 69.67843153777335
48.31997 330.3882222050787 -31.93421940621201 67.33108955566581
48.52709 330.84115676339337 -32.09211942831214 64.99515405718144
48.63055 331.0504076500429 -32.17344703823149 63.82727908352183
48.83753 331.45085229649214 -32.335615921414394 61.44174147909952
49.04477 331.8060147205918 -32.490806630572806 59.066212586785454
49.25219 332.13809803255896 -32.660126833564554 56.65814961513318
49.45935 332.4258625074355 -32.8213156399706 54.23178117916065
49.6666 332.6655721676885 -32.98003641837782 51.855804584993194
49.87371 332.87338769107504 -33.13865835530231 49.495911147095896
50.08079 333.074467017022 -33.28727330421943 47.18696201267187
50.28802 333.27849347361746 -33.42948877957867 44.93387952600644
50.49519 333.5226477457337 -33.5806913039918 42.747346337982975
50.70225 333.8153397952873 -33.72240707206431 40.639143763816556
50.90934 334.1710010815001 -33.8657640236912 38.68504031789442
51.11635 334.5929330268438 -34.002183662640434 36.85751412163766
51.3234 335.1065812951804 -34.12385531313165 35.131599452313594
51.53028 335.739179813775 -34.24475416603121 33.52764582269734
51.73714 336.53092452163196 -34.35036096877319 32.01293689403505
51.94412 337.475838892254 -34.46002671384818 30.650901631053472
52.1511 338.5727164015223 -34.524840369265846 29.433439778232753
52.35833 339.76671080339963 -34.57914572049998 28.423849199371972
52.56569 341.11230267263045 -34.619019960048924 27.562103974261362
52.77317 342.6371045773469 -34.65969761936221 26.81204594041779
52.87691 343.47238476298986 -34.65748616230621 26.497055987542197
53.08439 345.2406006953699 -34.66650468581835 25.998934616584833
53.29209 347.1374765651478 -34.644864146624194 25.674840590472165
53.396 348.12098557842967 -34.62934522487098 25.57360232097561
53.60412 350.1590455947428 -34.62153209843248 25.50217008976375
53.81213 352.2952764178788 -34.63475512435286 25.603300192391572
53.91571 353.39454451008106 -34.65122973666664 25.7044261786708
54.02 354.5019942573834 -34.668293853312335 25.847695540130484
54.22756 356.7370243476694 -34.71414479435943 26.248258418969826
54.33153 357.86868025052354 -34.73947114318122 26.504507155369488
54.5391 360.1213140214823 -34.80523864054038 27.107692172097927
54.64287 361.23521875490513 -34.83212131530725 27.462720469047994
54.85039 363.42115171785895 -34.90137146000402 28.28742930549589
55.05791 365.5628706573139 -34.96728013844887 29.243151779468988
55.16171 366.6184358732919 -35.01073765959943 29.772960116443016
55.36918 368.67040693717473 -35.0718418945189 30.962221013025243
55.57679 370.62328963945316 -35.15993818886313 32.32054864803172
55.78433 372.49252170693126 -35.24368314072355 33.836444560471165
55.9921 374.2397304115759 -35.33734298026775 35.509857177743925
56.19948 375.88495289731577 -35.43476747789011 37.316371520314846
56.40721 377.4302336676616 -35.55085154046339 39.206310227333404
56.61486 378.86693504868185 -35.686048235150864 41.15358916521794
56.82249 380.2258224680859 -35.81975954814966 43.13576969373133
57.02978 381.5027818833436 -35.93090500466918 45.1662462324484
57.23726 382.7125011960279 -36.04964726600889 47.2612180581508
57.44453 383.8070332845323 -36.15752176289556 49.407279571800245
57.5484 384.3361802954721 -36.22441503130024 50.49243008938319
57.75534 385.315723531723 -36.33381502487156 52.696931822155534
57.96257 386.1935120550361 -36.43591263243665 54.95116538661705
58.1698 386.95018028696467 -36.54619643320808 57.263861376051665
58.37703 387.56814742369977 -36.6603899685649 59.631782364887954
58.58426 388.06740923368415 -36.76626719715195 62.04842537091682
58.79163 388.44198502223674 -36.87483990695676 64.52393530357949
58.99897 388.67420056895367 -36.989858142169375 67.06223956059742
59.20658 388.7993455857798 -37.10639645064861 69.67768353670513
59.51804 388.837754111922 -37.29232875191353 73.69956057235589
59.72578 388.8048834548077 -37.43162574778944 76.43167512733427
59.93338 388.7492072358557 -37.56888983185784 79.2139537806675
60.14087 388.68016791186716 -37.71467861800018 82.05221947842472
60.34836 388.5877903453087 -37.87090447349032 84.94110491681906
60.5557 388.47169917634324 -38.01895640945042 87.89686135624524
60.65946 388.40941091474144 -38.099053026569806 89.37682555755399
60.86685 388.25893714118484 -38.25559171768047 92.37820037770072
61.07423 388.09786552033734 -38.425499046623074 95.41118166801252
61.28164 387.92745194301705 -38.59530085580623 98.50090688436758
61.48899 387.74701804086914 -38.746458158863796 101.64194775285395
61.69637 387.55298737941035 -38.927499933648825 104.83547234445024
61.90373 387.33713494867646 -39.10219108526921 108.05912803152768
62.11106 387.113574647157 -39.28080355362494 111.30368769475001
62.31831 386.8676253765345 -39.465737285619795 114.53825824809022
62.52565 386.5977988541317 -39.67726016620439 117.75500505587674
62.73302 386.2957287893053 -39.89786818918759 121.00167074894864
62.94027 385.9768284964911 -40.1132066361972 124.2288191520314
63.14771 385.62343254850657 -40.31563644016953 127.45739430419606
63.35507 385.27368482446246 -40.51648925198548 130.66292167010377
63.5623 384.8968944116465 -40.71418182839608 133.8590927509771
63.8734 384.2818824998383 -41.02771391270171 138.6334320044362
63.97716 384.07559448436035 -41.13864738840857 140.22053582026447
64.18451 383.6640139754939 -41.36844216633889 143.41363121365993
64.39197 383.270664531246 -41.61133152525284 146.61460701065093
64.59945 382.8547733112906 -41.853437140337086 149.79120456416797
64.80697 382.42928398554415 -42.09973496612464 152.979062951725
65.01429 382.02982046276514 -42.338661632823694 156.18600215671484
65.22189 381.64454211897817 -42.58427567703815 159.32606889507503
65.42913 381.27299106490375 -42.836041194206466 162.49308284000256
65.63663 380.89293304435495 -43.077706827135316 165.62346900739612
65.84398 380.5367796420617 -43.32431547145876 168.795427126449
66.0512 380.19330980353277 -43.58111186271698 171.97522492485282
66.25858 379.8574018244834 -43.83240102980884 175.16107327627
66.46591 379.51159604315257 -44.08210784458545 178.33273512633644
66.67327 379.18871007441993 -44.34128655932691 181.50196622507445
66.88063 378.85383993036663 -44.61978119220062 184.69539748718574
67.08785 378.51508252227677 -44.88850354941664 187.93051152106133
67.29536 378.1891465440726 -45.15269538684004 191.1836806077815
67.50269 377.84256346155456 -45.41542185594993 194.43051336776807
67.71017 377.51679452608823 -45.67679529630581 197.66667321879638
67.91753 377.1813753533973 -45.95969415754368 200.91155517094268
68.12488 376.87748583992635 -46.231657187351466 204.17647499287938
68.33226 376.5472924042759 -46.49482334692392 207.41155011885502
68.53977 376.2200804018486 -46.767310453215856 210.6501594243507
68.7472 375.91384948728717 -47.044525785938376 213.91350524268728
68.95471 375.65762612431496 -47.32916913982118 217.1516941399679
69.16218 375.437888175208 -47.59706699366303 220.4001768250793
69.36965 375.2822062744086 -47.85107718876894 223.6556491830337
69.57713 375.13862812121346 -48.117244729869604 226.92906591767803
69.78448 375.0373256660236 -48.394370049570064 230.1948481090594
69.99196 374.9600005899958 -48.66132383871309 233.46924452621627
70.19936 374.91001464692454 -48.92838796372884 236.78714743273937
70.40657 374.91607949586364 -49.18707192168175 240.08297831133717
70.61393 374.9639313209603 -49.46941403065945 243.35670469096846
70.82127 375.0530165725915 -49.77816238663294 246.67116485217156
71.02862 375.1647838031216 -50.06157329164532 249.9745871493751
71.2361 375.32040324862817 -50.34998347441261 253.29080043343907
71.44337 375.49113062985106 -50.63396928633789 256.6442799220724
71.65069 375.684699709247 -50.92842628013518 259.9898406367498
71.85805 375.9277590853019 -51.21345603107477 263.36336564810244
72.06544 376.2349577211304 -51.488372730269425 266.72759397170046
72.27276 376.56902059424203 -51.76624615770889 270.10682930583897
72.48014 376.9532041864173 -52.02289072031408 273.48011439002664
72.68747 377.38983613541114 -52.290845338321425 276.86018401676284
72.89473 377.8442901168914 -52.53965519026798 280.22716195791793
73.10206 378.3667600685032 -52.79484644775201 283.59651507174794
73.30942 378.93476455322417 -53.013626545330446 286.9906946398783
73.51681 379.502714985784 -53.26261442853121 290.36002870616437
73.82776 380.42972057987345 -53.60293391750464 295.400942509271
74.0351 381.1174353064524 -53.84756466538304 298.8149553454972
74.34632 382.2247750479688 -54.1983493080901 303.9087785470988
74.44994 382.6388061183495 -54.30974951161143 305.60155988443967
74.65742 383.5158558055257 -54.52960353415496 308.9679045668764
74.86477 384.4525474584017 -54.73313023650362 312.37620561881107
74.96854 384.9559616706146 -54.82840671626938 314.06219714849846
75.17574 385.9751154720292 -55.02974790667693 317.4493380351805
75.38309 387.0236915830265 -55.18939894747984 320.82980025982226
75.59033 388.0802883388375 -55.336186249219864 324.19460426200243
75.69407 388.64684194092433 -55.42065076978285 325.83727898580725
75.90142 389.7464846591582 -55.56934674622803 329.07810563877524
76.10883 390.90399962515716 -55.73145897569313 332.29477081255664
76.2124 391.48854963747897 -55.80598321596885 333.88698426114706
76.41965 392.7083866182085 -55.94613090860332 337.04845082657
76.52335 393.32713292008 -56.01687404950369 338.63489197224294
76.7306 394.5860636384515 -56.16867848927393 341.77256313129755
76.93794 395.8483826630137 -56.30326829997976 344.91721883324857
77.14531 397.1208177720167 -56.40712893139421 348.07741097082686
77.24893 397.76557626243164 -56.474177451916056 349.6184296892005
77.4563 399.05504076972716 -56.61300077089737 352.6648572209458
77.56002 399.691048674483 -56.674567831716814 354.18948867061283
77.76726 400.97355912450837 -56.78077013894037 357.20123108782855
77.97461 402.25200603408564 -56.89674472865761 360.1879243227063
78.18197 403.5138577398701 -57.00813502309944 363.13696955447307
78.3892 404.7598595609958 -57.122297235023744 366.0628044234705
78.59655 406.00580630317836 -57.23352615716557 368.9392509520825
78.80391 407.2423769434617 -57.33907635534539 371.7841854896458
79.01129 408.4864956295246 -57.439901501081664 374.6198337209172
79.21862 409.72967145409143 -57.5328612517749 377.44285469466485
79.5296 411.58865724448606 -57.679227775963916 381.70176753756346
79.73695 412.8379210221166 -57.74920011374519 384.6190009051838
79.94443 414.0946289960526 -57.830235784718155 387.5239069576289
80.15193 415.3864830266789 -57.9103973275727 390.46177547381797
80.35939 416.72364335232874 -57.98128419954986 393.42168206775455
80.56675 418.1418076613685 -58.03615539722818 396.3688591713531
80.7741 419.63617772713155 -58.1017665229892 399.3459837855853
80.98146 421.1846144491826 -58.15862097146966 402.29399346782316
81.18869 422.7860082667619 -58.233828471281484 405.3032278457418
81.39604 424.4844901452201 -58.299690478848284 408.28020158593245
81.6034 426.2235197332632 -58.35190653346926 411.280838159915
81.81076 428.00234211558836 -58.40332690699032 414.27361935327156
82.01799 429.8434818515078 -58.444116505598956 417.2613383287985
82.22535 431.70466042629084 -58.46271163982338 420.26684907240906
82.4327 433.5905769074172 -58.500771235271856 423.20040375241945
82.74372 436.43013391825724 -58.51113436586677 427.5096585333876
82.84729 437.3852149953289 -58.52128572402485 428.93020107225846
82.95103 438.33175875977975 -58.51931145386165 430.38914205056085
83.1584 440.2643239557459 -58.51969646814446 433.2733793840737
83.36575 442.2334259351038 -58.51111412309907 436.19522303388226
83.67683 445.14104972400463 -58.4790116199675 440.58703241202477
83.88419 447.0881674812024 -58.45411588944751 443.5333868952581
84.09155 449.0339969260232 -58.42757198930541 446.4711821469293
84.29903 450.93037368109447 -58.39057158649072 449.3925678538387
84.50638 452.8462466247907 -58.370109633615904 452.3731169190666
84.71374 454.7472327684072 -58.29366164662571 455.31781828782437
84.92097 456.6440385520378 -58.25193361697005 458.2300532896848
85.12833 458.5378365890526 -58.185513200730384 461.1608060328569
85.33568 460.4207777824829 -58.12205068510678 464.07208289215765
85.54304 462.297040169131 -58.054515933271446 466.9792990264988
85.75039 464.1771817311061 -57.99766033061256 469.86140176848215
85.95779 466.08952180756626 -57.915414819701084 472.7559340397945
86.16498 468.00628656196795 -57.8382616518694 475.6472486090151
86.37234 469.9284295665353 -57.7611093736701 478.5143903221759
86.57973 471.87165569034556 -57.6954980338898 481.3734577431127
86.78705 473.8140623672836 -57.62628496227106 484.22990154918784
86.99428 475.7546306278063 -57.57068093626319 487.090503122938
87.20164 477.7525517431776 -57.506722021400805 489.8946445458598
87.40899 479.7203427277419 -57.428351560977916 492.64312411313205
87.61622 481.6368039637817 -57.361973219263014 495.3068381934065
87.82365 483.5467137010395 -57.311785920033884 497.8700726690716
88.03093 485.4247634705639 -57.262972824098334 500.4014748012291
88.23832 487.28633124199246 -57.201171804709205 502.9017743349418
88.44553 489.1375971831158 -57.13456223543004 505.36600675933244
88.65288 490.9778688738657 -57.078752485791966 507.7927413574844
88.86036 492.7875853070048 -57.03503229157906 510.1918138540929
89.17145 495.5083700179637 -56.972744736492814 513.7233105436667
89.37881 497.2805539996938 -56.93070838649284 516.024100339261
89.68991 499.87991766160013 -56.86859070558381 519.4123899570944
89.89739 501.5659325868453 -56.827889394816665 521.6271016153928
90.20849 504.09395185907414 -56.77972194422915 524.8637664101775
90.41597 505.7457547758362 -56.7344095707257 526.9124636345567
90.72694 508.1598846071767 -56.688029346563795 529.8761089634255
90.83078 508.9377031243241 -56.672180620337244 530.8177159033015
90.93429 509.7046096474743 -56.65209318381848 531.7341067121106
91.14162 511.194662864547 -56.6256364251813 533.5017545859076
91.2455 511.9116809419536 -56.60654203938813 534.3613682322967
91.4526 513.3379497074716 -56.59624993497249 536.0184166850967
91.65998 514.7256917719016 -56.58161700017328 537.6505181004117
91.86733 516.0412574489408 -56.56569654874283 539.2328177114975
92.07483 517.3044234409706 -56.53508519362511 540.7348678704479
92.28217 518.4705312515775 -56.526394958319955 542.1599679649345
92.48956 519.5595721044082 -56.51057695721414 543.5282407824457
92.6969 520.5944233266563 -56.50753730857714 544.8236552834273
92.90433 521.5588756726895 -56.510204754995314 546.0761722740594
93.11156 522.5270693790771 -56.50939202118927 547.2686120630598
93.31858 523.4366476641458 -56.52006974909155 548.4798686248339
93.52569 524.2649723621873 -56.527656283715174 549.7010694811029
93.73266 525.0050028497927 -56.5377381229263 550.9339832590313
93.93954 525.6244724138477 -56.54690107733209 552.2174603067108
94.14657 526.0839476936934 -56.55061547134026 553.5454048835444
94.35369 526.4183747632945 -56.54812826481197 554.9130172369557
94.56084 526.6484688428625 -56.549526358301236 556.3423407612299
94.76808 526.7356536318651 -56.535042116377696 557.8486913149741
94.97543 526.6711004117005 -56.512346925554525 559.4169663179466
95.18292 526.4701795228764 -56.46867635217428 561.0087411479052
95.39026 526.0960916172452 -56.43307192702703 562.6307225544265
95.59775 525.59102047168 -56.41724781715341 564.2746077879589
95.80535 524.9689194758994 -56.39064483375984 565.9272608300116
96.01296 524.1938247572948 -56.37523403456771 567.5983983187881
96.22082 523.3339407557992 -56.356124594909865 569.3194292769006
96.42879 522.4257588681362 -56.333711709112094 571.0955437947011
96.63677 521.4711092863853 -56.2896880360516 572.9165240376298
96.84463 520.4965807135596 -56.24479197151379 574.7994370702368
97.05236 519.4801428854267 -56.20427078726824 576.7239964038951
97.25984 518.459954485877 -56.15499698882239 578.6873683948662
97.57106 516.8659556497344 -56.09253248178804 581.7325774344573
97.77842 515.7755075742081 -56.03980497285856 583.8422128086048
98.08953 514.0850726262548 -55.94707048411217 587.1011980476613
98.29702 512.9255908985951 -55.873531279438986 589.3349111229712
98.50448 511.7388606911218 -55.79428464054562 591.6153467362577
98.71183 510.53381899317003 -55.72207820949984 593.931699833737
98.91931 509.30841135830576 -55.63873991615781 596.2574657580838
99.12667 508.0805111250993 -55.55413719897556 598.6184336082189
99.33402 506.82902381431836 -55.4581943999733 601.0185776867307
99.5415 505.6116255689343 -55.386449004630535 603.3832346755017
99.74886 504.37334790254295 -55.30947948246809 605.7654210202934
99.95622 503.1322021819974 -55.210008822447335 608.1899403392385
100.1637 501.87819502322156 -55.11639028136935 610.5815585982375
100.3711 500.6270253810865 -55.046691454396516 612.956008955081
100.5785 499.34507572597465 -54.99905736676089 615.3937304259265
100.7859 498.07939901815905 -54.926732892019984 617.8363525776813
100.9932 496.80602537463164 -54.84552491854808 620.233863644363
101.2006 495.5242559676373 -54.768418191595686 622.6570121420957
101.408 494.23540393437696 -54.69256578845658 625.0861053144315
101.6155 492.95275860664447 -54.617533492757296 627.5004622020851
101.823 491.69801536517525 -54.537844818974946 629.8595224917497
102.0301 490.4826893035816 -54.462380877291025 632.1420939814938
102.2374 489.2830489518127 -54.38414956142775 634.4033369283025
102.4449 488.1027882944521 -54.31089870799414 636.6348034845648
102.6522 486.9497698076759 -54.248130997882654 638.7984632409739
102.8597 485.8398087738313 -54.182847042026815 640.8863923198528
103.067 484.7753332531587 -54.121443065219424 642.8686937287491
103.378 483.28353516776383 -54.02996392286066 645.6684446243212
103.5854 482.3624599636718 -53.97649924230024 647.4060776396478
