0.0 -0.0 -0.0 -0.0
0.1044989 -0.005746349948388692 -0.021096233616408364 1.1007584617522232
0.2077935 -0.010925423421470676 -0.04229455762680829 2.202241480516186
0.415494 -0.008531103964543832 -0.08297898426567328 4.395594823617787
0.519644 -0.007214700002237957 -0.10107236110625221 5.499400604251483
0.8311796 0.008687200802249648 -0.1587151129402992 8.793162711967392
1.038877 0.013346509144886047 -0.2003796583156855 10.984646447818331
1.246636 0.005459299932958052 -0.23859495388102608 13.168317795514026
1.350553 -0.004049935618288428 -0.25650541707919056 14.267623534661672
1.558293 -0.02332394352902954 -0.2957654028488628 16.451294797509124
2.285652 -0.0824209733442555 -0.43021157325098053 24.093700647988694
2.493488 -0.10576754985461044 -0.4678623707048349 26.260680696956264
2.701441 -0.13554032258461443 -0.5045060200459502 28.431836030459216
3.32499 -0.23664397632339115 -0.6257713326753134 34.94937456353882
3.533061 -0.2776886933711814 -0.6606423967354493 37.12214381161874
3.74087 -0.3104169634580958 -0.6957079292748456 39.31512314061444
3.948871 -0.34419135408653645 -0.728499503783997 41.50326589704489
4.156747 -0.37995879082468154 -0.7465709571820699 43.68561501178974
4.364619 -0.3826415406657984 -0.7557023645404255 45.88122984416284
4.572617 -0.4015833739939062 -0.7643864179230695 48.07470078680578
4.780371 -0.4133768386538331 -0.7817614230135523 50.26586035573525
4.988118 -0.4382693007761266 -0.8023908100952603 52.4616117242433
5.195994 -0.4677812273124197 -0.8270098577410232 54.66550780054081
5.403745 -0.4892314423699123 -0.8600664408210326 56.84325559722857
5.819513 -0.554118057963268 -0.8799453270559432 61.18634092327618
6.027387 -0.597996001860891 -0.8981795697134245 63.34085809140077
6.235244 -0.6333665607909996 -0.9153729665965279 65.51715503488917
6.44312 -0.658093353033951 -0.9358219178767319 67.688664209856
6.651123 -0.6704373026724616 -0.9537416041974276 69.82944969554718
6.859122 -0.6785217149467611 -0.9779733317300863 71.96970477567642
7.06712 -0.6683577532811465 -1.00773905326353 74.12303578144042
7.483122 -0.5961926045881634 -1.0835169594369145 78.33414705421912
7.691125 -0.5391339926583139 -1.1248936939097736 80.43964645093102
7.899123 -0.4641749453946864 -1.164549802802061 82.53871723280444
8.107122 -0.36203351451100785 -1.2088714824648412 84.66490957163043
8.315124 -0.2649498438252085 -1.2401957351658617 86.76401406993648
9.147125 0.17524273106932942 -1.4023547967573764 95.28643526993217
9.355001 0.27561713541973276 -1.442265124523868 97.4622794928971
9.562998 0.3604330353333256 -1.4827877452632443 99.65317400630656
10.39463 0.5206077474988836 -1.627788444291511 108.44720455451333
10.60263 0.5118526443005502 -1.670416049236062 110.66897951679475
10.81075 0.5068334594525911 -1.7122071032470076 112.9064108176359
11.22675 0.47543016133786625 -1.7678279536420565 117.40991432116412
11.43462 0.45904931873128035 -1.7930148254134979 119.67098809160288
11.64263 0.4526465809820803 -1.8182313372325183 121.94693399030068
11.85063 0.44112338753555197 -1.8373758439308265 124.228408512108
12.47437 0.40818192267913983 -1.8956233765139041 131.14736184607065
12.68225 0.39247953259974444 -1.9228535586434008 133.45771010302738
12.89025 0.38692367611711237 -1.9619954863672089 135.7485576334407
13.09813 0.3777618957005473 -2.015214952052657 138.0492418791773
13.306 0.36557998891443433 -2.0736236487204702 140.34890471235784
13.92975 0.3295019032062813 -2.204512109539829 147.2106492298238
14.13775 0.3037928886316139 -2.2479604191907434 149.5030197633308
14.34563 0.2792972109902011 -2.294895208465373 151.77857023166155
14.55363 0.24369629189160058 -2.3481174737076764 154.06436718499737
14.76151 0.20648015640344664 -2.395225960871466 156.3400961812131
14.96938 0.17324786020652305 -2.4427959422599583 158.6165474948795
15.17725 0.13568934073245642 -2.492324327202552 160.89369208694038
15.38513 0.0953536912347841 -2.539292512303597 163.16970325941858
15.59313 0.06001811764730136 -2.5898611072431152 165.44864549036413
15.80101 0.021725573604987725 -2.6373332764124298 167.71980495203712
16.42488 -0.10125715355417575 -2.7721159750485294 174.43017827701718
16.63288 -0.1350424201224909 -2.8141400163077375 176.6629992368214
16.84076 -0.15879904712383563 -2.864090087056314 178.85985654213715
17.46476 -0.20189302298256956 -2.9974491927096856 185.40300590118682
17.67276 -0.20522888291911934 -3.0421382423281695 187.5273280628862
17.88063 -0.20819418507750787 -3.084818399683592 189.60860763668072
18.08863 -0.215080985691956 -3.1294834001320573 191.6429105114664
18.92051 -0.2592010649266434 -3.2888138462447047 199.25519294945684
19.12863 -0.2897794580193751 -3.3220370722213666 201.0132519081562
19.33651 -0.327568485144603 -3.3574459078111203 202.69787177025484
19.54464 -0.375577845700108 -3.38984921828969 204.29671062791948
19.75263 -0.4312060102161128 -3.4248933207800056 205.8192798133914
19.96078 -0.49274617125944875 -3.4574128297311875 207.27139220721025
20.37701 -0.592990885886123 -3.508163872422897 210.00237536685697
20.58526 -0.634679316638338 -3.537744811619861 211.32091902091838
20.79338 -0.6743703883564036 -3.5628831485420402 212.62486751417222
21.41776 -0.7612811621522071 -3.6465814711700464 216.45535373363123
21.62601 -0.7775167639500281 -3.6764028201308925 217.7092321926405
21.83414 -0.7866319061422884 -3.7021597275215097 218.95708619770443
22.04226 -0.790766445967108 -3.7272891192834186 220.2174480732183
22.25051 -0.7822739715111315 -3.751405479662902 221.49721396649278
22.45866 -0.7693505174636446 -3.7747775102404573 222.7829836533769
22.66676 -0.7571998469261332 -3.7998984000077094 224.0861631561981
23.49901 -0.6763801423145184 -3.9320263226810743 229.51765316448703
23.70716 -0.6581497856463052 -3.9585607989920018 230.92403711071768
23.91526 -0.6363927636651994 -3.982483528898925 232.3561568012324
24.12328 -0.6056817151598111 -4.015879072707947 233.8258147629559
24.33139 -0.5510777514860727 -4.050561878937865 235.32758296659338
24.74764 -0.44911346238025374 -4.119289804223863 238.32295048940932
24.95576 -0.3787431123223257 -4.163854579892532 239.84047400805147
25.16376 -0.2958853158029324 -4.19729951907862 241.36085172280622
25.37177 -0.19092412917089163 -4.231216371336155 242.88467269426312
25.57977 -0.0888400338385793 -4.257474756254397 244.41294480718116
25.99552 0.10279284979346315 -4.330203959151055 247.49063452437994
26.20351 0.20034140885521268 -4.364616333485555 249.02619791104433
26.41139 0.27253065616025474 -4.404601049960295 250.5460559699253
26.61926 0.3477513911166117 -4.436505216208594 252.06405005005826
26.82714 0.413938450386123 -4.475209969651639 253.57111627844455
27.03514 0.4709469968132236 -4.507099663906162 255.05451471867556
27.24326 0.5074136553373849 -4.53246798996403 256.5014656431723
27.45139 0.5299067817920262 -4.551077947443099 257.8883698373498
28.28327 0.47060182704102616 -4.681749631874746 262.70095803453114
28.4909 0.3753989999531555 -4.715797928356837 263.76287956060406
28.69852 0.23765435826098624 -4.744968148982535 264.7658243169921
29.52839 -0.8388218009917665 -4.815117603962099 268.1808657654361
29.73577 -1.2775548285369211 -4.829820222416304 268.9169819614269
29.94328 -1.7986843379936062 -4.837384037703604 269.585444054046
30.15089 -2.3763237018021073 -4.824200305824782 270.1893003038774
31.39627 -6.962453421115097 -4.785200754221668 271.9118627785613
31.50016 -7.429683774157683 -4.7683713123955 271.879106071535
31.70781 -8.395654831239007 -4.727406672105815 271.73304878891764
32.64377 -13.164014714392422 -4.415714050187186 269.0639275326489
32.85215 -14.283184166014621 -4.3214301685653425 267.9977331248746
32.9564 -14.84128269634553 -4.263991026546568 267.39310499837785
33.79002 -18.82793797699236 -3.882768863900031 260.58831812085924
33.89415 -19.22692170852079 -3.8462852074511513 259.51364229673425
33.99828 -19.60226542294177 -3.806578665850049 258.38731607481765
34.83166 -21.262906976063753 -3.4978932142325347 247.6425936439503
34.93578 -21.293043195395864 -3.4686048491418355 246.10748809961342
35.04002 -21.280279452507276 -3.4489750146416798 244.5407391372063
35.87418 -20.19337964121125 -3.284556350962456 230.73946123170757
36.08252 -19.86484590627763 -3.236652535263967 227.0000434068274
36.18665 -19.719801154600113 -3.2139644713977398 225.11133212360966
36.49915 -19.343206477989007 -3.155777181626556 219.3559164370164
36.70728 -19.144960577247943 -3.1071280535194385 215.5278708834591
36.81128 -19.065989072142624 -3.075546276624688 213.60682466486344
37.9544 -18.17773090045803 -2.5156348501208567 192.39501295451126
38.16202 -18.18519889346972 -2.478919710499313 188.47007514344145
38.26578 -18.203332929054685 -2.441283020519772 186.50488154145964
38.47328 -18.238499498796052 -2.4019933017529493 182.5637269798283
38.68078 -18.271342879686618 -2.340718462881518 178.5991339413061
39.0959 -18.460180468155357 -2.153087658130369 170.7169185595866
39.19965 -18.515561833588357 -2.105453889682739 168.7261032591114
39.3034 -18.634820224018355 -2.017896434548664 166.69962027852847
39.40727 -18.77633416546074 -1.9172556090780801 164.6712192368219
39.51103 -18.74755979461558 -1.8781932930808314 162.75962624322392
39.61478 -18.771710641070207 -1.8053488410174692 160.80651168171835
39.71853 -18.82633795852666 -1.7365278732511358 158.8663473533158
39.82215 -18.86829451614473 -1.7347043122530454 157.01133680578758
39.9259 -19.005590813922566 -1.7537061033360997 155.20962928359356
40.75578 -20.21736008528301 -1.9595207140025712 143.86436011916211
40.85953 -20.322729459740067 -2.006602761450004 142.76473253105885
40.9633 -20.433873313708553 -2.040419253167201 141.61991181515162
41.1708 -20.705237330447638 -2.1215659867717713 139.32570056271194
41.58591 -21.13632302350701 -2.2101794790705487 135.48626334516277
41.68967 -21.204251353871264 -2.2453894224425124 134.65484071401983
41.79353 -21.2792916086171 -2.2901899725991726 133.82574913320028
41.89728 -21.362475476935476 -2.3482363479785153 133.01378906271498
42.00103 -21.43713255192467 -2.4095125689037875 132.21575781901305
42.10478 -21.531738483654024 -2.4685824511404793 131.40534517308143
42.31228 -21.703328615348823 -2.6402547085046155 129.56453061636492
42.5199 -21.952760482599547 -2.910327163045821 128.32046069400582
42.62366 -22.09269455793431 -2.928238311979211 127.70367893232799
42.7274 -22.241186185911126 -2.945342733736652 127.08791954948393
43.14241 -22.707330377761323 -3.1129465408073465 125.00118789113573
43.24616 -22.811459807153614 -3.1568768417548636 124.54450390719963
43.34991 -22.916070770987645 -3.205973049535297 124.10212811110459
43.45369 -23.01759151943654 -3.2483001783951995 123.70282442016051
43.5574 -23.120364448804885 -3.2979078262983226 123.29582098704324
43.76479 -23.30644050111055 -3.4041272965416187 122.55779521312361
43.86853 -23.384064465538824 -3.4454989350867233 122.20374127941679
43.97229 -23.431860230762855 -3.5069038572961055 121.91558816470261
45.21741 -23.728483007133978 -3.751216959080665 120.68629922922169
45.42503 -23.75783300470574 -3.7764275818879156 120.53981768308489
45.63278 -23.785835451660446 -3.8003710741477654 120.39917677082248
46.7763 -23.924819875050495 -3.9227269351571827 119.70402710736322
47.71241 -24.031429436884395 -4.018712804697575 119.18169049098327
47.92041 -24.055063542518447 -4.040552170433184 119.06618031097901
48.33641 -24.103533120363693 -4.086094168708421 118.82266708838218
49.68854 -24.269151413031956 -4.256553175859075 117.88538697037468
49.89654 -24.29398701917483 -4.287507421187648 117.71961433781107
50.10455 -24.31798274975683 -4.320226373656933 117.54828758976275
50.31254 -24.341917720938 -4.356016219461399 117.37003571684541
50.72866 -24.3911677913745 -4.431352090286044 116.99586126409187
51.14479 -24.44449891914094 -4.508600251610488 116.59766734553122
51.35279 -24.47242416443649 -4.549426139349652 116.39110277022455
51.56079 -24.502029908058653 -4.591396674269454 116.1795563854145
51.76879 -24.532758918759512 -4.633799728559872 115.9616402896903
52.18466 -24.599900447343447 -4.721116442620691 115.51463350335949
52.39267 -24.637255282228278 -4.766655284563214 115.2811187001353
52.60067 -24.67621250001539 -4.811393274203695 115.04367253876464
52.80854 -24.71711196548896 -4.856522952278922 114.8020466198131
53.22416 -24.804241730081117 -4.948934210403678 114.30098506375366
53.43191 -24.848772341612335 -4.995864324060765 114.04794083064806
53.63967 -24.893556533040442 -5.041063539787601 113.79842545877533
54.05492 -24.98624093297384 -5.131965906191326 113.2975995379876
54.26254 -25.03251148970162 -5.17773857135095 113.04731939822747
54.47016 -25.077480196895895 -5.222566557834195 112.79812528585725
54.88529 -25.16730127795643 -5.3133059097462905 112.3004039750019
55.09292 -25.213064576202683 -5.359402701177807 112.0528516341741
55.30054 -25.25735757468362 -5.403894449991313 111.80460590407641
55.81954 -25.369344629896702 -5.518091937622273 111.19037942673546
56.02717 -25.41336689896231 -5.563408451636327 110.94366002634341
56.23467 -25.459361054038034 -5.608154285832985 110.70285090025436
56.44229 -25.504823731503325 -5.654159231653562 110.45839120972867
56.64981 -25.548922678543388 -5.6988156816736435 110.21683516873588
57.06479 -25.637597182224383 -5.786569995096102 109.73769626072317
57.2723 -25.681395798170378 -5.830353486199197 109.49976122210518
57.47992 -25.724505709520677 -5.8741116795948045 109.26407062795482
57.68742 -25.767071492407815 -5.918515472021227 109.03071994964304
57.89492 -25.81135803470476 -5.961512575251582 108.79667566115552
58.31004 -25.89849335340229 -6.045117787918153 108.33097765491657
58.72519 -25.984372453473313 -6.130500696664795 107.86221379862062
58.93282 -26.02773428832716 -6.173019444587567 107.62636344987673
59.14042 -26.072015205790716 -6.2164543699238735 107.38944626805714
59.34804 -26.11644882846772 -6.261514829022227 107.15087041207265
59.76318 -26.206331381006933 -6.349750991187264 106.67068259909351
60.17832 -26.299339930412735 -6.440495014094335 106.18075506212182
60.38592 -26.34563193648359 -6.487100259450983 105.93577325130265
60.59342 -26.391459917839978 -6.5335460433475525 105.68900686898645
60.80105 -26.437618155581315 -6.580268808295786 105.44093878871566
61.00855 -26.48319854830096 -6.626825083465047 105.19498517938234
61.8388 -26.6638729991355 -6.811413724161085 104.21202634117975
62.04642 -26.70902357580711 -6.859042762532059 103.96830794505505
62.25392 -26.75262255526981 -6.906712553178959 103.72366760878121
62.46155 -26.79636346334073 -6.95403706166902 103.48053119321628
62.66905 -26.84023729521596 -7.000980958076601 103.2370598220733
63.29193 -26.978908634508308 -7.142810285700861 102.50482887221014
63.70717 -27.07225650922549 -7.235835227159402 102.01874105182414
63.9148 -27.119203988327367 -7.282347793939655 101.7768935160243
64.12242 -27.165122329045662 -7.329637922382291 101.53643042018291
64.33005 -27.20943273733949 -7.375404653751481 101.2963248574352
64.53757 -27.25382412560714 -7.422645423769328 101.05940737171557
64.7453 -27.2974887806035 -7.46951094383717 100.82315757228504
65.36805 -27.429748780107836 -7.601191306140516 100.12015304923779
65.57568 -27.4743076245576 -7.645222591703561 99.88724331180742
65.78318 -27.51869790641825 -7.6897937666786 99.6585062310833
66.1983 -27.606712300559668 -7.774709708723433 99.20273764725069
66.40595 -27.653689440464667 -7.818401098422202 98.97477223153616
67.02868 -27.784738653827848 -7.944441688731249 98.30175531630418
67.2363 -27.828816371771644 -7.985959033599954 98.0815778584461
67.44382 -27.872881127571283 -8.027852234405978 97.86175703476104
67.65155 -27.91527427736287 -8.068586345326832 97.6414987744691
67.85906 -27.958008076284443 -8.109346367587952 97.42678058807145
68.27443 -28.0417664327117 -8.189214007569515 97.00831783066101
68.48205 -28.083066968778425 -8.227111636318929 96.8028949310424
68.68968 -28.12465458236386 -8.26492971706445 96.59971847961903
69.72844 -28.313829635299754 -8.432864802205733 95.69227667541406
69.93632 -28.345563837131508 -8.461746309802928 95.53903242327118
70.14393 -28.373940586419522 -8.489323408609996 95.39527708629714
72.00981 -28.223214277212982 -8.751338627886266 94.55234442658559
72.21745 -28.15815581026211 -8.786903764272399 94.49812919408983
72.42518 -28.082432167313186 -8.822306810645838 94.45665379574788
73.04881 -27.810923246544313 -8.92326775772372 94.40258858540287
73.25669 -27.705691900545002 -8.95692282267936 94.41019887994368
73.46456 -27.597368048594596 -8.983741907272915 94.43514822784958
74.19256 -27.19489402139855 -9.039437563112193 94.66276140440485
74.50481 -27.022931917712157 -9.042778002218231 94.83712118694777
74.81693 -26.872240645865098 -9.03000925222798 95.06301993642526
74.92108 -26.829278787269594 -9.021388474684706 95.14903236372314
75.0252 -26.788415153539777 -9.01108251460743 95.23994272404019
75.44256 -26.64689766762767 -8.950732278189248 95.65210682457015
75.54693 -26.6164701148343 -8.931482641379098 95.76495927498546
75.65131 -26.58863291578466 -8.910771651529577 95.8812667958666
76.17371 -26.45835319209985 -8.791593651975028 96.52616805922091
76.38246 -26.40167386232047 -8.739772112512298 96.80744323850752
76.59106 -26.34287086974717 -8.685374180425313 97.10061109819965
77.21594 -26.164851800940614 -8.505285233344935 98.04300559990664
77.63219 -26.040207163984007 -8.376664044279298 98.7207593262694
77.84019 -25.974873103101586 -8.31257338053977 99.07031826957079
78.04806 -25.907192847967572 -8.24635908597213 99.431221200158
78.46369 -25.766518951989365 -8.11457317143999 100.17592712552516
78.67132 -25.695317301795424 -8.046506734965849 100.56020248902752
78.87906 -25.625750905242473 -7.976085147166966 100.95528715397735
79.5022 -25.413398488389014 -7.755587743127432 102.18000338805595
79.70994 -25.338869055391843 -7.6774681178640165 102.60782550655912
79.91756 -25.26244589096504 -7.595225892194936 103.04316350344963
80.12519 -25.185950355751245 -7.5116696594922026 103.47709937429646
80.54044 -25.029537741068342 -7.346308655791049 104.34221441653638
80.7481 -24.952077111913024 -7.262524155333626 104.77305574331146
80.9557 -24.871056375830108 -7.180456457847818 105.20357180114446
81.3707 -24.71001402344503 -7.016958095073843 106.0692475790179
81.57833 -24.632853254713226 -6.93395329654243 106.49700555396008
81.78594 -24.555950327686432 -6.852803135723722 106.92682185625425
81.99344 -24.47969398576874 -6.771708359987496 107.35329793488052
82.20107 -24.402843262514914 -6.690554972069904 107.77912579902049
82.40857 -24.326268947812288 -6.61014809729668 108.2048020889181
82.82382 -24.177144007328007 -6.445128405696263 109.05250161622294
83.03144 -24.105602165648325 -6.361312821185518 109.47153038380047
83.23894 -24.033131904560168 -6.282050752547708 109.891612730986
83.44657 -23.958977064159544 -6.200697701192176 110.3149862272145
83.86207 -23.81240292084578 -6.039969892614295 111.15528482199409
84.27769 -23.66321094313672 -5.881417982610646 111.9881378735961
84.48544 -23.58514996943393 -5.801672195911532 112.4032579008833
84.6932 -23.507662578920943 -5.725486140959916 112.8127699627041
85.52396 -23.20963604663007 -5.437328469829396 114.43725400096967
85.73159 -23.13156563910186 -5.3656248357776235 114.83753666979669
85.93907 -23.056673563859142 -5.294236204474075 115.23651081264993
86.14669 -22.984502042052416 -5.22361920220758 115.63441234763503
86.35421 -22.911063782085574 -5.153585171499685 116.0272641122542
86.56182 -22.839335241630142 -5.081916745360676 116.42497892911764
86.76945 -22.766618970509757 -5.010908515364626 116.81983827113103
86.97695 -22.69581327258808 -4.941645592759823 117.21570513187608
87.18457 -22.624253032488514 -4.87253902909784 117.60795951137914
87.59969 -22.48002179223717 -4.730192456950011 118.39372457586471
87.80732 -22.40908597792472 -4.659283673352981 118.78903826694815
88.01495 -22.33947176677001 -4.588843236274098 119.18113104764959
88.22259 -22.268753992851995 -4.518561325133469 119.57440401306694
88.84545 -22.055441325389324 -4.3063701423231 120.74058535886508
89.05295 -21.986587173605702 -4.2365421152712734 121.12451994124592
89.26059 -21.91937913645184 -4.168329365828683 121.50628357618764
89.67557 -21.784868547103915 -4.03124977580622 122.26273200940085
89.8832 -21.716132738897628 -3.96291452407549 122.63947215788593
90.0907 -21.64988352626758 -3.8950516980101177 123.01345638978657
90.29833 -21.583322504133193 -3.8248583618816134 123.38719294639421
90.50595 -21.519659632662545 -3.7537695824518806 123.75651361748824
90.71357 -21.45333822939321 -3.6821987294921428 124.12406686347802
91.1287 -21.328244455547054 -3.542005701306696 124.85990041755593
91.33622 -21.267104316424216 -3.4721760244724464 125.2249026582895
91.5437 -21.207210374372586 -3.4029426678497714 125.58452221878649
91.75121 -21.146527030893346 -3.332762778443911 125.94338446202651
92.16632 -21.03008542464743 -3.1950586226522795 126.65913631465408
92.37383 -20.97123583233431 -3.125252382469128 127.01570482942995
92.58132 -20.911913702044863 -3.0573244570449063 127.3690717291594
92.78883 -20.85242503936761 -2.9914980073354265 127.71284001941167
92.99632 -20.793409101286223 -2.929559686245952 128.04795982253012
93.20395 -20.734805455038263 -2.8690864009159824 128.37087616318985
93.6192 -20.61231993558925 -2.7589629910145703 129.0055778605398
93.82683 -20.54974796686917 -2.703051608517235 129.32224090272553
94.03458 -20.487900793662586 -2.64746487870611 129.6345361958885
94.24233 -20.424709039534296 -2.593200428333237 129.94436554767796
94.45009 -20.364409742813677 -2.538003987203833 130.25096369554186
95.0732 -20.19742606403486 -2.3753231204564607 131.16838769991747
95.48858 -20.103456817898742 -2.2586525779131357 131.79331015979443
95.69633 -20.06096337265681 -2.196298688962404 132.1104688395083
96.73683 -19.775148882686917 -1.8965042595399169 133.74219499046194
96.94485 -19.698396321924697 -1.8404101512301594 134.0786726301776
97.15272 -19.616784928639145 -1.7846731599241714 134.41893853668148
97.56833 -19.442033057338723 -1.6721438006189473 135.11373505750947
97.77608 -19.349852288109926 -1.6128801746669694 135.46906332031062
97.98358 -19.25691623897788 -1.553396056039162 135.83045439247863
98.19108 -19.164992156427342 -1.4915592071475423 136.1986166655665
98.6062 -18.99597299431799 -1.3580442254588405 136.95057469457618
98.81383 -18.916674450113756 -1.2890031076329933 137.3375367106914
99.02133 -18.839371244891975 -1.2166539817480562 137.7311808838592
99.22896 -18.765410025764048 -1.144704610350903 138.12899433044944
100.0592 -18.47566043865537 -0.8551003612016181 139.76863713507436
100.2668 -18.408186958374134 -0.7810209713110616 140.17900975816355
100.4744 -18.34029432660888 -0.7069621434721007 140.58967001266777
100.682 -18.273588767613752 -0.6338995144872506 140.99916610262653
100.8896 -18.206912475637235 -0.5608187108179976 141.40955062370827
101.0972 -18.139845155504165 -0.4872284530622224 141.8151018366567
101.3047 -18.072615165570188 -0.41496571345647837 142.21876065008874
101.5123 -18.003292498968424 -0.3436339413597622 142.62227457482317
101.7198 -17.929651419475856 -0.2714618235436035 143.0305621013643
102.1348 -17.783825545891805 -0.1270205804748734 143.83780444956065
102.3425 -17.70956844989663 -0.057035827024900954 144.23726708476352
102.55 -17.636630224758818 0.012608257070912288 144.63344915145092
102.7576 -17.563306499307316 0.08300254430270826 145.02843949573582
102.9651 -17.492579368360655 0.15279157215686467 145.41825204611035
103.1726 -17.420009941129912 0.22216437721588278 145.8106792269936
103.3802 -17.34897255967017 0.29005542698284614 146.1977037168776
103.5877 -17.277837480974547 0.3579663074354791 146.58390652946224
103.7954 -17.205612802539164 0.4238294194070171 146.96716888787128
