0.0 -0.0 -0.0 -0.0
0.1037595 0.08251255901776934 -0.034947850193160504 1.871144265025979
0.2075901 0.2376710354675098 -0.07938624392535545 3.7191700429011236
0.415086 0.810665528123671 -0.15142407775107092 7.433858581632218
0.5188692 1.227033348403447 -0.20717389167090539 9.238405756469778
0.6226876 1.73900600095175 -0.2737190871187111 11.015889488968737
0.7264318 2.3239188132433437 -0.3145238889032892 12.810080675340757
0.8301706 2.995849760093832 -0.3721187759034922 14.543956023110374
0.9339528 3.7413295947469165 -0.43425875057251373 16.226742863150537
1.037695 4.5554124541500185 -0.5047506059812639 17.89224001103978
1.141483 5.456095993490884 -0.5610187882413638 19.56237936836145
1.245136 6.430636826392736 -0.6327147941813263 21.15818669069104
1.348871 7.476666061768053 -0.6984766860378032 22.67580147488637
1.452734 8.63316453044579 -0.7540586018200407 24.202308352385725
1.556375 9.797753689199642 -0.818871288879053 25.62320831302069
1.660095 11.075105136039507 -0.8851022794490967 27.016499683645804
1.867714 13.796705892429229 -0.9801858580304628 29.614704582498476
2.074937 16.75541987197282 -1.0808552338789554 31.964109162288537
2.282428 19.92673556198275 -1.240457866665579 34.02624443063307
2.489649 23.395174930322774 -1.34150477261593 35.85392474474804
2.697006 27.008484676411165 -1.4465225372299475 37.36973858054388
2.904387 30.901490689771933 -1.4929636216446895 38.69920519501569
3.111717 34.93041596033953 -1.549550876249607 39.7232030834158
3.422811 41.19382585820342 -1.661650573467119 40.88271581232571
3.733924 47.774244217293095 -1.73690477092188 41.451020505676304
4.355974 61.84037959748382 -1.7434972878201553 41.199953373632106
4.770559 71.60113905923312 -1.706385738233596 40.34826220123331
4.977967 76.67062366316954 -1.680695198859135 39.76113816588635
5.392622 87.42768637437665 -1.6671736617508033 38.29865152887222
5.600026 93.05231048853112 -1.6611579005626091 37.49247696082638
5.80734 98.92993196807899 -1.6436797091012372 36.632879919661164
5.910955 101.86186696675021 -1.6362929813273235 36.22130144513133
6.118447 107.94316360223935 -1.6061330421783149 35.294275419988445
6.221927 110.93628466364592 -1.5886508825226504 34.87484461412243
6.42928 117.24800102732418 -1.5852467715377991 33.96863437214995
6.636673 123.72292746265254 -1.5820408242958006 32.98015910305735
6.844097 130.3688538818736 -1.582530266684784 32.03344205774998
7.051471 137.07494952254763 -1.5526400672425287 31.059229049196254
7.258923 143.87294533192576 -1.5435762450488022 30.129750580337635
7.46621 150.8249509592033 -1.526655777647193 29.154115437143737
7.673572 157.90913423493402 -1.5331095736699245 28.182337091581644
7.881024 165.2069157967362 -1.4571641484460158 27.065869706893317
8.0884 172.44856952568756 -1.4562806843678413 26.1046504966944
8.295863 179.79205563555456 -1.5309985426220623 25.080229002571485
8.503235 187.38248987744427 -1.475104384617833 23.92423094658252
8.710698 194.8255685884768 -1.5955167231282386 22.99973120750978
8.918107 202.64615159472103 -1.5417886072894738 21.831778924591227
9.125548 210.38130984451794 -1.5531049116193232 20.65122159816412
9.332783 218.2445511464932 -1.5199986239141414 19.195197586934974
9.540126 226.32826024876192 -1.5880071610549167 17.660758318369815
9.747566 234.311075620985 -1.5622792232319613 16.109406050558498
9.851216 238.40115875377361 -1.588833075687014 15.286580540619312
10.05845 246.39429424738617 -1.5979437546667794 13.529198181483864
10.16227 250.40018872104403 -1.5982478157052589 12.693536589217452
10.36954 258.6687695713884 -1.4750933725851885 10.654647427722246
10.47333 262.6830478635949 -1.3410876325147585 9.448118117054008
10.78449 273.5528848386198 -1.7081755054769547 4.630396271159682
10.88838 276.9273653857947 -1.6582782822806599 2.9580324988031563
10.9921 280.67801560005444 -1.7171945075609336 1.4757003584279857
11.09628 284.476420388714 -1.7928808427188447 0.14735323604952555
11.30336 292.26320938407 -1.7625906829212796 -1.520600792609578
11.40708 296.0605639935365 -1.5392754274480949 -2.4844206606449575
11.51057 298.4520190195376 -1.6368753221826955 -3.604887266342331
11.71802 303.36208824319743 -1.5511438244738927 -5.58790322560283
11.82143 304.7704849448437 -1.4975638255960901 -5.872903751539599
12.02865 307.2722539254474 -1.397812448355445 -6.276375659872286
12.13214 308.3003783383508 -1.4014772447901909 -6.3895831212885525
12.23595 309.3703558084091 -1.4034676243378572 -6.506049784767672
12.33962 310.4372270363511 -1.4328465058246163 -6.606278060854436
12.44323 311.48388768076853 -1.4232056395317512 -6.718853948619387
12.54685 312.5616447887204 -1.4423116101899083 -6.854258442150719
12.65059 313.567858263263 -1.4624320310182009 -6.9407781005738265
12.85782 315.73765850924434 -1.51753830304648 -7.179454209521744
13.06505 317.8740636388181 -1.5444996080420321 -7.421277413324258
13.27241 320.02806372135063 -1.5722813447246122 -7.680033240654488
13.47977 322.18768625855387 -1.67368776252474 -7.905006105442581
13.687 324.50415967999476 -1.749424554237192 -8.148352647764654
13.89444 326.79838183209927 -1.8087806120407786 -8.385210166871378
14.1018 329.0568221432238 -1.7971310868368535 -8.535671987099292
14.3092 331.2678399282224 -1.8720630784011458 -8.842616930617037
14.51654 333.3560032611873 -1.8081288100722661 -9.164906039842712
14.72368 335.3458569342432 -1.7045324992815747 -9.842885099450918
14.93163 337.47360030275297 -1.6234038540163542 -10.147004037749422
15.03485 338.5265324908326 -1.4964812807308903 -10.282464584804062
15.13855 339.608083522348 -1.4717048980719092 -10.448632605643454
15.24218 340.7063305207167 -1.4269276838078042 -10.455265746789657
15.34573 341.6497966584439 -1.5120318392448517 -10.595735990365798
15.4495 342.55695658979255 -1.5679734419822964 -10.669694557907668
15.65668 343.6133563210537 -1.7497196493936542 -10.638369676509342
15.76042 344.14574554687397 -1.839622117023488 -10.596624479199196
15.86404 344.6242893476606 -1.8896257679597497 -10.540926531007532
15.96778 345.1210721685796 -1.9957007281817738 -10.50778505058146
16.38237 347.05531493803426 -2.495584055413488 -10.372693170964356
16.48621 347.538221640169 -2.5995817011707203 -10.318333823177651
16.58973 348.0222499588 -2.6959877082699073 -10.267858297281833
16.79696 348.97766165320047 -2.9109209918965817 -10.141690009893786
16.90069 349.48562126184135 -3.021413320513009 -10.061876592072782
17.00432 349.96761887397906 -3.117253831985142 -9.9782016344016
17.10793 350.47377551144837 -3.222202896974583 -9.87933632961719
17.31533 351.4581404282129 -3.4400193510101005 -9.657836209077836
17.52274 352.4429946490191 -3.6652143994143653 -9.391339177065401
17.73002 353.50399103776766 -3.92436854016478 -8.99725211951657
17.93782 354.8409199319249 -4.216832690656341 -8.661696835806648
18.14461 357.4813557658122 -4.371105609665772 -9.297945125504754
18.35182 358.9610085093002 -4.729140442486788 -8.839320565229102
18.45567 359.6859581042706 -4.9035905919228195 -8.600878459692105
18.55914 360.8663168996556 -5.02970742830248 -8.61925225577992
18.76628 363.69221696276475 -4.983859985575666 -8.994090399826547
18.86992 365.3568599506301 -4.954481666690448 -9.327605835893934
19.28453 367.05239635199496 -5.026983615781482 -8.530416109824074
19.49184 367.9648470127374 -5.041282532578693 -8.362714626596237
19.69907 369.1222540426154 -5.089029932244497 -8.210818436898705
19.90642 370.15213804510404 -5.157386123765302 -8.068930603460025
20.11365 371.16694022591753 -5.198467123627657 -7.911066551823943
20.21727 371.6767156812017 -5.225025713427218 -7.8425402395785895
20.52812 373.20413230206793 -5.3022569573932445 -7.635913604071952
20.63173 373.71688977491107 -5.334707250736532 -7.5678830456954245
20.83896 374.75407245935406 -5.3660512179444675 -7.420984544748798
20.94258 375.2556691295973 -5.3746771626992915 -7.351897416000725
21.14994 376.26436128671696 -5.409178555591583 -7.218078023128065
21.25355 376.77113618162105 -5.419481079559802 -7.154041387831512
21.35717 377.2622501322159 -5.435661445520954 -7.097938899703138
21.46082 377.7583163617335 -5.451463585789029 -7.041993823750936
21.56462 378.2880973996085 -5.463838402147562 -6.985666333653988
21.66814 378.8071800888545 -5.480187865037953 -6.92941298680627
21.77179 379.31261007076597 -5.485036912191052 -6.88171051728682
21.87536 379.81182804637444 -5.496991032120823 -6.8373328923808145
22.08265 380.8191245432687 -5.516219363462808 -6.734690652328588
22.18621 381.3132648482547 -5.527097513085316 -6.695333929755044
22.29025 381.82921559879986 -5.5280920686984105 -6.650440414032101
22.39357 382.3031965695191 -5.542838935577907 -6.608532187417524
22.49725 382.790352630759 -5.557500175592625 -6.5694033273569445
22.60085 383.27006749182624 -5.570203057526877 -6.533322910680155
22.70444 383.75579056527926 -5.582162142336976 -6.496219263481372
22.8081 384.2407660877885 -5.588721561368008 -6.4612555350911975
22.91177 384.7209839840413 -5.595045773723635 -6.423381064786746
23.01539 385.1989850415543 -5.597910113490343 -6.386979491233419
23.11901 385.6836191972401 -5.604430915469758 -6.3523358107874905
23.32637 386.6698800288626 -5.622193230308594 -6.29522811520129
23.43007 387.1637163463952 -5.625636452628429 -6.268133432605065
23.53371 387.6676295123301 -5.633223596925589 -6.240695895941386
23.63732 388.17082120464204 -5.637733324155555 -6.219789638285469
23.74108 388.6842380937277 -5.640859037753502 -6.203039985490133
24.15565 390.6124518894127 -5.658916634120175 -6.132059069091126
24.25939 391.0882450056216 -5.6593537928390285 -6.119499688618717
24.363 391.55221420483355 -5.659213060404115 -6.103964769288513
24.46662 392.07208769172956 -5.658941623070925 -6.084144280513893
24.67387 393.0393958132692 -5.673032866950567 -6.047234040877008
24.77759 393.5344924012541 -5.674434835471405 -6.04194794124891
24.88121 394.02534400423116 -5.679651448573275 -6.027726662225431
24.98488 394.50934017879774 -5.685021237421804 -6.012732153300305
25.08832 395.0055388650347 -5.690264474307037 -6.003985175982269
25.19195 395.4796470707436 -5.69241330038089 -5.9896317259093586
25.29556 395.94112175350404 -5.689255612913405 -5.989317145347611
25.39916 396.4104471297544 -5.686612482361662 -5.975707037699751
25.50278 396.91040837516846 -5.685872589378662 -5.959162038556967
25.60639 397.3945463884964 -5.685999018763076 -5.938798557836224
25.71001 397.8754829465971 -5.685774531318604 -5.919176730745658
26.02085 399.3480193620099 -5.6934753245642895 -5.859633218782768
26.12448 399.83314909033896 -5.696916735223862 -5.833082013209964
26.2281 400.3159772155743 -5.701592655366269 -5.8103831629771
26.33173 400.7750438853763 -5.702656485957209 -5.791767461556841
26.43544 401.2484459785993 -5.705987043039734 -5.771485134113291
26.53906 401.71770416826354 -5.70953586513853 -5.754955580723223
26.74631 402.6562783335933 -5.712652909387008 -5.715100796671205
26.84992 403.1327909136028 -5.71600997143222 -5.690680369898164
26.95353 403.59914036177616 -5.717939225084498 -5.661775126700061
27.26453 404.98633760497063 -5.736908782194467 -5.63308506001426
27.57548 406.3839834029453 -5.755367446969405 -5.574515333776926
27.99017 408.12153980988484 -5.793045090693893 -5.414537055803741
28.50825 410.4031772005346 -5.796726380437217 -5.271792710613248
28.92284 412.3184437332912 -5.8103891441705375 -5.180915617481521
29.02646 412.7974807476469 -5.809054179567093 -5.154337201344301
29.23384 413.7123702770981 -5.804596369406067 -5.130421193108852
29.33743 414.15025912752805 -5.814530476655925 -5.076186304913204
29.75201 415.97375395618184 -5.836249710626241 -5.007958701556674
31.09914 421.92515467130625 -5.888976088387351 -4.579913263194328
31.30652 422.89513939386063 -5.889379815762203 -4.538012556751497
31.41011 423.36302326208914 -5.8885222913764945 -4.517547331608515
31.51385 423.8206668023237 -5.883244973771362 -4.490938996358949
31.61747 424.30695969155335 -5.885078120631341 -4.451476894678677
32.23954 427.09438968086823 -5.882432383901743 -4.342614266449296
32.75813 429.40689823175904 -5.86543320219537 -4.193749094518246
32.86174 429.843055306227 -5.862080837477012 -4.156786061807427
33.0705 430.7815390900017 -5.870836023596076 -4.0969073513787535
33.27645 431.7030441667954 -5.871319778443188 -4.041576564474564
33.48381 432.64631754101805 -5.867043121464572 -3.978717289265532
33.69122 433.5525360727786 -5.863364335775504 -3.9007339690770024
33.79494 433.99466302058573 -5.862675553566625 -3.861433495969578
33.89864 434.44222751978305 -5.861163284701605 -3.8227378368610445
34.10599 435.35745150125706 -5.847664059914722 -3.775608066544457
34.31353 436.2748373942796 -5.848011610339067 -3.6952805430389404
34.62445 437.67170783861786 -5.849207203632861 -3.575458841132331
34.8318 438.5755626272837 -5.835455593920982 -3.5292461705801514
35.03915 439.5477962964231 -5.838168232045714 -3.4330288768601775
35.14278 439.9827475705423 -5.8351834019753905 -3.406692457267745
35.24652 440.42768135961165 -5.832781506348409 -3.3737106914926898
35.454 441.3483448659986 -5.822854881259039 -3.29904686795161
35.86833 443.18480288274145 -5.821588398957158 -3.1431473152693243
35.97207 443.652806263235 -5.817470201737846 -3.11199290201958
36.17953 444.58344839965736 -5.813895246895756 -3.0307425098222467
36.8015 447.4159156666137 -5.8043541116346615 -2.8096586735480074
37.11259 448.7774812478801 -5.796637860490091 -2.6960589146807834
37.31995 449.64971804685746 -5.794799381431578 -2.6052551324121893
37.42372 450.16409239610283 -5.793193920014112 -2.57045924939127
37.63105 451.0774548137623 -5.7933779684311375 -2.4978536823800255
37.8384 452.0019120776983 -5.788689179697584 -2.417639376806193
37.94202 452.4740914329131 -5.789061780095723 -2.3779211513677367
38.14925 453.40616184189895 -5.785462457083186 -2.3015604671294483
38.56371 455.2480407540229 -5.78189130087702 -2.176727542969978
39.08202 457.4114043527018 -5.75810213678183 -2.0610355852292486
39.28926 458.3410803460977 -5.736499521610644 -1.9684485075692493
41.8809 469.63947745937736 -5.696664125165832 -1.013543465604421
42.08838 470.3685184317949 -5.699451132677635 -0.9414364248381162
42.29564 471.2937658130754 -5.693888674613241 -0.8712900934996597
42.50297 472.2615499980442 -5.685845973035516 -0.7594627496065698
42.81381 473.601978662861 -5.673667157295695 -0.6974729724648654
44.05745 478.7171346109296 -5.679154280058381 -0.22512356257721677
45.92303 486.74082934470374 -5.739468241511913 0.5627309958214397
46.13028 487.6958472984119 -5.745009508618088 0.7329748721355855
46.64834 489.86372209451264 -5.755553459376518 0.8991970056304623
46.95944 491.2341308819554 -5.7482592155355725 1.0408081349428855
47.37377 492.836023349649 -5.749724001876678 1.238212855743626
48.72166 498.4295621240118 -5.671007716705676 2.1158402278066433
48.92878 499.2256602325245 -5.694907097738224 2.1919245276581023
49.34322 500.87717094985754 -5.715208610642965 2.5037550218894467
51.51976 509.6448088385267 -5.85428489377402 3.7669817490666873
51.62338 510.0198272921843 -5.867459111054357 3.8437710243486407
51.83073 510.8451685007443 -5.844247559165453 3.9480148904769408
52.03809 511.75209363435874 -5.8412058618968405 4.1089589022515725
52.97127 515.339690444839 -5.831090056442886 4.784597520257975
53.17848 516.1741847134714 -5.816009576312265 4.918246411048614
53.38584 516.961085874918 -5.813957236939267 5.050793029516072
54.21503 520.2956323921865 -5.761319339614332 5.650149290913987
54.31875 520.7289126372983 -5.76683343613912 5.734053837706384
54.52598 521.5350894169507 -5.765887468312464 5.872760598793917
54.83708 522.7338197341206 -5.761626437786028 6.086387447076646
55.04431 523.4676192243697 -5.7599111385661885 6.229541784963587
55.25154 524.3134800486796 -5.76533011218967 6.393150278974659
55.87361 526.6988611800334 -5.765107174730253 6.852468582280807
56.08086 527.5145128487269 -5.7713975788362655 7.01560160694936
56.28813 528.2940719247074 -5.76783196001557 7.158322466141925
56.49531 529.0737348207903 -5.759480577551294 7.315652764176107
56.80603 530.2391040605357 -5.758524712209064 7.534945672507661
56.90964 530.6301019581841 -5.757415780944035 7.61339891981261
57.117 531.4185258515421 -5.75840965853406 7.763805585322359
57.32423 532.202547375959 -5.754075620309322 7.920997049596963
57.53136 532.9772924888068 -5.753482374632458 8.073281354887456
57.63495 533.3778207644929 -5.753963332966385 8.155558287015836
58.15318 535.351318629241 -5.750492473803451 8.569251926693283
58.25681 535.742370141506 -5.749818607335808 8.650620834560684
58.464 536.5439944548767 -5.750921755397745 8.822917132891021
58.98246 538.5067342466214 -5.7544470995429755 9.256994461727942
59.39717 540.0672341348966 -5.755500110607724 9.608196268282597
59.50091 540.4477672490007 -5.757133792821234 9.693214581138974
59.70826 541.2310514977676 -5.756666371929506 9.868010308192709
59.91574 542.029997077637 -5.76450100279154 10.052703545127741
60.1231 542.7966492430355 -5.761520824953812 10.224762905486884
60.33046 543.583326672822 -5.7651445308058396 10.402977868204147
60.64143 544.7610369407421 -5.771471172318644 10.6907876863946
60.9524 545.9422217046977 -5.774173057096493 10.963993074340749
61.15976 546.7187186961195 -5.772722077602895 11.143115158150948
61.36698 547.5046709143543 -5.775637222053925 11.323398876561612
61.57422 548.2925653792355 -5.773466366682877 11.506004932349882
61.78412 549.0927053106619 -5.774981922434133 11.691420481698529
61.88524 549.4984336904984 -5.775187869627442 11.782185285901477
62.09242 550.3117238192935 -5.776263095663017 11.972538783471336
62.30001 551.1143487958902 -5.770219364629638 12.160359175122181
62.50702 551.9221480328968 -5.774460404281196 12.348871971859808
62.71412 552.7429457069366 -5.772883352334458 12.540710668529186
62.92155 553.5597762677413 -5.7748678456644225 12.727625282501648
63.12857 554.3914361817077 -5.783528570369597 12.917185972637284
63.33569 555.2284971296609 -5.782251339380515 13.12165592140147
63.64652 556.4848012332982 -5.786806240192802 13.41990492499879
63.75003 556.919600723934 -5.785611740254446 13.532309261541982
64.06073 558.1642660055728 -5.798047833462391 13.842709221776062
64.26797 559.0225837715833 -5.8069899878043945 14.06156488351101
64.37158 559.4624279224026 -5.807206962243971 14.175785572928191
64.57871 560.27683168428 -5.814123936511992 14.371806032354556
64.78594 561.130717281327 -5.8267151965754 14.595260368665421
64.88962 561.550194502709 -5.8308343898123605 14.70014236393017
65.09677 562.3809265010815 -5.844727167175569 14.92095455863631
65.30413 563.2317954091607 -5.850290310801524 15.141002170029068
65.51137 564.0855149840171 -5.865709930062458 15.364197427010836
65.61497 564.5519623628373 -5.863721496346479 15.477892700244652
65.82245 565.3454618325251 -5.883959113800225 15.698394452831678
66.02981 566.1245048621087 -5.913214980981471 15.937845634421109
66.23718 567.0437240814503 -5.940610197201859 16.19855343617803
66.44452 567.9027643018403 -5.9407948708258 16.396567210072618
66.54825 568.36469730918 -5.954125029319806 16.534658693653952
66.75549 569.1524190819757 -5.979675141584643 16.770376659177714
66.96272 570.050618977029 -5.989301116578178 16.990339469825898
67.06634 570.5226313030877 -5.999493790936538 17.120807096259796
67.16996 570.9874841162665 -6.00609371642646 17.237022352976197
67.37719 571.9175636802465 -6.017146531297827 17.47095504167136
67.4808 572.3654035354806 -6.023045815937492 17.587712013792896
67.68791 573.2443673954804 -6.045543698466751 17.82111896529517
67.89514 574.1448520969874 -6.065189486614848 18.069911002318918
68.10226 575.0153699276237 -6.092792708258354 18.31194062718157
68.20586 575.4605075432571 -6.09875166660605 18.428422927541362
68.41296 576.3615427302982 -6.127526473698964 18.684473300290875
68.5166 576.7838390090699 -6.141833025540514 18.807424523505148
68.6202 577.2349389440427 -6.149059207732982 18.94055885946395
68.8273 578.1389949054981 -6.181231924062056 19.194972598316525
68.93092 578.5770466746543 -6.193566411913732 19.31980042669545
69.13804 579.4792744272754 -6.222583438988874 19.57454762778974
69.34525 580.3828230657758 -6.250745279356661 19.83432311786197
69.44887 580.8348657186364 -6.2665355741955775 19.962705466785422
69.75972 582.1886953462141 -6.320692835887465 20.35009554710456
69.96682 583.0914606373242 -6.345938473162979 20.607146395426923
70.17405 583.9969337005991 -6.383724655857705 20.8659592708797
70.27768 584.5307329327829 -6.39253143867643 21.00083374171399
70.48505 585.3772351925445 -6.432739704274521 21.25198708012769
70.58876 585.8008383639389 -6.447720364033707 21.37337776075813
70.69238 586.2075679798213 -6.459258014300355 21.5057230101678
70.79599 586.6658360129352 -6.4742274058537 21.632016093179402
70.89976 587.0873791059096 -6.495121285658257 21.759080176819623
71.00335 587.5406560756722 -6.511206097698437 21.885320475180862
71.21082 588.4109479747893 -6.545142973981708 22.141799892204062
71.41808 589.2362623622907 -6.577661608071493 22.38060906350006
71.5218 589.6625788587243 -6.600194993775979 22.51239701504838
71.62541 590.0741207806384 -6.616369046355176 22.63375356355013
71.8329 590.9683214271508 -6.653000197569806 22.893798352214645
71.93653 591.4204594859706 -6.677601506145621 23.033550671784724
72.14399 592.3381064553074 -6.713849262124807 23.304484216476453
72.2476 592.7937144809454 -6.731126245066271 23.436294604371483
72.45496 593.6235656630602 -6.766766115142978 23.679579409456693
72.66232 594.4578181638285 -6.801146096407738 23.936390546767427
72.76606 594.8907844867816 -6.828624527482319 24.066219703833525
72.97342 595.7496019721673 -6.868350523395595 24.321595815619048
73.07716 596.1721682509453 -6.887441271439915 24.449588480416224
73.2844 597.0055716202778 -6.933240905131573 24.694918980896688
73.38813 597.4545444716958 -6.95465052544616 24.83303042651883
73.59536 598.2998511295522 -7.000208701278385 25.085867193503447
73.69898 598.7525370581627 -7.021081287944931 25.226060276332845
74.01009 600.011538936254 -7.095864780485764 25.62822509471013
74.21743 600.8535006424952 -7.138433958207425 25.88423268541547
74.4247 601.6986922845498 -7.1808125506558085 26.14413894736711
74.52842 602.1270861795081 -7.2065661364185765 26.281351938204807
74.63201 602.5809798857848 -7.228719153989243 26.426768560298854
74.83937 603.4408763385101 -7.279072638417542 26.6948522839387
75.04674 604.2982363181329 -7.323553184248976 26.968563760794694
75.25396 605.2000822497995 -7.3830998479428835 27.249983316941837
75.3577 605.6312204774204 -7.404965411302957 27.389269767632697
75.46143 606.0520077397489 -7.421881326558932 27.52056341090133
75.66879 606.9098300685235 -7.467838090024534 27.797549345402615
75.77241 607.3400624785398 -7.489461424110864 27.93455598258373
75.97976 608.1760615418063 -7.534300503428302 28.201505992746206
76.18687 609.0122151032841 -7.576181110058723 28.468415268741495
76.3941 609.8301041255105 -7.615396696253015 28.726689497335542
76.60121 610.6233811116302 -7.646237435020279 28.96861914105338
76.80845 611.4195581667599 -7.686102085812681 29.226952629207688
77.01555 612.2668095069392 -7.737426444974119 29.518368404405436
77.22277 613.1047474670945 -7.782129195851626 29.806792468377978
77.43001 613.9323232772856 -7.825564208333507 30.08871906623247
77.63724 614.8113212982686 -7.893300620519417 30.42387574327151
77.94826 616.0081035750048 -7.973208092858279 30.874154985559073
79.60643 621.9228474837403 -8.247218147452914 32.81534027043432
79.81379 622.8504548983417 -8.315174021806559 33.174421060854826
80.22839 624.1638744234925 -8.354032051184113 33.528831248185924
80.53935 625.3524656197385 -8.40305939937437 33.911281538341655
80.95406 626.9277349741504 -8.474110544612996 34.39349410298246
81.36877 628.4329381559203 -8.538622376952974 34.83944823979377
81.576 629.1532394837722 -8.570464698076654 35.051871590642506
82.19758 631.2850407705773 -8.674144841281283 35.69021054607063
82.40492 632.0616380903452 -8.699639542647496 35.89178778061593
82.61216 632.805730997261 -8.730424995607473 36.09004803282505
82.81952 633.5078793004269 -8.772407757678817 36.296793833952634
83.02688 634.259803175826 -8.772097152998203 36.46157521731382
83.13048 634.6295659871248 -8.78833991547836 36.559967476962925
84.78941 640.0798960898828 -8.981076918636992 38.22307272546769
85.8265 643.4617514608614 -9.088696851336696 39.27497996622222
86.24076 644.7771820743404 -9.099371924037733 39.69434152249508
86.55186 645.754491358921 -9.126312863225042 39.99452258588374
87.58896 648.9778612913723 -9.237216460479338 41.057766316906736
87.6927 649.2909899896268 -9.245697354546223 41.15551970885002
88.1074 650.5187645162886 -9.28573312768971 41.56239514752667
88.2116 650.8296861136938 -9.293643200181926 41.66186023557262
88.41853 651.4368833202835 -9.314226962868801 41.86391333831071
88.62598 652.0468345896095 -9.329842935476012 42.06024099115035
88.72978 652.3405370356267 -9.338189668168944 42.156599271893384
88.93726 652.9428082711812 -9.352452518161066 42.350532227678514
89.04097 653.242732457323 -9.357816765995153 42.44442093330869
89.35191 654.1355241088669 -9.374909858720606 42.72321635591911
89.55915 654.702517433922 -9.387484536111257 42.893314735009426
89.76651 655.2628481659599 -9.400893943135467 43.06383091911951
89.97398 655.8114174056983 -9.408383674878618 43.23582389350747
90.38882 656.9167806060979 -9.433380111792978 43.56844868783665
90.59617 657.4540751556478 -9.44214195601062 43.71965237825876
90.90727 658.2142988290694 -9.456129489549024 43.928243497541345
91.11465 658.7239495390173 -9.461339835221716 44.054278092688605
91.32213 659.2256494063045 -9.46467932135421 44.165813892870304
91.42585 659.4735432665543 -9.466418363820997 44.212854554924306
91.63323 659.9589425169686 -9.466922741327696 44.29310343872742
91.84069 660.4385103907539 -9.4657218387858 44.35722720335485
92.25565 661.400163748167 -9.450056728199446 44.43331508418302
92.56689 662.1016318509884 -9.427217408345673 44.43059909898264
92.87797 662.7931541610404 -9.400442142835793 44.38169553498068
93.08545 663.2425564718764 -9.380762090191702 44.322252117311436
93.39654 663.9214786142144 -9.333434627200702 44.18369423954559
93.60402 664.362794243423 -9.30369657180794 44.059896189627835
93.91512 665.0286266290564 -9.247696686428924 43.82828203783356
94.22629 665.6575837970267 -9.185782072027251 43.54193920641006
94.32983 665.866426245559 -9.162488393398277 43.433549237047885
94.5372 666.2770248082783 -9.112922099698537 43.1984240551389
94.74454 666.6660194634505 -9.058897903748175 42.94389590612673
94.84829 666.8582513795589 -9.031345029483461 42.80498991918512
95.15937 667.412700367104 -8.945295831951114 42.36129083503624
95.36673 667.7690994967822 -8.880043198718113 42.036743410838426
95.57409 668.0995534143169 -8.814306155539583 41.698266235885455
95.9888 668.7232024587886 -8.675391098606447 40.95842207914012
96.19616 669.0156221510288 -8.6010965246506 40.55168919018547
96.61091 669.5251837204147 -8.451307041298456 39.69582933313424
96.81822 669.7491823012767 -8.369971125413748 39.23682753117893
97.12932 670.0427603978491 -8.24479425699171 38.515754883080376
97.33681 670.1988338477483 -8.160183095881202 38.0263443645041
97.54416 670.3252911802034 -8.074197526438798 37.51860346035582
97.75164 670.4254994848166 -7.986839065994712 37.00318075595481
97.95899 670.4890980403081 -7.898162221848121 36.490389721164476
98.16652 670.5240883551947 -7.8088969582388525 35.9792849593226
98.37383 670.5272036676088 -7.722021056439669 35.45971224587147
98.58106 670.4966977034624 -7.6315508428937875 34.93430490511567
98.78842 670.4361067030266 -7.543080462070339 34.40930812305538
98.99577 670.3397689402755 -7.4527947691969025 33.88290964456348
99.20313 670.2209113818878 -7.363788783561631 33.35573495353901
99.41036 670.0641544850322 -7.27652870503298 32.82833210175983
99.61773 669.8770110071682 -7.1908903889678655 32.30781624548155
99.82507 669.6591956251104 -7.102209992269323 31.78757955420201
99.92869 669.5403258367851 -7.055887004762859 31.5188478102655
100.1362 669.2917683204244 -6.974639769128466 31.037358611279558
100.3435 669.0079751333725 -6.889858867364445 30.5363640895265
100.5508 668.6973657428696 -6.804784803409305 30.036747384415605
100.758 668.371377455042 -6.727039580049059 29.560231231899195
100.9652 668.0361989132582 -6.652768432953046 29.108812037762448
101.1724 667.6771648952204 -6.5703238076493236 28.644636236145118
101.3798 667.2955232303361 -6.490545849270333 28.169996931152866
101.587 666.9041721519087 -6.412618291159859 27.701793627305676
101.7943 666.5143111543534 -6.336791020553278 27.26388113168332
102.0016 666.1185642265846 -6.263489524026639 26.823953043075278
102.2089 665.7142376862267 -6.192718334837664 26.3801855007805
102.4162 665.3028753880012 -6.113484079441903 25.939972373555122
102.7273 664.6853273244861 -6.000803810140354 25.28717819586575
102.9347 664.2763273509634 -5.927784785814197 24.85871530493256
103.142 663.8577532478494 -5.857480477076052 24.42367366099444
103.3494 663.4495049826746 -5.784049598851482 23.996693100169693
103.5567 663.0150040340193 -5.702207779611399 23.53935631233969
