0.0 -0.0 -0.0 -0.0
0.1042283 -0.0005286764626507308 -0.00800256409395217 0.44960908981946046
0.2084765 -0.00348063389107552 -0.017788701291807416 0.8965179420961329
0.5212271 -0.014111726172179932 -0.045036490754232036 2.22560792767154
0.729727 -0.0242992317885034 -0.06547035158291539 3.1392040735183255
0.833976 -0.03379945951292547 -0.07705822021928654 3.606976878852416
1.042605 -0.05287850914474612 -0.10373405841728582 4.556260331932695
1.251125 -0.07730883741934629 -0.12764484250097152 5.542846519832857
1.563854 -0.12180551638938494 -0.15590037153763464 7.125083344479026
1.772352 -0.15818530035647999 -0.17494747017716875 8.221573802993246
2.085105 -0.2090439683995748 -0.1834599251457514 9.985547738853903
2.293607 -0.2465380036958693 -0.19223809235230044 11.241501612842502
2.502107 -0.28216952091572606 -0.19125288697030476 12.54191882302651
2.710606 -0.3209840268037961 -0.19695802917006716 13.89491211784468
2.919104 -0.35708276761558766 -0.2147346807540677 15.301672094694318
3.127481 -0.39642938204132483 -0.24506823385651466 16.76869563988784
3.335979 -0.4408324980925804 -0.2810264806603879 18.277172634073217
3.648605 -0.5147866391442038 -0.346680327797891 20.608243228434908
3.961233 -0.5870024034908685 -0.41629219079332114 23.00927796969817
4.169606 -0.6335610741352216 -0.46274535038245673 24.646496745348003
4.377982 -0.6832178582972602 -0.5042201090822003 26.301381175597825
4.690605 -0.7632322166757658 -0.5663138611855612 28.836347876284933
4.898858 -0.8186540211932309 -0.6003798225504653 30.55384603144553
5.107234 -0.874112713942084 -0.6370648027953282 32.279711910496516
5.315611 -0.9335969563567341 -0.6749815490305755 34.01320710486754
5.523983 -0.9992143460179946 -0.7092629980101474 35.737223771450495
5.836733 -1.0936696800759895 -0.7674041839888157 38.34234669344764
6.149354 -1.1874845121050168 -0.8211070130790875 40.956913852237484
6.461983 -1.2773594689589958 -0.8839026255402785 43.564880869283925
6.774485 -1.3602814067132378 -0.9596972399351953 46.1731915168654
7.086981 -1.4455963655935635 -1.0184888301250974 48.7981674304846
7.399507 -1.5297639005851278 -1.0802203526635077 51.4073282435336
7.607858 -1.582219929572323 -1.1256014082592183 53.145290175555175
8.024607 -1.6898603908295216 -1.2180068869419984 56.65371627333077
8.336986 -1.7681804804293753 -1.283068696485378 59.28066614496055
8.753612 -1.8880497740113507 -1.3698286946538967 62.74443760228158
9.170238 -2.013358562870192 -1.445321282012058 66.18306016046665
9.586735 -2.1410967676129586 -1.5165195100444604 69.51885295845724
9.899109 -2.2450171338883904 -1.5680039180891483 71.88605069426006
10.10749 -2.3213243997817776 -1.5998253179650497 73.37159597050584
10.31574 -2.4032039185833987 -1.6278790297142176 74.78662928309812
10.52411 -2.49297020610362 -1.655941675986644 76.12682464781786
10.73249 -2.588459614220174 -1.6807050700590902 77.38199380564453
10.94086 -2.6825169051722573 -1.7057887340704394 78.53646495897242
11.14924 -2.775622901706095 -1.730604635876185 79.59265062281214
11.35776 -2.8631780276895156 -1.7569418645639776 80.56041943918747
11.67074 -2.9596491192517766 -1.7935373419754113 81.87239098799174
11.87937 -2.9831491478827825 -1.8109389665536626 82.66106248459806
12.08824 -2.9788134198213374 -1.8288891958850733 83.38066898510539
12.29711 -2.9422759359466344 -1.8485762341332446 84.05920552947707
12.50612 -2.857729302696259 -1.8669444958134975 84.7115678025711
12.71524 -2.7330443988713586 -1.8864710419700685 85.33425586420755
13.02886 -2.466800307558014 -1.928079552187043 86.20522925931162
13.23788 -2.242233048934402 -1.954578343844088 86.74520402278566
13.44674 -1.9582505621354827 -1.9771305267722683 87.26076494621262
13.65561 -1.6247040048825312 -2.0019881513495723 87.728062230969
13.96874 -1.0449808322327243 -2.0423229684306508 88.37887620027354
14.17749 -0.5743750823408575 -2.0674022140345754 88.75975678512569
14.49049 0.24050596067373675 -2.096240400707294 89.24801386133385
14.69911 0.8529861488784007 -2.123685235123093 89.51076536138629
14.90761 1.501765062721514 -2.146696920418877 89.72758782441255
15.11614 2.2034247866709435 -2.165133644963065 89.87678191805382
15.32424 2.9507965845938333 -2.1923742851611667 89.95977448279513
15.53212 3.775872220842997 -2.2179946727075843 90.04395430857396
15.73989 4.6657142878216415 -2.244997061080606 90.11385142232524
15.94776 5.618223119151608 -2.277764887380163 90.11841586547435
16.15571 6.638007558326518 -2.300259755170056 90.09465853626014
16.36339 7.727486236135157 -2.3264943310323694 90.07066211199218
16.57099 8.896495797509354 -2.3671932704565606 90.02809074265983
16.77864 10.132590127505452 -2.4029528953981694 90.01539521270367
16.88261 10.77213085011816 -2.421651664552014 90.0063289569955
17.09049 12.102725059712824 -2.4598266273754046 89.99669048216826
17.29862 13.486510318963713 -2.501249869067529 89.97655761639498
17.50674 14.893420020598715 -2.5456537066821685 89.95595469156021
17.715 16.340627265965228 -2.5874959145848715 89.9314008798666
17.92337 17.817352510697194 -2.627343174921576 89.90166333781518
18.13162 19.305239799009655 -2.664476090930207 89.87112818955659
18.33987 20.827016937387555 -2.713742362704944 89.83886581765836
18.54825 22.355769891429656 -2.762879747305494 89.80473089931887
18.7565 23.884185656833573 -2.7947282580929858 89.77893700304365
18.9649 25.37786737918252 -2.8396928944538518 89.73268402591847
19.17327 26.885066481240333 -2.88990280105062 89.69297070544131
19.3818 28.36760639557337 -2.94133962096585 89.66123088494273
19.59034 29.840738401416928 -2.985664057436239 89.6360321891369
19.79865 31.316469082459484 -3.0317084689868787 89.60285814990925
20.00713 32.75997970925115 -3.0773299110881527 89.57015474211325
20.21566 34.17577801352807 -3.1172079357487554 89.52316532137617
20.42461 35.589260274831 -3.1596248662273743 89.47335552004098
20.63312 36.98638908467218 -3.202870722936479 89.41493797996054
20.84131 38.36110882753149 -3.2464380177246253 89.35503734719164
21.04975 39.69049288562017 -3.2795224589370164 89.29773259419436
21.36252 41.603920523953484 -3.339588969810472 89.21543115299743
21.67551 43.45562608078022 -3.404317352151312 89.12847095282352
21.88389 44.68780834161955 -3.4430204199331076 89.07467429737268
22.09253 45.90587771818432 -3.480011078874839 89.02063309076422
22.30121 47.10345297898385 -3.514703838593075 88.96662077643822
22.50977 48.28714834131611 -3.553404200037031 88.8930797581356
22.71892 49.47497578008295 -3.581781592220667 88.80056208852501
22.92691 50.68474715797641 -3.625635747924709 88.6983227850391
23.23966 52.5415902075641 -3.6786610691484607 88.52095519195579
23.44815 53.80510105880995 -3.715398437581138 88.38742629008193
23.865 56.41854862604427 -3.7845550930130036 88.09079584633076
24.07343 57.74973503126852 -3.820743654252897 87.94940711289385
24.28189 59.08424767631091 -3.8615848366407133 87.80113298080393
24.49041 60.399225926126434 -3.9046227646525606 87.66208740401223
24.69888 61.712179281387414 -3.9404823293213616 87.51056722766288
24.80313 62.36983990724788 -3.957873334772086 87.42870064691127
25.01202 63.69643477244988 -3.997624178968241 87.27537052101661
25.11597 64.3641725082172 -4.019213447483981 87.19441444082779
25.32443 65.71225283294321 -4.053583093932161 87.03008025361902
25.53289 67.08938458422963 -4.093068028087867 86.85971553991844
25.74141 68.49232474643667 -4.12884481194527 86.68025984275265
25.95003 69.90074973549478 -4.1638857676080585 86.48907222709913
26.15853 71.33338985831038 -4.2048522619076625 86.28881108938978
26.36704 72.79623518671563 -4.252936398389581 86.08319375331283
26.57555 74.27019070879506 -4.307151267248296 85.87383161459645
26.784 75.76877636274716 -4.355038890415243 85.67507648976174
26.99243 77.29136414749917 -4.39896236123884 85.47527690798488
27.20089 78.8068481979337 -4.443463260717534 85.28173564554275
27.40941 80.3306714447397 -4.486511170777625 85.09667923641432
27.61788 81.85779232986843 -4.541455392468585 84.91009681941125
27.82641 83.41422929040006 -4.5908765605343955 84.72400274340328
28.03497 84.95835444677448 -4.640821943229665 84.53293762208898
28.24341 86.49777583058837 -4.69133098276716 84.34638924513341
28.55614 88.78309111638384 -4.763728703586043 84.08767385736164
28.7648 90.29849171216019 -4.8159157489562086 83.92483173532493
28.97327 91.7946950395683 -4.869035494172155 83.75574785601673
29.1818 93.27986882107811 -4.924828411403768 83.57346899734972
29.39027 94.73457136916471 -4.984417720749521 83.40172815002289
29.59879 96.1820231353748 -5.046655753192153 83.2266574972053
29.80727 97.61275346528805 -5.1100077723762585 83.05100020809536
30.01591 99.01791036570505 -5.17100561544663 82.86819402159783
30.32867 101.10439942854048 -5.27206513314095 82.57207542145638
30.53714 102.46944118853277 -5.345767939304514 82.37950288167553
30.85003 104.52340029393663 -5.455914242847788 82.05414965877854
31.05839 105.87189744496581 -5.530781135172855 81.84001915722153
31.26689 107.20658486044145 -5.6028321096520735 81.62587073709715
31.47539 108.52261886966176 -5.684979414271838 81.39766924184465
31.6839 109.83378915084901 -5.767121462463056 81.16979751053314
31.89259 111.1437302973146 -5.850730449374057 80.91893870640791
32.10122 112.43630514171224 -5.93040171113239 80.66210300227954
32.30993 113.70535863008737 -6.002355016431751 80.36264503833382
32.51859 114.98526605219502 -6.08300400370631 80.04525206956768
32.72714 116.24249499216764 -6.1611676150732135 79.68924584445634
32.93576 117.48840972824372 -6.237134436663421 79.30361264620417
33.14418 118.72512684573297 -6.311212907081117 78.9162485128911
33.35251 119.9495658114212 -6.374860451683064 78.51286273031558
33.45664 120.558373912061 -6.405586243241805 78.32124432465858
33.66512 121.7471914763251 -6.466522226667852 77.94418815762359
33.8735 122.93676290342272 -6.523266705346376 77.57544394277593
34.08182 124.09757218801204 -6.5984596282140355 77.21846088916823
34.28991 125.24322039928889 -6.654150260792022 76.86848243056225
34.6023 126.95588970714563 -6.744186226655883 76.38846420003671
34.81066 128.05260692599632 -6.806678874216953 76.0888618255703
35.01954 129.16348158858332 -6.8436472066611 75.79718856982751
35.22751 130.24843529114435 -6.898239771564445 75.52379834106661
35.33169 130.76980506459785 -6.922549391475345 75.39751549585509
35.64415 132.33779274171235 -7.002788059463743 75.03650139971356
35.85239 133.36614391936845 -7.059381866048385 74.82621451663785
36.06064 134.3977481204037 -7.09312306346707 74.65475699323738
36.26877 135.41459272027166 -7.146733982493867 74.52862613297278
36.68515 137.43851104999433 -7.254528213634545 74.44190225470064
36.89364 138.45200612713148 -7.311713488198531 74.45423028726908
37.10292 139.46701067928825 -7.357753040314201 74.4629049568944
37.31166 140.453924721608 -7.391888491104184 74.4080091044742
37.52067 141.43106912450773 -7.4280126600007375 74.33108946897384
37.72965 142.39596613655957 -7.471282378689515 74.23499801052822
37.93854 143.33894094145168 -7.506425413949588 74.10136402679841
38.14794 144.25789722992587 -7.5413517052431365 73.93760066243641
38.35586 145.16278686997066 -7.570885808478918 73.75702408600075
38.5644 146.05304295420706 -7.598261866009773 73.54658942605826
38.77266 146.92782703387266 -7.631385378034565 73.33729141680806
38.98107 147.78689391630067 -7.655113233366763 73.13457273979247
39.18942 148.6363679073045 -7.684290744730116 72.9282045959537
39.50214 149.90783624273362 -7.72308461823101 72.61797099115935
39.71079 150.79054385186782 -7.749191933166683 72.38790821830293
39.91947 151.69707461929752 -7.78742453968648 72.12555869009367
40.12806 152.63651198460857 -7.818862441215892 71.86137203060147
40.4408 154.08421856011122 -7.866590549270171 71.41487875712954
40.64932 155.07342774356823 -7.8955569061174184 71.10964170090648
40.85778 156.06613509876752 -7.93163418507062 70.78851652369639
41.06627 157.06945569363128 -7.964777485199597 70.46760559766119
41.27469 158.04849409014338 -7.992966105318624 70.15478334997763
41.58717 159.54378333593377 -8.0318007935424 69.689901614926
41.79543 160.50108597022847 -8.067329776712512 69.39226407690748
42.21207 162.3313466578174 -8.128616534542498 68.85606925826217
42.4204 163.17119369582952 -8.161763085800539 68.62370858759283
42.62866 163.9532670568302 -8.189655889476555 68.4236501402458
42.83679 164.68661798005192 -8.211763969143286 68.25769803516012
43.04493 165.39634887623194 -8.231504105290195 68.12643501860427
43.2529 166.1002461167046 -8.250030192954643 68.02875750049344
43.46095 166.7957671063927 -8.26615201903864 67.9953613129058
43.66893 167.479243703292 -8.285835681939993 68.0216335198093
43.87706 168.15951778680358 -8.306744375792704 68.08443063639292
44.08517 168.82682413815022 -8.322306473161946 68.18243321204307
44.29315 169.47960635245147 -8.335699285881125 68.32750704604291
44.50114 170.12789533917453 -8.347336426345752 68.52883989393705
44.70945 170.77809388909134 -8.35912002214475 68.807569556497
44.91746 171.4148001633513 -8.376819824124304 69.16247381241057
45.12534 172.08276698145798 -8.391047245213887 69.58589182333598
45.33329 172.7560697389444 -8.41462769525123 70.11170059370676
45.54168 173.41287070323676 -8.437974807684043 70.76411217487643
45.74984 174.05776939602907 -8.470897633721632 71.51045162898636
45.95815 174.71192454029364 -8.500381420258218 72.36966696712832
46.16771 175.33890953360395 -8.520593953043686 73.36526417681571
46.37543 175.9500114869214 -8.53905716458142 74.46532044012952
46.5845 176.54805669413741 -8.555186939197457 75.67864745536212
46.79332 177.145520365318 -8.56773647361586 76.97715347138072
47.00215 177.72028933561205 -8.576711515309213 78.36425626856445
47.2109 178.27023909506872 -8.58965463622218 79.84698301068138
47.4198 178.79566523078313 -8.596573549474352 81.40555184400813
47.62884 179.32555963622065 -8.60996028125169 83.01619253398852
47.83765 179.8920619803166 -8.617599766455323 84.68783779756383
48.04642 180.48431063279062 -8.627900057845206 86.42079308950147
48.25517 181.0845529961843 -8.642415969895124 88.21640002366938
48.46366 181.7081708418674 -8.65404456064072 90.06568829910427
48.6722 182.35216694677723 -8.673776846048984 91.90278516504017
48.88072 182.987295515904 -8.681197982494481 93.76920220040759
49.08918 183.63066045026466 -8.694405111192825 95.61977303918721
49.40781 184.56930704694597 -8.703187757701425 98.38500025515306
49.61018 185.20278781835657 -8.715149811064606 100.24257072299667
49.92284 186.13457449308794 -8.732586048406972 103.03948025071746
50.13108 186.74930303557994 -8.746941503243242 104.89834544655356
50.44367 187.66241760504096 -8.750613226203878 107.68249617237853
50.65203 188.257573303394 -8.75903363102305 109.52698747907424
50.86032 188.83512916448666 -8.764750396126246 111.34123238143492
51.06871 189.3919379977585 -8.770519759395762 113.1160789751561
51.27704 189.93010305255848 -8.77824819365158 114.84318889483274
51.48545 190.42742651072746 -8.779976787182436 116.49441878989674
51.6939 190.88968325409215 -8.796497390080797 118.07983962408814
51.9023 191.33121989317183 -8.808297435935287 119.59753152080049
52.11091 191.72686051494364 -8.821746184669383 121.02681253602024
52.52783 192.39910868808835 -8.834482778822618 123.57678094379547
52.84066 192.8417410278162 -8.847546210242381 125.22497241899063
53.25757 193.34874024363054 -8.8740121062795 127.21925364217827
53.5701 193.6659592865357 -8.893638464856444 128.66561456978943
53.98599 193.88604482569716 -8.915000048084046 130.48681829063867
54.19381 193.8884198491737 -8.927421135417234 131.38042266149648
54.50555 193.73589490354226 -8.944247166098585 132.66345207346953
54.71345 193.5344409159364 -8.942502955277368 133.48693997056782
54.92131 193.25378485717752 -8.938727366852204 134.28022667754874
55.12937 192.8915470593396 -8.934419913339879 135.03615389974405
55.33731 192.44617676634758 -8.925169458008169 135.72852967185463
55.5455 191.92013026140063 -8.908547076294184 136.35847720214085
55.64941 191.63422903105325 -8.892828988771365 136.65210783919426
55.85776 191.0126332737321 -8.867310055260539 137.18489972880724
55.96186 190.67695582574748 -8.850896426125662 137.42023306126447
56.066 190.3279019089504 -8.838057547652067 137.6391993237234
56.27431 189.59013302279334 -8.814878016980966 137.99284955315264
56.48284 188.80821459099073 -8.789137886022395 138.26667248783883
56.6913 187.99191200534165 -8.757039078497579 138.47200652675923
56.9002 187.13593586965686 -8.735663299663509 138.62082999931735
57.00456 186.7026918225975 -8.719605406968927 138.68908140685159
57.1092 186.2585982555168 -8.696061335850034 138.76102866333082
57.31832 185.31622361576063 -8.662921853031085 138.8591303933315
57.42283 184.8160642742374 -8.64902504296813 138.89256741207097
57.63179 183.79133616841193 -8.627247578007495 138.9662480931166
57.84073 182.65539617009387 -8.577375337257884 139.03353495436676
58.25822 180.107676980952 -8.508197360134385 139.02014203576647
58.46709 178.70455330876518 -8.462267503088682 138.96918551642608
58.67606 177.2050699556574 -8.41274343408711 138.91049692190384
58.88494 175.6302246259032 -8.359887336463432 138.84052220388284
59.09391 173.96216146375397 -8.302095248627868 138.77388695340238
59.30292 172.20587828431348 -8.245991853190576 138.74146038736035
59.5123 170.3871456763634 -8.184182122563358 138.74690865624652
59.72072 168.47840813621937 -8.124746961158579 138.79155693575515
59.92931 166.4979559613851 -8.058445283542365 138.88057451512697
60.13782 164.46230973952217 -7.998110296835962 139.02494944136578
60.34631 162.41110790298265 -7.931803314399595 139.20587878569899
60.55479 160.3504702085219 -7.873507917917373 139.42032444196036
60.76324 158.2927846944972 -7.802324663882371 139.63849532007117
60.97147 156.2146378454517 -7.743863246048241 139.86249652722063
61.17982 154.148918687363 -7.684056355032325 140.09077544108902
61.38818 152.05722363146086 -7.6211181788300095 140.32746223097004
61.70091 148.92158611057636 -7.534802766207932 140.68006029966753
61.90907 146.83430664309813 -7.478411723384555 140.91389173262397
62.11744 144.74007386525713 -7.4197284047863254 141.14138367003466
62.3257 142.64341610684525 -7.359201156122442 141.36882261567405
62.53422 140.54409500727766 -7.291844403755163 141.59660195241966
62.74266 138.4734166966217 -7.2300141930375545 141.8257122897947
62.95119 136.39682839183007 -7.1681054211082555 142.0584107553378
63.15976 134.33169472494134 -7.108796201821472 142.30378823008544
63.36817 132.27568342521317 -7.046827590174256 142.54054373578296
63.57657 130.23072466698406 -6.98774638519326 142.7862104376608
63.78505 128.18277313593094 -6.932360473797371 143.03456461218755
63.9936 126.15068167550757 -6.871319274967563 143.28468772390676
64.20208 124.10940091693733 -6.812950901291613 143.52940170080396
64.41054 122.04514062090163 -6.760598478928911 143.78744771497662
64.61962 119.96232499563477 -6.705481090088696 144.04929510018948
64.82756 117.8603804114954 -6.6502546426035565 144.32449276316947
65.03592 115.75189607268604 -6.587623324294427 144.59590960246305
65.24443 113.63195477469192 -6.527137027493035 144.8769083117969
65.45301 111.46789293095928 -6.46991567281104 145.161783280502
65.66132 109.28372209258929 -6.4169597654751644 145.45039945200256
65.87056 107.07970361304267 -6.355559183308262 145.7131465285021
66.18233 103.72310531503027 -6.261351893038625 146.0635551087365
66.39084 101.46124615177528 -6.199454088402838 146.27001873910973
66.59938 99.18406480385646 -6.141289695423174 146.47162107286803
66.80768 96.89699743982885 -6.09280714228183 146.6893904664882
67.01794 94.5829103669755 -6.045376618161352 146.90203923324748
67.22469 92.2658245436195 -5.98107905504505 147.1065439196641
67.53749 88.82969942945748 -5.882257844405512 147.38610021932266
67.74594 86.53830855695176 -5.811155353179778 147.5836610107996
67.9543 84.2539512665648 -5.749860601904845 147.7678521902099
68.16285 81.97150966091638 -5.692023326170653 147.9608200630528
68.37123 79.69050064853575 -5.632097940204667 148.14682794375116
68.57955 77.40972520187412 -5.5733492259800546 148.34235828981852
68.78795 75.12463473324692 -5.51433119863386 148.53329831144467
68.99632 72.83574968417962 -5.451869100525984 148.7202576266864
69.20468 70.55187934031547 -5.3891624036019365 148.9098729508839
69.51724 67.11971977901715 -5.2892601155112615 149.20417600882388
69.7256 64.83302853811628 -5.225352043834092 149.3935638560779
69.93392 62.554256252579805 -5.153299139834434 149.5672677451953
70.14235 60.28173901880587 -5.093376212767245 149.74273410841107
70.35078 57.999602300797946 -5.037303062802788 149.94104008046796
70.55917 55.73343379135497 -4.979849648133002 150.156014739835
70.76754 53.45492925685677 -4.913579923930918 150.37876031085145
70.97626 51.18963769757892 -4.845405214532577 150.60764295142133
71.18447 48.92793021340442 -4.783786309535456 150.84494938497608
71.3928 46.65677779393134 -4.7253676664459965 151.08863434869778
71.60151 44.37022424940926 -4.671144224259615 151.33771620358212
71.80946 42.09279208843773 -4.615771368247353 151.58827025580203
72.0178 39.802537463050065 -4.551104273829018 151.83425257402428
72.22605 37.49906486721959 -4.486604868302168 152.07308149167503
72.53869 34.07524277057249 -4.391554842101988 152.4476161824952
72.74708 31.758029193636116 -4.3349291710689695 152.6990475307463
72.95548 29.44449727191187 -4.27247521666965 152.9498049970506
73.16384 27.12916972642268 -4.202359880851108 153.18410092507867
73.37208 24.801292864476352 -4.13033407226587 153.40838381731882
73.58042 22.480035992525224 -4.06420292146867 153.622713506052
73.78887 20.143200063882073 -3.9973404812593154 153.81296422416915
73.99724 17.799396384590494 -3.9275304361357595 153.99972434215735
74.20558 15.43852795618978 -3.85498919205152 154.17984850679034
74.41406 13.088624474317376 -3.775325880281125 154.36159803484955
74.6225 10.738022753894697 -3.710529349216751 154.55152882662398
74.83087 8.39052927889795 -3.6407763578646737 154.7200825540387
75.03918 6.0551467226368665 -3.572673755078503 154.88540641793378
75.24756 3.7214285645712577 -3.500438906439093 155.05606610096132
75.45606 1.406081325098226 -3.443894478856354 155.20738695583663
75.66421 -0.8986447715678487 -3.394943551312073 155.34407432235182
75.87244 -3.204323492499629 -3.3493583602427344 155.48082835767616
76.0807 -5.493243310772877 -3.2962094209380557 155.60384063962303
76.3933 -8.867730132284265 -3.2123844509495885 155.775321290865
76.6019 -11.10046775333002 -3.1526661033673 155.88257425719596
76.81012 -13.303832123965327 -3.0863887085802273 155.99815657754826
77.01832 -15.490017435301768 -3.0314816250209775 156.09987750118412
77.22668 -17.639026717137966 -2.960746348416368 156.19711411464374
77.3308 -18.69459340880465 -2.9304855107268786 156.2378740686857
77.53921 -20.79596519379127 -2.863836982225796 156.31821278591448
77.74763 -22.854203862554524 -2.8045642286741 156.3909500918403
77.8517 -23.86826822468646 -2.7732219861484473 156.42628908380564
77.95581 -24.867147190743687 -2.7434545685271736 156.45625161552218
78.16432 -26.82438421926501 -2.6842512830931673 156.50967770479204
78.26858 -27.770244230852462 -2.658122712161825 156.5350129676691
78.47715 -29.629052692122 -2.6119138644866178 156.59173354327146
78.68571 -31.433858596579313 -2.5545056729823594 156.66158676757792
78.89417 -33.20187306427258 -2.4996976835180758 156.7528546856295
79.10274 -34.92880524792682 -2.4552712305928783 156.8350627260295
79.31129 -36.65260776029652 -2.404589662554378 156.94593564035327
79.52132 -38.31960855076497 -2.3626459387136385 157.04291965588374
79.72836 -39.927365568291435 -2.3168461886641105 157.13166047800945
79.93681 -41.50978275620645 -2.2674221381672743 157.23163465147246
80.14531 -43.027765535506695 -2.228056122996665 157.3273106140196
80.3538 -44.5005370259689 -2.186369532366964 157.45384633140208
80.66669 -46.530285419797714 -2.1277678210934927 157.61430159589102
81.08396 -48.97191492483375 -2.0632379931317066 157.862861777221
81.60565 -51.689129774894816 -1.9882349579108936 158.28183452936906
82.02282 -53.56576840158235 -1.9511757127041909 158.7172798996211
82.23155 -54.407470323222945 -1.9372784891958874 158.96516758874492
82.64906 -55.91723428511315 -1.917318449314997 159.55741373750342
82.85788 -56.635973561526264 -1.9029492228214098 159.91498492552245
83.06668 -57.32139451260533 -1.8909572436679074 160.30536433683244
83.27572 -57.9543346797346 -1.8903405596590659 160.7449854193672
83.48474 -58.548383906757884 -1.8883445600037088 161.2263548009355
83.69323 -59.13064607958939 -1.872097549261318 161.7627737254616
83.90195 -59.69152914188005 -1.8562141735400701 162.40319723990427
84.11077 -60.23175217440855 -1.8612129626018534 163.13969003015018
84.31931 -60.73860322507161 -1.868778586685059 163.9517521378787
84.52796 -61.20099069614477 -1.881438980088985 164.85872475851002
84.73726 -61.623569929973684 -1.8893635578605552 165.8581152627765
84.94493 -62.01469289964568 -1.8925811794852618 166.99256053107334
85.15425 -62.3205494438114 -1.9138404305083718 168.2538165567145
85.36198 -62.55233344940429 -1.9369533538228856 169.6223195016184
85.57007 -62.69718116675081 -1.9552552708392028 171.09986490771357
85.77809 -62.76510639849969 -1.9914896982188952 172.6912688055915
85.98583 -62.79077490139993 -2.0307035800863056 174.36267187289386
86.19355 -62.787436382136256 -2.0648895775364062 176.12423355773015
86.40145 -62.77339303740977 -2.1100895645029993 177.97856379385559
86.60897 -62.755587784135024 -2.15637550513647 179.90165581530798
86.81672 -62.77337177918597 -2.195982939363427 181.91787636173945
87.02455 -62.78250775633317 -2.249653725346441 183.98489213643245
87.23286 -62.82188371639429 -2.3026130444579835 186.09042446341002
87.4409 -62.8592542431264 -2.3611605821983432 188.22193268240272
87.64894 -62.91445743465293 -2.4102357963256416 190.36234950223962
87.85718 -62.97628575027366 -2.4604967363577748 192.50386162253497
88.06568 -63.03527201166999 -2.5069480349330275 194.68158242386474
88.27385 -63.08820658798337 -2.554825198042651 196.85266969553248
88.48206 -63.139903387269534 -2.600971034932878 199.0128351306265
88.69045 -63.21613084709446 -2.6426902689985976 201.1755411877958
88.89883 -63.297272395861654 -2.6805343036985523 203.323278582059
89.10743 -63.380641777105 -2.7147193347380654 205.45898021641662
89.31572 -63.47243975358592 -2.754283354251973 207.5653105119864
89.52419 -63.56825100108734 -2.794155577400224 209.63640928857916
89.73269 -63.659511743895955 -2.8408431453985883 211.66761961219845
90.04556 -63.787236256728065 -2.8978144961575927 214.5385429312299
90.25386 -63.87234797175334 -2.936614781802551 216.32774757943014
90.56632 -64.01491222184698 -2.993649248533559 218.8394926697199
90.77468 -64.10890784341488 -3.024775982067226 220.3692357578504
90.9833 -64.20614117568255 -3.061734557446178 221.78990321369665
91.19172 -64.2932910351445 -3.089795752511403 223.10765513780228
91.50473 -64.36399610411947 -3.122543843711341 224.91240580041722
91.71382 -64.36864276315072 -3.151126320438236 226.0815621833418
91.92245 -64.31020244230064 -3.1827396249006235 227.23052974103456
92.2359 -64.13111807436432 -3.229990911880005 228.88369595966913
92.86295 -63.191803753636634 -3.3322937037444866 231.87762571533125
93.07203 -62.74144652432277 -3.3748195730421804 232.77294686487807
93.28083 -62.233940032612125 -3.4075187794718507 233.6189857830313
93.48971 -61.614116122008994 -3.4342275738560026 234.4221696186033
93.69845 -60.889028211265156 -3.4596800009712814 235.18654808168492
93.90723 -60.12501833582489 -3.5025245589363356 235.96351071157596
94.11582 -59.231947959729695 -3.5594821667274785 236.63848028284093
94.3245 -58.225351663985265 -3.580374021750913 237.19000212216227
94.53308 -57.15455339259577 -3.6206829610999316 237.71784919357876
94.74161 -55.95720948183927 -3.692895775348817 238.15932030484686
94.94997 -54.64680855600422 -3.754849517774079 238.4843794469097
95.15809 -53.234550352046725 -3.802524071768172 238.73838328485473
95.36596 -51.70871061607487 -3.865416434228764 238.94411347270926
95.57381 -50.07702984352617 -3.923011032061282 239.09939514198027
95.78189 -48.37027598891364 -3.9788998765690042 239.1786081366266
95.98969 -46.55513370154629 -4.0386326885565556 239.18291480569502
96.19761 -44.650743416033635 -4.109326927779422 239.16009644405113
96.40544 -42.67593041156904 -4.167590989193193 239.07455678782893
96.61311 -40.618819429631166 -4.222887788696702 238.97241193031581
96.82094 -38.47178369846351 -4.290196015728805 238.8783543154109
97.02886 -36.25644253391026 -4.347417063278443 238.776040836242
97.23747 -34.02114261192005 -4.414884630880999 238.6627908398285
97.4445 -31.78490824139495 -4.477226056274363 238.56779446478677
97.65249 -29.53380438298948 -4.541972305820372 238.49086614620228
97.86046 -27.279383279404815 -4.61066553526922 238.432348457404
98.06857 -25.009774882744438 -4.673806437341979 238.38405435215844
98.27666 -22.699347227934187 -4.741904010636971 238.36167240757715
98.48486 -20.391057821301565 -4.813611859923319 238.34177897598065
98.69307 -18.064677452804773 -4.874655016431866 238.3284734619685
98.90137 -15.731875211940796 -4.949795727861178 238.30474936145623
99.10959 -13.398471195796986 -5.018523641556415 238.26796366641682
99.31799 -11.058682695965075 -5.082699613777861 238.2370977673271
99.52634 -8.716852865023888 -5.155395778919125 238.21224144015875
99.73476 -6.406802495089939 -5.22342977052769 238.16797572161337
99.94309 -4.073440058235012 -5.287868565767064 238.1219659296631
100.1513 -1.7777384454140677 -5.343397152799172 238.06418562819402
100.3598 0.4842720534462668 -5.390857395221659 237.9943101251164
100.568 2.747840852919496 -5.4445429366394205 237.92947984516908
100.7763 4.984331593102648 -5.5127697837716125 237.86632875759415
100.9851 7.217181284397993 -5.577047311615933 237.7968624924625
101.1931 9.436821091201576 -5.636892629466773 237.7327869549363
101.4015 11.619345324248652 -5.688871233150498 237.65043388977165
101.6099 13.796306947494514 -5.74280715506226 237.56857292166373
101.8181 15.965164429851722 -5.798080478367424 237.50040663066
102.0265 18.119455559624626 -5.85113938200433 237.4296030751779
102.2349 20.25509574756421 -5.901993277504429 237.36403316048705
102.4442 22.380824899894726 -5.946008040080692 237.27657709196734
102.6515 24.455886222415963 -6.012481788012052 237.21269012735368
102.8599 26.50520867239661 -6.073588324079011 237.1242458638855
103.0682 28.55302577468815 -6.164203673603202 237.0580252068095
103.2765 30.60119723533432 -6.229749213513921 236.9981952764441
103.4848 32.61696482648303 -6.28359882835157 236.9711492101643
103.6934 34.60956917684499 -6.3494718986712275 236.94159407725158
103.9018 36.5786903661031 -6.405767990400291 236.88329983938021
104.1101 38.527486152586484 -6.474270451481876 236.8213243410843
