0.0 -0.0 -0.0 -0.0
0.1037359 0.006714399729678172 -0.006483520238502951 0.846705207313575
0.2073381 0.00010949733481468993 -0.00996631639773896 1.711421358615237
0.4146917 -0.028892543766732254 -0.02577478800541207 3.504528529486976
0.6220448 -0.06650675866291261 -0.04581334623419213 5.371924910586721
0.8294199 -0.13991893524226204 -0.06496549889459008 7.3133247510059896
1.03691 -0.23756314899274908 -0.08567590559221397 9.304566409732045
1.244242 -0.3318597938713206 -0.11912330453827957 11.33234409355535
1.451596 -0.4300874869368801 -0.12445868147898893 13.404510597122417
1.65896 -0.5496386464308975 -0.14325841444729573 15.522518745510439
1.969923 -0.7615122151915328 -0.15794423745747227 18.721830877527537
2.281017 -0.9563449837832965 -0.19095170650788654 21.936751367669263
2.48825 -1.1104381738986453 -0.21798189059425438 24.067626230734188
2.695832 -1.2689634649828256 -0.2425889933840063 26.218302104836333
2.903084 -1.4255738820329533 -0.2590724135809763 28.387391649813466
3.110441 -1.5865655103356338 -0.2636500237764857 30.568618031971596
3.317669 -1.739865656579513 -0.28159594539866944 32.75124117818717
3.524925 -1.8979160947932265 -0.2863512046370943 34.978594366657
3.732256 -2.049013768077857 -0.30476353192268024 37.200158274450374
3.939488 -2.232281731604012 -0.29418140068295834 39.434784165980965
4.146888 -2.406921153958238 -0.3237355185601143 41.68869120479499
4.354202 -2.6073796658473043 -0.3419940305987007 43.93408622570965
4.561559 -2.790444327230839 -0.3616305126251194 46.14134572140116
4.768912 -2.9765098281613875 -0.39400440310121104 48.32502307027871
4.976146 -3.1708147814447876 -0.4055515461350027 50.47376618438952
5.183503 -3.3427171026796927 -0.41655576440809894 52.58875728349871
5.390861 -3.52613646981281 -0.4410855839913655 54.70736681932619
5.598233 -3.705750147341913 -0.47101737456942205 56.78329989510536
5.805571 -3.9006605402131327 -0.5145996780353786 58.8675051654704
6.012921 -4.086067187888093 -0.5539051171340829 60.90724191888038
6.220278 -4.289872023447548 -0.587343694072376 62.93735605246241
6.427659 -4.477247279403526 -0.6179174679729246 64.95042209206743
6.634992 -4.677699524657651 -0.6460758141709346 66.92891645998482
6.84235 -4.888129657850011 -0.6674691555191943 68.83811769843432
7.049705 -5.094747637866382 -0.70906124225476 70.71843256582126
7.256934 -5.2953652403590645 -0.7455779490778505 72.52603094070797
7.464167 -5.505839941232915 -0.7865121300495582 74.26489758507219
7.671396 -5.699498727913262 -0.8067179641196822 75.97648520643266
7.878754 -5.885428495383934 -0.8267400615324393 77.62653258139403
8.086111 -6.068385346535847 -0.844826442636815 79.20509487344223
8.29347 -6.241169008162471 -0.8225829432047607 80.70792826930952
8.500847 -6.418225981434154 -0.8656664053161821 82.13894568389827
8.708175 -6.590512635025483 -0.8980188954583618 83.4861135252627
8.915403 -6.724054457765847 -0.9333215315324461 84.74884449714504
9.12289 -6.888940597496989 -0.9677966534787756 85.9521405909323
9.433986 -6.998552954243055 -1.0151092047835935 87.65876445746456
9.641587 -7.062315625158291 -1.0424367782572903 88.75967710628726
9.849229 -7.1025414592879335 -1.0474844120109739 89.82451941461433
10.05693 -6.981635059840298 -1.0648492814563797 90.73873774180892
10.26466 -6.841001818476389 -1.0233182427208596 91.71461140863116
10.47264 -7.024498405746547 -0.9643495422551581 92.63467492124364
10.68062 -7.018657559779056 -0.9552790212260364 93.05032243269895
10.88875 -7.112927000514045 -1.001379698186126 93.55969921992663
11.09659 -7.202806285643682 -0.9706240549521294 94.15145855162427
11.20057 -6.6233087937098105 -1.1219983190287413 94.3987337337303
11.51192 -5.897148505094833 -1.1398173462959718 95.24976703060761
11.71927 -5.315113049516924 -1.1411228737885097 95.74304999158709
11.92638 -4.707322701002468 -1.1546565647070322 96.17965344199638
12.13361 -4.052431634105581 -1.1596561221163775 96.5388991959216
12.3406 -3.347159263111095 -1.1536972574203417 96.83439156305728
12.54767 -2.6331489252094116 -1.1579069906773503 97.1563298718897
12.75469 -1.868049143470376 -1.1722452255491222 97.43779624318233
12.96167 -1.0465692782763014 -1.1593366856741099 97.67150768414271
13.16877 -0.17714454111310118 -1.150889073597858 97.91187706211045
13.37588 0.7698090231092785 -1.1709166045354618 98.16633663112378
13.58311 1.7789225138939457 -1.1751061941250218 98.39153960735452
13.79034 2.851188482955333 -1.1772303321741409 98.61046688780758
14.1013 4.618727285169562 -1.1923277985815657 98.95881546275456
14.41227 6.5775644827788255 -1.2028536606273152 99.31590126043564
14.72326 8.67507265482881 -1.205096816490362 99.69385756522665
15.0341 10.91391183451245 -1.2035782833301878 100.14351758942358
15.34508 13.308131849383948 -1.2099888911467158 100.66040050578722
15.65617 15.79052336633984 -1.2365739405374776 101.23249030228155
15.96739 18.311793904052372 -1.252337176345234 101.8360171433359
16.27845 20.82479176022119 -1.3018778191911284 102.39032792006742
16.58933 23.328330174136727 -1.3484119228880753 102.94882945579872
16.90043 25.89590329634753 -1.3730770963814767 103.54898380777868
17.21165 28.3877886204027 -1.3969486727935703 104.06109647120284
17.41915 30.014170263592323 -1.4149478705719378 104.33309481302204
17.62648 31.636913423470304 -1.427031027862574 104.58624070262539
17.83384 33.22915785413467 -1.4439625909004605 104.78575166476435
18.0412 34.81903895817533 -1.452588563727493 104.96734336131506
18.24855 36.37508860606152 -1.4538584791620748 105.12263057072147
18.45593 37.89471668917417 -1.4666819265936564 105.23268346220512
18.66326 39.37819421212201 -1.474752752572253 105.32689168458396
18.87049 40.83652191953429 -1.4766319239682677 105.40061397705753
19.07772 42.22311419221523 -1.4830060980484676 105.48222411367931
19.28502 43.540903694972656 -1.501463907447706 105.54736127553825
19.5958 45.38214085256267 -1.5378771487024436 105.69555731345422
19.90652 47.00852104733692 -1.5657011981854878 105.9081025460957
20.21714 48.55522222450492 -1.5875784237684185 106.2494957123384
20.52747 50.010736312863145 -1.622938260102147 106.75822461997117
20.83796 51.3182201624782 -1.6492929450252385 107.450508698913
21.04502 52.092127554625705 -1.6648796644865493 108.03003266573558
21.2519 52.744492301637514 -1.6788604611046585 108.72307995815588
21.459 53.28574365065228 -1.7154017212650081 109.49706424210228
21.66636 53.72720153279001 -1.7568293036492368 110.3552086729501
21.87395 54.047833406602294 -1.7992803370901762 111.25172902667937
22.08144 54.264931327598276 -1.8309445066997727 112.21891792925041
22.28917 54.38157370783646 -1.8668417027649507 113.20841402153484
22.49716 54.426497008995085 -1.8800387809128016 114.23087068365602
22.70551 54.609268639619586 -1.8855890370218455 115.16423904310437
22.80964 54.589004786297515 -1.8934953757582766 115.67338295065873
23.01761 54.594791731428096 -1.8675785670766585 116.66721266518111
23.22571 54.57864682185494 -1.8774714892501398 117.7044273263746
23.4336 54.60717391559575 -1.9088003240441305 118.77526731673764
23.64143 54.6376633806997 -1.9460744764105047 119.88679421592573
23.84899 54.67942150641004 -1.9911510474502716 121.04386037239966
24.05642 54.74743059853785 -2.03839193721235 122.25603531091372
24.26396 54.81624848022789 -2.0802385878406904 123.49429104690356
24.471 54.85436939934378 -2.150237357794056 124.76664466017169
24.6781 54.88742115754427 -2.2771939706895807 126.12486873389535
24.88547 54.92330420984264 -2.372008102622857 127.52220173845194
25.09267 54.89729523981337 -2.4215863067115873 128.9725484854033
25.2999 54.88909747911925 -2.5048640936762565 130.4426875047957
25.50725 54.85852741755174 -2.5908524540826514 131.95291979685098
25.71463 54.819959581774356 -2.696664400232901 133.5123540931845
25.92198 54.77252659145363 -2.795267462986827 135.10077746106788
26.12923 54.709507831418335 -2.9187098078469713 136.71841922363035
26.33655 54.6685690952722 -3.039500355582083 138.41903758263172
26.54405 54.640155847483534 -3.156185065765508 140.1441201044193
26.75126 54.5961562899179 -3.275342615374933 141.82467694316907
26.9585 54.60903338779831 -3.4183144618930656 143.5798312196045
27.26947 54.69751967906852 -3.576435949344229 146.30869950319737
27.58044 54.802738745641015 -3.7325255768965464 148.9910835259689
27.7877 54.86277801575294 -3.8239566218904333 150.8177307302806
27.9951 54.906428752221494 -3.9001767715382814 152.61450126101587
28.20228 54.9393849715185 -3.962558801115861 154.34543817542712
28.40963 54.9743065706952 -4.072079486799049 156.09188876267132
28.92794 54.80499005453081 -4.421085782339127 160.33816814242346
29.1353 54.29887728502088 -4.75566696764074 162.2012060990566
29.34253 53.656865192240716 -5.126553982094532 164.65590701826852
29.54976 53.033765220954976 -5.2566142354551975 167.48001277280733
29.75712 52.51334238272983 -5.323791750885676 170.44149014709535
29.96462 52.39156781830847 -3.7785931339801326 172.9302970935984
30.58667 52.237670266127886 -2.8046018361789056 181.09185200398375
30.79405 52.10644587457479 -2.9941857670337164 183.29700252063424
31.00138 51.93719207162504 -3.193962894259638 185.478692778411
31.20861 51.76365448412172 -3.403233673732313 187.64543816338818
31.4162 51.574138028317265 -3.6069906455835596 189.76940879716602
31.62342 51.35537384633663 -3.8251797812697994 191.87260585427438
31.83069 51.147786439564314 -4.055968616231965 194.01077247314146
32.03804 50.91561695421517 -4.253579414181097 196.15309041609686
32.34888 50.52348365734231 -4.553555697674685 198.92103993813467
32.45266 50.38079694347719 -4.667614152977157 200.01197404376578
32.65998 50.0535688818631 -4.867948167558941 201.9730559549841
32.86747 49.70982659098213 -5.082332871565523 203.9829272339992
33.07483 49.37986531951284 -5.286544392184744 205.9717232973092
33.38603 48.78042323503508 -5.608075262266599 208.63098996341895
33.59356 48.22824465284757 -5.700973849997762 210.37422587013802
33.80087 47.947757900309824 -5.964775896181925 212.21932212562376
34.00835 47.649311272395785 -5.747337531453535 213.95727839010107
34.21584 47.443106242539095 -5.889929690485182 215.6256383183823
34.52694 46.975862937800095 -5.9669079447008 218.05028703905506
34.7343 46.62533271779935 -6.067719724200373 219.39665499543196
34.94152 46.320780561131656 -6.213583551394635 220.67769479412837
35.04526 46.11432393497051 -6.284101756011559 221.48514959140562
35.25251 45.748401455512415 -6.410587760181123 222.63728707452887
35.45985 45.359823764280314 -6.549570868944471 223.82601846398563
35.6672 44.982834812811625 -6.6787202469777895 224.99300655472294
35.87468 44.42412549670889 -6.80547380089952 226.24977728807778
36.08208 43.843765795102755 -7.073916287329865 227.40053482969702
