0.0 -0.0 -0.0 -0.0
0.1037359 -0.0031943716327617663 -0.004727337396719253 0.8450858202784091
0.2073381 -0.016409160213585194 -0.010287076952939164 1.7095373771160247
0.3110752 -0.03243409315649455 -0.017279761601757915 2.5885846261014143
0.4146917 -0.05832005606942777 -0.024906195611041015 3.493279097708702
0.5184302 -0.08022797010587866 -0.03701951466864852 4.4171498851434094
0.7257977 -0.15198500112256325 -0.06104681278835257 6.314792603442994
0.9331467 -0.2327500316812307 -0.08017808136596201 8.28612339236933
1.140497 -0.33512747797438047 -0.10454157839811942 10.30028437087688
1.347979 -0.43684122162197814 -0.11951713069290826 12.356111000642965
1.555212 -0.5511967037187182 -0.14360650383062984 14.453666204219704
1.762569 -0.6801656551119549 -0.16671306082781495 16.590763899824516
1.969923 -0.8212500315160924 -0.1974104760580493 18.7705404519926
2.177281 -0.9572714572461116 -0.22918466342292573 20.994238098638622
2.384639 -1.1068200761886329 -0.26284409748440085 23.235306358816043
2.591988 -1.2629537815868934 -0.2891370471054531 25.51250958778154
2.799367 -1.4148027277664592 -0.31873978923555785 27.82486599468727
3.006768 -1.5640632108991859 -0.3315959213233158 30.150167555390684
3.214057 -1.7101492129205744 -0.3523053031701585 32.49478191375561
3.421285 -1.8455231384307624 -0.3815207303294472 34.87203353807986
3.628545 -1.9818558251216771 -0.4081196211619349 37.29765793737661
3.835871 -2.111434564375174 -0.42443552562629006 39.71354150581491
4.043107 -2.281755275490401 -0.44865443334866995 42.15849108922739
4.25046 -2.4551952011956386 -0.4775190522016768 44.635573483606805
4.45794 -2.634074049849724 -0.5067376041315446 47.11615544260294
4.665293 -2.822645110155597 -0.5239142631705719 49.59944131978337
4.872532 -3.0042472869850423 -0.5326232836047757 52.05535519069937
5.079909 -3.194782986866513 -0.5486981986309772 54.505772661279266
5.287117 -3.3709835161805652 -0.565976617282973 56.94986690540152
5.494473 -3.5710912820606184 -0.5889270335302121 59.35044805983156
5.701829 -3.7560710052095523 -0.6182722687465044 61.74714531710094
5.909185 -3.944219520108085 -0.6469344339854445 64.12793586135706
6.116541 -4.122046301571754 -0.6795551589917428 66.4890053709461
6.323895 -4.300641459579628 -0.7002765609068057 68.85115879637179
6.531383 -4.488785148077893 -0.7126944117168683 71.19785310207946
6.738741 -4.687343691604667 -0.7242479318475461 73.48952724931651
6.945963 -4.896611615159943 -0.7481509728071597 75.73732228002503
7.153323 -5.100498083563907 -0.7883569118493505 77.92586873060377
7.360549 -5.300825259035056 -0.8152688966947466 80.04578404732041
7.567786 -5.498356152266742 -0.8469996935754135 82.09753068658793
7.775144 -5.700811677453526 -0.8644951834349627 84.08488252229377
7.982493 -5.8992114961396105 -0.8794676156529257 86.00911134295528
8.708175 -6.541509612826038 -0.9566330081099113 91.95058095987969
8.915403 -6.682234083866062 -0.99614019978425 93.42958035904964
9.12289 -6.8362780973640405 -1.0276728084878903 94.8456712197419
9.433986 -6.974021558446987 -1.077265405346071 96.84891080200363
9.641587 -7.047232247166274 -1.0965113699601572 98.1033706171521
9.849229 -7.055192126086611 -1.1139165612781494 99.2904305306523
10.16083 -6.901105285100133 -1.142096026728118 100.96432411198202
10.47264 -6.550954915615133 -1.165781675955953 102.52978289969688
10.78461 -5.985750941235395 -1.2000968483135839 103.9310636944748
10.99272 -5.465610980957351 -1.2168125908384888 104.7634379644023
11.20057 -4.851872548508396 -1.2389456053114898 105.50007381536648
11.51192 -3.768668518192875 -1.2835507531537298 106.4245682552808
11.71927 -2.965379158827531 -1.3055803243915047 106.91065359023641
11.92638 -2.1295362919479146 -1.3306439866597244 107.33630974466183
12.13361 -1.2441661271531075 -1.3480201358863189 107.65977272818625
12.3406 -0.30318351978523594 -1.3569727323293745 107.89322264591522
12.54767 0.6465118903717588 -1.3825390695307085 108.15528218577774
12.75469 1.6583410785387542 -1.423926563721347 108.36188325810028
12.96167 2.7291983100830635 -1.4316149652221386 108.4913604808858
13.16877 3.8552186758422593 -1.4476155558201143 108.63457948735179
13.37588 5.0853693378612075 -1.5041743754656778 108.76102211743616
13.58311 6.388199503938559 -1.5398032182587713 108.84671803691796
13.79034 7.788131370822622 -1.5791360636486034 108.91580817695635
13.99767 9.284054565815563 -1.6169677901369661 108.98637814041898
14.20492 10.88545288102884 -1.6590880873378773 109.04937496206446
14.41227 12.586227078553579 -1.7016202907445652 109.10879418065902
15.0341 18.2988086245827 -1.8529040232700287 109.30316250435936
15.44881 22.54438445666649 -1.9540381796499156 109.5588358858127
15.65617 24.730829184010567 -2.0103353967641255 109.73271932211145
15.86364 26.94965163535595 -2.074956544380936 109.9098153253851
16.07102 29.194698947007304 -2.160357498250418 110.08029692765992
16.38209 32.55355567636519 -2.288352390847961 110.33429803505764
16.58933 34.780029910364476 -2.37023841648329 110.50657763818981
16.79668 37.01326746056178 -2.451117835037883 110.67409116432795
17.1079 40.33136007292006 -2.5666617201674384 110.8378160999469
17.31539 42.50188224375207 -2.635017720765025 110.90196531161153
17.62648 45.72928830962835 -2.73629605755699 110.90703013285635
17.83384 47.85343500545727 -2.7998816462101184 110.8531303743542
18.0412 49.946729784518745 -2.8637437264842895 110.76205582540007
18.24855 52.00665929709577 -2.927576747908995 110.62912682985008
18.45593 54.04042385914442 -3.00065249014775 110.4602754111734
18.66326 56.02167135369492 -3.062929994425952 110.26254808954064
18.87049 57.95198025063154 -3.1212948940099663 110.05440558355778
19.07772 59.805210169627095 -3.1759395854953345 109.85108265871014
19.28502 61.57784610644612 -3.2321409136595927 109.66626258096694
19.49224 63.25019806922475 -3.2791918101786552 109.52350055251475
19.69941 64.7979879151705 -3.340362090440383 109.43536040080853
19.90652 66.24825089830362 -3.3948935640054314 109.4133687570906
20.1135 67.66071548316313 -3.452538044182683 109.47543002456986
20.4241 69.72932613888176 -3.5343600802197495 109.75671288928173
20.73444 71.70375075570695 -3.613540017107112 110.34205040887912
20.94151 72.91425973600633 -3.6534669303458758 110.91174923339068
21.14837 73.99993128771672 -3.6958122414164274 111.61852601696293
21.35544 74.95925733610028 -3.732595172768884 112.48293715636953
21.56272 75.80240478677958 -3.783322764604327 113.46443712037029
21.66636 76.16928327413999 -3.8033560560209843 114.00372055939165
21.87395 76.80706230317524 -3.8419516984992983 115.17165003165795
21.97771 77.07668722419248 -3.856977898797331 115.78533830990091
22.08144 77.30820818770724 -3.878480633207105 116.41799264974009
22.28917 77.69762445782449 -3.8993628575230477 117.74015440796248
23.12172 78.63642885562584 -3.943396476433484 123.14959106181774
23.3297 78.9587287313534 -3.973780243266404 124.7241979547974
23.53756 79.31959424989695 -3.989799211657975 126.34422198825452
23.74519 79.68119593644367 -4.025052995634824 128.0604760290323
23.95265 80.1099362602633 -4.0647430551621335 129.83975693113143
24.471 81.27387120532708 -4.13118108308862 134.56188526756006
24.6781 81.73924881531724 -4.154173931183196 136.57469245862407
24.88547 82.23132722177297 -4.195509095613139 138.67317494495714
25.92198 84.67256800359365 -4.392511488283668 150.00435834850222
26.12923 85.14723134919196 -4.43226721018906 152.4006514780036
26.33655 85.63333362761881 -4.467700687677775 154.84285915952327
26.54405 86.15196909213228 -4.515803208023395 157.31848891586344
26.75126 86.7081932937478 -4.572740334950431 159.7719018723724
27.37323 88.36124975656222 -4.7336526913934165 167.1201499949895
27.58044 88.93490603660159 -4.795033379748208 169.49768724536983
27.7877 89.49347998509727 -4.851566952547687 171.94752378560153
27.9951 90.02727151599676 -4.89413068924564 174.3501802336964
28.92794 92.21970849148187 -5.145268121581542 184.88357272001392
29.1353 92.6605640445572 -5.201918172178493 187.1557356633475
29.75712 93.85249047829134 -5.350125757974918 193.99615485582498
29.96462 94.19592182713717 -5.35859137356087 196.26138794141391
30.172 94.52199488528461 -5.379424572999017 198.52870634235586
30.48305 94.91528488761699 -5.450183144687526 202.03722391550681
30.6904 95.14838059470486 -5.491603800076156 204.37871215392752
30.89764 95.33262953665115 -5.54243875270096 206.75820243058098
31.10501 95.48906515634835 -5.574137976137131 209.16128751967943
31.31235 95.62334703845079 -5.598594352612585 211.55179653277713
31.52006 95.71498305931328 -5.6337147027668975 213.92104454389118
31.72694 95.80752259782808 -5.665353152557036 216.31103692010464
31.9343 95.87871646051943 -5.688833856939416 218.7174854250228
32.14165 95.97031851002566 -5.710289556009184 221.06905237899392
32.34888 96.01318040630274 -5.723142502918488 223.4439552016398
32.55624 96.0266555575363 -5.755525118370183 225.84914842791338
32.76373 96.01791908514727 -5.767293485993801 228.26779358337478
32.9712 95.97344882580006 -5.790261252070623 230.66371006233894
33.38603 95.74608722190145 -5.831327290566394 235.5943590216282
33.59356 95.59050858912248 -5.836456678750928 238.01573398958294
33.80087 95.41615774407123 -5.861681328592591 240.4500434283281
34.00835 95.27044166245899 -5.884287405671693 242.94931771592076
34.21584 95.10550855726636 -5.903352616916628 245.43366983645183
34.42334 94.96807768862878 -5.928854867742709 247.8877515808426
34.63067 94.81499275484023 -5.971148725839302 250.36450068740874
34.8379 94.62077197087154 -6.023101874403835 252.84573724261304
35.04526 94.44047320286373 -6.053763899410189 255.27390141787916
35.25251 94.22959940855455 -6.098795336844218 257.7098841122592
35.45985 94.02851694774448 -6.13934592829024 260.14354915497285
35.6672 93.83614164818874 -6.17904332615828 262.5201407864481
35.87468 93.63424704655269 -6.201462162841921 264.85578793947525
36.08208 93.45353488059577 -6.237698564398128 267.18379900853114
36.2895 93.27733420705174 -6.259930199250787 269.4072726636528
36.49688 93.08206181003924 -6.275599315705501 271.53255077062005
36.70436 92.93766930439179 -6.31622116990712 273.526000675597
36.91177 92.79629321881657 -6.3552761857009745 275.49494242495496
37.11906 92.66103217825443 -6.3923311476462255 277.4513192448243
37.32643 92.57397854984029 -6.42668155074348 279.348782951335
37.53378 92.51245288922118 -6.459437846509871 281.2172654048517
37.74103 92.48695834007854 -6.505704663382582 283.0985190907146
37.94836 92.51239201431552 -6.558160599631047 284.9677166194046
38.15572 92.4994056461753 -6.58477877043959 286.8296943001715
38.36294 92.50274804586056 -6.598593037007056 288.7113567423224
38.57023 92.47769961895376 -6.624130773171418 290.59952180005246
38.77746 92.44539424114393 -6.65988909636452 292.4801720481047
38.98472 92.42473597778657 -6.686488540671743 294.4161745032412
39.19202 92.36805898849894 -6.723694840922947 296.405429669727
39.60673 92.24748934224056 -6.71819203467349 300.3539376032639
39.81416 92.21045675200665 -6.722468807279207 302.3861726976447
40.02144 92.16158317150703 -6.747218991041072 304.43956116214207
40.22896 92.09134152291475 -6.7556624155255065 306.47516478499665
40.43627 92.02909144627544 -6.771635227908266 308.51975512345723
40.64362 91.94111484380512 -6.788352669156735 310.5580826570869
40.85098 91.86469905947078 -6.812096044116711 312.5547711980306
41.68052 91.53677891234788 -6.916674502860614 320.1758927074263
41.88768 91.44988922156091 -6.931857536605552 321.83570206604736
42.0948 91.31435367598618 -6.952941763935193 323.3769677328616
42.30184 91.11808669817539 -6.968582584947255 324.8524197103567
43.12965 89.30683936208476 -7.077406325723718 330.0336149379925
43.33652 88.54660080911914 -7.133397897369169 331.064563124187
43.5435 87.69906930398145 -7.158564565190177 332.0069261645878
43.75071 86.74423180639813 -7.1654805364293885 332.8529527759015
44.99509 79.57964689618663 -6.945267034651356 335.3592292888572
45.09896 78.82760262217263 -6.91959267192282 335.3978608435878
45.20336 78.0508905162277 -6.896281994281659 335.41937736261383
45.82651 72.9104387503297 -6.745740269868795 335.17611040863017
45.93051 71.97883593735948 -6.723641778598179 335.1145155085189
46.13842 70.0058157863746 -6.678841759009585 334.98388031154684
46.34635 67.90972281909036 -6.6289085860983405 334.84597896368666
46.45021 66.81600482546891 -6.6026838368944105 334.78062219838955
46.5541 65.68294192555099 -6.579905351225135 334.7126691754165
46.86542 62.092670765469094 -6.49615760431674 334.50780880143134
47.0729 59.50616657552811 -6.442671400020285 334.3636511091424
47.28039 56.79495831666575 -6.389281655919521 334.23120830810205
47.48774 53.98248091118188 -6.330705503631657 334.08911952923114
47.69509 51.10266746870742 -6.272280597034691 333.95560106604404
47.90233 48.23316727739124 -6.212026065745917 333.80730083068767
48.10968 45.38360313903146 -6.160671013991574 333.6715133379052
48.31691 42.51383919156696 -6.109952069018527 333.5165977671911
48.52414 39.65999599520315 -6.033295986339731 333.34926946579014
48.7314 36.8337119833639 -5.963485247903846 333.150343371859
48.93873 34.005759758708905 -5.897402418782151 332.94080119701664
49.14609 31.21279842653671 -5.851056957700504 332.70965785267185
49.35385 28.43856267876001 -5.809218931054374 332.4851825750399
49.56095 25.669574543590436 -5.786176899319223 332.2858271620666
49.76834 22.93019860995423 -5.747463367275409 332.1018940240367
49.97576 20.210176526501385 -5.711610875566709 331.96755022068317
50.18313 17.517434286893334 -5.675220679148017 331.80732688724845
50.39036 14.835550481766504 -5.627100764569835 331.669676672902
50.5977 12.181201829797526 -5.574801934155732 331.4942465053033
50.80505 9.568295056094346 -5.525919790284276 331.3128391662899
51.01241 6.978222065506753 -5.478519561286814 331.1098317825946
51.21964 4.397835589820673 -5.445861067500814 330.88662116245797
51.42712 1.843608837052244 -5.407721200223352 330.6363022785467
51.63435 -0.6904534551610091 -5.354117220136569 330.35849327643297
51.84186 -3.1662927840542636 -5.309599584553855 330.070627870999
52.04919 -5.591873022521867 -5.266027481667694 329.79039787637936
52.25655 -7.921082264323108 -5.227216099061051 329.5223652038156
53.29322 -18.085904277284875 -5.0533575194369 328.56129177822396
53.50056 -19.82534365960566 -5.0291868826637804 328.4453420896321
53.70791 -21.44789167520005 -5.005216700886675 328.35743983757226
57.75039 -31.38774114586332 -4.8712766913549705 328.3170715097947
57.95768 -31.50679010698721 -4.871319015880105 328.31408505631885
58.26862 -31.88630056467747 -4.872321140000411 328.3391027640876
60.23977 -38.921924183385045 -4.905231236547154 330.7034855656906
60.3433 -39.357813398692656 -4.9130960667831385 331.07742485749304
60.551 -40.19433694135006 -4.92016017008274 331.9337405976811
61.27685 -42.56453180359425 -4.932793338207576 336.27092193718784
61.48395 -43.01105277585106 -4.939346744122853 337.88745307174736
61.69106 -43.36423467504805 -4.959965336793644 339.6723472725462
61.79455 -43.49972315308083 -4.975533556542642 340.6237612306006
62.00274 -43.70592055177502 -5.0005537057949425 342.6324032696915
62.20813 -43.85705616625806 -5.027733538457841 344.7798882377387
62.3115 -43.923037410415205 -5.044696618962282 345.89233627345567
62.51823 -44.040033201500584 -5.061887936500105 348.2050906051461
62.72522 -44.14166269676422 -5.093349445368969 350.627530784556
62.9322 -44.23960264774639 -5.123305945214386 353.15720009804727
63.13942 -44.33592979866854 -5.146822181603497 355.81650725154907
63.34653 -44.43402309962926 -5.166044575352236 358.5699924158524
63.55389 -44.559620807564315 -5.191073111316317 361.4097138804292
63.76125 -44.70180717886933 -5.245158491079676 364.3242328502134
63.96862 -44.84161489662207 -5.292231719929856 367.374792695876
64.17597 -44.95938051831365 -5.321148404547179 370.4881831200583
64.38318 -45.08484923249575 -5.3471187579760695 373.65681061361545
64.59071 -45.237539758838 -5.39467312663807 376.9269056348964
64.79794 -45.4046060399194 -5.467057614299765 380.2893522198462
65.00534 -45.56857682289957 -5.515977086728871 383.72933790192934
65.21283 -45.72384788946978 -5.543725466551137 387.1994314111749
65.41985 -45.8959364023204 -5.590861841930014 390.74099878020314
65.62711 -46.07221708454824 -5.652122454881795 394.34631720044143
65.83443 -46.27432972988054 -5.708150795983874 397.96066655054165
66.04166 -46.482531183280344 -5.7671281658942215 401.5806953431353
66.24894 -46.71713933608393 -5.856880115856106 405.21751331617594
66.45624 -46.97341073653966 -5.944275643740189 408.86031521968374
66.66359 -47.23985363141077 -5.999354711189808 412.47254049228565
66.87096 -47.47316169207022 -6.06888082585712 416.07573339111894
67.07831 -47.71200402187685 -6.140480695979383 419.6407333458024
67.28567 -47.958821002238636 -6.220087989997247 423.1946964642554
67.49297 -48.208974822334206 -6.30480226442116 426.74182122454266
67.70027 -48.45312819915555 -6.362982679746579 430.27321924464985
67.90759 -48.688722240215355 -6.415986220398379 433.7900892157837
68.01129 -48.80856143541795 -6.434033369160089 435.52537741078714
68.21865 -49.05584415085963 -6.4883659167791095 438.99733784369806
68.42594 -49.297416073302564 -6.561235974704726 442.4818799248587
68.63317 -49.53403775587003 -6.641738789021696 445.9823421242057
68.84053 -49.76464408955375 -6.699316661889691 449.5104155297208
69.04789 -49.996579811158696 -6.758425106378313 453.05069124859085
69.25532 -50.22504225912939 -6.8169980644777 456.631037691407
69.46264 -50.45671440557996 -6.871280328712065 460.2456057725584
69.66995 -50.69003173188722 -6.9275495456158005 463.87101753184294
69.8773 -50.91015094258507 -6.995362684560549 467.52492543777254
70.08466 -51.1529480173154 -7.057601905879494 471.2062410827686
70.29203 -51.37213383733362 -7.102225405865755 474.8697927451942
70.49937 -51.5785314097476 -7.159481772306961 478.51141806746654
70.70661 -51.79472414125166 -7.2135132955040415 482.139887621658
70.91396 -52.01120092632582 -7.269312848882931 485.7378761385447
71.1212 -52.217745617198744 -7.313508306011203 489.3530826055977
71.32843 -52.42222280669164 -7.363717821806972 492.891363142416
71.53585 -52.64384259257895 -7.4242815575327885 496.3993549722752
71.74301 -52.85879615623897 -7.481635949399288 499.8621406681252
71.95025 -53.07529710898379 -7.532639583638023 503.2611462336075
72.15749 -53.29149168401008 -7.575546224703045 506.5759051201405
72.36483 -53.52153496638934 -7.620674943288947 509.8237940802719
72.57206 -53.749731021244706 -7.6790910746733205 513.0064550850642
72.77944 -53.98808249969798 -7.728161252723774 516.1103088133658
72.98677 -54.218555817853996 -7.771635046833351 519.1252620008052
73.19419 -54.42834141857195 -7.824193993325148 522.0294417026134
74.64526 -55.3290773303776 -8.120033823114747 538.3072721225144
74.95596 -55.50713586829416 -8.167921439565907 540.81113654223
75.16308 -55.680419197784445 -8.195913150147652 542.3389273141815
75.88728 -56.979696874551635 -8.304994069811412 547.2126344926552
76.09411 -57.60998413784523 -8.310506028292275 548.4314838249574
76.30097 -58.334210203740895 -8.30972061175324 549.5780376505369
76.92199 -61.48083230769734 -8.255383868838639 552.683939472267
77.12902 -62.88575698113095 -8.173020288478615 553.5579178355141
77.33625 -64.47143587403067 -8.120892162354277 554.2423281893457
77.54357 -66.19898416047215 -8.086236974530745 554.7170643580716
77.75084 -68.0841962852371 -8.04747964031131 555.0271492751481
77.95859 -70.1166590833073 -8.025321743976791 555.0361083471142
78.16657 -72.24837126352071 -7.9734443827846935 554.8727083082529
78.37479 -74.47360677018168 -7.895406394777402 554.6461693414694
78.58315 -76.79255779655041 -7.835083130060398 554.3419937795546
78.79149 -79.18928774567019 -7.7443452221859905 554.0279206405792
78.89561 -80.424602399961 -7.705975070986387 553.8920467644067
78.99975 -81.70245968862758 -7.6928145430653405 553.7708351632468
79.10361 -83.0022546107104 -7.679847351367869 553.6301074503012
79.31138 -85.64998481023886 -7.631481890112718 553.3249812459003
79.51897 -88.3857230947585 -7.582829723073806 553.017328977429
79.7264 -91.23652121282444 -7.529632911695836 552.7207537834681
79.93387 -94.20582485453123 -7.457522814625568 552.4417000779715
80.14127 -97.29876712245164 -7.388927272902971 552.1975312036909
80.3485 -100.52974052980773 -7.295838105953372 551.9613537965271
80.55583 -103.87241176591796 -7.208075296137239 551.7331650676126
80.76319 -107.28478883431247 -7.100660979867799 551.5272416131655
80.97042 -110.73743922296435 -6.994870963574012 551.3175351363695
81.17767 -114.22408229205003 -6.896883627366998 551.1279569338814
81.38503 -117.76511235552132 -6.8021251953854645 550.930615897442
81.59223 -121.30087524828303 -6.710007555974149 550.7194363408977
81.79947 -124.7867134837488 -6.62660176328661 550.494903828497
82.0067 -128.27239109409032 -6.5340770846054355 550.2713273765945
82.21407 -131.72607636991663 -6.444144346478408 550.0303396584087
82.42141 -135.19783893876445 -6.34018918932215 549.762401560481
82.62878 -138.6200941484792 -6.254918948218272 549.4405546857973
82.83614 -142.0277265656671 -6.149786575972934 549.1188572971075
83.0435 -145.40776949453922 -6.066355528281461 548.8160724256602
83.25097 -148.82249114692283 -5.983382452288777 548.489029179738
83.45819 -152.19252133453608 -5.894430055416699 548.1831996689081
83.66555 -155.5752365409636 -5.813138221084516 547.8903730198372
83.87292 -158.95242252553837 -5.729215008546933 547.6384020577125
84.08013 -162.30701355991906 -5.635500012930098 547.4350536428957
84.2876 -165.6295541928307 -5.551766000107789 547.2673177533293
84.49476 -168.9254697994105 -5.470666939429587 547.1257059501812
84.70212 -172.2322238114783 -5.394257492185331 547.0354362304704
84.90931 -175.52964709022524 -5.316782916977331 546.972883627672
85.1167 -178.75111974056517 -5.227199502326033 546.9419177816105
85.32408 -181.85507022769346 -5.149247118061569 546.9209075290389
86.15319 -192.74542311678863 -4.9460652433786265 546.8289846322175
86.36051 -195.03719627722072 -4.893949437478028 546.7532360947433
86.56778 -197.2967595093378 -4.845443501628624 546.6345101507924
86.77514 -199.54030968956857 -4.796164098913137 546.4867819971944
86.98251 -201.74549262250304 -4.747818592513899 546.2950398382122
87.81198 -210.67815128490292 -4.6194573901006155 545.2771147280581
88.01928 -213.0128420097391 -4.594828926191622 544.9496208998863
88.22662 -215.4172746544996 -4.562166720835946 544.6408502287833
88.43433 -217.90874667408818 -4.5219001971520925 544.3039205964609
88.6414 -220.5069054658942 -4.461160255141709 543.9562584791148
88.84889 -223.21019094078946 -4.363994300565524 543.6055023263707
89.05617 -225.93884314655793 -4.275644796389292 543.2566208034688
89.36714 -230.34256955036162 -4.118387715317128 542.8038822871255
89.78198 -236.52997325155573 -3.891430179600947 542.2344349474297
89.98935 -239.85626156042696 -3.8034871751360813 541.9345626691858
90.19671 -243.26618218968326 -3.718918529692889 541.6778488312953
90.40405 -246.71501721734106 -3.6499522840508405 541.5393934630348
90.6114 -250.39525085258356 -3.6307430064857327 541.335607921898
90.71514 -252.24219410411402 -3.6301413999719534 541.2889570078185
90.81876 -254.0835496867238 -3.6167887561518013 541.2636139005548
91.1296 -259.64731952337047 -3.585839850455821 541.1978632274693
91.23322 -261.51385671619306 -3.5917495989448476 541.173584820561
91.33684 -263.38217422377784 -3.5911026330180844 541.1520926916864
91.54407 -267.12780617165265 -3.561063853600185 541.0870874225918
91.64768 -268.99403472544054 -3.5547667430462804 541.0410542468518
91.7513 -270.842839382033 -3.5510791268086863 540.995657294357
91.85504 -272.6888981257303 -3.5460748207123745 540.9489267479444
91.95867 -274.54035920552167 -3.5490562821788396 540.9055403189363
92.16588 -278.23107576564115 -3.564318558657574 540.7688874054911
92.37311 -281.8864192705148 -3.5466240090430086 540.5917898555954
92.58047 -285.51290931640705 -3.5584874077450444 540.3895204626905
92.78783 -289.138371153767 -3.560069489980672 540.1923513198703
92.99493 -292.7615256885911 -3.5665764896293863 539.9713084727168
93.20216 -296.34024847456453 -3.542880114494884 539.710828246733
93.40939 -299.84913409493697 -3.542433936890069 539.439860383332
93.61675 -303.394523797525 -3.5349120405518413 539.1682380624852
93.82412 -306.8951985759839 -3.510505535735052 538.890351447557
94.03155 -310.36145340416635 -3.4807373031384277 538.6090251389298
94.1351 -312.08495879915495 -3.4653550271921443 538.4629143004549
94.23882 -313.79931756904983 -3.444035751485953 538.3175214549643
94.34255 -315.4958104633128 -3.4295988476959947 538.1666780420626
94.54994 -318.8789179911758 -3.4131324855985916 537.9271958337622
94.75729 -322.23424096018584 -3.394221348810138 537.6796935305272
94.96465 -325.5651854010308 -3.367284127147026 537.4585134884894
95.17185 -328.79834042458594 -3.329489959052771 537.2247118228584
95.37921 -331.9478248718111 -3.2999528782910845 537.0049765474963
95.58659 -334.98861075467437 -3.277436507563298 536.8004371806835
95.7938 -337.8680883548827 -3.2672486915613437 536.628707602379
96.00104 -340.6408539405451 -3.248228598719775 536.4614190430049
96.2084 -343.28343751620537 -3.2456751834020565 536.3034393138408
96.41565 -345.71266739911607 -3.2465270590433555 536.125359252276
96.62299 -348.0146795154991 -3.2349428713802157 535.92027649899
96.83026 -350.24107719397495 -3.2403975350661165 535.7038897585235
97.03753 -352.37044234004424 -3.24286137000258 535.4699054202605
97.24469 -354.40224631087546 -3.2407093948916907 535.1894327135919
97.45171 -356.3477372636311 -3.2357612596128993 534.811035304581
97.96862 -360.83599144326735 -3.2071952189020125 533.278158669961
98.17532 -362.4629708792042 -3.1802806874453045 532.3544900896904
98.3822 -363.96311135505084 -3.140076302452299 531.2435250073228
98.58919 -365.3110368233215 -3.1145739055487383 529.9028925274021
98.79615 -366.4544514683294 -3.0517317193073366 528.3662006110486
99.00328 -367.43956017757273 -2.976479034903482 526.6153970194853
99.21063 -368.20509939623196 -2.907916282670458 524.6570225194334
99.41837 -368.80965817486543 -2.829864503052683 522.4986392655264
99.62559 -369.1670262676174 -2.7246327142319515 520.1517125829118
99.72953 -369.2649077341512 -2.670400182343922 518.8938359304425
99.83345 -369.3020061748055 -2.6135750078080626 517.4983805115367
99.93756 -369.3664900662512 -2.544113118660974 516.0236348545648
100.042 -369.38422536033096 -2.4949305932093857 514.5629272569494
100.1458 -369.37366031895925 -2.4304967217923057 513.0589585575096
100.2499 -369.368675428648 -2.4131106235038082 511.5338334334418
100.3539 -369.3430340914651 -2.3689406924307725 509.98162970302775
100.5618 -369.2479106472058 -2.249992239129016 506.8044770312841
100.7695 -368.97830656029157 -2.2064961045009728 503.4854569477974
100.9772 -368.6755010317589 -2.1419514886350672 499.7823167547712
101.081 -368.46916431192625 -2.12518609884871 497.8968646847363
101.2884 -368.0789080101737 -2.0543342798953645 494.2003509101637
101.4958 -367.69679337702445 -1.967808003906832 490.098999308859
101.7033 -367.1678038760836 -1.8756157303982164 485.9206647467391
101.9106 -366.61079685698564 -1.780368210183724 481.6171727282553
102.1181 -366.0090870749999 -1.7059843576997515 477.1609511453085
102.3256 -365.3908057121186 -1.620692205711837 472.5464153553024
102.5329 -364.77396847024687 -1.611285676982078 467.8499345454211
102.7403 -364.15361444044424 -1.482601186600668 462.9824697830336
102.9476 -363.51249507333654 -1.3354786877405616 458.04492020840763
103.155 -362.8595488043124 -1.2279521781933695 453.09869603586145
103.3622 -362.1580467373393 -1.1284742172057562 448.1449186096451
103.5696 -361.4172231236315 -1.0692755416944735 443.1664912686276
