0.2073381 -0.011575547022876196 0.01675010912962966 -1.3114156080020938
0.4146917 -0.015128027375772537 -0.0047553722568737435 -2.675882902854381
0.5184302 -0.026760258048118112 -0.0076015155950270455 -3.3854732887279106
0.6220448 -0.0495743683650026 -0.0058135298823197845 -4.075057019843604
0.7257977 -0.056022746135066664 -2.519311883208355e-05 -4.7504495736858106
0.8294199 -0.05617182226154431 0.016003220684607068 -5.456698728842208
0.9331467 -0.07513790304759266 0.031627017453454816 -6.1680969256083555
1.140497 -0.07161022090302578 0.06139522330647137 -7.620592593311161
1.244242 -0.06062034646807869 0.06287403201013936 -8.372923682464906
1.451596 -0.09289502820445218 0.08855946815321032 -9.87168464935303
1.65896 -0.13991543138400891 0.06967546049458595 -11.428977331697979
1.866302 -0.14717920671173482 0.02278496921769345 -13.001817687932794
2.073666 -0.18454145212331396 0.071384342989559 -14.616730245339848
2.281017 -0.2320701081555741 0.11727205137162112 -16.24512461814593
2.48825 -0.27647441001084283 0.10280090089584921 -17.885343892361043
2.695832 -0.2860994472372174 0.1976692627672955 -19.56799909337463
2.903084 -0.26296434818346476 0.37837339089188987 -21.24846439487454
3.110441 -0.2040667219409227 0.3439062426219905 -22.948956131896782
3.317669 -0.13665296334857702 0.17207517155786653 -24.65762738822024
3.524925 -0.10999735734062561 0.35376691888309153 -26.360823344816865
3.732256 -0.15969776191608834 0.43114187917814323 -28.076837893372634
3.939488 -0.27066940241743137 0.2158727554972078 -29.78307075392125
4.146888 -0.3633377304587115 0.24783613964951787 -31.519461157391717
4.354202 -0.40975611376667104 0.4007208346915937 -33.27160070208354
4.561559 -0.4205890285773014 0.5978411088136908 -35.01238785449446
4.768912 -0.41710512015745277 0.6828995703276716 -36.773172067282104
4.976146 -0.38971815205387134 0.541860637917432 -38.528762480336965
5.183503 -0.4646620662616777 0.6053149835913505 -40.250227111004776
5.390861 -0.5322139190516619 0.5328155403328875 -41.986355400410375
5.598233 -0.5936641597317392 0.30052253028211573 -43.68154585729678
5.805571 -0.5804464903505258 0.6653077115340164 -45.381465073297235
6.012921 -0.6030910383162464 0.6548251549308429 -47.07268661583812
6.220278 -0.6832043139020523 0.6809681920486162 -48.755450635576956
6.427659 -0.7713662593660934 1.160418687097478 -50.42474054741527
6.634992 -0.8533244188942296 1.0877056031687096 -52.08784440634062
6.84235 -0.9488066731316218 0.49329670705643963 -53.705444215969514
7.049705 -1.0472658517264786 0.689718676753621 -55.292362223231976
7.256934 -1.161278287787882 0.7863822933180827 -56.83261417791684
7.464167 -1.324247315704009 0.8992698893239413 -58.32818984926942
7.671396 -1.4202761034442193 1.0009533032997522 -59.79974252423657
7.878754 -1.535710429104754 1.435225808712354 -61.22865220723674
8.086111 -1.6814963485275152 1.2964527696523234 -62.601620341568726
8.29347 -1.8363332984855074 0.4953614798067775 -63.88217258907811
8.500847 -1.9036376356955058 0.6336020960556761 -65.10646538343414
8.708175 -2.0912285606986134 0.6242406395238227 -66.25312187426368
9.019162 -1.8267012198613846 -0.034887821671790276 -67.84943809442811
9.226512 -1.1878373298508238 0.375994569234786 -68.85208119749258
9.433986 -0.201419486895314 0.9338372857664693 -69.8025835439882
9.745342 2.875543801641897 1.048094558770959 -71.07053848932017
9.953059 6.332699817997527 1.154750895880704 -71.66980578944515
10.16083 10.832787045452248 1.4706810388426748 -71.92820443017693
10.36867 16.469670872531918 1.5530486258820835 -71.64167633872087
10.57663 23.264443809353484 1.5397961148173616 -70.48407759137004
10.78461 31.071678298530173 1.3010269389225972 -68.11067029134001
10.99272 39.34217981217076 1.1330645015486225 -64.37361367552099
11.20057 47.43317569115547 0.8987960599292412 -59.32686955542572
11.40818 54.66750527423182 1.2303720808479603 -53.36851838008664
11.61553 60.86185503634514 1.0709544376898268 -46.79809509079052
11.82277 65.77380828092144 0.8298468772710754 -40.17811168509061
12.03 69.56167682685754 1.053792635543638 -33.73778695047846
12.2371 72.24954597840653 -0.426689172095383 -28.02340793061255
12.44411 74.06545696641473 -0.5323748308743494 -23.36737905667471
12.65107 75.37503686926873 0.6157431729600638 -19.45840310118268
12.85806 76.22605302533009 -0.056239447555785756 -16.394063176207464
13.0652 76.78894672631839 -0.9153060430054173 -14.06697995978794
13.27235 77.22685609496739 -0.4579206481813137 -12.342835263394054
13.4795 77.51785373957975 -0.5630756194414369 -11.12316725841907
13.68672 77.72034244478974 -1.087210305812212 -10.377349837734567
13.89395 77.84047518567576 -1.294052167506255 -10.331293111806499
14.1013 77.96834051242864 -1.4456880525645615 -10.499040833165122
14.30854 78.0262514391927 -1.8043443587956756 -11.105725753827441
14.51589 78.09052661529728 -1.9141139287882605 -11.898375846481176
14.72326 78.04372050447529 -2.528532787505309 -13.282189156998264
14.93048 77.97345118056512 -2.824033698618282 -15.058159643277998
15.13784 77.82436887715662 -2.9706430898378513 -17.149701627774885
15.34508 77.71529187863823 -2.651265463324347 -19.25659930286283
15.55255 77.53914574101194 -2.3821437046005283 -21.48345817200217
15.7599 77.48782341616774 -1.9731437320670886 -23.352312782394925
15.96739 77.51409130616621 -1.5889541426176539 -24.90682757039645
16.17474 77.53107434837199 -1.3511321191446284 -26.471944211309047
16.38209 77.54243823235772 -0.961462992804661 -28.079484590312582
16.58933 77.58471986172698 -0.49855803197427256 -29.60691148856449
16.79668 77.8214024809282 -0.04301490666786066 -30.63495680198763
17.00419 78.15180028742022 0.5297875995917715 -31.337225433672295
17.21165 78.63836735951995 0.6171417122294628 -31.623925872228334
17.41915 79.27219965522158 0.555096334862616 -31.54771171330785
17.62648 79.97376455707514 0.594557237018677 -31.30973999643535
17.83384 80.64799157220251 0.573949934977868 -31.052195077592707
18.0412 81.33338911624833 0.556780052431583 -30.78533595048859
18.24855 81.92308735753288 0.3489597748931686 -30.649421915102952
18.45593 82.46518339240535 0.35164959994862044 -30.575937842439725
18.66326 82.83362658538351 0.11531964107323346 -30.946043279937214
18.87049 83.07488241523608 -0.1143476050853098 -31.669675774763768
19.07772 83.14325526456801 -0.15654172288630486 -32.739820378561085
19.28502 83.00698910454574 -0.3886750350476553 -34.26483837604202
19.49224 82.53925969038464 -0.3321831760300148 -36.51721531649777
19.69941 81.62312149890045 -0.15539953786481014 -39.609938204541166
19.90652 80.00316170677446 -0.13308340180152828 -43.76482475580716
20.1135 77.60236382298103 -0.16960258548873855 -48.89314337368589
20.32061 73.87259919738834 0.12710857961844832 -55.34175199171812
20.52747 68.71286895359871 0.8093359250912876 -62.59288718275124
20.73444 61.915471651952 1.6295408014718327 -70.28199126182672
20.94151 53.01678179510642 1.3891044079107897 -78.16639667721671
21.14837 42.4079068366341 0.24542032251049628 -85.34111211973928
21.35544 30.15860906382653 -0.220438486225405 -91.32206313313019
21.56272 17.64715070072081 -0.456214168237066 -95.45741182640319
21.66636 10.855263449533005 -0.07453902865042991 -96.94179860672594
21.87395 -1.7764377240765588 1.0682736022002368 -98.41108240250868
21.97771 -7.759126984988801 1.9660333689674923 -98.56332958306874
22.08144 -13.113061516975474 2.3603352247044778 -98.44892299571019
22.18531 -18.11538477935859 2.664924669809184 -98.09630776740347
22.28917 -22.178043237682413 2.756816567392668 -97.71421743795376
22.39317 -25.730943341785565 2.5488970563925113 -97.3050068838011
22.49716 -28.88388730653926 2.3190089867438934 -96.90440366936205
22.70551 -32.64458064768171 2.6332238437527358 -96.68230427103553
22.91366 -34.89586526106986 2.293540567391692 -96.91401506193803
23.12172 -35.792279015471664 1.3334472320359712 -97.66069520145354
23.3297 -35.503354903115785 0.7658421706168659 -98.86905050317662
23.53756 -34.64229842059913 -0.17382324043409775 -100.3201955452403
23.74519 -33.63338975127558 0.004196300032900208 -101.85467751669968
23.95265 -32.74108061668438 1.2637637790347516 -103.40144029910415
24.16001 -32.06484734819337 2.0761804899270118 -104.9120116020547
24.36727 -32.05370465969623 1.1706590015152991 -106.30360566712285
24.57456 -32.380909657877375 -0.06187230447754317 -107.58883902050717
24.78183 -32.903587689267994 1.34627049203865 -108.89767325219977
24.98913 -33.421666195871104 1.7450744098351507 -110.22485525627009
25.19632 -34.033582653096005 0.4592679310746505 -111.55536711382915
25.40364 -34.915263878197464 0.4431043830335708 -112.86733730060915
25.61088 -35.56717114652351 1.1470604277789194 -114.25767260638656
25.81822 -35.738114602464755 1.79220552997162 -115.86136202275115
26.02568 -35.77345981173361 1.5548198399341744 -117.52753180106018
26.23299 -35.60132034651182 0.436658999437296 -119.26004004832554
26.44034 -34.82215865362554 0.5023123961514588 -121.1780540424386
26.64767 -34.310963440304384 0.16332334248155966 -123.04219598783223
26.9585 -33.969934189612985 0.6922106367922471 -125.712341134838
27.16587 -33.57848063822887 1.5816897437234279 -127.52956199961943
27.37323 -33.299967312602114 1.260521178626072 -129.30026244927203
27.58044 -33.42255549977934 -1.3600857045947563 -130.95900288691246
27.89128 -33.979006712445795 4.705602447063387 -133.3458366291083
28.09865 -34.24324861891049 1.5584580680097102 -135.00261266503995
28.30587 -34.55401636671003 0.6423473324419666 -136.59136353265885
28.51323 -35.45253770110561 0.7100738502662233 -137.99828912950147
28.82422 -36.7634225916294 0.09059376728720801 -140.09466816805798
29.03156 -37.18305386415714 1.0622094542387266 -141.64629420527268
29.23891 -37.75002058017793 0.760472491415702 -143.11312342988563
29.44614 -39.43555539478348 0.4162472060698581 -144.25038380684944
29.65342 -41.26530350423998 2.372735368403183 -145.33848118766994
29.86088 -42.38895339428304 3.8957897665965597 -146.5861860229796
30.06821 -44.15616994299309 1.657886117744605 -147.69960016314883
30.2757 -45.95911875301061 1.2149796538151287 -148.77928527304744
30.48305 -48.433649563931176 0.8524306922771214 -149.65663536802964
30.6904 -51.16926585176892 -0.5345903684658858 -150.39849560028836
30.89764 -53.48360930310985 0.6761045958273815 -151.271457315313
31.10501 -55.957805316200165 1.8101956588177897 -152.066347876447
31.31235 -57.534437124602796 1.7471261566568503 -153.12760968947615
31.52006 -58.747305647357855 -0.7571455595657212 -154.31457070002514
31.72694 -59.739261564752624 -0.4009498833577994 -155.5725046574476
31.9343 -60.635566168946724 2.2077650198400565 -156.87427701158325
32.14165 -62.16678764734447 1.0480061190877201 -157.92346926526022
32.34888 -64.26675230648509 0.3049505528314913 -158.7356125053388
32.55624 -66.72399842614362 2.298603086388311 -159.3758811829809
32.76373 -68.60523428625099 3.770479665452809 -160.2002381020452
32.9712 -70.7980991868895 1.8464021929143397 -160.9430024631411
33.17856 -72.90420614117116 2.9226762445696357 -161.65953149650028
33.38603 -74.51440874082006 5.157921272076812 -162.57307863082534
33.59356 -75.42386432513872 2.722845701747796 -163.87939671592568
33.80087 -76.1928061669421 -0.0489085382750321 -165.22086296816312
34.00835 -76.43416049514965 2.5675534364344728 -166.80948334551357
34.21584 -76.7240591583274 3.2193728135252515 -168.39160779160096
34.42334 -77.34283548540671 0.8052109509726324 -169.84220593689923
34.63067 -78.0020057378246 1.5548457779032205 -171.2732660345007
34.8379 -78.47676132131366 3.6174335496819987 -172.73648943285127
35.04526 -78.57256314073138 1.8289738678516356 -174.3886083083518
35.25251 -78.64760576148913 1.5422213077827445 -176.0308264670358
35.45985 -78.8172134138204 2.131175962476622 -177.58022273413349
35.6672 -78.84723849899821 1.4104869208158286 -179.20716589426917
35.87468 -79.47099303511267 0.1862105630129164 -180.5459258997899
36.08208 -80.01412545286043 3.735471325371055 -181.86506541015518
36.2895 -80.32225967192501 3.3128191630903405 -183.25041487432273
36.49688 -79.98014531315712 1.1809953536538351 -184.8280987646318
36.70436 -79.46458368870307 0.33979387797892296 -186.40933453021373
36.91177 -77.7506764261524 1.097412280012418 -188.45936739923638
37.11906 -75.41302393428616 2.9062782909261484 -190.6968875625023
37.32643 -72.98162885486988 1.1702011281088536 -192.93742655521223
37.53378 -70.02804078610335 -1.8269769730742875 -195.26027979309444
37.74103 -67.51069261930249 -0.22772027029138536 -197.4127625764766
37.94836 -65.3639561378321 2.187168669212454 -199.38223249279582
38.15572 -64.41122383549651 2.4083690703704757 -200.91996476610586
38.36294 -64.73671693456622 3.2428666711398955 -202.04951830984822
38.57023 -64.64470237118252 2.0643350624887535 -203.3398431633291
38.77746 -65.25737316948327 -1.649979562425724 -204.3996448113001
38.98472 -66.75500662151079 -1.2030701463092723 -205.20365349589562
39.19202 -68.57364821482564 4.22315121335148 -205.8872158785064
39.39932 -69.82414566639633 6.331251243647316 -206.74471961552533
39.60673 -71.05802342947347 2.9866400500382717 -207.72066013575738
39.81416 -71.61483826235931 4.128003188159075 -208.86719999818857
40.02144 -72.18149913355902 6.472984846492916 -209.98847623434168
40.22896 -72.61222251060943 5.386492636692615 -211.23507632161446
40.43627 -72.88683581489076 6.423121875183415 -212.4749919263907
40.64362 -73.17639640886237 8.282853892703459 -213.6714675233218
40.85098 -73.15818883193732 6.456387697407436 -215.07850043207168
41.05845 -73.22043785652619 3.147357351530908 -216.4443881505599
41.26581 -73.0859068513426 4.8817790972107264 -217.7449417127802
41.47327 -73.32933056484016 7.816017686367147 -218.82437370134966
41.68052 -73.9096415026991 9.196487522843732 -219.73816185098767
41.88768 -76.74146476431108 9.515258505697625 -219.8551537942478
42.0948 -82.19697901563937 8.354065433483617 -218.93220026854954
42.30184 -91.13293499326237 8.781587686891728 -216.33964965889626
42.50885 -102.48968559734706 10.118534557951808 -212.09803963761382
42.71582 -116.78078031349874 9.492997518476441 -205.52441222399378
42.92265 -134.0688353113081 7.2676714308841746 -195.67272377028127
43.12965 -152.50003114213996 4.764517878705999 -182.57468649117143
43.33652 -171.4463320177557 0.45317639727119446 -165.76013847834773
43.5435 -189.57882390978983 -1.9147611180595208 -145.44059785645698
43.75071 -205.17512881869848 -1.4040271947246683 -123.22100882608694
43.95796 -217.6206746243956 -2.4548590728159807 -100.25616673934219
44.16542 -227.3182211379147 -2.8088986116474994 -76.33541431711294
44.37274 -234.5736372250058 -1.1512221782286804 -50.46109459322898
44.58003 -238.7457288356242 -0.09332580212688246 -24.15134271989125
44.78749 -239.90964424903297 -1.1918301947946066 0.17100561265158207
44.99509 -238.85351683393628 -1.1538149993895244 21.12061419138331
45.20336 -236.52188606291315 -1.4836147382373541 38.233617809394936
45.41068 -234.03215252440344 -1.9639713005474084 50.135312569397605
45.61856 -231.71965781896085 -3.1584355218680416 58.69728122254069
45.82651 -230.17656789066632 -4.053763289007472 63.10790487588523
46.03457 -229.53405432520105 -4.353078791387589 64.11449483058844
46.24242 -229.3284145397795 -4.100402319299996 63.53503690560502
46.45021 -229.38825634550446 -3.963455043224524 61.85912550918085
46.65781 -229.47368039923222 -2.745254193359379 60.09897286862867
46.86542 -229.598484758731 -2.4727138008610825 58.07094143021101
47.0729 -229.7698096013791 -2.0355568536375253 55.67250755828661
47.28039 -229.96784208192454 -0.7129028600021776 52.9946188460423
47.48774 -230.08306282195906 -0.348793798644904 50.61427294801034
47.69509 -230.1548761327132 -0.22316158027122826 48.39214031112137
47.90233 -230.1144839388132 -0.15410474287943526 46.662587019596636
48.10968 -229.96026965104318 1.0116640685212568 45.44259661000149
48.31691 -229.70573116276896 1.5594062949927323 44.73928007879557
48.52414 -229.41128138655696 2.2659858658215972 44.44170326078601
48.7314 -229.138005464862 2.125479919636382 43.96009830787364
48.93873 -228.96679664689236 1.7315926930816241 42.96255223796024
49.14609 -228.86289954772906 0.07804950466548657 41.553403916090225
49.35385 -228.867769455361 -0.5630257811218925 39.61607660168422
49.56095 -228.99916251653528 -0.43674067683946305 36.89555625966483
49.76834 -229.14440007688916 0.23124129793908552 34.13736737202052
49.97576 -229.2508905674962 2.7003455809735137 31.531006244001485
50.18313 -229.35404203345266 2.6532200389993243 28.970676518796957
50.39036 -229.35500477766738 3.9852335126696947 27.313066430718013
50.5977 -229.2731401294132 3.0475241162947713 25.997690752007845
50.80505 -229.1459892599795 2.521053570287947 25.32539623323393
51.01241 -228.9388473867349 2.379727604891962 25.511727470769195
51.21964 -228.6819244347271 1.3394035552451713 25.966668840178638
51.42712 -228.43449758365395 0.19158141673488466 26.289851528825658
51.63435 -228.2116503887969 -1.808425212365024 26.28645836161892
51.84186 -228.07345358500544 -3.916040898772015 25.306219303900626
52.04919 -228.00582132238338 -5.300997417264608 23.976652719875727
52.25655 -227.9610185268348 -6.718810262762318 22.285831128004414
52.46393 -227.95869263555576 -7.522157830552835 20.367484136585567
52.67139 -228.04448537074424 -8.006404544899551 17.648644617216682
52.87863 -228.1291010971397 -8.182154497588897 14.894494896565273
53.08597 -228.22392108989862 -7.200836663364204 12.204901409217769
53.29322 -228.30473305709552 -7.341055234197137 9.46365834668733
53.50056 -228.37726510413341 -7.453283943748649 6.4003482294404135
53.70791 -228.4396770160996 -7.067695410659156 3.290117866429348
53.91514 -228.47460056538887 -6.412362094411146 0.32331747737425853
54.12251 -228.4626153879891 -6.538979305784348 -2.916993101488224
54.32988 -228.4214136050395 -5.915119232914843 -6.443452442957553
54.53721 -228.3391823722991 -5.002145505723972 -10.055158429897975
54.74446 -228.24982422017405 -4.5042404038823 -13.224988837416396
54.9517 -228.1126198234343 -4.375907988074425 -16.05977391930797
55.15903 -228.00277979830355 -3.891364431611704 -18.31173903988231
55.36639 -227.89999827596506 -3.1758278570890632 -20.063764830882242
55.57375 -227.82498399000832 -3.11475150422246 -21.166813761470767
55.78097 -227.7879654137066 -3.0754990758045264 -21.710554018351623
55.98835 -227.7735250097687 -3.0125138644274827 -22.020938280769922
56.1956 -227.7644347073492 -3.11054227702051 -22.146574729773388
57.02463 -227.76416856980055 -3.1954357501968906 -22.14227850919466
57.85397 -227.76239897409803 -3.2357107170353987 -22.324393254127624
58.06127 -227.72823542653768 -3.2897340949550267 -22.717306438093413
58.26862 -227.66267932504326 -3.2533792410836053 -23.65023067470567
58.47598 -227.43470375869094 -3.0943534014532115 -26.048846090097253
58.68335 -226.96524416229826 -3.1740893039612312 -30.314642405823353
58.89071 -226.11596958588848 -3.7685604944896207 -36.637651630723305
59.09808 -224.68043099690357 -3.2894974708437785 -45.26446342002067
59.30542 -222.30554989669977 -3.193481809661474 -56.387874892259575
59.5131 -218.72335796531152 -1.9817402005756035 -69.72903952798056
59.7205 -213.17488447440078 0.2625601735549586 -85.91682599710546
59.9281 -204.90785435742555 1.6757653273656452 -104.80877079465753
60.13578 -193.3892155254391 0.8541095827245322 -125.54999974214809
60.3433 -178.35906123256368 2.4276547307792375 -146.92679042904516
60.551 -159.47503341630323 2.762484500180029 -168.0861064376757
60.75861 -136.87253098629034 0.7232842000323976 -187.85017335500152
60.966 -110.96564824676369 0.9100205685675334 -205.16529162618383
61.17327 -85.05119506333541 2.5102275712423157 -218.1803995875658
61.38046 -59.779362373973406 2.3391268585390117 -227.49456846639174
61.58757 -37.10223221453119 0.9674806885047934 -233.43191459929437
61.79455 -18.06612964562474 1.4946164859502493 -236.8668052317433
62.00274 -3.9928357743436855 1.749020340508776 -238.84831189481292
62.20813 4.78629030247166 2.049790575085351 -240.2342393646645
62.41486 9.972453094615096 1.9975157360880358 -241.56453231299793
62.62174 13.495013482585357 1.449503086234586 -242.93833989591778
62.8287 15.277879606478844 1.2473669435179136 -244.44836312198802
63.03581 16.10585200458196 2.0652407791783514 -246.10217246580325
63.24292 15.9654632263576 2.8076961622441745 -247.8762674153231
63.45015 15.027406416777081 1.5131126917311413 -249.77804626805138
63.6575 14.666467471705056 -1.1273062183772027 -251.6926682048782
63.86499 14.18864920462561 0.7357917582736545 -253.7114892065623
64.07222 14.370995220087392 4.475351464650516 -255.6770412675868
64.27962 13.802692622828074 1.8665636498306246 -257.76394078078266
64.48693 13.018154966601259 -1.1869124620153648 -259.89454801822677
64.6943 12.604473543234818 -0.9775897098903005 -262.0804871678821
64.90164 12.608674730563184 2.636164875453551 -264.2513848669062
65.10899 12.925313640770304 3.2684345482084236 -266.49142353172067
65.31622 12.508621716769055 1.137515626119292 -268.8386383519999
65.52362 11.943595208047999 0.6217764637096606 -271.16874306850855
65.73079 11.070789229985772 2.574741769904795 -273.5403330131796
65.93804 9.965502183025851 0.6012259808062663 -275.9169966848071
66.14527 8.972762264350136 -0.9711776082993097 -278.2960173747471
66.35263 8.267487134531818 0.7283109052836637 -280.66676357768677
66.55986 7.8147411779114835 3.4746648632705193 -282.9834041100867
66.76724 7.743346139277001 3.504857989376097 -285.3229887002706
66.97457 7.6513551166259175 1.9477414410046963 -287.65289746067015
67.18193 7.807451437988171 0.3800262209366349 -290.01300279694243
67.38928 7.687654442398355 1.8349240489543004 -292.330939921385
67.59663 7.896462390316832 2.643997597835492 -294.6334570921933
67.8039 8.434595398474347 5.119805452119829 -296.8931350721562
68.01129 8.400660926265658 3.769283720496882 -299.18192401552267
68.21865 8.737910382548193 1.8590832105734392 -301.42291417972575
68.42594 8.92302837126534 1.1277044228075432 -303.69819770076896
68.63317 8.922067294060888 2.1309038907758278 -305.9302136952901
68.84053 8.974250729107146 3.18173680614148 -308.1482117530661
69.04789 9.055464007003993 3.1335619436612396 -310.4648024274535
69.25532 9.366952199575152 2.982294289594566 -312.7705778584216
69.46264 9.936040237854659 3.4511903869708065 -315.13645302861255
69.66995 10.074947084088524 1.4981524987202273 -317.5168264923796
69.8773 10.264608383641358 1.3340727090580766 -319.8441970954155
70.08466 10.412700438689079 3.924948435489432 -322.1974595249157
70.29203 10.528134383710789 5.0484494245847555 -324.55784731202
70.49937 10.201147911084828 4.579667865890759 -326.93140767291044
70.70661 10.671696931625604 3.2940224438940384 -329.27014129487577
70.91396 10.404782772331767 4.66573354864958 -331.610330943121
71.1212 9.939240340957895 6.093605582535594 -333.9669823801109
71.32843 9.609348875179123 3.6496129347653845 -336.27772664927056
71.53585 9.458427919598051 3.62560680017559 -338.54796280546407
71.74301 8.772486854526564 5.594461653954973 -340.7447921086813
71.95025 8.147259480703141 6.974857512344346 -342.94046790532667
72.15749 7.275092104690816 5.9685331103864225 -345.13174765265813
72.36483 6.759230818477877 5.250937191260698 -347.2687581962873
72.57206 6.373306676697392 5.688886138905779 -349.37347731689795
72.77944 6.181229436975294 5.680587116156903 -351.3921811766251
72.98677 6.303841445164212 4.5740087605190425 -353.37093253319676
73.19419 7.235411399588863 4.984011124381838 -355.2225596716682
73.40149 8.565457006809519 5.384479323902205 -356.9585714538783
73.6089 9.774203879247032 6.652288935156524 -358.60883470843254
73.81614 10.816846280469345 7.734827236599122 -360.16736377721656
74.02343 11.901275866375029 6.686809600050938 -361.6372579382167
74.23088 12.97567913343526 3.8951746067833346 -363.0346621007923
74.43803 13.37560664869902 5.1794769341685525 -364.3023222703147
74.64526 12.670054740488087 6.934740163725787 -365.50410142046684
74.85254 8.898491788755866 4.795369936884987 -366.7574489550235
75.05961 1.5027288796689489 3.4418885203929386 -367.8944276168363
75.26665 -11.353540955284963 2.817735080933118 -368.6996468672587
75.47354 -28.658955069661907 4.136133344159331 -368.69032593440204
75.68041 -52.391010647219524 6.172050124643914 -366.95976398613055
75.88728 -82.5038737097663 6.931167911086788 -362.2629363882887
76.09411 -115.3053094101526 9.106159644278629 -354.02791829062807
76.30097 -150.33000513488858 11.93328782743365 -341.35607065830345
76.50795 -187.54216579754342 12.11567197552238 -323.2427252023473
76.71482 -224.65209107879846 15.25011952630382 -299.426242670412
76.92199 -260.0125220245885 19.20199271413953 -270.0347670028966
77.12902 -292.57495981754124 22.37750351897245 -235.13145902256556
77.33625 -321.61207061037334 22.00764948761757 -194.66997936620498
77.54357 -345.0076125225365 20.539026609727426 -150.51729929511083
77.75084 -361.7375204229877 25.29860127254665 -104.21873001430026
77.95859 -371.56520923817516 19.051308240169604 -63.392722793494414
78.16657 -375.8922132778035 12.385618564823268 -32.10898155994944
78.37479 -377.0809328567044 10.153864333307308 -14.19213847502711
78.58315 -377.37784917193494 7.1155045955531495 -5.762907698211877
78.79149 -377.40551638085225 5.173258844109632 -4.613577570418254
78.99975 -377.3522601442096 7.613437847455212 -6.839695881977105
79.20755 -377.32258836679875 8.324574078569523 -9.119572823110413
79.41518 -377.32296028254575 5.6326896874473125 -11.797576362359493
79.62267 -377.2253851990971 2.732026637798028 -16.625133766704238
79.83015 -377.0359039433317 1.6021312116979418 -21.81770014382334
80.0375 -376.81050825882016 -0.0708300140563426 -26.844191502159923
80.24485 -376.59073979740026 0.23190931011496332 -31.40897814672863
80.45221 -376.4195126611256 1.4831456402090564 -35.57720309997771
80.65945 -376.22602769007915 2.8313278272704494 -39.57649291878236
80.8668 -376.0228215334001 2.493002581511337 -43.57610367771682
81.07409 -375.88004337000115 1.8099643087432997 -46.80838433504699
81.28139 -375.87328683988875 2.2007058848716965 -48.96223141792044
81.48862 -375.975018443015 2.7282710629628983 -50.276763554121025
81.69585 -376.092485978239 1.1631039323049226 -51.49076335692947
81.90308 -376.23556129743497 1.2410130908983519 -52.67385083051169
82.11032 -376.3156096542502 -0.004219304849180916 -53.90015876839357
82.31767 -376.6055904217806 0.41164968911863525 -53.75349289414227
82.52502 -377.03036607730866 -0.23453747086896817 -52.79849800704649
82.73238 -377.24583168511947 -3.323340537288412 -52.97801942276464
82.93973 -377.47836405149064 -2.9592842796140335 -53.45703796266632
83.14722 -377.54624537173214 -3.3907653827935262 -55.06096470046091
83.35457 -377.45139301210185 -3.533251359078869 -57.83663705533266
83.56198 -377.0825129409433 -5.415200997031516 -62.1429325523504
83.76938 -376.46288950344206 -5.731037113383013 -67.76015899783368
83.97671 -375.6687299490311 -5.362058474069222 -73.97322937108494
84.18375 -374.8899590000614 -4.537947040553754 -79.89724264843808
84.39116 -373.97248078048995 -5.09557539408758 -85.92518740473191
84.59848 -373.08832229538007 -5.298844430841467 -91.60657962139646
84.80571 -372.2585037475198 -4.665988144920113 -96.97928794408548
85.01296 -371.5009151923619 -3.4467034809169497 -101.91766228492355
85.22027 -370.97987759239976 -1.909242099655132 -105.76829880895285
85.42775 -370.6740209335865 -0.22313868851341 -108.69348991525776
85.63501 -370.6825156847138 1.3814304573864007 -110.45397858493608
85.84251 -371.0476031908453 2.9809983715937736 -110.87888475714264
86.04958 -371.9556687014327 5.11713654642237 -109.3481718154901
86.25768 -373.15664775810035 6.244678891994064 -106.57322132721731
86.46418 -374.5307494831957 6.227201689159392 -102.97772912687094
86.67155 -376.0574376664362 6.466232875634701 -98.62155928298932
86.87889 -377.36131539097164 5.559081836764007 -94.82773122262944
87.08625 -378.59038064025367 4.511361564670245 -91.20423714240387
87.29364 -379.6828527477681 3.859519101118418 -87.90150701280999
87.50104 -380.5223876111557 2.2861740103545363 -85.52619630858764
87.70832 -381.31771216686207 2.643324545325144 -83.31525410079111
87.91565 -381.80990704425375 -0.06658571708812518 -82.39251607580444
88.12303 -382.1259864649364 -1.3793802088862752 -82.31617537718427
88.33046 -382.17741434181164 -1.1793621904779208 -83.5599351144742
88.53778 -382.07070880179896 -1.4268471911706624 -85.5493809945217
88.74508 -381.7699736161196 -1.2928427069520216 -88.48006094201027
88.95255 -381.19599852617614 -3.9897652701479593 -92.48625707433881
89.15979 -380.2582878505674 -7.542368063081495 -97.58272184256978
89.36714 -379.493755888058 -3.9563104659205806 -102.64557606575467
89.57449 -378.7125288066601 -3.459701089052674 -107.33587582417411
89.78198 -377.8733117905291 -7.937093140582399 -111.97024533001988
89.98935 -376.63457800608006 -10.596916017689395 -117.80142207840827
90.19671 -375.01035135845126 -13.21565117506056 -124.66410902217366
90.40405 -373.2658867445245 -12.38574891782503 -131.95221209892406
90.6114 -371.412690714248 -6.923624970418051 -139.6309376097658
90.81876 -369.83672909895006 -3.976977195152955 -146.2008573097522
91.02598 -368.96448125691387 -4.215494226926832 -150.6073854983818
91.23322 -369.0161374182323 -2.1505845026178747 -152.87420215631138
91.44045 -369.35686298537263 -2.1214773928014647 -154.29896435717254
91.64768 -370.38111882934714 -1.1999719275454772 -154.17498285030783
91.85504 -371.392591137999 -0.832195360095466 -153.99440119814017
92.06227 -372.520921892024 2.690083160445546 -153.55782462429036
92.2695 -373.25115303575643 3.144218549379844 -154.03083158886753
92.47686 -373.8181925438626 -1.0514437860675458 -154.85354078457596
92.68408 -374.55821217956725 -1.7987809329850344 -155.32240898775677
92.89147 -375.386283430934 2.0026321501917144 -155.60086445700856
93.09857 -376.2981007151164 4.756834893803819 -155.57659342149648
93.30578 -377.2834199517758 0.807215972274188 -155.42457840331994
93.51313 -378.1335484204007 0.3951352105028968 -155.554220975093
93.72048 -378.4509770840617 2.7677764417914474 -156.8922127410655
93.92785 -378.8113533055383 4.862475540907364 -158.17760870888077
94.1351 -378.9301325219076 4.059351203795685 -160.16658539751492
94.34255 -378.3977195322244 0.6057842517409769 -163.5008933485093
94.54994 -377.7818787884939 0.7959778752220577 -166.97856129706057
94.75729 -377.39391710215045 2.46405775901354 -169.96353640833
94.96465 -377.16424789015923 5.215798251389911 -172.54393667781994
95.17185 -376.72306130690583 4.651628290106849 -175.55537765584313
95.37921 -376.31096785855874 3.7912740067344357 -178.41001193768096
95.58659 -376.12689092516734 4.989850945643616 -180.69894162456805
95.7938 -375.9481991745211 5.824954650097336 -182.86712908907163
96.00104 -376.0376945825295 7.940237675422002 -184.38283806412224
96.2084 -376.4998302160487 11.98488869230202 -184.87392800330528
96.41565 -377.35265968793493 8.375479198723461 -184.80748306982534
96.62299 -378.4152488686439 4.6796519445681755 -184.16998554852026
96.83026 -380.1867090734955 4.870685762487584 -181.87271333778997
97.03753 -382.8145199412855 5.739198491057902 -177.56996999034743
97.24469 -387.77459923416734 6.828541054754482 -167.68926178842418
97.45171 -395.19904952758003 6.899060439387214 -150.54024475437882
97.65852 -404.2516629389423 6.4780083670732145 -125.32821062035437
97.86526 -413.51196075581254 7.2401282146084345 -91.1658033482254
98.07206 -420.7227670783889 8.540835130545302 -48.62110482899348
98.27871 -423.48010964086694 8.564146488319576 -1.6660469305307513
98.48569 -420.4515385854673 5.820721807527338 49.40678240223356
98.69272 -410.0833998723579 3.8916029847879776 103.8305702456386
98.89976 -392.03831591914627 2.072443805610677 157.57358781728135
99.107 -366.89226365828773 -1.6091276295669867 208.13186004163904
99.31424 -334.94636371139046 -1.9167966636028626 255.05454518012073
99.52171 -301.1489206845269 -2.7678510475236138 292.7591509466274
99.72953 -270.3472250559853 -4.578330522232026 319.9379776128562
99.93756 -248.30604236643478 -7.497149473742725 335.7312197638154
100.042 -240.94130190088467 -8.070937835328987 340.23548353112744
100.2499 -229.98308054181777 -5.714195298517979 346.1501392327287
100.458 -219.8470082107217 1.760843720215356 351.07343311390207
100.5618 -214.45092234280813 2.062944075877138 353.5179563950355
100.7695 -205.58031295733463 0.5694866782677211 356.96577618320356
100.9772 -200.62336486258167 0.9511785824007173 357.92165614613
101.1847 -197.6659374393459 -0.1779756172857288 357.61026121772585
101.3922 -194.40351593375408 -0.7856755340702505 357.37687629897465
101.5995 -190.59818160742304 -3.54801406919927 357.349110509543
101.8069 -187.11008880178795 -4.170259375328908 357.03230446761575
102.0144 -186.52454308971332 -2.8948022689184456 355.1195279410172
102.2218 -187.01952405785482 -2.4818957055129824 352.5743455358769
102.4293 -188.32396546967638 -4.573246052304784 349.5010549513227
102.6367 -189.9445063048605 -5.264652763148106 346.2784710993196
102.8441 -191.9446320685379 -6.809390759846917 342.73920995587076
103.0513 -193.09947075054643 -11.220138431759915 339.5563152244156
103.2587 -194.6049931363466 -12.102390631327236 336.23162826811426
103.4665 -196.20046768773514 -10.485742574426338 332.95291445897163
