0.0 -0.0 -0.0 -0.0
0.1042283 -0.008116250612688912 -0.011954354712916932 0.6871626986110064
0.2084765 -0.018644522729023866 -0.02826495620324846 1.3723058483854271
0.4169786 -0.03860036880089707 -0.05757472734202666 2.7280465239435285
0.6254761 -0.05928191561793794 -0.0860547156226418 4.116295902675406
0.833976 -0.08847833895742269 -0.12015716377469528 5.535796350551789
1.042605 -0.13453312701407816 -0.15783139844927283 6.989982992054993
1.251125 -0.17474350367585575 -0.19392456341048153 8.497889533076185
1.563854 -0.24004670943243223 -0.2533241795734761 10.934566641237916
1.876603 -0.32729974784901794 -0.28124439411101937 13.473632880323361
2.189354 -0.3950708053921347 -0.30775148926324253 16.286625234390034
2.502107 -0.476234937007891 -0.28162604182271794 19.280994776000412
2.710606 -0.5231798943287818 -0.2944349932396922 21.387738456522843
2.919104 -0.558110619901772 -0.32248932723339224 23.57494189963664
3.127481 -0.5973845020614064 -0.3652427064714936 25.876590055257022
3.335979 -0.6421797440272332 -0.43812719236821096 28.241308692343225
3.544357 -0.6888881429525968 -0.5123610502833036 30.670827817806742
3.752729 -0.7137214136723503 -0.5804183995765405 33.16853712238505
3.961233 -0.7025158818842162 -0.6568526814866358 35.6936684704233
4.169606 -0.6873555522823536 -0.6650140916536353 38.26769196623479
4.377982 -0.5164755250675064 -0.7362686912734077 40.88152414826016
4.586357 -0.3770274900080012 -0.8603866363804574 43.237374626017484
4.794755 -0.32175082877782085 -0.9656480144237634 45.49124512901201
5.003109 -0.6047765729767463 -0.9954049000024777 48.810649223555735
5.211513 -0.46581964213711013 -1.1895658097452961 50.8725536369199
5.419858 -0.45751504751679783 -1.2968917120574852 53.43873193639079
5.628235 -0.47012822648642894 -1.4027422662925533 56.02034848472031
5.836733 -0.4716105969687743 -1.5096120550257726 58.62023937261875
6.045107 -0.48664078874633787 -1.5971589200359695 61.21495782958434
6.253481 -0.4867364559330056 -1.7025870449401233 63.82379418401967
6.461983 -0.4890751446575572 -1.8187567573625205 66.4243428607933
6.670359 -0.46909063166367304 -1.9387215582230939 69.0392673560595
6.878731 -0.478683076864811 -2.060505185666189 71.65810433709501
7.086981 -0.4586089265129921 -2.1648452515710757 74.3245701062069
7.295357 -0.4454961586997813 -2.2561660179007 76.9516403416233
7.607858 -0.4446944720944138 -2.4544412553592876 80.89562383784241
7.816232 -0.44595140729109195 -2.5763289181576368 83.5718733927375
8.024607 -0.45394701661214376 -2.6821525623848843 86.19941794963619
8.232862 -0.43098393723894957 -2.7827268730890786 88.80346801965744
8.441112 -0.43141916151002124 -2.8904146982580206 91.4040570736587
8.649487 -0.44558162786607525 -3.0005641573475788 93.98305320084279
8.96186 -0.4621205362443759 -3.17797899476066 97.856000977299
9.170238 -0.36857815367160085 -3.2674500594997458 100.53474962908554
9.378487 -0.5133729032288952 -3.3580836433260774 103.00093559182402
9.586735 -0.5032110828667852 -3.4424277968479093 105.54703500799064
9.794986 -0.532590228422405 -3.53278647732616 107.93379189061135
10.00337 -0.5406339245052812 -3.626813121462338 110.26348367238936
10.21161 -0.5594390792838921 -3.7187924123520375 112.49418495766794
10.41989 -0.5968981563385608 -3.8207488054012257 114.58319314818277
10.62824 -0.6602645019490738 -3.896138275616119 116.57355812386442
10.83661 -0.7226818520622234 -3.964508626620728 118.39730001924971
11.04501 -0.7961807520181616 -4.032543860915123 120.10013776164735
11.35776 -0.8849779387164922 -4.140293121830984 122.35815552907984
11.67074 -0.9445422402830519 -4.229863582026908 124.36009815770755
11.98386 -0.9134443574650337 -4.307636719003524 126.11917137039477
12.29711 -0.7692303868538648 -4.383873608947006 127.67443732950441
12.61074 -0.4983847276789284 -4.456814178693196 129.10078147577937
12.81986 -0.24362695692101255 -4.51073753876742 129.98389236417086
13.13336 0.2646622607779179 -4.605775605596411 131.21107515440133
13.44674 0.9135550998045616 -4.691173034116188 132.33046736678835
13.76001 1.7149035105978854 -4.796695003958335 133.30493246559445
14.07312 2.675460956241352 -4.888161598302993 134.19396395602246
14.28178 3.436304652393325 -4.9561588951654185 134.68326877676986
14.49049 4.271078182788607 -5.015346979495745 135.1174549948176
14.69911 5.164973041095713 -5.095607099175611 135.45134718817906
14.90761 6.1187673787063375 -5.166558762702535 135.71686239983833
15.11614 7.139589655044251 -5.230655859877074 135.8836547535114
15.32424 8.269737397726082 -5.300192735382258 135.95766303867907
15.53212 9.470633384375509 -5.372076554087205 136.014669877336
15.73989 10.780947974010797 -5.451770568414138 136.04963924525828
16.05174 12.942001527678023 -5.580427253953508 135.95445061766404
16.36339 15.349304967599949 -5.722107589479995 135.80473153634497
16.57099 17.10794512503707 -5.812491171854908 135.67649511392128
16.77864 18.943378308746777 -5.922888228771676 135.57456734769983
17.09049 21.88909503696366 -6.085021249124656 135.41534831189404
17.40274 25.007520975465695 -6.26505278946882 135.23763403340138
17.715 28.223297103108262 -6.438111583730642 135.0497013834477
18.02749 31.544934411210154 -6.601148048211131 134.87910420803766
18.33987 34.93022306204516 -6.781999861186324 134.6449849249855
18.65237 38.3987915919883 -6.9702491113825396 134.43820183707652
18.9649 41.79835042173336 -6.8252530582693645 134.1665214835178
19.06912 43.09224679829469 -6.8541880767368415 134.05222434940177
19.17327 43.89050322575305 -6.942843745717831 134.0420148260335
19.3818 46.46105635703202 -7.026544166909239 133.70040106249132
19.59034 48.952345578004035 -7.114740490858806 133.33154387925399
19.79865 50.99647636590961 -7.171917673861109 133.2590942430819
20.00713 53.23813802604265 -7.259303598684106 132.98890442311867
20.21566 55.2997359154958 -7.334225088007824 132.8227234922569
20.42461 57.38047109164364 -7.4267496323531415 132.6277722310918
20.63312 59.40926348565051 -7.523872359494536 132.42181612417798
20.84131 61.38338214520164 -7.620415617396115 132.2528195869525
21.04975 63.3487670556427 -7.724933877854002 132.04994956084707
21.25828 65.17879673735834 -7.815382501758393 131.85859236787542
21.46685 66.9837344269674 -7.9158660022859095 131.6802948851543
21.67551 68.7913663987022 -8.029534102250995 131.49838410186
21.88389 70.59791133504707 -8.136937376694942 131.32323465850752
22.09253 72.34736361484492 -8.247970444915174 131.1461822086592
22.30121 74.10773676802168 -8.337498939591356 130.97280541784653
22.50977 75.83161599455487 -8.431798164144098 130.77553291503634
22.71892 77.56233318407934 -8.523495980713582 130.53345939444978
22.92691 79.33391061109131 -8.624266075556791 130.2881581198311
23.13572 81.14494600243 -8.720560628716276 130.03832037465074
23.34394 83.03835255266051 -8.82350150009929 129.7299718936277
23.55238 85.02544054743885 -8.883563778211803 129.35238262339288
23.76076 86.90241000183266 -8.990845035950631 129.0970664141794
23.96926 88.87253073540397 -9.082914688396684 128.76630848485786
24.17766 90.85556484062064 -9.191477122067774 128.46623328447896
24.38617 92.80630375710248 -9.304391796258104 128.16185872899325
24.59463 94.74958133459718 -9.406877341252317 127.86099610382692
24.80313 96.71364454278174 -9.517634929710932 127.54844646452487
25.01202 98.67349058275931 -9.625000297527084 127.22032313021718
25.22015 100.63405757230758 -9.737454895449476 126.89291893655863
25.42874 102.64012352452349 -9.83303646331908 126.55471993070663
25.63714 104.66842149501677 -9.952996825221984 126.20193101060697
25.84577 106.79766143968997 -10.049721921237044 125.8191327058024
26.05425 108.86225051090564 -10.172632325642352 125.43604903531225
26.36704 112.10190679679818 -10.352330881841622 124.80490954162192
26.67976 115.40122342315934 -10.564710291780326 124.16730338897815
26.88831 117.65481351965951 -10.690148833094664 123.75983161518107
27.09669 119.92144647181402 -10.821525925098152 123.33695915618851
27.30519 122.15084686796038 -10.950483797872034 122.98152238098044
27.61788 125.5883103930592 -11.143197215001754 122.42958996622335
27.82641 127.88805951772062 -11.29335442556317 122.03061689044048
28.03497 130.24162997529857 -11.44040598012505 121.66265172501834
28.24341 132.53372953179556 -11.577842465432074 121.27394303772161
28.45191 134.83278533936127 -11.705677547044282 120.91304648500164
28.66038 137.11757032683488 -11.835241473453085 120.54434242867814
28.86901 139.3513953691392 -11.974785725210133 120.1985406998663
29.07751 141.60390960939742 -12.11498485560096 119.81246685070656
29.28611 143.80623456180757 -12.257617247273824 119.44784717084843
29.49456 145.99198438964564 -12.409836724923508 119.06998220192861
29.70309 148.16524031693825 -12.55603731012878 118.7168028510787
29.91166 150.30159737542925 -12.71034532000408 118.34154503444003
30.22442 153.45300964821516 -12.932711005523624 117.7581792504187
30.43292 155.537182061864 -13.089530149299325 117.36769159509971
30.6414 157.592311313086 -13.257476933918731 116.9591376829983
30.85003 159.64005800710564 -13.431201746061621 116.53611889970045
31.05839 161.66484769921175 -13.589148947967868 116.1096612422669
31.37114 164.6706751358809 -13.843815776418447 115.48817325073367
31.57963 166.60990646183402 -14.025520771596293 115.0573897367909
31.78862 168.58383777761188 -14.21287645995627 114.61441100833261
31.99707 170.52045474987136 -14.394762878042656 114.14952540208697
32.20556 172.4241329327399 -14.569670178028108 113.65683825090929
32.41431 174.322161551325 -14.738584129934743 113.12027700385437
32.62292 176.19441286776416 -14.910307616630678 112.53169295919928
32.83154 178.02580440509453 -15.09494415601285 111.87903046945851
33.04004 179.84056240658762 -15.27256395605679 111.22022050874364
33.24844 181.62258259110405 -15.4428723053352 110.5406717962247
33.45664 183.40608813145315 -15.596698823836958 109.8641402500034
33.66512 185.16192307681953 -15.757561584862458 109.21113578476427
33.8735 186.91396550489327 -15.900949757960504 108.56751991079945
34.08182 188.64611188362113 -16.060267848127246 107.93889340583529
34.28991 190.35789808369975 -16.19911946098187 107.3282622700705
34.49817 192.06900297374892 -16.334075582456805 106.7526685631527
34.70638 193.74619280815716 -16.47818592526865 106.19378211482241
34.91479 195.40292369721195 -16.599143507922232 105.66543473921931
35.12349 197.05112735467145 -16.71939217995299 105.14980546155425
35.33169 198.65570531276444 -16.834340202800327 104.67480500527958
35.53993 200.25855221260045 -16.950102575637914 104.21248582573266
35.74827 201.83599976010575 -17.072701075217502 103.81093244918353
36.06064 204.1860251261304 -17.254362276244684 103.29207191659668
36.37277 206.5204684633131 -17.412305095125838 102.92559437408629
36.68515 208.80755967016367 -17.581242031269156 102.74599453851593
36.99801 211.10961343019028 -17.738369195018002 102.65763097141839
37.10292 211.8627913289713 -17.789905098912683 102.62101264395243
37.31166 213.34696791468247 -17.891619015994813 102.47639185027978
37.52067 214.7619554950258 -17.99711112323759 102.27119895552424
37.72965 216.1992502294129 -18.090847431493327 102.04820051554336
38.66854 222.08158477791673 -18.479231085698054 100.58905684543086
38.98107 223.96857764729654 -18.60442422120766 100.03977380675087
39.29367 225.81605218371737 -18.732079754057356 99.49418478847072
39.50214 227.05436436832755 -18.804904955071464 99.12077237042209
39.81501 228.97247328030537 -18.94519442748799 98.50364376401423
40.4408 233.10274869886027 -19.212050923291187 97.05617689715369
40.64932 234.54836434534462 -19.305573139567127 96.53575196545852
40.85778 236.00171971225296 -19.403432049841868 95.98458899308315
41.48289 240.35575524418852 -19.65659707256839 94.34868342153017
41.69127 241.78923870642365 -19.744553720569563 93.82694899684074
41.89956 243.1846451450877 -19.842636160443295 93.33160298147763
42.21207 245.16153767666626 -19.978672207569037 92.64092118399154
42.4204 246.39308732507016 -20.063672044949012 92.22871509234068
42.73282 248.08027405231655 -20.178231512680917 91.7072467517125
43.04493 249.659116438481 -20.26409013081601 91.3137530565852
43.35774 251.2003331582618 -20.34555159815388 91.0542955951929
43.56508 252.2281663554566 -20.387357740586815 90.99373747142099
43.77307 253.23908271834725 -20.43117507982145 91.00551565142905
44.08517 254.73466189359735 -20.490746872301685 91.11902431732328
44.29315 255.7056927038313 -20.52182525677995 91.2834572151718
44.60514 257.192360825071 -20.533423636271653 91.69228335775054
45.22931 260.18569486244985 -20.567798638372388 93.28350807525962
45.43744 261.2238132896539 -20.587859094425806 94.09652059002622
45.64568 262.2380857723149 -20.59887620826213 95.08581493826146
45.8539 263.2789766542779 -20.58399368704805 96.23961495306509
46.0625 264.31541736650206 -20.569685354124537 97.58042038703358
46.27111 265.3194914726722 -20.54537602624204 99.11067855776083
46.47994 266.3076223043819 -20.503122280813145 100.81116534576446
46.68893 267.2990517231868 -20.467499149895144 102.68131373178333
46.89782 268.2901290966097 -20.408660077166708 104.67971452864323
47.10653 269.2605494517341 -20.34564007276898 106.81024841886729
47.31528 270.20384694352487 -20.278154206392976 109.09371592438417
47.5243 271.1293595320127 -20.200502630177645 111.46836978734069
47.73328 272.0705138533807 -20.107857060201837 113.91554047376358
47.94218 273.069512885623 -20.036222366456702 116.42439826797472
48.25517 274.6086928402558 -19.895731893563276 120.38627380717662
48.56792 276.22224778278996 -19.893432504665654 124.39619955259045
48.88072 277.52839582013206 -19.98540700966197 128.13352961534315
49.19328 279.23432326295904 -19.965254964195104 132.09674432289944
49.40781 280.3385525667724 -19.904861506569613 134.74814903290059
49.61018 281.4889898453103 -19.826549184230064 137.41272200958775
49.81856 282.5465039505728 -19.7181999577662 140.0430031415052
50.02695 283.68330324760655 -19.624066981448998 142.68278995422827
50.23533 284.845568131441 -19.540015209378375 145.32958929637192
50.44367 286.02150426564054 -19.460324680477505 147.9335659307377
50.65203 287.2232120085858 -19.420412653715204 150.48120544523158
50.86032 288.3031302044143 -19.322854519164014 152.94214807012213
51.06871 289.3784346231075 -19.20159938415362 155.327922330356
51.27704 290.5141496957692 -19.143359463990723 157.56853616672163
51.38289 291.05534194791846 -19.087278446231316 158.74549251997323
51.58966 292.1401815305208 -18.932552502973248 161.61996234899823
51.79803 293.14674792069314 -18.997982225495633 163.6579426662632
52.00653 294.1230783416905 -18.861007768815245 166.26654516847788
52.21524 294.9581645709142 -18.72102248699231 168.68376318633042
52.42359 295.74817146448373 -18.56644016071678 170.93368346123702
52.63208 296.5006087360157 -18.428915808818232 173.02274473106138
52.84066 297.1872424798005 -18.278309717355413 174.93641959960883
53.04916 297.8373962822014 -18.14731770781589 176.74859760152535
53.25757 298.45962695577083 -18.015750147198876 178.49717127023303
53.46596 299.0282874785369 -17.89280182230528 180.22068958857125
53.67406 299.50875336064917 -17.76415899154361 181.92250803994008
53.98599 299.9774152120781 -17.603909639351247 184.4180228544503
54.19381 300.10145984206036 -17.4940459639271 186.06274570256045
54.40158 300.0569954739836 -17.40239600893476 187.68050797117573
54.60944 299.8552369970144 -17.283499122390634 189.25054693563536
54.8173 299.4713312854996 -17.163386801086155 190.78163285334378
55.02533 298.9196467918745 -17.019662005094514 192.24567972621043
55.23328 298.19505308196057 -16.878486293138167 193.62014678168254
55.5455 296.9516756622137 -16.653936447170373 195.6101917821666
55.75357 295.99845998038694 -16.50987937254814 196.8913074343329
55.96186 294.8779346321265 -16.3763109172018 198.06922100626022
56.17022 293.6102491503349 -16.28337394410749 199.1493492454454
56.37855 292.18214972074384 -16.190016430026205 200.05527864686567
56.58712 290.63404731736404 -16.11203002329964 200.87455303073446
56.79569 288.9575385043279 -16.038125431718917 201.6007809457236
57.00456 287.3007570374549 -15.988765217652034 202.1114246995121
57.21371 285.34586247764156 -15.87642756387557 202.82090923445213
57.42283 283.2333163117189 -15.80169597598393 203.3969557734453
57.63179 280.96117406690496 -15.72188499747824 204.00004601891706
57.84073 278.5194059183323 -15.616761215312296 204.61341113628612
58.04945 275.835554610579 -15.527457127991383 205.19976597474255
58.25822 272.9059236185657 -15.461306548902078 205.6884083022709
58.57156 268.1115532335942 -15.285388198326533 206.4601405859629
58.78044 264.68418348878583 -15.172153019535981 207.0145291700232
58.98942 261.0633565704645 -15.038047695738802 207.591873671626
59.30292 255.4644554895778 -14.836662977708153 208.5256825756859
59.5123 251.54298315289563 -14.668251171990763 209.32091183623788
59.72072 247.42789205712361 -14.479677794213963 210.25419528723214
59.92931 243.17117384088755 -14.294728998644121 211.33030311066625
60.13782 238.86413352087183 -14.074585983022697 212.4932385873449
60.34631 234.49706655904515 -13.87764312283508 213.78084928360119
60.55479 230.15074400311858 -13.64487629057577 215.1185369880199
60.76324 225.81290349485317 -13.446531509008127 216.50950069497952
60.97147 221.47130468042093 -13.2572265781386 217.88611028976726
61.17982 217.10080701806373 -13.079614500132687 219.29456094836425
61.38818 212.71670418835885 -12.881268165708885 220.70161967565892
61.59657 208.34440064760707 -12.70192017676107 222.11603657283717
61.80511 203.97640681795278 -12.522537940673406 223.58344495783862
62.01323 199.74692238358358 -12.352882905165412 225.06615153331094
62.22159 195.26033833329222 -12.205607044416421 226.48437867661679
62.42992 190.89562270213008 -12.060477141758074 227.9613343322936
62.63845 186.47726044661584 -11.922394767500604 229.48472299714797
62.84955 182.15962847006222 -11.71910222000833 230.95057507663947
63.05552 177.88470280508474 -11.520062029078698 232.49149064729514
63.26394 173.5426609703735 -11.354410089910594 234.01027967985067
63.4723 169.2771564884612 -11.17868915301791 235.62278085828675
63.68082 165.05019587578465 -10.88753423659632 237.1301786794033
63.88957 160.85840082279614 -10.684008888401255 238.86194255421702
64.09783 156.75787538270203 -10.558577430210233 240.18020548005342
64.30631 152.6721470246443 -10.348449691889707 241.56027472700964
64.51514 148.5602681007071 -10.101082912831771 242.9549893475933
64.72337 144.50374802230377 -9.880697148860914 244.32261949696073
64.93171 140.39584947350562 -9.599227396241345 245.87375741137646
65.14017 136.41054413848863 -9.317697342544767 247.28080444050383
65.34901 132.39054483186814 -9.080667909098013 248.87436832098246
65.55726 128.37383872851933 -8.852771871430196 250.49237000204724
65.76555 124.32146765962793 -8.814394147327956 252.25044153429852
65.97396 120.28206988902166 -8.748578691409069 253.97905601978727
66.07807 118.20838941239792 -8.7413258041498 254.89520435449452
66.28654 114.07108483664815 -8.813481020198468 256.7418997257285
66.49507 112.53377782862734 -8.954732901009843 257.87164889920297
66.70357 110.47363504888915 -9.187306497430212 258.89106987203786
66.91193 108.20539491522274 -9.314563995158341 259.87715121668145
67.01794 107.01127160974136 -9.329154273817586 260.30934531125746
67.22469 104.80767590140167 -9.403308758364647 261.26472707188833
67.43319 102.55986256339654 -9.32875680457329 262.18493138391676
67.64172 100.28821256110413 -9.209560273848648 263.0790250459107
67.85004 98.00892636915569 -9.128388399157602 263.9959371149416
68.0586 95.76933013235842 -9.1324074448835 264.864609241067
68.26697 93.52564191135816 -9.262632229778415 265.65270941940764
68.47545 91.23712818319281 -9.364108584309463 266.35826259097985
