0.0 -0.0 -0.0 -0.0
0.1036117 -0.004180993846891386 -0.014822613140365428 1.1494724167794985
0.2073529 -0.01591306275584275 -0.026663691860341038 2.2842700638362308
0.4147131 -0.04002605216234781 -0.04867369681050858 4.543353195174641
0.8294654 -0.09713561814300206 -0.09576385209434382 9.031370413211821
0.9330382 -0.11301681285999227 -0.11007481194223503 10.146520497128433
1.036778 -0.1330996932022987 -0.12382292953798343 11.261251688530837
1.866202 -0.3113772303348076 -0.20144414844223715 20.02025435170839
2.073559 -0.36134913270543295 -0.2229042102952493 22.137777547830392
2.28105 -0.4052402859184554 -0.23911742613076778 24.25569133162174
3.00675 -0.5388506667632089 -0.3221139202844719 31.358584080021057
3.214204 -0.5536547398339513 -0.33747672427783104 33.269224829856995
3.732909 -0.5518286299391597 -0.3822538994141558 37.83892825052615
4.563456 -0.1389435997363755 -0.45961609229724876 44.62904357359013
4.771058 0.10630686278346779 -0.4711935779286602 46.21355307710395
5.082534 0.6077043337905739 -0.49135724376004325 48.50361025185027
5.290138 1.0305192923177966 -0.5022311976571479 49.9671866146151
5.601734 1.786285430075253 -0.5176970022946513 52.06155607693683
5.913083 2.7167485406741854 -0.5312172291472467 54.00322177631693
6.120823 3.4421383852982927 -0.539836823197441 55.245937720066415
6.32844 4.230338804596904 -0.5457916280898989 56.4172366067344
6.847019 6.514826698389687 -0.5809156236823378 58.98194678920575
7.261837 8.633260660892486 -0.6232315340473089 60.709585287070674
7.469315 9.795713855635821 -0.6531489813122059 61.4688022838227
7.88415 12.324324742328308 -0.755789233755534 62.76652100485232
8.091556 13.67054252603987 -0.8081482961192704 63.27701853737925
8.299053 15.088554823329055 -0.8543436878884664 63.69448681618573
8.7137 18.02504668382016 -0.948264043145063 64.1718788026135
9.128182 21.055448415321543 -1.0614697473047732 64.28075392391769
9.335267 22.59463153182502 -1.122823319112412 64.23911373403155
9.542373 24.136183466294845 -1.1881726556450176 64.15191138367994
9.749609 25.693470470034775 -1.2643591104793055 64.02894600150276
10.16407 28.808827615847566 -1.4560345817626161 63.76585537095995
10.37145 30.378068824056356 -1.568283417443436 63.61788876746978
10.57878 31.959435638870545 -1.6919298316828857 63.469988526880165
10.99353 35.13683540356536 -1.933524269039531 63.16441275486602
11.20102 36.74675946023554 -2.0662441618695393 62.999038065287586
11.40845 38.36973979662689 -2.202277485648757 62.81802021424226
12.03077 43.31745052276226 -2.6297058677299026 62.229387550052415
12.23813 44.98706696377533 -2.7737651583903165 62.03399228828596
12.44549 46.66770533441897 -2.9265743441628578 61.8353142576368
12.65287 48.37066607932329 -3.065016098624578 61.62546281722231
13.06755 51.80027245750935 -3.3085631547998764 61.16593656852781
13.27491 53.525820848492906 -3.447935378978979 60.953026699774554
13.48241 55.28193030318802 -3.5868599489073896 60.74125997662609
13.89712 58.79544816455791 -3.8583366062101083 60.331225144531665
14.31181 62.37602455645529 -4.1374782327338195 59.9256506526571
14.51906 64.19844156490853 -4.282645297465447 59.71107665693698
14.7264 66.02390478523024 -4.422873613073575 59.49785609902726
14.93376 67.86867362972367 -4.569222006951361 59.28362826947268
15.55595 73.49834773274377 -4.982630669717815 58.693676596289244
15.76346 75.39951172318204 -5.137020209856993 58.50694668475201
15.97091 77.30416620102682 -5.284604652843285 58.312371236646605
16.17849 79.23050216297611 -5.4377006641761545 58.12049238975059
16.38589 81.17340430600916 -5.5803484412172715 57.922339972183075
16.80059 85.04353334339231 -5.869400922216202 57.49730002326902
17.21568 88.8461683631709 -6.15386202364024 56.95554756139536
17.31942 89.78437570784048 -6.225206253961636 56.796089677076566
17.63064 92.54568398459512 -6.431984536417986 56.217245096944225
17.83799 94.35540611717904 -6.580745267232092 55.76807213437779
18.14909 97.0219381112814 -6.792786863646991 55.00893471080268
18.35644 98.75726463156856 -6.931218427863527 54.426369612940654
18.7712 102.18024897418192 -7.226475268735776 53.12757920737448
19.08226 104.68626717329579 -7.433985804989396 51.99853071727573
19.49684 108.0073654482732 -7.755505680349048 50.278881331365554
19.7042 109.64564764928389 -7.911841023104153 49.320102086738565
19.91155 111.24728281707615 -8.08267057838383 48.29733095048685
20.11891 112.81371417969606 -8.25812743315319 47.20246081783127
20.32614 114.3737575655436 -8.425014204696424 46.02638651140726
20.53351 115.87427189500093 -8.598883600048502 44.79925650769918
20.94799 118.74945321639753 -8.938806873973473 42.150648944814
21.15531 120.13021232339028 -9.099529809020082 40.711673795720884
21.36266 121.41564856477603 -9.274099154517577 39.199561720578664
21.7775 123.7375322695548 -9.622924033637439 36.0021183243187
22.39937 126.6973888960834 -10.194092891626404 30.79178255534688
22.60669 127.55240805689748 -10.399397826451608 28.99147128542132
22.81379 128.35562452813454 -10.592876137086687 27.162609742659697
23.22826 129.81883853488705 -10.945222102206664 23.438318961248473
23.4355 130.50814579259213 -11.128297754868118 21.564769788965968
23.64273 131.20108853359432 -11.310659408061543 19.679504722702628
24.26453 133.1565585191476 -11.865278039418351 14.013599382230396
24.47176 133.81044028413663 -12.05856880185862 12.119958866732528
24.67899 134.46907473852326 -12.2564496713788 10.235450370277114
24.88623 135.14852733642226 -12.44073521688821 8.37007228233842
25.09357 135.84102882242576 -12.624656683395711 6.514255222512894
25.30082 136.56150321003807 -12.806608001020244 4.697432748771099
25.50805 137.32661977943343 -12.990768042126007 2.8827765218759254
25.81908 138.56925305711778 -13.258208769400788 0.21253966680041003
26.02649 139.45346177454724 -13.442552930614891 -1.5370145872066558
26.13016 139.91447861231092 -13.532766601572042 -2.403205394175224
26.3375 140.85802901322577 -13.706736790235986 -4.084038349580261
26.44118 141.35083545874278 -13.791938543503665 -4.914221803964075
26.64853 142.36944387787113 -13.949951878221743 -6.519521837307757
27.06308 144.57631290906335 -14.270232374627724 -9.59359440363005
27.27035 145.77183399482598 -14.414333826151642 -11.022804872556435
27.37399 146.39372661112182 -14.487279444677817 -11.709193060988397
27.58157 147.6811801414446 -14.634204969708726 -13.006156623211936
27.89284 149.7245901089497 -14.846334972021165 -14.795771622738258
27.99666 150.44369724122112 -14.918512360232755 -15.365831162192158
28.20406 151.9166769122317 -15.062311233977436 -16.43515912482468
28.41162 153.4704253620676 -15.205640510415467 -17.432956694250336
28.51536 154.26513753531987 -15.276019158086697 -17.886264628415915
28.6191 155.08597726030078 -15.343392542051932 -18.319691191592916
28.93033 157.63590361535614 -15.543310269523532 -19.47445193557084
29.03407 158.50473006666508 -15.616166235015132 -19.799040157541278
29.13781 159.3953891884999 -15.685913998288049 -20.09319842254986
29.55289 162.9993013900369 -15.940110193944534 -20.947845918534213
30.07185 167.63182212452054 -16.274128293841475 -21.279330986068526
30.27923 169.50184615214496 -16.3987183984699 -21.18586336571486
30.38299 170.43957037265642 -16.46382240541063 -21.0946740677629
30.7978 174.19984255640273 -16.716426602061905 -20.446600230003362
31.00517 176.06928998488115 -16.84685718820097 -19.940798848990738
31.21251 177.91430165192554 -16.97923887687834 -19.323553334396706
32.24997 186.64322979942784 -17.705213332623984 -14.503538263064613
32.35368 187.45045392388664 -17.7838026759069 -13.876086004797145
32.56102 189.03347037874897 -17.928393712496216 -12.571667543954504
33.18321 193.47190076000624 -18.34260722304779 -8.195674636386215
33.28683 194.1616772428847 -18.411327894830258 -7.414089384776673
33.70142 196.81965273531108 -18.697574371626203 -4.080796869455838
34.01226 198.69144393269414 -18.907358344478006 -1.434211736055616
34.3233 200.47561449192108 -19.126794356172972 1.3321544681149504
34.42688 201.06010908498052 -19.201319761092446 2.2801620231776525
34.63421 202.21897210365674 -19.349477101691974 4.197109444867692
34.94505 203.91358956977706 -19.57185730793104 7.079761840791392
35.04867 204.4648300024954 -19.63722241354531 8.04715037152657
35.2559 205.56421656099508 -19.77435127578353 10.000853638696299
35.98146 209.33456233438426 -20.246459662304332 16.964566798733273
36.39606 211.468427585403 -20.545575925930507 20.93500266545354
36.60341 212.53811811455265 -20.68371335034817 22.894613785678985
37.22549 215.75726908006627 -21.105557828326 28.891015271894176
37.43285 216.84362288422815 -21.237908201315257 30.910182976160044
37.63992 217.93585668019682 -21.375604988906545 32.952201181448814
37.84728 219.03374323676172 -21.519199689818233 34.985804532235036
38.26267 221.20472699696228 -21.76005499232985 39.060253041927425
38.4695 222.2766234816616 -21.8741716051882 41.07088491653323
38.88419 224.38595920568343 -22.100489948403865 45.09222546067281
39.50613 227.3534020473335 -22.364519590599887 50.95034515073185
39.71349 228.29973762727423 -22.460044689509445 52.85472376843623
39.92124 229.21199459573202 -22.555133007564006 54.73871025438805
40.12834 230.116018641075 -22.663507296845303 56.59046722966511
40.54329 231.93670929292557 -22.885582954282285 60.23935757637936
40.75077 232.89930824607342 -22.995139201193762 62.02298739643453
40.95825 233.90550611464957 -23.105247559954314 63.774164604006415
41.37324 236.06735753718186 -23.296468184521867 67.16884958037463
41.58124 237.25428691524326 -23.39958813037526 68.79238585230516
41.78822 238.5031666657306 -23.501827570638106 70.34191122977799
42.20326 241.18219114042745 -23.717561854361392 73.20185500574672
42.41077 242.6347407474263 -23.828563567746514 74.49431248428779
42.61835 244.15240137457351 -23.937774233833018 75.65814820939498
42.82571 245.7355712356197 -24.040575841196166 76.69921257322719
43.44789 250.80007338225718 -24.349668715056218 79.1516908205447
43.65537 252.5769347230093 -24.459756288146856 79.71307255554942
43.86273 254.36636318288822 -24.567577850461415 80.1338916431672
44.27757 258.00363725197417 -24.79011872181134 80.5929082336713
44.48494 259.8392997424339 -24.904983017520888 80.63619982255275
44.6924 261.6668973752553 -25.013360424786484 80.53987808107867
45.31437 266.990035983863 -25.36089195066137 79.46840637862307
45.52158 268.69070420869286 -25.48056124878772 78.85326032276537
45.72894 270.3559565179997 -25.587669936828505 78.10691985920194
45.9363 271.98133047077624 -25.683874865800085 77.23086935433993
46.35113 275.1015731857599 -25.89717415148792 75.08239498708211
46.55836 276.5398528036124 -26.019678639262075 73.81172538694292
46.66199 277.2373983781323 -26.080648453555057 73.12787728861288
47.1803 280.33677590747527 -26.43158873912501 69.27928452332175
47.38767 281.3541950113307 -26.579519074658265 67.57762899814982
47.59477 282.2371293481341 -26.722959698786646 65.81406716221124
48.00923 283.6127713030247 -27.00575204629993 62.16844863878225
48.21646 284.13120566751974 -27.154098009420746 60.297555139714774
48.42366 284.574660502334 -27.296201205972366 58.39002103067616
48.63055 284.96892922979606 -27.437174422859528 56.48474649422687
49.45935 286.2733099132613 -28.042514249527137 48.60265458013851
49.6666 286.52134857065886 -28.19348338772979 46.64683256459709
49.87371 286.7369907327564 -28.338669471306495 44.7149992131007
50.08079 286.9520189521707 -28.481230099723575 42.858244788432735
50.90934 288.0340935946223 -29.023104006886456 35.93534324061464
51.3234 288.87092737607327 -29.249075220735552 33.03746512037383
51.53028 289.4326633602541 -29.356246328147044 31.718712013875503
51.94412 290.8938339765081 -29.549383108957393 29.42390573925573
52.1511 291.8132795570181 -29.622104036421554 28.45776499440163
52.35833 292.83771022028475 -29.671414114599784 27.631254297834545
52.56569 293.9657494454214 -29.699572769950404 26.929186461955624
52.77317 295.2360069942399 -29.716831799408194 26.35540970665663
52.87691 295.92048878849863 -29.719782024193574 26.111673656369277
53.18816 298.1713225613054 -29.699174961680832 25.593165559912634
53.396 299.7660786585961 -29.662987217544817 25.438661096708344
53.60412 301.44124927566645 -29.641320157633096 25.41849600866647
53.81213 303.19525555426696 -29.640877720298963 25.532199232768427
54.02 304.99464403694674 -29.65618917769365 25.768477963683114
54.33153 307.71186736870106 -29.688061281813997 26.36147080662178
54.43528 308.6086106261222 -29.70169617323999 26.621632400723875
54.85039 312.16995497242533 -29.780404381965038 27.922950220208634
55.16171 314.76134756094075 -29.832789427438442 29.1857545924084
55.36918 316.4039056993281 -29.873868583671573 30.192218082500133
55.78433 319.49816134935094 -29.966897193355333 32.60501332439739
56.19948 322.1944343955471 -30.071652994913137 35.487710796638
56.61486 324.5595247497464 -30.21313266439419 38.653842410088174
57.02978 326.6897583692985 -30.34572381545055 41.98131133604815
57.44453 328.5205028599076 -30.488882762015947 45.46739588283896
57.65175 329.31259692106903 -30.569702966051835 47.24909778135307
58.06628 330.6620827771645 -30.703367417879207 50.966882914160635
58.1698 330.9387836487172 -30.737775959613586 51.91725398371699
58.37703 331.4075571755562 -30.807890885685516 53.84590686040501
58.79163 332.0134644598554 -30.936412833673238 57.801718065199026
58.99897 332.15781371939437 -31.007776475177746 59.856320138552306
59.20658 332.20937795647626 -31.077738872753027 61.96605650195193
59.4142 332.1877429791585 -31.158163708096062 64.10878271524719
59.62193 332.1259145699771 -31.234484453540347 66.30149581991775
60.03715 331.9320368310093 -31.414269048492955 70.79925541612283
60.24461 331.80529572024597 -31.513211638450098 73.11151641203983
60.45209 331.6580125908545 -31.61481778128885 75.45482514214567
60.86685 331.33680696150907 -31.81333577285222 80.22465747435237
61.07423 331.15975029819094 -31.91936714930861 82.65550117310497
61.28164 330.974314749 -32.02420175900202 85.13230195008234
61.69637 330.56168468531695 -32.227971878917344 90.19604623947622
61.90373 330.3293312684915 -32.34353260535178 92.76746467631473
62.11106 330.08571179471943 -32.46826621118988 95.36387339634902
62.31831 329.838433176611 -32.59231561070547 97.95351693114804
62.52565 329.57606657755235 -32.72128849725929 100.53285837990522
62.73302 329.2865513007927 -32.87015196688412 103.1084336438297
62.94027 328.96745015167363 -33.014430895886974 105.67606074259547
63.35507 328.284174715227 -33.26737417997828 110.77307657654417
63.5623 327.91806684231113 -33.39988617855732 113.30594733750934
63.76966 327.52860228887477 -33.542049303589586 115.82533147915538
63.97716 327.1363712182815 -33.67956894926906 118.35392109659412
64.18451 326.7534401390024 -33.84404927185564 120.86248919260265
65.01429 325.23267124350457 -34.50541354429154 130.94561450544057
65.22189 324.88162357865485 -34.668098507678955 133.4532177593294
65.42913 324.5348291290042 -34.830942436158935 135.95353518767334
65.63663 324.1868852931207 -34.99259405940785 138.45689207870316
66.0512 323.5188592913852 -35.33292264845735 143.45634433551623
66.25858 323.19293425436285 -35.505768567408786 145.96492967551282
66.46591 322.87464212402523 -35.6699761653775 148.4785849817806
66.88063 322.23984129020704 -36.030851348748676 153.47343999478304
67.08785 321.9161095237099 -36.206104101860944 155.98947014170204
67.29536 321.5943345832077 -36.39052292780347 158.50794820483605
67.50269 321.28624928998295 -36.56911235314091 161.0397614405259
67.71017 320.9680583398278 -36.74332504499464 163.5674938098714
67.91753 320.6554355385574 -36.93317562935691 166.10375584459547
68.12488 320.35520564833604 -37.11863818353325 168.66859740220195
68.53977 319.7361850931439 -37.47189652449635 173.76911290484443
68.7472 319.4459103889386 -37.66660342884494 176.32587192411086
68.95471 319.19102589306453 -37.86057156536692 178.8850533213699
69.16218 318.96237657273105 -38.042736903287505 181.4683435010917
69.36965 318.76847664177086 -38.21152926198839 184.0446301047122
69.57713 318.59295170101484 -38.38204866003701 186.6188022069576
69.99196 318.32051505463954 -38.7509601527928 191.78416994844773
70.19936 318.22460510446797 -38.93028577971359 194.38995524075054
70.40657 318.1657271643557 -39.101889465385526 196.9920947510079
70.82127 318.14482009237327 -39.48645595609915 202.22030188487983
71.02862 318.17500899796505 -39.67967027498787 204.83009692170322
71.2361 318.23356699630205 -39.87408943835603 207.4571586801184
71.44337 318.3001196413673 -40.06820195812357 210.06991832602284
71.65069 318.39280341040353 -40.25119638893201 212.704551725656
71.85805 318.53764121817414 -40.438655458371215 215.3300032618868
72.06544 318.7109587047206 -40.62525277999399 217.96577464223148
72.27276 318.9192397351456 -40.803476170114635 220.59345062488734
72.48014 319.163884331378 -40.97460221172169 223.23672497107611
72.68747 319.446475457738 -41.13856922667591 225.8694494797285
73.10206 320.1027532450411 -41.465438064532705 231.1210139551046
73.30942 320.4780520038782 -41.61942014742303 233.75794796831536
73.51681 320.8736047679962 -41.76558959191206 236.3997324305741
73.9314 321.76417268074243 -42.058880359602455 241.67723360937504
74.13885 322.26484986577384 -42.2096686251027 244.32392456501518
74.34632 322.8077302128603 -42.35886763743204 246.96122916536106
74.76116 324.03955757827 -42.63448286195016 252.27459749803413
74.96854 324.72962016540754 -42.758167773682935 254.91957463676295
75.17574 325.4798719674379 -42.86981846191119 257.56457640896883
75.38309 326.25752698520046 -42.978011735853784 260.1981184996823
75.59033 327.04677485079674 -43.06841705610608 262.83171608941933
75.79769 327.89257907136493 -43.16305148956911 265.3723384608313
76.00504 328.7442479949048 -43.24505085405662 267.90698667621024
76.10883 329.1774059155054 -43.28640826539847 269.1632867618121
76.41965 330.49257589052036 -43.39730578432248 272.89244824605396
76.52335 330.956752187045 -43.43399926041742 274.12505497192893
76.62699 331.420459170222 -43.473539306246266 275.3670834629686
76.93794 332.82969965321513 -43.58524845893469 279.045531023982
77.04157 333.31406742636665 -43.61912842168505 280.2764393926996
77.24893 334.26744403173444 -43.67948238548689 282.69964993710505
77.35261 334.7419909933086 -43.709760096882896 283.8991167677543
77.4563 335.21617809924237 -43.73652183870009 285.1056381808958
77.66364 336.16893147986235 -43.79856363014588 287.49796710155465
78.07823 338.06793928642355 -43.913360650913695 292.20343088833295
78.28559 339.0050856092493 -43.96277559014406 294.5069966084699
78.49294 339.92380546654516 -44.02081437494159 296.7826948838216
78.70032 340.8499232707696 -44.072063899779685 299.03513710014954
78.90766 341.7722557186952 -44.113898354427064 301.26754867044735
79.32236 343.6067486309038 -44.19437793132796 305.7092671828467
79.5296 344.54142318253616 -44.222851952584236 307.9589537520526
79.73695 345.47425802760586 -44.244695263074625 310.2025933436529
80.15193 347.3588373829183 -44.305088330032184 314.7959890976896
80.35939 348.34891447803045 -44.32567502523287 317.0685147112716
80.56675 349.3982726021906 -44.345792868071015 319.3369240660514
80.7741 350.5033766197668 -44.35936705517936 321.6205484912115
81.18869 352.84809213491985 -44.38083259441155 326.2357771892469
81.39604 354.1096971200092 -44.40048435339018 328.56160426756605
81.6034 355.41316022648357 -44.403002995879625 330.86930057764516
82.01799 358.0990456879729 -44.396920904888105 335.47607154272157
82.22535 359.4744373794267 -44.39650913858245 337.7501031662773
82.4327 360.8754948355686 -44.37743467702614 340.0179742057911
82.63994 362.28048728117346 -44.36208188058501 342.2326162366618
82.84729 363.667624247474 -44.32835676418483 344.43337876536066
83.05464 365.04732626338534 -44.293642630959255 346.62926326957984
83.2623 366.46189923329416 -44.25723438402124 348.8427735941906
83.4695 367.8727190188023 -44.21122609323732 351.0496306907742
83.67683 369.27482159274996 -44.160272400911 353.25730868731875
83.88419 370.68748153297344 -44.122646174711655 355.4713132147368
84.09155 372.1002739365034 -44.06441435370472 357.6825964658816
84.50638 374.8810033355627 -43.970691204199035 362.09644683942713
84.71374 376.28084811630544 -43.89847393659585 364.31893336277494
84.92097 377.66179776431414 -43.82945491983802 366.53005192722856
85.33568 380.4103547545829 -43.667827677930006 370.93556615501535
85.54304 381.786504904463 -43.59029651355134 373.1411862592868
85.95779 384.56717336899044 -43.41719469771927 377.5275420817495
86.16498 385.96504597427304 -43.32194025593012 379.71270429373783
86.37234 387.3651522842635 -43.237537555944186 381.89415867141713
86.57973 388.77549189156645 -43.15194409040961 384.0781304924072
86.78705 390.1984694655758 -43.07379910170238 386.25223711065416
87.40899 394.48496329561556 -42.84837802139956 392.6153134412195
87.61622 395.8919054971253 -42.75713510538604 394.6516817782616
87.82365 397.2883850215942 -42.691772966820665 396.6108330508703
88.03093 398.66902379788377 -42.62683316625409 398.54768518786426
88.23832 400.02454463670557 -42.54896838565607 400.46249772173394
88.44553 401.3659707344959 -42.47518517004323 402.3443573047653
88.65288 402.7149352328738 -42.41308724943559 404.19608984859235
89.06773 405.35987010448116 -42.28220623125576 407.8121672126184
89.27519 406.65944988684043 -42.223389317106985 409.58974687468793
89.48255 407.9480922784737 -42.16637788547933 411.3390783885195
89.68991 409.20813916876097 -42.11850039411766 413.0479964164604
89.89739 410.4483498753242 -42.06012686103949 414.73180407007106
90.31224 412.8941678917821 -41.96579727967503 417.9860444345852
90.51961 414.09007016080136 -41.918353965376824 419.5100300691681
90.72694 415.25768355818667 -41.87008548192933 421.02712413637585
91.34903 418.5355566252419 -41.741946965406186 425.0739055896953
91.76372 420.538730912439 -41.67191370349751 427.5687034385019
91.97107 421.4929986874684 -41.63300783088076 428.7491558682255
92.17851 422.37297854300243 -41.60433400235827 429.8684016162282
93.31858 426.4362913325901 -41.518499895536564 435.2378731700654
93.73266 427.5791841111719 -41.49182506447503 437.111047559853
93.93954 428.022062405764 -41.48986350783224 438.0834959691473
94.14657 428.3559079471295 -41.477272637455656 439.0899522750454
94.76808 428.7744738516724 -41.42568196752376 442.33973900851856
94.97543 428.7059828016481 -41.392336098710814 443.5166572706848
95.18292 428.5321591115828 -41.3472679074504 444.71477000574936
95.39026 428.2254540170316 -41.30569335785865 445.92536211573895
95.59775 427.8284236356021 -41.27500946293475 447.14716565451454
95.80535 427.33812472339974 -41.23875969912814 448.37203379938444
95.90909 427.0518551282739 -41.2252441657363 448.98699493218555
96.01296 426.74038682285857 -41.2088178359974 449.59740185529483
96.53288 425.00796211855527 -41.111974973758 452.86962603754705
96.9485 423.50790615936256 -41.00602435796888 455.6131186418849
97.1561 422.72227994034375 -40.95024728884174 457.04322491929815
97.3636 421.92214472191705 -40.89068788437319 458.50327008603693
97.77842 420.26560010320566 -40.77514834650559 461.5348893903289
97.9859 419.40295360600044 -40.70794372000709 463.1109318547634
98.40075 417.63887597439157 -40.54980833473742 466.383126147197
98.60822 416.7229252525382 -40.47165868121626 468.06162529388666
98.81557 415.80032698801136 -40.39397135693476 469.74273174118184
99.2308 413.9334970088203 -40.21837976447861 473.17055577112217
99.64525 412.0432219687814 -40.056965209550036 476.65134103348737
99.8526 411.09291623613956 -39.95996215963635 478.423173312333
100.2674 409.1855311552329 -39.77509500795111 481.9278879370214
100.4748 408.2115634846535 -39.70436103544529 483.6821496826603
101.0969 405.30465471174375 -39.470697549033105 489.00092050962814
101.3042 404.32663291390253 -39.3961755987405 490.76589035435336
101.5117 403.34502296831005 -39.315934953093354 492.5364755133416
101.7191 402.37692313144186 -39.230973126869614 494.28231609709917
101.9264 401.43598928133497 -39.151484567139626 495.96853045161265
102.134 400.51636938551087 -39.0685128593612 497.622604058108
102.5485 398.7151071201438 -38.91659978440505 500.8731182248358
102.756 397.8490615167014 -38.8512731999289 502.4070890853557
102.9633 397.0156412781071 -38.78112981752595 503.90646888640254
103.1707 396.2193795914324 -38.71754104046738 505.3209969786185
103.378 395.46250366814235 -38.65354528412054 506.6727832278009
103.5854 394.7503825666984 -38.596974409644126 507.95038780391184
