0.0 -0.0 -0.0 -0.0
0.1042283 -0.0025260107324227257 -0.014664717485455012 0.7329256103305115
0.2084765 -0.008794975940347099 -0.029572654637245985 1.463402695575182
0.6254761 -0.04161497226390073 -0.0866366574121228 4.401574403686251
1.146853 -0.1314900328755016 -0.19094964746323595 8.29487657368019
1.251125 -0.15191960607433122 -0.20589650380432886 9.10905489026316
1.355354 -0.17647199096888094 -0.22007692303815563 9.959087902439315
1.459603 -0.1993426717734133 -0.23704931479899627 10.824477237988175
2.189354 -0.39604117048520904 -0.3168312573138521 17.431875875732572
2.293607 -0.42723969067902184 -0.320363948375916 18.473736986953465
2.397855 -0.45850295623078097 -0.3210009120717967 19.531135778903217
2.710606 -0.5548527905841693 -0.3275169931709669 22.837627471871222
2.919104 -0.6031057225397931 -0.3572608948305665 25.153772124493607
3.127481 -0.6728118378042117 -0.41041140970920437 27.570250541170395
3.335979 -0.7566086797982835 -0.4662968999374847 30.066436571990522
3.544357 -0.8333088521852636 -0.5393403488536994 32.61339438881739
3.752729 -0.9099600953019936 -0.6204096828020687 35.220955558464766
3.961233 -0.9778458376444589 -0.6924563838995166 37.87138298907749
4.169606 -1.0582952611652163 -0.7689648942325558 40.55738821948631
4.377982 -1.1381423521264404 -0.8402956161647206 43.275509287914694
4.586357 -1.2152666672416694 -0.9077305347948428 46.03797816253396
4.794755 -1.3039471227512904 -0.9721783592066575 48.85068641268233
4.898858 -1.346765278263534 -1.002520213067223 50.261781631023844
5.003109 -1.3925350846174849 -1.0300801227607854 51.684176098812905
5.211513 -1.4852522416646352 -1.0866825783539786 54.534365633300865
5.419858 -1.5783310647143654 -1.145572832604648 57.37720452762168
5.628235 -1.6778945770430898 -1.2034380971534868 60.212193156068125
5.836733 -1.7862809376012132 -1.2670517189225414 63.07385775186977
6.045107 -1.885108542015629 -1.3288277537011852 65.94430333905794
6.253481 -1.97931902829505 -1.3885760307417974 68.80917732017934
6.461983 -2.07279692765556 -1.453534650383212 71.66536962441866
6.670359 -2.165298169953278 -1.5455043955457821 74.53931184007114
6.878731 -2.2505310122719147 -1.633442615498507 77.41624250645481
7.086981 -2.343997029804384 -1.697691964931475 80.30327535563728
7.295357 -2.431034825837433 -1.747531775435914 83.17760841177197
7.503734 -2.515272759070106 -1.816960156512234 86.04647264190456
7.712108 -2.6204227137072658 -1.8975102429753887 88.93752345812531
7.920378 -2.708869477033757 -1.9766877945024466 91.84733060484129
8.128736 -2.798735050355191 -2.0561276590187036 94.75685067596838
8.336986 -2.886527017214645 -2.1305342475960223 97.65327532256616
8.545359 -2.973669974172562 -2.2006801759563857 100.53292743602286
8.753612 -3.079940533153641 -2.2798265133371913 103.41541777768512
8.96186 -3.1780273883769423 -2.3560672789595416 106.28332792394734
9.170238 -3.2889372283745413 -2.416492379576009 109.1183683427201
9.378487 -3.397651807459281 -2.485853803970348 111.91663584946255
9.586735 -3.4978465738414326 -2.5440604815495003 114.65299202117976
9.794986 -3.5992008641665247 -2.607986375752725 117.31105281416104
10.00337 -3.712474392505381 -2.6692476922388 119.84687096164647
10.21161 -3.8371050582746378 -2.715685360129074 122.2562894890029
10.31574 -3.9020868874206394 -2.742166584454311 123.41316839800191
10.52411 -4.033770949649716 -2.786147948704527 125.62243358687154
10.73249 -4.186184419751477 -2.8271748463854878 127.69346348672673
10.94086 -4.339638659369369 -2.8715095689784094 129.60882567177345
11.25349 -4.561751361366263 -2.930988995528856 132.17018153125701
11.67074 -4.78186353171289 -3.011566381065087 135.1382267560431
11.87937 -4.82345958839132 -3.0443805480434696 136.4448947793567
12.08824 -4.816224364488456 -3.074248503188387 137.63629231393477
12.50612 -4.6292150101108405 -3.1343634066318704 139.8243173111275
12.92437 -4.142960415809306 -3.2084857845425856 141.82884031465443
13.34237 -3.3856376312863077 -3.288979960569075 143.61725301557738
13.55124 -2.872933104677408 -3.324976543859594 144.43582710968622
13.76001 -2.288259644855117 -3.376410563869503 145.16942674876697
13.96874 -1.6278249630347972 -3.416427643479635 145.86845526782875
14.17749 -0.8626934265128625 -3.4530381548877895 146.5070191215265
14.38612 0.012065095983430751 -3.4897718208589925 147.06584826777765
15.01199 3.0744073999095676 -3.6292526242601397 148.21370572195684
15.22024 4.270545453862553 -3.677120889424222 148.41018686665825
15.42812 5.57851460302868 -3.716431637351383 148.53530512372814
15.63601 6.991317034088823 -3.7642751727912587 148.67000036742402
15.84387 8.519846514414404 -3.82028012975415 148.7416120507425
16.88261 18.01894258743369 -4.122760410338292 148.55435484081863
17.09049 20.264011685329596 -4.20199345285799 148.50260763912746
17.29862 22.582341760783734 -4.284481124165435 148.47537998678442
17.50674 24.96362856859392 -4.364771548711987 148.43608983521634
17.715 27.389891138603712 -4.435184448527199 148.38979583639818
17.92337 29.871409141408247 -4.511691244944569 148.33951492348825
18.13162 32.387084896100795 -4.585665534282153 148.28794077323647
18.33987 34.94857465600654 -4.664966804703546 148.22975642000998
18.54825 37.53085433048851 -4.753137673732392 148.17469081602067
18.7565 40.11451699753298 -4.823666797701838 148.12727848662934
18.9649 42.645728270180584 -4.897265178517712 148.06206059627075
19.3818 47.73269251792849 -5.071772142506225 147.9218534206096
19.59034 50.217914618203416 -5.153900686043295 147.87973356838782
19.79865 52.69324283493704 -5.235073803388601 147.82574644101956
20.00713 55.12768641386741 -5.316209930557117 147.74871099023736
20.21566 57.53915660269501 -5.400609075703079 147.67660533339912
20.42461 59.91238575502369 -5.477342603841043 147.58896673640595
20.63312 62.24891711193137 -5.55518556278281 147.4911812483049
20.84131 64.56916051633667 -5.63307819457742 147.39233480595584
21.04975 66.81272496277974 -5.698611952188383 147.29937904367188
21.25828 68.95358718972514 -5.7685489585713565 147.2040823061098
21.46685 71.0688774378419 -5.844033800263675 147.10898809921744
21.67551 73.17822285746854 -5.915215872695055 147.0080389551262
21.88389 75.25223997562858 -5.988243069376135 146.9177359529216
22.09253 77.32573598688083 -6.061486195258614 146.82691725355338
22.30121 79.36726471088602 -6.13121313255068 146.72714739269324
22.50977 81.38191213025573 -6.202071954370929 146.606850228451
22.71892 83.40271556561557 -6.268922870594014 146.44905962901623
22.92691 85.46719616209488 -6.343555657840131 146.27475783423705
23.13572 87.56865307329798 -6.409388198235445 146.08557173114949
23.34394 89.71882684878398 -6.473674510545286 145.86213426737135
23.55238 91.91020925603878 -6.535533429884303 145.63896258606502
23.76076 94.12969648296968 -6.599996294264847 145.39090502687063
23.96926 96.38925663760236 -6.673387106954098 145.1280596388781
24.17766 98.68228809815805 -6.75194620604972 144.88216597754885
24.38617 100.95380840525594 -6.828671941629393 144.6310643800077
24.59463 103.19819044541521 -6.8988560448568546 144.3909536373805
24.80313 105.45365801457065 -6.968985951350664 144.12571414595615
25.01202 107.74834342736969 -7.035691283510007 143.86449015547356
25.22015 110.04382587167802 -7.111044895515393 143.58645768919757
25.42874 112.40520028872558 -7.180229803813985 143.30321767045936
25.63714 114.7846490364292 -7.245156509774051 143.01402534575976
25.84577 117.20368125626646 -7.307651623376289 142.69654043432305
26.05425 119.63280578511838 -7.379732899709552 142.37435328722816
26.2628 122.10353077739164 -7.459702531023822 142.02885529146263
26.47127 124.61177083804048 -7.550498725598634 141.67166291495664
26.67976 127.17118751649683 -7.638613780965587 141.32990776181452
26.88831 129.7558434126834 -7.725502898887563 140.98993937919627
27.09669 132.365490032514 -7.805497641384562 140.6576660460936
27.61788 138.89698698534318 -8.032160672966409 139.8443687805737
27.82641 141.53239042908365 -8.114571688569189 139.54520426042887
28.03497 144.16150470619618 -8.208497153090333 139.22734340076303
28.34763 148.09490486674872 -8.348165606581887 138.75195746606056
28.55614 150.7121360806844 -8.433825328436315 138.46859203062428
28.86901 154.57091173103564 -8.579470982963233 138.05309801883558
29.07751 157.1145617446973 -8.675114213835057 137.7597348890244
29.28611 159.6398391436248 -8.783067515204266 137.45311501842383
29.49456 162.12277918552684 -8.88812395707926 137.16823052613287
29.70309 164.57962043634797 -9.00227260159122 136.87440308135893
29.91166 167.00837889652882 -9.115550002719626 136.56714428886542
30.12014 169.40867486399424 -9.229991937817072 136.25386781827865
30.32867 171.78864933669416 -9.351237458285393 135.90728404598016
30.53714 174.1192282304129 -9.480751607410758 135.58919974175717
30.74576 176.45368668569785 -9.598580284383479 135.22573900174459
30.95426 178.78911465396547 -9.746204659139934 134.87032534571964
31.16262 181.0779061880043 -9.869035916648507 134.51152359152536
31.37114 183.34041947412794 -10.010713562092032 134.13616249582444
31.57963 185.59593877067377 -10.154079564131518 133.7592241589816
31.78862 187.85202409957648 -10.309657280524927 133.35447171375165
31.99707 190.0823124247517 -10.446926964824343 132.93016174495324
32.20556 192.296803642555 -10.583455873016412 132.4756085171488
32.41431 194.48116298267465 -10.719620614357792 131.96532096177984
32.62292 196.62404652282828 -10.858204142340407 131.38334116801425
32.83154 198.75220191904188 -10.993749275902744 130.75196288237237
33.04004 200.85825752561317 -11.128013693695852 130.1021361739441
33.24844 202.95696065524498 -11.236449404801068 129.4297150163598
33.45664 205.02691122167988 -11.34930594225877 128.7550166075569
33.66512 207.0542542085384 -11.449557960194312 128.12686981689794
33.8735 209.0739792828681 -11.552780026633947 127.49601648193959
34.08182 211.05651611008295 -11.67109818879781 126.88653543105983
34.28991 213.003036492356 -11.772426787578802 126.30685027573239
34.49817 214.93462235857106 -11.87683140942672 125.7570508248823
34.70638 216.8224543896766 -11.976852529381624 125.23339743807591
34.91479 218.7056357124095 -12.064165095575156 124.72362655847758
35.12349 220.5562492557717 -12.145536343752408 124.24237292413392
35.33169 222.37372581651687 -12.235186844449505 123.79375843793925
35.53993 224.15382901598886 -12.319289972769885 123.37402071776688
35.74827 225.93958799875804 -12.411873173091152 123.0129729228604
36.06064 228.5764489741943 -12.545954535715918 122.54229959380868
36.26877 230.32045878077994 -12.634980114210869 122.33819306891681
36.58101 232.92366142143234 -12.78344545546805 122.2063897286455
36.78939 234.65064187120325 -12.87353923425962 122.20630461733774
37.10292 237.2140272375141 -13.010187010846384 122.22933472552033
37.4162 239.72768139068395 -13.124181929735764 122.08310049401292
37.62517 241.3347389085963 -13.192525812232674 121.93354497871601
37.83414 242.92283863290632 -13.249832772932844 121.7410278479832
38.77266 249.7756184519451 -13.529746281832907 120.33860679271021
39.0853 251.94381354433358 -13.60791250920431 119.81976768798003
39.29367 253.37493740909287 -13.662542477113256 119.4793508430093
39.6064 255.5590156969402 -13.727448265748173 118.94024006202001
39.81501 257.06887600945015 -13.784120766072824 118.52798360252706
40.0237 258.6396784028435 -13.838255239111458 118.07820192208827
42.62866 278.51126600465176 -14.526783041782014 112.06446252817437
42.83679 279.7511849651549 -14.566484209312 111.79028353520022
43.04493 280.95581057495815 -14.604495724405005 111.57219042460207
43.66893 284.4907563820328 -14.707951931495305 111.41622463837501
43.87706 285.65048833503903 -14.747725328667068 111.52189015910287
44.08517 286.78924382836226 -14.775844360900209 111.68549822935573
44.29315 287.90179714547725 -14.795861117959497 111.93994755215272
45.22931 292.9689305005688 -14.925301083002395 114.52378074487609
45.43744 294.12217690685856 -14.979152310601538 115.54091151860213
45.64568 295.26076345404545 -15.041442148751457 116.74171660538434
46.16771 298.0539619405613 -15.163996933561773 120.63604022234685
46.37543 299.1074117689869 -15.200030134064528 122.548322195063
46.5845 300.14504038422643 -15.240877843729956 124.63934547494529
47.00215 302.1933513765335 -15.313652501489178 129.31237154601936
47.10653 302.6734571075361 -15.321727522802625 130.574790216483
47.2109 303.1382245082369 -15.33794924048004 131.87168307141806
47.4198 304.05078972101455 -15.374212067738917 134.57522207804948
47.62884 304.9527730818674 -15.413879139250584 137.3670179517878
47.73328 305.4363554083739 -15.429973609400614 138.78434588526798
47.94218 306.4117170672031 -15.466567494828018 141.6943029788407
48.15084 307.4201865649498 -15.492197927957184 144.7247658253421
48.35939 308.468870773746 -15.528905270183264 147.82836660457536
48.56792 309.53770668591284 -15.571179785473552 150.98191440477962
48.77645 310.6043557332363 -15.591837408306263 154.10515079628783
49.19328 312.7957053785977 -15.642847736155932 160.46799321443484
49.40781 313.9006579962069 -15.669104640212646 163.65705455370082
49.61018 314.992680058384 -15.702049171640889 166.84555616902549
49.81856 316.04605603528074 -15.739672919021718 170.0309650722805
50.02695 317.08900638205773 -15.777672889427711 173.1875032688876
50.23533 318.16228694489695 -15.813537222549833 176.3367978553768
50.44367 319.18961138981115 -15.854102608412092 179.4647693161462
50.65203 320.20596090417035 -15.866243629359229 182.5503933298265
50.86032 321.17986806017893 -15.90163465463522 185.59629469894162
51.06871 322.1265919045354 -15.93066011987148 188.59049872444209
51.27704 323.0322168238366 -15.953043621405321 191.48239535104614
51.48545 323.8774172825716 -15.977685502505517 194.2494195147122
51.6939 324.65641531260366 -16.021124661995884 196.90145279044287
51.9023 325.39171696970686 -16.060483693499528 199.42473666242603
52.11091 326.05483812609225 -16.09551572503952 201.8047350417263
52.31933 326.65309657000876 -16.11501131893979 204.02093968309583
52.52783 327.20543911501574 -16.149112452182656 206.06154342152564
52.73649 327.7087034247196 -16.182582766345426 207.93560697238308
52.9449 328.1735285385153 -16.20925333993215 209.67997189927837
53.15455 328.6095311170543 -16.24088278652224 211.33697014253738
53.36184 329.0269965369612 -16.271085527049387 212.96874292940475
53.5701 329.3817285791687 -16.30363481897134 214.57560129031052
53.77793 329.63294680108856 -16.332484327515505 216.14331036146714
53.98599 329.7666861553036 -16.35440449366102 217.6842849041043
54.19381 329.7836192532313 -16.37857398364677 219.20045773966794
54.40158 329.6499551448236 -16.41809163791302 220.67559297200972
54.60944 329.37519746771954 -16.42879510561069 222.0975658354304
54.8173 328.9783170147745 -16.4280585130619 223.4838209401776
55.02533 328.4479937253952 -16.446747531009 224.79428505711974
55.23328 327.7655671171417 -16.444197186212772 226.02659405293997
55.44133 326.94746532117483 -16.420481750931618 227.15239839583253
55.64941 326.0116815555017 -16.39251579777959 228.1823190993154
55.75357 325.49963240449324 -16.367272337582314 228.6590077205287
55.85776 324.95673380202595 -16.347914528986767 229.09871364884313
56.066 323.7987224336507 -16.305340525578664 229.8685269237361
56.27431 322.53803764839023 -16.26493479139745 230.48063287797928
56.48284 321.2208263309683 -16.212921680157113 230.9486275105194
56.6913 319.8459104048427 -16.160142978433882 231.31062789334092
57.21371 316.08354313641956 -16.01823699364145 231.93787001819078
57.52732 313.4329868138165 -15.934354665663543 232.1466190961993
57.73657 311.49894671612503 -15.85636705158006 232.30250337992734
58.04945 308.27617542563127 -15.732906126554816 232.41749601276695
58.25822 305.8852875964744 -15.660483879342625 232.34935770530964
58.46709 303.34711402238355 -15.56562627169835 232.26574529989324
58.67606 300.6457715152047 -15.463383523662271 232.16079119517798
58.88494 297.78406187946194 -15.355256786812584 232.04233794373053
59.09391 294.761076247265 -15.242278715531226 231.92979970956344
59.30292 291.6193451347637 -15.124726628449586 231.8842115918042
59.5123 288.34242153535087 -15.011862753936008 231.89969455792502
59.72072 284.89173879908174 -14.881070623318958 231.98865323891732
59.92931 281.3170134512697 -14.746323208115381 232.1700567391856
60.13782 277.6396785806487 -14.600242199240418 232.43560150507642
60.34631 273.9372626885987 -14.466641650073658 232.77212105513254
60.55479 270.2189985185027 -14.341454850355914 233.1721449093304
60.76324 266.49444802236184 -14.217218015548784 233.56783877913364
61.07569 260.89190151494125 -14.020863376530244 234.21761525870255
61.38818 255.23363313119302 -13.823189307575799 234.8756850676734
61.70091 249.57020766510138 -13.635631901415215 235.50640619730942
62.01323 243.93524733172083 -13.478519421867455 236.12579540119617
62.22159 240.16290071574548 -13.352773274769937 236.5547197260077
62.42992 236.45065368751247 -13.22013930379637 236.9781210233675
62.63845 232.6707394040255 -13.085871683748088 237.4094179937465
62.84955 228.92062044368907 -12.959409811743013 237.84587333159715
63.05552 225.20826597255896 -12.834468605736573 238.29136097668567
63.26394 221.5061986992685 -12.712533237825568 238.74727675950706
63.4723 217.81673588922047 -12.604441449995113 239.1963444706658
63.68082 214.13044724628415 -12.482975583001807 239.6672064277751
63.88957 210.46505731283276 -12.360260366514728 240.13089974543453
64.09783 206.80735809573565 -12.237311582956957 240.59587368476116
64.30631 203.11988298616922 -12.11074778398625 241.05352871755557
64.51514 199.40075355939712 -12.000829426405378 241.54894381524682
64.72337 195.66588288520597 -11.876758351779426 242.03464348170894
64.93171 191.90152498871822 -11.746868719235298 242.56559677555404
65.14017 188.12081344272778 -11.626976538971476 243.07481394961297
65.34901 184.3272674795477 -11.496066972782828 243.59252079012413
65.55726 180.48724294921965 -11.390132594545257 244.1003319762575
65.76555 176.61039347036467 -11.265949642424772 244.60514776033338
65.97396 172.68793283854325 -11.155617709685634 245.055944435939
66.18233 168.72568654831935 -11.029399471181353 245.46393780291038
66.39084 164.74809559712057 -10.900188835710107 245.84859304307352
66.59938 160.72999778422775 -10.780951165236512 246.23344342723584
66.80768 156.6975208211522 -10.68019630526288 246.6418899317653
67.01794 152.63339395810584 -10.576832116260627 247.04145612250855
67.22469 148.59231119209844 -10.456541114250566 247.41810766082187
67.43319 144.5709555062759 -10.321949254117008 247.78887859832057
68.0586 132.5772743702667 -9.968865683438082 248.8436391488525
68.26697 128.56374240674845 -9.835907209832893 249.18241855721527
68.47545 124.55244662618426 -9.70787226635196 249.5377127050476
68.68382 120.54992905791632 -9.586737670486993 249.88799006836712
68.89224 116.55023249203572 -9.458406505469096 250.22805667669624
69.10045 112.53345832633067 -9.338353805755713 250.58660542353832
69.30884 108.50713964939048 -9.206469832954511 250.95669157639813
69.51724 104.51709951916004 -9.075218749154034 251.29939332715657
69.7256 100.51960490506569 -8.935726461292633 251.6336852503571
69.93392 96.54171650591229 -8.797864588404856 251.95652466964802
70.14235 92.57444727758084 -8.67131886885142 252.28546039873225
70.35078 88.58165118988519 -8.564242450648992 252.6412612129538
70.55917 84.58256647631825 -8.439933421289838 253.04593268261564
70.76754 80.5996134964617 -8.318932994833334 253.46411271947358
70.97626 76.59191957457281 -8.182316867000827 253.87673651975032
71.18447 72.60517983788218 -8.054350881868592 254.31383475897195
71.3928 68.60131026305388 -7.942888043685359 254.7649936301074
71.60151 64.57869145279557 -7.827014079793825 255.2409312977308
72.22605 52.49542598585877 -7.443557401577905 256.5938274826541
72.43462 48.49032733816797 -7.305027856100009 257.0307645144059
72.64298 44.438876388799514 -7.198033098592718 257.4930687972981
72.85134 40.363472320537355 -7.07259006513977 257.94440181845044
73.05956 36.2972430489659 -6.925039638886744 258.3745360029904
73.26799 32.21287269141839 -6.788022697485059 258.8049830918176
73.47628 28.128568724421253 -6.657160825317046 259.20319313077096
73.6846 24.03844611397221 -6.511651341682206 259.5765848084041
73.89296 19.92321643599734 -6.372153900149733 259.9212032552185
74.10133 15.787989969622659 -6.231281224764762 260.2432232775869
74.30981 11.676686916109947 -6.0861734281036695 260.58649391013444
74.51819 7.565494411260788 -5.9381830704736815 260.9178063360644
74.72671 3.463893956769624 -5.808687084247504 261.26354126011483
74.93508 -0.6267407227577699 -5.677361152905052 261.5784826977405
75.14343 -4.710718670748673 -5.557269368683548 261.8734642142238
75.35171 -8.769770431432914 -5.425158357912898 262.15361676466046
75.56008 -12.788135124729422 -5.323747193962358 262.41949184297783
75.76834 -16.826295743344545 -5.22054174095963 262.6596232482239
75.97658 -20.824163240187648 -5.110307504871201 262.90528015818785
76.185 -24.80582173329028 -5.001756857669344 263.1070432317482
76.3933 -28.75570746430789 -4.879484417895017 263.311777071834
76.6019 -32.69959942099295 -4.757979587670029 263.51913045002215
76.81012 -36.57100153527958 -4.622724223898118 263.732631521669
77.01832 -40.406400719529294 -4.483559668745461 263.9348534838762
77.22668 -44.16085274427432 -4.358675450694319 264.1161054004051
77.43611 -47.84994535610611 -4.2180744067657345 264.2584526361329
77.53921 -49.65973571141507 -4.1544089356742635 264.3225455121198
77.64333 -51.47446367035309 -4.086846445906918 264.39125839099444
77.74763 -53.25398941913603 -4.03454966088775 264.4424743568518
77.95581 -56.770534879004835 -3.9146905374143666 264.56193056544276
78.37279 -63.45919161082279 -3.6844008616500457 264.7802820875891
78.47715 -65.0449946143945 -3.6295621353968857 264.83634955858224
78.58142 -66.6114149082573 -3.580422409038727 264.8996256641002
78.68571 -68.15280917922398 -3.530749617036543 264.97303008093803
78.78998 -69.69587074465191 -3.4785649140817787 265.0464230389969
78.99861 -72.72358262905448 -3.39348015821687 265.21281498976794
79.20709 -75.69742833853721 -3.3043208282901313 265.380039653401
79.41555 -78.6304246496087 -3.217003039991675 265.56281792893014
79.62408 -81.49412326329741 -3.125483958295681 265.7525828421506
79.83262 -84.28422189699747 -3.031299494334032 265.92697367626954
80.3538 -90.78170563971267 -2.828681576468231 266.3969524670359
80.56251 -93.14531462830803 -2.7463819510332934 266.6095352773697
80.77093 -95.38467125181398 -2.670016723147958 266.8337392894149
81.08396 -98.4871013613716 -2.575364186328126 267.17150739394526
81.50123 -102.26417809512745 -2.4552936327248425 267.7324068762371
81.70982 -103.97526773611165 -2.4078888026258696 268.0788496894006
82.33601 -108.46491456200576 -2.2905372923942107 269.3084344508724
82.85788 -111.63073733953819 -2.2354114982008326 270.7097371925104
83.06668 -112.80383553043039 -2.2182465609402353 271.3969806424028
83.69323 -115.88284546020287 -2.18318497876104 273.91293237672414
84.31931 -118.62353439763069 -2.1739183233977326 277.67960061186693
84.52796 -119.40919857864665 -2.1897411416265107 279.2296239075091
84.73726 -120.13010224515604 -2.1977824307226266 280.9483359905324
84.94493 -120.774884150508 -2.215741490955009 282.87214367186033
85.15425 -121.28825778427708 -2.2522908725105086 285.0102195190693
85.36198 -121.67111468652897 -2.2987622256144222 287.3529353815726
85.57007 -121.90437130331162 -2.3388182440765686 289.87485205778324
86.19355 -122.00402589052578 -2.587624694514676 298.5244228275656
86.40145 -121.96237852939052 -2.6877993094073425 301.6722175975282
86.60897 -121.91441245016674 -2.7707049973273485 304.95906654368537
86.81672 -121.90874021181084 -2.865702343148587 308.38953528334736
87.02455 -121.89915418936243 -2.960429792703472 311.91917508927787
87.23286 -121.93912347014722 -3.065032148634486 315.5054175081914
87.4409 -121.97854116419653 -3.177493359159103 319.1368517226225
87.64894 -122.0340426442293 -3.2753423896102816 322.7713743164123
87.85718 -122.10603386954914 -3.3741624764972333 326.4265145186727
88.06568 -122.17818511097695 -3.4776615645875495 330.13403929170096
88.27385 -122.24916902556205 -3.5777819126521235 333.8489138702823
88.48206 -122.33008768261574 -3.670737041869435 337.546339994781
88.69045 -122.42274119171086 -3.7684974470259665 341.2134364285567
88.89883 -122.53127635473285 -3.8436203866763967 344.87916874222816
89.10743 -122.66268597075943 -3.9237286248978815 348.50506720908436
89.31572 -122.78981405855326 -3.999557742441712 352.08307870702987
89.52419 -122.93000545149165 -4.082199564121506 355.5934718153829
89.73269 -123.0535087200132 -4.172660396371546 359.042206281596
89.94118 -123.18177937671284 -4.250562417959554 362.31470293219513
90.1496 -123.30648985225763 -4.325780419538199 365.44599512149347
90.35797 -123.42884715349683 -4.394782605814853 368.4076652087161
91.08751 -123.93868551380751 -4.6104869890886535 377.37627740854566
91.296 -124.0583430949003 -4.662785029591388 379.51797505425037
91.50473 -124.14273663659651 -4.71101151157108 381.5321052849877
91.92245 -124.03284531179578 -4.8197108508851 385.46468765097273
92.34033 -123.51128092516613 -4.941976166482014 389.1728028253016
92.54948 -123.04529116075389 -5.005861436964137 390.93328554401484
92.75849 -122.42548864033398 -5.070528739783406 392.5849773938041
93.17636 -120.86972709006523 -5.228859165707108 395.62910256733636
93.3852 -119.91259433898682 -5.28007641208215 397.0056213782399
93.59411 -118.74438403884429 -5.336630196827693 398.3198524244357
93.80282 -117.48361845108815 -5.39987541603375 399.60907986706053
94.01155 -116.09889815201686 -5.518918874389802 400.8642633657801
94.2201 -114.47752298105836 -5.6046129106387985 401.8707198455089
94.42871 -112.69571994594628 -5.675870601554969 402.78094232272906
95.26212 -103.70445229243191 -6.188251227927214 405.1601627508705
95.46985 -100.96772853831123 -6.318154169382549 405.4699787887876
95.67789 -98.0768783559382 -6.445929598355501 405.6459608339064
95.88591 -95.02798549867033 -6.559996089849625 405.676940501518
96.71708 -81.0671066927923 -7.069333170447431 405.1243933250654
96.92488 -77.218364409775 -7.210626900150769 404.9368556590449
97.13273 -73.26550853018233 -7.331785673723 404.712764619411
97.34058 -69.29990024806091 -7.47647040419957 404.5131131839519
97.54846 -65.31788973028665 -7.599512891262874 404.32960318713305
97.75648 -61.31841345856707 -7.7350009822059445 404.1788184557564
97.96452 -57.30721530964712 -7.871127610288081 404.0706110542744
98.17395 -53.24639324590461 -7.992667504070653 403.9888104170237
98.38072 -49.134582727623425 -8.140092187797956 403.93756027814896
98.58899 -45.048137969555285 -8.27821577272535 403.880772643977
98.79726 -40.91094839528804 -8.427944635497564 403.8280341312512
99.00546 -36.78497903764865 -8.585199295317963 403.7490755246013
99.21372 -32.67805437886392 -8.730257796751165 403.66881492814304
99.42206 -28.582102202150324 -8.874202540480175 403.6016731970219
99.63063 -24.48909342733299 -9.008248775943876 403.52274034504154
99.83886 -20.428249302897733 -9.138012627020613 403.42662137584506
100.0472 -16.372687512169293 -9.259013585384661 403.3233740893716
100.2556 -12.374029838344693 -9.371660975797539 403.1938717063341
100.4639 -8.410207994854668 -9.48153295559863 403.061120555479
100.6722 -4.4477878123957595 -9.62497990825148 402.91414794606646
100.8807 -0.5441229884973815 -9.737004422993476 402.7910746752038
101.0896 3.3479917639026002 -9.861970288711785 402.65557774007397
101.2972 7.171181343301065 -9.986542131812348 402.5088786035793
101.5056 10.986902649087478 -10.079974730636051 402.33272416012335
101.714 14.790196073475684 -10.202222854022438 402.17704413946444
101.9223 18.560491247449214 -10.319176052482735 402.0488656743918
102.1306 22.285989094939424 -10.422230366265985 401.88948674325854
102.9641 36.79840951753193 -10.865887852058133 401.1205531470664
103.0682 38.613657809497866 -10.990259228903001 401.24813200970993
103.2765 42.18358546162238 -11.143977620757223 401.1254276800495
103.4848 45.72022551680905 -11.264330437795827 401.04892465903777
103.6934 49.208752668915395 -11.399638493757418 400.9914584860319
103.9018 52.66252882956577 -11.513500286650228 400.890002740134
104.1101 56.05548821489652 -11.621842498685433 400.7470128951116
