0.0 -0.0 -0.0 -0.0
0.1036117 -0.009383745431274173 -0.01259338528222918 1.2447376675449073
0.2073529 -0.020481358015201175 -0.02575942430165891 2.4774034085814343
0.4147131 -0.06548562895349745 -0.04530174614189461 4.942189312357843
0.5199468 -0.09037890871440502 -0.06299327685467962 6.166221041012692
0.6220911 -0.11294354151091972 -0.07086511655096825 7.40630330638351
0.725703 -0.13581285583839164 -0.08665241237752216 8.609666437167697
0.8294654 -0.15030572701554956 -0.10662212712389264 9.826872026981336
0.9330382 -0.17111742274379027 -0.11806779440014431 11.034852874034568
1.036778 -0.19227916661300729 -0.13445600791169326 12.252637417250389
1.140398 -0.21007309214304581 -0.15208182682098764 13.47964399741034
1.244137 -0.24769027552762696 -0.16263573578031923 14.703830852941099
1.347751 -0.2684454871996656 -0.1754151733870632 15.88366363159667
1.451492 -0.2983986375438951 -0.18211591159928375 17.043940210232314
1.555107 -0.3187387350321589 -0.18765497677994486 18.225583577834428
1.658847 -0.3467740096908174 -0.20192011722821301 19.403751499104043
1.866202 -0.40210844985543365 -0.22680140146806912 21.747916679427366
2.073559 -0.4456363486711246 -0.23971528294725242 24.063371391838093
2.28105 -0.5174623305563596 -0.2555487789795842 26.325491932823404
2.488425 -0.5576255467591269 -0.2771063104475708 28.571003580195352
2.695755 -0.5939876819550614 -0.30799647825574206 30.79290087030788
2.903108 -0.6408235152223303 -0.33361092220493516 32.95786796277654
3.110482 -0.6568391630045368 -0.35318823400617616 35.06960965744202
3.317943 -0.6804585503953223 -0.37820957653185017 37.091243665100585
3.525427 -0.6761270280336669 -0.3982903279383204 39.0883384111571
3.732909 -0.6491882491606664 -0.4175110310692235 41.065512569401044
3.940409 -0.6127997280460722 -0.44323373814000366 42.948905179259846
4.148122 -0.5345913905832615 -0.45520281491549575 44.831599152371346
4.355725 -0.39666667999726624 -0.46922093538922943 46.66156260188728
4.667325 -0.0853318199715698 -0.5139156851220433 49.3268239724003
4.978668 0.40825402138903044 -0.5382909066071748 51.84898374273022
5.1864 0.8447895749105854 -0.5465737569390458 53.46867435035221
5.497872 1.6214857875605233 -0.5686707543965591 55.785342014444296
5.705475 2.245700550284379 -0.5761468996286533 57.24410642831839
5.913083 2.946801227755369 -0.5915196840814301 58.64351694104583
6.120823 3.7273639824513403 -0.6029547869079951 59.98099066402754
6.32844 4.602433514548412 -0.6091999683176311 61.2568897414847
6.535919 5.5420235051745586 -0.6144296335458612 62.45757477526614
6.743256 6.565368359723976 -0.6326140126986465 63.56123554962673
6.950676 7.655624539902867 -0.6475209741489554 64.57699978866346
7.158126 8.81595916169827 -0.6631208393480477 65.51193571924202
7.365577 10.039944901514318 -0.6942321037506669 66.37351437693329
7.572928 11.35288428784839 -0.7437727052370082 67.1580790719055
7.780431 12.722821236145606 -0.813010944207158 67.89004025491167
7.987818 14.179731816021022 -0.8776077924556689 68.48808833971167
8.195302 15.713050576862816 -0.9275348714824649 68.9902586397554
8.40273 17.278003073329476 -0.9802594126437423 69.37496410977796
8.610085 18.891417407105415 -1.032645342538323 69.63256397399672
8.817441 20.519770056288117 -1.0813998900849384 69.78147781387771
9.024545 22.167642793923363 -1.1492044586864765 69.81451476574452
9.231657 23.834203389098402 -1.2076100164386943 69.81122576655697
9.438799 25.510812893407042 -1.2702290243654546 69.72777069242635
9.646095 27.185918571144335 -1.3500966757313102 69.60772741954251
9.853097 28.855714802286386 -1.4573877918152416 69.46826030049176
10.06045 30.537777785642408 -1.5632407382256541 69.31636014773369
10.26768 32.20554877785479 -1.6755788488741077 69.1562020572362
10.47504 33.92710104329197 -1.798984005767855 68.99187542916954
10.68242 35.66155586723312 -1.9184262453544778 68.81997178873327
10.88987 37.40075543885752 -2.0420698168556273 68.64267746985789
11.09727 39.12182969696218 -2.1852664668717825 68.47055878064924
11.30471 40.8474690581872 -2.3301132258880166 68.26726636814684
11.51214 42.589129675977226 -2.4692662563386447 68.06359637164624
11.71955 44.3228199867612 -2.6272298104514897 67.85064879863539
11.92703 46.08846420661153 -2.7696878112156558 67.61575692444488
12.13451 47.89547771839473 -2.931316361152593 67.36513352464361
12.34189 49.66624403057609 -3.080878886914141 67.16648458492318
12.54922 51.46328242494438 -3.2509542620206235 66.96287682613749
12.75659 53.30000715007173 -3.3887516123472063 66.72599396895393
12.96381 55.14642130241535 -3.524952950282736 66.47569832109625
13.17118 56.99761037066837 -3.6727231950502413 66.23621099301667
13.37865 58.89267500719955 -3.817959157767929 65.9950584804092
13.58601 60.75860688247437 -3.9660037364256624 65.76666682184214
13.79348 62.641925622697876 -4.097027829311499 65.53228452460091
14.00084 64.53718383184075 -4.254848022809076 65.31617989732247
14.20807 66.40290387563617 -4.411593712591211 65.08890236571906
14.41543 68.36036132369615 -4.57298636410408 64.84679245082391
14.62278 70.28319289777427 -4.7324530197058685 64.6270303924102
14.83014 72.25004646923264 -4.885584022472903 64.38642495988242
15.03737 74.23327881369512 -5.037085189353297 64.16248598951312
15.24485 76.21958311175106 -5.181115348641859 63.92843732788944
15.45231 78.23438089674832 -5.345107385086958 63.70628039693491
15.65967 80.25615617916345 -5.492092145101221 63.47854218282905
15.86717 82.30322976971523 -5.631650411740287 63.26178836161352
16.07463 84.36412219966961 -5.797756373841712 63.06190711027136
16.28215 86.44848909661064 -5.972721436865282 62.84792619894988
16.38589 87.48626473334815 -6.050325678935648 62.73117526517419
16.59323 89.57008157884167 -6.202034821438673 62.49994476141484
16.69699 90.6030805876706 -6.2735667934284995 62.3740152401738
16.90495 92.64106301709273 -6.422459352333445 62.108017361362165
17.00813 93.66603912922525 -6.511320327479739 61.96984133980031
17.21568 95.68726366973455 -6.658417462186681 61.636236226993304
17.31942 96.6894507915541 -6.735529739501453 61.46155756601091
17.63064 99.63590692807684 -6.961944116597238 60.86576386210489
17.73425 100.58181402835086 -7.035137222780042 60.63000849077504
17.83799 101.54906957848907 -7.123327165902257 60.390670916502415
18.04536 103.44387390888916 -7.278940744539733 59.86579541655219
18.25283 105.26119930647866 -7.425637246769881 59.280787146304164
18.46006 107.07615828653161 -7.595001695295079 58.61552720877579
18.66742 108.88434478548645 -7.752011346054027 57.90458499574882
18.87477 110.65039548160654 -7.916584285915242 57.1370498566724
19.08226 112.42142288971307 -8.068781653182379 56.30156296919915
19.28953 114.15430478208376 -8.238928132227608 55.410552140099234
19.49684 115.896899106538 -8.416640186745708 54.4547614497268
19.7042 117.60599255347509 -8.5916545409576 53.42568411985875
19.91155 119.30857988268991 -8.77789449287442 52.32103462378795
20.11891 120.93968403763978 -8.957623112961977 51.17159932371758
20.32614 122.55310193315142 -9.148726482558965 49.93202229430144
20.53351 124.16452637419815 -9.325371044218507 48.61423957109052
20.74072 125.70719647427703 -9.510837702075301 47.235437187695844
20.8444 126.46250727547584 -9.604862605171189 46.51316652079113
21.0517 127.93326850961839 -9.786848155925673 45.03990674253173
21.25905 129.30949056655854 -9.97485873858159 43.48800759598749
21.36266 129.96646459064362 -10.063592167423128 42.66717504835836
21.67383 131.81836978944648 -10.34535569037597 40.095390339518154
21.88124 132.95061662695406 -10.54554243042472 38.36453991486643
22.08847 134.00493863509928 -10.751652699020736 36.538859711358114
22.39937 135.4682856261678 -11.050492234928855 33.745390706793245
22.50301 135.91473836395755 -11.153093415885525 32.77371293688334
22.60669 136.36289073304494 -11.260970337141913 31.823994017246218
22.81379 137.21119891760276 -11.47600277744961 29.873763017947354
23.02116 137.99984946727815 -11.672699451031638 27.872435281318335
23.22826 138.7251425589177 -11.862063915087518 25.873635907373146
23.4355 139.43425555682606 -12.063193134259329 23.881211844547895
23.64273 140.13569556322597 -12.260299650968392 21.861886527475146
23.85006 140.8343151416173 -12.448084109328253 19.82513606983756
24.0573 141.51457085108916 -12.657039533548037 17.832140449287383
24.26453 142.18274338411499 -12.86708735607683 15.840315058952356
24.47176 142.86155476932865 -13.069332352290363 13.845765895626663
24.67899 143.5415682369243 -13.28053306684846 11.862957860360886
24.78262 143.88193725749102 -13.387075575743792 10.881447971466926
24.88623 144.22875021678198 -13.489974415179722 9.910542598459315
25.09357 144.92700324358543 -13.678238424911765 7.966210920339499
25.19719 145.30346771965458 -13.776317477776646 6.976801428215822
25.30082 145.6870416051433 -13.880516000636177 6.030059525242855
25.40442 146.0910805731287 -13.972803915160231 5.062335680756128
25.50805 146.48146198072413 -14.076178925619939 4.108880188756771
25.61167 146.88863258050782 -14.175465164160862 3.1619288093458096
25.7154 147.30918225163384 -14.27667240858837 2.2222559422994763
25.92279 148.21328711286168 -14.495335813054151 0.35174405048365287
26.02649 148.6765163658599 -14.5868696507878 -0.5623502535491696
26.13016 149.13554321713258 -14.688775335287772 -1.4409509383127883
26.3375 150.10259920828017 -14.863838788093775 -3.2115812169858344
26.44118 150.63421580178965 -14.94816282121377 -4.0526551886818964
26.64853 151.66531658945027 -15.120424420947842 -5.71996706879753
26.75206 152.21772478498872 -15.22056078812836 -6.552730305181868
26.85581 152.77906595154937 -15.310129896806881 -7.367837184543816
26.9594 153.36608049332648 -15.396510654454254 -8.161570007058643
27.06308 153.95224903857542 -15.468996072006432 -8.939157535755825
27.16666 154.58531106141936 -15.557324329920533 -9.719701451719274
27.27035 155.22417308082998 -15.618443406486845 -10.445361086273394
27.37399 155.86017347069944 -15.69904978105637 -11.178248384012406
27.47773 156.51400329180342 -15.775113355629156 -11.871180714428235
27.58157 157.1820457820379 -15.855693535607648 -12.557667989419556
27.68531 157.857807686255 -15.939187032119346 -13.209017676905532
27.78906 158.5478213063642 -16.013826893517546 -13.826466475383071
27.89284 159.26333813567953 -16.08750828600814 -14.440587450865863
27.99666 159.99280639417552 -16.159606899598913 -15.037106044637724
28.1003 160.74122559042982 -16.23549926028397 -15.607426190024086
28.30778 162.24656989841662 -16.400383761647234 -16.650922835704165
28.41162 163.035626928476 -16.464010503262074 -17.162172415690215
28.6191 164.65190853864246 -16.621003287561386 -18.08916142426864
28.72284 165.49457150626807 -16.684903570533294 -18.517640810963954
28.93033 167.28585539721482 -16.79426648444284 -19.33145414550971
29.03407 168.19612342155406 -16.885034036150337 -19.69915733689001
29.24155 169.98966644334075 -17.04229379422418 -20.279714182403282
29.44916 171.80481365492548 -17.17348494347968 -20.730101162093487
29.55289 172.70848921901336 -17.248569708626558 -20.889987072748575
29.65676 173.638953285193 -17.328999390453752 -21.043992427937734
29.76051 174.54573523301823 -17.39062072831181 -21.14012015379334
29.86424 175.4767222564047 -17.45374622176858 -21.215442279994637
29.96802 176.41227087982477 -17.52448064057937 -21.259817945188566
30.1755 178.30742149410878 -17.64841305176321 -21.250231417081366
30.38299 180.2097833142581 -17.7485221405948 -21.11426057663624
30.59036 182.23279883630167 -17.87402616133116 -20.87791962059106
30.69406 183.17032643568984 -17.94721993059902 -20.708095603996345
30.90156 185.09438699308737 -18.100004993325197 -20.288424305114596
31.1089 186.99132745226848 -18.220616992421064 -19.739555610444206
31.31628 188.88847986919018 -18.359015417716385 -19.07068345964685
31.52362 190.73727693601165 -18.48881125534178 -18.25938507948868
31.73109 192.55334598760788 -18.657739661665254 -17.4237740767353
31.93858 194.39280799037147 -18.795230591629874 -16.374117410874092
32.14606 196.14198101623452 -18.95321695246684 -15.299606279428048
32.35368 197.86821823684045 -19.074654486010992 -14.019299992436785
32.56102 199.54578411683428 -19.21235208697971 -12.719437694197069
32.76837 201.14031914845378 -19.36230754959537 -11.272718551553197
32.97586 202.72753973519514 -19.472582750982795 -9.796643004122743
33.07949 203.4950900983277 -19.539537855121964 -9.01416681631413
33.28683 204.94812381704992 -19.65940687326595 -7.425639603428408
33.39056 205.6767749314497 -19.726470475274425 -6.577628438105094
33.49434 206.3578472012409 -19.777595935674633 -5.748525281122468
33.70142 207.72445913028085 -19.917400283281143 -4.025595391743622
33.80503 208.3879671403576 -19.967372662782605 -3.1387726720403037
34.01226 209.68965824470416 -20.07926128430317 -1.366254378243653
34.11588 210.33593740151719 -20.15508604347567 -0.4377692211993036
34.3233 211.6038595661453 -20.28763023768428 1.4869959750302115
34.42688 212.2162867220975 -20.3453505272212 2.430658709439996
34.63421 213.4262188085982 -20.47754969366035 4.396449324052398
34.73782 214.04260043504416 -20.54056329497778 5.368065118080736
34.94505 215.25098125694598 -20.661505987712125 7.3728396977159605
35.04867 215.84252254938377 -20.71045462373359 8.373140891568923
35.2559 217.02913604476788 -20.83062800087654 10.417583701544515
35.46322 218.19416580125267 -20.95144220653105 12.47819679763353
35.67048 219.31915018125582 -21.083241317061034 14.49848134838416
35.87783 220.4842821625229 -21.17229150148423 16.604049495678908
36.08507 221.6055315819975 -21.26670053155061 18.669943159711906
36.39606 223.3010855057036 -21.506790005858104 21.73171688586568
36.60341 224.42765896995945 -21.619337509357255 23.794121117787697
36.81077 225.56202675715747 -21.721572132365473 25.827407474667922
37.01811 226.71481843232618 -21.833704093037436 27.9143691519174
37.22549 227.88766115273117 -21.947931442530447 30.007324087842832
37.43285 229.04259968460158 -22.048678867406935 32.10086919413938
37.63992 230.20735896735715 -22.16745069875221 34.203418123881264
37.84728 231.36993187348074 -22.272546494473108 36.343051584198804
38.05465 232.54423549524796 -22.36232309504072 38.44439582718448
38.26267 233.70550990326535 -22.445217198488017 40.56055286431969
38.4695 234.86872524856375 -22.533290264438165 42.643729329003264
38.67697 236.01541509477977 -22.602206673638086 44.75168392741081
38.88419 237.1340355332847 -22.694778788596718 46.836718808011824
39.09154 238.20918458744183 -22.756827597232828 48.90845403248548
39.2989 239.28514773701207 -22.836478317949663 50.98332122580064
39.50613 240.3213394613432 -22.890825861347416 53.005311624357205
39.81725 241.85910327066125 -22.993148102476955 55.975162372258495
40.0247 242.8416333255821 -23.06227641321329 57.92538728048437
40.23207 243.79588597391398 -23.145232280551244 59.882904831373395
40.43955 244.77445604422977 -23.23269357854429 61.789105331262704
40.64703 245.8012725013624 -23.301574791987377 63.68865907960165
40.85451 246.8671034929082 -23.394785303015585 65.51180184377094
41.06199 247.96957835407596 -23.472487000608385 67.33549586530476
41.26947 249.13812740191327 -23.527562618800925 69.10776083523366
41.477 250.35099322736187 -23.61520638189076 70.84353355088356
41.68449 251.6534127396389 -23.70272284147633 72.50291622052097
41.89194 253.0264947751201 -23.793644462709146 74.09449117973261
42.09952 254.48083558399594 -23.86823104614577 75.62582706427106
42.30701 256.00990704755077 -23.925003389189953 77.03651232431334
42.51448 257.5853334461171 -24.05296723911649 78.29272791525223
42.82571 260.0790889605372 -24.16768868147792 79.99275001378615
43.03322 261.82961501848945 -24.255041379444126 80.96926584658694
43.34415 264.52505273866933 -24.39002135533058 82.1601898964141
43.55153 266.37835865521123 -24.50985529341662 82.80659973731906
43.75899 268.2702461933509 -24.600918794298014 83.30869450475892
43.96657 270.19580942612254 -24.701626774997543 83.66870425840227
44.17385 272.08513448217366 -24.81052053745978 83.87048997033362
44.38131 274.00241676747845 -24.934183582269696 83.93909661033368
44.58866 275.9296569696472 -25.074406375350296 83.88584482113005
44.79604 277.8454715198155 -25.20010588488254 83.69494263532118
45.00338 279.74542820879003 -25.34614789853424 83.35746275305694
45.21061 281.6083105369699 -25.458145469123696 82.8852062673971
45.41797 283.43925785488386 -25.572609693229474 82.25844768393488
45.72894 286.10636381649687 -25.733879579637822 81.0797647867173
45.9363 287.81270069477665 -25.84097534871618 80.12087479512394
46.14378 289.482015360794 -25.97708758158811 79.03837317237458
46.35113 291.05442070560684 -26.096830239690437 77.81098660733097
46.55836 292.5998611292186 -26.254535174894894 76.45804467663548
46.76562 294.0178495256432 -26.41724503857499 74.9513771802361
46.97295 295.37109252869305 -26.5909046281878 73.31028602006774
47.07656 295.99560127872684 -26.673080575944816 72.4605080377755
47.38767 297.6704742502188 -26.952773265217267 69.73504542837082
47.49115 298.1388461320263 -27.04236035761865 68.77691160425064
47.69838 298.985661897741 -27.204130294898576 66.86444679265674
47.80202 299.34226654311374 -27.287109274899073 65.90708921635071
48.00923 299.97390197717306 -27.460803647246458 63.99141579407474
48.21646 300.48591194340355 -27.635593288759452 61.98574252576002
48.42366 300.910756833539 -27.811192104955616 60.019252440648316
48.63055 301.3241770606781 -27.974251872425903 57.982660508483065
48.83753 301.6771896990626 -28.158602910481417 55.97891391256527
49.04477 302.00173158978913 -28.321568774015756 53.95584754765893
49.25219 302.2906436047597 -28.502302650205536 51.897223481779534
49.45935 302.5526201844727 -28.67442148162841 49.876682532199254
49.6666 302.7926002043369 -28.84847608682442 47.8542810380692
49.87371 303.0088583654187 -29.03048545264595 45.85883256925667
50.08079 303.2063867036862 -29.187919350862824 43.890026611622574
50.39151 303.50512926036623 -29.428678068564256 41.01250720690808
50.59862 303.77520310118246 -29.57673529533695 39.21155094640434
50.80587 304.06093112067407 -29.737768503559106 37.4452645273254
51.01291 304.4119378234544 -29.88906011947338 35.853616018731145
51.21994 304.8246024486343 -30.022346837587868 34.349111129679024
51.42685 305.3464891549385 -30.143469132597144 32.924555935358924
51.63365 305.9798714836482 -30.267453443054233 31.598307601154474
51.84065 306.73511303736694 -30.384526725573433 30.38956730186392
52.04761 307.5882610473969 -30.48860183779297 29.304223944993225
52.25473 308.6013382301745 -30.559312229961336 28.33436643100825
52.46211 309.70847779005 -30.601958465317974 27.539502909275825
52.66943 310.92109832145195 -30.641578201459154 26.861170320257898
52.87691 312.297991623169 -30.66322748760367 26.316533801787727
52.98058 313.04237520062895 -30.65875370465467 26.104617236340133
53.18816 314.62441574748703 -30.640598924805666 25.75833770907436
53.396 316.30322221301265 -30.603600534310964 25.57709961235787
53.70798 318.927885122084 -30.594346154558938 25.571336872209237
53.81213 319.84471576800627 -30.60084685655373 25.637987477004426
54.02 321.71021000137506 -30.61821701000379 25.86344312697087
54.12406 322.653344958097 -30.622996548900783 26.029233643466842
54.33153 324.54920567793755 -30.64007060205662 26.454671434194367
54.43528 325.50206504020554 -30.64806145736943 26.70777716213143
54.64287 327.3902120948755 -30.68960885991856 27.29815487695744
54.74688 328.33044330496267 -30.711131021652566 27.647310100064033
54.85039 329.2620631682966 -30.725829419657902 28.027522491845758
55.05791 331.12029229849804 -30.745827151552824 28.86099706606008
55.16171 331.9999576119405 -30.776086217587462 29.318641671889665
55.36918 333.73141706452543 -30.80295367940778 30.35948054864545
55.57679 335.38213376118443 -30.848497694934082 31.53726190777124
55.78433 336.98349838620584 -30.871965207596414 32.86673306013711
55.9921 338.4929578082421 -30.918463360128115 34.32512302233931
56.19948 339.8900458964448 -30.957597164117406 35.88882358366061
56.40721 341.1839057579214 -31.00037190449705 37.52317138386647
56.61486 342.3933722941492 -31.065450823327907 39.186291768086704
56.82249 343.5457174560735 -31.14487505487769 40.89859549826889
57.02978 344.6260705129809 -31.226020890649533 42.627329187720335
57.23726 345.6556660790408 -31.259103802099975 44.44447277094255
57.44453 346.5793861558657 -31.342439237365397 46.32044509522336
57.65175 347.4471514389654 -31.403883288300857 48.218752544128634
57.85911 348.22631854302654 -31.459351481969897 50.15159925912249
58.06628 348.9117633658889 -31.493885542247853 52.125157289216276
58.27342 349.476616047825 -31.548575081276546 54.143215327612594
58.48064 349.9497073625659 -31.61576600438942 56.22393391827757
58.688 350.3031617065533 -31.67032020623043 58.33566805410841
58.89523 350.5378253991497 -31.708085012053573 60.513348269734216
59.10271 350.6611229514464 -31.764232436155325 62.73322526985243
59.31044 350.7243334586025 -31.833031369664564 65.0395363607218
59.51804 350.69680015729676 -31.876181435417433 67.34328220538889
59.72578 350.64926346182756 -31.94796417048727 69.69269913660037
60.03715 350.5351500316394 -32.06211396640004 73.29162679989857
60.24461 350.4312429901757 -32.140637668755716 75.75957691589524
60.45209 350.3036294797211 -32.22660478733203 78.27598654709051
60.65946 350.15664226051956 -32.31417025337859 80.82111307495919
60.86685 350.0034152970683 -32.39098811930314 83.41860546569433
61.07423 349.83537175797727 -32.48626137138634 86.04622134298256
61.28164 349.6610553275848 -32.570689747489716 88.70060639733303
61.48899 349.4727865321449 -32.67247665603066 91.39950910103295
61.69637 349.2759225841486 -32.760989090435814 94.14209577583446
61.90373 349.05290308394734 -32.86730565916003 96.90564987509538
62.11106 348.82212133003304 -32.96397772762862 99.68492535568099
62.31831 348.5914900920638 -33.0705990509656 102.45735525428617
62.52565 348.3322737994695 -33.183236846525546 105.2114251448912
62.73302 348.0421804664694 -33.32203608519035 107.96727537598827
62.94027 347.7328460710068 -33.44288215768486 110.70716410227928
63.14771 347.406438624774 -33.55986374527563 113.46210309889305
63.35507 347.0713830770444 -33.67416210070483 116.1945109012226
63.5623 346.7025230167692 -33.79086339707227 118.92063647834775
63.76966 346.3096313346612 -33.91310363857649 121.65438377896808
63.97716 345.8943640044551 -34.04846949416827 124.38216863752035
64.18451 345.5211648123621 -34.19508181120429 127.09921454643461
64.39197 345.1528887263658 -34.35623292916206 129.80523050325405
64.59945 344.75537752862255 -34.51016889175238 132.5149244465985
64.80697 344.35255831053735 -34.665686322707586 135.20534899138272
65.01429 343.9770732721077 -34.82072915587033 137.90928099237584
65.22189 343.6303473279763 -34.9691521295291 140.63794292247417
65.42913 343.2817168148917 -35.13451850515965 143.319491970133
65.63663 342.94506942060383 -35.289842492976106 146.0148013115997
65.84398 342.6127868364868 -35.43352182123197 148.69478827102648
66.0512 342.28201373519784 -35.60056863646997 151.36726908742247
66.25858 341.9480951004095 -35.76089728015383 154.08595959417954
66.56966 341.50537562321887 -36.013612872302836 158.17217996451836
66.777 341.18730364081085 -36.181275209179354 160.88199852875766
66.98424 340.86877912028643 -36.35030630099317 163.6041491845986
67.1916 340.5644342245492 -36.52039778977776 166.33696585791498
67.39908 340.25798677367186 -36.68787814955699 169.0723516520182
67.60643 339.9566724522347 -36.862382814016584 171.81670244275688
67.81391 339.64875885766855 -37.03153010941669 174.53744723384455
68.02129 339.3436039526945 -37.222307349683255 177.2756266261767
68.22864 339.0377683573424 -37.387586294294714 180.02363947450732
68.43598 338.71939009766834 -37.557025733922934 182.7556090331854
68.64351 338.4327700031066 -37.72400286035215 185.48431568801678
68.85094 338.1701708678278 -37.91778209293417 188.20161114449922
69.05842 337.9328595096438 -38.090908407892584 190.93849110869368
69.26591 337.77240657673576 -38.25116024592482 193.69137181700322
69.47339 337.61437560770673 -38.41909402850544 196.45270589250467
69.68089 337.46757533699605 -38.578318419891204 199.21695998557988
69.88823 337.3770391676385 -38.75898188462736 201.9989850165719
70.09558 337.3061013859337 -38.94534366719604 204.77771361392394
70.3032 337.25008974426055 -39.099793144470596 207.57990784816096
70.51019 337.2435374613126 -39.268876474940754 210.3453797104158
70.71752 337.2782473528173 -39.46960609933475 213.12260474968258
70.9249 337.3294666040834 -39.648718279578006 215.89451889676283
71.13236 337.40934977819074 -39.83349453880834 218.64887974220338
71.33977 337.5111329547221 -40.01582656414358 221.4385688086451
71.54709 337.6219811075565 -40.197284057864174 224.20291086999214
71.75431 337.80314142155606 -40.38355770440544 226.96877290537324
71.96169 337.99451184231816 -40.57001930484414 229.74057669650378
72.16903 338.23200803331747 -40.72638589110148 232.539856085204
72.37637 338.50893332651384 -40.890849852362976 235.32876082412122
72.58373 338.8139865555499 -41.06013283184263 238.13065793838294
72.79111 339.1638612107477 -41.213234169530395 240.9225334440237
72.99844 339.54730016448036 -41.36881891241411 243.71898957498536
73.20579 339.9606580182574 -41.520202261468086 246.51940253225
73.41316 340.40691145826327 -41.66636534546818 249.35537343414322
73.62039 340.8436399043684 -41.798686059549595 252.16572304540944
73.82776 341.3720477549671 -41.93790470043182 254.99900283436702
74.0351 341.9236326588832 -42.094129258562376 257.8533736023045
74.24262 342.5111212176314 -42.23479804500312 260.7055827661326
74.44994 343.1299244766853 -42.376534205698306 263.5857923236198
74.65742 343.8534084158229 -42.501768980921874 266.42587249845997
74.86477 344.61385107100557 -42.619661364373854 269.22617091456937
74.96854 344.9801486634711 -42.66412507705683 270.6180866482991
75.17574 345.8173748947077 -42.77746225384442 273.4119716999026
75.27936 346.2463224231361 -42.82658970730079 274.8130977427512
75.48671 347.1186824350432 -42.92093362006361 277.5861299592647
75.69407 348.01293350434 -43.006337937989045 280.3331698574632
75.90142 348.9304951212981 -43.083515232347814 283.05441863094416
76.10883 349.8836325541056 -43.160597964780294 285.7370251128301
76.2124 350.3624068637207 -43.192622483326396 287.07451585448354
76.41965 351.3467819836378 -43.26349299140771 289.735396234213
76.52335 351.8550109839591 -43.29449995063084 291.0576658529191
76.62699 352.3689534291264 -43.33466520644801 292.3755139518107
76.7306 352.8812174758291 -43.37120566920507 293.6781021410886
76.83431 353.4057322757458 -43.39736092726428 294.9924331758335
77.04157 354.45208091341976 -43.45773771743539 297.60673528162215
77.24893 355.50116587786164 -43.5205402832838 300.20738363144613
77.56002 357.09056934436 -43.61361231037423 304.01761046844854
77.76726 358.1412057654391 -43.66787151734006 306.5369829783899
77.97461 359.17390094646714 -43.72738635308921 309.02971641347347
78.28559 360.71755874985945 -43.7991069325054 312.7020133675706
78.3892 361.22411359653654 -43.823986486195594 313.9140651878394
78.59655 362.24059838104756 -43.87355616949041 316.3116492636387
78.80391 363.25228863376833 -43.914711067546044 318.68022630571113
79.01129 364.2689768246222 -43.949755841995945 321.0391210638893
79.21862 365.28674643772797 -43.98504007644707 323.37918313984983
79.42598 366.30025570632165 -44.01453389364417 325.7412309835902
79.63321 367.31205095342716 -44.0410876459178 328.12639097342054
79.84071 368.32797852392684 -44.06896103402734 330.4831555725933
80.04817 369.3530508259032 -44.08827045378366 332.92517824055426
80.25565 370.4233941428839 -44.11509565377915 335.32247571277276
80.46314 371.53456647396683 -44.11891317173086 337.73728722423067
80.67049 372.7144685250302 -44.113353740773604 340.1784252187383
80.87784 373.95640101937454 -44.12933816457689 342.61505560950536
81.08508 375.23997221750835 -44.14553986534495 345.0009825866954
81.29246 376.57777681841753 -44.15960719554215 347.50989928482556
81.49966 377.97759940584046 -44.1837911555923 349.9409246714983
81.70702 379.42001765995775 -44.1733139943393 352.4353716374477
81.91437 380.9137225365871 -44.14829702579445 354.92812678360343
82.12173 382.43679395933776 -44.14019552938828 357.3798134036659
82.32896 383.9643582079252 -44.11095605038557 359.8578774713841
82.53631 385.50801048544236 -44.098467490384664 362.2593111321121
82.74372 387.0583728331509 -44.06385067356576 364.63792334294266
82.95103 388.572499284377 -44.02070697338581 367.0234756432619
83.1584 390.1479674173657 -43.98860127339623 369.4008544111671
83.36575 391.7307951424552 -43.94170352127117 371.80611077942683
83.57317 393.30565069641733 -43.883961006362895 374.20432420479085
83.67683 394.1007261954483 -43.852663175174044 375.41228707391366
83.88419 395.7005549925043 -43.78694505942012 377.8293701737808
83.98793 396.50330817120033 -43.761446675919345 379.0367572952217
84.19529 398.0708875550632 -43.69463650433191 381.44968162296084
84.40264 399.62289089123493 -43.657595692234324 383.8881043451255
84.61 401.1712816539216 -43.5845845124461 386.2975520411801
84.81736 402.73589178011275 -43.51067753309522 388.6975557626488
85.02471 404.2635671139738 -43.42686487126552 391.089820675245
85.23209 405.8015866038976 -43.3345599610784 393.4733430488948
85.43944 407.31952388028833 -43.24342448429883 395.86442797076035
85.64678 408.8418245255733 -43.16763953917978 398.2459945995009
85.85401 410.37370919436995 -43.07053272747444 400.5938670499843
86.06137 411.8981630043194 -42.974111757553715 402.9552361601577
86.26872 413.46293968619364 -42.87664022838743 405.3011688745901
86.47595 415.0140378685949 -42.77657881959141 407.6287862961508
86.68333 416.5874258128644 -42.696919310779364 409.9629640812842
86.89066 418.1563750389672 -42.61616157556536 412.3049400832144
87.09806 419.74948688939105 -42.53132837141611 414.58071689558335
87.30537 421.3792935156117 -42.42068253439807 416.852037884823
87.51261 422.9628594914892 -42.32584149086482 419.09141053856257
87.71996 424.53526107534924 -42.24307807134156 421.2543614147959
87.92734 426.0879724936333 -42.17577361533109 423.3600762408505
88.13456 427.62474636232173 -42.07927103826958 425.4477442739641
88.34196 429.1426947178988 -41.995674320137425 427.50077941046504
88.54926 430.64043921557396 -41.905625625148545 429.53235747713006
88.75661 432.1415022464482 -41.84506810391211 431.53571478715554
88.96412 433.62657840913636 -41.76793945326445 433.52672618469137
89.17145 435.1020665053127 -41.71510538636489 435.4961690108788
89.37881 436.5406822294695 -41.6283500890909 437.4679445849605
89.58629 437.96306857470415 -41.56313451067012 439.3356438127563
89.79365 439.34573230016747 -41.486447988801686 441.19791388768607
90.00113 440.71435397607604 -41.44115114384576 442.9874141896104
90.20849 442.08620209322913 -41.369657768032226 444.7520135477706
90.41597 443.42389164089553 -41.327328139712904 446.4676203873581
90.62332 444.74309089447576 -41.28024319775779 448.11243594615337
90.83078 446.02654370519065 -41.225446572121044 449.6624704402626
91.03791 447.2684764462507 -41.171181969874986 451.1463308090742
91.2455 448.4607031702809 -41.15663191040877 452.56642571815206
91.55623 450.20291351861033 -41.09283431705144 454.62619638254245
91.76372 451.32313386936534 -41.05213690659352 455.9573872491067
92.07483 452.90182449873487 -40.989832754077895 457.8493541981837
92.28217 453.8628270040556 -40.957969257593646 459.04290287475186
92.48956 454.7567198039879 -40.93058592246865 460.1724948040915
92.6969 455.6010614689543 -40.917696793126325 461.2496149081423
92.90433 456.3955626534947 -40.89339740522148 462.2813300013707
93.11156 457.1910147141561 -40.87961747323946 463.2650958276658
93.31858 457.9342258558804 -40.873737654071014 464.26388539741833
93.52569 458.61217417963314 -40.86207095064097 465.27483365669985
93.73266 459.21811392638256 -40.85314070697577 466.2971623421362
93.93954 459.7228639935189 -40.85769445351116 467.35149281019153
94.14657 460.09776965016675 -40.84388133516731 468.4458957802442
94.35369 460.3645982602993 -40.818708186487456 469.5721394320273
94.56084 460.54546583612813 -40.794254548119326 470.7463963275522
94.76808 460.60664123789616 -40.758674308166746 471.98122203444547
94.97543 460.5516419488755 -40.71241819186838 473.2745539590145
95.18292 460.3737534121163 -40.653365086857086 474.57956612382173
95.39026 460.06388681306 -40.59244967380907 475.91671045589976
95.7015 459.39792489657424 -40.53248741983051 477.93217922583943
95.80535 459.124993489454 -40.501163926925614 478.60712584429916
96.01296 458.48423513026967 -40.45868225092907 479.9669382276143
96.11682 458.1389063790839 -40.436910386176194 480.662934573474
96.32482 457.4127693909036 -40.38901422998053 482.0870689330775
96.53288 456.64882320924926 -40.32860850776579 483.5516164664043
96.74076 455.8653721929728 -40.26432380759215 485.05235434212193
96.9485 455.04371809663326 -40.19436944845124 486.61287376852914
97.1561 454.19988336043156 -40.122141375254714 488.196716498271
97.3636 453.3480628565828 -40.03961420942302 489.81765485887206
97.57106 452.4659276047695 -39.9621407918287 491.4954553735115
97.77842 451.5580943153642 -39.87656675070799 493.2121093042053
97.9859 450.63094201118344 -39.77810941474665 494.97233085970555
98.19326 449.7031041774056 -39.677539837417314 496.772418078731
98.40075 448.7386731623799 -39.5852736486905 498.6047668921838
98.60822 447.7619075365823 -39.47784420497352 500.5101915900889
98.81557 446.7382459295135 -39.383893764884036 502.38937424708905
99.02293 445.7393582383205 -39.26815464465888 504.32279956587627
99.2308 444.7256678567074 -39.159964890923 506.2490528334191
99.43779 443.70235105854505 -39.04776572235063 508.1894685746275
99.64525 442.6800458200913 -38.942544662597456 510.1384023904051
99.8526 441.6568099651714 -38.82754067626904 512.0984321425825
100.06 440.6361485033283 -38.69580932186935 514.0363910515518
100.2674 439.61724796552016 -38.59074637951125 515.9565719455226
100.4748 438.60868879893394 -38.50984904275171 517.849864113133
100.6821 437.56136348450616 -38.42435667309548 519.8292814979369
100.8895 436.539266081414 -38.31281076886035 521.77091496087
101.0969 435.50190779554686 -38.19916087818752 523.7374227903001
101.3042 434.4758539086907 -38.106354966435575 525.6542325543044
101.5117 433.44354818054836 -37.99273476955347 527.5961058381489
101.7191 432.4284247520581 -37.88810449792077 529.488799511974
101.9264 431.44475088487536 -37.77971387460716 531.3329313765901
102.134 430.4767906472048 -37.68080882728841 533.1381203729403
102.3411 429.51758197711206 -37.57772811059099 534.9417358785163
102.5485 428.57634624177217 -37.49238183925743 536.6822789945585
102.756 427.66868949152433 -37.40007628074435 538.3624493321568
102.9633 426.79724357734256 -37.307765386867416 539.9955491861103
103.1707 425.9670374320022 -37.22393369516398 541.5251768839133
103.378 425.1770118333868 -37.14175626777407 542.9996960690031
103.5854 424.437470237876 -37.067637851360956 544.3899258098003
