3.629166 -0.0 -0.0 -0.0
3.732909 -0.005537155577899425 -0.017575639782076585 0.7610905714230825
3.83666 -0.004315386592221044 -0.02912925991033401 1.517325956126484
4.044264 0.04094045071531584 -0.0772646568157304 2.993418579613348
4.148122 0.06020036453692135 -0.10637625313373378 3.7195987005098683
4.251862 0.10918893256453727 -0.11553970218484076 4.430348354747889
4.355725 0.15595205874668508 -0.12592722122900984 5.142430433229689
4.459611 0.21840068366981352 -0.13946814971085938 5.821088327547986
4.563456 0.3205642649434841 -0.15508187818628208 6.510878455520257
4.667325 0.42591432872035817 -0.1545729130811247 7.20406990111575
4.874947 0.660354965554808 -0.22074123369237342 8.515247060044732
5.082534 0.9576698574258289 -0.2615481826217095 9.827031919912923
5.290138 1.2924725923115066 -0.26833086884467283 11.054961347720432
5.497872 1.680442815651114 -0.302892331831064 12.25124571054265
5.705475 2.108218616471941 -0.33542440458762585 13.390524017694906
5.913083 2.6271044974226583 -0.35439951752608573 14.451766501478268
6.016968 2.9238938011437674 -0.32760985716584207 14.999295705797348
6.120823 3.219012342492097 -0.3275009484019309 15.504596420215824
6.224565 3.549905765005474 -0.32982037190379354 15.993743878945955
6.432181 4.221129474421789 -0.32871600602369344 16.931302726317394
6.535919 4.584602911183461 -0.32500855375670695 17.406379044901655
6.639619 4.963369069430658 -0.32726246724761915 17.83097433460789
6.847019 5.740082793280529 -0.2670852824012919 18.6647690220124
7.054434 6.57508441424579 -0.25832622652924475 19.41546588378494
7.261837 7.427237541902746 -0.29400938749566397 20.05718016898188
7.365577 7.881074168659939 -0.33227146771347105 20.38641531130037
7.469315 8.341786578031169 -0.37167653475108975 20.70613406174425
7.572928 8.814728183958113 -0.44292218855363225 20.91341958162564
7.676672 9.303328706469289 -0.38628338088105507 21.18624966187582
7.780431 9.829444736138578 -0.2908055649095711 21.423469430207575
7.88415 10.395828560192076 -0.2616674533809253 21.682002303000285
7.987818 10.906207418609746 -0.2895158428823939 21.892633621865333
8.195302 12.036148681379 -0.2985228524051505 22.320988476714
8.40273 13.173857563425855 -0.34745832138094657 22.642065680959384
8.506356 13.762103751366649 -0.3962101905704421 22.809113821758174
8.7137 15.027254550515169 -0.47234717527419445 23.10299366496616
8.921074 16.381243297341623 -0.4509245055990947 23.127861721837508
9.128182 17.926968761909386 -0.5398849901676024 23.314504079591824
