0.0 -0.0 -0.0 -0.0
0.1037359 -0.0015378434279558143 -0.006436037074295016 0.8494201608485626
0.2073381 -0.015302063259145592 -0.011844438963734352 1.7191027870927575
0.3110752 -0.0324680805759878 -0.0153223559530106 2.6065707531466096
0.6220448 -0.10645745255365828 -0.04437283019108503 5.408670585718422
0.7257977 -0.1435594181605206 -0.05655681533451754 6.377816082108291
0.8294199 -0.18632023555613447 -0.06792828835247577 7.368286976583224
1.03691 -0.27510626471090793 -0.09157143364528653 9.379878742935666
1.140497 -0.32386105967661527 -0.10590523757060628 10.403877846043844
1.244242 -0.37831537079252636 -0.11375461099243445 11.438650848638638
1.451596 -0.48621442670472215 -0.12912900465823385 13.551612557083986
1.65896 -0.6088762789032777 -0.1535470345551461 15.69859759066063
1.866302 -0.7488828963987284 -0.17999481204309853 17.88687783248966
2.073666 -0.8924736397661968 -0.2180761442746976 20.11922416250333
2.281017 -1.0429229679803105 -0.25016213960171646 22.37056166094425
2.48825 -1.1883629349325822 -0.2813502945602435 24.653769340644075
2.695832 -1.3524423081499573 -0.3175185377961937 26.97458263120115
2.903084 -1.5087825836525641 -0.34293668867430105 29.341850661238993
3.110441 -1.6575006315736092 -0.3561141160530713 31.728840988836428
3.317669 -1.8061697426080647 -0.3696503930404453 34.13774790691804
3.524925 -1.9428650466311956 -0.3971035734629053 36.607182184087755
3.628545 -2.0143143674383945 -0.4124772179187126 37.84227165851165
3.732256 -2.0780521172578537 -0.42207462878353086 39.07266206606275
3.939488 -2.2302009527642044 -0.4395215472688996 41.552662469533765
4.146888 -2.399218191269226 -0.47516311635108915 44.07535734283614
4.354202 -2.577394750534811 -0.507311488545329 46.59402510795633
4.561559 -2.754482880633403 -0.5267279035688546 49.12882087145104
4.768912 -2.94755416744992 -0.5355595220941558 51.64950512164075
4.976146 -3.130809493345288 -0.5504655846752934 54.16188683715907
5.183503 -3.303671084429297 -0.5753550351061836 56.667891102815176
5.390861 -3.4985705262958806 -0.5960592248303328 59.15430826707476
5.598233 -3.6939869382097767 -0.6183940087414683 61.61289125447798
5.805571 -3.873033968858091 -0.6532812152940477 64.08386400526868
6.012921 -4.052608088325145 -0.6790940921614748 66.5173440150583
6.220278 -4.227315017841996 -0.7097785764739521 68.93990763030041
6.427659 -4.405358812320596 -0.7204162040934677 71.36415462298508
6.634992 -4.602042170428232 -0.728762507114503 73.76567033198366
6.84235 -4.801739148587076 -0.7409527582680832 76.10682758825827
7.049705 -5.009480328945672 -0.7788401268204508 78.40472058732763
7.256934 -5.210092079537293 -0.8106192266182077 80.62943171292989
7.464167 -5.410274031806634 -0.8367960025833451 82.77980044631752
7.671396 -5.615434319390841 -0.8619596830110691 84.88319477205724
7.878754 -5.816024665643829 -0.8700703391137223 86.91408512800689
8.086111 -6.022248979598438 -0.8824241676718716 88.85292915921195
8.500847 -6.405309958529907 -0.9211462679805563 92.43221497930477
8.708175 -6.58407321622122 -0.9589548489597016 94.07101149198064
8.915403 -6.719544824397021 -0.9944386073314402 95.60946496163385
9.12289 -6.879905863226685 -1.0295283103690402 97.08148139351434
9.433986 -7.028745333317589 -1.0683960213480166 99.15799718962607
9.641587 -7.106143416759259 -1.0897860919534943 100.45255549209104
9.849229 -7.11617061593407 -1.1007121023281234 101.69332986330484
10.05693 -7.023393971982774 -1.122022956790018 102.86844610577246
10.26466 -6.854813011049309 -1.1337757754499556 103.99522090081565
10.68062 -6.2280279502425095 -1.1788083835637975 106.0373661325127
10.88875 -5.737444645020403 -1.1895923849861736 106.94825804393209
11.09659 -5.144307678239713 -1.2088469118270218 107.76445258192027
11.30431 -4.461341143455208 -1.2410201089973611 108.4827170938838
11.51192 -3.69296306219195 -1.2591124557736624 109.11314202904117
11.71927 -2.847658898137638 -1.2837337243631808 109.61838876626618
11.92638 -1.9722937797557378 -1.3088147628734212 110.05520923201824
12.13361 -1.054474341521292 -1.332987013621111 110.3884693023602
12.3406 -0.08340090856469118 -1.3428706297386235 110.62479973444464
12.54767 0.9117341343584187 -1.3730502677613774 110.89047924027604
12.65107 1.4277872532069225 -1.3946132280700236 111.0043700875965
12.75469 1.965238595629323 -1.4140731953584276 111.0957029452686
12.96167 3.0786454623993507 -1.4250868844520548 111.22613426056164
13.16877 4.2553077498008225 -1.4420338134957578 111.37086159944113
13.37588 5.526459752675716 -1.5039722170440535 111.49223349159465
13.4795 6.188733263685062 -1.5257894703503656 111.53430603660962
13.68672 7.5803799569752615 -1.5643679872281635 111.6016993610445
13.79034 8.309940921774903 -1.5864249758503757 111.63697126085741
13.99767 9.845267595860175 -1.626018310621581 111.6953477684669
14.20492 11.473365043080706 -1.6732161556669913 111.75368968429242
14.41227 13.216282338773174 -1.7245634751473045 111.79119293006357
14.61968 15.062894716838922 -1.773050854030653 111.82300204290821
14.82686 16.994688226795233 -1.8320976941150344 111.86707809725692
15.0341 19.017273900087766 -1.887779001645645 111.93382247904572
15.24145 21.13132923512033 -1.9517323941965758 112.02907692804645
15.44881 23.31516177568213 -2.001723435637639 112.14993858713608
15.65617 25.543427234949412 -2.071203911034985 112.30007551885102
15.86364 27.787977325516614 -2.1448201797225925 112.46020275549779
16.07102 30.052608241999273 -2.2322564700017136 112.62237100306734
16.27845 32.307651710980984 -2.321282380562199 112.77513580654832
16.48571 34.560387182081016 -2.4119226494230586 112.93105676953097
16.69309 36.80268223072434 -2.499325943836441 113.08306838587563
16.90043 39.05999889655681 -2.584148487204831 113.21888056067122
17.1079 41.29382479056751 -2.6661181281908775 113.31641590425278
17.31539 43.510665087274795 -2.74269244044061 113.36301492898512
17.52287 45.7196505398401 -2.821007200458127 113.36233468073975
17.73022 47.897578329811985 -2.8924969510042695 113.32062297729715
17.93746 50.05017384573527 -2.9671740466523557 113.2300518737146
18.14482 52.15738079111864 -3.0412414892329602 113.09662208659121
18.35217 54.23296689225626 -3.1221173824406625 112.92315949267166
18.55957 56.2600385672492 -3.1970634498345345 112.72335558082396
18.76688 58.24590260561469 -3.270091381329024 112.4968292037362
18.97411 60.16561322423903 -3.3314166784956685 112.2722509654023
19.18141 62.01448528501802 -3.3902433769227582 112.06074108174084
19.38868 63.76551833644732 -3.453529273664177 111.87825467175051
19.5958 65.41559943234762 -3.5123241212055434 111.74455228653319
19.80291 66.95527352450597 -3.5710376391472263 111.67447883063039
20.01002 68.40764642204122 -3.6324122303380477 111.68348673022712
20.21714 69.84083917713133 -3.690699822883804 111.78687955912588
20.4241 71.24446674871437 -3.7461685884446827 112.00077404211832
20.63096 72.61043134796321 -3.8003781308727858 112.35950024211651
20.83796 73.8942302051847 -3.8420803628721116 112.85683142241484
21.04502 75.07111247935043 -3.885449653617087 113.4979681470756
21.14837 75.61107065700368 -3.9085791030302377 113.87856104153809
21.2519 76.12302645873706 -3.9241244786723817 114.2958339138141
21.35544 76.60565525708307 -3.9477992155023456 114.74704090067345
21.459 77.05744356693621 -3.971654634758909 115.22983217118528
21.56272 77.48100196010336 -3.9919345192310898 115.74537580796677
21.66636 77.86430668119401 -4.010340966980341 116.29247920156945
21.7701 78.21599369764455 -4.027083398378203 116.88022610310497
21.97771 78.80338929642136 -4.04796900142136 118.1107383701846
22.08144 79.04569456792994 -4.0674947125332945 118.75767263391539
22.18531 79.26083392118153 -4.078427854964242 119.42707377215925
22.28917 79.44058059881928 -4.087245954817321 120.11388361481183
22.39317 79.60741159060257 -4.082090386717821 120.81107678142678
22.49716 79.76945346853913 -4.077812573749926 121.51026778930917
22.60129 80.05128998830935 -4.08852715066348 122.06615397065282
23.3297 81.07433544095493 -4.123883109765307 125.58243821587553
23.4336 81.22286784607186 -4.136101429045825 126.14309334632928
23.84899 81.90156377818114 -4.12573568249664 128.5171585950322
23.95265 82.05689533613766 -4.13760084700853 129.16457371797827
24.05642 82.20743968791177 -4.169179554629251 129.83037095218594
24.16001 82.3872515827149 -4.189518511159999 130.51573318777147
24.26396 82.49001682704574 -4.208472920292904 131.29656379452703
24.36727 82.85321957250082 -4.235732538788827 132.26504144766997
24.471 82.77795046515811 -4.249530773000798 132.8193624161752
24.6781 83.02920870928591 -4.274238771783062 134.39025422875244
24.78183 83.16856990202258 -4.291162458418028 135.20404505997087
24.88547 83.30334306744555 -4.310023774864861 136.0304225959897
24.98913 83.42276888005809 -4.326403257559063 136.8574495628636
25.09267 83.54131647535552 -4.339831107082469 137.69243276354348
25.19632 83.66801585654318 -4.353350612633208 138.54679224701025
25.2999 83.79381176873042 -4.36883049764864 139.4073407482176
25.40364 83.92109466991153 -4.389375418670608 140.28954622858566
25.61088 84.17452977322444 -4.439384787296329 142.08382570953046
25.71463 84.30357117903772 -4.452823147839593 142.9842298605455
25.92198 84.56388523905007 -4.49332316839829 144.8166243984107
26.12923 84.80151567122036 -4.5285091260562975 146.68303676308253
26.33655 85.03448131182449 -4.568081566076872 148.57328278377605
26.54405 85.3050042295606 -4.616948015945496 150.47681867842553
26.75126 85.59720723150323 -4.665696213113865 152.38159525446625
26.9585 85.89945744053948 -4.726008566993979 154.2827527388867
27.16587 86.18378774910974 -4.769319744594936 156.205002110296
27.37323 86.46782977567324 -4.816402833952543 158.09634873001437
27.58044 86.77756227298835 -4.874286588177686 159.96075387585213
27.7877 87.07670774558215 -4.927576076384112 161.88492813645087
27.9951 87.3624202353933 -4.971741796198286 163.77434473944223
28.20228 87.62879540728683 -4.991801017969075 165.6054299738922
28.40963 87.9079422508517 -5.058835191472355 167.4599063982205
28.61684 88.158574211001 -5.1032919727051995 169.29879812878565
28.82422 88.37269584050372 -5.159400119382006 171.13280745871668
29.03156 88.59994310045558 -5.215458941306174 172.97016605642972
29.44614 89.04780046871183 -5.317362917942401 176.5861670923262
29.65342 89.2230614607854 -5.364523293907402 178.41220981246454
29.86088 89.38316871261355 -5.390337938623015 180.23102447111782
30.06821 89.52396392415908 -5.413895790827026 182.02202877477836
30.2757 89.64958248680034 -5.440385686117937 183.84225186811298
30.48305 89.71699367974263 -5.478315422618284 185.68489923618694
30.6904 89.77673423409273 -5.518272068575378 187.53868535363662
30.89764 89.78948580692295 -5.56147944610204 189.41595517302355
31.10501 89.77497739690409 -5.5864684770011035 191.30480378902888
31.31235 89.74910351701115 -5.6087824875922685 193.18422736121792
31.52006 89.69356482242858 -5.632008640858702 195.03730468533692
31.72694 89.62630539200877 -5.658283931444812 196.91815216888693
31.9343 89.55398150340098 -5.682149927146388 198.80348527529546
32.14165 89.50061114620817 -5.697838995827812 200.64600746082343
32.34888 89.4084909612212 -5.712349223910687 202.50042924529768
32.55624 89.28794818325295 -5.728478574855241 204.37728665425973
32.76373 89.14889797569204 -5.734071603061971 206.26298907196107
32.9712 88.98998336541821 -5.748038548636914 208.1337242852277
33.17856 88.80307114934695 -5.761762383551529 210.0359927826663
33.38603 88.54696797406498 -5.775836121161571 211.942228295993
33.59356 88.29966164152648 -5.773001222531053 213.81348309243117
33.80087 88.03064388574933 -5.787938757010085 215.69764664404877
34.00835 87.79171640730364 -5.806061894797553 217.61638649962728
34.21584 87.51860431863759 -5.823671645198667 219.5406181725152
34.42334 87.2773551680128 -5.841956148542655 221.426477855017
34.63067 87.02068194974196 -5.874857793991905 223.33574853112532
34.8379 86.73104568551625 -5.914205884032977 225.24733247337522
35.04526 86.46089233058787 -5.935752645188171 227.1165374991252
35.25251 86.16655048240963 -5.965732414228233 228.98317596599668
35.45985 85.87694308780243 -5.99464284402648 230.83257150260354
35.6672 85.59696372116913 -6.021758711835434 232.65162619168004
35.77094 85.46001291682317 -6.031894670195289 233.55441485148197
35.9783 85.1743976740145 -6.054327807295097 235.34446207806025
36.18578 84.92036533729356 -6.072189250351672 237.09045368896344
36.39322 84.66264665506685 -6.079919898657223 238.7487990162083
36.60049 84.4145611649551 -6.115071243832334 240.33002746728977
36.80799 84.21389097423295 -6.14197045807086 241.8276977399995
37.01548 84.00481782674063 -6.178172387561714 243.3276580794343
37.22281 83.81281822641711 -6.206999520101666 244.79659588946086
37.43016 83.66729733904914 -6.2361355757729156 246.22690107450487
37.63739 83.52595440204809 -6.2614255518063064 247.67183071340958
37.84475 83.43122461272591 -6.303608565244343 249.12528131325968
38.05231 83.33769409427867 -6.338104723101577 250.55882516211375
38.25967 83.22893445344155 -6.347324776709594 252.0058061083045
38.46657 83.12330345449311 -6.370902845552485 253.46414975398568
38.67381 82.99008421124185 -6.390616014512618 254.90888000917525
38.88106 82.88720277599143 -6.417094210869736 256.37371616372974
39.0883 82.7427511840206 -6.444158876109643 257.8894847643368
39.29572 82.61614427166018 -6.4631093920378255 259.42505703349167
39.50298 82.4690821865461 -6.459454148839569 260.93190124726283
39.71039 82.32563928610922 -6.454150982573915 262.4576994628549
39.91781 82.18536808102841 -6.462210606057102 264.01957285181663
40.12518 82.02157053211826 -6.473318760153694 265.5801915016523
40.33256 81.87186150785888 -6.479526617459419 267.13152529571374
40.54 81.70204763908748 -6.490461547648991 268.69889347777087
40.74735 81.5320747390294 -6.502187485478364 270.24164616002747
40.95472 81.37143182568538 -6.5210082782525 271.75519721152017
41.16209 81.19434863804894 -6.546039877304066 273.2549974485164
41.37036 81.03339841817265 -6.572968049724375 274.7247797205219
41.57679 80.86529889037766 -6.593472358962938 276.111564845092
41.78426 80.7189175896887 -6.602024984874058 277.4266737994724
41.9914 80.55643956213011 -6.617702537815372 278.62848039415513
42.19826 80.35066774113102 -6.627745640071446 279.7664380173723
42.61235 79.77932374905923 -6.657218582076224 281.90113322921985
42.81932 79.3688296342747 -6.678677648043423 282.867908025937
43.02619 78.88055840222792 -6.688377933090999 283.76119233820856
43.44005 77.61843698116252 -6.730483595802346 285.26971769317635
43.64715 76.8857360590557 -6.724523765380596 285.9047597924373
43.85435 76.0784076427106 -6.708163899988262 286.45737195090004
44.06168 75.23213045953588 -6.6687734043985145 286.8916653628176
44.26891 74.37009200730341 -6.62557664434981 287.2334269407615
44.47627 73.48491774014316 -6.569821876850462 287.487117706618
44.68375 72.50665119315809 -6.505673436264866 287.65491519044303
44.78749 71.98980448599218 -6.480396833121997 287.698271574946
44.99509 70.87709598510358 -6.42253722581845 287.7426675179265
45.20336 69.71289986009506 -6.365243868999419 287.7044099944105
45.30693 69.10130901066412 -6.330557604772917 287.66133909597636
45.41068 68.47382154928552 -6.298546752915611 287.60551105284077
45.82651 65.76935775621538 -6.174741121577759 287.24487675003536
45.93051 65.04277680402376 -6.138224770783619 287.1438881494975
46.03457 64.29722216035783 -6.107912057596548 287.0410733902818
46.24242 62.73828168657526 -6.041484681151822 286.824735537733
46.45021 61.08441103520537 -5.97075088737716 286.60177426941505
46.65781 59.321504113101135 -5.893995607390638 286.3769048275228
46.86542 57.45953813732692 -5.8122154309095375 286.1350691613991
47.0729 55.48243600520022 -5.734012050976 285.877030861522
47.28039 53.4135381984482 -5.655559126003766 285.63435427835907
47.48774 51.25526283040665 -5.573163446891785 285.3668785504414
47.69509 49.03991879242816 -5.481333566301188 285.111070446414
47.90233 46.83017912848 -5.397310321936426 284.84100642471725
48.10968 44.64086243840496 -5.314708792432564 284.5752153488208
48.31691 42.42216789665155 -5.230467441976179 284.296563409883
48.52414 40.233281974752096 -5.135533448394038 284.0083843151829
48.7314 38.062747968987324 -5.043828519367944 283.69395021666435
48.93873 35.888287971857885 -4.94850435648401 283.3789269610628
49.14609 33.73126882156336 -4.869122724121338 283.0349113483167
49.35385 31.59185031326416 -4.790721469521401 282.7047433921473
49.56095 29.450325090559872 -4.72003984437451 282.39348417299334
49.76834 27.325063656037415 -4.647148018388682 282.0881203368979
49.97576 25.210158261949452 -4.572558769882901 281.82487848721803
50.18313 23.12320202979449 -4.500910125235476 281.54903358174414
50.39036 21.04943152365071 -4.426480993443565 281.2935343681199
50.5977 19.010196294748148 -4.347886942590857 281.0061596126336
50.80505 16.99145634356468 -4.266274275943427 280.7223057222939
51.01241 14.99087433192615 -4.192032961986891 280.42682315159954
51.21964 13.008842014188474 -4.1227209495411135 280.10489039721375
51.42712 11.03317758189602 -4.053410545512618 279.76915541515143
51.63435 9.085484448009602 -3.9761859328159854 279.4110475455135
51.84186 7.190634013176627 -3.900730106184996 279.0542363281993
52.04919 5.324008121801569 -3.8335338897218754 278.7007828577025
52.25655 3.536532446754279 -3.7737828273721634 278.3698766020967
52.46393 1.8290618901817055 -3.7080180779945016 278.0504613646133
52.67139 0.17722152074532005 -3.6484874586540776 277.7634629685341
52.87863 -1.4008437290175095 -3.5894423421468797 277.4944608431422
53.50056 -5.6860806011058465 -3.4314358314777573 276.839768654632
53.91514 -8.111841253473216 -3.3395446369657087 276.54224146956443
54.53721 -11.151182075161904 -3.238538280732317 276.25049075872175
54.74446 -11.984353974133759 -3.2059630363594867 276.19912168450935
54.9517 -12.70470287709384 -3.176694461720608 276.1552435368356
58.68335 -15.788681690780656 -3.097309439568791 276.0810142987564
59.09808 -16.870744675727266 -3.0759718133557254 276.1675610530445
59.5131 -18.171810227052298 -3.06123490837038 276.4085137243386
59.7205 -18.859110246629726 -3.0568236342016126 276.62988173377266
59.9281 -19.59835915589612 -3.0474128823683797 276.92457019262196
60.3433 -21.08151645610144 -3.018862190960075 277.8196222256695
60.75861 -22.460747380081045 -2.9843731296155878 279.19465043233333
60.966 -23.08883013440125 -2.962535597835134 280.0966693219011
61.17327 -23.63737946475284 -2.9698032363119267 281.15019789781917
61.38046 -24.11059931210093 -2.9693886913280174 282.33091787810326
61.58757 -24.52175415947434 -2.9670580145756844 283.6367820334523
61.79455 -24.859957945352967 -2.9824319352081914 285.10443102339894
61.8979 -25.00739761096959 -2.9912795021174694 285.8833755861241
62.00274 -25.141869355308796 -2.9995331727195076 286.6840490707466
62.10479 -25.26603340593957 -3.0054057730627926 287.5119290636894
62.41486 -25.608575893006652 -3.029036167222861 290.1647258272563
62.62174 -25.820897984833202 -3.049455705575614 292.04738240226584
62.8287 -26.03838284665568 -3.0649243629944642 294.0201406507507
63.03581 -26.264145805170926 -3.086423295506397 296.08083594969844
63.45015 -26.749157570768322 -3.1219276355541106 300.45827963032065
63.6575 -27.01779761672397 -3.156116063306415 302.7476301033249
63.86499 -27.297676231325475 -3.190247586087815 305.1227758960627
64.07222 -27.572723615401056 -3.2141571056248606 307.57166441168346
64.27962 -27.844320849124045 -3.2258983073664473 310.0662589767366
64.48693 -28.151714629175984 -3.2500215933814545 312.61319168278237
64.6943 -28.462369607512798 -3.2965482910639428 315.2466668001399
64.90164 -28.793239308252787 -3.3359741029576058 317.94881669999154
65.10899 -29.11902967221472 -3.3440112002584907 320.69386430461066
65.21283 -29.278727975696057 -3.3524723893778248 322.0740373875396
65.31622 -29.44527750702899 -3.367817734317869 323.46706376945633
65.41985 -29.607827471080146 -3.37884030057785 324.88131384244923
65.62711 -29.95122262997648 -3.427603389957154 327.73486654402905
65.73079 -30.125990420861484 -3.4477594862272256 329.17790744471665
65.83443 -30.302890289242768 -3.470821559067148 330.61304175569825
66.04166 -30.68282588164489 -3.5101514019472266 333.4801985214123
66.24894 -31.065762686700232 -3.5760384781952834 336.38316743686187
66.45624 -31.463053757236576 -3.6360151514065535 339.29512629113293
66.66359 -31.864446831072094 -3.6837376208641714 342.19922826477483
66.87096 -32.284737765781685 -3.7168925465451905 345.0650728505112
67.07831 -32.66854191870425 -3.76943949735616 347.9159619097387
67.28567 -33.060751497504306 -3.831724645843846 350.75973011305945
67.49297 -33.46729314421673 -3.884230447669442 353.58424542779244
67.70027 -33.866371152738466 -3.9297964638729233 356.3925830861328
67.8039 -34.06346524683816 -3.9495767051899264 357.8063007062959
67.90759 -34.26074835284184 -3.9630699588700784 359.20154526090647
68.01129 -34.45488353322102 -3.9764500000652965 360.58902745342857
68.11497 -34.64537592104625 -3.9913684626716908 361.97988002331607
68.21865 -34.84724512475078 -4.007521592238195 363.36763262693637
68.42594 -35.230791697685945 -4.059189511622936 366.13381858692367
68.63317 -35.614350140061035 -4.111326462443265 368.92908496751136
68.84053 -36.010844841362974 -4.155411166949509 371.71949691305184
69.04789 -36.39040446839564 -4.186685666898627 374.537070359758
69.25532 -36.77799476840079 -4.226859040860311 377.3692694833033
69.359 -36.96719191714824 -4.242582459339504 378.79527833173864
69.56633 -37.348721926677904 -4.282547514734328 381.66727488227144
69.66995 -37.54884315091785 -4.299479346051043 383.1094170690919
69.8773 -37.92491170063481 -4.347025060592649 386.0280710129263
69.98093 -38.12171367649716 -4.374853281004022 387.510549913814
70.1884 -38.503923965721796 -4.4094916472013335 390.4512073913503
70.39563 -38.88265698735704 -4.450331302483932 393.39199129410747
70.60299 -39.262250200744354 -4.491612578714221 396.29041061296766
70.70661 -39.450906756355316 -4.5103900247100315 397.74041029365236
70.91396 -39.82064897412518 -4.550609521659518 400.6400920707735
71.1212 -40.19313755577471 -4.594313845529253 403.52623248378853
71.22482 -40.37617990038737 -4.609732557719864 404.9504408161462
71.43216 -40.73260788560772 -4.6436555660657755 407.8040020238696
71.6394 -41.10523333101787 -4.693651836252347 410.6290501229609
71.84665 -41.462487778789196 -4.740041815506935 413.39459770140326
72.05392 -41.833168091408055 -4.763170047109876 416.1230655252933
72.26124 -42.19846336240441 -4.791952386810463 418.7706970908896
72.46845 -42.56847780177749 -4.831681224187785 421.3764699560137
72.67572 -42.93739249666157 -4.8795202506734014 423.9162638451555
72.88304 -43.305748992312814 -4.91689932838196 426.38128851326366
73.09051 -43.652598620780836 -4.952289089685764 428.76233095735097
73.29787 -43.96914124328145 -4.996850714813307 431.0661810893492
73.50511 -44.257272156206824 -5.033645861479836 433.24917866677595
73.91984 -44.76283505221544 -5.1000476340460725 437.2545384975923
74.12717 -44.977634986348036 -5.142412396945343 439.0621111387315
74.54165 -45.3632576091737 -5.189727195554799 442.34112683660214
75.47354 -46.43363677666222 -5.3010540832799755 448.09684175238937
75.68041 -46.82735683355689 -5.3121266350882665 449.2124777692402
75.88728 -47.3167612239275 -5.326091071378295 450.2410033107958
76.92199 -51.239637244194995 -5.236167399747039 454.4076633010036
77.12902 -52.42368602596801 -5.174245652992662 455.04371120035796
77.33625 -53.74263745613641 -5.1082480622674264 455.5081067391754
77.54357 -55.17104349809276 -5.059492423752104 455.7822170967373
77.75084 -56.715444189517825 -4.988145993651413 455.9120396753912
77.8547 -57.513467734788776 -4.970785022696756 455.87590449072115
77.95859 -58.33098749284728 -4.949341425818563 455.79546683197754
78.06256 -59.156274631841455 -4.928989185406793 455.6911369372239
78.27066 -60.82432429336459 -4.833773164320175 455.539589886945
78.37479 -61.568907353298925 -4.905495961131742 455.8973381408619
78.89561 -65.6113429128494 -4.555912171028195 455.66106201354575
78.99975 -66.4048504839165 -4.51089716840393 455.5640691753459
79.10361 -67.21107016732223 -4.468331171226454 455.44646258149646
79.20755 -68.0130144958311 -4.414806896970078 455.2910951428657
79.31138 -68.82499063170403 -4.3476682674795635 455.1217761242556
79.51897 -69.39254190239772 -4.35660407877436 454.88047363469093
79.62267 -69.71618198569443 -4.360903300430503 454.75459335463074
79.7264 -70.07301792920013 -4.357927079812117 454.63755725968616
79.83015 -70.41607134619935 -4.355489736591381 454.5331867082076
80.24485 -71.56255933858138 -4.339543709174619 454.1577367957846
80.3485 -71.86925818433407 -4.337056931522445 454.0632262267296
80.45221 -72.17947962710802 -4.335919139442698 453.96500002964905
80.55583 -72.49360606541273 -4.335215450492566 453.8673335022277
80.65945 -72.810604682769 -4.331107900208368 453.77019051343245
80.76319 -73.13026455999912 -4.324630940917388 453.67401315571743
80.8668 -73.45272552875309 -4.318544042822932 453.5747242884887
80.97042 -73.7747233177328 -4.312119568636011 453.4791719588716
81.07409 -74.10299305278906 -4.3066179926800325 453.38200759168063
81.17767 -74.4237284677437 -4.302548863924355 453.28747914795264
81.48862 -75.42424412215931 -4.294860773533752 452.9874677482602
81.69585 -76.0967016479583 -4.288609340995535 452.7863898016682
81.90308 -76.75302530044473 -4.282697243253003 452.5860142939359
82.11032 -77.41308662272334 -4.2764793432366925 452.38313180499154
82.31767 -78.0672598637097 -4.271046007245626 452.17606122098744
82.52502 -78.7209393593328 -4.2646209454269215 451.9629954761526
82.93973 -80.00312957590256 -4.246845108361625 451.52514755733694
83.14722 -80.63911396580525 -4.241967229950376 451.30871878029535
83.35457 -81.27622522623996 -4.236159110006913 451.0950236581557
83.56198 -81.91115200843339 -4.229626578995881 450.88303805226855
83.76938 -82.54823441850337 -4.225316355484244 450.67962736095177
83.97671 -83.18239358227461 -4.2192409572582665 450.48473614875627
84.18375 -83.81745915318406 -4.211512445219178 450.29847378329663
84.39116 -84.44751750834686 -4.20577438841304 450.11705074415823
84.59848 -85.07567777373683 -4.20206777786267 449.94530175705455
84.80571 -85.7068210829139 -4.198240842776956 449.77917083348353
85.01296 -86.33222089890731 -4.191329297833043 449.62127270311
85.22027 -86.93917990444983 -4.186009226046965 449.47166169960525
85.42775 -87.52192075119517 -4.180924941054841 449.33242154100384
85.63501 -88.07651744336218 -4.180410133501885 449.19835796552405
85.84251 -88.5961585175656 -4.1785222752097 449.0702628647924
86.04958 -89.08424546667817 -4.177306923630639 448.9496962069973
86.46418 -89.95947197177917 -4.173985628781256 448.7057962514463
86.67155 -90.38576612122958 -4.172049224254525 448.57380234210177
86.87889 -90.80361106082151 -4.171594289192985 448.43795467666234
87.39722 -91.82914058155251 -4.16985432727897 448.08107780575364
87.60456 -92.24765869724216 -4.171675356662952 447.9265863511999
87.81198 -92.67400872289676 -4.17417975007219 447.767050075061
88.01928 -93.10667241866886 -4.177812150664041 447.5964847803789
88.22662 -93.552715444876 -4.180169665174037 447.42698684915774
88.43433 -94.01466128706731 -4.183281308487016 447.250503852597
88.74508 -94.74594190968307 -4.174490190097069 446.9713756268462
88.95255 -95.25080668467538 -4.168633483303942 446.78340266043006
89.15979 -95.77183320700789 -4.153799090621555 446.59331808706264
89.36714 -96.33577714446136 -4.144867646056841 446.3984324884764
89.57449 -96.91165926356206 -4.131430079603084 446.2035803823701
89.78198 -97.49939195721922 -4.11924372187324 446.00586789699173
89.98935 -98.12423142960614 -4.1136725289019545 445.79738016718795
90.19671 -98.76435103057639 -4.107488654197952 445.59359860399684
90.40405 -99.42101341512503 -4.104768220744753 445.40839567192927
90.6114 -100.11113748443432 -4.111671129518376 445.2248013346409
90.81876 -100.81181041470204 -4.107890511382249 445.04172387637607
91.02598 -101.51944269747233 -4.104127447459174 444.8619219476882
91.23322 -102.23218329679521 -4.107226150510752 444.6812824432949
91.44045 -102.95034878597285 -4.107403952270919 444.49624718570203
91.64768 -103.66663589483736 -4.105853926624483 444.30793240678724
91.85504 -104.37538738426045 -4.105615584259704 444.12039602651157
91.95867 -104.73166012613429 -4.1060605248640405 444.0253933082609
92.16588 -105.44615920873343 -4.111499748391685 443.8265381958047
92.2695 -105.79781622097998 -4.111945908322896 443.72424435979684
92.47686 -106.4957360136361 -4.112168644919658 443.5164742896138
92.58047 -106.84162634426708 -4.114536861618888 443.41256035901637
92.78783 -107.53769010487005 -4.1186366660660685 443.2088344838075
92.89147 -107.88669812431033 -4.119416230665169 443.10657508192395
93.09857 -108.57879286904564 -4.1175600342476555 442.89446463910224
93.20216 -108.92282909075419 -4.116101907679789 442.78649342012875
93.30578 -109.26087730667913 -4.1139116700274565 442.67638785083307
93.40939 -109.60112025028376 -4.110709827779946 442.56870588670245
93.51313 -109.94274043785572 -4.111287581633009 442.4617739157499
93.61675 -110.28436976758586 -4.112335443587114 442.35197746253704
93.72048 -110.61758907491719 -4.112610609402282 442.24227652817365
93.92785 -111.29000664539487 -4.106031637611717 442.0271414947535
94.03155 -111.6237870031797 -4.103186742419429 441.9165618318414
94.1351 -111.95559188387537 -4.099161928089647 441.8067058176341
94.34255 -112.60973063136002 -4.093370516951092 441.5881534732365
94.54994 -113.26001428117064 -4.0896334758666315 441.3802743680583
94.75729 -113.90820763963282 -4.0875514256384715 441.1758912650022
94.96465 -114.54984968925739 -4.083017912228962 440.97444387743565
95.17185 -115.17218750069335 -4.076305846035037 440.7809193317053
95.37921 -115.77964758495895 -4.0700951571926325 440.5905932239419
95.58659 -116.36924500633019 -4.067043151110288 440.4087756434457
95.7938 -116.92574057364281 -4.064887521346539 440.2412760785947
96.00104 -117.45883953739528 -4.061582177957656 440.0787625617082
96.2084 -117.96657524843219 -4.061344230702789 439.9262186450783
96.41565 -118.43238058130734 -4.059548915041562 439.7767300378796
96.62299 -118.87225979855003 -4.059784132251671 439.63021738767867
96.83026 -119.29661529369936 -4.062829455674066 439.48416025320836
97.03753 -119.70057134544193 -4.065515323614146 439.3400473799643
97.24469 -120.08398284634995 -4.063720427020584 439.1917574580621
97.65852 -120.79126626417226 -4.063868731904068 438.83978250873093
97.86526 -121.10883382277957 -4.065193761856959 438.6302046083296
98.07206 -121.39572068841207 -4.066230832769787 438.39077922792086
98.27871 -121.65097679024916 -4.066002692908592 438.12332122300666
98.48569 -121.86835340413043 -4.066050785159422 437.8219660672533
98.69272 -122.04419220428937 -4.063160574403825 437.485552961682
98.89976 -122.17881234334419 -4.0582947612115365 437.1160008319356
99.107 -122.25832820107524 -4.048340390436159 436.7131158117069
99.31424 -122.29880468575345 -4.046113588653897 436.2918357239483
99.41837 -122.30060628764288 -4.040268049124913 436.0690017516111
99.52171 -122.28868134320494 -4.0334906304457245 435.84307858312224
99.62559 -122.26349405240099 -4.027494032836257 435.6132912211959
99.72953 -122.2268127236906 -4.022443673491848 435.37923503870576
99.83345 -122.182467679132 -4.017168213842146 435.1404144238079
99.93756 -122.13063821377096 -4.010035614207007 434.8960578348677
100.1458 -122.01899616860487 -3.9983022582443954 434.3941831405557
100.3539 -121.89429271328622 -3.9921460011326326 433.8791030579369
100.5618 -121.74431986495009 -3.981302651376909 433.346991110122
100.6656 -121.66054751726591 -3.981568112579308 433.07499258338447
100.8734 -121.48123622182912 -3.979469138379709 432.5126389661717
100.9772 -121.3867982501741 -3.978216497538952 432.22357742463754
101.1847 -121.1866404477521 -3.9763629018703432 431.6382539842373
101.3922 -120.98109981109009 -3.9739373549121 431.0326646781032
101.5995 -120.75526500606861 -3.9713905189301526 430.40224050501064
101.8069 -120.52028812595145 -3.9646193648409116 429.7569656146069
102.0144 -120.27578059495634 -3.960327127460709 429.09852740452436
102.2218 -120.02537525926114 -3.9574984829132087 428.4091415406793
102.4293 -119.77351198447573 -3.9626708320842154 427.70839659297155
102.5329 -119.64503109717727 -3.960002460451161 427.3500650277619
102.6367 -119.5147148177761 -3.9579981235252033 426.9884678016901
102.7403 -119.38823944705442 -3.9567004546265307 426.62635025207015
102.8441 -119.26029146138399 -3.9547537985689822 426.25928748291216
102.9476 -119.13227855794405 -3.9522762322836806 425.8918902149674
103.0513 -119.00487960170227 -3.9487711610927825 425.5239041575418
103.155 -118.88018145434081 -3.9418461102552875 425.15768577501325
103.2587 -118.75623119549329 -3.9352464454274596 424.7923039871438
103.4665 -118.51128423143439 -3.9204059132975733 424.0658110992051
103.5696 -118.39410902541384 -3.9151879380634735 423.7054919301204
