1.037695 -0.0 -0.0 -0.0
1.245136 0.04809563425218065 -0.011740107554638475 0.7104760646772857
1.348871 0.09422146088524261 -0.016223298312907655 1.063248648517336
1.556375 0.24275950352708353 -0.0285928365184279 1.7510716502499175
1.660095 0.3447848213539112 -0.03422056519445813 2.09556092946773
2.593387 1.9623727799304684 -0.10325819402310436 4.90485762149906
2.80062 2.4769410352815964 -0.12475328920724944 5.465234343545551
2.904387 2.760602830636496 -0.13276521409529446 5.7401064039196825
3.319074 3.9750421657573796 -0.16332946287134137 6.746601072103376
3.526551 4.657446069763003 -0.18195540461418958 7.209998592994872
3.630286 5.0113857839613685 -0.1879083196888969 7.430634269639678
3.837524 5.760002158686019 -0.19780208625796294 7.847010080361951
4.252293 7.381435351113664 -0.21824019744658255 8.604696208552696
4.459609 8.23038153130561 -0.22768899034246678 8.967555873363146
4.666947 9.10150748013185 -0.23503201057371456 9.31239717148802
4.874319 10.003089000563065 -0.24042582849093672 9.65004221678793
5.081656 10.947543058981939 -0.2520978651700653 9.989516482036485
5.288943 11.92732590054517 -0.259954197082341 10.330992005755272
5.910955 15.118069769528429 -0.2940754789746229 11.391388060839997
6.221927 16.844192303030965 -0.3118226690154204 11.933133014487574
6.533021 18.65221624112172 -0.3337132025404358 12.528687287857892
6.844097 20.545990492378024 -0.3452100957411586 13.144785018071229
7.155209 22.503206159816127 -0.3885684175424581 13.790642804797724
7.46621 24.47223077505383 -0.4037766466315743 14.452563497473964
7.673572 25.80097372978499 -0.4252439172134109 14.908075419818637
7.881024 27.178330991076304 -0.4395112254912459 15.369682166149095
8.0884 28.564198533996986 -0.46117497046122613 15.838244813021246
8.295863 29.976586742883924 -0.47844233326767427 16.307025755846208
8.503235 31.42026345963992 -0.4971879929524659 16.779862704819152
8.710698 32.89419822104697 -0.5175169528167415 17.258526122505458
8.918107 34.38543162453767 -0.5361391466340686 17.737185564572822
9.021867 35.13652341584286 -0.5528611787319162 17.98895574088112
9.125548 35.887779425775356 -0.5666318639386501 18.222482138837712
9.332783 37.44532414609124 -0.5892914038744735 18.678870553447684
9.436507 38.2256298168458 -0.6054617766686226 18.898140601040325
9.540126 39.00426132179712 -0.6150156952537744 19.12435601272709
9.643856 39.790851872643685 -0.6258900851939548 19.349831901589447
9.747566 40.582291406320486 -0.632669468466535 19.567421970019446
9.954854 42.20166571970811 -0.6183776912670065 19.99895068358462
10.05845 43.00481965971454 -0.7227483454317303 20.184036025739516
10.16227 43.83015158416376 -0.7339824731276843 20.375315776652272
10.26595 44.64648803848068 -0.7091997536553782 20.597966309831595
10.36954 45.45228574758664 -0.7263611668536225 20.84249780509981
10.57701 47.08143839488477 -0.7343809127272393 21.28133945043197
10.6808 47.895209785639125 -0.7494789410851741 21.554247676820133
10.78449 48.73763510244132 -0.7575308764886601 21.76707760433102
10.88838 49.57372695448738 -0.7748491291638738 21.923479925482766
10.9921 50.42979336588376 -0.7848239948522189 22.06250334346697
11.09628 51.281279335875794 -0.8277715375045047 22.189444981906988
11.19965 52.123685137001054 -1.0033592247633851 22.33950339527214
