0.0 -0.0 -0.0 -0.0
0.1037595 0.030599947180394674 -0.014734752531158506 0.9692008927776015
0.2075901 0.11157755159929436 -0.03488306483462591 1.9275049989030126
0.3116055 0.23278840864705744 -0.05375671281751043 2.89273502183139
0.5188692 0.5970283672821848 -0.10664340370811698 4.776370300560735
0.9339528 1.8291547111904052 -0.2478425176218631 8.309926240952898
1.141483 2.711408518352331 -0.32078035995652976 9.983457745539432
1.348871 3.750048084891351 -0.3895932175778405 11.569293975451934
1.556375 4.92827566780801 -0.46361022666262486 13.045460798233009
1.763837 6.268999408577906 -0.5305397074972128 14.429305574946095
1.971323 7.709888809314852 -0.6002067528826877 15.665512885722137
2.178679 9.273743752103892 -0.6682802043303582 16.77366261974076
2.386034 10.948051105678562 -0.7385450219557423 17.736278986105024
2.697006 13.780273509652856 -0.8652228191051706 18.952417587521133
2.904387 15.792608692856028 -0.91972919497495 19.6355567409935
3.111717 17.90120638377386 -0.956804992929496 20.202326916004317
3.319074 19.98913268018942 -1.0056113135729527 20.60174180496756
3.526551 22.364602729698074 -1.0372001874639907 20.879797977651275
3.837524 25.9330271621223 -1.0649785558947045 21.09164292406887
4.252293 30.968078959665796 -1.0513262004433284 20.99546784926055
4.459609 33.548448547092455 -1.0563721109700874 20.83580072304534
4.770559 37.4945888311247 -1.016417166675027 20.503004032110727
5.081656 41.67914141591743 -0.9979958486986658 20.03117385630464
5.288943 44.617633406013965 -0.9781108447694523 19.65882059978668
5.496314 47.590225841747525 -0.9567604526698934 19.283623006887357
5.703641 50.736254296256824 -0.9509245813757523 18.838201132058067
5.910955 53.84863923783366 -0.9549911947079635 18.383631500895053
6.221927 58.77173329145573 -0.9162369048571581 17.732504020360103
6.533021 63.83443057487026 -0.9538548087893072 17.11138205816801
6.844097 69.31593416007487 -1.018664561272859 16.320794989925396
7.155209 74.89872886947592 -1.0510332066443693 15.568097156470422
7.46621 80.5284850129747 -1.0160424880444876 14.92082999036349
7.777286 86.67166621536254 -1.0060662311389779 13.934429363093923
7.984696 90.75509410883909 -0.941271704566501 13.365822820299817
8.192118 94.94927017656501 -0.9519465102961319 12.726584427305168
8.399546 99.18455279290961 -0.9502679984694283 12.144839682472702
8.606978 103.48295666247016 -0.928667630669956 11.53418634227386
8.814436 107.85059236884206 -0.9180457808577518 10.94677654065263
9.021867 112.3206820108323 -0.8907187580515363 10.29864584975827
9.229148 116.83906272381986 -0.8965620268277009 9.57808308736319
9.436507 121.2245153019656 -0.8503959572234878 9.053137639913693
9.643856 125.53993846157778 -0.7681596417964209 8.871764397308198
9.747566 127.77040829302625 -0.738903899925551 8.678359277562315
9.954854 132.26209537702348 -0.6563838421581606 8.172522941820393
10.16227 136.753020398343 -0.5886094370533488 7.354618490284089
10.36954 141.4324251026733 -0.5742818674101009 6.61760874133374
10.57701 146.0925503924613 -0.594249953858097 5.626363203867548
10.78449 150.78939663749424 -0.6295422871207692 4.56558261091854
11.19965 151.74823343113292 -0.5759981250699361 4.00871757553314
