0.0 -0.0 -0.0 -0.0
0.1037359 -0.006102950150120073 -0.0057645739439831705 0.8363464395121538
0.2073381 -0.023882932100895104 -0.01347801787324594 1.694670108435573
0.5184302 -0.08617848719417145 -0.03775816017682636 4.404822693519916
1.140497 -0.32337407271480334 -0.09654735314433821 10.272907141394734
1.65896 -0.5915403147378319 -0.14439171959452715 15.505446661012376
1.866302 -0.7314154241187134 -0.17991537013908782 17.67614968944666
2.073666 -0.8750881911967113 -0.21638868061429573 19.8928753681717
2.903084 -1.4614236064532564 -0.3385277752516689 29.046841562756338
3.110441 -1.606944616301408 -0.35893398651373165 31.4234714939942
3.317669 -1.7636649237805324 -0.3733101573321548 33.81702929414983
4.25046 -2.4357708844707964 -0.49562410492249775 44.895680878474785
4.561559 -2.682272246403647 -0.5287690320547845 48.67940210058794
4.768912 -2.870939226806536 -0.5383395763341626 51.221403234493934
5.079909 -3.1318641768826456 -0.5680255871174354 54.98227470929909
5.909185 -3.861475773339717 -0.67356562429593 64.91026354760434
6.220278 -4.141336767387281 -0.7027393178628666 68.54818070309746
6.531383 -4.4046686662335315 -0.7127660710562129 72.12936166261586
7.360549 -5.2043507418538475 -0.8487271550283998 81.19828311908017
8.397102 -6.202682586978153 -0.9349906395668802 90.92450428117922
8.604438 -6.386102265334066 -0.9679864625914227 92.60964250720309
8.915403 -6.594986171409607 -1.0139974247450099 94.93866296379063
9.745342 -6.97028321111518 -1.116484063873281 100.36115007403905
10.26466 -6.69187161096087 -1.1666428758146183 103.24871556169828
10.57663 -6.274592695352027 -1.1906882672808254 104.8113308386634
11.20057 -4.703279805836495 -1.2465947802856245 107.33856543786928
11.51192 -3.592321828399868 -1.280382864884167 108.27523465160566
11.71927 -2.767028670251058 -1.3006674477354783 108.7727030439588
12.3406 -0.047051483056371524 -1.353680161387588 109.76834199948783
12.54767 0.9226234697871369 -1.379701511932196 110.0316322294971
12.85806 2.4934585065379693 -1.4358221364760426 110.30390196201246
13.4795 6.1042148500444835 -1.530316109542656 110.66948206997364
13.58311 6.778267675476398 -1.5506170622777378 110.70912766679454
13.68672 7.471185782475997 -1.5704319544322471 110.74446569260397
15.0341 19.013576845466627 -1.9073524038765526 111.16890840070431
15.24145 21.1291521744699 -1.963725290536249 111.26837735973379
15.44881 23.33153333305416 -2.028955060774096 111.40618357509851
16.17474 31.22599577477348 -2.3157966047789804 111.97800797425795
16.38209 33.50652138693652 -2.405735100143808 112.14415870935537
16.90043 39.185541698775175 -2.635377842235555 112.55421683178645
17.1079 41.43862433110323 -2.7164325997204557 112.67287681430862
17.31539 43.65302881822634 -2.7855600450487183 112.7371242879037
18.97411 60.4353333492544 -3.353635544965432 111.68948035148141
19.49224 64.83707447474241 -3.516533904993029 111.221200092558
19.69941 66.41362224449415 -3.583286753171393 111.12476940388628
20.4241 71.54276661521499 -3.8309541192697494 111.44981653497759
20.73444 73.5994894504374 -3.9046013294127393 112.05362933143843
20.94151 74.87221276028146 -3.9432666175976046 112.64903071995558
21.14837 75.98813367079849 -4.000722986785734 113.39498561996115
21.35544 76.97179803257504 -4.03664712246318 114.26394681088269
21.56272 77.8325045828004 -4.082980550272971 115.25980348441837
21.66636 78.21508118728663 -4.10843727567824 115.80441375720143
21.7701 78.5631503010563 -4.127353344520686 116.3895256705673
22.39317 79.85179885820142 -4.215317340096091 120.09158978745846
22.70551 80.34825793975625 -4.22022332986406 122.18434401445657
22.80964 80.49157900075068 -4.2206832977977164 122.90136979454991
23.74519 81.97329662470497 -4.278700979591086 130.00221500002695
24.16001 82.89244704413112 -4.332583886401 133.59644566066706
24.36727 83.37178748795381 -4.354728089956535 135.45738737445677
24.98913 84.82220246824537 -4.42806327563673 141.51302253219438
25.81822 86.78516605948556 -4.541356287255815 150.38398082958713
26.54405 88.52961386180546 -4.6760517207272 158.6451764020006
26.85488 89.378991270887 -4.740631659269951 162.2268654754386
27.06223 89.93361718529808 -4.790135120990539 164.62317190293305
27.26947 90.47737092229711 -4.825984936571603 167.02640032943754
28.82422 96.12213572260715 -4.683324059970882 182.64325884659837
29.03156 96.39004063476645 -4.691030339297754 184.3961412269669
29.23891 96.67159922879927 -4.711981561591194 186.12740218722027
29.44614 96.967427840069 -4.684383002818352 187.8358416529491
29.65342 97.1803937275647 -4.69246435696121 189.5793223509327
30.172 97.57561577438067 -4.733995583426154 193.88749611663323
30.48305 97.6771319610538 -4.79597355124968 196.52230884113527
30.6904 97.7183851589549 -4.835718867499993 198.2847384372481
31.20861 97.6402956479919 -4.968367091221103 202.69000140281221
31.4162 97.57039753470222 -5.019472825338665 204.42859996055725
31.62342 97.47030428373064 -5.077399695597803 206.15363136315497
32.55624 96.9732687897838 -5.291173882179857 213.66179950711393
32.86747 96.72499796265366 -5.363675752328141 216.15341842875844
33.07483 96.54907257821489 -5.422036597407866 217.79652650607105
33.80087 95.66796799585447 -5.657955545024327 223.56612901736062
34.00835 95.42712373104376 -5.735115481037713 225.23141848203227
34.31957 95.03491728853587 -5.845467802978163 227.69982246131366
34.8379 94.38925027793545 -6.064149060104985 231.8079901414774
35.04526 94.11748649123189 -6.146449367382681 233.42170944515308
35.25251 93.83194645840436 -6.235840600189883 235.0361633736291
35.45985 93.55119787600657 -6.319122035887647 236.6291676315845
35.6672 93.2826108297482 -6.406483180537476 238.1973460695853
35.87468 93.00682455986832 -6.488029919296222 239.74545794689172
36.70436 92.05137384396471 -6.7850805507782415 245.33073565054707
37.32643 91.49168216612323 -6.983291704876409 249.080401725238
37.53378 91.3444032718193 -7.040153618338644 250.2879016975347
37.74103 91.22403833058485 -7.107237481828157 251.5090014020343
38.36294 90.90436680184648 -7.26312244031149 255.13871406174198
38.98472 90.52273807811163 -7.420024950322549 258.82965722884717
39.29572 90.3042978754248 -7.501677113608116 260.74881987969155
39.50298 90.13790746883693 -7.546356087115192 262.0171438115361
40.12518 89.66636083418524 -7.682260118738029 265.91674370317463
40.43627 89.42850782804678 -7.755263189922957 267.8687551841884
40.64362 89.25232132239532 -7.8093807476061015 269.1721556973596
43.02619 86.72302974772862 -8.49641779187925 280.96137020291894
43.23303 86.22179273517396 -8.610516752349437 281.6152030414146
43.44005 85.65644808801765 -8.724016001588728 282.191050127609
43.75071 84.70139183850236 -8.88476624288478 282.9313995000423
44.47627 82.18718420377856 -9.210803035846315 283.93116586459115
44.58003 81.7833697783708 -9.254408230171075 284.00212818477735
44.99509 80.01142161277397 -9.460316127779317 284.0833374093667
45.51485 77.50490477380617 -9.744097150485965 283.84499654680354
45.61856 76.96938419451399 -9.804593137062572 283.7498973758605
45.82651 75.85693106819342 -9.946650733030955 283.5685944167162
46.24242 73.42811918336135 -10.248314683878705 283.17462439784055
46.86542 69.22488512820323 -10.778388991736792 282.51165532020906
47.0729 67.64757507652816 -10.98383629025167 282.27092862164574
47.28039 65.99644093333012 -11.19849360865422 282.02845013529685
47.48774 64.27271793440903 -11.417191582415718 281.77431011342077
47.69509 62.51343375673663 -11.648368457762027 281.5228764853936
47.90233 60.78189908373144 -11.867779414448442 281.2611751435928
48.31691 57.28787855783118 -12.324744876112348 280.7354262253188
48.7314 53.79364711633776 -12.752374972210843 280.1609854018027
49.24983 49.48438212508997 -13.303602741376036 279.39022407565164
49.45761 47.79744488316792 -13.532749443274206 279.0873738563241
49.66469 46.123861387767406 -13.757976108450634 278.7999024298535
50.28673 41.13529793556645 -14.428205431879483 278.0317004029198
50.4941 39.50021579663834 -14.642344055471023 277.77292599930814
50.70131 37.88030420264395 -14.84597252868236 277.5100554920923
51.21964 33.90303398827751 -15.362751335225045 276.8140996598079
51.94545 28.561961801058672 -16.058014049869648 275.6614076261135
52.15294 27.10209421484509 -16.25085099748491 275.3588338324918
52.46393 25.04761890209729 -16.516932117526412 274.92753980378455
53.39694 19.605370082197723 -17.236016674362375 273.90963401651226
54.9517 13.504249128089011 -18.045198013164274 273.1528601828636
55.36639 12.672648598598045 -18.161266053636904 273.1016219538888
58.78695 10.866062344403142 -18.420115212387614 273.0381762260495
59.7205 8.652077388330326 -18.77439859123036 273.41000691117523
60.551 6.345895003462772 -19.15234262435287 274.7858635001208
61.06963 5.062600097149243 -19.357826250438006 276.44588515921964
61.48395 4.269354451409825 -19.5152105658792 278.29792348835673
61.69106 3.9527940163952167 -19.587725810139638 279.3766475155849
61.79455 3.8203531447524597 -19.62541963606357 279.9469483735252
62.62174 2.9959591062426867 -19.890111424597748 285.2587967786601
63.24292 2.3965531174824335 -20.09847571021023 289.98139304875025
63.45015 2.165636355737263 -20.171014621604225 291.68778596342906
63.6575 1.9287178718324327 -20.248809628553005 293.43307906451065
64.48693 0.9285632618980344 -20.598805047293542 300.979336813039
64.6943 0.6442482109604342 -20.715597112913297 302.9719613413541
64.90164 0.35657519706793295 -20.821730504568784 305.0456869643707
65.31622 -0.24641433244801192 -21.02332532035095 309.2716201431922
65.73079 -0.8565887611646517 -21.25254095126533 313.61413919719274
65.93804 -1.1397793631412867 -21.37946608960765 315.7576611671226
66.35263 -1.810745939851948 -21.6372430590379 320.1585980712097
66.97457 -2.851232953529795 -22.002908208594082 326.6968428598065
67.18193 -3.189891691299465 -22.134971915142017 328.8333276806669
67.38928 -3.52399892893569 -22.261283141358522 330.9771860417785
68.01129 -4.528979882622529 -22.618596589946428 337.2955049143567
68.21865 -4.861460909922542 -22.737336183443425 339.38920508452304
68.63317 -5.52969718150446 -22.99513735920173 343.6127306932708
68.84053 -5.850183220527491 -23.118952080980748 345.7291119734125
69.04789 -6.1855457431860685 -23.23650827453784 347.89262538055715
69.66995 -7.177756839231151 -23.58082687607844 354.3949173329234
70.29203 -8.183806834192566 -23.924898922491472 361.0599598964872
70.49937 -8.508898759529586 -24.040252186564715 363.25983539433446
70.70661 -8.826093743242076 -24.152099277126688 365.454231963496
71.6394 -10.27406302293118 -24.67904920462567 375.0744634260903
71.95025 -10.753791909940013 -24.836368140077546 378.1495567313653
72.15749 -11.073576456909372 -24.928908940073615 380.14958461377137
73.29787 -12.738853553877945 -25.50161482564685 390.31457769479204
73.81614 -13.33458469808707 -25.712928217556765 394.24055255667497
74.3344 -13.846157903619066 -25.880673716724658 397.57331391354586
74.64526 -14.093382195719975 -25.978661946708144 399.312949187055
74.85254 -14.271436493787292 -26.035863709095487 400.34158991571957
76.71482 -17.75269457303949 -26.711756249037016 407.09489959052075
76.92199 -18.527189577340067 -26.821451928784533 407.62120766440137
77.12902 -19.421703394589258 -26.92449298122516 408.05985614794224
77.33625 -20.401318690835126 -27.04580013439571 408.3788084030622
77.54357 -21.45166853207253 -27.18511733208102 408.5524414227062
77.75084 -22.575471386505818 -27.328487872778936 408.6161598200256
77.95859 -23.767462995256537 -27.498400583797892 408.51066554108246
78.16657 -24.856187413440423 -27.72576683804067 408.4324015388795
78.37479 -26.121973685976897 -27.870752637962063 408.0662330094509
78.58315 -27.393982112422954 -28.029281322233906 407.68530573121814
78.79149 -28.722156462141207 -28.190300128191975 407.30964692299267
78.99975 -30.081903940925983 -28.412201852621624 406.9258793636492
79.20755 -31.49014278394673 -28.67587847522356 406.51908138931134
80.0375 -37.33257624020433 -29.638399108623464 404.9982203195332
80.24485 -38.78277268495028 -29.879038036476036 404.67557280714925
80.45221 -40.250312778508736 -30.222043019927508 404.3843733060986
80.65945 -41.80296455674119 -30.415383575407425 404.10962821210416
80.8668 -43.37181359145332 -30.552592414261838 403.86144291627147
81.07409 -44.90426950644428 -30.71349949661979 403.6432340483987
81.28139 -46.61896576105705 -30.85254629554443 403.41362083441584
81.48862 -48.06866726902143 -31.06474700516106 403.1401038635241
81.69585 -49.62176277857184 -31.282577652728612 402.87241320445423
81.90308 -50.97150004866424 -31.463387102396773 402.6155338734859
82.11032 -52.388529713813 -31.343262611507225 402.5470959134065
82.73238 -56.26531868387181 -31.25061235426806 401.82341653576185
82.93973 -57.046988179375504 -31.205593195817322 401.99803132058776
83.14722 -57.429810352666806 -31.39139276732438 401.9054652600146
84.59848 -59.16082623139782 -31.64720178177175 402.4684773131627
84.80571 -59.41157920199166 -31.699427930435277 402.5344080925303
84.90931 -59.53699236963665 -31.724994225989693 402.5683337720991
86.56778 -61.19253350672196 -32.07247898423306 403.0225833050618
86.98251 -61.537661356452574 -32.14588456744277 403.09577837989445
87.19018 -61.70688583744203 -32.1819660933688 403.1273413863467
88.01928 -62.41422091643669 -32.34231943347363 403.24230849661154
88.22662 -62.60103757301073 -32.38522710084756 403.2711554832222
88.43433 -62.79476798397824 -32.42836118147787 403.3009178857756
89.88559 -64.38761613122354 -32.74987117437395 403.57723591032317
90.09295 -64.65034272011061 -32.804461109982526 403.6312001808035
90.30045 -64.91278296136868 -32.86051266797724 403.6885775897148
90.92238 -65.74779979309969 -33.0402045399082 403.9092827366518
91.1296 -66.03068839122382 -33.10134903736757 403.98693856273627
91.54407 -66.60664840306292 -33.22279537627912 404.14599211865936
91.7513 -66.89142994431077 -33.28263810994315 404.219811294421
91.95867 -67.17498836100461 -33.34376089547556 404.29467396007476
92.16588 -67.46150359268229 -33.40765578674011 404.36848034717207
92.37311 -67.7439823397824 -33.46813993628541 404.43561300590306
92.58047 -68.02370157394083 -33.5291722347026 404.50088122773724
92.99493 -68.58254223792848 -33.65095689632709 404.63140507143044
93.40939 -69.1339626863311 -33.766606036342026 404.7506033637846
93.61675 -69.40855685899852 -33.82603570459473 404.80947177243837
93.82412 -69.68058694363152 -33.883316577658945 404.8672330788887
94.23882 -70.21893280924867 -33.993719298260615 404.97566746585636
94.4462 -70.48383054524287 -34.05038027451664 405.0308120056478
94.65365 -70.74598357970109 -34.10581979087009 405.0869263638033
95.17185 -71.38895578999359 -34.23973497927231 405.2267779301195
95.37921 -71.63382766935835 -34.29019277119179 405.2798990959281
95.58659 -71.87175996143053 -34.339004415716154 405.33264187545683
96.10478 -72.41409407889171 -34.453573731822914 405.4575219231358
96.312 -72.61036390998112 -34.495920038433894 405.49908890189806
96.51944 -72.79369773301069 -34.53513437686139 405.536826690496
96.83026 -73.05584754973944 -34.59191192060655 405.58779020199995
97.03753 -73.22328554899082 -34.62884559673624 405.6184272081052
97.34816 -73.46005743823588 -34.680841465941555 405.6511053839207
97.76187 -73.76758474516004 -34.74945894037735 405.6549475880573
98.07206 -73.98468804391658 -34.80060924151799 405.62099402462263
98.27871 -74.12339272627138 -34.83347379077966 405.57652993723553
98.48569 -74.25526654145501 -34.865542415444594 405.51348035930965
98.69272 -74.37867410244655 -34.896289816260975 405.4318963110299
98.89976 -74.49511594448921 -34.92477971716685 405.3307786838531
99.31424 -74.69452374592348 -34.97458750243412 405.0678149106019
99.52171 -74.7752412657847 -34.995457510898476 404.9111263233802
99.62559 -74.80983745077808 -35.0046379368095 404.8269911244541
99.83345 -74.87119264777802 -35.02313711808005 404.64602775438414
99.93756 -74.90028539694839 -35.03154763397373 404.5519101308832
100.6656 -75.08639021477451 -35.095338218564365 403.82696383932654
101.081 -75.17478607964699 -35.13541807789001 403.36295045868746
101.2884 -75.21776046886012 -35.15542590123165 403.1185953805443
101.4958 -75.26190710444618 -35.17599352296503 402.86601250707025
101.7033 -75.30247198256805 -35.19468310416014 402.6031262486379
102.1181 -75.38621017639971 -35.234482610652314 402.05303935624477
102.7403 -75.5206170321799 -35.30397574345907 401.18579736380354
102.9476 -75.5711456482356 -35.325599046688566 400.8939060229231
103.155 -75.62172283322768 -35.34637856754396 400.59907892818154
103.3622 -75.67431534886278 -35.36633892017987 400.30711814989104
103.5696 -75.72878775176015 -35.3878557433504 400.0136576491655
