0.0 -0.0 -0.0 -0.0
0.1037595 0.0295384120469124 -0.014640529887669087 0.868118024018478
0.2075901 0.10302611664424771 -0.02736967630340173 1.7346456521608755
0.3116055 0.2127192254847371 -0.054977471271667244 2.5867971418886238
1.245136 2.907454405300642 -0.3079569032377524 9.691171831808564
1.452734 3.9070091918470546 -0.36607313409211095 11.08985062771434
1.556375 4.45782832785669 -0.39310641863183127 11.751860017737727
1.660095 5.040322226485328 -0.4201238647535295 12.382987102432004
2.282428 9.126291065942755 -0.5818910270268505 15.59093826042205
2.386034 9.902598170615295 -0.6048711537612539 16.02207177828066
2.489649 10.699601134320265 -0.6285197566441584 16.416369947228308
2.904387 14.051584124040222 -0.71580928722683 17.686985737337338
3.008111 14.932263608374537 -0.7374514043523911 17.93874673509486
3.111717 15.816503674442309 -0.7548790998525856 18.164140598729105
3.422811 18.629238458500943 -0.8015884632589879 18.675902240787178
3.526551 19.605592625745082 -0.8155152007194791 18.79865875925925
3.630286 20.606440311789505 -0.8302508306539312 18.89071682975499
4.252293 26.96473165648438 -0.8654919147369833 18.882132093695365
4.666947 31.399494215876945 -0.8693600637307961 18.553764119247475
4.770559 32.54080405877507 -0.8642161680945651 18.440948692199438
4.977967 34.88587202220042 -0.8565076673481816 18.175486695429214
5.185269 37.32464033950688 -0.8543379813319049 17.87530296465095
5.392622 39.85492109408189 -0.8532347229331507 17.537436961206733
6.014715 47.98988557060249 -0.8431740626577806 16.331514720759735
6.221927 50.835924677903726 -0.8362372529719666 15.916402524468767
6.42928 53.793770347456906 -0.8382616322334868 15.477092670393453
6.636673 56.82665019026099 -0.8375677416696758 15.037604865247411
7.051471 63.07891160772803 -0.8185057115290351 14.202060496690018
7.673572 72.97228110020723 -0.8771015255487619 12.841321375481279
7.881024 76.4097213939367 -0.8749419608117521 12.36066387986289
8.0884 79.90039833091807 -0.8773845758844541 11.88905146372744
8.295863 83.46963358631271 -0.879892032787811 11.372453027361521
8.710698 90.76751858651288 -0.9059710330580195 10.312390973114693
8.918107 94.47482454324039 -0.9044828547014109 9.770817962200908
9.125548 98.20332104749382 -0.9247723657059651 9.191917200005985
9.332783 101.96767503216368 -0.9383035770272653 8.532257972116945
9.540126 105.75328490650912 -0.9491894004613567 7.853971686685227
9.747566 109.58486604093875 -0.9461805930777768 7.126210049365351
9.851216 111.5177181539412 -0.9496309053641376 6.728896309704634
10.05845 115.36133771161224 -0.9428845506541353 5.911341944251124
10.47333 123.08484031381218 -0.9677383919961943 4.085211704507827
10.6808 127.00339477115405 -0.966827936960849 3.098888869001591
10.78449 128.95787038944195 -0.9641021100870881 2.5910347236407887
10.9921 132.87396077803294 -0.9655854060691085 1.5689972333574502
11.30336 138.75962870945355 -0.9746213101910108 -0.03127119427436753
11.61418 144.60811415887156 -0.9802831740103539 -1.7042560772767459
11.82143 148.54707286162088 -0.9935146155723926 -2.877506349272906
12.23595 156.49887878123798 -0.9959145316145821 -5.380970357284582
12.44323 160.51076106741482 -1.001902865502164 -6.686210424726973
12.65059 164.52471673371204 -1.0143860814489396 -8.023437352621315
12.85782 168.54180962215898 -0.9996574865679781 -9.403175491772004
13.06505 172.58827593130542 -0.9929985330781155 -10.820225111073498
13.27241 176.6691114994026 -0.9983878029446589 -12.27411374654978
13.47977 180.7340893066652 -1.0203212329785007 -13.730060617160603
13.687 184.80840549837117 -1.060806744414437 -15.24320008808919
14.51654 200.97073590452845 -1.1292110187618236 -21.576581343863978
14.72368 205.01662668303862 -1.1464407684062972 -23.243448434396555
14.93163 209.06457711264324 -1.165444183482791 -24.944891350098693
15.76042 225.27686588529906 -1.2708944734463796 -31.95149570311451
15.96778 229.30253963359635 -1.286303331986471 -33.762226556366166
16.17517 233.3234661879513 -1.3015275048922654 -35.63713725298307
16.38237 237.3115015893535 -1.3045009808997718 -37.534510693704654
16.58973 241.29834668415887 -1.3321102437234824 -39.453701679197366
16.79696 245.2816157002761 -1.354235016765441 -41.43066764560572
17.00432 249.24320594294653 -1.367777557958632 -43.418936257583354
17.41895 257.23073701402205 -1.3793759271923198 -47.56141807933031
17.62628 261.2542412675325 -1.3894291203935025 -49.71704653463932
17.83361 265.309283589967 -1.4063627157150043 -51.89594194021427
18.04102 269.36566493489437 -1.4164692003425796 -54.13307665990757
18.24822 273.4527143448638 -1.4325075558932236 -56.43056064847461
18.45567 277.5625600613051 -1.464978039822312 -58.78660569897008
18.66305 281.694288384464 -1.478594263481259 -61.13987253022435
18.86992 285.8430651022952 -1.4816595702815043 -63.54389426052494
19.07714 290.0177369551957 -1.4941888296655383 -65.99939526011474
19.28453 294.21780290802474 -1.4889571292921717 -68.49301639188144
19.49184 298.3901753963643 -1.48200572543147 -71.0010436975625
19.90642 306.71683560362675 -1.3464948182105116 -76.19967620785418
20.11365 310.8761966246894 -1.3474546572491173 -78.94847152803476
20.32088 315.0515044280528 -1.3408128983416967 -81.75090244704282
20.52812 319.25267143481597 -1.3438179995872588 -84.65319953352692
20.63173 321.3463324006392 -1.3392178424113608 -86.1184269810999
20.73535 323.4512218823507 -1.3127693587459301 -87.61095319125488
20.83896 325.55464378908704 -1.3068491287719937 -89.10965202506665
21.04632 329.72845965570883 -1.2636010323409854 -92.08975142813333
21.14994 331.8377307526831 -1.253457681985533 -93.59463038784541
21.25355 333.92117513409477 -1.2340351225980122 -95.08030088552995
21.35717 335.6424866740124 -1.2477889890748388 -96.37964920654919
21.46082 337.7989299380396 -1.2108381654498341 -97.98455569275148
21.56462 339.9689016513861 -1.1735245629104591 -99.5698432373962
22.49725 357.9235371695519 -0.7326312212179411 -113.1808061859012
22.60085 358.1013384431485 -0.5123815425929985 -114.66835459217613
22.70444 358.2709237287066 -0.3425084387500714 -116.14569658029176
24.05212 363.2058172933072 0.4265480452207715 -136.30139836788535
24.15565 363.68352346062653 0.46358444362371465 -137.96074553966844
24.25939 364.240154852598 0.7559847970858158 -139.4553998963642
24.57024 366.60399228319926 1.6560757735781928 -144.54178900780224
24.98488 370.5734029952396 2.7744913075619113 -151.20645080051148
25.08832 371.6508645644603 3.011629767926369 -152.82721651458488
25.39916 375.64084629260066 2.73714924360013 -158.68754500391375
26.84992 395.4427907108173 2.45660393443518 -174.97409894834772
26.95353 396.52172535923523 2.4537322692714696 -175.48941348411142
27.05726 397.616042067114 2.445377476492613 -175.98489807117295
28.61187 406.8647733316097 2.2260877861641486 -178.65378623692578
28.92284 408.75085704797385 2.1729952876806458 -179.07557893626952
29.02646 409.37274913483986 2.17018086641591 -179.20995459908548
30.58081 416.8576662975238 1.9993855932691673 -180.1940457101826
30.68447 417.33477045450724 1.9816993263660683 -180.21878046111541
30.99556 418.72533980420724 1.9258250939830397 -180.28688463321362
32.03219 423.5903323745079 1.7487603768257118 -180.46162369084362
32.13593 424.05287006041584 1.7501993836404353 -180.46283015154148
32.44703 425.4614139132212 1.697963117141562 -180.46670604062638
32.75813 426.8733768720479 1.6527863670471286 -180.45186879471012
32.86174 427.32302023486 1.6385320671200558 -180.44508191760826
32.9657 427.78292713665 1.625031473292383 -180.42740583359014
34.10599 432.0427001595258 1.5275350509498935 -180.10415932400588
34.20973 432.4199057105168 1.5152074393016317 -180.05459361789218
34.4171 433.1668634019052 1.4821868748533014 -179.96007961304645
36.49055 439.3574043374175 1.2651448147528583 -178.97285865617377
36.59414 439.68963681251506 1.2496334976802181 -178.9186532532692
37.00885 440.9426024391706 1.1947188504723503 -178.7194615599497
37.21633 441.65097199273686 1.1827190139101287 -178.542733266604
37.31995 441.9570514907913 1.1716509719587815 -178.4892416326175
37.5273 442.5770551432583 1.1494699216476683 -178.37028942807507
37.94202 443.62861452400796 1.11219996478437 -178.23797759064854
38.14925 444.1091192706012 1.0947979967700796 -178.17076539812206
38.25287 444.3886734394008 1.0853304790145657 -178.11787584685226
39.91134 448.30727938794854 0.9233103149911628 -177.56604254035256
40.32592 449.261905239848 0.8791936198875678 -177.3782562350563
40.53328 449.7441164189287 0.8516140496185951 -177.2837042995011
41.15522 451.14598746153627 0.7920685078567224 -176.98742480274623
41.8809 452.7609633721513 0.7193100121773863 -176.62164119634934
42.08838 453.20795770785907 0.6954511007850819 -176.51429300908353
42.192 453.4374960011479 0.6830187133828716 -176.45170655274995
43.02117 455.05015762712657 0.6142952950197511 -175.9984515557486
43.2284 455.4553443970859 0.5913717481388403 -175.87581305955933
43.33203 455.6555651695373 0.5801334627198251 -175.8150081746145
43.85009 456.66667686145 0.5329984476474401 -175.51263956683755
43.95373 456.86433151991855 0.5221626111764692 -175.4499311669651
45.61207 460.17398672513923 0.3281747654422631 -174.25554119493046
45.81942 460.6066905249661 0.30837240386772713 -174.09372108679162
46.13028 461.2422825212094 0.28000647666024747 -173.84649637836606
50.37937 468.46772195503 -0.3081294205077878 -170.31567191324015
50.69023 468.40952726917806 -0.29732493572118557 -170.27087778464647
50.89757 468.37894551444674 -0.2933530301844893 -170.24036970230307
55.66625 468.6866677424842 -0.25789717221208974 -169.31645876982336
55.97729 468.8131185422992 -0.2613900900391979 -169.25882093404374
56.49531 469.02290730572764 -0.2716856640382037 -169.16674748692375
59.60465 470.33563755306386 -0.3273462425102238 -168.5841831236921
59.812 470.4217238770523 -0.331816437705422 -168.5440866375897
59.91574 470.46459016477655 -0.333997197053419 -168.5238070895591
60.22684 470.5552734749766 -0.32878171945287704 -168.48742980437953
60.74517 470.8400723347818 -0.3527716696014753 -168.33522097576815
60.9524 470.9424170512526 -0.3551012462490295 -168.29858366388578
61.26337 471.0378873344109 -0.35983418834886116 -168.22801614220614
61.36698 471.072739008055 -0.3605997850052418 -168.20438481634457
61.47063 471.0846302236837 -0.3537185340656741 -168.17885415688173
63.64652 471.5030156265451 -0.4347395278846484 -167.70227253527497
63.85363 471.75743025795464 -0.4606490347780685 -167.67819536325223
63.95724 471.88311999080366 -0.4806228650360289 -167.6688028159982
67.58429 473.102459006335 -0.5058062993545764 -166.88443335486872
67.68791 473.11086862982296 -0.5046245492247614 -166.8452165722693
67.79152 473.0866090070029 -0.516392118953025 -166.8033009087612
77.11918 475.5585504801947 -0.7687257942412415 -165.04737034078892
77.43001 475.64268385741605 -0.7762969863596219 -165.0047957137275
77.63724 475.69937874348454 -0.7807601190790479 -164.9758121503067
86.75938 478.0160517717158 -0.9318314925582367 -163.88704416825524
87.07055 478.09109071989604 -0.9361930108522056 -163.85033663020178
87.48535 478.189078707803 -0.9401092143128658 -163.80055545678937
89.45553 478.6333628650482 -0.9583018022604222 -163.58155417363372
90.18134 478.7921478011015 -0.965840076429509 -163.50998251478657
90.80353 478.91569770760753 -0.9718192180779663 -163.45508936876752
91.52959 479.0619793721842 -0.9800813811449194 -163.4023904589993
92.25565 479.20256816290856 -0.9852015242521501 -163.36686976437323
92.87797 479.3209477303967 -0.9888513999061308 -163.35418249033
92.9817 479.3412679348194 -0.9892549443502046 -163.3538969016932
93.81138 479.5012546145453 -0.9930718523947852 -163.3706910352182
94.12248 479.55966855238034 -0.9941949378954995 -163.38642831083507
94.22629 479.5789506154281 -0.9944685614278634 -163.39278896056848
94.32983 479.5981431309076 -0.9947930879027203 -163.39971421488457
95.78157 479.8381334435109 -0.9964701194711711 -163.5493255479423
95.8852 479.85374717972286 -0.9962616236737993 -163.56398486910396
95.9888 479.8689870063244 -0.9961557136366377 -163.57893353984846
97.75164 480.0632612358236 -0.9891780658415303 -163.898811424818
97.85525 480.0697257755579 -0.9884132352314072 -163.92078933909187
98.06274 480.080452121092 -0.9869341223624026 -163.96515736782527
98.58106 480.0959063197916 -0.9825867140003126 -164.07907628799654
98.6848 480.09705136637734 -0.981524033606842 -164.10197090496862
98.78842 480.09742835979085 -0.9804252735355004 -164.1253472836624
100.4471 480.01140302689595 -0.9583898278030958 -164.50698346805976
100.6544 479.9898886805752 -0.9548309328774112 -164.55376765933235
100.758 479.9783822033613 -0.953057183167707 -164.57706603880723
100.8616 479.9663124321774 -0.951145097422013 -164.60085985476493
101.3798 479.9004397767788 -0.9425029329841035 -164.71751842689633
101.4834 479.8862148277151 -0.9405624109542181 -164.741107815963
101.587 479.87172785422763 -0.938741099616557 -164.76440755088043
102.7273 479.700389081182 -0.9164566483553234 -165.02198835112648
102.9347 479.66810666587077 -0.9124899143857519 -165.06872445070502
103.142 479.6357980135672 -0.9083926752254143 -165.11539810572074
103.3494 479.6032813145661 -0.9041710398819127 -165.1623450329506
103.5567 479.571021451678 -0.8999353116416344 -165.2088131219407
