0.0 -0.0 -0.0 -0.0
0.1037595 0.09527114341989941 -0.03770564433432516 2.0327604428530646
0.2075901 0.2856524614394085 -0.08339579942782745 4.041597780134716
0.3116055 0.5610421942647873 -0.1228965547169435 6.065026287646181
0.415086 0.92767019976416 -0.1793745666934028 8.082148412663651
0.5188692 1.3917674949938244 -0.24367287783741348 10.07729275607675
0.6226876 1.9489031592803 -0.300528781763596 12.089853014880395
0.7264318 2.591331168619031 -0.3748991765483797 14.002233533367223
0.8301706 3.3390693124523083 -0.44593563759527965 15.933464632551186
0.9339528 4.1592477197425515 -0.5045740120465194 17.895722728735215
1.037695 5.078072805378529 -0.5887300085337202 19.754743048624633
1.245136 7.1999516957744225 -0.7391207370893503 23.4697098214975
1.452734 9.725650103861282 -0.8920070741176446 27.054021418753813
1.660095 12.572334945597401 -1.0117852601890116 30.393163742528838
1.867714 15.722079027705895 -1.1371514845430368 33.425531327891555
2.074937 19.23559131246987 -1.2480141371693674 36.23265097731231
2.282428 23.050175407174173 -1.3752060129767183 38.73726636838163
2.489649 27.00272587081291 -1.5274171994357153 41.02956778379419
2.697006 31.19470420454106 -1.7207750342744346 42.8093403109977
2.904387 35.7329413780319 -1.8041985960758375 44.368399660298614
3.111717 40.34737498139901 -1.9081336313600563 45.66709940097258
3.319074 45.19475519784299 -1.988807361317546 46.66797338786095
3.422811 47.704670058983275 -2.01817437575507 47.042270170941364
3.526551 50.239550253902685 -2.0464709069160154 47.364823750919385
3.630286 52.832831355447 -2.074456818710907 47.61107009782488
3.837524 58.147080226941476 -2.0947233457045584 47.90329910263685
4.044901 63.594535191498856 -2.1024096918226705 47.89151622134602
4.252293 69.22036897305395 -2.1269271763149398 47.71193922864793
4.459609 74.93351233524021 -2.128302170686899 47.37002872147536
4.666947 80.73327473054806 -2.1137055663767956 46.8445349587929
4.874319 86.67465496616774 -2.1038196660703097 46.246824392063964
5.081656 92.92638462600951 -2.080366905997914 45.511380389031274
5.288943 99.399301885696 -2.0867680411492158 44.69805397892059
5.496314 106.0795519871064 -2.0932296044963117 43.81337532216407
5.703641 112.9188374450605 -2.1061990682219482 42.88442963904278
5.910955 120.08005745145489 -2.0711257406497525 41.75939041139312
6.221927 131.2591436852528 -2.0388511032951384 40.139643576301765
6.42928 138.77991028776495 -2.052668323449307 39.0889783182474
6.636673 146.6237457121767 -2.0048270239121506 37.98363248226828
6.947755 158.71586515739202 -2.0318415459066457 36.313408618900425
7.155209 167.05682247757173 -2.012229763626118 35.20268934923463
7.46621 179.94976232049578 -2.0197317854055443 33.43089466838062
7.673572 188.71259828601626 -1.9946603181893567 32.30487414367247
7.881024 197.6952385524413 -1.985929150741491 31.088081868367578
8.192118 211.29637919104135 -2.116491638671347 29.41377389273293
8.503235 225.5931301608558 -2.118559057822359 27.44909975289754
8.710698 235.13870307122292 -2.242789701794038 26.106575990019877
9.125548 255.14676793624145 -2.038561080690486 23.06242662218461
9.436507 270.75143768213326 -2.123009688046987 20.382701694189308
9.643856 281.3903404631484 -2.1713357209734494 18.33563045383599
9.747566 286.71631084402736 -2.158994439207672 17.349076802470165
9.954854 297.2089725064106 -2.1001048105809303 15.288627134791632
10.05845 302.57182922957037 -2.155388939334473 14.13842267458989
10.26595 313.33851392474605 -2.2395728423259813 11.83960426021828
10.36954 318.77406212199725 -2.1954197094484 10.560675056719361
10.57701 330.0713434518385 -2.3333728649507504 7.7220333053273436
10.6808 335.74488890479853 -2.2353123576083447 6.2961103810184085
10.88838 346.55267555509994 -2.1884329717238606 3.816796280897293
10.9921 352.06827471105305 -2.106756612317511 2.85385659372902
11.19965 363.4338741151179 -2.261217984613586 -0.0717176676997866
11.30336 369.59204086650703 -2.1907214598707303 -1.0762059291446775
11.40708 375.32261117568464 -2.1541052978632154 -2.111471891014233
11.51057 381.2254421646799 -2.2216085156817433 -3.5130639741771432
11.61418 386.54139562261236 -2.2722264520116844 -5.424460031030222
11.71802 392.8119294809778 -2.5253525025843064 -6.554707743284766
11.92506 404.57445689860873 -2.311991013965165 -10.276390468873416
12.13214 417.41580240039946 -2.2537285634647417 -13.842966014872658
12.33962 429.9590772856788 -2.3855436658197036 -17.338589692698932
12.65059 449.1931261732628 -3.370460685692642 -22.23772778526984
12.85782 462.18417252381266 -4.075369389084294 -26.058277791591067
13.06505 475.2328037059001 -4.175418660134382 -29.715073412879192
13.27241 489.06302129630666 -4.98863472814265 -32.971618931568116
13.47977 503.6845667043688 -6.341026233776297 -36.55853751983433
13.687 520.2102249778063 -7.485880605748244 -41.70334177138652
13.89444 536.4726909550296 -8.675228366139986 -50.11530330461609
13.99845 545.3838367988832 -8.765959278138665 -54.73974135185614
14.20592 563.4880258265382 -9.119168211323633 -63.47475812706644
14.3092 574.5867132222929 -9.282187868301062 -67.5528500862766
14.62033 618.1245249675853 -8.906785742525221 -80.85877365500085
14.82739 616.9262216253514 -11.04312149884116 -81.31071910994493
15.13855 609.9935637656896 -13.758642518309117 -75.62798357208554
15.24218 610.2003877206847 -14.167951653982868 -74.43059834613524
15.34573 610.6077013988121 -14.011590123469198 -73.1224828787093
15.4495 610.7899414875005 -14.090838092102054 -71.45532074312561
15.65668 612.238567724763 -13.379936273795508 -68.59316132576188
15.86404 613.0184573273933 -13.731900179142912 -64.43024556327472
16.0714 615.3056784929073 -13.580853717255927 -61.59146227992184
16.38237 619.4210972730381 -13.575885138905619 -56.51317347029743
16.58973 623.5196658578836 -13.067331645472763 -53.52112359608179
16.79696 628.1910952777095 -12.476223546023547 -51.483894923412095
17.00432 632.4424420570118 -11.748519691186772 -51.83576251210235
17.21226 635.7409727523961 -11.934184979863812 -53.98738181573759
17.41895 638.2631841856842 -11.289782359184617 -57.32799587020378
17.83361 644.3944426441603 -10.957155771244885 -62.92228365943896
18.04102 647.6794720505065 -10.812348854345558 -65.44513760528292
18.35182 652.2638644636754 -10.092124555303055 -69.61750827237375
18.55914 655.1315176141164 -9.802265272483108 -72.63879141404317
18.76628 657.7809844358036 -9.513118874265764 -76.37610343398183
18.97353 660.4195156273038 -9.240071074131926 -79.65189022328622
19.18087 662.981128107002 -9.073430659593239 -83.25211175489733
19.28453 664.190260071641 -8.983883917972136 -85.10508367061493
19.49184 666.6319939175802 -8.792837625495473 -88.56819198255118
19.69907 668.9663984897688 -8.730037480182183 -91.60901986609417
19.90642 671.3498555061484 -8.638495717129349 -95.02241369257024
20.11365 673.7093058977014 -8.550853153200794 -98.10800131024041
20.21727 674.863025960444 -8.458173408328975 -99.68688160142966
20.32088 676.0077822526238 -8.414120550578804 -101.2289003402289
20.52812 678.3088413472493 -8.303475161553973 -104.35503534920167
20.73535 680.6125985181818 -8.121394047653617 -107.53470969815203
20.94258 682.9250038357391 -7.997767115529598 -110.70601594767231
21.14994 685.0595711255542 -7.9483660426699 -113.89976675668277
21.35717 687.3259942222406 -7.779769518005416 -116.97774474041313
21.56462 689.4141803738214 -7.640375117416966 -119.85196206182007
21.66814 690.4389851705268 -7.5595484203039085 -121.28983027298591
21.77179 691.4577820151758 -7.482038117230832 -122.74090916207956
21.97904 693.5376495028617 -7.322455422565206 -125.69952671685326
22.08265 694.5453252132322 -7.233464316294494 -127.1794315059849
22.18621 695.5853939360302 -7.193990342971503 -128.68444057733393
22.29025 696.5894644157999 -7.084252957150376 -130.16898251182602
22.39357 697.5517935238778 -7.0068188565041964 -131.59309531333327
22.49725 698.5126518662183 -6.922990899548861 -133.06038981344625
22.60085 699.4957652099133 -6.846165784765255 -134.53214487224716
22.70444 700.4408085128871 -6.783245995118914 -135.99552215418578
22.91177 702.4013514831703 -6.591091739007133 -138.9640963671373
23.01539 703.3585686141267 -6.48630182351706 -140.44087038809653
23.11901 704.242215705117 -6.418950886115418 -141.81712916244447
23.22265 705.1615381731972 -6.318918296975703 -143.27162395490427
23.32637 706.0430784981897 -6.236349412812533 -144.72529478671237
23.53371 707.8429212103388 -6.062988287556916 -147.71583554749083
23.63732 708.7027477896725 -5.998720914046988 -149.15806724632984
23.74108 709.6859319086532 -5.903786264435283 -150.7500144907259
23.84468 710.4222003320704 -5.829319886393073 -152.06857738583534
23.94843 711.3043806515353 -5.746365040790366 -153.55661219551308
24.05212 712.1588289942695 -5.663004493848838 -155.00528059698075
24.15565 712.9846525304694 -5.564075996951029 -156.45851581926547
24.25939 713.8498829349166 -5.4836888648422715 -157.90596988304281
24.46662 715.4993155796376 -5.305843272449753 -160.80698244596402
24.67387 717.243214419095 -5.135068607521223 -163.7804142031265
24.77759 718.0618159406655 -5.057348810332961 -165.20596137733475
24.98488 719.6376719778464 -4.918044897890216 -168.0944581580187
25.08832 720.5194303439919 -4.836770806144095 -169.64465081616333
25.19195 721.3512523466369 -4.73450258720748 -171.28538629198584
25.29556 722.1715253018128 -4.62342854639828 -172.74616527895955
25.39916 722.981735461611 -4.5031768313540255 -174.30227022349737
25.50278 723.8006025111397 -4.381253046410173 -175.84184676583806
25.60639 724.6218383222033 -4.276709434611718 -177.37699432614966
25.81362 726.2619668910122 -4.061401370016995 -180.48195932150344
26.02085 727.9221355443851 -3.83645905172677 -183.71032705980048
26.2281 729.5817915875682 -3.6488911214168454 -186.9453899769676
26.33173 730.8236221566492 -3.527697603409436 -188.95714037671837
26.84992 735.3069278289208 -3.001319073478868 -197.38799369971014
27.05726 736.4340095838169 -2.84591694996908 -199.618145723083
27.16089 736.9416894728424 -2.811569991178402 -200.38761427313392
27.47185 737.6964403002653 -2.7754258145786324 -202.0788481875394
27.88656 738.8935657089546 -2.540867761642218 -204.45182003889096
28.09379 739.4245250464617 -2.5056899316166152 -205.68347733619862
28.71563 741.1487989774045 -2.3053060053262584 -208.81849915754754
28.92284 741.9825945985533 -2.2320990051829455 -210.18675742528336
29.33743 743.0051045880292 -1.9831978856551586 -212.41711145086782
29.54466 743.7272295787824 -1.9500269550074307 -213.41073101986427
29.85562 744.4168249522768 -1.795882858592023 -215.28060110448723
30.26996 745.5826892305063 -1.6460699904201022 -217.3706882870212
30.47722 746.1187021229696 -1.5525109599876217 -218.53758856434501
30.58081 746.3364949157362 -1.510636556617655 -219.09319772509986
30.68447 746.6944854855685 -1.4572157870015943 -219.75754798793383
31.51385 748.8682384330295 -1.0951052248007613 -224.49733676024334
31.72125 749.214153872492 -1.078592549808043 -225.75112662844822
32.44703 751.1981928485977 -0.6934604396621182 -229.84898852210972
32.9657 752.4754460343762 -0.492009826937128 -232.9832837092195
33.27645 753.2901613920608 -0.3440020057391493 -234.7214041912402
33.48381 753.8021144833883 -0.23252957547797592 -235.85593866830055
33.79494 754.5408362406406 -0.11191257797696608 -237.58947731900895
34.00238 755.0227087510154 0.020237711470272757 -238.57644366603478
34.20973 755.4632438024981 0.11268201926444732 -239.64297924758523
34.4171 755.891500779903 0.20735015358349074 -240.67282334393354
35.24652 757.7386207939328 0.4721983540254229 -243.844360586613
35.35013 757.9614610659839 0.49394081014916935 -244.14372712656512
35.454 758.1828888744224 0.5296915917228588 -244.49628555604318
35.66109 758.6403625199489 0.5813263750440214 -245.25132153098352
35.76477 758.8373024253749 0.6124332875657146 -245.61532657600125
35.86833 759.0172388602773 0.6350096423966889 -245.97135252459378
35.97207 759.2482299584544 0.6624032276650169 -246.3460600558831
36.07584 759.4857516641529 0.6817506030072451 -246.65551074472077
36.28328 759.8428625530416 0.7263327161440714 -247.18751508727843
37.11259 761.3875896792197 0.9575125265079691 -249.93178825960203
37.21633 761.5908610433551 0.9847460834698154 -250.30423570093248
37.31995 761.78580585769 1.0051931975888309 -250.64623922426813
37.5273 762.1753431577511 1.0604065551882158 -251.37511950182133
37.73466 762.5454424710069 1.114096450930255 -252.06418214164725
37.94202 762.9143732236967 1.17260248366334 -252.75268487589628
38.14925 763.2972273960676 1.2284400094317434 -253.4677820733512
38.35648 763.6834692211521 1.2877363457096322 -254.20668923800548
39.18565 765.0441677683773 1.4881815657417334 -256.7721774895879
39.60024 765.5541908670664 1.5668386678869695 -257.80009932950543
39.8076 765.7779008622857 1.6113325072103137 -258.3463844293693
40.01495 766.098316212055 1.6553537620703338 -258.95985130929023
40.22233 766.3767671397555 1.6950714914785436 -259.5296527339758
41.0516 767.365163720981 1.8542269114364913 -261.6758615128854
41.8809 768.2432460027244 1.9674398039946865 -263.523625542539
42.29564 768.6799191107075 2.020441293086556 -264.39214358448055
42.50297 768.9212451812333 2.051054302530666 -264.85425403320215
44.8865 770.9672802050686 2.4208893585798137 -269.9863492121639
45.92303 771.6926412496982 2.566955953105186 -271.9275000783234
46.13028 771.859731514242 2.5918405210052455 -272.26864293947835
46.64834 772.283734333227 2.61723963751178 -273.07367293139646
48.30682 773.540793753464 2.7930981469824587 -275.4633748490153
48.51417 773.6936260033615 2.807787699639917 -275.73829406140726
48.72166 773.8240424601938 2.8367074136770114 -276.05651013325553
48.82516 773.9281271821626 2.830846417449415 -276.14026423198527
48.92878 774.0085921446627 2.849281365327954 -276.338705447122
49.03237 774.1057898670932 2.850903586128233 -276.4582938477157
50.483 775.2109213791643 2.972457953076699 -278.59299557302495
50.58661 775.2946693527185 2.9813321734564866 -278.73956748553195
50.79395 775.4439835655454 3.0078996371584665 -279.04777350033976
51.00131 775.588111358599 3.0224080696162687 -279.30101552486457
51.41604 775.8864257381658 3.079971104906889 -279.9452817069544
51.62338 776.0392741447358 3.084820107982452 -280.20443636763355
51.83073 776.1824694764556 3.111479912788262 -280.482761342789
52.03809 776.335696588294 3.128967775816484 -280.7543071382914
52.45295 776.6410796662435 3.177801726614412 -281.3039932625485
52.66028 776.7924518432293 3.2004937671012357 -281.58279011785976
52.86764 776.9456826560968 3.22459186520814 -281.8677000779071
53.07487 777.0983921628462 3.2494131565801467 -282.1501199975278
53.28224 777.250056514179 3.271917253332674 -282.4212397864943
53.48946 777.4024021620598 3.2939121836542 -282.70476181308675
53.69668 777.5563690937273 3.3184742826127547 -282.98289810347376
53.90404 777.7094047873688 3.3426525488945416 -283.2684872376924
54.11144 777.8607580883231 3.365747400458652 -283.55169192148077
54.9407 778.4500163784173 3.4642801415431492 -284.63223743691134
55.4589 778.8310702373506 3.517153992585733 -285.30877956540223
55.66625 778.9760752650361 3.5398845565979684 -285.56216540250284
55.87361 779.1217005953197 3.5618623977202617 -285.8434932389013
56.28813 779.4292025542185 3.6054217576146996 -286.3724595245726
56.49531 779.5671853904689 3.623638312747076 -286.6155740116117
57.117 780.0042944115744 3.6906325609523662 -287.3916520279736
57.32423 780.1558484431714 3.716683999680974 -287.6732091515619
57.53136 780.304938244796 3.7384165580922044 -287.9349375494912
57.73859 780.4524274065186 3.7585878418117034 -288.1989045888712
58.15318 780.7427556387631 3.8016711337196227 -288.70933019713567
58.56762 781.0371771353005 3.843565240379398 -289.22546033960157
58.77497 781.1882727089567 3.8652681880919815 -289.48851998551055
58.98246 781.3385310272183 3.8874125567350646 -289.7425445454661
59.18981 781.4908531837336 3.9093495195241417 -290.00271814873463
59.39717 781.6442367797499 3.9313342342974025 -290.2596650997604
59.91574 782.0156883155016 3.9846436420699405 -290.8956436306918
60.1231 782.1675406864672 4.006585766454442 -291.1565208904087
60.33046 782.3188549346796 4.027641004461785 -291.4077434060387
60.64143 782.5480925549093 4.058995464377041 -291.79500597885635
60.84878 782.6976676566887 4.079490202019933 -292.0499493144982
61.05614 782.8507531799914 4.100957586485805 -292.307681467171
61.26337 783.0054483647157 4.12331009612528 -292.5683140306997
61.47063 783.1585556174196 4.144911692437361 -292.829377564909
61.67785 783.3122486902994 4.168435239674253 -293.0916105672234
61.88524 783.4600526483637 4.18892650091243 -293.34774082514815
62.09242 783.6110865325381 4.212310931071549 -293.6040193958799
62.30001 783.7652531658796 4.235699400570027 -293.8662583870078
62.50702 783.9128823550157 4.257214431173523 -294.12203306157227
62.71412 784.0629674352334 4.278882788929671 -294.37844377642625
62.92155 784.2152571573245 4.299500907335698 -294.63328293251635
63.12857 784.3621410982252 4.3220802707978265 -294.8956184959629
63.33569 784.5167689234511 4.344863835623762 -295.15100081321845
63.54291 784.6750415756078 4.367472468171222 -295.4180970190775
63.75003 784.8221915071408 4.389560322657296 -295.6699880088966
63.95724 784.9730515401795 4.409918942884403 -295.9286171854018
64.16435 785.1248683073064 4.432724667806383 -296.18813308313975
64.37158 785.2787437856912 4.454686690233643 -296.45563991668655
64.57871 785.4270096710193 4.478782251426445 -296.7311777168672
64.78594 785.5820176843877 4.498967698064597 -296.9743285805776
64.99315 785.7397416218326 4.513602924077539 -297.20650029592076
65.20041 785.9002352955481 4.533066579019753 -297.45116177115455
65.61497 786.2339179261949 4.578905381660263 -298.0073378522936
65.82245 786.4093953780468 4.588636143731016 -298.23894963690094
66.13343 786.6623978689441 4.61540742800954 -298.6390921077316
66.3409 786.8002294965748 4.634154679228956 -298.89782601188494
66.54825 786.974897925224 4.66087292201626 -299.1859913482108
66.75549 787.1359021444376 4.6820359140551915 -299.457935347876
66.96272 787.2977307852326 4.697635150335955 -299.7030644958822
67.16996 787.4736844437128 4.717892836118686 -299.9847247423491
67.37719 787.636191666766 4.727891320156935 -300.21737586742563
67.58429 787.8060641113946 4.751721178775327 -300.50334649562717
67.79152 787.9706031316916 4.766685418890155 -300.7325475776267
67.99874 788.133054594939 4.786228090356069 -301.0102728106493
68.20586 788.3087858004703 4.797097562680854 -301.2516572534558
68.41296 788.4801680562645 4.814476167300867 -301.51348869137087
68.6202 788.6477779875876 4.831136450726831 -301.77538444568046
69.03442 789.0047432657285 4.8656627502354866 -302.31192934389566
69.24164 789.1768001529078 4.883062966615597 -302.57686047892776
69.44887 789.3676345721826 4.896373942924079 -302.86165448837403
69.55253 789.44299543422 4.904625286352356 -302.98842389782084
69.75972 789.6320350698154 4.91087298590687 -303.2607042578135
69.96682 789.7953955471203 4.941067274288365 -303.52711151909625
70.17405 789.9643209827807 4.95069045295827 -303.7704982184946
70.27768 790.0556975383572 4.955221644229226 -303.9035355439026
70.48505 790.2405705400708 4.970917640916788 -304.18100743448935
70.69238 790.4271586924615 4.984656405492139 -304.44863357944337
70.79599 790.5140006372378 4.992467663310563 -304.5778545673324
70.89976 790.6009558176925 4.999339222507118 -304.71167060513824
71.00335 790.6798903303721 5.0059599661398195 -304.8324449363994
71.1072 790.7526949368032 5.010492141420279 -304.94169735456535
71.5218 791.1179316469064 5.034992838184294 -305.48548735981785
71.72915 791.2936723618416 5.049512995813906 -305.73703538823275
71.93653 791.4751442678371 5.065709848265719 -306.01310677597246
72.14399 791.6471003492395 5.07687005138731 -306.2658941541953
72.35137 791.8238303365401 5.087845749714532 -306.52667201903387
72.76606 792.1775458694628 5.109608296325479 -307.04392101504305
72.86969 792.2651345169812 5.11446591703746 -307.1709838509654
72.97342 792.3528759210823 5.120483925661485 -307.300378416611
73.18081 792.5348171067319 5.131880571058769 -307.5614369387273
73.38813 792.7119993400477 5.1402147402097675 -307.81713702156
73.49174 792.8034888636414 5.14401522985364 -307.9459907618103
73.59536 792.889291144106 5.149303369369765 -308.0707893304394
73.80272 793.0652756383988 5.15501807564215 -308.32383708507047
74.01009 793.2354271185968 5.167299648079602 -308.5719428516728
74.32104 793.5040942889316 5.179427486870651 -308.95432313949067
74.52842 793.6665873115853 5.1868432479650615 -309.19465652463145
74.73578 793.8395328533595 5.199690305244399 -309.44332449931034
74.94298 794.0093264935844 5.208646880909882 -309.6870513655255
75.15034 794.1760514984976 5.219159074968523 -309.92955835091755
75.25396 794.2625222168726 5.224653736309861 -310.052765397841
75.46143 794.4313327127625 5.234719022580272 -310.29850854707814
75.66879 794.5992569508946 5.24537733586908 -310.5430166402679
75.87616 794.7631439821319 5.254876428849794 -310.7821943207743
76.08325 794.9257304839457 5.265575617494569 -311.0191284292707
76.29048 795.083711454293 5.275081403111194 -311.25075643157857
76.49761 795.245353414306 5.285127083920866 -311.48864138868566
76.70486 795.4012366802805 5.294648056414154 -311.7114181099341
76.91195 795.5584532678806 5.303219092265039 -311.93987707990567
77.11918 795.7136370988828 5.314464798756564 -312.16437969824756
77.32639 795.8721185812917 5.324581797715439 -312.3891398618367
77.53363 796.0298591964354 5.333409102705637 -312.6132435127298
77.74086 796.1861492211142 5.344307420603265 -312.8371474548423
77.94826 796.333065913218 5.350014255309269 -313.037625008514
78.15545 796.4643253661604 5.360033665279886 -313.2260652323417
78.3628 796.5825695405381 5.370877418117516 -313.41113476641425
78.77738 796.8838627687926 5.387809650939005 -313.8302755024605
78.98461 797.0375183462197 5.3986916479768325 -314.05137322370365
79.19184 797.1864630884129 5.409654178470149 -314.2651503353319
79.3992 797.3322001349812 5.419447649803892 -314.4714600837784
79.60643 797.4788077461868 5.430013139126487 -314.68022953302915
79.81379 797.6233531846468 5.438172232219479 -314.88296791902343
80.02104 797.7620828054773 5.446489294480919 -315.08629682683153
80.22839 797.8794434507151 5.456215210421902 -315.2680470032051
80.4356 798.0018612768731 5.466043929145307 -315.4588727175718
80.64296 798.1493832398003 5.47379268211337 -315.6694239170054
80.85032 798.2711538459055 5.48198735633256 -315.8595504145904
81.05769 798.3917770580042 5.491029553747424 -316.05113077514716
81.26503 798.508457986303 5.50038918280881 -316.23912903525695
81.47239 798.6307107270211 5.511008924010326 -316.4363778345917
81.67961 798.7470385990805 5.519370472818132 -316.62053421986485
82.30118 799.1117135237333 5.541219738141102 -317.1754225762079
82.50854 799.2249459089071 5.54804910179832 -317.3700827884179
82.81952 799.39102392476 5.560487989891293 -317.641340034225
83.02688 799.4979098685683 5.568685012025824 -317.82782374656966
83.23422 799.6091682858848 5.577266296783165 -318.0070498670501
83.44164 799.7221499257663 5.585729193500523 -318.1881207663183
83.64884 799.839483409114 5.594601661436322 -318.3815673412702
83.85629 799.9510021580807 5.603660628504706 -318.5612944837817
84.06365 800.0695255865883 5.614310347981579 -318.7491415126372
84.271 800.1848943284429 5.624776325159786 -318.932131652998
84.47843 800.2927756847826 5.63155859225747 -319.0913640384049
84.68572 800.4090988795925 5.643661291046584 -319.2909057870706
84.89317 800.5093679428231 5.649409089276169 -319.4367063317844
85.10049 800.630783794257 5.6510893833832725 -319.6068208720597
85.51502 800.85045455359 5.659517001529011 -319.94555008222045
85.72309 800.9571601550482 5.667862087304172 -320.1123660488615
85.92977 801.0762238002106 5.67860371262023 -320.29748980485954
86.13739 801.1840389921949 5.689652298543642 -320.46774822262
86.34447 801.2900890225451 5.69830421750666 -320.63098761107335
87.58896 801.9496436421878 5.756238139581868 -321.5967306270388
87.7963 802.0569857801471 5.765907737261344 -321.75785922207393
88.00384 802.1610103558946 5.77816296792772 -321.9191766758356
88.2116 802.2641798428099 5.789145094450731 -322.075524265235
88.41853 802.3638084315035 5.798590687797905 -322.22449085560095
88.62598 802.4637069054286 5.81031222919016 -322.3795487821813
88.83347 802.5626957444524 5.822390723076012 -322.5346657885386
89.04097 802.6610105519176 5.8341938233263235 -322.6882751969415
89.45553 802.8506822856594 5.856732653318183 -322.98593357069296
89.66276 802.9418649359413 5.86841093466429 -323.13404155101335
90.28508 803.2076331242646 5.9008973422981015 -323.5506307060203
90.49243 803.2888946165183 5.911972672996605 -323.6880598695695
90.69991 803.3653240354529 5.92246907625271 -323.82174670246314
90.90727 803.4391769198407 5.932407466874629 -323.95531805208094
91.11465 803.5084826709494 5.941994952368816 -324.0855190155655
91.32213 803.572614480029 5.95159571725911 -324.2143865466911
91.52959 803.6314219804411 5.96083823362811 -324.3430527003309
91.73695 803.6826652556665 5.968890076964925 -324.4667327673102
91.94442 803.7279853004618 5.977116805613413 -324.58987226476137
92.25565 803.7827991197958 5.989278372470892 -324.7705154739155
92.46312 803.8122496641696 5.997698067124894 -324.89166977263574
92.67048 803.8367533464315 6.005384884735342 -325.01417980492585
92.87797 803.8546865559506 6.012891221228955 -325.13692316202474
93.08545 803.8665194458429 6.020357772102496 -325.260843901574
93.50028 803.8699732475844 6.035676729634764 -325.5103637997511
93.60402 803.866725879393 6.039133369781851 -325.57367901173126
93.70767 803.8614916221953 6.04253727956308 -325.63667116326405
93.91512 803.8459190317532 6.049339315912915 -325.7624021126031
94.12248 803.8224089520171 6.055676558641382 -325.88869882574386
94.32983 803.7920898455048 6.061721313729273 -326.0129900658023
94.5372 803.7555896026665 6.06755082528912 -326.13527369685386
94.74454 803.7110800485058 6.072951434248968 -326.2548234050537
94.95189 803.6596022505995 6.078145840496427 -326.3749287053181
95.15937 803.6018142108331 6.083281789798338 -326.49183775014916
95.36673 803.5374124270064 6.0880625128242025 -326.6053585607703
95.67783 803.4290778535759 6.09437889160194 -326.77017232667737
95.8852 803.3489963346784 6.098423191611603 -326.87777127269067
96.09254 803.2622602560368 6.101580414278757 -326.9817301774136
96.29977 803.1679250597567 6.103770399869477 -327.08260756760603
96.50713 803.0667702188239 6.106233440796657 -327.18041346680593
96.7145 802.9595090012065 6.10875891026388 -327.2733132048518
96.92184 802.8466909684855 6.110364436012082 -327.3601373676475
97.12932 802.7285788482832 6.111348850424195 -327.4413154729001
97.44042 802.5415351868138 6.11257095464318 -327.55005114651425
97.6479 802.4094216450013 6.1129949353755695 -327.6150866236808
97.85525 802.2757996835687 6.112386365615912 -327.66999624571116
98.06274 802.1382595953368 6.1117432454691505 -327.7176403970674
98.27011 801.997720832298 6.110266473984508 -327.7564584288001
98.47745 801.8561983404429 6.108635090703402 -327.78706994321493
98.6848 801.7101024399127 6.106943390438566 -327.8098580413314
98.89215 801.5600120886354 6.104932754368898 -327.8240012346372
99.09951 801.4094692771531 6.1014219715959985 -327.82882381169543
99.30675 801.2575724187935 6.098656715043887 -327.82640195394737
99.51397 801.1032951654125 6.09529915685402 -327.8147558474834
99.72133 800.9493786955943 6.091436591054318 -327.7944584139178
99.92869 800.7950712937765 6.087677774718363 -327.76656132442486
100.1362 800.6402405955481 6.08388631226305 -327.7307307298495
100.3435 800.4862714865467 6.079696976386437 -327.6874514000977
100.5508 800.3344046371235 6.07545203124858 -327.6376253238734
100.758 800.1817994104873 6.071106977339301 -327.5808597953897
100.9652 800.0311989020711 6.0666839512283115 -327.5198830228007
101.1724 799.8822287645428 6.0623045213760225 -327.4540323032335
101.3798 799.7320894645703 6.0567815022277465 -327.3839949766912
101.587 799.5783289285794 6.0523284095740735 -327.30982541577373
101.7943 799.4318162327762 6.047098711153774 -327.2331732073125
102.0016 799.2818600931686 6.04217795986826 -327.15458123926186
102.2089 799.1376432918416 6.036814637539479 -327.07502943722375
102.4162 798.9870149093503 6.031767328890861 -326.9920777240483
102.7273 798.7658778243061 6.02436471218447 -326.867636316847
102.9347 798.6184389604681 6.019154435336802 -326.7851113474389
103.142 798.465800591468 6.013708612949948 -326.6997905777185
103.3494 798.3170199884094 6.008112922804257 -326.61619007069135
103.5567 798.1721752943807 6.004702185475253 -326.53280547026765
