0.0 -0.0 -0.0 -0.0
0.1042283 -0.0028091478475756847 -0.012276301081678213 0.5389640612911634
0.2084765 -0.010300065285381715 -0.023290333955452883 1.0746456731499865
1.042605 -0.07277570324205611 -0.13821373559134745 5.508339369664041
1.459603 -0.14233517848002603 -0.1866411667428404 7.961706257690039
1.668106 -0.18352146737946157 -0.2150783017991363 9.270209273674814
1.876603 -0.22417293014791945 -0.2214338824097843 10.618447761645836
2.293607 -0.3058557588485264 -0.24145741350915212 13.578326749137453
2.502107 -0.34871061061449593 -0.2385654743887403 15.151194338448855
2.710606 -0.3956002957645704 -0.2485070869340817 16.787181090547783
3.544357 -0.5965109848201058 -0.40602129308838836 23.95946977410406
3.752729 -0.6498604632694024 -0.46179411492928607 25.866679619925247
3.961233 -0.7063195418842102 -0.5136626607264598 27.809366857307165
4.169606 -0.7643371850168702 -0.5632519149341074 29.784487915601787
4.586357 -0.8807262656198992 -0.6680632137553917 33.82630124177679
4.794755 -0.9434193251793209 -0.7115939148020873 35.894460915090676
5.003109 -1.0118920051220603 -0.7486964784592728 37.983763527717805
5.211513 -1.0846831038599891 -0.7897889442232489 40.082117382159424
5.419858 -1.1607298643517747 -0.8315937199265793 42.17663232608942
5.628235 -1.2429518047693875 -0.8723045397520274 44.264494474809425
5.836733 -1.3217014401824387 -0.9204281421843226 46.36699361732075
6.045107 -1.3981815433512503 -0.965843877668916 48.476269711540525
6.253481 -1.4730696617925823 -1.0142438837982761 50.57341627470246
6.461983 -1.5367878985193557 -1.0608700499512016 52.6669095631752
6.670359 -1.6031366502945292 -1.1195260032166183 54.76369446159345
6.878731 -1.6672994222452369 -1.17261476936936 56.87558154196525
7.295357 -1.788936797714355 -1.2593958411742765 61.09641106071817
7.503734 -1.8577284305681694 -1.308297565320212 63.205914088746894
7.712108 -1.9334137312926916 -1.3678556282396885 65.32886096607623
8.128736 -2.061481598436962 -1.4722264737430961 69.57397106136688
8.441112 -2.1647034525838884 -1.5505041915877815 72.74800240420109
8.649487 -2.2360651024089044 -1.599410287581851 74.84440733225689
9.48261 -2.54754031694383 -1.7824830467733088 83.14237183643418
9.690863 -2.6230156490421357 -1.8308149614508813 85.11495671675027
9.899109 -2.7019327078064386 -1.8669883354529135 87.0070378080905
10.10749 -2.7893240095791105 -1.905008214329365 88.80326780535194
11.04501 -3.2643783575555436 -2.045975118796016 95.69063179447075
11.25349 -3.369693786070351 -2.072836778663861 96.91339460393209
11.46211 -3.4634875594652086 -2.103198695597972 98.04027087634876
12.61074 -3.328915306228728 -2.232817819624131 102.88008013854942
12.81986 -3.1540410641933647 -2.2605549464501715 103.60874230285185
13.13336 -2.7958153344424304 -2.307557684715382 104.62705134219902
13.86436 -1.4614175523412527 -2.4149321278100424 106.64176175132556
14.07312 -0.9454030390336072 -2.4439374656486046 107.12976901240165
14.28178 -0.34506499092844223 -2.476049162029517 107.55690659860593
14.49049 0.3193255463125979 -2.5011519359408454 107.94201309174375
15.32424 3.540847992824336 -2.6456045474659806 108.7929959310454
15.63601 5.041959751002205 -2.70197480662986 108.93178064445559
15.84387 6.147177267423715 -2.7381401134384658 108.97664836076568
16.05174 7.323957017832687 -2.7770591709742902 108.95947061572188
17.29862 16.18792537150194 -3.0905119715558373 108.7715638093735
17.50674 17.886462006103194 -3.1533860812760683 108.74001735323874
17.715 19.624208831831087 -3.208807112570141 108.69853520679345
17.92337 21.401649211298754 -3.2633201192254884 108.66177526384728
18.7565 28.709770340843104 -3.5166735127106663 108.49326590462601
18.9649 30.515759410605167 -3.5794715197032363 108.4437101746865
19.17327 32.336175766022734 -3.6444777860701567 108.3964601992476
19.3818 34.14447731751664 -3.7133158129676005 108.34085310348881
20.00713 39.43790956378376 -3.9046617703977415 108.20807741606468
20.42461 42.89474598112025 -4.027633557518755 108.08854916867983
20.63312 44.583988401210036 -4.086917687935307 108.00978206252078
20.84131 46.252019408968756 -4.145324133552884 107.93536328120966
21.04975 47.86891917371065 -4.197078394142496 107.8670918218946
21.25828 49.407842322225044 -4.251434067281875 107.7943301521415
21.46685 50.91660943085699 -4.3029405525934505 107.72165797736574
21.88389 53.90493403555496 -4.408757133463457 107.57748740510358
22.30121 56.8475646485396 -4.519407140151427 107.43372589953614
22.71892 59.73401632272571 -4.6192164096195505 107.22024783255185
22.92691 61.209682806183416 -4.680054603482521 107.09195509323997
23.13572 62.71099252529169 -4.730174881987901 106.9486830845621
23.34394 64.24768999844105 -4.778015974447908 106.78612163144508
23.55238 65.80717096687277 -4.824255666105409 106.62270855708263
23.76076 67.39336318447712 -4.873131462467899 106.43960070038612
23.96926 69.00525407602574 -4.927588287058102 106.24807636942666
24.17766 70.63672283475815 -4.986050243378966 106.07221474991148
24.38617 72.24783683804966 -5.046698150546923 105.88530583676688
25.42874 80.42177658488511 -5.3268845739926745 104.89816970370671
25.63714 82.1133212107115 -5.376455914697155 104.68701434312516
25.84577 83.82437962576249 -5.428961152344565 104.45274520558101
26.05425 85.5548401347728 -5.477344814227554 104.21315205836285
26.36704 88.18752588826639 -5.571804045824233 103.83022888675603
26.57555 89.98316103028361 -5.648423095068461 103.57256363749673
26.784 91.8094283605504 -5.712133683290852 103.32229467513932
26.99243 93.64789989683518 -5.7717491011737145 103.07351987300713
27.20089 95.49355382045566 -5.839714630525881 102.83697573190564
27.40941 97.35027264003014 -5.89707166856372 102.60718920281201
28.24341 104.7971084407203 -6.185176650117338 101.66822700616459
28.45191 106.63737759911547 -6.254358080227522 101.45123151797046
28.66038 108.48968683346664 -6.322806685887754 101.24940157412932
29.49456 115.64234517337225 -6.6314324233862445 100.40325347162127
29.70309 117.38194211067079 -6.712122660981684 100.19400485440332
29.91166 119.09385624459551 -6.799185702260882 99.96890627369537
30.12014 120.78825708585708 -6.887389139655152 99.73711030243112
30.32867 122.46992432391805 -6.976895916800622 99.48559702546041
30.53714 124.12132880017896 -7.075414254106008 99.25078628470514
30.95426 127.44352307516058 -7.278478820307474 98.72703816308547
31.16262 129.06852240355536 -7.3709662777773355 98.45739063833943
31.37114 130.6781478355239 -7.477290414563824 98.18330852108946
31.78862 133.86165258205776 -7.704671317465536 97.60843122926251
31.99707 135.43993450628267 -7.807437310520701 97.30025807601913
32.20556 136.9971343849347 -7.914008007778917 96.97383329201278
32.41431 138.5437706732659 -8.015587054153 96.60422518584049
32.62292 140.06365871304638 -8.118696325735796 96.19320392225195
33.04004 143.06386928365083 -8.323567218688332 95.26668037716382
33.24844 144.54907768629369 -8.40933009221735 94.78148431378023
33.45664 146.0090608057213 -8.498005004757493 94.30257184095015
33.66512 147.45035870617406 -8.580380319468633 93.84047308818664
34.08182 150.30073013642627 -8.748820293177243 92.94880450139411
34.28991 151.68440997759456 -8.827313433842594 92.52808261680411
34.49817 153.05378258030436 -8.90792061493313 92.13243030774692
34.70638 154.40380089602309 -8.984508736607186 91.75465206652538
34.91479 155.7318897689558 -9.05141397820183 91.38752769463298
35.74827 160.86512204717 -9.312538949854867 90.15580021282383
35.95652 162.112302524942 -9.377280301624507 89.921730446853
36.16464 163.3542347145498 -9.44331900818384 89.74015187224587
36.58101 165.82207633049705 -9.581310373881966 89.57808755763249
36.78939 167.04492875258097 -9.644633003161548 89.5746297882387
36.99801 168.26223508066445 -9.713182477376211 89.58698685138764
37.20718 169.47700460764534 -9.77624766575666 89.55952467362793
37.4162 170.66944897086736 -9.836243286097794 89.47587900252009
37.62517 171.83181774213696 -9.891877581079711 89.36550695624166
37.83414 172.98262179334864 -9.942256775314366 89.22379392917682
38.04337 174.10316685740855 -9.992068038082856 89.03436762685172
38.25153 175.19861545836181 -10.03736922734861 88.82383447612963
38.46012 176.2752568609905 -10.083807387901457 88.5854211895041
38.66854 177.3305044907567 -10.129915540292584 88.32957963688405
39.0853 179.40017000777263 -10.210865951594608 87.82604195427575
39.29367 180.40846139832317 -10.255497062916866 87.58039812942783
39.50214 181.4301921098361 -10.288927462567775 87.32277840907469
40.12806 184.7163704042227 -10.417203258956429 86.41267093040447
40.33655 185.86061304111988 -10.46788937219194 86.05164647537516
40.54505 187.0407162685864 -10.51290885747387 85.6845326353424
41.37878 191.83649472305262 -10.677303234035865 84.14023985083777
41.58717 193.01480855601397 -10.724660802738889 83.77280738141229
41.89956 194.7429512251485 -10.792958010052985 83.2395677551495
43.46095 201.75290657779672 -11.067066963645136 81.75501847481412
43.66893 202.5811067447864 -11.087597258700637 81.77926637299612
43.87706 203.4039875929073 -11.115899494441942 81.85175866139086
44.08517 204.21110427086455 -11.139579976922057 81.96792878361909
45.12534 208.15000624833408 -11.224345362241749 83.65308075367808
45.33329 208.97235894406356 -11.253336665592649 84.27977317952735
45.54168 209.77129044727957 -11.28531010551659 85.06249930891032
46.16771 212.16322375285904 -11.371030564927981 88.26572734167033
46.47994 213.28478832552406 -11.404749541242284 90.34894141532807
46.68893 214.01886949879653 -11.420340089658131 91.88347732148607
47.2109 215.78069868144615 -11.443343766070416 96.21603228921144
47.4198 216.43577033738296 -11.453806455826829 98.12453791793432
47.62884 217.0926517550287 -11.467989283489825 100.10493867019821
47.83765 217.79340529393363 -11.48013480068825 102.14487489424414
48.04642 218.5177809285678 -11.491999233638099 104.25435221527849
48.25517 219.26373538699863 -11.505051803659441 106.42387149416271
48.46366 220.03435732246336 -11.526181991474692 108.64155708271508
49.08918 222.36911234712943 -11.56086680818667 115.40218994219549
49.29753 223.15110517793977 -11.570110604153053 117.65620640094261
49.50598 223.9371475187354 -11.583048817131651 119.92315981165603
50.33943 226.97164239284868 -11.637175481275012 128.9757627510603
50.5478 227.70978379692613 -11.649368019021676 131.22558153358528
50.75621 228.42842274659418 -11.659074843705001 133.44445781303475
50.96455 229.12115908280947 -11.661512474047075 135.62950634229992
51.38289 230.42927062767274 -11.679366226792032 139.81547675569078
51.58966 231.01275233413804 -11.689752476829087 141.78197279380342
51.79803 231.5655707348711 -11.70732465383721 143.6669604782382
52.21524 232.53574167894317 -11.73057593245272 147.13311775843243
52.42359 232.94452449190985 -11.735318442407838 148.67035353427516
52.63208 233.3170386212119 -11.751264179494912 150.0824347989699
53.98599 234.9596649782769 -11.839243953964798 157.7651012879104
54.50555 234.78645390612581 -11.866165547101907 160.40348467373263
54.71345 234.54636534624868 -11.860835648863407 161.40747121576013
55.02533 234.01107030213697 -11.852635836196798 162.83771660780025
55.75357 231.8885828310972 -11.765811094951852 165.59946994560772
55.96186 231.08941196788166 -11.736633327587446 166.20177500364352
56.066 230.66151722734276 -11.71990492087613 166.46915994004218
56.17022 230.22035717315418 -11.701232382364994 166.70113939307893
56.48284 228.80717006494675 -11.643172492533402 167.23534394019597
56.58712 228.31375678197148 -11.622447856510888 167.3761038002401
56.79569 227.30453705327528 -11.591180936172137 167.5822093941852
57.00456 226.25300435048126 -11.552154327083084 167.7545178445921
57.1092 225.7124209330619 -11.524330442749092 167.84184260201928
57.21371 225.15172788921817 -11.500171632848701 167.91420894920128
57.31832 224.56696051071594 -11.477467455710812 167.96667078955466
58.04945 219.7300185267179 -11.303878641757336 168.226350834297
58.25822 218.07695334588382 -11.252575172759103 168.17856452613785
58.46709 216.31778507437753 -11.189179263777305 168.11387575933313
58.67606 214.44293624271683 -11.122251768813376 168.04163189203032
58.88494 212.46227186756815 -11.051095347506816 167.95351147126777
59.09391 210.36659493894203 -10.970993282754925 167.87531561978892
59.5123 205.91323245914816 -10.818254534431716 167.85488054489923
59.72072 203.5328542584302 -10.734513271482111 167.90790019097795
59.92931 201.048695920436 -10.642980530895665 168.02355667207428
60.76324 190.74884301574866 -10.283267712181622 169.00034388768108
60.97147 188.1440816618026 -10.197437532081349 169.28611185920377
61.17982 185.52720647427128 -10.110065476558837 169.58042964444837
61.38818 182.90856459364147 -10.021419742232549 169.87564343253902
61.59657 180.28663873403733 -9.937962859187571 170.1702620381439
61.80511 177.6685477511511 -9.860166528638956 170.46367348879815
62.01323 175.03704305588752 -9.774782913101792 170.74689392618637
62.22159 172.39856059180065 -9.692851123456894 171.0344028174118
62.42992 169.76807189774374 -9.598130471106762 171.31712379795385
62.63845 167.12594002104137 -9.505199896345767 171.60703088241218
62.84955 164.4995314381762 -9.41793980366604 171.90017429945945
63.05552 161.88942036592803 -9.335272014684964 172.19762930225932
63.26394 159.29113378201836 -9.249211723209413 172.50341076382088
63.68082 154.13138933733447 -9.07090647065634 173.1265292848065
63.88957 151.57531936820573 -8.991949575540303 173.4477008826138
64.09783 149.02401431344018 -8.911057106168517 173.75550516468962
64.30631 146.42745311206295 -8.83402809197394 174.0699877112315
64.93171 138.5611612680157 -8.57939235635117 175.10882295275508
65.14017 135.89533611675506 -8.486987557480887 175.4614564830563
65.34901 133.21856949312507 -8.389179866721257 175.8171385133869
65.55726 130.5037675943771 -8.322240877717977 176.17511562994315
65.76555 127.75448832590595 -8.23321632271247 176.53231713176854
65.97396 124.99372996272471 -8.142917992730148 176.8501972948048
66.18233 122.19966909491508 -8.05818493884874 177.13626208031468
66.39084 119.38175143443769 -7.964257861507678 177.4014128309387
66.59938 116.54138701926468 -7.871629592040377 177.66146056101024
66.80768 113.67493800833017 -7.79634204925801 177.94048317326718
67.01794 110.80202386431179 -7.715456313188595 178.21855216066214
67.22469 107.92985342052349 -7.630648449854547 178.46779978199638
67.43319 105.07016552456172 -7.536460183858957 178.71456869050905
67.64172 102.21959952822128 -7.440224126316959 178.95528967276084
68.0586 96.52468119719028 -7.259370900873427 179.42930562854585
68.26697 93.68035925451971 -7.179130287601715 179.66779182588732
68.47545 90.82927119447376 -7.09143039975027 179.9093175181023
68.68382 87.98137391314523 -7.003811896147352 180.15687976261967
69.10045 82.27452670206678 -6.837557845929913 180.6386303814872
69.30884 79.42069414599212 -6.742674341446112 180.8878703646115
69.51724 76.58599646731503 -6.6472880209958305 181.1281788879852
69.7256 73.75127760046534 -6.543382141605415 181.35767416337214
69.93392 70.92706444254932 -6.447072915972781 181.5783469980764
70.14235 68.11351039450885 -6.363295252452662 181.79290308714437
70.35078 65.27916358424044 -6.284130970541856 182.04329537406713
70.55917 62.461358733168154 -6.19062477804288 182.3127508789638
70.76754 59.64052438697085 -6.094580846811548 182.6010687811417
70.97626 56.81713839387883 -5.996996372979967 182.89285416041363
71.18447 53.992302630156544 -5.908154348607979 183.1918553015221
71.49692 49.74373392932117 -5.7849880314994655 183.66527699387063
71.91358 44.06132562311681 -5.61683083723772 184.29292737398836
72.12192 41.192454913448415 -5.512769508827062 184.6026419491745
72.33029 38.33351165728581 -5.418172353810469 184.9049302954172
72.74708 32.58661007103377 -5.240096578107669 185.522814372728
72.95548 29.698336811889188 -5.15090435827071 185.83698888698245
73.16384 26.80495258617059 -5.051259924317011 186.13528552146323
73.37208 23.90361923180971 -4.9538888363927605 186.429827615061
73.58042 21.003011987511716 -4.854969371644292 186.69309504738365
73.99724 15.177324392911698 -4.6642832008408845 187.188275632309
74.20558 12.252551396846911 -4.562002574338847 187.42056436020147
74.41406 9.334936114032516 -4.464503965965123 187.632777992966
74.6225 6.40944301899234 -4.366839782853243 187.86889998561855
74.83087 3.4834938660882333 -4.265862469555224 188.08815853068444
75.24756 -2.3430521326757727 -4.070536966107968 188.51033890048447
75.45606 -5.213771958190517 -3.9879131570115267 188.70124278464297
75.66421 -8.075775178755817 -3.9073629551016387 188.88061196766844
76.0807 -13.77043064104398 -3.7677968031314304 189.19761329688518
76.28906 -16.57850997524185 -3.6839494911683355 189.34215866761156
76.6019 -20.725647204408514 -3.5658572991697186 189.55044389488322
76.81012 -23.482597342511664 -3.480367998925292 189.69879882209318
77.01832 -26.1954135762247 -3.382665145559696 189.83423841282658
77.22668 -28.842372804367407 -3.3022579177044245 189.95598658002348
77.43611 -31.439511537835063 -3.2160376765722054 190.06071397274013
77.64333 -34.007388853590335 -3.129713194475189 190.161772300807
77.8517 -36.520994469887334 -3.048276710986744 190.24163115580433
78.0601 -38.96868786694922 -2.9667679283523958 190.31481921457885
78.89417 -47.85287004487196 -2.673869902664896 190.58131053337672
79.10274 -49.95882991880778 -2.6074569967075005 190.68846200180982
79.31129 -52.018117649293174 -2.548396021687198 190.79470971740835
79.93681 -57.91953353860369 -2.36320979022232 191.17207378195846
80.66669 -63.95727524654511 -2.1530311971329503 191.65598762298532
80.97957 -66.18576239950247 -2.085921166680543 191.87100191838118
81.29255 -68.23579758275694 -2.0239642462151037 192.1448104720463
82.64906 -75.17719826500048 -1.8811244690115014 193.97894760909747
83.48474 -78.33543060569748 -1.8342960550440521 195.9836037471054
83.79755 -79.37568822386979 -1.8018247547855561 196.99875541004837
84.00645 -80.03124208228905 -1.7969839905579232 197.8330543413934
84.84076 -82.25072197137787 -1.828695689574407 202.17548435355036
85.05121 -82.66920584314497 -1.8450463089575089 203.605393293051
85.2577 -82.98462617970125 -1.872541864697575 205.1830647405921
85.46611 -83.19737380058612 -1.8907865669537924 206.8868613224999
86.08969 -83.3491953906462 -2.031029968792589 212.76744065943834
86.29753 -83.3261618475045 -2.0843411886048795 214.93771104885616
86.50509 -83.29111252959399 -2.137066342917858 217.19230854100635
87.12865 -83.31659095766786 -2.316277472099541 224.478383288763
87.33686 -83.35382300075912 -2.386579956184565 227.00588925038886
87.54484 -83.39841433679966 -2.462201706197348 229.55891747523324
88.27385 -83.57721160192354 -2.680754936557732 238.62930340268912
88.48206 -83.63633465562822 -2.7333060254231385 241.22503804823862
88.69045 -83.70636848527239 -2.7853797484501004 243.80833730839052
88.89883 -83.78677644667381 -2.827423392367004 246.36825618305662
89.31572 -83.96981721811022 -2.923476184251647 251.4392243210292
89.73269 -84.17039910393935 -3.0323106650602285 256.32732004710635
90.04556 -84.30928661711718 -3.1066980842348038 259.74547141301224
90.56632 -84.54522837597565 -3.211579080653243 264.87597654541196
91.296 -84.89209939985503 -3.322967697174795 270.68337469238355
91.81786 -84.9141241172459 -3.406079321444774 274.17356288891904
92.34033 -84.51013258996204 -3.505945702726425 277.4523530378539
93.28083 -82.35913508651062 -3.706520337980699 282.4674218314005
93.80282 -80.30894173052377 -3.800507797581232 284.77317250257676
94.11582 -78.78207636978246 -3.9083132276403925 286.0277757532349
94.42871 -76.96562410437622 -3.970126644010536 286.99433149524236
94.63987 -75.60537643692459 -4.043086283558715 287.5977395373903
94.84572 -74.1156376401766 -4.141857813491759 288.0448562094677
95.054 -72.5081244489514 -4.211243094648678 288.3690429536263
95.78189 -65.83691240482753 -4.494715452145968 289.0014623575448
96.09373 -62.53229324361533 -4.624546519840903 288.97809717470614
96.30148 -60.17958582245215 -4.723087741477439 288.9040691196821
96.61311 -56.474994630203824 -4.834026624353731 288.70500131776436
96.71708 -55.18282791121362 -4.8839991297696965 288.64756600745426
97.02886 -51.19393270312274 -5.014975876508868 288.4387626090443
97.4445 -45.736583238218685 -5.18812161287556 288.16448143332036
97.65249 -43.01147950334899 -5.275487177142638 288.05110621370187
97.86046 -40.26419640291985 -5.372240638355255 287.9601519553718
98.06857 -37.50078587503867 -5.458118348808568 287.8923386080307
98.27666 -34.707626458755854 -5.557077956888674 287.84947203554657
98.48486 -31.904029083158647 -5.650776149565985 287.8189988162545
98.69307 -29.110677761970003 -5.7458217313580136 287.7828688236213
98.90137 -26.284347459053983 -5.846677867515912 287.74444548515544
99.31799 -20.619298036631726 -6.0385207107137 287.64483438845417
99.52634 -17.827744323801475 -6.12624951988497 287.5960394845709
99.73476 -15.037667472536032 -6.221233945639944 287.54003736243106
99.94309 -12.255632698145465 -6.298299601185021 287.4734589697528
100.1513 -9.497433963850998 -6.371106189835232 287.3914824113053
100.3598 -6.785393510273863 -6.439479294913025 287.29110733434993
100.7763 -1.4013374853500995 -6.618835434506801 287.1100571114747
101.1931 3.929647321568588 -6.770268960422569 286.9158373136516
101.4015 6.532342578553773 -6.8462645228224295 286.80595186332823
101.6099 9.131020030153618 -6.918936889460271 286.6872756012429
101.9223 13.012613928761052 -7.019072993421904 286.5528549384128
102.1306 15.570032363855686 -7.085943337089647 286.448044165836
102.339 18.104004103615456 -7.152350230998359 286.3511807343761
102.7556 23.0836571498648 -7.315552860313973 286.1352689841717
103.1724 28.02804347822549 -7.519139235358709 285.9425909633525
103.3807 30.45621133542948 -7.6006673601106085 285.85907067198036
103.5892 32.848409164523346 -7.6891233451541465 285.8175776887033
103.7975 35.2143223289937 -7.7631926989361935 285.74480701063396
104.006 37.55562189623804 -7.85713512378071 285.6590337331117
