4.148625 -0.0 -0.0 -0.0
4.252293 0.030542946129421142 -0.03523798387451871 0.8263368855534153
4.355974 0.06369780907237757 -0.045967772815988406 1.671407094161614
4.459609 0.11860130794651788 -0.05475202573317143 2.511945252678853
4.563217 0.15356904642008357 -0.05985070678892644 3.342393439655637
4.666947 0.24541496997788892 -0.08343900711193876 4.201849382447545
4.770559 0.2986533551536887 -0.11509425281702292 5.041070986451177
4.874319 0.35448834908650884 -0.1855963621871064 5.90361497868801
4.977967 0.4440016548492518 -0.2267698777207018 6.749153762873306
5.081656 0.5176091046710025 -0.2503614263950899 7.625512031341252
5.185269 0.5919151681315077 -0.2354427839036361 8.50278808503473
5.288943 0.719139857918921 -0.246096675135206 9.418811057621735
5.392622 0.8490341216817818 -0.2699447753911024 10.311282113077926
5.496314 0.9266240151675988 -0.28912730714835133 11.313279469924883
5.600026 1.081004567407237 -0.29026312183676123 12.224012667237748
5.703641 1.1861908982528429 -0.3235803338388065 13.157340108301645
5.80734 1.2536886329858832 -0.364790980523041 14.091442302139237
6.014715 1.8941907254538475 -0.4428118137593722 16.04905501630202
6.118447 2.0461908901576216 -0.5145147629130086 17.09212416926196
6.325669 2.298909966947559 -0.49056367853064003 19.187796023632163
6.533021 2.5209805552845044 -0.45625612399424154 21.333638752860065
6.740399 2.6128688325656437 -0.25655827435175094 23.24392369678916
6.844097 2.6668036268750113 -0.20302555377445478 24.364999810089035
6.947755 2.7734489250690957 -0.23489379360126028 25.419320245313667
7.155209 2.954148861549372 -0.2544094938949607 27.549517883445905
7.258923 3.0474787572333852 -0.2764740881807368 28.635870280498818
7.362568 3.117779064549522 -0.2603850538281356 29.738268960160834
7.46621 3.2123292511434727 -0.31142022855665397 30.840978634851897
7.569925 3.3090280306950213 -0.3464051110176438 31.998648601944645
7.673572 3.376197850194729 -0.373052741919423 33.131995379679026
7.777286 3.5110690030357836 -0.37834847844249264 34.35857343627353
7.881024 3.572660905347367 -0.3614004966066489 35.49502436025819
