0.0 -0.0 -0.0 -0.0
0.1042283 -0.002121733376472342 -0.012344188791094267 0.5036332744786698
0.3127291 -0.010663778529111382 -0.03196341916049349 1.4953592090276178
0.4169786 -0.018223032545956884 -0.040773597697766506 1.9923180901457682
1.772352 -0.1911170862673881 -0.20358231583504655 9.151140342635307
2.085105 -0.24308061324654856 -0.21001126194766173 11.100327789922547
2.293607 -0.28459719251464066 -0.22352523632276403 12.492374210048036
2.919104 -0.40512103564583335 -0.25024269951461425 16.9967145439412
3.440232 -0.5242952697069438 -0.353081213080012 21.143682316014925
3.648605 -0.5783375777971737 -0.4034341200634742 22.8792083713248
3.856982 -0.6235681377980781 -0.4528055467781881 24.645734619922084
4.169606 -0.7077870665439677 -0.5203030069837 27.339134871125875
4.377982 -0.7627904402400738 -0.5777126246009431 29.177870396007386
4.586357 -0.8147232148781297 -0.6208911863551871 31.05113400841224
4.898858 -0.8940114334415884 -0.6784991087928541 33.89414145963917
5.107234 -0.9535003158949993 -0.7190508103928561 35.81579240528415
5.419858 -1.0469526573745525 -0.7768453749398164 38.69929049692881
5.73248 -1.1560368026124954 -0.8403977133235446 41.5612977345185
6.045107 -1.2508183126210064 -0.9036075956652796 44.46199179076536
6.357731 -1.3452852817339813 -0.9619163171445453 47.35198306174542
6.670359 -1.4437177121463654 -1.0456531988735005 50.2405111167247
6.982859 -1.5324477199841822 -1.121743875515685 53.15086534607696
7.295357 -1.6259633368009552 -1.1776874309845713 56.05578151282466
7.607858 -1.7118504521277769 -1.2552368900285267 58.95217505812501
7.920378 -1.8075969974902155 -1.3410026478480654 61.88539391788509
8.545359 -1.9854131020694454 -1.4835686917131834 67.73449461451632
9.170238 -2.193067903770621 -1.616235793169788 73.49738813813492
9.48261 -2.300264374077107 -1.675590426905126 76.31678101089852
9.794986 -2.395356788196949 -1.7401825659302534 79.01289091595015
10.10749 -2.508539986008416 -1.7905262246072393 81.53454108378548
10.73249 -2.789634260961945 -1.8808015553083712 86.00145036416318
11.04501 -2.950360633622557 -1.9246190058984112 87.88418169732628
11.35776 -3.090428593764898 -1.9657005537516365 89.54394981268335
12.81986 -2.8589087047769866 -2.1244026702701313 95.13919105385365
13.34237 -2.25721161496822 -2.194377235198439 96.6532374239859
13.55124 -1.9149285988584523 -2.216875490031779 97.18856539329404
13.86436 -1.3150980583451641 -2.262902301135275 97.92402825281114
14.28178 -0.2965797444581071 -2.31577871115757 98.75168228944693
14.49049 0.31033616862678315 -2.3353351613820275 99.09909437532095
14.69911 0.9721077465272288 -2.3677022357551625 99.39435173050087
15.11614 2.4293805871727976 -2.4243240747099724 99.78228704428399
15.32424 3.2656146108092585 -2.4542751105188816 99.88119002673831
15.53212 4.158970689008797 -2.489507541090935 99.96805834591406
16.57099 9.926245586967651 -2.6735257830353985 99.97273949269879
16.77864 11.31062116778757 -2.722764639663383 99.95735897517791
16.98649 12.764985477735594 -2.7707987187106182 99.93654915378815
17.61087 17.488841155176633 -2.9339865803976863 99.87666759005931
17.81912 19.1321267220585 -2.9804250503326437 99.83862203825308
18.02749 20.806993322530598 -3.034336294463776 99.81424944889358
18.54825 25.082176601194007 -3.178531892819639 99.72075208324408
19.06912 29.34371655595742 -3.3067635428150157 99.61787708380761
19.2775 31.054392244792833 -3.375728437542535 99.57911342005896
19.48591 32.729229260471236 -3.435406992113562 99.53804970076943
20.11141 37.631288130870836 -3.6011067032839525 99.42566277092463
20.31999 39.23218596376247 -3.6558088320059587 99.36778273830866
20.63312 41.594472673524336 -3.737896787501629 99.26677273787864
20.84131 43.14716432354036 -3.7895270079347774 99.20069935625443
21.04975 44.64757825936364 -3.828559546304884 99.1367932827684
21.67551 48.897166761280374 -3.975064691577442 98.94002348518289
22.50977 54.3919186481919 -4.176867167633915 98.67606169097341
22.71892 55.75935492752629 -4.215397345416784 98.57096514907823
22.92691 57.13616895270471 -4.266750300507952 98.45413094152738
23.13572 58.53609291886454 -4.309588002376084 98.32455714884243
23.76076 62.93438839459408 -4.443687268859807 97.86698528265859
23.96926 64.44118587764562 -4.493210422183664 97.69524874061749
24.17766 65.97716083819626 -4.54625843454919 97.53864629634482
24.80313 70.5087723146352 -4.698615208348512 97.02382695151314
25.01202 72.02311027335976 -4.73976581901212 96.84274335395364
25.42874 75.10391575639679 -4.840555348977207 96.46261322753813
25.63714 76.69847038552382 -4.89153921947325 96.2695219135102
25.95003 79.10323093255978 -4.966571082993542 95.94994573563297
26.2628 81.56365461148847 -5.043860538270188 95.60819151039803
26.57555 84.09927727428507 -5.143009780570052 95.25234697621786
28.55614 100.63021676570467 -5.7373168286023315 93.23447729451024
28.7648 102.33655693533814 -5.801833758289373 93.05751349009871
28.97327 104.02050791144026 -5.8642515688519605 92.8699950126176
29.1818 105.69931510193351 -5.934004280115516 92.66915278869213
29.70309 109.83095108617387 -6.115141186305207 92.1847094481083
30.32867 114.60696366265775 -6.342515543718768 91.54506647689188
30.6414 116.93013482341196 -6.4732970092962905 91.21404638067057
30.85003 118.4900751703636 -6.563517883800298 90.98147540437223
31.05839 120.01567493779132 -6.6525330104745155 90.7375925422695
31.89259 125.93559455822496 -7.0417260186292925 89.70969653208057
32.10122 127.3898109713013 -7.136680761736775 89.4223696952212
32.30993 128.83730356247875 -7.228819599967683 89.09867170413315
32.93576 133.06791908257844 -7.508785427240118 87.91255808680447
33.14418 134.45812919032525 -7.60110607484803 87.4763300829277
33.35251 135.83127021391556 -7.682075415754348 87.02270307150677
33.76925 138.51294143879875 -7.822679302960178 86.1811265337723
33.97778 139.82676235085748 -7.904755272620111 85.76411062054166
34.18594 141.1218878222286 -7.976829982384517 85.36949828429454
34.39402 142.39641942988243 -8.048869438083344 84.99363718062592
34.6023 143.66444790901411 -8.122369763136511 84.63777038554562
35.43622 148.56803521660902 -8.36627212037326 83.36808861640728
35.64415 149.7519235226194 -8.434676983023177 83.11230653979472
35.85239 150.9139221691569 -8.495718090990161 82.88025004916547
36.26877 153.20913392538904 -8.611200391562475 82.54409554742156
36.68515 155.4684203021946 -8.728473698338401 82.44430575844149
36.89364 156.60121902535408 -8.792223022873694 82.45981058198544
37.10292 157.7280115817326 -8.854795699084361 82.46205458652983
37.52067 159.94495032329874 -8.964964933562353 82.31774634292488
37.93854 162.06740303446753 -9.05123642763655 82.05284229638116
38.35586 164.10686017684856 -9.142571765044053 81.67274150311844
38.5644 165.0921436539351 -9.180730952683174 81.43683773999524
38.77266 166.06160921680384 -9.223799269223774 81.20568760269572
38.98107 167.04463133916525 -9.254117788209525 80.9799978940874
39.39792 168.93707284362628 -9.331709914287908 80.51912129440113
39.71079 170.39668341734426 -9.38217428114779 80.13765979842513
40.33655 173.54634209416594 -9.504714929021672 79.22072557098679
40.85778 176.32232247540185 -9.605185729852911 78.34452828855083
41.17043 178.01115519574552 -9.66239723334309 77.80507127948533
42.00378 182.36971019743652 -9.81726627562327 76.4489256750889
42.4204 184.33282179877764 -9.902525624828208 75.89261917995772
42.83679 186.04894539580914 -9.96801479865498 75.4870613291796
43.2529 187.6479180514388 -10.021847027702226 75.24093286605398
43.77307 189.6004750344538 -10.088266500721277 75.26634458333542
44.18915 191.11885118128603 -10.134834916736496 75.49602818339649
44.50114 192.2365632051859 -10.153081853835507 75.82509461672878
44.91746 193.70595607692135 -10.200916343818948 76.54476079704182
45.33329 195.22208788929643 -10.257738612851984 77.62612426402839
46.16771 198.21327095703475 -10.402554088896903 81.35733584087517
46.5845 199.57580825387132 -10.466197981012975 83.99487403526045
46.79332 200.24761919114178 -10.480265042721804 85.46306635432074
47.2109 201.5113517562304 -10.520447433125316 88.7106796498495
47.4198 202.09391742882596 -10.544570983403817 90.46171046920975
47.62884 202.68747036558037 -10.568636284680247 92.27487199642184
47.83765 203.3186608383171 -10.5965672577669 94.13130145106857
49.08918 207.56794151866222 -10.753185790322101 106.59873805351017
49.29753 208.26458433067282 -10.76901907248391 108.68914639148679
49.71427 209.69281075376765 -10.83345918048891 112.89502774578989
50.13108 211.07991513896863 -10.886900003610586 117.10424871004517
50.33943 211.76734610870722 -10.916922739096758 119.20775065402111
50.75621 213.10435288738196 -10.945223741718994 123.35704533516474
51.17291 214.35498011030347 -10.966549370222186 127.36400918266436
51.38289 214.92842131391507 -10.984172618700804 129.2603070201415
51.58966 215.46491847144742 -11.003500752819088 131.0765067720409
52.63208 217.54341595571853 -11.110624199315529 138.74734115747054
52.9449 218.01979573681066 -11.14300889544349 140.5459083548314
53.46596 218.69437879848272 -11.192089183800958 143.2907502101383
53.88197 219.00452377553586 -11.228445742792388 145.38722510338366
54.40158 218.93797987205335 -11.265252382319478 147.89417312431377
54.92131 218.30626225054567 -11.28102143886266 150.1877516016503
55.12937 217.8984283319405 -11.280912563859083 151.0305387898186
55.33731 217.3906409456646 -11.271032142380857 151.80868198535512
55.5455 216.79933007340725 -11.243822660270585 152.5143977886191
55.96186 215.39454361439385 -11.172743606056162 153.70240371421826
56.17022 214.59741107008438 -11.140886838291014 154.1608104672636
56.27431 214.1820744891871 -11.12891847326376 154.34089609612187
56.48284 213.31700465429958 -11.095575407728958 154.63394390885998
56.58712 212.86888042363523 -11.075915414968641 154.7541453384434
56.79569 211.93358566186257 -11.04236505114013 154.95308109570215
57.73657 207.17862769351885 -10.863571886297828 155.43664248296025
57.94506 205.87410177605383 -10.80783515376285 155.49101697051512
58.04945 205.17707140220602 -10.779139385045708 155.49965920567175
58.46709 202.1390790243044 -10.675673788716312 155.39506532059
58.88494 198.71546870478937 -10.542144256407392 155.24771072985075
59.30292 194.92598490411476 -10.39264568086588 155.13644578768188
59.72072 190.80048032258762 -10.229250149910543 155.18750703015752
59.92931 188.59540020124172 -10.137527524993269 155.28850692094517
60.34631 184.05947971455066 -9.957614946600703 155.64250189947663
60.76324 179.47846606274408 -9.778694588112394 156.12202903360182
60.97147 177.19236733789728 -9.697727811944926 156.37349337530094
61.17982 174.89764446113657 -9.609725533273192 156.61827826653177
61.49229 171.4318029022939 -9.494989964151582 157.02249331334076
61.70091 169.12681429849877 -9.408282378732043 157.27942806994173
61.90907 166.82570080020676 -9.334714026618794 157.53778223751064
62.42992 161.08261927385547 -9.14162629230282 158.1672783012474
62.63845 158.7841520006446 -9.051396976813258 158.4071542749975
63.05552 154.25875022811127 -8.884997353744765 158.91702400385654
63.57657 148.65142702674336 -8.7037437801707 159.5586735303607
63.88957 145.300141096365 -8.579945135768778 159.9540155058186
64.09783 143.0793251585951 -8.498744536249085 160.21733159000541
64.72337 136.28517281994726 -8.261662864995294 161.06144107004673
65.03592 132.83402121377642 -8.13823030087917 161.51135327525486
65.66132 125.79987657743375 -7.901380721489021 162.40928527684665
65.97396 122.21236200629727 -7.791810493579595 162.81681935541224
66.28654 118.57503148222884 -7.673318875320363 163.17071082440143
66.59938 114.90482646146502 -7.55331319160142 163.48937052872776
67.12048 108.6775617402839 -7.363828979886888 164.05111225571147
67.74594 101.26969979037226 -7.1098121795876335 164.65466196104865
68.0586 97.58326998077933 -6.982407574345673 164.95183220698368
68.37123 93.89077210396914 -6.866836644413436 165.24565194832292
68.68382 90.20601774070381 -6.743916235927921 165.54068324373276
68.99632 86.5213003925795 -6.627241497902244 165.8387458305223
69.30884 82.8423233637113 -6.503217365763652 166.14427945655063
69.62136 79.18647399907182 -6.365465642438967 166.43717742952086
69.82967 76.76301341537634 -6.268346832135746 166.61870438727954
70.14235 73.12785738295479 -6.136322186407108 166.88440106141763
70.76754 65.8589714189036 -5.920306344342979 167.5553439197241
71.80946 53.69207054379959 -5.523860113865146 168.77901897119847
72.0178 51.22888396639766 -5.43585598004505 169.03812847542278
72.33029 47.529679704200916 -5.294003188636394 169.41475295254648
72.53869 45.06774587148159 -5.213299484330797 169.6678070035798
72.85134 41.34297633306566 -5.095186788704902 170.05818960178115
73.37208 35.10249713026104 -4.867524168161426 170.68230955967616
73.6846 31.323939165821372 -4.732497518295682 171.01855158967032
74.30981 23.73144997262837 -4.44549898484774 171.59524455621212
74.83087 17.45529435887752 -4.223386450727021 172.05600545103763
75.14343 13.689133333012862 -4.079411547472328 172.3377890445336
75.35171 11.200344201736282 -3.991883244693087 172.50082062288445
75.56008 8.736549589347698 -3.919091533239395 172.65983947545226
76.185 1.4225395736017798 -3.7082636819938073 173.04275669689127
76.49746 -2.1765439338902244 -3.5889896638962595 173.22186081674818
76.70627 -4.531802834739267 -3.509996194224349 173.3306650059872
77.01832 -8.049580995777864 -3.370825572127768 173.49631739485852
77.22668 -10.338144753387786 -3.288654580075616 173.594738644096
77.43611 -12.560437131750627 -3.2064778691095284 173.67375340499956
77.64333 -14.735248838794814 -3.123849928423344 173.74874362681692
77.8517 -16.869780958966373 -3.0593747096296924 173.81365686478318
78.26858 -20.975164984484817 -2.9154371889233976 173.91945038399797
78.78998 -25.689811379980707 -2.7392707915348047 174.08177687301276
79.10274 -28.392033131585748 -2.6511166524710816 174.20773861282785
79.31129 -30.17191942174788 -2.5979498425747787 174.30567087760187
80.66669 -40.40566683745194 -2.253192333535184 174.9761639254598
81.08396 -42.93397695581966 -2.169501553917384 175.22991133136156
81.29255 -44.10201726040289 -2.137298825849719 175.38293587922715
82.12719 -48.1082484792243 -2.031357114126589 176.2013149325084
83.17127 -51.847906925372925 -1.9579181907588215 177.91379338087597
83.5888 -53.06690174155827 -1.9400123526547315 178.90033577887635
84.00645 -54.22023494796228 -1.9189546378893867 180.2037603176986
84.73726 -55.96917254002568 -1.9620225791974057 183.36613955479447
85.88197 -57.179153804672744 -2.153074575378662 191.2302763411073
86.08969 -57.19914487465877 -2.203438440685064 192.98395346841156
86.19355 -57.201825197246684 -2.232312564513681 193.89078257151203
86.81672 -57.209901383563384 -2.4064337188838225 199.84698385624677
87.64894 -57.392431061113115 -2.7057706620984794 208.47571834538863
87.85718 -57.459041380952 -2.773525688844235 210.6610957580347
88.06568 -57.52807542106804 -2.841905249200281 212.87950363324222
89.31572 -58.025502217828546 -3.2195039141576083 226.11443581352998
89.73269 -58.232843442064784 -3.3348286668124807 230.30513354188673
89.94118 -58.325445159724936 -3.3891301837310817 232.29227721674968
90.35797 -58.521009429391924 -3.4892464821197864 235.97740845794738
92.44485 -58.537745578596 -3.898127091495527 248.98744564650832
92.65403 -58.21102941065776 -3.935376355963207 250.02724792668673
93.07203 -57.362716717112505 -4.039535959105496 251.9406934955964
93.59411 -55.84873656866691 -4.141696137963702 254.0226775795019
93.90723 -54.6929612541054 -4.216885095217024 255.20135489398297
94.11582 -53.78373655046907 -4.286650751096541 255.89044981641592
94.94997 -49.075706489267986 -4.528459321041996 257.82406041083703
95.15809 -47.622311830944085 -4.591452354168266 258.0976231937274
95.36596 -46.05790394757879 -4.67272120023172 258.30908252048226
95.78189 -42.63450082844433 -4.825896053391549 258.5479024816074
95.98969 -40.77666759456768 -4.896337350393096 258.54619350152143
96.19761 -38.80847186297738 -4.983050277339209 258.52568904362363
96.61311 -34.616130605271394 -5.1399770758514665 258.3478940070536
96.82094 -32.4043627146889 -5.233902510767581 258.257031602933
97.23747 -27.818694433986018 -5.410740922901429 258.0381505671562
97.65249 -23.197439376464978 -5.572276173247796 257.87479603259163
97.86046 -20.864336167902273 -5.658735579014661 257.8093561371775
98.27666 -16.126710836581907 -5.840050889402111 257.7557035851249
98.58899 -12.544957137282442 -5.9744802872380784 257.7375114400148
99.00546 -7.743395096277078 -6.167947119872719 257.7077139184308
99.21372 -5.361571872794755 -6.258628762000683 257.6814877034559
99.42206 -2.996699333021282 -6.343275003326812 257.65729904106655
99.83886 1.7586188499923194 -6.523167240993672 257.60053124027905
100.0472 4.118063174702991 -6.606357160081966 257.5618589725849
100.2556 6.443449912578915 -6.680409640751049 257.50413516792327
101.0896 15.512042201569407 -6.99351857590327 257.2507359423514
101.4015 18.822800731049156 -7.102234467789909 257.1353554579551
101.714 22.094139407221853 -7.215553441176739 257.0228790942373
102.0265 25.344006114678876 -7.319596416727627 256.9222678736812
102.2349 27.470146191290628 -7.390289641657409 256.87010300282674
103.0682 35.81883359174225 -7.726258521399789 256.5854701575521
103.3807 38.88176386860502 -7.858592074559667 256.51049285548834
103.6934 41.89120094942456 -7.987972017962093 256.4705187688
103.9018 43.893463664490035 -8.06024103896874 256.426964991257
