0.0 -0.0 -0.0 -0.0
0.1037359 -0.0029597849853205097 -0.004460461173649818 0.8744763642827811
0.2073381 -0.019333535705995497 -0.006868333293141306 1.770968632834959
0.4146917 -0.05874583623371713 -0.0200158763717669 3.6268203376684394
1.03691 -0.29669228724359653 -0.08775708099206025 9.622766415355986
1.140497 -0.35194071682843386 -0.09854849514379885 10.670388918350392
1.347979 -0.4593135046031951 -0.11469847328581378 12.792246167959936
1.451596 -0.5169183767038064 -0.12609097090477445 13.876323879663216
1.65896 -0.6390332739492137 -0.14768382004462782 16.078310730862714
2.073666 -0.9297419183553675 -0.2198725096467028 20.60034475009665
2.281017 -1.0829495482824676 -0.24954187893370378 22.920322254961654
2.48825 -1.2331793249609229 -0.2903063263291419 25.247903956473234
2.695832 -1.40303640777159 -0.3226874206928577 27.623228487826548
2.903084 -1.5636910641483788 -0.3470679591784994 30.02458154909865
3.110441 -1.7157730615446973 -0.3646074427576236 32.44405494879017
3.317669 -1.8637251905086487 -0.38705804851075204 34.88843898680206
3.732256 -2.1333042762849206 -0.4340658673246783 39.878370706632836
3.939488 -2.2905723296501983 -0.45521551275254224 42.39298085880787
4.146888 -2.463975121310056 -0.48789780866082033 44.93709210714302
4.354202 -2.6517581004572826 -0.5261405784592326 47.50193569064942
4.976146 -3.198010108799274 -0.5665301609371409 55.14663764729744
5.183503 -3.3736688217473043 -0.5834124102295795 57.6789887336737
5.390861 -3.566982988858092 -0.6061636945649393 60.182061179565835
5.598233 -3.7691607466715187 -0.6318190337569958 62.674454918333076
6.012921 -4.136103049316022 -0.6887556090633282 67.62577414173586
6.220278 -4.314566978896192 -0.7210297897235214 70.06551038223057
6.427659 -4.495025470763615 -0.7346586853314596 72.50544432071341
6.634992 -4.7007058371485915 -0.7448004182996469 74.91315254127527
7.049705 -5.120298957041678 -0.7958874412780894 79.56604663794528
7.256934 -5.32460519553753 -0.8274716586096948 81.7946967847199
7.464167 -5.5318485843541145 -0.8549810931680102 83.95289349661577
8.811795 -6.795347619604852 -0.9972993013841018 96.01988373077768
9.226512 -7.082787427932377 -1.0527107584722013 98.96109490486305
9.433986 -7.164402036749021 -1.090833172059067 100.32929324579929
9.953059 -7.2023712723428055 -1.1403668593186003 103.45635685728465
10.57663 -6.548646654821532 -1.1913249998045137 106.71533304312929
10.88875 -5.874484604121669 -1.2159932522341277 108.11566502075122
11.09659 -5.286146400892399 -1.2352539059702043 108.93385732763457
11.92638 -2.133749394351817 -1.3330455318132988 111.18076965281296
12.13361 -1.2216743421588276 -1.3516300160852228 111.51596948281764
12.3406 -0.25071227718217415 -1.355161930616553 111.7563288688422
12.54767 0.7316303448167467 -1.3799930816513195 112.02283718003017
12.75469 1.7750458426618323 -1.4200678045697883 112.2297310988297
13.16877 4.035899572097684 -1.4448866948683068 112.5025734069001
13.37588 5.291955486033967 -1.5017259459173706 112.62437126572543
13.4795 5.949098422989506 -1.5193498967783716 112.67062463258821
13.68672 7.313031034370748 -1.553400806323511 112.74276009015722
14.51589 13.833756535453244 -1.7301989396205564 112.96219322528678
14.72326 15.713861342124318 -1.776446879817002 113.00165824230075
14.93048 17.683497710958648 -1.8259893028096947 113.06634680633661
15.24145 20.818896668342827 -1.9044157281023486 113.21301041146386
15.44881 22.999351051929715 -1.9462461638593003 113.3618580048617
15.7599 26.3336446588928 -2.0470635395856798 113.59578657280804
15.96739 28.580442406526014 -2.113403146730573 113.76065240758435
16.38209 33.096429125417856 -2.2852757023969654 114.08078205050549
16.58933 35.347571556542064 -2.368194331470613 114.24901558842004
16.79668 37.5952046872809 -2.445210698694293 114.40714767788658
17.00419 39.83863257910781 -2.522854389687377 114.53437574122952
17.21165 42.05864768400398 -2.592680168419715 114.61598080178395
17.41915 44.257567683156175 -2.657609084141275 114.64656139540747
17.62648 46.44380441341906 -2.7227896258109663 114.63241723815001
17.83384 48.60098843290018 -2.786169711821577 114.57608198071179
18.24855 52.81888166976795 -2.905762409168255 114.32426715337304
18.45593 54.87671746076069 -2.973547864419749 114.1352837682291
18.66326 56.88788872796091 -3.036333658837793 113.92182790796235
18.87049 58.84648786008563 -3.0918444172240016 113.69662567359721
19.28502 62.5058084199119 -3.1963683530656457 113.28982708621272
19.49224 64.19512131963903 -3.249144132700734 113.13106804737197
19.69941 65.77325876238406 -3.3010575565858296 113.03566946080595
19.90652 67.24487670038553 -3.3520268045765858 113.0078922959644
20.1135 68.688531956803 -3.4112811785964974 113.06400421002418
20.52747 71.49084644843343 -3.5202699664683808 113.50140088246494
20.73444 72.82495790523328 -3.5635740917671206 113.94465325505274
20.94151 74.07541308685158 -3.603616305500876 114.52409558061285
21.14837 75.19388735511468 -3.6433325786759574 115.24198624772535
21.35544 76.18015187469861 -3.680170950307038 116.11718424498982
21.56272 77.05617309554394 -3.724776819510251 117.11715507062722
21.7701 77.77293049118423 -3.7589630607218485 118.24327864944507
22.28917 78.95770228113388 -3.822075648880465 121.39234300652669
22.49716 79.28160171586215 -3.822834240327828 122.74633869896424
22.60129 79.4562313610222 -3.8251548428048325 123.43709924341398
22.80964 79.76711794422646 -3.834184945314605 124.86607365938161
23.95265 81.7299684752004 -3.9467161321689583 133.88834302748265
24.16001 82.1990662619169 -3.9651422412132282 135.7459893727522
24.36727 82.68262818515967 -3.9877560451818006 137.6384906528159
24.57456 83.15167578781673 -4.010163021950512 139.60528873513215
25.40364 85.10636129964345 -4.13803708222254 148.1448240448634
25.61088 85.60534054030137 -4.1804771348648035 150.44275241975637
25.81822 86.12013320426394 -4.201953906377644 152.79550061526652
26.44034 87.60676168716688 -4.325546193927634 160.0138951455655
26.64767 88.14641125791752 -4.3660300241372205 162.45554753815742
26.85488 88.72537691952937 -4.420317021592155 164.8867640003797
27.26947 89.83800227005084 -4.515457058103345 169.758673372314
27.47687 90.39561000654729 -4.571370639400616 172.1311025553132
27.68407 90.96362178429675 -4.627924731086717 174.5313561757794
28.09865 92.07916779135378 -4.461827344575832 179.42789945351387
28.51323 93.077239995994 -4.800590396320707 184.00273379156945
28.72228 93.55354813102383 -4.863413164967219 186.32973580847064
28.92794 94.00048547246378 -4.915995454205892 188.65980931397212
29.1353 94.45976581130817 -4.970899762397133 190.98087851215755
29.96462 96.09911556259378 -5.1426120407374665 200.1891232552335
30.37931 96.74302202739277 -5.191648783623202 204.8166853114778
30.58667 96.9912033032419 -5.234036894481296 207.1580868422855
30.79405 97.21710102952576 -5.274780427282532 209.52868995480273
31.00138 97.38551552577155 -5.311720365922139 211.9214886656545
31.4162 97.67118727366869 -5.359052883082026 216.66612881644875
31.62342 97.7623357603673 -5.386868716085733 219.0308978869304
31.83069 97.85362608096692 -5.409789642251026 221.439895545507
32.65998 98.06085527178239 -5.451098990710232 230.99059526999307
32.86747 98.0326793386405 -5.465652919104188 233.39729704279065
33.07483 98.00804124862657 -5.4780118852493755 235.79284955157823
33.28231 97.8745606586027 -5.493754053992565 238.255863971384
33.48978 97.72208516667509 -5.503654958761377 240.70288653100437
34.11209 97.28061620477058 -5.549964124027127 247.9887786197543
34.31957 97.12311022456751 -5.560961885422688 250.41736971154432
34.52694 97.00397988839688 -5.585920402693919 252.8348103758348
34.7343 96.8140412033136 -5.631050698374993 255.2912589912142
34.94152 96.63640453779702 -5.667176921787335 257.7076858590391
35.14887 96.44332365497664 -5.688013062145031 260.10122301330557
35.35623 96.2494293014661 -5.727032026414881 262.49802605016316
35.56362 96.05575614589317 -5.749070401370216 264.866822050793
35.77094 95.87117407629604 -5.781544335346165 267.1649094741711
35.9783 95.68461269605336 -5.801746302067937 269.4507474638397
36.18578 95.51961305405972 -5.835314764500257 271.6684342782549
36.39322 95.33992835260462 -5.836234154610328 273.7720565752198
36.91177 94.99517051387386 -5.926862259415575 278.6234041558141
37.11906 94.86573626855001 -5.958413649334966 280.52054245394254
37.32643 94.79127542053183 -5.985171581989452 282.3653784962612
37.53378 94.73482561962662 -6.0144263742283615 284.1829670413483
38.15572 94.73440688019787 -6.136847527104441 289.66489166752734
38.36294 94.73528232041477 -6.150936984473004 291.4979553366768
38.57023 94.7102208372675 -6.168718053693443 293.3366952632728
38.98472 94.6833680820949 -6.2219411960348605 297.0409817752026
39.19202 94.63630398141221 -6.245897085090132 298.96915446215763
39.39932 94.60620955204385 -6.252096114441311 300.89220504252285
39.60673 94.53172391431806 -6.246265525299805 302.80437942803735
39.81416 94.4956360402583 -6.235248905228143 304.7656014387523
40.02144 94.45196150927721 -6.255517550702384 306.7517766316814
40.22896 94.38551947393664 -6.256008152136811 308.70893750764526
40.43627 94.33204256913655 -6.265186623424828 310.6724598363512
40.64362 94.25009230841883 -6.27539742236082 312.6388921975492
40.85098 94.17638230417299 -6.291138698753187 314.56073021631795
41.88768 93.78301889986422 -6.404395997144489 323.42044456050445
42.0948 93.65597186247727 -6.412890009034289 324.8860548093879
42.30184 93.47240598799513 -6.420168496116053 326.2886489776065
42.50885 93.1984178757263 -6.434658219218887 327.65249739998075
43.33652 91.06322469797665 -6.543629323950864 332.19881977770854
43.5435 90.26110243707384 -6.549973511141637 333.08959480459373
43.75071 89.35438670591697 -6.544970925220336 333.89229445250567
43.95796 88.3617096896317 -6.513354445123251 334.5680346915138
44.37274 86.28952641162232 -6.432286625314154 335.5718623901721
44.58003 85.14610733333322 -6.369787908401738 335.9251448910041
44.78749 83.878739010348 -6.313583041523112 336.1592521505805
45.41068 79.49038209031576 -6.126974802974505 336.3549433667298
45.61856 77.83929042930876 -6.075515875174146 336.28090204083986
45.93051 75.17106545166587 -5.9881131184650505 336.09117651882724
46.5541 69.02393177408106 -5.806344557745289 335.714540586936
46.76168 66.7165846790875 -5.7433416761775815 335.57990398979183
47.0729 62.99313339797247 -5.643148036475233 335.36737767447903
47.28039 60.34249493568062 -5.581163586820564 335.23290189800025
47.79871 53.36110797614127 -5.403391083855782 334.89945457744506
48.00607 50.56780819005628 -5.32626645386121 334.7590031731581
48.21388 47.752806860104684 -5.25683667356691 334.62122542389085
48.42053 44.935035700778954 -5.184617671392626 334.44796037789274
48.83536 39.37719932063279 -5.007834922618111 334.0675727905208
49.04259 36.618125626361 -4.931795978792822 333.8443648962195
49.24983 33.881288257977204 -4.866125132500397 333.608763587439
49.45761 31.162984338970734 -4.809394814218536 333.3933093615394
49.66469 28.458942825423506 -4.759044452068803 333.2004026873194
50.28673 20.463319545396317 -4.583619900912877 332.7192978988896
50.5977 16.54198996036817 -4.4929281186239525 332.4657785649376
50.80505 13.96362367805322 -4.424886462846237 332.28399097511294
51.01241 11.414051832009434 -4.3588248553247695 332.07211886604307
52.04919 -0.930300777567119 -4.0587654150280486 330.74584732909716
52.46393 -5.413264066108596 -3.946395708197296 330.2406162317304
52.67139 -7.515095373530791 -3.8952424772752368 330.0247935778345
52.87863 -9.521851347743567 -3.8504488000164723 329.8264869399459
53.39694 -14.15657713070459 -3.7409602753358993 329.4535015925173
54.22614 -20.159582763781287 -3.5901013047967467 329.17988125589085
55.15903 -24.689353681803624 -3.4787042185346886 329.207783037288
58.78695 -28.149406778303263 -3.4380166200093476 329.4108322375856
58.99431 -28.834529788334777 -3.428316328640878 329.5059202020698
60.13578 -33.42263357804646 -3.425331856312713 331.3074650586207
60.966 -36.598002718067505 -3.3861730474453853 335.0323056807267
61.38046 -37.663128751679324 -3.4095966682830348 337.8963313402177
61.58757 -38.04646536208537 -3.402582323355937 339.5509658499424
61.79455 -38.33406393610441 -3.425014019187626 341.37659299648396
62.20813 -38.67497465965685 -3.4574266959470434 345.4308967719023
62.51823 -38.850511051747716 -3.4807437225250353 348.7617270644308
62.62174 -38.898077526981176 -3.484370932421168 349.92716106603746
62.8287 -38.981853545193445 -3.5045637489932915 352.333982623854
63.6575 -39.40826914353825 -3.5709285731465874 363.0033279209285
63.86499 -39.546103089630726 -3.602143740961364 365.9168651656909
64.07222 -39.67154841952542 -3.625377794302277 368.91500970803423
64.48693 -39.93202962639865 -3.6601585345891436 375.08375649566153
64.6943 -40.0912746291948 -3.720584107968399 378.30501688239997
64.90164 -40.24898320634361 -3.7599496458998845 381.62759348921566
65.10899 -40.40320807965135 -3.7695313167117317 384.99093514818804
65.31622 -40.55893356534719 -3.792385491406307 388.3969673655847
65.52362 -40.731226959694155 -3.8330826675938177 391.8603815645273
65.73079 -40.89658711770821 -3.8795603704663906 395.3571872317452
65.93804 -41.07738489706346 -3.9206164000440427 398.8538981576125
66.14527 -41.293148821235604 -3.9885356448681053 402.3587103434675
66.35263 -41.52419170206534 -4.064379348951217 405.89634723943186
66.76724 -41.993005937202895 -4.149626672004685 412.8582516388414
66.97457 -42.2312604906831 -4.193646658847295 416.30774139402877
67.18193 -42.45587978156295 -4.2567781002911165 419.7155706836345
67.38928 -42.692170014578174 -4.321315031903593 423.11426707886505
67.8039 -43.165592762348126 -4.4174857693210985 429.87906648336985
68.01129 -43.401038259380705 -4.446500937707903 433.21227995784085
68.21865 -43.63360920179704 -4.480505608687926 436.5254634974231
68.42594 -43.864796708923095 -4.542433176019404 439.8446354213251
68.63317 -44.09084941752107 -4.603501250881373 443.1866782679789
69.04789 -44.53660977185928 -4.693029989014227 449.92624563303195
69.25532 -44.75222917152121 -4.731457976112734 453.32682102375065
69.46264 -44.97002490304948 -4.765553002303648 456.74357217430475
69.66995 -45.192333932175835 -4.810330541294913 460.1729298624092
69.8773 -45.39470456190898 -4.858951860808889 463.64904495414356
70.29203 -45.808577108482254 -4.944140512486889 470.6240724121319
70.49937 -46.00982628038557 -4.974470224749155 474.05736019445425
70.70661 -46.20979608095793 -5.018536530522804 477.48236006237687
70.91396 -46.41456644471761 -5.049808209399883 480.906225526272
71.1212 -46.61511155875847 -5.080453666341571 484.30560899149305
71.32843 -46.825616726442405 -5.113610677896838 487.65382607543575
71.74301 -47.22172836862098 -5.215723828437907 494.2067053838602
71.95025 -47.42644285931796 -5.251650861580091 497.38862417827073
72.15749 -47.6301434970899 -5.27870654839713 500.5038020631232
72.77944 -48.28999077198725 -5.371517357646532 509.45549934605276
73.19419 -48.68488670279064 -5.4497965405751785 515.0066506244937
73.40149 -48.8419878460384 -5.491195551296068 517.616380491167
73.91984 -49.195540432486155 -5.55173333531901 523.5248560334409
74.43803 -49.44490024242098 -5.624014500799864 528.5136001110529
74.95596 -49.718088155508255 -5.689951766051819 532.62096790447
75.68041 -50.65970473353413 -5.7701284625675795 537.3889245552535
76.50795 -53.12066321950891 -5.779281713226167 541.7152861483462
77.23263 -57.26796183935514 -5.59705616494845 544.7824276135872
77.43986 -58.812621442370784 -5.5550152684466205 545.2945459017675
77.64709 -60.47024041176104 -5.506797463241451 545.6694450873414
77.8547 -62.250864123545206 -5.471429099021625 545.7943985375512
77.95859 -63.17686150910454 -5.456892539881846 545.7654929982275
78.16657 -65.08758991816939 -5.404747305065132 545.6055875611243
78.58315 -69.16572424400924 -5.264799139582359 545.1111151272032
78.79149 -71.25380280175978 -5.181589005886843 544.8385377958994
78.99975 -73.46545876556232 -5.131198719280565 544.5974274938491
79.20755 -75.7636799033003 -5.095241638503203 544.3415928043428
79.41518 -78.13139445093677 -5.040636418029831 544.0591887963662
79.51897 -79.34532615980928 -5.012971710388239 543.9179118563997
79.93387 -84.50187791548814 -4.914212861990147 543.3975075619578
80.14127 -87.24283313747692 -4.8549036027154475 543.1536713065377
80.3485 -90.10265346750447 -4.759117712742343 542.9486540874392
80.55583 -93.0738573600607 -4.669204456398436 542.7434362388663
80.76319 -96.1016313758906 -4.571018306834939 542.5577464922425
80.97042 -99.14332149454694 -4.459883749366583 542.3594933902239
81.17767 -102.24241346188441 -4.361862749960029 542.180258003489
81.38503 -105.3833383068127 -4.276883307728692 541.9974489616593
81.59223 -108.50917951110307 -4.188688829017373 541.7998220541755
81.79947 -111.62233631082456 -4.1054516012604285 541.5893166708407
82.0067 -114.70675959890085 -4.009354637791662 541.3857918726708
82.21407 -117.77492201690134 -3.92961744102546 541.1741962478839
82.62878 -123.8912750343155 -3.7398413040679586 540.6415793533669
83.0435 -129.9175782373286 -3.550922128885027 540.0607758329096
83.25097 -132.92808788304242 -3.473119748968499 539.7777046377055
83.45819 -135.88548917992424 -3.384879963415296 539.499294251021
83.66555 -138.871246888572 -3.3080328344399126 539.2434404259407
83.87292 -141.83888940842968 -3.2240418405983844 539.0215913844256
84.08013 -144.79566280605238 -3.1330617653970885 538.8416730835709
84.2876 -147.73007979620814 -3.040667893160861 538.6926242775404
84.80571 -154.99035270372866 -2.8532043793386794 538.4422447709824
85.01296 -157.8575176964013 -2.7712069531129444 538.3892136939976
85.22027 -160.64239021240513 -2.695650707217265 538.365653100254
85.42775 -163.30036782435297 -2.623398203351453 538.350576189529
85.63501 -165.83003020652882 -2.572479475629568 538.338255993648
85.84251 -168.22153370800487 -2.5208884216721597 538.3235367107819
86.87889 -178.46355759819252 -2.3001438550577777 537.8232984956804
87.19018 -181.3457488895128 -2.239083047932014 537.5406312169475
87.39722 -183.27555622405563 -2.2059412084415966 537.3266745794226
88.12303 -190.35976436803202 -2.1198000256382916 536.4026260145378
88.33046 -192.50313889491582 -2.0886545468536344 536.122700182444
88.53778 -194.73842583449812 -2.0471551438407705 535.817448349728
88.74508 -197.08146907743057 -1.965961474739066 535.5071916829891
88.95255 -199.46253622123135 -1.8953828157134884 535.2040577763122
90.19671 -215.81643704081446 -1.3321577972652356 533.6013937218931
90.40405 -218.8646425817015 -1.258855534833023 533.4431402614947
90.6114 -222.04128974980674 -1.2303242138077035 533.3370240729404
90.81876 -225.28203747798264 -1.1610738148001865 533.2477827851441
91.02598 -228.52846644834298 -1.0744214442826916 533.1826663670304
91.23322 -231.8240962341555 -1.0224738378132452 533.1253049794836
91.44045 -235.1276367535035 -0.9594530797402783 533.0522822067833
91.64768 -238.44033236075455 -0.8840500694041697 532.9599864370982
91.85504 -241.7111362410037 -0.8244009152542064 532.8537802016336
92.06227 -245.00080030739508 -0.7755697829253458 532.744900778002
92.2695 -248.26962221292428 -0.7270763046750668 532.5897902315708
92.47686 -251.4963792261915 -0.6709111315399809 532.3874635409067
92.68408 -254.72768038054832 -0.623657154474496 532.2003717972259
92.89147 -257.95868809456687 -0.5674979067066133 532.0139497908191
93.09857 -261.18738275232363 -0.4911346839711719 531.8080260351219
93.30578 -264.35933769639826 -0.4112104998226638 531.5597849521897
93.51313 -267.5443105560395 -0.34075297872219057 531.3030547461334
93.72048 -270.73882910728037 -0.2821497005889615 531.0515613095591
94.03155 -275.4361267015034 -0.1588965247726648 530.6565768788527
94.65365 -284.63294308723033 0.08068644144071602 529.8951437852738
94.96465 -289.18890158862973 0.20050153080747712 529.560284422408
95.37921 -294.9873928255823 0.3662731190667632 529.1414669446668
95.58659 -297.76835566808825 0.448874994696439 528.9496435764788
96.10478 -304.11226638651226 0.6064882288511164 528.5560433594469
96.312 -306.4113420437238 0.6510122250417556 528.3774919504455
96.51944 -308.5538845096724 0.6943086639277087 528.1918065614547
97.14114 -314.47635253373477 0.8096316958103813 527.5596857491327
97.34816 -316.27160232228704 0.8505625102954433 527.2658674406016
97.55502 -318.01179144268195 0.8882596577823216 526.8533281969371
98.3822 -324.0053196352639 1.0185949806763401 523.8176460077032
98.69272 -325.7440774788777 1.0882858661676442 521.9433479040416
98.89976 -326.7198723541384 1.1465931089334465 520.4593441299
99.107 -327.4942463189963 1.221253121423869 518.7839764318342
99.83345 -328.8073962163712 1.467772778294627 511.71827234175163
99.93756 -328.8351607381156 1.5116519816888676 510.5818581023621
100.042 -328.85430371244746 1.5576258688957267 509.43178802715823
100.1458 -328.86128719352115 1.596412002304227 508.2711717208254
100.2499 -328.85065628392886 1.6204189979382484 507.0979720873725
100.3539 -328.8387085404313 1.6476015959983599 505.9014871613207
100.9772 -328.3362927549129 1.748819369349306 498.1246581660618
101.1847 -328.06801367511133 1.778380463031553 495.35023188481716
101.3922 -327.7940969841052 1.8124384516095677 492.47559888524825
101.5995 -327.45896977088665 1.8540145605239289 489.5009491276185
102.0144 -326.70462872140524 1.9441172752725997 483.2857301028651
102.2218 -326.31146469954103 1.9856086087701552 480.035675682631
102.4293 -325.9241749915239 2.011888167177583 476.7028003261107
102.6367 -325.5499220632273 2.049961844186466 473.3349128339689
102.8441 -325.17817039471083 2.07653460161729 469.9115902836562
103.0513 -324.8357270810378 2.141659131531913 466.4641034934979
103.2587 -324.50286484908645 2.2221501621046293 463.0447096176555
103.4665 -324.1888337963929 2.3108858386150075 459.6301662196419
