0.0 -0.0 -0.0 -0.0
0.1044989 -0.0003268179368598411 -0.019932458905265255 1.338343062225638
0.2077935 -0.0031781968070802285 -0.043462602703457476 2.6727101929147885
0.3116343 -0.0017239360792851537 -0.07067663359208527 4.010160869569525
0.415494 -0.0029013491596841523 -0.0952092631099648 5.342201420568713
0.519644 0.0008984150976932004 -0.11930910578520172 6.681233269241225
0.6234014 0.009764934233103928 -0.1373443910303759 8.016960213237402
0.7273457 0.012324480469316564 -0.16209275255653494 9.355498944751126
0.8311796 0.0019298911691132542 -0.17979945710769132 10.69787653465802
1.038877 0.021195939109322652 -0.23238886428923308 13.320457363224518
1.246636 0.017442713092129854 -0.2731446519832954 15.991165349126366
1.45441 0.0022225164752654007 -0.3137347511275751 18.64128577019642
1.662157 -0.017462572253932437 -0.3484930771557271 21.278183557478812
1.87009 -0.04318427632798728 -0.39429116616239734 23.945286111568734
2.077874 -0.0760469394977897 -0.4539822196984102 26.571426993203474
2.285652 -0.10942494514550064 -0.5162385773684723 29.267846544154793
2.493488 -0.13688969103107124 -0.568705154335976 31.94832026778292
2.701441 -0.17722655784728603 -0.5951023440313037 34.67754660430842
2.909338 -0.13130331624025315 -0.6422637156867221 37.29065336090119
3.117132 -0.23686573642997813 -0.6668544518697338 39.83258867385453
3.32499 -0.32599064297824 -0.6469640245331237 42.543963010232815
3.533061 -0.5206859385723908 -0.5825129100273486 45.08186118398945
3.636879 -0.5758879579824067 -0.5918936210188634 46.39860322315962
3.844868 -0.6535187178718286 -0.5813906439344391 49.05269760645293
4.052745 -0.6665934852538139 -0.5970836542107409 51.77627100733289
4.156747 -0.6822631078300327 -0.6170403447412713 53.115665451365196
4.260741 -0.6940668176054452 -0.6226823756465831 54.46869965682413
4.46862 -0.695550260414386 -0.6457512577335942 57.1473267546733
4.676494 -0.6931766164739461 -0.6652382127666316 59.82386890327832
4.780371 -0.6920218650530918 -0.6769575616595507 61.16630605671744
4.988118 -0.6945659781473088 -0.720288384889297 63.827813634141044
5.195994 -0.6909143434176458 -0.7471186790759258 66.48650049534994
5.403745 -0.6965468447218437 -0.7590817559129047 69.1237667787352
5.507756 -0.712546521008173 -0.741506254226576 70.42799821445428
5.611618 -0.7143487179822942 -0.762058482841705 71.73638209768552
5.715493 -0.7175974391223652 -0.7661675287503236 73.03600938791662
5.819513 -0.7452950366356057 -0.758447837652735 74.33560996182624
5.923372 -0.7212720822893903 -0.7815193494404816 75.6298321148932
6.027387 -0.7111557781745241 -0.8082872655167275 76.93389631457184
6.131261 -0.7063054985769508 -0.8103041344892139 78.19972885567196
6.339121 -0.6646227675407776 -0.8405778945398226 80.79223014206465
6.547122 -0.58945390390558 -0.8568492651692136 83.38758997082388
92.89258 -0.39289684224851973 -1.1223975663493155 84.78414369829459
93.1002 -0.029074399719871913 -1.2307316893947347 84.45903146037016
