0.0 -0.0 -0.0 -0.0
0.1037359 -0.000453873789449717 -0.005783609413787702 0.8024790310389778
0.2073381 -0.012651331800232857 -0.008720111540652848 1.6251221987133844
0.3110752 -0.03007094255971634 -0.014317534477629793 2.471709931095878
0.4146917 -0.05246481572747297 -0.02411438248284555 3.3295717959839335
0.5184302 -0.06888678007481457 -0.036177835902275114 4.210492514347904
0.7257977 -0.13887426269617928 -0.05465875074061553 6.0240185309006815
0.8294199 -0.1748146821975171 -0.06586688950117757 6.958704485970589
1.03691 -0.26286256922046297 -0.09642581684988752 8.858602857070991
1.244242 -0.36445660981751826 -0.11508075981448176 10.798527958835294
1.451596 -0.47254903152463396 -0.13187277993342522 12.780828945885077
1.65896 -0.5898160628656229 -0.15362161370077132 14.801409388131011
1.866302 -0.7153230348599913 -0.1736562346121698 16.87158390079053
2.177281 -0.9209468301639814 -0.2219819062439592 20.047449681776673
2.384639 -1.0595241020568245 -0.25057317441416366 22.17899908265948
2.591988 -1.2025962059386348 -0.2782767774981773 24.354522610479858
2.799367 -1.349833626643517 -0.31456059594661323 26.564484753791646
3.006768 -1.489842062361424 -0.321129730742325 28.799213234022766
3.214057 -1.6311936460280638 -0.3391386569494232 31.05605865563795
3.524925 -1.8262281883904772 -0.36840508676303874 34.50514626839734
3.732256 -1.9494446951460884 -0.3865391776635279 36.831014139968644
3.939488 -2.073356723838719 -0.421844636019218 39.13963245195099
4.25046 -2.32218321159985 -0.45780067289078136 42.691248506836494
4.561559 -2.5650162108802386 -0.5121671683487614 46.21085449386769
4.768912 -2.7571328155190473 -0.5157375697607455 48.61506410703782
5.079909 -3.0112699510742327 -0.5525269602334459 52.14072897899903
5.390861 -3.267601107137287 -0.573223507818708 55.67320533283579
5.598233 -3.4617796040110638 -0.5903589872275957 58.00831441331126
5.909185 -3.733087791486024 -0.628219941400882 61.50853897218921
6.116541 -3.8954051059161667 -0.6617830173493686 63.77573760234131
6.427659 -4.151496629762683 -0.6847665759782682 67.19759069298063
6.738741 -4.434604926381465 -0.7005116868421305 70.56334002128904
7.049705 -4.726341732239897 -0.7449882362609007 73.804611093328
7.464167 -5.116163294110741 -0.8089961512607697 77.9219842128578
7.775144 -5.395025494755606 -0.8374689296857665 80.86349433266788
7.982493 -5.594582625149388 -0.8436444109442629 82.74134991204242
8.189849 -5.788088592915304 -0.8600590873626355 84.51989346017473
8.397102 -5.96055889720386 -0.8714723356515902 86.20344086955663
8.604438 -6.138141435071651 -0.9065121955413467 87.79591682849654
8.811795 -6.278820183267075 -0.9291356880436384 89.28622089333884
9.019162 -6.4191204380097195 -0.9570612170290582 90.69176377106139
9.226512 -6.552178049239248 -0.9821408597977287 92.03365030879773
9.433986 -6.6340873117739125 -1.013064688068035 93.31588776238014
9.641587 -6.706538470371054 -1.0339822296448355 94.53101174884567
9.849229 -6.70462518023426 -1.0455934364050483 95.68546596076614
10.16083 -6.565408806812658 -1.0638912059305157 97.3092086875053
10.47264 -6.231587042129362 -1.080570290863614 98.83551300220063
10.78461 -5.690889329596963 -1.1100401798036847 100.19723277356096
11.09659 -4.901638800741225 -1.1328643674798973 101.37559585868426
11.30431 -4.252475088712174 -1.1601098439182111 102.03952078791902
11.51192 -3.529529320449562 -1.1759541814924708 102.6181944668489
11.71927 -2.735068266520095 -1.1956715497720305 103.09592160711657
11.92638 -1.9197597300572085 -1.2183718513417503 103.5042355452449
12.13361 -1.0625374880482994 -1.2366937698880944 103.80923075701558
12.3406 -0.16048796121808095 -1.2466861297835758 104.02777503112128
12.54767 0.7630631480991994 -1.270814865943456 104.27627726978228
12.65107 1.2447915536876621 -1.2925232128789854 104.38713704839896
12.85806 2.2497120319456627 -1.317557291675812 104.53031142690722
13.0652 3.318393137774585 -1.322235964562629 104.65282541856037
13.27235 4.4708293233385685 -1.3719720256567172 104.78414552363765
13.4795 5.694879349302957 -1.4246572702692548 104.87315199932613
13.68672 7.00329269944798 -1.4594141412924142 104.94635083729096
13.89395 8.380112908402065 -1.5054115705888356 105.0152916978152
14.1013 9.868005144228897 -1.545057140501515 105.07335628705181
14.30854 11.429708271130826 -1.5990282871480042 105.11658476782313
14.51589 13.082988719728235 -1.6436569141746564 105.15310544298808
14.72326 14.81791420462947 -1.6967978780818709 105.18806046069217
14.93048 16.67933011184214 -1.7468094565013534 105.24866704837588
15.13784 18.596613044732287 -1.8014720310433723 105.32864932886649
15.34508 20.59771828434999 -1.8532075230421574 105.43094554294623
15.55255 22.63596448952749 -1.920957271549404 105.54263442950793
15.86364 25.766536245337058 -2.018092976291178 105.7774061195484
16.17474 28.928430920956764 -2.153954806883453 105.98985185828046
16.38209 31.023857148305048 -2.2442571220036616 106.12969587577015
16.58933 33.14384586932596 -2.331065612461992 106.29360925934938
16.90043 36.27943841505374 -2.460776010616174 106.5004169918731
17.1079 38.3664297735179 -2.5398305316500807 106.5949727432168
17.31539 40.4410658477364 -2.6120584849832498 106.65555221334924
17.52287 42.494720214227776 -2.6922375156812324 106.66469755150348
17.73022 44.52527082158316 -2.7628031325273 106.62738344006962
17.93746 46.54188461807891 -2.8451034844466996 106.549842424665
18.14482 48.54366952063927 -2.9114420825163934 106.43212121597581
18.45593 51.45741787485237 -3.022645866135463 106.18645993669593
18.66326 53.35024975223097 -3.090380829717133 105.99097185462881
18.87049 55.17747069236473 -3.1574410216138045 105.78389618726867
19.07772 56.93334279239254 -3.216732201316894 105.58621881580177
19.28502 58.61190949313221 -3.277324099753676 105.40238042616907
19.49224 60.212991966278025 -3.331283397388931 105.2508892227319
19.80291 62.39953251476077 -3.42516157712429 105.13507331901275
20.01002 63.7695923681497 -3.486324461362572 105.1488698271656
20.21714 65.12187539317883 -3.5458930104319695 105.25237433436526
20.52747 67.11771489138026 -3.635065873873419 105.61371083638457
20.73444 68.35558280881321 -3.681909901890612 106.0194356452946
20.94151 69.53570117063558 -3.722421831465365 106.57093904183836
21.14837 70.57867560619614 -3.7797317703249975 107.25200859107576
21.2519 71.05658015465613 -3.7918141511614323 107.65153259384793
21.35544 71.50524344418042 -3.812420435310065 108.08580355759315
21.459 71.93465782638211 -3.8362819675269995 108.550135705477
21.56272 72.3311904307761 -3.858150413484725 109.04411344688748
21.66636 72.70200638410019 -3.8818935787504563 109.56933988238727
21.7701 73.03484707197794 -3.8975750034285106 110.12605152910433
21.87395 73.33314541155039 -3.9114859274499687 110.71010819661949
21.97771 73.59481991246172 -3.9315148583994812 111.29995998796477
22.18531 74.03052766410059 -3.967919609188833 112.54718399419701
22.28917 74.20680191073858 -3.9756819638198224 113.19653876115639
22.39317 74.37294069273557 -3.979620527810948 113.8549025738167
22.60129 74.70629909754638 -3.9784918188871727 115.22017538242025
22.80964 75.01709230347977 -3.9911987874848 116.62643100781118
23.01761 75.29526276124618 -3.9863560191781935 118.10001984244077
23.22571 75.59089903159096 -4.005881426155752 119.63165761351222
23.4336 75.94474066362453 -4.024819089494246 121.21995046995285
23.64143 76.31468561331101 -4.054420128836404 122.88369914635344
23.84899 76.7199958388668 -4.086901191693394 124.62586346320968
24.05642 77.17981815750534 -4.118033841265484 126.43197058415163
24.26396 77.6610972209848 -4.136135712515978 128.28101551433633
24.471 78.13351219009962 -4.160553374545542 130.18395642967081
24.6781 78.61963078226913 -4.189416617157008 132.1756334738471
24.88547 79.12533113547974 -4.2318680896091765 134.2743771216399
25.09267 79.59848848360502 -4.258694572591861 136.4035602630656
25.2999 80.09289261757493 -4.2868301572143555 138.58574914406097
25.50725 80.59731115139988 -4.334865939150771 140.84556974626435
25.71463 81.09948390281039 -4.376612318282238 143.16393977769627
25.92198 81.61631943838684 -4.408909376603533 145.5189618163097
26.12923 82.10362037955171 -4.4430515819502805 147.89991856676357
26.33655 82.59623616814588 -4.483493811589715 150.31316478109147
26.54405 83.12127975763548 -4.53008678587562 152.75659262324018
26.75126 83.69271195092892 -4.579492660781792 155.1818933113182
26.9585 84.26846405809283 -4.642052863571923 157.61320166665058
27.16587 84.81680614351689 -4.684566009316545 160.05825298124824
27.37323 85.37748492149098 -4.734264194522675 162.4874068160762
27.58044 85.956423693349 -4.7929532864788795 164.84815233616962
27.7877 86.53215336560879 -4.852322624322992 167.29472467169657
27.9951 87.07831580322002 -4.892440631230693 169.68698558962075
28.20228 87.5959704784101 -4.907905280501337 172.00540324065707
28.40963 88.12764260135856 -4.980328317309388 174.36293657212167
28.61684 88.62147241427729 -5.0343920581731325 176.7147484511147
28.82422 89.08241259523248 -5.089714207000216 179.06522036613967
29.23891 90.01631094578174 -5.205820663367337 183.72361453778404
29.44614 90.4751313293167 -5.257693984212983 186.02922361282307
29.65342 90.88926618308231 -5.30913435929838 188.3623775346866
29.86088 91.27237516231793 -5.333621192276016 190.69399451381904
30.06821 91.62649715132882 -5.3589208747314885 192.98923057285197
30.37931 92.10502592231984 -5.408837507792326 196.51751916319876
30.58667 92.35702825663272 -5.451373098156107 198.89289233437987
30.79405 92.5947481174895 -5.494472251630106 201.29062845606788
31.00138 92.77654302572256 -5.535937736913191 203.72438244874328
31.20861 92.94028064218584 -5.554653532826256 206.14395443956346
31.4162 93.07408414559625 -5.57726480474265 208.53200656063515
31.62342 93.17535376595158 -5.605126432408313 210.92600772839288
31.83069 93.2759734896346 -5.631912103192385 213.3495924776827
32.03804 93.37280972039943 -5.654204494345883 215.75216031219708
32.24526 93.47879146489518 -5.661979261993315 218.12606564352572
32.45266 93.49544005617686 -5.683768054867485 220.55462754154235
32.65998 93.5214341605656 -5.691891192920853 222.994436155377
32.86747 93.49750769274206 -5.704983176638109 225.42741297027422
33.07483 93.47454783811366 -5.715746869690967 227.8529078138763
33.28231 93.3641890876524 -5.737968639961287 230.32086861342705
33.48978 93.23641235238051 -5.7441396458965155 232.78196084945688
33.69713 93.06424197325103 -5.745498389447033 235.223833737848
33.90461 92.94927574688543 -5.769450587189312 237.69177565283894
34.11209 92.8013065465711 -5.791207081694789 240.19736005675378
34.31957 92.65341686920856 -5.8041611919815095 242.66538839889853
34.52694 92.5439720246354 -5.8346812618120385 245.12828537594402
34.7343 92.36024514136481 -5.871628143352764 247.62946526708697
34.94152 92.19235584919223 -5.910134580409635 250.08939831648348
35.14887 92.006338594662 -5.9328362422566165 252.52386631429636
35.35623 91.81601755946869 -5.967514641657831 254.96318667418646
35.56362 91.6341582316732 -5.988435484295416 257.382058233152
35.77094 91.45757452454569 -6.018395350975629 259.73089305954124
35.9783 91.28347426376182 -6.038198738140557 262.0708814482551
36.18578 91.12288479001046 -6.0644384492092875 264.34138440920043
36.39322 90.95574856144825 -6.065353111213431 266.4926722707383
36.60049 90.80213873836203 -6.106120641722497 268.5354954674154
36.80799 90.67355979551286 -6.131008090894706 270.507210143235
37.01548 90.55279331314323 -6.165231883498317 272.46630917531553
37.22281 90.44714062608952 -6.202852240448891 274.3911119267886
37.43016 90.39886388387791 -6.227009480037202 276.26247183415273
37.74103 90.3660835919162 -6.289427814312537 279.09578089087233
37.94836 90.39313808700481 -6.34162560066944 280.96798476106017
38.25967 90.39861493930516 -6.364896753450687 283.7808794478
38.46657 90.40521788642198 -6.392556127908463 285.6878823808258
38.77746 90.37193944013946 -6.42707907194901 288.5290444073674
38.98472 90.36805909539277 -6.448446585126311 290.47063293511417
39.19202 90.32498000216918 -6.48026281857722 292.46165524887215
39.39932 90.30441989752106 -6.4829188838314975 294.4545825710739
39.60673 90.23392276538124 -6.480421816289917 296.4419136450922
39.81416 90.2093890108603 -6.472672356942237 298.4720373755777
40.02144 90.16210399961211 -6.4885287186902465 300.5316366715403
40.22896 90.10818867348266 -6.489280015461187 302.5702668956345
40.43627 90.05812335609599 -6.502329183124845 304.6133243983971
40.64362 89.98142228993852 -6.516557303543905 306.65912634627483
40.85098 89.90007484861046 -6.517685751988347 308.6765168037084
41.05845 89.82111771181059 -6.536261647707418 310.65735308377265
41.26581 89.75736150583806 -6.575996923594919 312.59427307008383
41.88768 89.55153097324973 -6.613884126065339 317.90951914074446
42.0948 89.42437065455854 -6.625142719373514 319.4546200021269
42.30184 89.23842739300531 -6.6400096571170755 320.90389533020254
42.50885 88.96001882388722 -6.65549933108972 322.3164398618601
42.71582 88.60948083777328 -6.680047898348228 323.6650852142575
42.92265 88.12548481986992 -6.693401576523516 324.90851155461974
43.12965 87.5075434547724 -6.699557054181263 326.0684348362836
43.33652 86.75470990073727 -6.72617522072387 327.10508244310586
43.5435 85.90824255474746 -6.736323465264974 328.04857798819603
43.75071 84.96669260827262 -6.73362459257645 328.8923901898949
43.95796 83.93265673755288 -6.710368513727176 329.6051358300018
44.06168 83.40139829988267 -6.695707566391165 329.91120072124784
44.16542 82.85010831582491 -6.685585008095816 330.1808635134579
44.26891 82.29807655100487 -6.654616143717878 330.4385603749072
44.47627 81.1668508797097 -6.598034154079301 330.8669232958552
44.78749 79.2410988641933 -6.489633967520306 331.27965168317695
44.89136 78.54642458094645 -6.4613848931812585 331.3700939662219
44.99509 77.81524514345202 -6.429244227967921 331.43760073938614
45.09896 77.07179426108407 -6.4019340392683235 331.47428300930443
45.30693 75.50233175165988 -6.335788583445728 331.50151683498257
45.51485 73.84606137278772 -6.268485769896294 331.4669934467426
45.61856 72.9917047525512 -6.239949207554483 331.41786111684047
45.72254 72.10602280020682 -6.203319120285264 331.34935008019386
45.93051 70.27714922977381 -6.144881396168415 331.2334552064998
46.03457 69.314693089057 -6.11477583004295 331.1766658896875
46.24242 67.31593314870963 -6.049147018031611 331.0586580120522
46.45021 65.18120146625776 -5.974004018457303 330.9422429352218
46.5541 64.07270710760181 -5.942265113365999 330.8867928422988
46.76168 61.73799793041877 -5.871695317310362 330.76475496416464
46.96918 59.264628565401196 -5.789542009960916 330.63392325991794
47.17665 56.66076500789758 -5.713412745483909 330.51438193450895
47.38412 53.93669275270576 -5.639248178732804 330.40256392800893
47.59151 51.12148714344345 -5.558567104979332 330.28687855282953
47.79871 48.27974691244041 -5.473260590175306 330.1777924647268
48.00607 45.46789160214057 -5.397186125954752 330.0505896390089
48.21388 42.645851849053685 -5.3255135021591515 329.9277449991497
48.42053 39.818838283697445 -5.2427742479954995 329.7855060848885
48.62778 37.018842976135005 -5.14143830161504 329.6229527996982
48.83536 34.21340408148501 -5.044779457118739 329.43095683902334
49.04259 31.45512180814613 -4.963872228154069 329.2295540989862
49.24983 28.71464659738767 -4.890050221283256 329.00873254551254
49.45761 25.978217323737898 -4.820448589232839 328.80206393845634
49.66469 23.250093032367108 -4.761563223488557 328.62536659899894
49.87203 20.528761491150124 -4.698590297672467 328.48162871143603
50.07937 17.84997928351082 -4.63349733375834 328.3360123917131
50.28673 15.233828805476122 -4.56460866117208 328.197295322682
50.4941 12.614261026176504 -4.499215968130925 328.0521169874106
50.70131 10.016861582083994 -4.426076356152339 327.8961187143033
50.90867 7.443101097356614 -4.347561053684208 327.72931259791346
51.11603 4.899037983943362 -4.28681794283773 327.53649611683466
51.32338 2.359959677405655 -4.223361812341278 327.31501860194567
51.53076 -0.16329604161509437 -4.156591624228466 327.064421392181
51.84186 -3.8414513258905245 -4.051663799450373 326.65436843905184
52.25655 -8.52295212930607 -3.9149315683842296 326.16645149130414
52.56765 -11.803344726587849 -3.822607300430473 325.84804896204184
52.775 -13.852000104424272 -3.7771238448055424 325.62729233661867
53.08597 -16.796124493243855 -3.6969891156792216 325.3897818575434
53.29322 -18.632863122665853 -3.6504067069129187 325.24442279574413
53.60433 -21.1751828366051 -3.59088434459599 325.0973045292829
54.64083 -27.89861490235941 -3.4153628431902483 324.93404114345566
54.84806 -28.885178005307825 -3.392824870432684 324.9527454787005
55.67736 -31.22475862507995 -3.3445545309710005 325.0334315772599
57.54296 -31.73558104979421 -3.33545567998145 325.04915398463527
58.06127 -32.02269959344834 -3.3290799424785904 325.0607257374749
58.68335 -33.243029371593515 -3.3153675538908103 325.1579179852417
59.09808 -34.60075392471813 -3.3048409687929876 325.3691000920334
59.40914 -35.79023878951901 -3.3106722643678443 325.6540845193592
59.61675 -36.6399313246214 -3.3051274972023403 325.9506268367749
59.82423 -37.52148884226861 -3.3013993940146795 326.355359687616
60.03212 -38.43783034051185 -3.287240905689865 326.84936152592525
60.23977 -39.327778330919784 -3.277239862984045 327.4794023799572
60.44719 -40.17428270443304 -3.277730378893195 328.2705356438131
60.65478 -40.97855418761742 -3.2517535795630286 329.1979464676908
60.86228 -41.71647965383883 -3.2289059229883237 330.300426967873
61.06963 -42.387279211701355 -3.2146092313744794 331.6166400544608
61.27685 -42.90467373732908 -3.2311692049388436 333.07440517622985
61.48395 -43.332732678742914 -3.21994391487331 334.69690925149075
61.69106 -43.67472234700648 -3.226241039245543 336.4914560032239
61.8979 -43.927796730117905 -3.2390494357714115 338.4552430841886
62.10479 -44.08886162246262 -3.254687818657747 340.5504770446924
62.3115 -44.22893907962924 -3.26695982023717 342.7747184457165
62.51823 -44.32898066872677 -3.2744663647293946 345.10392581382206
62.72522 -44.41342742891729 -3.285218654510456 347.54917478039863
62.9322 -44.4956804905322 -3.3006376689354613 350.11067690986874
63.13942 -44.57511014005409 -3.3170302881681186 352.7789833051095
63.34653 -44.6584961096021 -3.3290667802069827 355.54412105034754
63.55389 -44.76922872090127 -3.3531591084351366 358.4081150227038
63.76125 -44.895909826113176 -3.379827505689776 361.3793406437786
63.96862 -45.00023792649577 -3.4039781618090728 364.46990051500813
64.17597 -45.117782343122016 -3.4001574955994784 367.6105770395316
64.38318 -45.22024977861205 -3.4042939782935697 370.8013052325447
64.59071 -45.360138968793095 -3.440664307639098 374.1118694326474
64.79794 -45.52220809519713 -3.4800416380588732 377.52501454365125
65.00534 -45.66445380894616 -3.4937805580823604 381.0204645007502
65.21283 -45.791269811308986 -3.501540987872625 384.5664926758773
65.41985 -45.9627744526959 -3.5198847427365214 388.19531301798287
65.62711 -46.10565982880905 -3.5481570422410336 391.8215201266233
65.83443 -46.28045579307522 -3.5959791648729844 395.50461602891374
66.04166 -46.416107946088225 -3.645512356816988 399.10667028873087
66.24894 -46.614509638301115 -3.710224248765619 402.7982676452678
66.45624 -46.86137694690373 -3.7540842207944354 406.57171340711363
66.66359 -47.06323650255702 -3.8139438219172224 410.2476227712299
66.87096 -47.2843612711241 -3.824823522447364 413.87576901847797
67.07831 -47.48607214589315 -3.876617382805378 417.4649400100842
67.28567 -47.702289394703044 -3.9270605311843685 421.06420170981096
67.49297 -47.965158365898354 -3.9741278793518657 424.68598348122396
67.70027 -48.17548617780079 -4.0249594037033 428.28548919169475
67.90759 -48.36909518970579 -4.0504049658825885 431.8084527607
68.11497 -48.56403288746752 -4.0850697107767555 435.3579742092556
68.32222 -48.764574788722584 -4.129896331531871 438.87114251086854
68.63317 -49.103670184082134 -4.2469053791214515 444.21164496333415
68.84053 -49.28625878533944 -4.274467073005234 447.79660296220976
69.04789 -49.475058113545984 -4.298217903854519 451.4106890895306
69.25532 -49.66887878812621 -4.338662880752423 455.0685366964206
69.46264 -49.866549886184686 -4.387957337238568 458.73184113180235
69.66995 -50.041477852107064 -4.402520276686426 462.4450443048453
69.8773 -50.24365038723817 -4.454730974929898 466.24129041509923
70.08466 -50.434470667097045 -4.4819760066825065 470.02388133083434
70.29203 -50.637316133407765 -4.517748058575808 473.8037222109691
70.49937 -50.837205352402634 -4.544096685773001 477.55974607586876
70.70661 -51.002440604060425 -4.572963594160338 481.28368691976925
70.91396 -51.18453599434629 -4.610352752373744 485.01674729029395
71.1212 -51.34802298118231 -4.624465844884544 488.6734488917722
71.43216 -51.59684399309535 -4.685455388058293 494.1237720193994
71.6394 -51.814853673430235 -4.753785147029925 497.68593099051026
71.84665 -51.97365103269432 -4.770906001162207 501.18294426403696
72.05392 -52.17519893471942 -4.781000507576628 504.5982123271876
72.36483 -52.493121527755015 -4.818666126384804 509.68061940853624
72.67572 -52.80827215590209 -4.873375967525094 514.5432988478185
73.09051 -53.20951049519462 -4.92703811352104 520.7522266807324
73.29787 -53.39855596990428 -4.9642311075236 523.6585047547575
73.6089 -53.60445978280638 -4.99867635395064 527.8015149989884
73.81614 -53.722340459036374 -5.018222319526204 530.3690352571945
74.02343 -53.83843764570508 -5.04316790930582 532.7576201364252
74.23088 -53.93296702987419 -5.0699925477721814 534.9866055668541
74.54165 -54.058563412855676 -5.105147287659899 538.0696760570025
74.74886 -54.160744668727546 -5.130800814251805 539.9143396435966
74.95596 -54.2791226851092 -5.143842177575809 541.6032584216484
75.26665 -54.54605913318585 -5.161566747992727 543.9517905331888
75.68041 -55.22174809736633 -5.201910978296115 546.883333728756
75.99062 -56.0551955409632 -5.210038322968261 548.8628201659682
76.30097 -57.104859010415 -5.189756983523251 550.6794178988895
76.61134 -58.50585952021294 -5.1431434961709215 552.3533492301668
76.92199 -60.321290406568124 -5.0595332994157225 553.9473092676077
77.12902 -61.775668241403025 -4.977806170431833 554.8475899270138
77.33625 -63.41117266233823 -4.893322351531063 555.568598316543
77.54357 -65.19787203725616 -4.830898527203038 556.0484851709598
77.75084 -67.12151205716341 -4.757980557759398 556.3688817891478
77.95859 -69.18083927646938 -4.708159847197474 556.3829868033639
78.16657 -71.31999792632465 -4.634636537680342 556.2322592987957
78.37479 -73.58886599032877 -4.5382098451162545 556.0150198581126
78.58315 -75.875102519271 -4.441795311303991 555.7434661579987
78.68737 -77.02152943937926 -4.389978486098545 555.5983940614171
78.79149 -78.19140426191196 -4.335389193896237 555.4679547789335
78.99975 -80.63616865294857 -4.249492644879162 555.2223154041101
79.20755 -83.1808667766878 -4.188665990175254 554.967691131524
79.41518 -85.80637896920904 -4.103193150920072 554.6831795893747
79.62267 -88.55848935774472 -4.023790262766675 554.4092037970579
79.83015 -91.42482150922534 -3.9294667453887593 554.1776617135733
80.0375 -94.39719849885506 -3.8326540054753586 553.9253831931572
80.24485 -97.52449412840598 -3.701121712670025 553.7110441557355
80.45221 -100.7646448547378 -3.580491512591527 553.5162629497815
80.65945 -104.10082829980077 -3.4426566089731763 553.3308877881793
80.8668 -107.45577604170057 -3.307648138836437 553.1574956887322
81.07409 -110.87426785393059 -3.159140128249584 552.9894250317152
81.28139 -114.33390573530801 -3.0200098960828115 552.8266767548804
81.48862 -117.82339345610424 -2.8914612686646635 552.6516354109626
81.69585 -121.2873094550537 -2.7689887180336488 552.4514957490478
81.90308 -124.72378052530448 -2.6335049454985393 552.2492569029338
82.11032 -128.1298078681631 -2.507032904886416 552.0590417334955
82.42141 -133.2532909106103 -2.303766038823352 551.707330951992
82.62878 -136.65376580550554 -2.1669786069956976 551.4302449864784
82.83614 -140.0039910410435 -2.027984705961911 551.1432047194616
83.0435 -143.35923916064374 -1.8979145783714797 550.8714457558065
83.35457 -148.3644861721989 -1.7135932770843683 550.4553279748952
83.56198 -151.71374365526754 -1.5853326847741727 550.176056775697
83.76938 -155.05308060065863 -1.4682299392924838 549.9370809551343
83.97671 -158.3805671324433 -1.334172034059856 549.7498610881653
84.18375 -161.67646760063107 -1.2074988389014507 549.5992069237346
84.39116 -164.9371929454625 -1.0843741527305557 549.4656625386405
84.59848 -168.22009047538086 -0.9732191144355831 549.3791265235446
84.90931 -173.10816068188157 -0.7960050141063437 549.2971139666117
85.1167 -176.3026375287886 -0.678175083740209 549.2881329009439
85.32408 -179.38628000271507 -0.5603874242042224 549.3015554476217
85.53134 -182.3367974380447 -0.46086159440492125 549.3265554593049
85.73867 -185.11562613731965 -0.38202459193614047 549.3338797669121
85.94605 -187.7513849041907 -0.2986496067832842 549.3370690731044
86.15319 -190.18265995353417 -0.22546934680044473 549.3084334758374
86.36051 -192.4671316106359 -0.14961394821090224 549.2515052795162
86.56778 -194.71715703764258 -0.07588035002169669 549.1433568381254
86.77514 -196.9525329337145 -0.00010499234087646414 548.9977631808613
86.98251 -199.1546394925131 0.06497015485021329 548.831878293931
87.19018 -201.33132891747508 0.13584318764830705 548.6328636436359
87.39722 -203.52031505853512 0.19186077538684643 548.4106593037503
87.60456 -205.76386984073156 0.24410753507169858 548.1708296937003
87.81198 -208.0568534069717 0.2954559402287007 547.8976367222176
88.01928 -210.3936106429436 0.34796215348979675 547.5862885967175
88.22662 -212.78691278710886 0.39938291301019113 547.2984338495838
88.43433 -215.27390040902975 0.4608738900380054 546.9851659571171
88.6414 -217.87519384924553 0.5522992012724695 546.6655581227873
88.84889 -220.56999832339494 0.6781236596403097 546.3426728702011
89.05617 -223.3047640592568 0.7996855791189521 546.0151145320276
89.26354 -226.23187672816454 0.962835695286854 545.7032829407752
89.47088 -229.31021432759556 1.0929025677145674 545.4458199683875
89.67823 -232.3981946507354 1.2579919894729148 545.2008958120052
89.88559 -235.61170199355382 1.4081246534974419 544.9457719352545
90.09295 -239.0194666474993 1.5174969880544165 544.6874988025471
90.50779 -245.9481063307448 1.72146546609864 544.4052035284725
90.71514 -249.6371765724981 1.8110679727968222 544.3470369546117
91.02598 -255.1966806487875 2.000975466147679 544.287389513431
91.23322 -258.96277538818174 2.1009212552161216 544.2651595540955
91.44045 -262.7469142443534 2.2162270572669467 544.2202776179332
91.64768 -266.5345477998116 2.339034354234329 544.1558421581577
91.85504 -270.2694532436845 2.447400522510266 544.0798116519509
92.06227 -274.03436605950753 2.5406127826407507 543.9866554916257
92.2695 -277.78733365681256 2.6284022865235386 543.8579225476037
92.47686 -281.4853249320949 2.73670766262096 543.6733478002336
92.68408 -285.17096186682033 2.806514174569016 543.4942687358517
92.89147 -288.88433716193407 2.905010183732294 543.3375446634666
93.09857 -292.58435021482364 3.0229810461659117 543.1390540911269
93.20216 -294.40031719689284 3.0860658805536723 543.0073488783553
93.40939 -298.00062876531234 3.2117047811585584 542.7395256472013
93.61675 -301.68901983366936 3.3216476996403443 542.4974878428361
93.82412 -305.29105332977207 3.4464807709095737 542.2488056137864
94.1351 -310.63898600795244 3.657636794763812 541.8396928113352
94.34255 -314.1516973589211 3.789112972311502 541.5856039899899
94.75729 -321.1024984783266 4.021743727255362 541.1222444747657
94.96465 -324.5463059168259 4.136748779786313 540.9204632344337
95.48285 -332.73188511575796 4.449566286295521 540.4180503410254
95.6902 -335.7991856365735 4.549317422078605 540.2620574039629
96.10478 -341.5005605539724 4.745075869393849 539.9733791525922
96.312 -344.10563259176547 4.821205599455979 539.8026763923405
96.83026 -349.9890703632502 4.986784077648927 539.3153517457267
97.03753 -352.19443550589784 5.0424381452319444 539.0936036094269
97.55502 -357.2556987890748 5.199876405533909 538.2361220373487
97.76187 -359.16337474991644 5.259917519097371 537.6507919292288
98.3822 -364.2036222077292 5.394699587519384 534.8023963557572
98.58919 -365.5796637954117 5.437962357079546 533.4324634048719
98.89976 -367.315925432605 5.533301870448346 530.9852731294741
99.00328 -367.7928622110619 5.577216988696144 530.0621297580058
99.107 -368.2258237100298 5.6155933537836695 529.0837863615986
99.21063 -368.60490013820606 5.648800177966573 528.0578209970736
99.31424 -368.94574703208616 5.681573190048804 526.998590427834
99.41837 -369.21775453601464 5.709344898258912 525.8957108337746
99.62559 -369.57781110918427 5.783483987670383 523.570926339507
99.72953 -369.6786726272872 5.811632439556291 522.3543229089303
99.83345 -369.7446756237667 5.843023588578394 521.1038135920628
100.042 -369.8278172049917 5.909439167106164 518.4769859291788
100.2499 -369.83807584103636 5.953676146913223 515.7504266165906
100.3539 -369.84311441316015 5.972762642100523 514.3678455105689
100.5618 -369.7639400610382 6.023055695246388 511.4732010667878
100.7695 -369.5714947237831 6.01381545343609 508.48515384776545
100.9772 -369.36378365294337 6.020243421370786 505.37459046122814
101.1847 -369.0910678215004 6.012049099452927 502.1873991206304
101.3922 -368.83738637568536 6.019682845311284 498.8247952027679
101.5995 -368.4880208520201 6.023078419443515 495.38151218690774
101.8069 -368.0890030355707 6.047282626081045 491.8390364871639
102.0144 -367.6639714628561 6.054001738995371 488.1967367380085
102.2218 -367.28303196270156 6.046479699188799 484.4839465245566
102.4293 -366.8569592362585 6.029748848244879 480.65130102900935
102.6367 -366.4754626954911 6.056657838416722 476.7280300399804
102.8441 -366.06797527053783 6.030211344625446 472.79679998374945
103.0513 -365.7123820575787 6.069681194904579 468.8563390847317
103.2587 -365.33543334085965 6.119513290312796 464.9251622153668
103.4665 -364.99191858056656 6.175279728773889 460.9711810289993
