1.037695 -0.0 -0.0 -0.0
1.245136 0.04787221492628492 -0.013685274822569427 0.7334231526082093
1.348871 0.09740717706636354 -0.020243668303141133 1.0952731818896408
1.556375 0.24904753074699645 -0.033789041273747177 1.8057156383540938
2.178679 1.0953701526205353 -0.08236995691270119 3.822239846562062
2.282428 1.2923435698488746 -0.091738739794133 4.13396562918639
2.386034 1.5012082983931019 -0.10067701170097915 4.4380054835748295
2.593387 1.9759522937997835 -0.12018932384962276 5.031900435349341
2.904387 2.7855772605675257 -0.14853887441156483 5.875422512038799
3.008111 3.078030886037304 -0.1571390764558878 6.141453322494391
3.111717 3.382489243421919 -0.16427711117124594 6.404511457584077
3.526551 4.726996080827561 -0.19793337427401664 7.375035272464901
3.630286 5.0921664052880224 -0.20582913334727737 7.5987996455194935
3.733924 5.469579741707099 -0.21193716584767852 7.8168701481219465
4.355974 7.974232072079452 -0.24827091938134227 8.993618227156444
4.459609 8.415682883467156 -0.2513748313310045 9.178647669193964
4.563217 8.858613742157072 -0.256323330456865 9.353364012839094
4.770559 9.772497538600806 -0.26542264213807 9.700293289618205
4.874319 10.244270004638167 -0.26838759421208247 9.876568342111472
5.081656 11.224487875625483 -0.2799446834698202 10.216962501665172
5.288943 12.23756736862101 -0.2908585980516124 10.56212934078308
5.496314 13.292207717313037 -0.3057058594697277 10.91234136653747
5.600026 13.836924606653945 -0.31299578647962967 11.085511132965117
5.80734 14.95457948420692 -0.3259768619325143 11.449056015634039
6.014715 16.10485221176297 -0.34029159176046886 11.823521197807347
6.221927 17.286643261809804 -0.355963344888386 12.197873544525462
6.42928 18.50762177872497 -0.3745590998451931 12.593307412435397
6.844097 21.067351237902116 -0.40991502851965544 13.428836779292794
7.051471 22.39402617236924 -0.42138346273651733 13.848148190680185
7.258923 23.720620563703914 -0.4430382872354277 14.286670059011028
7.46621 25.082138443731715 -0.4563019520501339 14.73947321293219
7.881024 27.889220652934622 -0.4876023648804187 15.681751597749866
7.984696 28.6050514588283 -0.5009210426607678 15.911505156624436
8.0884 29.329362810115416 -0.5099106064152263 16.152669454643053
8.295863 30.79258054582467 -0.5354254196414211 16.63835804493286
8.399546 31.533818650857643 -0.5484183352842796 16.88046290937918
8.503235 32.27528782633761 -0.5610402264880157 17.124067470469164
8.606978 33.030361966820244 -0.5704324760061918 17.363795236897612
8.814436 34.55137117455 -0.5994405288266536 17.865415734886714
8.918107 35.32533066258559 -0.6165018348638882 18.107896874706086
9.021867 36.107405432782066 -0.6284498977969335 18.35218566449814
9.125548 36.88430398710076 -0.6419609073124846 18.592023261058703
9.229148 37.669980602491165 -0.6552007749394214 18.825787570927254
9.332783 38.460773346596596 -0.6691369262540228 19.059019794903737
9.436507 39.261473880545026 -0.6833060256390493 19.28866003387343
9.540126 40.06071132666516 -0.6997348095810175 19.51860335582196
9.643856 40.874070910857355 -0.7154132305770018 19.745943536149177
9.747566 41.69358266140998 -0.7285492113255139 19.969267749474817
9.851216 42.508248284156686 -0.7435236675359405 20.18694179423555
9.954854 43.33533925081246 -0.7581958073050701 20.400487760346056
10.05845 44.16219671136169 -0.7686222909964602 20.615301726921537
10.16227 45.00325241197588 -0.7890421991337317 20.81977159669289
10.26595 45.84471196413741 -0.801771723207899 21.017430741356215
10.36954 46.68519364598083 -0.8184718285106265 21.213260610048444
10.47333 47.54153072017873 -0.834997724862405 21.408909680209835
10.57701 48.409089428371885 -0.842071015145131 21.59100730132893
10.6808 49.2795559767186 -0.8528711925296001 21.775415771985443
10.88838 50.99393132789022 -0.8882393598557787 22.137609083323582
10.9921 51.85736944041244 -0.9040642994256952 22.32187637536041
11.09628 52.72215267153355 -0.9190863966492577 22.494811647923488
11.19965 53.58589946623905 -0.9295529057529238 22.649102499960968
11.30336 54.47342970066784 -0.954220126552714 22.842085072816896
11.40708 55.347998010744476 -0.9645788905557459 23.005367671326894
11.51057 56.22875708047821 -0.9810981834879068 23.171714848801123
11.61418 57.09959140364328 -0.9949396016710549 23.32970271866386
11.71802 57.98831326313102 -1.0147566727355084 23.481263837465757
12.13214 61.56463157530286 -1.0919016341349825 24.08244422104582
12.23595 62.461348284853464 -1.1072879123039985 24.224242554054328
12.33962 63.369944455988026 -1.1298129395824403 24.364546862250755
12.44323 64.28196024584068 -1.1454019216942486 24.49522146875099
12.54685 65.19803378358702 -1.165050047436321 24.629414628218946
12.65059 66.11950220398732 -1.1840610550592188 24.75920056376406
12.85782 67.97994012667083 -1.2165124029126608 25.014836207724883
12.96145 68.90455533240946 -1.2356769478747904 25.13363973895119
13.16879 70.77061639614028 -1.2658347790939999 25.369131726384737
13.37617 72.65718920119077 -1.304112412527529 25.592227982976098
13.47977 73.60740847658654 -1.3300727238058947 25.699313853320277
13.58338 74.55971273432446 -1.3596782190151373 25.80126140387759
13.687 75.52104302100696 -1.3807271298450405 25.90417430504546
13.79073 76.48390412473663 -1.4059091242359476 26.00267289787896
13.99845 78.40813390040968 -1.4535402858554667 26.188561185418326
14.20592 80.35023586347869 -1.5003878589320507 26.377529020784188
14.3092 81.32757487420426 -1.5285329804124266 26.45721504131084
14.41287 82.29341112755087 -1.5525694954723945 26.528203759018556
14.51654 83.2685660392275 -1.5731184501547317 26.603102897987938
14.62033 84.24323015653738 -1.594460182207091 26.67333903191323
14.72368 85.20956098474622 -1.6194827521465758 26.73739227497431
14.82739 86.18791343383768 -1.6429514133183238 26.803380233428992
15.03485 88.1327165759721 -1.6910385192800816 26.926807079646508
15.24218 90.0765735427555 -1.7478690767600211 27.047890243302394
15.34573 91.0560493358188 -1.768581960460217 27.107647296085524
15.55307 93.00300909388157 -1.8275787896519913 27.20510392157284
15.76042 94.959702139423 -1.881960080438056 27.2947309990855
15.96778 96.90538705400931 -1.9354844081849187 27.360182410479332
16.17517 98.86817230228084 -1.9931262789917081 27.42975208214423
16.38237 100.81697927235035 -2.0408895905418216 27.476052645686778
16.58973 102.76491996779694 -2.087120001994106 27.49813143977092
16.69338 103.74842787361331 -2.112000007048361 27.48967261057812
16.79696 104.73010478470661 -2.1340958260863996 27.477851539895237
16.90069 105.71137127009872 -2.1538201369580854 27.465941501130207
17.00432 106.69748049482119 -2.174132296875256 27.45687696759812
17.10793 107.67934064181107 -2.19865331510713 27.447962712700097
17.21226 108.65769168113377 -2.2253967724035153 27.445138612182074
17.31533 109.65166474566395 -2.24755570634193 27.41784526387394
17.52274 111.64080880116943 -2.297619918314335 27.370165555637723
17.62628 112.64237823143431 -2.3232072038548734 27.340223862846628
17.73002 113.64541288168544 -2.3447153095677855 27.306574654601064
17.83361 114.65355701194446 -2.3705991153316446 27.274465708625257
18.04102 116.676541176655 -2.4277821441654592 27.20264378351998
18.14461 117.71062183799629 -2.451102452854146 27.148893604318616
18.24822 118.7503602742726 -2.4776512604804197 27.086033647703104
18.35182 119.79676121795947 -2.4964927109284627 27.024408890113783
18.45567 120.83815676038793 -2.5170863628636755 26.960291904558424
18.55914 121.87668417084446 -2.5418741806070537 26.903651775530715
18.66305 122.91037916699382 -2.565598884939197 26.857032972237786
18.76628 123.9589394387568 -2.5876139220563035 26.795668802714303
18.86992 125.01054379543851 -2.6115869427381684 26.7283684576058
19.07714 127.16771452095587 -2.668113034035147 26.572233940654648
19.18087 128.24925899966598 -2.69082880551337 26.489258230737956
19.28453 129.32339529726994 -2.7179512614165464 26.407672824315906
19.38822 130.41042031063756 -2.745260086588595 26.311959971160107
19.49184 131.49467854575832 -2.7700079198377594 26.218100324364983
19.59546 132.57915851228222 -2.795622816998425 26.10814338825182
19.69907 133.67406710722918 -2.8163430274777714 25.991221907425732
19.80284 134.76699267634143 -2.830149003899934 25.877462253885653
19.90642 135.834373423038 -2.8490639980084933 25.74464539795492
20.01003 136.9276397289811 -2.881136980479395 25.62037067948487
20.32088 140.23018204804345 -2.9529319049753227 25.161916702863603
20.4245 141.35109488298107 -2.982912716823103 25.009524743046295
20.52812 142.47409644612773 -2.9976172856699743 24.851525984750733
20.63173 143.60827909451555 -3.0159700040726842 24.688174609728424
20.73535 144.71817007531735 -3.0341870534646187 24.52672064406308
20.83896 145.83737775765263 -3.058566580129253 24.35962909606657
20.94258 146.97800826215828 -3.078540373168467 24.18550979505364
21.04632 148.09122240218713 -3.104451719827238 24.016549840002554
21.14994 149.22945384496302 -3.1170408529947573 23.838588650255314
21.25355 150.34171240832742 -3.134347451041695 23.669817013951256
21.35717 151.46666458609135 -3.1540137972981537 23.47233102361448
21.46082 152.56998246620066 -3.1749015260554465 23.285910298546707
21.56462 153.6830463239003 -3.190318902139956 23.096525898769496
21.66814 154.81364044479025 -3.2044372370680643 22.901326107571265
21.77179 155.9179163283094 -3.216793398154042 22.7008782723952
21.87536 157.03356246414717 -3.2282703246903046 22.50392880826955
22.18621 160.35442988714786 -3.2459700270856033 21.90105788845775
22.29025 161.46084233337479 -3.2659085237482115 21.69174815028801
22.39357 162.56054387682647 -3.290421938858053 21.48918701480647
22.49725 163.65170971293676 -3.3131225715315433 21.277522420016496
22.60085 164.7168807738234 -3.34891764232153 21.061763771133805
22.8081 167.07051931566986 -3.3701944089944824 20.580879630471728
22.91177 168.20091127419892 -3.3746036643268775 20.344603807896377
23.01539 169.3657294072073 -3.3863712861566944 20.090100443653917
23.43007 173.88750760689666 -3.4015755000222425 19.113634166101704
23.53371 174.97101059136185 -3.4168541829580064 18.880182512300344
23.63732 176.1168933197271 -3.4236379986611816 18.60839746491059
23.74108 177.21223614747913 -3.422886877066902 18.347386572272754
23.84468 178.3043961490505 -3.423996359415167 18.06046219641786
23.94843 179.43613941398448 -3.4400319393714063 17.794913092885515
24.05212 180.54009521164213 -3.447061281780555 17.521657782909998
24.15565 181.60237412490258 -3.467519832743659 17.256285389557277
24.25939 182.6899890596419 -3.468155791674717 16.97188446091898
24.46662 184.86504552673085 -3.484148307485868 16.411240984620605
24.57024 185.9867337667562 -3.483159560688196 16.117563509012406
24.67387 187.0883558361884 -3.493692330504512 15.82663254329374
24.77759 188.2284367874704 -3.5000482270795477 15.52927688320925
24.98488 190.4069150930364 -3.5158563739798865 14.95072268799418
25.08832 191.50568305032277 -3.522378845282046 14.654369410589553
25.19195 192.60829967405738 -3.5267002373277485 14.354843558719317
25.29556 193.7038631988621 -3.5259107005026746 14.052451086890606
25.39916 194.80986278905775 -3.5177462083180098 13.752030262040698
25.50278 195.8914714958908 -3.513748724022799 13.465520753131138
25.60639 197.0015576854645 -3.5069387796868887 13.174597395015368
25.71001 198.09264119515876 -3.5069236445675744 12.875915957957417
25.81362 199.21464085989305 -3.5100103148905033 12.581563752508416
25.91726 200.46153977368058 -3.5206527088711708 12.294660149260743
26.02085 201.390559343883 -3.50433188721738 11.995225687340117
26.12448 202.50614732970823 -3.5042251146529146 11.72527334634809
26.2281 203.6970037260534 -3.514056155345906 11.443116143079514
26.64267 208.2277273270762 -3.523355459684873 10.37942167801014
26.74631 209.3823382963659 -3.526811152340015 10.103745751440066
26.84992 210.51976086529407 -3.529116695259143 9.836434107897688
26.95353 211.66069767707594 -3.531240029710218 9.5796933520391
27.05726 212.7681678564934 -3.5300346450001534 9.298502328135271
27.16089 213.89216120942885 -3.5321565552531227 9.028609172704044
27.26453 215.02236977058547 -3.535048297884168 8.756863298936658
27.36823 216.1564509414077 -3.5378529828957963 8.490016990987847
27.47185 217.29912109356638 -3.5406758366333952 8.223896294190588
27.57548 218.42636296728776 -3.539171581214845 7.969033551363481
27.6792 219.4370656140266 -3.5498882407750276 7.729465124964172
27.78284 220.55077468676447 -3.5483722853609567 7.469929834478819
29.23384 236.07500311437585 -3.471967344477361 3.9307551630413116
29.33743 237.18238032071304 -3.482807781568369 3.6407917869970845
29.54466 239.40103990961308 -3.4704880461869263 3.076568528152279
29.95912 243.82721693557227 -3.508979347024693 1.9807540079833075
30.06273 244.92599018403382 -3.4932539626010115 1.7164731221958434
30.26996 247.09459942558368 -3.456048643104804 1.1342538212641031
31.09914 256.57971596465603 -3.5076675356021507 -1.0166773687852455
31.20276 257.73538717054373 -3.503235031914767 -1.3035086864086765
31.30652 258.837430524958 -3.4925341288640697 -1.632516416455978
31.92857 265.66670545849536 -3.4348969837716057 -3.402565494743641
32.03219 266.9310285130525 -3.4289858141754497 -3.7182858171965734
32.13593 268.11706302673093 -3.4253223031778077 -4.055507005921221
32.86174 276.62216806325654 -3.3052704145090157 -6.013692987236986
32.9657 277.7996393671873 -3.291299633983825 -6.307275316510498
33.0705 279.0325275247689 -3.2857034625108383 -6.610281216654975
33.48381 283.8804434942569 -3.2450300464411077 -7.775302661116356
33.58762 285.0818099046655 -3.226334842260873 -8.081175291332762
33.69122 286.3102009909846 -3.209252446184177 -8.38617093600876
34.00238 289.95680283796924 -3.131496284597808 -9.277002358446325
34.10599 291.14374560693415 -3.1167624585338567 -9.562549019509774
34.4171 294.7533531919067 -3.067922777084277 -10.430493554008613
34.72806 298.4440461468712 -3.0597532986836633 -11.353606278005302
34.8318 299.6702221305816 -3.036950940744748 -11.677979060942434
35.03915 302.1199799692218 -3.006713572548369 -12.344526486401648
35.454 306.9410585329121 -2.9403906630404837 -13.636656646366049
35.55743 308.1683283102672 -2.925412008816153 -13.961685717261389
35.66109 309.38378076115924 -2.9132185642468986 -14.293958589358994
35.76477 310.5794966876129 -2.9144973101045224 -14.627441561339353
35.86833 311.7816513951633 -2.9012040417556424 -14.950465501973767
35.97207 312.9951485526088 -2.876867269161427 -15.302674485479784
36.07584 314.19051224698984 -2.889578383034908 -15.705775171051243
36.17953 315.37477340858806 -2.8814332865921353 -16.06933875709339
36.28328 316.60086164184213 -2.8755454043035433 -16.444305998295064
36.38684 317.78029375196013 -2.8564870256496775 -16.8074769484857
36.8015 322.71101094920266 -2.801709065809634 -18.303195231796508
37.00885 325.11111872607916 -2.7833929507162862 -19.049622038748154
37.11259 326.2931560583527 -2.7767312550354353 -19.397458618952584
37.21633 327.4924372730815 -2.7631036902421533 -19.789204637021072
37.94202 336.365823592574 -2.6940026051096986 -22.255065809095967
38.04563 337.6619926532052 -2.686395922478914 -22.629517792715532
38.14925 338.9488657076247 -2.6768140467905583 -23.001560278795566
38.35648 341.4583358308161 -2.644068230637708 -23.891764772804777
38.4601 342.76904723039274 -2.6189595740488496 -24.24979452105542
38.56371 343.99591143204856 -2.632181982130592 -24.65189344954021
38.77106 346.5283985001179 -2.6123998552687384 -25.4823173569676
38.87476 347.7917810087723 -2.5981410301957224 -25.894866493019506
39.28926 352.92425780420433 -2.55436481181958 -27.600120997549524
39.39288 354.15328081304887 -2.5376311060998304 -28.03834895854405
39.60024 356.71404264830653 -2.4764525532779773 -28.95501934129271
40.32592 365.3560622668549 -2.424267358476982 -32.03693417449709
40.42966 366.6027986294883 -2.408789927510793 -32.49731337036624
40.53328 367.8788725637394 -2.437212542940082 -32.955210363964596
40.84427 371.6530868068142 -2.4245531629911827 -34.4539664241579
41.0516 374.22930579186163 -2.4742080189047897 -35.53887416145493
41.15522 375.49510260576494 -2.4615664821398315 -36.11376236476636
41.46632 379.4453857656199 -2.4526261129436397 -37.9433216639943
41.67355 382.0861408800181 -2.5093840243937757 -39.170705496778666
42.192 389.183808729736 -2.483142492872658 -42.478507969207016
42.29564 390.6219388856071 -2.458386749712874 -43.27418260896799
42.39935 392.0958076586058 -2.3782496343109347 -43.95202275413648
42.50297 393.61335718889325 -2.349763186805779 -44.64312446687859
42.81381 398.0471767441082 -2.1016606421925452 -47.07928306101503
42.91743 399.5109080587709 -2.019516322591896 -47.987463838885915
43.12479 402.4983767524265 -1.8195866824427487 -49.9711276984997
43.53925 401.1299114855375 -2.1872134306492175 -46.95201203980277
43.64287 399.2568989562055 -2.2214372783111633 -44.77923768237558
43.74648 397.4271190513502 -2.1889224782846535 -42.8120469012035
44.8865 391.39619936179383 -2.922729655754326 -31.30996855323791
44.99011 391.78833928747866 -2.915432229014467 -31.274570090281514
45.30098 392.7427974088826 -2.973100185810507 -30.785219768447092
46.64834 397.4949886201971 -3.0371219392608744 -29.05937561894403
46.8557 398.2899818807138 -3.085633085247057 -28.73571624022796
47.06306 399.20667393058466 -3.099602984562498 -28.647059782975973
54.31875 432.1008036530857 0.10592718992738526 -18.796155636410248
54.42237 432.7921238062355 0.22288936428130235 -18.029451987903172
54.52598 433.37388918654847 0.3237117169195578 -17.183458656354418
56.08086 446.20565836061746 0.3893381763709858 -16.112983848242038
56.18447 447.090295226108 0.2741361569351337 -15.933570816458598
56.28813 447.9848638755026 0.15013151045552675 -15.683493379971452
57.84218 464.2192021202811 0.8055251649112787 -13.386634050765053
57.9458 465.4193660695909 0.7439251641873019 -13.377944258796958
58.04953 466.6915056303542 0.5857408041783074 -13.024602348790665
59.70826 490.7546088613203 0.5809648385828412 -12.427791576667744
59.91574 494.2536539086449 0.3304568659337219 -12.626699724932223
60.1231 497.86578748863417 0.05531064341462333 -12.856804107502171
60.64143 507.5957126063008 -0.7397774969297348 -13.829997998636713
60.74517 509.68986191674594 -0.916854481078996 -14.13085224249221
60.84878 511.78684436773176 -1.0845263743246747 -14.45381439585168
61.26337 520.3418132685363 -1.8065048284848046 -16.308443542620807
61.36698 522.4708542450288 -1.931094557813866 -17.21054217384156
61.47063 524.6727457901095 -2.0303223122793614 -17.81171089615387
61.57422 526.9127460453984 -2.1537535701701085 -18.57914096897511
61.67785 529.27657941693 -2.3893452715417656 -19.283693282894802
61.78412 531.7127792518608 -2.2890857212358995 -19.902767712153945
61.88524 534.1159003879851 -2.561320281446033 -20.7038574495366
62.09242 538.8076946158476 -2.790692542056213 -22.652840984025772
62.19657 541.0298839142915 -2.5559865587138617 -23.90341932327152
62.30001 543.3251404025384 -2.418339627220014 -25.182339508650443
62.40341 545.63689885701 -2.4497919242289363 -26.53042114432884
62.50702 548.0704550243561 -2.287137975169056 -27.843333164805415
62.61105 550.6561657265574 -2.1801413856071648 -29.092929468219722
62.71412 552.940867975027 -2.1016547035325157 -30.682728352765935
62.81773 555.3166104058844 -2.0663522381661643 -32.18644944821949
62.92155 557.5341090329994 -2.038657422355838 -33.8074409426647
63.02496 560.005109421638 -1.9054883186018419 -35.33341803137978
63.12857 562.3382382935091 -1.806068599062602 -37.080632335527866
63.23221 564.6523617909168 -1.7882544361345154 -38.68575244262553
63.33569 566.9810583759988 -1.804393836355164 -40.40840254270887
63.64652 572.4707439688643 -1.4670034592838146 -45.009545178353676
63.75003 574.2668418175044 -1.4200511670925806 -46.64793880913254
63.85363 576.0902358130382 -1.3523124192158118 -48.354665261548064
63.95724 577.8242279721021 -1.3080530130597232 -50.03941038451569
64.06073 579.6266126998786 -1.2468413337931743 -51.77008443851139
64.16435 581.3824057983304 -1.2446823621941103 -53.507629843424525
64.26797 583.0797151186872 -1.2284926364823168 -55.25589999312888
64.37158 584.8632603710798 -1.174108632853418 -57.092003846529394
64.4752 586.4211749590909 -1.145953986552776 -58.833070556482824
64.57871 587.9678656049955 -1.140531610379254 -60.60004855123648
64.88962 592.4192497558209 -1.122545773863557 -65.97093527084536
64.99315 593.8252339330573 -1.1083663262138197 -67.78168243346076
65.09677 595.1792122262827 -1.0971389992694522 -69.58854925816073
65.20041 596.48967365998 -1.1013128077099275 -71.41270816805147
65.30413 597.687810272671 -1.1214932242689741 -73.13169168701043
65.40774 598.9767058710844 -1.1255715076983126 -75.025393002902
65.51137 600.0921913412312 -1.1292076286774666 -76.74187968365129
65.61497 601.2167626635801 -1.1257212136491521 -78.48317877724674
65.7193 602.2589525716423 -1.105983434508814 -80.1197346936467
65.82245 603.2422298799767 -1.0962089983202707 -81.73481903410703
65.92608 604.1534593382577 -0.9971608310996447 -83.26243831952658
66.02981 605.0605760522458 -1.047901062128418 -84.94458741616765
66.13343 605.8680527202539 -1.0059810452491023 -86.47526779272388
66.23718 606.5876587326716 -0.9936211027858135 -87.80450077928367
66.54825 608.502828499549 -1.0245364737310085 -91.98382485626112
66.65188 609.1060651836866 -1.029140490544102 -93.31415242501498
66.75549 609.6737227614989 -1.0364153927616069 -94.6865971882167
66.8591 610.150929155824 -1.0249816539908165 -96.10110348385282
66.96272 610.6654541322991 -1.058656068338442 -97.48025674961269
67.06634 611.2097354733951 -1.0434127380133518 -98.92482689722323
67.16996 611.646183114282 -1.0245648497703665 -100.48742817921169
67.27357 612.0048611532229 -0.9878852091322972 -102.16271343245813
