0.0 -0.0 -0.0 -0.0
0.1036117 -0.0036650997719655733 -0.018597545909468233 1.2861645741267014
0.2073529 -0.014082815814118927 -0.03334799093832422 2.5746338875953283
0.3111179 -0.02618437241609595 -0.044935108597154286 3.850327442568883
0.5199468 -0.053312374309772675 -0.06683261400771215 6.403574027959342
0.6220911 -0.072995578952344 -0.07946273819973418 7.664153551514149
0.725703 -0.09316562048580761 -0.08960281155319466 8.922129392818684
1.036778 -0.16059262962617848 -0.1329576210686633 12.67991496123227
1.140398 -0.18346067040783798 -0.14945953609880241 13.935481523119682
1.244137 -0.2101943201684282 -0.16441370091796947 15.19650201972458
1.555107 -0.28481876580917337 -0.19431533723510508 18.88686115500592
1.762586 -0.3476902121323799 -0.20308319767697006 21.33555666200049
2.384674 -0.5013923902467656 -0.2699309817015082 28.501611649782735
2.592012 -0.5534671919305578 -0.2955401630871185 30.822684930312697
2.799368 -0.5968219375138741 -0.3219132935592801 33.08423209290325
3.00675 -0.6306491264617389 -0.34933968770983204 35.27733911461291
3.629166 -0.6704604296657769 -0.4242202825213154 41.51648308662074
5.082534 0.6068486641081545 -0.5621221037246777 54.365300806435826
5.290138 1.0820812298563869 -0.5710347881599023 55.98395699415663
5.497872 1.6321638190660153 -0.5786789503271654 57.54186661768983
6.120823 3.7517425664387645 -0.6122580913328742 61.78268876458297
6.32844 4.6211403455994 -0.6231423392635337 63.0768180368122
6.743256 6.610620066313608 -0.6588639821881511 65.41270607801627
7.469315 10.798405580873684 -0.7213643411172421 68.71470590492416
7.676672 12.17119565532349 -0.7704324818840811 69.47460071623672
7.987818 14.358815954028039 -0.8513212119725523 70.44729008601247
8.195302 15.890866246620106 -0.9062980048905644 70.94899602691072
8.40273 17.470224916916173 -0.968667876339331 71.32988290041021
8.610085 19.09671886481518 -1.022600904303119 71.58463674460388
8.817441 20.744331672618763 -1.0788360269651656 71.73498118604303
9.231657 24.109910190271265 -1.2126096632578287 71.75791946951007
9.438799 25.80560552747916 -1.2773608645254666 71.67414706490102
9.646095 27.51058238733527 -1.3603710745586035 71.54080646094944
9.853097 29.22566330262707 -1.4556863166545744 71.38655709061312
10.06045 30.945884699092424 -1.57003841490984 71.23151344687565
10.26768 32.68020486681351 -1.6891670126101133 71.06743789240063
10.68242 36.17106274498798 -1.9522528752394652 70.71057850768501
10.88987 37.93511597346066 -2.087285790421515 70.53094493077435
11.09727 39.70016895415607 -2.233160876942882 70.3372039962719
11.30471 41.48860027285246 -2.3837579876428583 70.12521645668629
11.71955 45.09044298939568 -2.6997075491683127 69.68717847939725
11.92703 46.92246107498937 -2.854523006233882 69.45080275685757
12.13451 48.7675874740061 -3.021187379547025 69.23082664614336
12.54922 52.49984047396415 -3.3568361466764616 68.76029067078308
12.75659 54.3956884872048 -3.507205105481271 68.50460324379135
12.96381 56.28316176268537 -3.6396166496017397 68.2469895511525
13.17118 58.1892582982582 -3.7910682565311986 67.99520632560217
13.37865 60.124987987295604 -3.9540899520057975 67.75657391558802
13.58601 62.07017017542858 -4.102819325583041 67.51189471644236
13.79348 64.01373799720399 -4.2584667172363115 67.26721734806662
14.00084 65.98323749216333 -4.424360756637612 67.01836648849739
14.20807 67.96363465927689 -4.581255441003333 66.78277888971141
14.41543 69.96896642405477 -4.743403119509144 66.54722756977777
14.62278 71.99826988055463 -4.905675255394989 66.30545324609159
14.83014 74.03619381699731 -5.066091148447951 66.05548307895782
15.03737 76.08971225928902 -5.226516569057084 65.81533932154068
15.24485 78.16353725148275 -5.388457264366952 65.58930419391812
15.45231 80.25991006314462 -5.547611781242847 65.35969553461128
15.65967 82.36619855001169 -5.705564664866791 65.13366379806084
15.86717 84.49204029556635 -5.8685924375383705 64.90778625010401
16.07463 86.64760366897356 -6.03407488017803 64.68787441913385
16.28215 88.80337571779458 -6.19933095041971 64.46273441310511
16.48961 90.95508490770395 -6.358299659360329 64.21820060687385
16.69699 93.10171038281835 -6.513151837616255 63.972140355837794
16.90495 95.22483408235601 -6.67818151301008 63.710931301462615
17.5269 101.468860864602 -7.1798452929690075 62.60902256874277
17.73425 103.50349929067808 -7.345971770303859 62.1235497935989
17.94173 105.52421139006898 -7.51078582559532 61.5949928445994
18.14909 107.51489590138655 -7.660052122796287 61.002340941500805
18.5638 111.40530766980473 -7.990842913389656 59.62314015102332
18.7712 113.30526120845934 -8.153995857036122 58.850838458901436
18.87477 114.24194141623352 -8.233794962251414 58.44517795404081
19.08226 116.09543286201115 -8.405125840151943 57.575647509822105
19.49684 119.74619917639308 -8.762866430062147 55.65674549497587
19.7042 121.5543966689622 -8.941873926044224 54.58447102297377
19.91155 123.337730383495 -9.122749738600476 53.433772533700534
20.11891 125.07676307991366 -9.31455991672391 52.215213548393024
20.32614 126.77440641160095 -9.501555376945063 50.92559740488023
20.53351 128.43813787061606 -9.68601499845834 49.551793349000235
20.74072 130.0742601946112 -9.879552142056589 48.11657944814034
20.94799 131.66592872829492 -10.069926399308903 46.578799648659036
21.36266 134.61653249424126 -10.442020413392115 43.275249722676705
21.57009 135.96255135667047 -10.633843305201587 41.49842830216666
21.7775 137.2174218943544 -10.829113254940534 39.67706112408338
21.98489 138.38183654261206 -11.029701459535218 37.79241985532781
22.60669 141.44934760216515 -11.672210426141886 31.813760562961864
22.81379 142.34127766187441 -11.882135230135148 29.740907063432736
23.02116 143.17480126583126 -12.085155739600133 27.655468456920946
23.22826 143.95515157719433 -12.286336395986828 25.560109665728348
23.4355 144.71241960849017 -12.49113503544958 23.440590538351895
23.64273 145.47757262103684 -12.686030298662452 21.309159654573826
23.85006 146.21996013350085 -12.877256461019162 19.183732928396303
24.0573 146.93667458280532 -13.075855925428364 17.04663428931208
24.26453 147.64537376914603 -13.284044266841617 14.927247842564583
24.47176 148.35765453326513 -13.49893400290844 12.806114056529857
24.67899 149.08944831437003 -13.707041667771476 10.695445191648439
24.88623 149.83877182928157 -13.92339244066955 8.608991989443844
25.09357 150.61434847024688 -14.121586618305903 6.53313757180112
25.30082 151.41262523268938 -14.319415037809566 4.485155073254035
25.50805 152.25960443308745 -14.515599950960539 2.4448304032713963
25.61167 152.70584176062908 -14.612257074323448 1.4292797960996069
25.81908 153.64176104321885 -14.810895525541486 -0.594686236876349
26.23385 155.6693540812141 -15.199637078054351 -4.5236170314500725
26.3375 156.211033968038 -15.29141086589791 -5.470696688778858
26.44118 156.76526728739162 -15.381354030657743 -6.410040029467368
26.54482 157.33209065714018 -15.473505432286165 -7.3411769352259455
26.75206 158.52221872253529 -15.648214430024108 -9.139761819919528
26.85581 159.13983594906142 -15.730466193848812 -10.017353821795538
26.9594 159.76719124001164 -15.815828461438578 -10.876700431936513
27.16666 161.08537816818978 -15.970137634502336 -12.552270856754944
27.27035 161.76571051875766 -16.046226841413066 -13.351246147374809
27.47773 163.17540597017688 -16.20137834504669 -14.870239259667315
27.68531 164.66304863209763 -16.35734521567229 -16.317691416301642
27.89284 166.20618568139764 -16.51415408402587 -17.63928196120297
28.1003 167.82453261991316 -16.662225095911662 -18.883652065118014
28.51536 171.28966105805654 -16.97323011517294 -21.11803071518913
28.72284 173.12342092742426 -17.13290275380212 -22.057761259938616
28.93033 175.0172297703789 -17.27191806648009 -22.88515183199322
29.13781 176.95956608553587 -17.424238782780964 -23.575242091002373
29.44916 179.9964590776439 -17.640791682832063 -24.384944531366028
29.96802 185.2642604996293 -17.972947224293854 -24.990797274849374
30.27923 188.4402278166167 -18.198393541470445 -24.90430449377368
30.38299 189.5131915821248 -18.27058344169383 -24.807185257565735
30.48671 190.57497433075798 -18.33692216395328 -24.677236810814488
30.69406 192.69703579527035 -18.484291135573418 -24.321059852186046
31.1089 196.8812376624378 -18.777943512946056 -23.22623296374786
31.31628 198.94723186435456 -18.928331913685465 -22.47725229001128
31.52362 200.96334757952792 -19.074714909264472 -21.591425371159616
32.14606 206.8042117100751 -19.549295905703055 -18.16116031896678
32.35368 208.64938385653002 -19.716363226686013 -16.78271341032071
32.56102 210.43265604588314 -19.877378399516214 -15.31292905177068
32.97586 213.86183876638697 -20.19225672116916 -12.123025629735992
33.18321 215.50332613956476 -20.349094446336245 -10.395229960881181
33.39056 217.08012241825259 -20.50351798755761 -8.592166108613881
33.59779 218.61493747889102 -20.66005706305655 -6.704560193559402
33.80503 220.0898000637937 -20.821762978429877 -4.740817870620901
34.01226 221.5275394263453 -20.983723717850662 -2.7172207216880793
34.42688 224.29270103862035 -21.330061359222675 1.5258139417461791
34.63421 225.64670289943732 -21.49871283927708 3.7292331857126726
34.73782 226.31502774928256 -21.582179960207 4.827794076964864
34.94505 227.65242810987598 -21.74003269718684 7.056865629490417
35.15228 228.9616364569531 -21.898887009662772 9.321186399243174
35.35955 230.23376752214057 -22.06278516970326 11.583892966770875
35.56675 231.48465538603426 -22.221397975100302 13.87177742344322
36.39606 236.5593712402105 -22.848218949560547 23.062726999095545
36.60341 237.82844871364028 -23.00989231341589 25.37226113186918
36.81077 239.0921260871844 -23.162394153072356 27.69227564771009
37.01811 240.35704035029897 -23.323173050538227 30.010456765008612
37.43285 242.91807055527772 -23.631166606859686 34.718643857685834
37.63992 244.2024098219316 -23.792495205123668 37.09012722704787
37.84728 245.5018917341764 -23.948807388492185 39.477737360618804
38.05465 246.80604656567326 -24.09414738906117 41.875433988145204
38.26267 248.09527441674447 -24.224789460155204 44.26053666725937
38.67697 250.62663166543945 -24.48947104817703 48.96946939665432
38.88419 251.858837048467 -24.618732775796012 51.30858196322929
39.09154 253.06969036615624 -24.725261851528362 53.63085294921197
39.60976 255.9658650027198 -25.002128974610415 59.313503327077214
39.81725 257.0775316029865 -25.106693552243485 61.55442451977838
40.0247 258.17153719930093 -25.2124372387106 63.76281218754217
40.23207 259.24837178042173 -25.334090161556148 65.94721244135346
40.85451 262.632797258401 -25.70400553719638 72.30421130979617
41.06199 263.8612129389992 -25.81511279104681 74.32904447942724
41.26947 265.1500784026746 -25.924021063533274 76.31484585206576
41.477 266.51306654023716 -26.043964019496308 78.25430981523752
41.68449 267.960542803124 -26.182831027072375 80.12168683255224
41.89194 269.4859779315662 -26.311668910622394 81.90799821406277
42.09952 271.08560367468857 -26.438806815371194 83.5824080698322
42.30701 272.7703832978062 -26.570879381388508 85.1495080312259
42.72209 276.37819689447406 -26.832822027404358 87.8784996077444
42.92959 278.2794048576609 -26.961320046665413 89.03129856728464
43.1368 280.2373741485456 -27.09044248961179 90.03068412141087
43.34415 282.25741011560723 -27.218981088105988 90.88709107857316
43.75899 286.44395334217273 -27.508369800204264 92.15016402526976
43.96657 288.5817141875969 -27.649769202705322 92.55940717219326
44.17385 290.7284520342332 -27.78708426871073 92.81001921744752
44.58866 295.0689391101835 -28.095983160306456 92.86157830985815
44.79604 297.21698486742304 -28.24378401165619 92.65266482913657
45.00338 299.34114811340953 -28.400079632059416 92.28654090494003
45.41797 303.5044099142443 -28.732639465153426 91.08075745934941
45.62533 305.5101321783203 -28.891438714978776 90.2550735357196
45.9363 308.40645316427026 -29.119416128022024 88.72562766675911
46.14378 310.2660020521305 -29.263438205437623 87.51149739028357
46.35113 312.07820644892416 -29.415460546006468 86.1412731347231
46.76562 315.39899315270304 -29.762453526511425 82.9328572512274
46.97295 316.88743142470474 -29.944444958806187 81.11362333380248
47.07656 317.58588993940725 -30.039703415950882 80.15321151619914
47.49115 319.9418696007983 -30.422489532306873 76.1045315171289
47.59477 320.429926502646 -30.512976741531133 75.04625953102735
47.80202 321.2768315244431 -30.695675806720764 72.920988520979
48.21646 322.55574309437714 -31.06736724908938 68.53928604840502
48.42366 323.0446267584056 -31.257791182400435 66.2995346369815
48.63055 323.47930561875995 -31.442764553359495 64.05293651466255
48.83753 323.87912211342217 -31.631368083092617 61.784332421290976
49.04477 324.24846386341625 -31.815130356522623 59.50389346056936
49.6666 325.13133248304985 -32.373279281797 52.61698795560653
49.87371 325.3551813105575 -32.55725643481133 50.39642375612358
50.08079 325.5722033522263 -32.73689877700932 48.20003199527161
50.28802 325.79855409345754 -32.911874223291576 46.06463117021937
50.49519 326.060193966718 -33.08700140864566 43.986986628973945
50.90934 326.72967094615086 -33.425266465504684 40.11355850507372
51.11635 327.15239629701694 -33.580654425147316 38.36216738955213
51.3234 327.6649500509484 -33.727617674850165 36.72276984901703
51.53028 328.2967011642194 -33.865646270998845 35.179143322525505
51.94412 329.9841456451154 -34.1112051867883 32.47155871446964
52.1511 331.04018520550426 -34.19887577371809 31.32783590625735
52.35833 332.2141762270784 -34.27282236117377 30.349939066846332
52.56569 333.5208027312941 -34.31573665540421 29.51255631268714
52.77317 334.97813434883545 -34.33903535485978 28.82196602997864
52.98058 336.5947452997008 -34.347817693589974 28.291036680084176
53.18816 338.3543923425184 -34.33957959748247 27.917370273612306
53.29209 339.26835597318643 -34.32660443165775 27.793373495023495
53.49987 341.16239199765795 -34.29591277236655 27.67583318437483
53.60412 342.14358739610435 -34.28687091518566 27.67516679165239
53.81213 344.1854357465049 -34.30061090514477 27.782558182046905
53.91571 345.2259119158914 -34.31026366651931 27.887517383913043
54.12406 347.3421405303695 -34.33291490263956 28.219159789552737
54.22756 348.4100545256995 -34.34939289723964 28.432586587427792
54.43528 350.5342021128699 -34.38452392229108 28.972951971037695
54.85039 354.7265257839273 -34.46164751156793 30.446120446485182
55.05791 356.7788734225436 -34.5013702787815 31.38070976656398
55.26546 358.76926202047576 -34.53877900258453 32.463205091737564
55.78433 363.3887522728069 -34.65388977051959 35.85940989189464
56.09593 365.87234509329426 -34.72093996447516 38.35411518198703
56.30334 367.3881026883459 -34.781871995882184 40.14003839371844
57.13364 372.6115758137188 -35.043467084169784 47.836000956127975
57.34101 373.7027867268166 -35.10966329324697 49.87867824351949
57.5484 374.69309571501793 -35.17993891221792 51.95969223050665
57.96257 376.42856303763125 -35.32018502479338 56.26257500001995
58.1698 377.12320727813074 -35.384674336204235 58.49652518464535
58.37703 377.6969205677839 -35.45763990450605 60.79529009904074
58.79163 378.4612291613081 -35.58171590803529 65.51005638493766
58.89523 378.57099567517696 -35.61628362341558 66.72390102618931
59.10271 378.7048356013348 -35.67990859945242 69.20299375210126
59.72578 378.6461650187447 -35.9128521479588 77.06586513086177
59.93338 378.5533139776736 -36.01178600850455 79.77346374345754
60.14087 378.44463284553945 -36.10706769058871 82.52455385437621
60.34836 378.30563592524726 -36.21050224692323 85.34392385490253
60.5557 378.15211474726556 -36.31596908024759 88.20276814058963
60.97054 377.80791829365086 -36.535034520681286 94.03947945494251
61.1779 377.60688384862976 -36.64574038455383 97.02027568936148
61.38538 377.397607414126 -36.761334168591524 100.0628749939051
61.59274 377.17531971182115 -36.875538008419134 103.14551497382595
61.80009 376.9204749044543 -36.984644170498996 106.25298316554819
62.00744 376.65512244212124 -37.10554738608836 109.401419875443
62.21468 376.3916735516548 -37.23677183961735 112.55373628386053
62.42191 376.1044842400246 -37.3794000029844 115.69507296056764
62.62926 375.78616842513975 -37.52466050522074 118.82819805362617
62.83662 375.43725735577505 -37.68885313884796 121.95577056059797
63.04398 375.06747142486057 -37.832948826083104 125.06856700638653
63.25133 374.6766239815062 -37.96692175982071 128.1712382464186
63.45869 374.26205631729994 -38.11109134823181 131.2587407113446
63.66606 373.8266255386252 -38.252506804500186 134.34429910481168
63.8734 373.37858327028476 -38.40215567099106 137.43036434203452
64.08088 372.9350084195819 -38.560297989636304 140.48941463458044
64.28824 372.509495457254 -38.733329764020944 143.5519121011541
64.49559 372.07290043382443 -38.9100542031248 146.60740087873444
65.11808 370.760860566897 -39.47797810492027 155.71356202294845
65.32554 370.36535816244054 -39.67177032613545 158.74651815647405
65.53296 369.9663080627315 -39.853899543271204 161.77703036629907
65.74024 369.57513329469197 -40.03874836389014 164.79472799278113
65.94762 369.1891237392998 -40.2388586788539 167.82045474323252
66.3623 368.45462094581416 -40.612307161485916 173.8701218576921
66.56966 368.10126070564183 -40.79992401834412 176.90246695468483
66.777 367.73840811174944 -41.00522693718765 179.94354661373507
66.98424 367.3655323075289 -41.20642130461758 182.99944243514773
67.1916 367.0085621750066 -41.407773997712034 186.05803239768514
67.39908 366.6522291145026 -41.609296816747545 189.1218846975615
67.60643 366.2894019386901 -41.803069724650776 192.19186446472403
67.81391 365.9263435258863 -42.01486732251924 195.24989673326326
68.02129 365.5786366497212 -42.226361170160494 198.32531280508715
68.22864 365.2226378982403 -42.4255117684382 201.40579341910245
68.43598 364.86663749206014 -42.628256593044526 204.48291335205352
68.64351 364.52918298654254 -42.835064112305304 207.55306772398652
68.85094 364.21158274459174 -43.043033306567665 210.62194606319306
69.05842 363.94543953020155 -43.26370155755069 213.70731225994706
69.26591 363.7204789631127 -43.463823065407404 216.79308594380606
69.47339 363.5183746865044 -43.654389419319614 219.88757531493127
69.68089 363.3435160593232 -43.848156138179455 222.98485638388163
69.88823 363.1964573185783 -44.05520401675682 226.09470728505437
70.09558 363.0935668916653 -44.25697548511884 229.19902972568227
70.3032 363.02459990116125 -44.44854854961549 232.31617484385475
70.51019 363.0023628306086 -44.649809824350655 235.4041715082948
70.71752 363.01678720407443 -44.87259649962492 238.50748067919844
70.9249 363.0639882544427 -45.09632739860727 241.6146175411796
71.13236 363.13841864965786 -45.309868830068694 244.71953907330524
71.33977 363.2461775011285 -45.51743627458521 247.8315110739375
71.54709 363.37150400356666 -45.73044347237234 250.95192012411962
71.75431 363.5347258019722 -45.943381483605236 254.06850068335234
71.96169 363.74700687204376 -46.14955428649169 257.193907841765
72.16903 363.98998626122 -46.35402633518929 260.32168771981765
72.37637 364.2816786763989 -46.54965722541303 263.4545692042031
72.58373 364.6077540545598 -46.74416477700939 266.58993598758303
72.79111 364.9796274944231 -46.93283683573147 269.72301703905407
72.99844 365.3950033253876 -47.12196349202233 272.86533415715274
73.20579 365.84099110360586 -47.295325277800345 276.00987905449267
73.41316 366.3132598079813 -47.469071616651476 279.1708688117155
73.62039 366.8187179636861 -47.64338027553197 282.32056267598335
73.82776 367.3731907181094 -47.81122047957767 285.46641306646904
74.0351 367.9823545742278 -47.990201105468465 288.62968422971045
74.24262 368.62183332358546 -48.15941429419166 291.8029474867242
74.44994 369.32094064085186 -48.32319792803573 294.95339112386085
74.65742 370.087855764898 -48.482770481842316 298.10744333073694
74.86477 370.9088725555787 -48.628164428348605 301.2540088549301
75.07213 371.7981166233169 -48.75500442326333 304.4107193549109
75.27936 372.727642536245 -48.888542653746875 307.55806230045414
75.48671 373.69203746772996 -49.007728809144226 310.65962603531574
75.69407 374.68527247313943 -49.114330485217835 313.72542610515063
75.90142 375.71674373883343 -49.212216314833135 316.7201193825209
76.10883 376.7722459576803 -49.31132402325408 319.69768439960353
76.31602 377.84695533800937 -49.39700534283732 322.65860499387554
76.52335 378.94726329413993 -49.47991368997545 325.59326622160097
76.7306 380.0810398470104 -49.583702272382766 328.5068661512455
76.93794 381.2238478244592 -49.66690478082124 331.419200638711
77.14531 382.38627282842174 -49.74141234977451 334.2982999389742
77.35261 383.54519415179163 -49.80546896427057 337.16069790391504
77.56002 384.6978101838618 -49.88294937461716 339.983984029598
77.76726 385.8528011066648 -49.95005561586061 342.7712878285766
78.07823 387.586202717045 -50.04335339477431 346.8954273744358
78.28559 388.7226670795529 -50.10395583925896 349.60500365442886
78.49294 389.84073652902373 -50.16770598590198 352.2858851806325
78.70032 390.9543085707384 -50.22969253064865 354.9295413290285
78.90766 392.06568399657107 -50.28327949890141 357.5555926436431
79.11503 393.1795138368603 -50.33467859156802 360.1693739362498
79.32236 394.2882778063116 -50.375328724731574 362.78251056502097
79.5296 395.3919935225226 -50.41263982255608 365.3958131271146
79.73695 396.4955074218393 -50.44559476846464 368.01904406368897
79.94443 397.6109718412884 -50.476303396700274 370.66961615156515
80.15193 398.7495406744591 -50.51125397077794 373.3337105788025
80.35939 399.9395094821768 -50.53441198453828 375.99891941506553
80.56675 401.19609982545705 -50.55174287809359 378.65719800273865
80.7741 402.5255255936107 -50.56454895318376 381.34031613265057
80.98146 403.8860736113244 -50.58059271317973 384.00109061744934
81.18869 405.300533926747 -50.61445733636179 386.6721019739361
81.39604 406.7932494692611 -50.640592147327375 389.34968816498406
81.6034 408.3259186114748 -50.64725175616437 392.02749009116684
81.81076 409.8930038139402 -50.64207128101401 394.68510735168115
82.22535 413.1415772766846 -50.62331200180675 399.9751209805894
82.4327 414.797096007983 -50.619169560549864 402.5680525617439
82.63994 416.46127096166947 -50.60304592403634 405.13283810868813
82.84729 418.11766512912874 -50.585649463870666 407.6932775573537
83.05464 419.7751909642518 -50.55558705104092 410.25275401032667
83.4695 423.13541582805124 -50.478745634013976 415.35319081364935
83.67683 424.8124097636042 -50.426942439417175 417.9165535885761
83.88419 426.5086337964386 -50.38197307504475 420.49833394093747
84.09155 428.2080701797284 -50.32184546910563 423.0682490001645
84.29903 429.864603126364 -50.26907281760069 425.65842855094473
84.50638 431.5225623170338 -50.217960531695454 428.2281382524387
84.71374 433.19760090439826 -50.14940282706293 430.8045188911947
84.92097 434.8402343527176 -50.066425067411814 433.37743211355075
85.12833 436.4798727254053 -49.9772659867646 435.9548227670341
85.33568 438.1097701690311 -49.881602308888134 438.507665129973
85.54304 439.7479857250654 -49.79949475810942 441.0725208731221
85.95779 443.0500297569637 -49.61243203889799 446.1784814684511
86.16498 444.7108887839935 -49.509201610429415 448.7138779091175
86.37234 446.37859685136317 -49.412933384274346 451.24131863101866
86.57973 448.05887289904297 -49.310746581123674 453.76480710529404
86.78705 449.7409076776977 -49.22339383820867 456.2630221769997
87.51261 455.701884886804 -48.9032719138552 464.7775563421035
87.71996 457.36461172999606 -48.81754568150926 467.0728145831544
87.92734 459.0153992876812 -48.74804648057268 469.31597995483406
88.13456 460.6330449636497 -48.66755921458398 471.54476605060574
88.34196 462.2356494993244 -48.58525885297206 473.7394550905295
88.54926 463.83453445282754 -48.50198789223299 475.8928065517342
88.75661 465.4196261918162 -48.433209631599155 478.0308439860236
88.96412 466.9969666661973 -48.35608300730769 480.1428502350201
89.27519 469.33383540759223 -48.2490047928807 483.241912184785
89.48255 470.8598290126793 -48.19269508748617 485.2692903771027
89.68991 472.35612479678264 -48.14496095075424 487.25504068479626
89.89739 473.82863411545856 -48.08788684493626 489.2030637719705
90.10487 475.2952199318793 -48.03558959615086 491.1139535369278
90.31224 476.74791152230813 -47.97773950563753 492.9814265605653
90.51961 478.1671482488931 -47.925695792330096 494.7765492392574
90.72694 479.5572422646967 -47.87687602201822 496.4870159081323
90.93429 480.8974741645684 -47.824734336306456 498.150932728766
91.34903 483.4261609777624 -47.72658471458258 501.21910491235406
91.76372 485.81446960520236 -47.64719849111361 504.10181969164626
91.97107 486.9345328584115 -47.61293588121134 505.4655046295821
92.17851 487.98381401825594 -47.57303280403613 506.7806665391166
93.21508 492.41673923068487 -47.50029613244326 512.4521248522713
93.42219 493.1734513542657 -47.49110962010283 513.5283823471692
93.83603 494.45001807326776 -47.475041540747426 515.7217528854043
94.24999 495.2617600297291 -47.46684730774976 518.0630763586993
94.45728 495.51141937393413 -47.44207928405319 519.3014463726026
94.66445 495.6447736175354 -47.41537906794395 520.5993213935451
94.87183 495.6372284514473 -47.369596881313655 521.9641145722247
95.0792 495.52044649156153 -47.322792229854414 523.356942852604
95.28652 495.25167738494287 -47.25837550431093 524.7655260362646
95.49402 494.84562940914475 -47.21315578004757 526.1943876278527
95.7015 494.34413795245916 -47.1663510354786 527.6431591421554
95.90909 493.71845825713257 -47.12001675197662 529.0986299654062
96.11682 492.98292195758665 -47.08534803703559 530.5617596742105
96.63677 490.9299382757759 -46.942198857920495 534.4919128140909
96.84463 490.064104552594 -46.87543713880372 536.1349813850056
97.1561 488.70856500809674 -46.76733629394389 538.6759845819511
97.57106 486.82707805495323 -46.609381323096926 542.2143236434979
97.77842 485.8575969905222 -46.535103143677524 544.0510891646164
97.9859 484.86187691051276 -46.4442390882628 545.9365706641686
98.19326 483.84299824251514 -46.3496548917971 547.8706288331381
98.40075 482.80296529582495 -46.243903829292634 549.843961318942
98.60822 481.7381343583712 -46.140257895974095 551.8594932247332
98.81557 480.6584051223539 -46.03444983003829 553.8880348952207
99.02293 479.5683144497906 -45.920783869767234 555.9473375031652
99.2308 478.47304059988716 -45.80030814257913 558.0091669726488
99.43779 477.377932020848 -45.689692146523335 560.0965968808887
99.64525 476.27725594220095 -45.58617351840546 562.1825442764067
99.8526 475.17105930222795 -45.47043868668655 564.2962894761804
100.06 474.0581898213208 -45.338297764437925 566.4127074277266
100.2674 472.9437258150093 -45.224437126837536 568.4899273894819
100.4748 471.8085590896378 -45.136300999609155 570.5958479122576
100.8895 469.5423094883681 -44.93072983442484 574.8652986795447
101.0969 468.3893727931726 -44.82001202798877 576.9979620610728
101.3042 467.227794457405 -44.71624469413446 579.146741462969
101.5117 466.0650306930478 -44.60483600469129 581.3029833615981
101.7191 464.92383197217134 -44.49688649770317 583.4182734948356
101.9264 463.80664040422664 -44.385123383638316 585.4730435284878
102.134 462.7163875112854 -44.27321879948991 587.4864203980906
102.3411 461.6365117470425 -44.17159032339134 589.4901603722069
102.756 459.54085532532895 -43.977785206594234 593.3470293234616
102.9633 458.5479501138989 -43.884162486403085 595.1688413156057
103.1707 457.60158571329566 -43.79758905362944 596.9128183999155
103.378 456.7023757071922 -43.707628887361366 598.5727127315623
103.5854 455.85360574842673 -43.630400387584345 600.135743024204
