0.0 -0.0 -0.0 -0.0
0.1037595 0.08871667330719427 -0.03639703673172435 1.912416376521799
0.2075901 0.26280925850429887 -0.07693459696646741 3.8173056336151796
0.3116055 0.5247204599647983 -0.11900794813175322 5.727963123321131
0.415086 0.8705560819481157 -0.1696684589556321 7.6356833663236845
0.5188692 1.2931416136300125 -0.23224748158398104 9.475866706528087
0.6226876 1.8126174339126364 -0.3017334276465785 11.32468706502104
0.7264318 2.4190349095239405 -0.3618283889827215 13.184182609153536
0.8301706 3.1137959085500175 -0.42602902183891594 14.988723068869747
0.9339528 3.878723088283445 -0.49389756646010663 16.749989122354428
1.037695 4.726014635306576 -0.5644817380296042 18.481280691833398
1.141483 5.6657032400742064 -0.6303952880953994 20.18943280853731
1.348871 7.814811971210312 -0.7667670434943485 23.527698613541983
1.452734 9.018483761357512 -0.838887032866063 25.11822418918899
1.660095 11.687477894237599 -0.9602967846984037 28.22466519513222
1.867714 14.663831966452364 -1.0656225233999077 31.11006191537429
2.074937 17.913965184200617 -1.154933922062865 33.70997247023248
2.282428 21.376641758300376 -1.2832390052609106 35.993679823809146
2.489649 25.089361919590328 -1.4052751628053075 37.94888453738041
2.697006 28.991946568033967 -1.5265446318742195 39.59519244216647
2.904387 33.12304153857282 -1.5905268943515927 41.034009939772915
3.008111 35.232167881811215 -1.6375543404112665 41.644724755357714
3.111717 37.39078799943689 -1.6706069322191348 42.18395876897388
3.215334 39.58889940303034 -1.69863169771665 42.67104108488405
3.422811 44.08241255407208 -1.769384453089148 43.4342366323083
3.526551 46.40109448560802 -1.7972711414013862 43.72630563435798
3.630286 48.759392981380444 -1.8211052430324417 43.956074341905676
3.733924 51.163708136780016 -1.8323917982741027 44.10785498181094
3.94129 56.08038039762527 -1.8604986395142955 44.21799283702075
4.148625 61.116314344913825 -1.8647021511833963 44.12035701333834
4.355974 66.27630379481865 -1.8617753251320401 43.882976864416015
4.563217 71.45814865835737 -1.8434688178877656 43.53404776618859
4.770559 76.77963523978767 -1.8082553491777005 43.0187420207442
4.977967 82.35059820001764 -1.7884509372890611 42.36257404162394
5.185269 88.10194135652323 -1.769897497342188 41.66359763717238
5.392622 94.0145621260828 -1.7545293119644296 40.87816176194283
5.600026 100.18316366390123 -1.733551066315928 39.97917061772062
5.80734 106.55574195649096 -1.7418206916464078 39.03259119057873
6.014715 113.07175495956956 -1.7052617488729367 38.07423370516331
6.325669 123.24783195431979 -1.6868632893611144 36.567364217031695
6.533021 130.21186770758953 -1.6617490553162777 35.54100087290332
6.844097 141.16170481696278 -1.6461789752111509 33.978514009191144
7.155209 152.31934266849458 -1.5817056819087396 32.436983738465656
7.46621 163.93678040592349 -1.5619494860171685 30.748525250282864
7.673572 171.80546708337852 -1.576171983809586 29.67319624631297
8.192118 191.97300562348266 -1.6330581592668127 26.96366151332279
8.503235 204.7262979063666 -1.8129016047468565 25.022860157799553
8.814436 217.63849914209567 -1.7068838457237214 23.033821158658892
9.021867 226.40277829183978 -1.7250560419412364 21.732155996991736
9.229148 235.08446233784426 -1.736607632727943 20.248006173646857
9.436507 243.9758211391691 -1.7630320919833025 18.610143406460907
9.643856 252.70110017003663 -1.7406799585722827 17.087518382421003
9.747566 257.1664675569035 -1.7293301038907363 16.172462261188812
9.851216 261.6212856706289 -1.7430159850175804 15.308806497710393
9.954854 266.0425594707726 -1.746727805561285 14.39529582186239
10.05845 270.3770198950896 -1.6982315580206617 13.377617008028992
10.26595 279.3533285299551 -1.7902920649514786 11.592282671748258
10.36954 283.85259981159186 -1.862073616878976 10.562484802500698
10.57701 292.8253517055275 -1.7850982486018963 8.34183065345644
10.78449 301.91485835610933 -1.8153660682533141 6.103119060605266
10.9921 311.1455479097481 -1.8368568067151023 3.8174858353062717
11.19965 320.1452747496022 -1.7713587594058433 1.542091771836482
11.40708 329.41129253477516 -1.6314023919259864 -1.2932900468966295
11.61418 338.8329851325534 -1.676448335896346 -3.9756030211706275
12.13214 361.8585799612248 -1.8393699695816972 -10.610015936032113
12.23595 366.75228160603547 -1.8308932085969283 -12.02399550889578
12.85782 396.23050884503726 -1.7521079465176403 -21.72264802605575
12.96145 401.30042211087147 -1.7245002848751434 -23.539501419044868
13.47977 426.3503596460128 -1.7286190669662083 -32.569884506712995
13.58338 431.3497356453688 -1.7496425307155066 -34.36799907273709
13.79073 441.16439533713105 -1.8005531283836036 -38.009844706073594
13.99845 451.10172819491004 -1.8452758724122744 -41.73739751950083
14.20592 460.95326798069493 -1.8426100292616145 -45.698386392855824
14.3092 465.90481270809113 -1.8499972031118386 -47.84576262030102
14.51654 475.8162490874656 -1.8738843387166533 -51.958548806804615
14.72368 485.47513057377415 -1.8683281205061268 -56.116648585184706
14.93163 495.36159839998436 -1.841767787694092 -60.61952772409505
15.13855 505.105879480404 -1.8986848525840567 -65.02930378235476
15.34573 514.8404969748069 -2.0020820924509986 -69.89792477368565
15.55307 524.5054089431775 -2.078905509139091 -74.55406706737165
15.76042 534.2120412517658 -1.9783747042275794 -79.42174734178718
16.0714 548.6220070568482 -1.977016283401722 -87.20313222915047
16.27876 558.1362443363957 -1.8452008992380473 -92.57445069077238
16.48621 567.5994819190787 -1.8161957333595034 -97.8853715931593
16.69338 577.0193270911634 -1.885943591365483 -103.56117476728099
17.00432 590.8326537529815 -1.912823215487792 -111.14410102584495
17.21226 600.3869906335609 -2.0321508971562574 -117.49254546703744
17.52274 613.0217683814235 -2.354312924160952 -124.42571048354779
17.73002 621.2755394724238 -2.3982309438116602 -129.24112244885714
17.93782 629.2757834878523 -2.3900023056788036 -133.67565423095215
18.14461 637.2162517523584 -2.2978556414397127 -138.16308210613508
18.35182 644.9767904571515 -2.2863210174118813 -142.6300410581862
18.55914 652.5864957065558 -2.2365241405776377 -147.10961401180882
18.76628 660.0742798081591 -2.1001785815141307 -151.76114852663312
18.97353 667.5784125388019 -2.1743720451159594 -156.9771508687592
19.18087 675.8504011836569 -2.3179031804773773 -161.75997992981854
19.38822 683.9461457383693 -2.9133419683875332 -167.1424540158765
19.59546 691.0411345116972 -2.8606691683130863 -171.24517909290924
19.80284 698.0984924215205 -2.934999989487664 -175.94609258418268
19.90642 701.0261351834218 -3.159824516024355 -177.90781106129435
20.11365 708.2650868001491 -3.532497392044026 -182.11313231930487
20.32088 715.2725323813935 -3.3853209895904772 -187.31894690190842
20.4245 718.1484001319641 -3.3557136087577994 -189.062126748656
20.52812 720.8227036041427 -3.4850933928686207 -190.78254208230945
20.73535 725.9409853424842 -3.657380040039552 -192.60467981716394
20.83896 728.0235252434197 -3.485166274704713 -193.6089766115669
21.04632 732.4545903902203 -3.213185301911984 -194.66081983474504
21.35717 738.142938692956 -3.5253352003253156 -195.80499900397186
21.77179 744.9349242422243 -3.540557441745774 -197.82458049021818
22.08265 750.538938374439 -3.33322794491443 -199.54821831210376
22.29025 753.6376856944555 -3.4283242551872246 -200.73407366873062
22.39357 755.0590017638665 -3.4683620481418114 -201.32644639320597
22.8081 761.592509902744 -3.4990211493904617 -204.30599143211754
22.91177 763.4855732046212 -3.4581734622340354 -205.72223537992164
23.01539 765.2487398865596 -3.4974191836395256 -206.40546941824948
23.11901 767.2091598591157 -3.5053960204199246 -207.3098833968919
23.22265 769.2333319351305 -3.505455812970786 -208.41031674870618
23.43007 771.7438867128892 -4.187120389279995 -210.53108772459257
23.63732 773.3469539328387 -4.466681790529698 -211.40214988513765
24.05212 776.0159906117246 -4.3981720142464 -212.98870471189917
24.46662 779.0628660407986 -4.245794296044362 -214.80984130947326
24.77759 781.7905742041348 -4.134066768993932 -216.83883820596105
24.88121 782.6523556035255 -4.110207281279912 -217.52048956218684
24.98488 783.7125509768027 -4.077939578281055 -218.40627138747857
25.29556 785.7382950089052 -4.051246561971606 -220.5664188441833
25.39916 786.3031316127035 -3.9966704770147867 -221.31548468203783
25.50278 786.892862284378 -3.913876921807109 -222.08135669416424
25.60639 787.6591202898933 -3.812185965178468 -222.91875223199136
25.81362 788.8644405570888 -3.8699399478429317 -224.51828597054168
25.91726 789.4461586072382 -3.8296885891573442 -225.28552182805228
26.02085 789.8360140099013 -3.7953657462512007 -225.95825640313384
26.12448 790.4386154108412 -3.715313670382467 -226.9331338749399
26.2281 791.0279067121583 -3.6244188848882763 -227.95519648562012
26.33173 791.2282193093481 -3.596394045291843 -228.3116040682394
26.43544 791.6897043004601 -3.569453770896522 -229.15676226647344
26.74631 792.8714732348652 -3.482680005366139 -231.57218804563078
26.84992 793.2302086567244 -3.471254627840361 -232.36993187192138
27.05726 793.8718827897586 -3.4488538901865544 -234.06754537090518
27.16089 793.9977180591889 -3.45974281023404 -234.66489692032786
27.36823 794.5670284848704 -3.4470358951705027 -236.20705691677466
27.47185 794.8755711940815 -3.4112536269829556 -237.06212950486952
27.57548 795.0288165213201 -3.4123588187990355 -237.69696328148768
27.6792 795.1317530912065 -3.4111667841564755 -238.18725395030512
27.78284 795.2296235649983 -3.420562985312447 -238.6615457276488
27.88656 795.3193319940707 -3.4297589176092944 -239.17064499470212
27.99017 795.4099809905616 -3.437441472813582 -239.63490309621528
28.09379 795.4569352530664 -3.4413518052170557 -239.94887069504
28.30102 795.619291363023 -3.423397870890132 -240.79318679730693
28.61187 795.8123285000984 -3.457322686194562 -242.0088691118313
28.71563 795.8631963080591 -3.472908456645178 -242.41118963027793
28.81923 795.9174788493788 -3.4815587662240084 -242.83133781047295
28.92284 795.9761682941661 -3.479215717455345 -243.2346817726166
29.23384 796.2052319135066 -3.4919094691263943 -244.59471400386812
29.33743 796.2206258780961 -3.4704148451196515 -245.03134032215
29.75201 796.361481688031 -3.4841564719273226 -246.57072048719965
29.95912 796.4021198691514 -3.5020448190986517 -247.32398304812193
30.06273 796.4316195493091 -3.5184390359177016 -247.65939677661135
30.37358 796.476512971116 -3.553102171460674 -248.7124786902475
30.47722 796.485491562702 -3.5716251012396922 -249.0478280841482
30.58081 796.4931775334852 -3.5941976505412754 -249.4733655522998
30.78817 796.5253877671653 -3.5959386940366613 -250.05168719504627
30.99556 796.5726592451941 -3.612953899774622 -250.47402378032524
31.09914 796.5860767237086 -3.619621934105835 -250.72807799354803
31.82482 796.7650837448692 -3.663864526549535 -252.0692555574232
31.92857 796.8097297505577 -3.6639913529346115 -252.1538087050582
32.03219 796.8484488160668 -3.6668106020658957 -252.23304596118425
32.55078 797.04836824049 -3.683400449144912 -252.71252931190642
33.0705 797.1983710068347 -3.763582711662348 -253.20153509038084
33.38005 797.2830100152966 -3.6087244647826804 -253.5384757884956
33.48381 797.2876071909685 -3.6235223536846775 -253.6374455646365
33.79494 797.6186702960031 -3.6527827280788188 -253.92325518630014
34.00238 797.3500302167524 -3.6951142677015163 -253.9140775594086
34.10599 797.2843679875458 -3.798092010651885 -254.0539289583532
34.31353 797.3424158476682 -3.6895868031610597 -254.04050988428094
34.62445 797.3578093902593 -3.6814540351354097 -254.1612994750209
34.72806 797.3493455183634 -3.5954973752817523 -254.32933181838493
34.93542 797.4548112379296 -3.728330417166319 -254.18856495293068
36.49055 797.4031358954549 -3.750170030799353 -254.87503638387147
36.59414 797.4430226968424 -3.764234923956218 -254.98984071848082
36.69776 797.3518444594542 -4.146509393409396 -255.16721237237414
37.00885 797.6926997728343 -3.6603674932368233 -255.0953558397655
37.31995 797.2699349873469 -3.704196918344195 -255.5130120377974
37.5273 797.3761244021495 -3.831875063117394 -255.3573891935792
37.73466 796.4747971167385 -4.789849891466417 -254.38791768084053
38.56371 797.7599907376741 -3.0620072576438133 -255.78078520674487
38.77106 797.3941126307022 -3.388467629450446 -255.80915446582566
38.9783 797.4416604829487 -3.9695199403104304 -255.68562828270456
39.8076 797.3687298803387 -2.8568783949856993 -256.11320774486296
40.01495 797.3832817804836 -3.8396459447455733 -256.39652244922206
40.42966 798.8920892901278 -5.440234857148596 -256.21656073788944
40.63702 797.8362835957295 -3.2275353301026826 -256.1959767717225
40.84427 797.5780981811079 -2.9476465657459485 -256.2758259048128
41.0516 797.2068037738159 -3.6261750962433013 -256.8929736463703
41.25896 797.3707459027364 -2.9256051374641174 -255.87372749070357
41.46632 796.9155096547817 -4.234859210476483 -257.14763358193693
