0.0 -0.0 -0.0 -0.0
0.1037359 0.0008425273833986579 -0.007798916990844741 0.8205095448555639
0.2073381 -0.01490378883405754 -0.00801821330525104 1.6629704924005122
0.3110752 -0.038376924358914974 -0.007087607380340039 2.5220603687635075
0.4146917 -0.06357317436983762 -0.019990684040497676 3.4074538331974717
0.5184302 -0.08219272477799221 -0.026150880717414542 4.307571786899673
0.8294199 -0.19307591011797862 -0.061763313547757694 7.115040843016652
1.03691 -0.280207233681398 -0.08448715016497355 9.064430298144206
1.244242 -0.387421098887045 -0.10542820616080507 11.042136511551018
1.451596 -0.4856660653207152 -0.12588953136071912 13.07297817410797
1.65896 -0.6051771379950772 -0.15180894644344997 15.138965567366306
1.866302 -0.7309780475011667 -0.17744491948567143 17.24850925696561
2.177281 -0.9393712903552254 -0.2350742555021904 20.49680075729237
2.384639 -1.0783000612305205 -0.265227958243565 22.677847251096516
2.591988 -1.2249196507910838 -0.2972626282947507 24.87018420402036
2.799367 -1.3865570279895907 -0.31931657789919704 27.110209712066126
3.006768 -1.5194706994730407 -0.3414440426422828 29.357881106025655
3.214057 -1.6810657806424871 -0.35080803436479646 31.6331546971317
3.421285 -1.814363212872886 -0.37647591795261054 33.93661112074107
3.628545 -1.94789238039458 -0.38680577669914895 36.298919710578815
3.835871 -2.0680492607220735 -0.41122949715695495 38.61288993741354
4.043107 -2.223654206971573 -0.4379884642955855 40.976386715022606
4.25046 -2.392805650362141 -0.46255991392342516 43.35974135244011
4.45794 -2.572499102534434 -0.4910459339445399 45.73207961908264
4.665293 -2.7511350958009206 -0.5026427253293666 48.126545253641396
4.976146 -2.998379925292066 -0.5250414603023432 51.66939832079657
5.287117 -3.258523734502112 -0.5673349029781334 55.20381749707206
5.494473 -3.4342135088902532 -0.5855079352236626 57.52268593894507
5.701829 -3.613521683519036 -0.6288951755247401 59.84209177001237
5.909185 -3.779573234809292 -0.658923922913004 62.163341367529036
6.116541 -3.93841683370511 -0.6899212421381634 64.42980656632689
6.427659 -4.193175458177777 -0.7154138172415332 67.84549871114501
6.634992 -4.381531952757575 -0.7206037035080551 70.08425882684763
6.84235 -4.576266237779208 -0.7326116357743298 72.26555760691794
7.153323 -4.841672099878204 -0.7965691437908724 75.45624162777038
7.464167 -5.136069401398855 -0.8272154791838768 78.51103746760488
7.775144 -5.421543952051001 -0.8457472682713771 81.41962436272493
8.086111 -5.724055634883165 -0.8628829220320218 84.16666349525607
8.29347 -5.895141464350916 -0.886630470640936 85.88574101516387
8.500847 -6.073372199483437 -0.909024170789399 87.52186206965732
8.811795 -6.3133890867879465 -0.9578535228489439 89.78523457199033
9.12289 -6.532218671649069 -0.9969033073760291 91.86847506402351
9.433986 -6.663824729411306 -1.0407532879439914 93.81713917256207
9.745342 -6.7565456034928335 -1.0653362330155196 95.61426266980742
10.05693 -6.653079852195669 -1.0963686825092673 97.28822110137284
10.36867 -6.382585014657893 -1.120126031036929 98.84856422216438
10.68062 -5.904773681368361 -1.1540052273261707 100.2468956210226
10.99272 -5.187824905831022 -1.1716021833361514 101.4733326030906
11.20057 -4.596624173803292 -1.2004364474434208 102.19235575033886
11.51192 -3.544755964340517 -1.2327024523994785 103.08135797332977
11.71927 -2.760562023319636 -1.2602942691127632 103.542440284225
11.92638 -1.9461962540943532 -1.2892018940537033 103.95602717055438
12.13361 -1.086918058753291 -1.3113416996663714 104.2659796537911
12.3406 -0.17198002355469555 -1.3197517625503201 104.49369111570104
12.54767 0.7528164838609968 -1.352505501989157 104.74329919226253
12.65107 1.2370996757148482 -1.3724097024118407 104.85285118955827
12.85806 2.251162503864098 -1.4048385570308168 105.00152292408927
13.0652 3.314063007485883 -1.4063516584426758 105.12483240220938
13.27235 4.459351340412146 -1.4547403037601148 105.26008144776566
13.4795 5.686182568523401 -1.5100192984242993 105.35721734406226
13.68672 6.990516090874841 -1.5485480630285586 105.4217264116549
13.89395 8.393002146903733 -1.5894844150355896 105.4931101563924
14.1013 9.886823479032572 -1.6346380083125938 105.55329704062356
14.30854 11.475441065373278 -1.6812417117660146 105.60068805282316
14.51589 13.166296411397314 -1.7300961093188172 105.64834612745203
14.72326 14.973774377849782 -1.7862356111536803 105.68003187801344
15.0341 17.806101322293713 -1.8767726093036918 105.79062791532311
15.34508 20.842575662228604 -1.9522423434681793 105.94751814284437
15.65617 23.987100894913162 -2.0382879193642593 106.18031196394878
15.96739 27.182021767551205 -2.159855902384352 106.40422321988183
16.27845 30.41103588735711 -2.288483974930037 106.64124737299518
16.58933 33.626472309306486 -2.4284106975483146 106.86852387375912
16.90043 36.834422913906934 -2.557223457047569 107.08154599587616
17.21165 39.94282016195782 -2.675349541116912 107.19580729734409
17.41915 42.018242629865696 -2.7541211093887004 107.23020071086988
17.62648 44.022938257690406 -2.82627233235958 107.21738776373248
17.83384 46.06657876989949 -2.9095789410329633 107.15564691169719
18.0412 48.03821215597673 -2.9739497121055107 107.05293745824679
18.35217 50.956624430702085 -3.0716344050741866 106.83937194543749
18.55957 52.85670247318881 -3.1410168841122985 106.64439930724545
18.76688 54.707673146883515 -3.205031736255732 106.43980948963718
18.97411 56.484724240745436 -3.2725947240244606 106.23877380634462
19.18141 58.20372165272249 -3.3216260278732297 106.03989884102411
19.38868 59.81361978694433 -3.3778576366781863 105.87733705097592
19.5958 61.32563314697094 -3.439774440748251 105.76240192349356
19.80291 62.72377762072056 -3.5098113270666595 105.69974517487314
20.01002 64.07196994332851 -3.5536095254936426 105.71523444874654
20.32061 66.04931790526227 -3.638788618883704 105.9008917437767
20.63096 67.93229987870401 -3.7315402786133074 106.33208571723787
20.83796 69.10814819040618 -3.782513699438484 106.79212152114539
21.04502 70.18401973146119 -3.8297116781364506 107.37233837195593
21.14837 70.65505387928474 -3.839532965325694 107.72923473956791
21.2519 71.1216019075378 -3.8671289008568683 108.11658550437073
21.459 71.9630082641721 -3.9018116481105967 108.98177576306472
21.56272 72.33958035973873 -3.9259327112820213 109.44872699873741
21.66636 72.68990690409437 -3.94290150565813 109.95242774715447
21.7701 72.99349308468517 -3.965401929584295 110.46901879854921
22.18531 73.917899685305 -4.027080343392546 112.73784001097921
22.39317 74.2318625266715 -4.038556830774858 113.95584674464419
22.49716 74.38600805234574 -4.034571594106387 114.58439103786712
22.70551 74.69167239593135 -4.038131147633319 115.88304119424025
22.91366 74.9434868089671 -4.036540951973323 117.25576213134741
23.3297 75.50539737451683 -4.060818580199945 120.11411037291636
23.53756 75.84658274925822 -4.072672932414241 121.61670452816819
23.74519 76.19339872718001 -4.107824451686149 123.2139124593852
24.05642 76.81729216628702 -4.145040058318538 125.71113079773578
24.36727 77.48510243385968 -4.16877287756797 128.29722606029924
24.57456 77.91459471427697 -4.190968933859677 130.09704289918542
25.40364 79.71573617566992 -4.315180831194342 137.89748150009117
25.71463 80.40563911111828 -4.36861960290378 141.07716040889176
26.02568 81.10148735218398 -4.40657607940527 144.3292047113472
26.33655 81.76429780213965 -4.450505325487945 147.64185542963799
26.64767 82.50346221042449 -4.514687869430604 150.97792510883855
26.85488 83.03267993021967 -4.57040791640292 153.2237882727353
27.16587 83.81065195390386 -4.641467744685623 156.5707896992169
27.47687 84.5881999004842 -4.706999016629604 159.84984390876377
27.7877 86.08525548806708 -4.65474852023797 163.21128116539765
