1.038877 -0.0 -0.0 -0.0
1.142774 -0.010794733660485846 -0.021471444441573836 1.3265989182699836
1.246636 -0.020372899680598546 -0.04611328698213396 2.646477924152308
1.350553 -0.03249683909698031 -0.07147441670666171 3.9616356272907063
1.45441 -0.04745347245895001 -0.09534562965737045 5.285932711583407
1.558293 -0.06255702693433833 -0.1198652022068722 6.599814850183771
1.662157 -0.07358551137402367 -0.13947354397403994 7.915499634836996
1.766057 -0.09021027314521618 -0.16866811719154634 9.23915097309398
1.87009 -0.10294790777552473 -0.19330226177021617 10.553122469016193
1.973923 -0.1203999450886438 -0.2157511481770629 11.865294752578418
2.077874 -0.1345697631829487 -0.23906681546386177 13.200544329198566
2.181756 -0.15568143067518136 -0.26962548033292527 14.510082007552297
2.389627 -0.18944285090265411 -0.3114241724688215 17.149024167428966
2.597363 -0.23891892529691006 -0.3642956291357784 19.780321315948083
2.806098 -0.270633289033845 -0.4139634447623209 22.416601028132728
3.013136 -0.3066700773642035 -0.45858941389779173 25.09144534249663
3.221 -0.3672893461955935 -0.5149253570861132 27.74626462300874
3.428991 -0.4113769624834442 -0.5622502606807888 30.403497764747787
3.636879 -0.46627144594220504 -0.6016844847335902 33.08865138287371
3.844868 -0.5327281898567469 -0.6414428404369243 35.75244762701488
4.052745 -0.5795320721057119 -0.6803287464237879 38.398574170189896
4.260741 -0.6304213012260625 -0.6902229997662304 41.0537134245026
4.46862 -0.6549901649815804 -0.707928867352712 43.723668626688294
4.676494 -0.6773200585414002 -0.7245110160858386 46.38132604101564
4.884244 -0.7223943244021445 -0.7468315635597932 49.06668519339891
5.091994 -0.7492649627212944 -0.7689126026710579 51.71838182858956
5.299899 -0.7952372032744186 -0.7883757091113682 54.37500976549176
5.507756 -0.81088760663149 -0.8204503724035992 57.10195391235285
5.715493 -0.8599741789733566 -0.8196675068250999 59.77280954292765
5.923372 -0.9241345489233855 -0.8286822548339817 62.41741802226605
6.131261 -0.9763272693711852 -0.8497108783429923 65.05597042672105
6.339121 -1.0325927636724634 -0.8790441795717098 67.69221845996486
6.547122 -1.0831154165674195 -0.8988646632376205 70.3135893353528
6.755121 -1.1047528304693262 -0.9471265629042995 72.91220132790852
6.963119 -1.1137398528465705 -0.9578358444825525 75.41260343001309
7.17112 -1.1230580819473208 -1.0028275431949458 78.00837393122889
7.379122 -1.0973901591575215 -1.043960020621867 80.53192991785632
7.587125 -1.0580140824141802 -1.0965689690095586 83.07737375476708
7.691125 -1.0313825045985165 -1.1167850326731092 84.3545200727031
7.795143 -0.9990117260884337 -1.1447736988438115 85.62861308503429
8.003122 -0.9148163378377587 -1.195585932755273 88.1509358887223
8.107122 -0.8663435172103555 -1.219851200314153 89.44012358220284
8.315124 -0.763972075069201 -1.263096825012653 91.98021691176628
8.523125 -0.6578524574354345 -1.310120127855717 94.52080572025488
8.731123 -0.536030924249955 -1.3585726300795944 97.07423946664612
8.939122 -0.3995634731771176 -1.4157513018004848 99.65962860023089
9.147125 -0.28985500777123363 -1.464290380274786 102.27507120066353
9.355001 -0.1887231144120145 -1.516894488775137 104.89124399587575
9.562998 -0.11947642715990403 -1.566818793518836 107.53158515037872
9.770876 -0.05353349516763073 -1.613947531940396 110.18620806773298
9.97877 -0.009920794047303838 -1.66156335337503 112.85781569233555
10.18662 0.0044819648015501645 -1.6955911712637488 115.51842227974296
10.39463 0.007242813485436067 -1.7433395241651841 118.21146753747169
10.60263 -0.03294615172553916 -1.7914840957459972 120.92247580706177
10.81075 -0.07217114631090871 -1.841257939404565 123.63569885891339
11.01875 -0.10356760409922683 -1.8842979013935033 126.37394091084336
11.22675 -0.15122220836255718 -1.9250275276143092 129.11267298805083
11.43462 -0.19476258478130593 -1.9565808379293335 131.86920439018382
11.64263 -0.2277351394664302 -1.9840677315450879 134.63535678697437
11.85063 -0.26804878090553785 -2.01636461306847 137.41214010552548
12.0585 -0.31078930039275243 -2.0348038522215774 140.2063022528216
12.26652 -0.34858275603420896 -2.0637050855656707 142.98103600467948
12.47437 -0.39356036296745445 -2.0969715899281782 145.79972673070316
12.68225 -0.43337590422526096 -2.133524285957516 148.58514489261685
12.89025 -0.4703420709337649 -2.178715763139836 151.3603305300472
13.09813 -0.5049535105469112 -2.241859660905952 154.13701413507164
13.306 -0.536067985506195 -2.30623677598534 156.91110447900326
13.51401 -0.5747016481869784 -2.362435815825476 159.67942072127715
13.72188 -0.6226528006611556 -2.4211153707306345 162.42953009236678
13.92975 -0.6645995322074596 -2.4738313348933065 165.20510105870414
14.13775 -0.717088311318544 -2.5362539312989054 167.9454653305629
14.34563 -0.7706643230798609 -2.5920500999281773 170.71848351668152
14.55363 -0.8259489760401368 -2.648974442839089 173.48759639077815
14.76151 -0.8746562998721186 -2.7199085373937386 176.23897305559612
14.96938 -0.9470595701207682 -2.7759997236902554 178.99857617040448
15.17725 -1.0209895057916016 -2.8295728755552676 181.7669604607831
15.38513 -1.108095329379882 -2.8828720284752922 184.50447683259907
15.59313 -1.1587549570981346 -2.9490691577179247 187.2658390356937
15.80101 -1.2454771838471288 -3.011237027545404 190.00757961300917
16.00901 -1.3030735489557923 -3.0551317588697544 192.75889534771574
16.21688 -1.368968010841657 -3.1223451223644307 195.48729071046566
16.42488 -1.4397317930178013 -3.1765824208686846 198.20260546662945
16.63288 -1.5005114702572373 -3.228068039348913 200.8653649816965
16.84076 -1.5522845083033874 -3.2802457480602163 203.54887155433607
17.04876 -1.602673074498092 -3.3424808446525422 206.22259855081123
17.25676 -1.6319482070052738 -3.3920051092540993 208.84531316359536
17.46476 -1.6744396288943193 -3.437767284982889 211.45953272273178
17.67276 -1.7089516257535213 -3.4879415452350826 214.02896273029697
17.88063 -1.7292755223201266 -3.5439974184358554 216.559209849466
18.08863 -1.7556130222090363 -3.5980753332525257 219.00358073598338
18.29663 -1.7937237630572045 -3.6435016913762546 221.382716833485
18.50463 -1.8212752155928373 -3.694730588824025 223.70949091665491
18.71251 -1.8604316727161374 -3.7376667006514053 225.9788219244919
18.92051 -1.8936956846436004 -3.7777107259225797 228.1976953158321
19.12863 -1.9512641245857054 -3.816770136159105 230.33586019720101
19.33651 -2.015441624786358 -3.855099332975263 232.37185621669747
19.54464 -2.0847846550756968 -3.887404327097575 234.31619054824807
19.75263 -2.168962813375254 -3.9330478087382406 236.1563729797637
19.96078 -2.2561642379233877 -3.964295582583408 237.9167301321814
20.16888 -2.3362568132271972 -3.999033297539289 239.59363179454363
20.37701 -2.4144968930602593 -4.0346631826802986 241.216959470523
20.58526 -2.4818610178738725 -4.063805403606448 242.8221873021446
20.79338 -2.5517580680008773 -4.094449152240302 244.40472293161454
21.00151 -2.6030493375343484 -4.134249495323859 245.9749723558663
21.20964 -2.6525152238889005 -4.167240225865271 247.5227902765795
21.41776 -2.688161221151079 -4.19802813931151 249.0590840571082
21.62601 -2.7188755785283414 -4.229877066929216 250.57371209571122
21.83414 -2.7464092568938736 -4.260160576998865 252.0886553354985
22.04226 -2.759660435989388 -4.287751647164093 253.61391211987078
22.25051 -2.7647293488611258 -4.315673700949452 255.15928510518643
22.45866 -2.7643654469805927 -4.3464677363019835 256.71031358537044
22.66676 -2.7619302219298394 -4.378528945988174 258.2996380207137
22.87476 -2.7550978976975653 -4.419581614639415 259.87993018823727
23.0829 -2.753886237610452 -4.465769146009471 261.4661181971031
23.29089 -2.70900818321831 -4.5042744906857815 263.18373785734997
23.49901 -2.701004919695575 -4.545229009231559 264.9144635514649
23.70716 -2.6898743206788644 -4.577500162775729 266.635109348252
23.91526 -2.686102510177812 -4.609209300636455 268.3874030367595
24.12328 -2.6591363431732233 -4.64690491349382 270.1550046351114
24.33139 -2.5594375210041314 -4.687809012056838 272.0569702700836
24.53951 -2.531570980517264 -4.733212915909807 273.87054985298386
24.74764 -2.4621931355780937 -4.783836714803787 275.7140436311339
24.95576 -2.388450396287043 -4.83218553049751 277.56672967970104
25.16376 -2.3031443941746925 -4.862791878713282 279.40781922658164
25.37177 -2.2016862316281056 -4.904220053861812 281.256921626099
25.57977 -2.0954785205963447 -4.952952530991683 283.1086830428235
25.78765 -1.9910433312745575 -4.988036118729331 284.97712150608515
25.99552 -1.88838709585157 -5.0323691633933905 286.85660055385097
26.20351 -1.8059715622900079 -5.080399425277133 288.70746330630425
26.41139 -1.7196904977997995 -5.1187390342249355 290.572203327437
26.61926 -1.6347078578125167 -5.160918699434985 292.43805687400726
26.82714 -1.5758508448087465 -5.207551135249282 294.2689829025392
27.03514 -1.5387972903970297 -5.2432715736173545 296.0685610318393
27.24326 -1.5243047291704155 -5.270791367157562 297.82236579526756
27.45139 -1.519296640784201 -5.304335631375287 299.502328411894
27.65941 -1.5251974516637214 -5.340462493343608 301.0801697801417
27.86741 -1.557798352038635 -5.385041232246707 302.54516639820514
28.28327 -1.6478429770407974 -5.448407470851879 305.3194709118834
28.4909 -1.767787139443385 -5.487227047625223 306.5915198293345
28.69852 -1.9432529357576556 -5.514120889876365 307.81938687376373
28.90604 -2.1777424854529386 -5.5396379635048065 308.9623775672689
29.11351 -2.4795787723673612 -5.565771871082663 310.0544473071041
29.321 -2.8596020821689905 -5.581970515908969 311.06989263192406
29.73577 -3.8415941310230437 -5.610237657754551 312.86985525605894
29.94328 -4.460742654161123 -5.620627170816474 313.6627452525881
30.15089 -5.1489436766366055 -5.6321539328411045 314.36950737032925
30.35839 -5.919552497608379 -5.6344575927158465 315.0009247773072
30.56579 -6.750010954924164 -5.636025448516895 315.49514793083375
30.7734 -7.64008653573147 -5.638638709249687 315.84603742386406
30.98089 -8.553663007931846 -5.6185656564371875 316.1144040682245
31.18864 -9.50157354452945 -5.608401734295718 316.259702848571
31.39627 -10.495619749359637 -5.590696531488073 316.2793412145952
31.6039 -11.557218715648121 -5.564690911330691 316.1712810090476
31.81165 -12.679688229810488 -5.52571484465556 315.8999906984988
32.0194 -13.822878359420244 -5.466246279296576 315.4802427574414
32.2273 -14.981386771159578 -5.402055928104508 314.8676275977564
32.43543 -16.187245892604636 -5.30837446508761 314.0662527211867
32.64377 -17.379814134135557 -5.233610391111767 313.05957031364585
32.85215 -18.618665350636235 -5.13575827190245 311.85390964701674
33.06052 -19.833916818170366 -5.027990015476327 310.41531898014466
33.26902 -21.000059238055258 -4.922128433382996 308.7307286622697
33.47742 -22.136481418888224 -4.804110359337285 306.81985758887424
33.68577 -23.142238018230074 -4.721072314241158 304.663039404012
33.89415 -24.06579541535065 -4.638950123284783 302.28778700077453
34.10252 -24.86351486240423 -4.551156104120954 299.6828640343372
34.31077 -25.48244479555646 -4.481823771041529 296.8841297983065
34.41489 -25.732134786830805 -4.420029278499694 295.4011830132344
34.62327 -26.09942001362287 -4.348837015120776 292.32780296891264
34.7274 -26.225110179051686 -4.316072192997184 290.71378587314064
34.93578 -26.331205149804134 -4.2643566679916125 287.34570306207763
35.14415 -26.261073122895553 -4.219078330765055 283.8067753771273
35.35265 -26.01673150144817 -4.17236224141225 280.13729473949496
35.56127 -25.678733495494612 -4.134204550975464 276.3485126238425
35.66552 -25.494513793617056 -4.109030434423742 274.4142726421953
35.87418 -25.10816062406237 -4.076831502803327 270.42766665486613
36.08252 -24.750612215135316 -4.02735327418775 266.3864064589148
36.29091 -24.398697577942638 -4.010445180230687 262.2976134750999
36.49915 -24.091701591318767 -3.9443675498436743 258.0245284772965
36.70728 -23.82319021472022 -3.9090044155341803 253.86661950986343
36.91528 -23.61278791171783 -3.8537400738381704 249.63998990881478
37.12328 -23.455523898892125 -3.8213439992078753 245.45752489963633
37.33115 -23.32603483347492 -3.7682114549128776 241.2652474928667
37.53903 -23.222206928060665 -3.719950830637915 237.0497303596409
37.74677 -23.136871605349157 -3.6803805709174195 232.82291535965663
37.9544 -23.041952627599215 -3.6511530715241127 228.57266742462141
38.16202 -22.991137738229554 -3.580913275118987 224.28596302339614
38.36953 -22.945424569789907 -3.5407756718335204 220.00417290306115
38.57705 -22.866153658199927 -3.4699013137266244 215.67694712577978
38.78465 -22.79178019070978 -3.3950406752200664 211.3718218021444
38.99215 -22.68199443386823 -3.342168556011573 207.01928566325978
39.0959 -22.65173090698628 -3.311893504682763 204.88418153111294
39.19965 -22.615818473294688 -3.2881948856741614 202.69422873931217
39.40727 -22.53253673366117 -3.2359401897703037 198.31556098380327
39.51103 -22.493356998566497 -3.2082109851975327 196.13291008543817
39.71853 -22.40533270581086 -3.148478795454836 191.6965574977255
39.82215 -22.366198851341057 -3.118851469883496 189.5080233045578
40.02966 -22.262465995612022 -3.072418928452592 185.05670717744778
40.23704 -22.195571781613527 -3.036907563282654 180.60837464070946
40.44453 -22.090107831761998 -2.9640478787332705 176.1760475582712
40.65204 -22.02319347992766 -2.8945970000908954 171.7006421639525
40.85953 -21.916702135626082 -2.8566158975994136 167.2137017746156
41.06704 -21.827424932911814 -2.7917630624794927 162.74207300264734
41.27453 -21.76214458068354 -2.732667316165933 158.29685289613536
41.48215 -21.677622276590437 -2.668579524143321 153.81975221503936
41.68967 -21.610566174671447 -2.6029487511110885 149.34923155296377
41.79353 -21.584742461023186 -2.5748480085418364 147.12315570270803
42.00103 -21.539597612862984 -2.5089499829199005 142.64909697241586
42.20853 -21.48257080987419 -2.457677181003069 138.23387805443699
42.31228 -21.457240981886144 -2.421506664047632 136.02449136859764
42.41605 -21.43424198359747 -2.3970815735173634 133.82388683437236
42.62366 -21.39307629734755 -2.334537563425651 129.46060875336374
42.83116 -21.378979307666853 -2.2861091720610736 125.11867857020151
43.03866 -21.379550868753856 -2.2125575886171083 120.8478099307238
43.14241 -21.391652580273774 -2.189208283997158 118.72459041807514
43.34991 -21.42128492976397 -2.1250075817066585 114.60573905049014
43.45369 -21.450205443909226 -2.0925308283802764 112.57874529007597
43.66103 -21.493048068629452 -2.0263744080631128 108.62169629793061
43.86853 -21.553377224889598 -1.967174095160507 104.82520658738385
44.07592 -21.600300028230354 -1.905895418576049 101.1830948424493
44.28328 -21.650942784363078 -1.8552890937799988 97.68474871015613
44.49078 -21.677264475844957 -1.8005773089707118 94.33974498573087
44.69828 -21.70879778713358 -1.74782213665093 91.1705757930157
44.90591 -21.734642172190668 -1.7070369777997572 88.16854517990991
45.11353 -21.751251293231785 -1.6747377739024583 85.31700730192448
45.32116 -21.777689840965692 -1.622262897596142 82.59832152763883
45.52891 -21.78357829506258 -1.579529562474539 80.00912142525344
45.94441 -21.81862388525567 -1.5037609915484496 75.08735218222184
46.15241 -21.848005837944218 -1.4829005277607035 72.76629771510383
46.98429 -21.90917725446201 -1.3883998065974004 63.925730975914256
47.40028 -21.91826093693864 -1.3638833630910958 59.689358932875834
47.81641 -21.95946161225128 -1.3448154716480687 55.49980011313783
48.02441 -21.96904725699333 -1.3451038358516212 53.36249441056662
48.23241 -21.988391650004946 -1.3364160918676944 51.12008030100546
48.64841 -21.98560339192171 -1.3043609187819771 46.4763251435951
48.85641 -21.94585872031505 -1.2847132815859337 44.01940060364004
49.06453 -21.916366180217604 -1.2548353303342934 41.44236149733789
49.27254 -21.855870563366864 -1.2063880441223436 38.75319012400278
49.48054 -21.78209145625423 -1.1646225852012466 35.97404250028317
49.68854 -21.664249757470024 -1.123774884154152 33.091197854403035
49.89654 -21.525958465924838 -1.0703039356397803 30.090115917216625
50.10455 -21.362701909810607 -1.0360882325910983 27.00889266463016
50.31254 -21.16231155735042 -1.001674461383693 23.801586783799436
50.52054 -20.920046643691354 -0.9910827077309685 20.5048849153114
50.72866 -20.75571302307921 -0.9667035810833862 17.060341780675763
50.93679 -20.50885871354928 -0.9448763794158556 13.557632501811359
51.14479 -20.289807284257154 -0.9002379902058201 9.944317903646965
51.35279 -20.060214157041383 -0.880575007174249 6.245680461959967
51.56079 -19.845767277783885 -0.8245364342345736 2.43238014758405
51.76879 -19.632407286732228 -0.7780179118909385 -1.4454442631514395
51.97679 -19.42407666167594 -0.7364267304995425 -5.454734242297361
52.18466 -19.242322530445687 -0.7050771766831188 -9.516905262831079
52.39267 -19.082690043041275 -0.7031244842409186 -13.774948077355885
52.49667 -18.99047939803315 -0.673146080693988 -15.88094532986014
52.60067 -18.911591308459887 -0.6451855596317282 -18.031033141685203
52.80854 -18.788402289585743 -0.5997997303427354 -22.32821195887028
52.91241 -18.72938660354122 -0.5730971906218567 -24.541164697077274
53.01642 -18.68106904596071 -0.5446100995380678 -26.75812004153385
53.12031 -18.60007839231247 -0.5306044066957019 -28.952765750727618
53.22416 -18.546013558650703 -0.5271602867759936 -31.134272419142977
53.32804 -18.487023835928987 -0.49923680598386944 -33.380417788150154
53.43191 -18.447562646992015 -0.47646594336274206 -35.61857516420225
53.53579 -18.400049236849014 -0.43998425996753343 -37.82952949397527
53.74342 -18.30517308146371 -0.3978070064691046 -42.25653834719328
53.95117 -18.230778235124728 -0.3575235357674931 -46.670991088612915
54.05492 -18.189448765750985 -0.31232216000037427 -48.84363842746217
54.15879 -18.170213273254806 -0.28735733628938664 -51.06446065301953
54.26254 -18.15001648319177 -0.2617114356497967 -53.2416833000718
54.47016 -18.07206264680246 -0.19203678968116722 -57.632611111457116
54.57391 -18.025699422954396 -0.16806666825256156 -59.792853515122346
54.78154 -17.960104934873446 -0.1347069497892477 -64.12233968236762
54.98917 -17.886413715291486 -0.0951384013337413 -68.46212938222246
55.19679 -17.802566947330867 -0.03232936644707385 -72.7994298433397
55.40441 -17.722060729899955 0.003982554125517623 -77.07184563121308
55.61191 -17.62575910701619 0.03922998508585751 -81.37023374993109
55.81954 -17.540307215409772 0.0927602812015138 -85.62895876809425
56.02717 -17.466412944076893 0.12967484646093919 -89.90248653421467
56.23467 -17.403672406490045 0.16738317160650107 -94.17812613414526
56.44229 -17.341455833107226 0.19006317535973416 -98.42695502676698
56.64981 -17.266559716553562 0.24616399211310114 -102.62789755892179
56.85729 -17.206768230139687 0.2693742855100014 -106.83992258670014
57.06479 -17.147217862232612 0.32116788062361357 -111.00460167379838
57.16854 -17.109623257249595 0.3496596526318836 -113.0774755154628
57.37617 -17.06312319745522 0.39451854338775716 -117.1743986405326
57.58367 -16.97741997189618 0.4072069821078559 -121.30801355463846
57.79117 -16.89848902147326 0.4230577296964464 -125.42497534549014
57.99868 -16.85638392475167 0.47310931279119384 -129.54958999689876
58.20619 -16.82075964638779 0.5319625620541428 -133.64344625179152
58.4138 -16.76852426615316 0.5982113796294537 -137.782374865014
58.62142 -16.726719909003386 0.656659478999901 -141.87332103119718
58.82907 -16.67679842322152 0.69000224152966 -146.0207630230298
59.03655 -16.637903465736002 0.7358399483726425 -150.2025282746399
59.24417 -16.58523409076281 0.7740011578555346 -154.3574830884361
59.4518 -16.526007075569844 0.828740791742121 -158.59943262317867
59.65942 -16.48499960930912 0.8660514782183117 -162.8121780537563
59.86692 -16.41512158347766 0.8916431246045975 -167.0754581332127
60.07455 -16.347500259582063 0.920846669496763 -171.31363084788123
60.28217 -16.31332222190334 0.9342055854871667 -175.5928002769059
60.48967 -16.26000081897656 0.9438842957238038 -179.91361228424506
60.69718 -16.190053672168247 0.9575665979450929 -184.20220294497364
60.9048 -16.140279985005947 0.9880796660674815 -188.4908021977664
61.1123 -16.059930730367874 0.9935905877874336 -192.7842021341362
61.31992 -15.989438439804966 1.0234452261737594 -197.05066123557168
61.52755 -15.94470635574016 1.0418418281992174 -201.33206425718402
61.73505 -15.8812562503938 1.0594443936791489 -205.56494944700106
61.94255 -15.801353324793928 1.0832722251282614 -209.82038369792687
62.15017 -15.717084576705043 1.0573968366037536 -214.01688056148132
62.35767 -15.65173519820252 1.0744934391871754 -218.24017374271762
62.5653 -15.573369477881595 1.0874009816346182 -222.44801734865203
62.77292 -15.517000458647274 1.105401789086808 -226.63982863774896
62.98055 -15.461769531568933 1.0935144283042577 -230.86383865295713
63.18817 -15.42899662874154 1.0960033702233112 -235.07276319238815
63.3958 -15.38608912916601 1.0944611447478167 -239.28861160213836
63.60343 -15.351371494555366 1.0971756823752932 -243.46443455287732
63.81105 -15.309696431355658 1.0808836806258189 -247.6256844482724
64.01868 -15.279502487571635 1.0667352072042156 -251.7706095205601
64.22618 -15.236754075936027 1.0549634736558513 -255.92967393772187
64.4338 -15.196440919433497 1.0491319248414674 -259.9933445688958
64.64143 -15.13396731535285 1.0486164827800524 -264.0665524387749
64.84905 -15.090762906305663 1.0512470547698625 -268.1337932749457
65.05669 -15.023221834167282 1.0589488131712859 -272.1680733359305
65.2643 -14.971000596441973 1.0663854373269057 -276.19601927924714
65.47193 -14.932592969684968 1.0695686282915613 -280.2199614929736
65.67942 -14.897255816143321 1.080802942416276 -284.21980214206377
65.88693 -14.877944764726442 1.0782532372537919 -288.22434507458394
66.09455 -14.864614714873984 1.076281236981524 -292.1401989892995
66.30208 -14.861378372106348 1.0975475124221044 -296.07634895669463
66.50968 -14.86086358059504 1.103255869076726 -299.95961354077804
66.7173 -14.881527314854564 1.0927663560563552 -303.8069273034589
66.92481 -14.877510029350105 1.0848635756945741 -307.6975554557687
67.13244 -14.87327665219116 1.0919997083621187 -311.457833157437
67.34005 -14.859027365783056 1.0985610536540689 -315.23501861843334
67.54768 -14.860649852626356 1.0911523071270919 -318.9959160996894
67.7553 -14.84922842024869 1.118222412268798 -322.71309424404444
67.96293 -14.8418874506959 1.1259414019120664 -326.40851343762716
68.17055 -14.842213827717988 1.1195699071203586 -330.0330700972454
68.37818 -14.860494525698275 1.1221437590893268 -333.58007129051146
68.58593 -14.886364047906756 1.1250941267978387 -337.1136198389886
68.79356 -14.914816554227265 1.1311032037527475 -340.57119506595126
69.00118 -14.94789998077237 1.1347760345129112 -343.93891275481786
69.20893 -14.97112137232287 1.158799611904369 -347.1632146036953
69.41681 -14.982953936631624 1.183489648261686 -350.2092744014121
69.62456 -15.021183755065676 1.179994857039075 -353.1085089621129
69.83232 -15.063172690171111 1.1844715363333744 -355.85255051466214
70.04006 -15.087657910049156 1.1856849527221414 -358.3790908342357
70.24756 -15.053786631941646 1.184154992803447 -360.7216549068334
70.45481 -14.901379099625135 1.1821422781023276 -362.8671686027893
70.66218 -14.624639405431566 1.1765979782573464 -364.82294106785463
70.86943 -14.242983740994475 1.1635461379670868 -366.58159160578214
71.9062 -10.15440215684626 0.9472424807689863 -372.9289991893352
72.11368 -8.942192781959847 0.8966981570427777 -373.7368721876057
72.32131 -7.58924491249158 0.8446021528765146 -374.3447466232085
72.52906 -6.179822218933651 0.7760622343617762 -374.78028205629704
72.73695 -4.694935580223472 0.7104698435519383 -374.9678074062297
72.94481 -3.148672168436118 0.6420898235846189 -374.9700395955204
73.15283 -1.518328447270843 0.580192588500012 -374.7755290121827
73.36068 0.1334081327660499 0.530968788529375 -374.2852256552251
73.46456 0.9495596064041223 0.5253939400584331 -373.9561101683901
73.67258 2.5677864988290366 0.5320592537429958 -373.0982939838433
73.88045 4.223887229664257 0.5566984308195657 -371.9460111176926
74.08844 5.7285562120872555 0.5409320544504723 -370.49016266649977
74.29656 7.201397546731613 0.5671188770538071 -368.7523176343336
74.50481 8.516612706082668 0.5787522706528812 -366.6870818489754
74.71282 9.617944397772902 0.5846318918136726 -364.352080238034
74.92108 10.484369262500138 0.569244926138559 -361.72305834084966
75.12956 11.111433565783258 0.5844098180623969 -358.75327923068977
75.33819 11.58650173432845 0.5698466944522367 -355.54673158624024
75.54693 11.879420598751778 0.5709523662669178 -352.0909376566211
75.65131 11.946226160730227 0.572305507088795 -350.28803394214475
75.86022 11.977966713945158 0.564781623053962 -346.54102322456106
76.06919 11.962756382755401 0.5602727194148234 -342.55291238611903
76.27806 11.991425438213055 0.5445514130110876 -338.39549863815375
76.48681 11.969184953319967 0.5268874558763299 -334.02656435233126
76.59106 11.958136275789974 0.5302514247939227 -331.7950619122164
76.79944 11.918545484577258 0.5133311561986331 -327.190906339644
77.00769 11.851908305830925 0.5083648628840196 -322.37330477828357
77.21594 11.767560734947814 0.5074777502491354 -317.43418700535216
77.42406 11.683460625766818 0.4819487058660634 -312.32867391368404
77.63219 11.598884027692844 0.46893640513837553 -307.05748283345133
77.84019 11.530115685175147 0.42765539813378695 -301.7143669842345
78.04806 11.470503362368671 0.3842409613122276 -296.303710778622
78.25594 11.435192733092144 0.2919823546418001 -290.70696042461856
78.46369 11.392233736029675 0.2424693019248847 -284.9360044935542
78.67132 11.33320028116648 0.15431849252852836 -279.03169375349347
78.87906 11.207082107692372 0.06484509363243074 -273.00910601251707
79.08681 11.084146395602975 -0.030041270165161782 -266.8635360047053
79.29444 10.937373680910902 -0.13618813978558597 -260.58998528759525
79.5022 10.745974699474003 -0.22890882996026918 -254.27690026577469
79.70994 10.663435848582392 -0.3137628933435196 -247.69473022209792
79.81382 10.569914795142765 -0.3177325815781795 -244.3925521274665
80.02146 10.398806226847423 -0.34559404338978483 -237.7845883675483
80.22894 10.265248545833217 -0.344403251046387 -231.20658846401795
80.33281 10.199645924029436 -0.3447013373368719 -227.91646938460937
80.43667 10.135890958770972 -0.3563974132663703 -224.57917297169837
80.64432 10.003622747169292 -0.3727983344429484 -218.0721215513938
80.85196 9.892918205101953 -0.41003868132283827 -211.47212828187966
80.9557 9.824609796421626 -0.40743283325919233 -208.16715005914278
81.05944 9.757844946400901 -0.40940167532094485 -204.86999466266423
81.16321 9.710911323157125 -0.4254275005227588 -201.56092177523976
81.3707 9.59124208924732 -0.39762299727888717 -194.94292641159714
81.47457 9.507132081733726 -0.39606311528966165 -191.63230947293985
81.57833 9.44750766703666 -0.41544915843953234 -188.39141930811672
81.78594 9.316444300060322 -0.437746894914536 -181.79693548838392
81.8897 9.237920977661227 -0.4404298013594903 -178.51092756621676
82.09731 9.146422442185681 -0.48500268267273805 -171.89899874199716
82.30484 8.995838996472598 -0.5127223318420646 -165.3738918670512
82.51244 8.78748548467622 -0.5489528598826263 -158.92436654634034
82.71996 8.581853672041282 -0.6036331162065616 -152.57279419331184
82.92757 8.364992834903273 -0.6136687367143598 -145.92702648422386
83.13519 8.169528412510564 -0.6283204245224603 -139.371706813631
83.34282 7.944229158012508 -0.6468225562472836 -132.90440671557457
83.44657 7.821504816007568 -0.6896026326164377 -129.63391113409102
83.55044 7.730580994527534 -0.6809542112273146 -126.40507945415911
83.75819 7.552010495833068 -0.7244062286340176 -119.91267795070065
83.96595 7.329059634563169 -0.7572008594946684 -113.45993053061821
84.17369 7.12634612568305 -0.8534553386797938 -107.08370114714684
84.38159 6.89546735646781 -0.9431901282759789 -100.56461226392966
84.58932 6.759122817901037 -1.0056438967421588 -94.10592747575096
84.79707 6.288097999807743 -1.0486607928054867 -87.83081620188476
85.00482 5.934874935581223 -1.1987324570024562 -81.58345169893556
85.10871 5.783538804354402 -1.291389113552874 -78.27009008507136
85.21245 5.6162195080117305 -1.381652370635706 -75.01525518260573
85.42019 5.544187270111976 -1.4713847373258784 -68.4084879954794
85.62782 5.330931772920837 -1.5306161464576342 -61.951870152557845
85.83532 5.027268149260702 -1.7348175761146698 -55.45410941067514
86.04282 4.674929501587657 -2.013049528579945 -48.95720358394914
86.14669 4.393331429908891 -2.068779966499759 -45.68423619624226
86.25046 3.749934926166024 -2.034406753480888 -42.66736292088784
86.45807 3.0190267015072267 -2.247294995334724 -35.893924767979684
86.56182 2.6889125783305836 -2.7947297888741662 -32.29982571451254
86.66569 2.2277281783462697 -3.5916821783411286 -28.92117260488214
86.76945 1.663603420276194 -4.077930844504875 -25.247752020511413
86.8732 0.7959867785357253 -4.282546243669253 -21.63490905208633
86.97695 -0.10077791411521975 -4.396260376113584 -17.674274051585325
87.0807 -1.0687941453431056 -4.652165896837762 -13.544917185927806
87.18457 -2.4797310112434583 -5.469236802629775 -10.0638054193991
87.28832 -3.3907980092697922 -6.005662320111245 -6.2912586166422
87.49583 -4.581849105722945 -5.8148380278808895 1.0633821805912373
87.59969 -4.362882299493133 -5.583341095251509 5.9163845783129
87.70345 -4.757673290369269 -5.474111358468493 10.32038010923418
87.80732 -4.876662692509413 -5.339225328216317 15.225105145407724
87.91107 -5.0882839619205935 -5.178368710774436 20.04076350975113
88.01495 -5.322783199763457 -5.066258617917347 24.61222460125049
88.22259 -5.740365602107888 -4.811724075674974 33.89714988255239
88.4302 -6.19053855754586 -4.541997449950957 43.28401985467512
88.53407 -6.402711689928173 -4.42089408853782 47.97298827270857
88.74158 -6.788562107729347 -4.170605860295813 57.26870200159179
88.84545 -6.993000253172865 -4.0630168120039105 61.88289243330133
89.05295 -7.348684448984704 -3.8060003778438354 70.95190727287728
89.26059 -7.6974373901696165 -3.5341161180524323 80.0078038470419
89.36432 -7.907091025891734 -3.414790102917818 84.6131849033574
89.57183 -8.267921818577456 -3.115968275693911 93.7358559543495
89.77934 -8.57586504301344 -2.7903676917820706 102.79300365266303
89.98695 -9.001330718053678 -2.546700635618145 111.7521038009516
90.19445 -9.446998953538003 -2.2989304451109707 120.63283929925714
90.40208 -9.871127828689861 -1.9539695025337984 129.5292685075236
90.6097 -10.35069692091498 -1.555517779334025 138.35959652519796
90.81732 -10.820023609941664 -1.248746036707871 147.08917940295115
91.02484 -11.284265450737717 -0.9139324428008706 155.83515421435757
91.23245 -11.770824877087275 -0.6015811926024348 164.47339649576324
91.43995 -12.279154350865756 -0.2897333709248251 172.97142557145384
91.5437 -12.50389224522676 -0.13773428550063826 177.22732271655588
91.6476 -12.7093863713629 0.02048666907990615 181.4083798660945
91.75121 -12.926960990062952 0.16070477042204345 185.62349679137586
91.85508 -13.17792033316957 0.2863096126830804 189.8055657360844
91.95883 -13.432117883626162 0.4128635813829966 193.95358399244958
92.06258 -13.644367921642427 0.5663968029467377 198.09293621588535
92.27007 -14.132508473535136 0.8494299999815258 206.41325376438175
92.37383 -14.395290696269171 1.013164690051374 210.4945440420435
92.58132 -14.789570967944274 1.2876150347546123 218.70785845311823
92.78883 -15.17283238141605 1.5596328346562718 226.70630864779994
92.99632 -15.475878142139027 1.8099436124325141 234.57482607745735
93.20395 -15.779018989720367 2.1489927145477807 242.1437150852891
93.41158 -16.016336928398346 2.2932362985604016 249.76446768614747
93.51545 -16.030497131608072 2.4040110075909933 253.35598498270397
93.72308 -16.1372644887908 2.5810573955961225 260.8631538164925
93.9307 -16.17055385101832 2.783000658021116 268.26250293844936
94.13845 -16.243040090985957 2.961541525777438 275.60214352028186
94.3462 -16.212864960198573 3.1832719975350763 282.8301828207181
94.55395 -16.18134351782107 3.4350967048674796 289.9970596444274
94.76158 -16.158205962585708 3.7230228469366757 297.0203572194658
94.86546 -16.142546980226985 3.873732151417787 300.5244046675752
94.96933 -16.138309126154436 4.011922320952081 304.1266728271083
95.17695 -16.16978942972791 4.224427466315231 311.2434502658763
95.3847 -16.17826793631471 4.583568389326863 318.353413957136
95.59247 -16.166314592335784 4.955634124480889 325.54078994614025
95.80033 -16.08716362306037 5.382134717723955 332.80725039632966
96.00846 -15.782211587110435 5.9968514945393 340.253674643791
96.2166 -15.67927431497138 6.294451416368419 347.6685076985616
96.42472 -15.315505856975722 6.619163992273142 355.2139277455425
96.63283 -14.720713610895714 7.123501921843516 362.76027235625816
96.73683 -14.321117557007803 7.336000820242419 366.5043681945079
96.94485 -13.342051056366039 7.805325695596558 374.3130384164604
97.15272 -12.126074878144472 8.373772268416593 382.37829538467633
97.36058 -10.575797455440586 8.927870856973845 390.41793161162883
97.46446 -9.700356696621142 9.240478596861681 394.3187158009948
97.67221 -8.340572873694043 9.531177525616366 399.84524570969415
97.87984 -6.827984925460214 9.783777559340662 405.2987593064907
97.98358 -5.945923982788749 9.92803905759338 408.25608090975084
98.19108 -4.813379645898962 10.319148607605605 413.91415913246766
98.3987 -3.195820632564473 10.487866757740758 419.66539919706787
98.6062 -1.298332776951323 10.688927200081181 425.3721262270745
98.70996 -0.30064610537388425 10.82642475295085 428.4451682129336
98.81383 0.8391776401557127 10.93588639847648 431.62171333054226
98.91758 1.8758760667828902 11.097192633047221 434.7955573714412
99.02133 2.6975301472536435 11.283956496126358 438.40790429699376
99.12508 3.8468152662321167 11.305861984159776 441.8156773045529
99.22896 4.1983550460382535 11.088104325692875 445.3424787886268
99.33271 5.374679818101551 11.060569777760836 448.82821539716446
99.64408 7.549132187282581 10.530879232428862 460.1077085476308
99.74796 8.53291995955464 10.430901303372963 464.0218011079319
99.85171 8.652755249325466 10.317796718505303 466.8094156643174
99.95546 8.715473046058769 10.208277155148021 469.4275057141685
100.0592 8.055669767122296 9.635990697375949 469.4816815003913
100.2668 6.89499100451323 9.410748478457567 470.74230634586866
100.5782 4.850349641187584 9.171260007387463 472.8326586536685
100.7857 4.1598710082609855 8.95860644977703 475.4051045765262
100.9933 3.8724862796935398 8.794548530887866 478.7620309674284
101.201 3.594624404992512 8.608517571192493 482.10654872071774
101.4085 3.400703920836623 8.429960484888547 485.442348186796
101.6161 3.1910118645226753 8.246450526289266 488.7425642919768
101.8236 2.9796707573479253 8.082366772096353 491.9532380321443
102.0311 2.742465118487445 7.895797507393677 495.11223423053013
102.2387 2.550656991485379 7.696705911039711 498.3455327560316
102.4462 2.3576232520966123 7.52128808711964 501.5210486420336
102.6537 2.162360887588651 7.332268909642028 504.68818754246314
102.8613 1.9789898622163093 7.14164994672014 507.8559261259458
103.0688 1.7919186143037535 6.97605448836411 510.937345681462
103.2765 1.6208811008368649 6.817420726613523 514.0199892109626
103.484 1.4541551216068829 6.650203772439916 517.0755338586309
103.6916 1.3175504501841129 6.481557328801962 520.1199078041875
103.7954 1.4018575413467023 6.485245589336859 521.5737214200492
