0.0 -0.0 -0.0 -0.0
0.1037359 -0.004306130624891955 -0.0031846685764937164 0.627444364182639
0.2073381 -0.011308139214843032 -0.007984280152642739 1.2733801670430789
0.3110752 -0.025610280924157354 -0.011220527201545294 1.9344765209750152
0.4146917 -0.04424302070517562 -0.01418245141532421 2.6093237209399542
0.5184302 -0.06460137089460452 -0.023030694990118596 3.2938144022139695
0.6220448 -0.09062942689701489 -0.0292041010383502 4.002192146320194
0.8294199 -0.146317606905341 -0.045267211817956315 5.458977835897425
1.03691 -0.21709064100831366 -0.06173327151127943 6.953555446564941
1.244242 -0.3038918517042342 -0.07900631325225642 8.474930236540791
1.451596 -0.37481610965721524 -0.09401020772916763 10.038399016160946
1.65896 -0.4641544075416246 -0.10972510914649902 11.629057532874883
1.762569 -0.5114625592446737 -0.11809282133420276 12.435094047297488
1.969923 -0.6187170424277694 -0.14245399562906697 14.069171036771237
2.177281 -0.7242095490310071 -0.16905583889156087 15.725391478388557
2.384639 -0.8292038200726163 -0.19524560559347226 17.410785562306046
2.591988 -0.9406900800441136 -0.214534767555571 19.11059543627115
2.799367 -1.0638389232452463 -0.23777716011923755 20.83454828934369
3.006768 -1.1714400385166153 -0.25011553031039047 22.57895181446496
3.214057 -1.2798098544459864 -0.2684879368956836 24.325552033716168
3.421285 -1.3838248205718335 -0.2800758854329939 26.10949219937344
3.628545 -1.4825553012798804 -0.30084626877329573 27.91878384649296
3.835871 -1.587046408010314 -0.3137581639111984 29.732032222303676
4.043107 -1.7041347525548025 -0.33171115789777805 31.56134732010109
4.25046 -1.8353880825583293 -0.3647627733430168 33.41344251697123
4.45794 -1.9615392586135425 -0.3840735209866144 35.25266360438798
4.665293 -2.1136055152910105 -0.3914572548428753 37.13268192760508
4.872532 -2.232246328230027 -0.4024094972949042 38.95477128736869
5.079909 -2.3773371696724004 -0.41433373937104534 40.80251434267218
5.287117 -2.5047330376741734 -0.43013772758992685 42.63946615906589
5.494473 -2.6445646615356604 -0.4501437889037392 44.437139907041804
5.701829 -2.7817817991784697 -0.4732056645437699 46.23126696639628
5.909185 -2.9095380152372163 -0.49639455212360584 48.016986373864505
6.116541 -3.038318934677782 -0.5178402878259588 49.7700195158528
6.323895 -3.16805288236736 -0.5348796229739863 51.51163591374046
6.531383 -3.3085395141747145 -0.5389245395252354 53.26414746015717
6.738741 -3.4507520827333478 -0.5502300066468536 54.963529973183135
6.945963 -3.5986669112990732 -0.5665118752717403 56.64430581201606
7.153323 -3.744152941769199 -0.5973175073581651 58.26356096898147
7.360549 -3.8922204405112426 -0.6168980930081962 59.830981805528644
7.567786 -4.035676152754372 -0.640399547903028 61.35927420102097
7.775144 -4.173078741064089 -0.6534172871948375 62.83681082516726
7.982493 -4.320440872511358 -0.6693143628798568 64.26653162272483
8.189849 -4.461690174207087 -0.6822934336135345 65.62211569235748
8.604438 -4.732443117279587 -0.7175084666786313 68.14245681531736
8.915403 -4.889433212841935 -0.7460394619371695 69.82649757622757
9.12289 -5.0059961470151775 -0.770689135015815 70.88376118626232
9.330247 -5.074603995693243 -0.7916873743487786 71.89135927952593
9.537749 -5.128653167723958 -0.8084746651060908 72.85412070357982
9.745342 -5.168708880748152 -0.8210492589290026 73.76291835472433
10.05693 -5.094730888602944 -0.8390641438805027 75.04356443073452
10.47264 -4.776730398145666 -0.8652629774950258 76.61003112327066
10.68062 -4.513762306376915 -0.876479407072895 77.31681498005352
10.88875 -4.172054334837437 -0.8894727604459185 77.96822817975831
11.09659 -3.7492042628339206 -0.9093836519501196 78.54373188308392
11.40818 -2.98608850681579 -0.9344256334563876 79.27273302024689
11.61553 -2.4112421365108787 -0.9503358072864173 79.67379691309081
11.82277 -1.7933676583824862 -0.9708528827732095 80.0080865584446
12.03 -1.1603608352975527 -0.9847232994084436 80.2860127753141
12.2371 -0.48645233218660877 -0.9975541926279216 80.47532764771304
12.44411 0.20514265731838321 -1.0108363361679302 80.65096730547504
12.65107 0.9176998656333204 -1.0415533543632214 80.82793795579113
12.85806 1.6739712686710249 -1.0667700116393588 80.94083541841248
13.0652 2.474860165143202 -1.0651707231520433 81.02631878130242
13.27235 3.3370325052684855 -1.1014399442431158 81.12384411059209
13.4795 4.254274897831058 -1.1380593870475466 81.19427194865409
13.68672 5.234628919690681 -1.16795587307999 81.24278890358852
13.89395 6.27750823141832 -1.1985847018262545 81.2887201304773
14.1013 7.3906330008154555 -1.2367133824304357 81.333080891854
14.30854 8.582494794145516 -1.271136444698424 81.3686463581566
14.51589 9.88397208338089 -1.3132128942369568 81.40907426442512
14.72326 11.193818195506205 -1.3551584882194874 81.43720120148792
14.93048 12.607419855665526 -1.39961661194116 81.48277760121339
15.13784 14.058945355296915 -1.4420293566833413 81.54254374612448
15.34508 15.578434945956836 -1.4868743004330027 81.63059467201626
15.55255 17.13864116232941 -1.5299918934847447 81.7341321031022
15.7599 18.713333730954485 -1.583967640274738 81.8490385251364
15.96739 20.311789726594895 -1.6402895082355777 81.97004734001025
16.17474 21.915144611357956 -1.7137759257293246 82.0831159246828
16.38209 23.504827376756317 -1.7791075813358521 82.2028413504925
16.58933 25.10278418203947 -1.8469651446324016 82.32050143049037
16.79668 26.688064442186764 -1.9128885486089424 82.42855305792769
17.00419 28.269271648162075 -1.9734303052812165 82.51214370286681
17.21165 29.83985880263443 -2.032236699217463 82.56933114719034
17.41915 31.388563920750773 -2.093571717518612 82.58793394493888
17.62648 32.92617967240074 -2.152162100947266 82.58000584740527
17.83384 34.4438527331121 -2.1979356790857416 82.53394055331434
18.0412 35.936881436588514 -2.248179376300085 82.46517643590796
18.45593 38.888653059293226 -2.355123847969165 82.23331562711063
18.66326 40.28939466495552 -2.4114084042232964 82.08172703215976
18.87049 41.644685952746826 -2.462576212521616 81.91930148763718
19.07772 42.9404862471862 -2.4993861235699852 81.76384293818685
19.28502 44.170302351822855 -2.544002302343141 81.62453103608857
19.49224 45.340696844115705 -2.587402404752396 81.51068073209419
19.90652 47.45440396514087 -2.6858350814473493 81.41841315033226
20.1135 48.44800760689013 -2.7310403811505233 81.46075918174154
20.32061 49.41880486801102 -2.776224756139589 81.56021402482402
20.52747 50.376830573278355 -2.815625523776702 81.75601071999274
20.73444 51.28789710966846 -2.856002170087544 82.05176305794255
20.94151 52.13940977498453 -2.88320046165199 82.43802270075629
21.14837 52.89577429400059 -2.910731065937787 82.93576471345727
21.35544 53.57503775649889 -2.9380109261730456 83.54131494584328
21.56272 54.16785914721747 -2.9733608289391107 84.21969158452723
21.7701 54.670383525992364 -3.007763087410725 84.99359488646431
21.97771 55.060267187656265 -3.0310084715297028 85.82080746383375
22.18531 55.36201326897412 -3.0571759444033804 86.68976977799464
22.39317 55.59477217405016 -3.066410936669997 87.60469709235541
22.49716 55.70551015113775 -3.0662180718771523 88.07565953497054
22.60129 55.82489260872714 -3.0706357043256993 88.54770870933572
22.80964 56.035292114838384 -3.0815716950244902 89.53364467712659
23.01761 56.22195189475647 -3.0779851110013277 90.56282096174168
23.22571 56.43235700910982 -3.096173616486998 91.63025024834972
23.4336 56.67280999042875 -3.1091773873430473 92.74750898720852
23.64143 56.92479292679076 -3.1309147649753926 93.9073904539759
23.84899 57.20648713584305 -3.157032955610518 95.12261983838036
24.05642 57.52441280621743 -3.1812090278130802 96.38508177708502
24.26396 57.854442220212476 -3.194700838454582 97.68055382977518
24.471 58.18200579819558 -3.2192373762251583 99.01008748602871
24.6781 58.51241227810293 -3.2416572262244805 100.39996712584096
24.88547 58.858693355838895 -3.2708691904232583 101.85017784038048
25.09267 59.18721220300456 -3.29240932908069 103.3329936146904
25.2999 59.528572195819514 -3.315613709508617 104.8605792220209
25.50725 59.87272994594106 -3.3474111942277345 106.44518941688123
25.71463 60.224957782518906 -3.3794721255024904 108.06267899891265
25.92198 60.57690900307067 -3.4010011384196472 109.70630623959268
26.12923 60.91130416353969 -3.43380709304475 111.36074324351065
26.44034 61.4201666147916 -3.478616939696181 113.90796372689675
26.64767 61.79781648582894 -3.511791943988366 115.59907074826923
26.9585 62.394209581931676 -3.5743629429899415 118.13364204142337
27.26947 62.95823004444675 -3.632639036210551 120.67011631100111
27.47687 63.34294987162321 -3.6784380611996346 122.30933282026747
27.68407 63.7335656383142 -3.72033961664275 123.96340173440464
27.89128 64.12481582042624 -3.7611970429898847 125.64859545830346
28.09865 64.50460595745062 -3.9372809834383733 127.30684599222523
28.30587 64.87004358153624 -3.9182527940822265 128.91893828756346
28.51323 65.21900771632846 -3.9188370676665487 130.53232913101124
28.72228 65.54138320793366 -3.9163723859129487 132.14485869127523
28.92794 65.84850438811876 -3.9121687924158386 133.75297429996255
29.1353 66.16873132946137 -3.9081564130991704 135.3507515441191
29.34253 66.49010535723684 -3.90552634497977 136.92652088987586
29.54976 66.77709369616498 -3.879895382638971 138.52407631982143
29.75712 67.05761224457963 -3.8683685876046185 140.11822917591346
29.96462 67.29519779349708 -3.8416393379870115 141.69536557164608
30.172 67.52696387404643 -3.818166686395239 143.26118793542398
30.37931 67.73398873941763 -3.804290224984085 144.8750134416108
30.58667 67.894726271372 -3.7950675659322366 146.49474697217735
30.79405 68.04911746380772 -3.787423453621817 148.13173286531278
31.00138 68.16794631610323 -3.7801932369164173 149.78700893034122
31.20861 68.2705794611327 -3.7570374702098013 151.43638440734526
31.4162 68.35526635566738 -3.743695827893011 153.06977893297343
31.62342 68.41454460156615 -3.7275279012158373 154.70903497570973
31.83069 68.47351954013087 -3.7082695564002037 156.364618013847
32.03804 68.53449701876403 -3.6846662208081638 157.9930553658219
32.24526 68.60111361500121 -3.661458760128739 159.59386215150855
32.45266 68.61541570673597 -3.6440629445639283 161.24319564990742
32.65998 68.62352668121024 -3.6154033595181074 162.89998313581538
32.86747 68.60797912371925 -3.5983839304151175 164.5437567636383
33.07483 68.59162003139943 -3.574619510259157 166.18070485115135
33.28231 68.50521304362167 -3.554418034092987 167.85719385487496
33.48978 68.40830644277194 -3.5312035624252207 169.51735584498357
33.69713 68.29967857422992 -3.49449067723782 171.14933707906556
33.90461 68.20581083031068 -3.487888602125184 172.8228183436837
34.11209 68.1156779852747 -3.4653199021679866 174.49665537135738
34.31957 68.00898556729824 -3.443515360681355 176.1659916210675
34.52694 67.92562903167044 -3.4328589150684774 177.82384138958255
34.7343 67.80338276245317 -3.434271776390806 179.50284785524963
34.94152 67.68468571533447 -3.431888314140037 181.16182732467516
35.14887 67.56157302692999 -3.4182174558448373 182.79655499714772
35.35623 67.43501724834044 -3.4142687601414057 184.42896842714623
35.56362 67.30563768237313 -3.400271427423254 186.04076990975594
35.77094 67.18481401794173 -3.401119326220885 187.61503898695116
35.9783 67.0539577610206 -3.386876914010804 189.18871487563857
36.18578 66.93875577181679 -3.375522669483212 190.71725859718777
36.39322 66.81495788801321 -3.3556390178188185 192.15412339072236
36.60049 66.70670423872308 -3.366086371901984 193.5180897443124
36.80799 66.63109245400011 -3.354427946493179 194.82897295919713
37.01548 66.54950199202972 -3.3605285082993746 196.13428332637255
37.22281 66.46833407013742 -3.354951713734125 197.42872494141568
37.43016 66.43429491011243 -3.3504723577967166 198.67898453971475
37.63739 66.40373727142679 -3.348987216309697 199.9348346783427
37.84475 66.4118658166811 -3.3603929443061236 201.19229192374561
38.05231 66.42214181777808 -3.3622465185202106 202.43170954069637
38.46657 66.4290333874978 -3.337690815660137 204.95382002257352
38.67381 66.40018484275019 -3.3277343212652393 206.21434098988593
38.88106 66.4022745561305 -3.322518626081596 207.47957585559126
39.0883 66.37014623495466 -3.315421275115617 208.7936880844538
39.29572 66.35679501882309 -3.307498027314386 210.1193782182756
39.50298 66.3167832629392 -3.277659245633304 211.43616291560895
39.71039 66.2839160232131 -3.2474762280730243 212.76434179506316
39.91781 66.26240224887164 -3.221309081852855 214.13012667443968
40.12518 66.21920370891297 -3.207444423289745 215.49151286971113
40.33256 66.19338482386001 -3.1872639132547036 216.81560334353716
40.74735 66.09872620769036 -3.157226670207975 219.50708528432097
40.95472 66.04594118593455 -3.143762560216132 220.834437686692
41.16209 65.99224093895579 -3.1362590153770715 222.14153101862024
41.57679 65.89413647555399 -3.1198731640826116 224.64174114363493
41.78426 65.8445747398429 -3.112445430632551 225.76998065641885
41.9914 65.78127132761819 -3.095253466291645 226.8353751434163
42.40533 65.52464717360336 -3.0831125567559114 228.77673542448403
42.61235 65.31971731882453 -3.084279839760388 229.69927409996967
43.02619 64.66763815108288 -3.098933808506819 231.35582994737385
43.23303 64.218051885608 -3.117307038490299 232.0747018819436
43.44005 63.690603110033535 -3.1377009586897815 232.7296997764772
43.64715 63.10831593824106 -3.1513405097503506 233.31986329298252
43.85435 62.45088616020382 -3.1523284444719333 233.8323400092326
44.06168 61.75938185591151 -3.141496650009707 234.2516840463307
44.26891 61.047305325842785 -3.126293461355364 234.59869945361478
44.47627 60.29991865059606 -3.1072464825633963 234.87821739916959
44.68375 59.478862687151924 -3.082163351945747 235.07977879435487
44.89136 58.57857227257362 -3.0723724508400245 235.20461999252032
45.30693 56.58713856789661 -3.0511870789335074 235.28397071992254
45.51485 55.5105098010318 -3.0467337530510656 235.26475604186493
45.72254 54.34744585257403 -3.0456000797430627 235.19105487105836
45.93051 53.12616117304265 -3.0428360250774436 235.11290747055926
46.13842 51.83898713223984 -3.044789503298391 235.02708639435485
46.34635 50.46795915403732 -3.044418200821115 234.94772357961276
46.5541 49.004308687661876 -3.048619311924051 234.85649251573568
46.76168 47.461488846038144 -3.049976901002529 234.77149845483933
46.96918 45.82190123120067 -3.0562555543927514 234.67802273986854
47.17665 44.08789681522133 -3.062526262591791 234.59341595770698
47.38412 42.278790496195136 -3.075251913670879 234.5097746797706
47.59151 40.403973222387556 -3.084638602094901 234.41428531961253
47.79871 38.51791475770625 -3.0925788735415844 234.32794405043356
48.00607 36.63057620203212 -3.10312228813149 234.23927943814257
48.21388 34.74301388385153 -3.114064196265934 234.14797644011966
48.42053 32.84652174448802 -3.1222795546919584 234.041260343936
48.62778 30.971596385703528 -3.124106531155789 233.91727883007565
48.83536 29.108623693909436 -3.1182116113219784 233.7840146274191
49.04259 27.242497286254775 -3.1253286346880484 233.63630551419755
49.24983 25.407083627965893 -3.143414913522124 233.4760080182355
49.45761 23.576917313480735 -3.163492666620523 233.32706962939955
49.66469 21.764483549666107 -3.185437052637408 233.19713753793246
49.87203 19.943515251739925 -3.2099077922847243 233.09382608084906
50.07937 18.200656694350354 -3.2292129652274175 232.9945572127299
50.28673 16.438976915549382 -3.2397164600730326 232.89448897043812
50.4941 14.665638525146754 -3.2599883931254214 232.80039511555282
50.70131 12.92928306955127 -3.269232506320642 232.68022801303871
50.90867 11.213088045024515 -3.2733522098567764 232.55620080677016
51.11603 9.504930785249272 -3.2922393746132212 232.41929133850917
51.32338 7.819733056104663 -3.3085014736549354 232.26317278243022
51.53076 6.1386245505665435 -3.3221425989726208 232.09163230036626
51.7381 4.492660882914933 -3.3329914548935635 231.905664750592
51.94545 2.887512016754826 -3.340418672467974 231.72600508586748
52.15294 1.3313389910423261 -3.35183994993236 231.55675252581406
52.36031 -0.15459662243281258 -3.364474756193338 231.3890248192981
52.56765 -1.5804117218818412 -3.376136771903863 231.23750750492275
52.775 -2.944708821002198 -3.3906785273858557 231.10141757747783
52.98236 -4.250727943364343 -3.3986517840079284 230.98570280935513
53.81153 -8.793746140040797 -3.433938459115016 230.69637220334087
54.01891 -9.75491037670477 -3.445841292630692 230.65699390003212
54.22614 -10.64187268060831 -3.4501704931232977 230.63076443198977
54.9517 -13.13669836928609 -3.460664192909363 230.64475512095134
55.36639 -14.018577098778831 -3.475950495146724 230.675839258541
58.68335 -15.722643308170214 -3.5056818081537653 230.76821838121438
59.30542 -17.133875896902545 -3.547864632127337 231.02873338459673
59.9281 -18.816538254933434 -3.5834453316349903 231.70709734489307
60.13578 -19.414457237749033 -3.5965643458939205 232.0693770974648
60.3433 -19.994226404469018 -3.599333312323367 232.54312193471412
60.75861 -21.0547640579654 -3.5853698587591563 233.7588110826433
61.17327 -21.89239645182697 -3.5794482013051154 235.43428668409672
61.38046 -22.210071239436672 -3.579853926248097 236.43416133184775
61.58757 -22.461615743041847 -3.560643365935187 237.5312277734357
61.79455 -22.646975261488663 -3.5613350716187337 238.73638622117699
62.00274 -22.777275132561435 -3.551353058351799 240.04353696942263
62.20813 -22.868980965246173 -3.5417728205934553 241.42889405010027
62.41486 -22.937295984340253 -3.532889796788376 242.88455250654863
62.62174 -22.99657382124744 -3.517005519926988 244.4206785175535
62.8287 -23.048361611895952 -3.5036150820053327 246.0141506872297
63.03581 -23.109595267967972 -3.489454168780666 247.68397809153743
63.24292 -23.155984141246055 -3.4659993080628073 249.44084809740295
63.45015 -23.223928428695686 -3.44617740088551 251.23925371215878
63.6575 -23.30834894701914 -3.421823810647811 253.0913337951228
63.86499 -23.389726171207197 -3.419143917089657 255.02779317398776
64.07222 -23.46402200271896 -3.404570310627191 257.01985793283893
64.27962 -23.531970061632418 -3.3705979833004855 259.0450275372443
64.48693 -23.61692939976127 -3.3529850942204695 261.123651997407
64.6943 -23.726377461467806 -3.353232603245156 263.264880797052
64.90164 -23.821276357691616 -3.349017228106752 265.4689166619226
65.10899 -23.920157366165036 -3.3220004290341807 267.7108945315635
65.31622 -24.012802654584625 -3.2915836699164913 269.99272912636565
65.52362 -24.10855400582814 -3.2794967489470848 272.30649617231666
65.73079 -24.216051645751044 -3.265661784338577 274.645274031515
65.93804 -24.331645752336875 -3.2501322452834183 276.9776917428431
66.14527 -24.46519076128772 -3.2566104159484897 279.31214350476876
66.35263 -24.614811362569284 -3.263196241221233 281.66895671807856
66.55986 -24.78348214405289 -3.270854893867085 284.01550388702515
66.76724 -24.936267344168762 -3.2586326196161766 286.3455195671549
66.97457 -25.084100839810137 -3.2541752979413348 288.65747855694116
67.18193 -25.237696066289104 -3.253929896010891 290.95510173655356
67.38928 -25.388733848682207 -3.262297267632011 293.25188443407603
67.59663 -25.54542878427883 -3.261747685932673 295.52966896943576
67.8039 -25.691301491899278 -3.249836804932695 297.8161348811002
68.01129 -25.838548153562456 -3.2307163139363473 300.06398262333335
68.21865 -26.000059802216313 -3.22069624112293 302.31429809402175
68.42594 -26.136856271912876 -3.2140002571268353 304.5706831737508
68.63317 -26.285897529155143 -3.212707112103689 306.8355511630933
68.84053 -26.41505006502662 -3.2191012974229958 309.1017866083012
69.04789 -26.552044965299082 -3.2008783643327288 311.39574210822843
69.25532 -26.692096958940876 -3.1832926418502705 313.708580262847
69.46264 -26.831189432264544 -3.171708265329727 316.05127400844356
69.66995 -26.970639592103304 -3.162458053168354 318.38553087207583
69.8773 -27.11080453071738 -3.1541119298020894 320.728779801343
70.08466 -27.261561326167953 -3.1409766547903617 323.11466567794236
70.29203 -27.404012509013405 -3.122851595239122 325.48973098407384
70.49937 -27.534124043773822 -3.0995478323707513 327.8341950694415
70.70661 -27.67224100892561 -3.0948760620712124 330.1795072291611
70.91396 -27.808701572120718 -3.075168021697145 332.53328953862945
71.1212 -27.930238804762492 -3.054813903045787 334.8689114636682
71.32843 -28.06176459089121 -3.034449377152921 337.1487609917381
71.53585 -28.19008590628402 -3.0257254174758392 339.40795935521913
71.74301 -28.317099438367332 -3.0215132412989547 341.6362018449099
71.95025 -28.455279805537597 -3.00985332882051 343.82284432347205
72.15749 -28.589761234277745 -2.986906705431485 345.96632949861566
72.36483 -28.730757316999245 -2.971328470331608 348.0609001061256
72.57206 -28.881631701722 -2.962662964931601 350.1211776925182
72.77944 -29.028141995609964 -2.948049095593511 352.1151014797503
72.98677 -29.160522870001493 -2.9368617599746303 354.0560196090136
73.19419 -29.28616969828393 -2.936246306363868 355.9195603590737
73.40149 -29.379840230322714 -2.923584544701841 357.7180568591411
73.6089 -29.46830547301086 -2.9176005937918816 359.415372783413
74.02343 -29.636858986337543 -2.902824022970295 362.50106001038694
74.23088 -29.71522969481119 -2.8935054945126053 363.884646131965
74.43803 -29.774272470647844 -2.8800908302687986 365.18115441548724
74.95596 -29.962362329165323 -2.8745373377809864 368.006320528838
75.37005 -30.232029699624867 -2.8799282061356646 369.9371051633035
75.57707 -30.445993051380775 -2.87920854175801 370.8609184956379
75.78377 -30.73049197501129 -2.880543510670689 371.7314126754387
76.40446 -31.984247808136246 -2.878480348132939 373.969925086499
76.61134 -32.60937349331493 -2.8699849920315454 374.65321553951884
76.81844 -33.319784439281335 -2.851008766024 375.31519427192654
77.02553 -34.147377121622384 -2.831542597186461 375.91354121065933
77.23263 -35.10494592403256 -2.7952305267604176 376.41864032937764
77.43986 -36.17142546592987 -2.7858042648570818 376.7686849960716
77.64709 -37.30181525584351 -2.784746850144108 377.0327628987197
77.8547 -38.5281038987038 -2.7827494944857323 377.12709427300047
78.06256 -39.81712283341891 -2.794074009898634 377.06725524434455
78.27066 -41.16990496650325 -2.792264749931735 376.94105188351216
78.47901 -42.571777451503614 -2.7920855973137204 376.77995789179494
78.68737 -43.99330291522188 -2.7904569929638843 376.5877525525432
78.89561 -45.46842446957529 -2.7851298788409693 376.4223591338039
79.10361 -47.022968784875715 -2.80856090978626 376.25769085503174
79.31138 -48.62933594237795 -2.8292406627017144 376.07639284260875
79.51897 -50.2817003047746 -2.845394660756536 375.88673101682843
79.7264 -52.00623324415911 -2.8630245071403526 375.70735373870707
79.93387 -53.822533728008864 -2.878685280199316 375.53423952994507
80.14127 -55.68813571093058 -2.8792474171544877 375.3729270242399
80.3485 -57.68673472249267 -2.875985731031854 375.24929783726867
80.55583 -59.70904569134308 -2.889724249443977 375.1096421170079
80.76319 -61.79007928895825 -2.8705317168166813 374.99483696429166
80.97042 -63.8998845915031 -2.8557010779891794 374.8617265896815
81.17767 -66.03589930605625 -2.8596088218213436 374.743135548531
81.38503 -68.19772349548276 -2.861876364550283 374.62550312239256
81.59223 -70.35324572182247 -2.8697475892065816 374.49413731934663
81.79947 -72.50813810903988 -2.8721250246940175 374.3594888823641
82.0067 -74.61282925828219 -2.8652866585063945 374.21643716393385
82.21407 -76.70602074980772 -2.8792411058300167 374.0689976948617
82.42141 -78.82355678807916 -2.878231480770191 373.90694795088666
82.62878 -80.9275642364624 -2.8746498286119366 373.7035427820111
82.83614 -82.97680721006299 -2.8765734997338965 373.51671371980996
83.0435 -85.04751187892259 -2.8765620118587076 373.3199261041732
83.25097 -87.1213274942715 -2.893586207672593 373.1349210441751
83.45819 -89.16469775557755 -2.8905011522472845 372.9440712012818
83.66555 -91.2136482779423 -2.905310063343596 372.7681791384044
83.87292 -93.26255244652592 -2.9168665037836163 372.6146359338673
84.08013 -95.30309397404773 -2.9143403764019915 372.4888108702511
84.2876 -97.32407688919164 -2.9177485910596337 372.3856304443323
84.49476 -99.33431659090785 -2.924722800001915 372.3064741774824
84.70212 -101.32668026866482 -2.931927136976814 372.2401736418106
84.90931 -103.34548230312848 -2.934394051170936 372.2046347888472
85.1167 -105.30014313238573 -2.9338764484109445 372.1794360897451
85.32408 -107.1894552391216 -2.931569451115994 372.1690727901357
85.53134 -108.99264245018122 -2.9423023413832077 372.1682239933087
85.73867 -110.69632361751349 -2.9571110754394367 372.1600755702479
85.94605 -112.30342190449556 -2.9682887553971167 372.14780051319195
86.15319 -113.79273904033876 -2.980785430646831 372.11349103438715
86.77514 -117.9268206213686 -3.011882782169341 371.8825898753485
86.98251 -119.26688614975824 -3.0197400196324784 371.76116941044995
87.19018 -120.59285404373085 -3.0338007477706945 371.6266999575942
87.39722 -121.92581312500403 -3.0544049311236137 371.474712042068
87.60456 -123.29404484357278 -3.080681492008146 371.3104980550834
87.81198 -124.68767369421903 -3.109794203542357 371.14047959125634
88.01928 -126.1037225375264 -3.1369621412796382 370.94076906979166
88.22662 -127.56789833970693 -3.167954762646991 370.7507015055045
88.43433 -129.0845282608919 -3.1944208755377046 370.54646251101883
88.6414 -130.669899241633 -3.2056164944027112 370.33297008972903
88.84889 -132.3145352074107 -3.1964388196380407 370.11374329116967
89.05617 -133.98508974654263 -3.190094468112032 369.90323820554823
89.26354 -135.75254098074947 -3.1719856766684402 369.71971589964267
89.47088 -137.64075822853806 -3.168821107775075 369.54297893666165
89.67823 -139.51051409623645 -3.1517299086464816 369.3737410914084
89.88559 -141.465823438292 -3.139925344290507 369.18887954936815
90.09295 -143.53320276962643 -3.1564900531213986 369.0097396854064
90.30045 -145.61166971776052 -3.1697666200670205 368.8889007873482
90.50779 -147.77998933205396 -3.20970593340837 368.8120656942834
90.71514 -150.02729221935502 -3.2388180611009316 368.7483269290776
90.92238 -152.29384444912571 -3.2421288927935468 368.69727737239253
91.1296 -154.57093244977554 -3.2640171762828154 368.6817595547838
91.33684 -156.86679515177352 -3.288720560807244 368.644165822626
91.54407 -159.17204039563464 -3.305407219096498 368.58884812981404
91.7513 -161.4607817040422 -3.3253133192943114 368.5277967093583
91.95867 -163.73372987988367 -3.352336720672649 368.4618887598597
92.16588 -166.02593810585878 -3.3883219026573763 368.38481048659327
92.37311 -168.28602132658756 -3.4157489117488122 368.2673775567813
92.58047 -170.52779915957154 -3.441165191810346 368.1302921843083
92.78783 -172.7546874578088 -3.462627412927156 368.00175155583923
92.99493 -175.002873788383 -3.490466724363877 367.87592281218804
93.20216 -177.2085364968287 -3.513259187890636 367.7056484712759
93.40939 -179.36947597176461 -3.5289651908553847 367.544186211727
93.61675 -181.52915294039596 -3.5592421160670957 367.3854260723992
93.82412 -183.69778714010235 -3.590457635481598 367.2325140786378
94.03155 -185.8570800454403 -3.5866566277494645 367.05518345571096
94.23882 -187.97254730000623 -3.58832128736546 366.870271152071
94.4462 -190.0930474420731 -3.601001735407736 366.6896379185833
94.65365 -192.19837739973755 -3.612650870381521 366.5414067921078
94.86103 -194.2810763341744 -3.6290407375854334 366.38777343264337
95.06825 -196.32999134169214 -3.631106051873229 366.2450005830224
95.27559 -198.31398247304125 -3.6369668920636724 366.1137843839597
95.48285 -200.24506066615854 -3.637070270555107 365.9737982816652
95.6902 -202.0954253709696 -3.6470163311357062 365.85297175766937
95.89742 -203.84511776381447 -3.6536004043171113 365.74416070582544
96.10478 -205.548099803568 -3.6684098288294136 365.65066575007563
96.312 -207.1334638489866 -3.6822933742978425 365.5350087432419
96.51944 -208.60839268147237 -3.6969480535470627 365.41376671926986
96.72661 -210.01740155982313 -3.704682762649518 365.27696524733204
96.93383 -211.3796065847334 -3.730350319119286 365.15351337884226
97.14114 -212.65921341062528 -3.7413110792821422 365.0014474070555
97.34816 -213.90368336294728 -3.7532559032840913 364.80629501059127
97.55502 -215.09140284653347 -3.7625491551025934 364.5351964399476
97.76187 -216.2365366423164 -3.7829347797069164 364.1714826938072
97.96862 -217.31076692477933 -3.799763358515505 363.7053019092599
98.17532 -218.3080871196615 -3.819899301683948 363.1362277181086
98.3822 -219.2336681027846 -3.8263919960339816 362.4416732003729
98.58919 -220.05798370438717 -3.847571395185388 361.6174489470243
98.79615 -220.78303453164148 -3.8516760968763952 360.6622097483032
99.00328 -221.38947810433547 -3.8489011286986257 359.5791527523361
99.21063 -221.85242029230244 -3.862419496984688 358.38545711803806
99.41837 -222.2242484773359 -3.8577296795993585 357.0873345618313
99.62559 -222.43745695592418 -3.842886106672811 355.697164956418
99.83345 -222.53016681517977 -3.8375064588989143 354.2282453066109
99.93756 -222.55202416703077 -3.8300696371271563 353.457236979925
100.042 -222.56599470632867 -3.8159552702585664 352.66020029307236
100.2499 -222.569736150924 -3.8146912055398596 351.0473116838024
100.458 -222.5393529308375 -3.803397329406862 349.3888513016929
100.6656 -222.43351152536647 -3.821959760000782 347.6641144035465
100.7695 -222.36875242232077 -3.828322666944509 346.76466595405157
100.9772 -222.22139786196345 -3.845980707817015 344.9297118618251
101.1847 -222.04862652057182 -3.8680331295138313 343.028427857225
101.3922 -221.86198823459915 -3.8883325894282734 341.05820758002
101.5995 -221.64432153269178 -3.9086006675922587 339.02959082917806
101.8069 -221.39183566940324 -3.916776360709224 336.92534676287636
102.0144 -221.12621829372847 -3.9348283336604606 334.773917519589
102.2218 -220.85874968519718 -3.953659588107533 332.57062843624095
102.4293 -220.5994224349048 -4.005242079508689 330.28424577205686
102.6367 -220.35026460413033 -4.010922386073917 327.9705385006474
102.8441 -220.10763598738666 -4.046565108808369 325.6312239883868
103.0513 -219.8939470567169 -4.059327529642781 323.2647093434163
103.2587 -219.6589248651613 -4.048917599748861 320.92393221283965
103.4665 -219.43826704658701 -4.047949247972824 318.5789517476119
