0.0 -0.0 -0.0 -0.0
0.1044989 3.125709875919855e-05 -0.028062074505083474 1.6470252272317891
0.2077935 -0.001200837943534882 -0.056196920614995274 3.300799521547731
0.3116343 0.0009686894986154805 -0.08643483399488429 4.947439945839767
0.415494 0.0045813149889430554 -0.11138453979612006 6.600172275331755
0.519644 0.01804139007640217 -0.13564425044401798 8.253440404768211
0.6234014 0.027218771625902367 -0.1665629358181721 9.895550519344928
0.7273457 0.025875347479781867 -0.19620333767405104 11.519009247547856
0.8311796 0.039102564005529035 -0.23597103733278466 13.152480371981467
1.038877 0.0370234775606368 -0.2978590739327638 16.424771727678568
1.142774 0.035792244877560886 -0.32363337916033336 18.047629315047335
1.350553 0.01173656323698525 -0.3765756430889323 21.346053658373503
1.558293 0.007862142115931156 -0.42653519388953864 24.579924631684044
1.766057 -0.00479233238422376 -0.48958405397704274 27.861585084166325
1.973923 -0.012369402498364046 -0.551247744005229 31.13851172119038
2.181756 -0.05915815765588625 -0.591564255738817 34.47527790586773
2.389627 -0.08596121675890575 -0.6617070440078598 37.81723846516232
2.597363 -0.12150119171696921 -0.7220503646151959 41.135920188979696
2.806098 -0.16555953982358262 -0.7790748537733241 44.4359670549597
3.013136 -0.20771759417827335 -0.8449916995277192 47.75578585681996
3.221 -0.2599646729904779 -0.9462068271260692 51.05091168457247
3.428991 -0.33874793640030204 -0.9829012394635017 54.373915970990915
3.636879 -0.40524215626607024 -1.0299367554324592 57.689773677012305
3.844868 -0.47771535720148856 -1.0765307692680623 61.02604480131654
4.052745 -0.5256594186840499 -1.1205022851396538 64.33662097035626
4.260741 -0.5910909770252037 -1.1236697390066797 67.66816987561205
4.46862 -0.6073214310237339 -1.1530310675315276 71.0068293704249
4.676494 -0.6364140761584351 -1.1777701353749097 74.315583484309
4.884244 -0.678963410096308 -1.2049176869147042 77.63000192257817
5.091994 -0.6978561405754413 -1.234971348579899 80.91352471750959
5.299899 -0.7534339911533728 -1.2313425199365482 84.25079973525438
5.507756 -0.8265960060876272 -1.2769575459242493 87.50839434551558
5.715493 -0.85467780862954 -1.301308838284014 90.85216474904075
5.923372 -0.9104264543967765 -1.3216862150594904 94.15117354196273
6.131261 -0.9762864971524914 -1.3425853200198703 97.43580825271852
6.339121 -1.059541790211584 -1.37025937970393 100.62376446300594
6.547122 -1.1013664171263047 -1.397686941571656 103.84119016945799
6.755121 -1.1243600393822095 -1.4372105673818836 107.04436495930297
6.963119 -1.1354200124170828 -1.5018472133530514 110.24947411248833
7.17112 -1.1194403482403248 -1.5028103513604676 113.45853261857914
7.379122 -1.0612852752649622 -1.5682373379905312 116.59999404604511
7.587125 -0.9876734348212528 -1.624856014640448 119.70710002548526
7.795143 -0.8860037056974526 -1.673212125119255 122.85956719950497
8.003122 -0.7710570673008901 -1.7312472722370464 126.017310827163
8.211127 -0.6475062267404015 -1.7874778955298973 129.18802673852076
8.419122 -0.5049714188611185 -1.8311975846287254 132.36969386231365
8.627137 -0.3561986172027689 -1.9030695320436966 135.52849492162065
8.835121 -0.1951077802114174 -1.9552814329425192 138.7243370890257
9.043123 -0.07144731303900809 -2.0112966784883746 141.96848069750132
9.251125 0.09950016646094895 -2.0653874697381047 145.2682434593025
9.459001 0.21458821934145877 -2.128328663980226 148.52893637763012
9.666891 0.33762659022837127 -2.1954856941305283 151.86770510330157
9.87475 0.42596939003502143 -2.235178965239451 155.19433825011092
10.08275 0.49362854549134405 -2.2561175555191664 158.5475632649441
10.29063 0.5022259485268497 -2.3119147535643614 161.8874339262518
10.49862 0.46906060082288575 -2.3780666462944207 165.26448353445807
10.81075 0.41400283123758164 -2.4577673583705515 170.39789912876404
11.01875 0.34187927402191876 -2.478072160406491 173.82948914953425
11.22675 0.3256406799512146 -2.543624769199032 177.25918571309748
11.43462 0.28719757327619 -2.5730092433708984 180.69723364891433
11.64263 0.25519306632445815 -2.6022941024907604 184.1506933682624
11.85063 0.21167784832245218 -2.630804322505087 187.62215756480285
12.0585 0.17016991953602822 -2.6668903461656006 191.06504299818528
12.26652 0.11198613052494877 -2.6845927545801325 194.56239101605382
12.47437 0.0543058492046633 -2.7104739092717947 198.0588922562485
12.68225 0.012353180981272471 -2.742095178808693 201.52352054422158
12.89025 -0.02937494598765933 -2.785160577413959 204.96807520753237
13.09813 -0.07831589684507256 -2.86022221665758 208.4323757565055
13.306 -0.1039181690312021 -2.9407174085342778 211.8580736149252
13.51401 -0.16624395023934535 -2.9966167547898532 215.30054631731315
13.72188 -0.20532640338016694 -3.0563805647897797 218.75325267409082
13.92975 -0.25093232706093627 -3.115552003000793 222.17250537871928
14.13775 -0.30590131339835613 -3.1796910767447604 225.58934176418884
14.44965 -0.39658803508279306 -3.2740251100527757 230.73992824257962
14.6575 -0.4580546429341088 -3.343820338295912 234.19345296107775
14.86538 -0.539637254469294 -3.3913307680456737 237.62411668856092
15.07325 -0.6178877346660263 -3.46254679280909 241.05903803457298
15.28126 -0.7075325499918899 -3.52601363337784 244.50954893467213
15.48913 -0.7810013195533694 -3.589722156126223 247.93919139081416
15.697 -0.8452048562453998 -3.666866477441479 251.37673889758275
15.90501 -0.9368576256193872 -3.70334832558137 254.79738966951547
16.11288 -1.0238060079415003 -3.761376066286213 258.1426054312574
16.32088 -1.1042550592574996 -3.8279689448971945 261.513638868462
16.63288 -1.2194041117551735 -3.9101924627923443 266.53026659918277
16.84076 -1.2974708267874648 -3.96448290657862 269.83508854513184
17.04876 -1.3555785422193019 -4.012468305496803 273.12146557191585
17.25676 -1.3851833887993796 -4.107377909796672 276.3942937987222
17.56875 -1.428290341658968 -4.180021808144146 281.2641962709628
17.77676 -1.4571048940300426 -4.2371096923923135 284.42398758367347
17.98465 -1.4951794195474744 -4.294725028528844 287.5339601579545
18.19263 -1.5235522494952392 -4.349155611961021 290.5570915964145
18.40063 -1.5847526490849866 -4.395239174807623 293.51272812652223
18.60852 -1.6381898716843428 -4.436503383134088 296.42759949630005
18.81651 -1.6904625424078068 -4.4842533267271225 299.24904987816893
19.02463 -1.7430148257958713 -4.536337611326953 301.9603403425312
19.23263 -1.8172213447448735 -4.57296467300929 304.5735088323968
19.54464 -1.9579147072910335 -4.63914679237514 308.26839643156285
19.75263 -2.0578261168234544 -4.679623036718385 310.592454441649
19.96078 -2.1794567691817885 -4.722618340090484 312.8003057796841
20.16888 -2.2753741908576437 -4.762929489051105 314.91689642459505
20.37701 -2.3676255369158703 -4.79628714621626 316.9569616049204
20.58526 -2.4545253362964203 -4.8335195614040725 318.9382328724548
20.89751 -2.575273180794227 -4.889496756880674 321.9123469787142
21.10563 -2.6407795557121814 -4.923019265597092 323.8588061179636
21.41776 -2.72368693330895 -4.973827328242025 326.72429754799043
21.62601 -2.7680535504617345 -5.0107708083585845 328.61397706065
21.83414 -2.802434757791744 -5.038402151395492 330.5035061947192
22.04226 -2.8160719001604075 -5.078537886084067 332.4173527075219
22.25051 -2.8269818351621017 -5.114423924290727 334.3497191958594
22.45866 -2.821369905286508 -5.146096651590718 336.30591675171434
22.66676 -2.8343270328082717 -5.183823288711787 338.2454619100456
22.87476 -2.8289449362445573 -5.227856225439377 340.24181556414436
23.0829 -2.8259342318050047 -5.2657714833095675 342.2945396182966
23.29089 -2.798247883525982 -5.322551883357813 344.36341318129655
23.49901 -2.808447561369084 -5.361177515537888 346.5197949877436
23.81113 -2.787098568927755 -5.402630220057022 349.7779228725757
24.01927 -2.760091942404615 -5.440566643631927 352.0016054826868
24.22739 -2.7093069241975147 -5.493101606041181 354.28999741311105
24.53951 -2.640799101607607 -5.547165422188405 357.7156003162541
24.74764 -2.5567351853984874 -5.611242141360117 360.030089162556
24.95576 -2.4796659239793257 -5.665593840940177 362.35422762835935
25.16376 -2.380166688134942 -5.707888300330206 364.6799678699089
25.37177 -2.2490666964999626 -5.745615971511608 367.02202284460634
25.47577 -2.179419172351505 -5.774599358829576 368.1803810441595
25.78765 -1.9845185281107582 -5.845739018021863 371.69007222873427
25.89164 -1.932174456185333 -5.8562629083072295 372.86249790665573
26.09952 -1.817301616178515 -5.88852241970682 375.2218203140732
26.30739 -1.717574413028867 -5.934389519601055 377.5511014805847
26.41139 -1.6608043802636132 -5.95014674316566 378.7261646980742
26.61926 -1.5823933196004312 -6.004910057863507 381.04154283632056
26.82714 -1.515395868746877 -6.044654094686624 383.3586243647286
27.03514 -1.4796141929853768 -6.102512531383577 385.59502850330637
27.24326 -1.4472093668424977 -6.131279151715401 387.8051048837486
27.45139 -1.4427025983698543 -6.179618216163638 389.922972728396
27.65941 -1.4550118369961254 -6.214883589152661 391.9628582508606
27.86741 -1.4984983758608879 -6.248383542248305 393.8499598014672
28.07541 -1.5441282132240222 -6.281465337734369 395.6205959862603
28.28327 -1.6379828090728878 -6.335852384866522 397.312433661812
28.4909 -1.816488833764467 -6.358623300844595 398.90894536617566
28.80227 -2.1550652051288566 -6.4310723576904065 401.15966293774517
29.00977 -2.5107855527756726 -6.463559001096599 402.5816726459041
29.321 -3.1693572905641645 -6.478242905838771 404.5180936137818
29.52839 -3.7412858234455655 -6.510668522945787 405.7064427278485
29.73577 -4.43973695319724 -6.519753371802145 406.84150506873414
29.94328 -5.226705814948247 -6.556345432095872 407.8858407874127
30.15089 -6.151995819593225 -6.574466959610308 408.83423076533813
30.35839 -7.174597069462891 -6.55048663812711 409.6175246197645
30.56579 -8.299030137223639 -6.533604318423281 410.1655053483804
30.7734 -9.469677867797941 -6.490661506207968 410.6295656383944
30.98089 -10.644445007338618 -6.487530899945057 410.9837648278478
31.08477 -11.229530532907589 -6.504022176625539 411.11498086113494
31.29241 -12.526793778341926 -6.467363169886785 411.232426760741
31.39627 -13.20755192492468 -6.453733384494514 411.20808377800745
31.6039 -14.617070022817765 -6.422122426494321 411.0536610471732
31.81165 -16.097915505379966 -6.368693603507973 410.70261137693535
32.0194 -17.616461079815707 -6.280475584663574 410.1449008459738
32.12329 -18.366805770648924 -6.233279658748234 409.75073221566305
32.2273 -19.16653318739006 -6.1711646532572 409.30478145909166
32.33129 -19.931732367841136 -6.112304054646916 408.8189227818338
32.43543 -20.712993709048817 -6.065844485265428 408.2580893614242
32.53952 -21.517619277797166 -5.993734990595666 407.6360785087253
32.74802 -23.108374070171493 -5.876025887457775 406.1898735401437
32.85215 -23.905064904286576 -5.824202153430411 405.39499276137315
32.9564 -24.689020943286238 -5.742460679000846 404.50181954896726
33.06052 -25.451085154511446 -5.68121591381561 403.5456922071646
33.16477 -26.2089513864681 -5.588953645593556 402.5025215871939
33.26902 -26.958710669898693 -5.511181106480173 401.394220418801
33.37314 -27.677724070122167 -5.44513090453011 400.20111741975387
33.47742 -28.37754877485142 -5.378421416793685 398.9662021059363
33.68577 -29.718379055264677 -5.260721219515926 396.21052232916804
33.79002 -30.322702754374802 -5.213133873440331 394.730207084914
34.10252 -31.88793870872918 -5.051471273964708 389.8440399313163
34.20665 -32.32183409962899 -5.008636091922256 388.10637476875974
34.41489 -33.02191868446697 -4.918503773859338 384.3914491093074
34.62327 -33.474693996226506 -4.808257031122134 380.4288158367968
34.93578 -33.77895305849522 -4.710327043851192 374.1390368174746
35.14415 -33.68291018229621 -4.669228249717471 369.6002937853643
35.45692 -33.1974732823262 -4.5877113007491275 362.4300440524005
35.66552 -32.733965680925806 -4.544169180201383 357.4897512519299
35.87418 -32.241819636067014 -4.520280521151521 352.3002324181798
36.08252 -31.81356425627835 -4.4842678356282635 347.02394378354643
36.29091 -31.36860983549519 -4.430834708151464 341.56167251281215
36.49915 -30.98570151933426 -4.398962264725007 336.1192837816433
36.70728 -30.676073968636423 -4.375413122844661 330.6368831121841
36.91528 -30.3948602923286 -4.306838875445813 325.0780515685747
37.01927 -30.291142696378962 -4.283753896564917 322.3027770021168
37.2273 -30.12827557816516 -4.224666255898212 316.7182220666643
37.43515 -30.024383107210994 -4.158818632071162 311.12131488397057
37.6429 -29.900323030765716 -4.106201807633203 305.5177464891788
37.85053 -29.84430193428889 -4.0905702820657766 299.84114978272424
38.05815 -29.81956197853471 -3.949360916077148 294.1600066494068
38.26578 -29.751936533019975 -3.879424522533964 288.34348641168214
38.47328 -29.73192356794977 -3.829573065817699 282.6388560668136
38.68078 -29.67544923276905 -3.7898857148222147 276.8388410353776
38.8884 -29.570337757304205 -3.733861412616479 271.07592442666777
39.0959 -29.513288429300726 -3.632317190635665 265.221308756679
39.3034 -29.43832024697473 -3.577603457164151 259.29653946333445
39.51103 -29.377860814445796 -3.5442574251943766 253.37980017430218
39.71853 -29.291786675924413 -3.4759540514826 247.30476040054302
39.9259 -29.20680313093361 -3.407518304004743 241.16931736153
40.1334 -29.109846250369486 -3.3490714833460133 235.04764749629769
40.34078 -29.066662925602948 -3.271052358565651 228.86575021386253
40.54828 -28.981086814794846 -3.203770898883019 222.69623394493573
40.75578 -28.92326633598953 -3.154326833489993 216.39915865458505
40.9633 -28.918513484377232 -3.0795811755082116 210.19772193891058
41.1708 -28.86253534803574 -2.999198136404255 203.86325000104938
41.3783 -28.768326858323782 -2.9143502868934434 197.56562792184846
41.58591 -28.748061183449067 -2.881816172797293 191.25232008389685
41.79353 -28.725903160548288 -2.8294941937516533 184.96000502125918
42.00103 -28.77464193445692 -2.8191857200545027 178.64227342608635
42.20853 -28.820772742820257 -2.7856490844787674 172.2889569273831
42.41605 -28.86170878829082 -2.7104711347242967 166.00497080531505
42.62366 -28.89831465683564 -2.707452847602644 159.60384115643475
42.93491 -29.009924288698187 -2.7149275309022216 150.13498133859798
43.03866 -29.134841817833394 -2.706451190415429 147.026361013193
43.14241 -29.206744294906642 -2.70694979361459 144.057872539382
43.34991 -29.38192439927623 -2.6951480972532424 137.88620885463297
43.5574 -29.547008241620297 -2.6180643827148105 131.9660950217762
43.76479 -29.789136302285623 -2.6101011367943276 126.13969355405479
43.97229 -30.031790468516746 -2.530183930834319 120.55422086240712
44.17966 -30.315820047498143 -2.507932142393894 115.17473376985835
44.38704 -30.63527950683698 -2.4962303269079524 109.98492701305659
44.59453 -30.9917173394918 -2.3733657837321163 104.8550865176994
44.80216 -31.218430465675496 -2.2961686893573288 100.14325574995067
45.00978 -31.50590173983675 -2.2564850078052556 95.61804406635434
45.21741 -31.708443241024135 -2.1768170660765946 91.34468046106593
45.42503 -31.918600180435696 -2.119027926705843 87.46009182125428
45.63278 -32.148044911768125 -2.0534089149545416 83.58119601178453
45.84053 -32.371731268148764 -2.0240966885352494 79.87035644322634
46.15241 -32.475683297170534 -2.128189811529007 74.8227230557622
46.36028 -32.50351106216064 -2.084316113941508 71.52021583114201
46.7763 -32.57652979211612 -1.6995805774905324 65.2506218396296
47.19229 -32.909641642256695 -1.4145923642251788 58.99602313174611
47.60841 -33.47219938549479 -1.3367351747539147 52.81851305039545
47.81641 -33.78962908205936 -1.3057968797789221 49.766806367392384
48.02441 -34.09866860561409 -1.250400781985367 46.654174793010036
48.23241 -34.53799532807135 -1.2010868021975751 43.382854641302856
48.44041 -35.196595455753155 -1.089661300494691 39.97179133307289
48.64841 -35.722954567153934 -1.0059775025903075 36.57270576117884
48.85641 -36.35375672418821 -0.8560162533975525 32.56794100173893
49.06453 -37.517602286712 -0.6434113745866222 28.58136064605936
49.27254 -37.329300295008295 -0.6975784345228415 25.42771700667777
50.00054 -37.93647619147299 -1.409662706940256 15.983789781906426
50.20854 -38.10656947265314 -1.7067889877653248 12.849394497205143
50.31254 -38.32172728342605 -1.8139617208542278 11.66256084779678
50.41654 -38.503205975003354 -1.930415684489386 10.351972520831511
50.52054 -38.72515724626884 -2.0105219724727266 9.20782053576329
50.62467 -38.90261333531481 -2.13076261236456 7.923617830088698
50.83266 -39.35352720142238 -2.319297867109046 5.461692214540233
50.93679 -39.64080086192294 -2.3713227472610394 4.1507837098178015
51.14479 -40.14634270819951 -2.5358354893555832 1.5270109674987236
51.24879 -40.413579951833476 -2.643923333085574 0.24235163151946182
51.35279 -40.711283500500436 -2.743190350851947 -1.0998550328292431
51.56079 -41.283846954440946 -2.9935602981217775 -3.7657770844745375
51.76879 -41.81809718056975 -3.2722176177848246 -6.457890527893968
51.97679 -42.284688536447916 -3.556377271090488 -8.979678608479048
52.18466 -42.8923336154181 -3.6557347218672867 -11.683070509700405
52.28868 -43.21765078245555 -3.7388389279819405 -12.925675906063116
52.39267 -43.58389564505684 -3.8489655600180033 -14.148600491301616
52.49667 -43.954567694636744 -3.9513599814285714 -15.292802049612671
52.60067 -44.326335794132916 -4.0144144217376745 -16.304705532200813
52.70454 -44.70718990714561 -4.103700708364291 -17.359000480559416
52.91241 -45.44604121964795 -4.309285208022249 -19.41457825369141
53.01642 -45.81724063497333 -4.406019316250208 -20.41395981884726
53.12031 -46.181459670095464 -4.510442387642568 -21.37937288291405
53.22416 -46.558675410123904 -4.610583965073825 -22.288248667944167
53.32804 -46.907775323427245 -4.6945231048944285 -23.145875744855317
53.43191 -47.29257584268002 -4.808396835776169 -24.043041022203475
53.53579 -47.655787332354116 -4.883560485394776 -24.870828826048218
53.63967 -48.063205092487536 -4.9246920761107065 -25.70245310648474
53.74342 -48.447616099791574 -4.942369327288319 -26.38545467437762
53.84731 -48.83634675607308 -4.9864128062479836 -27.07889040915864
53.95117 -49.218951514411955 -5.009172998200632 -27.729769771011178
54.05492 -49.58250688612967 -4.991132972480303 -28.266458450318357
54.15879 -49.93602403499824 -4.973422043381501 -28.766543735239402
54.26254 -50.241879580348545 -4.964898815238815 -29.20912511937928
54.36629 -50.566371397536216 -4.946065837620496 -29.639944309173387
54.47016 -50.874850630826415 -4.924050538896077 -30.04517734731536
54.57391 -51.17224406610365 -4.906905122152049 -30.405193116120763
54.67769 -51.47940814975691 -4.909850999552719 -30.76356127215944
54.88529 -52.07852355308391 -4.934424586064342 -31.440883001582847
54.98917 -52.35899913442796 -4.947122066438532 -31.748991174297863
55.09292 -52.59897390512597 -4.959520690262615 -32.02522759858721
55.19679 -52.85058823809878 -4.963084783185144 -32.29595420552456
55.30054 -53.08237849517095 -4.978410302531897 -32.53309099190513
55.50819 -53.54550915654955 -5.0059027452645495 -33.00191928696117
55.61191 -53.73216648810947 -5.014970556317399 -33.2096955254403
55.71579 -53.916515949117795 -5.022717649778348 -33.41459965581245
55.81954 -54.1083005013156 -5.026657649887333 -33.62718133768653
55.9233 -54.28644803859789 -5.035439947881633 -33.83340315138254
56.02717 -54.47096441032717 -5.047145966214945 -34.04000370601164
56.13092 -54.64932374698783 -5.054347437942327 -34.24244107401309
56.23467 -54.84201086696554 -5.0654159159335945 -34.456068990524074
56.33842 -55.021988683642434 -5.073984312445673 -34.659454363116076
56.54604 -55.38693947227429 -5.092110868628977 -35.06360201667613
56.75355 -55.75511604029489 -5.1101536455262035 -35.47843486560754
56.96106 -56.12738458343866 -5.13543726465796 -35.89942017111872
57.16854 -56.49419342944546 -5.152056733711091 -36.30792072398955
57.37617 -56.85233694139268 -5.172303928043119 -36.70642479913253
57.58367 -57.207283350269634 -5.1942167698085875 -37.10492155704705
57.79117 -57.56114325338694 -5.214982403633747 -37.50391684648659
57.99868 -57.91982145510208 -5.232651936446299 -37.90136341117511
58.20619 -58.26868530431454 -5.248408375300321 -38.28651434474453
58.4138 -58.620284786355526 -5.265405606069388 -38.673612314665235
58.62142 -58.97471326850032 -5.282982374755606 -39.073283343126555
58.82907 -59.331857952188784 -5.299812179509759 -39.46999281692592
59.03655 -59.68884286518613 -5.319178724120874 -39.8696355806373
59.24417 -60.05506833308817 -5.338552101594987 -40.27499436887259
59.4518 -60.410979065400866 -5.355836559263296 -40.672241631529644
59.65942 -60.77988103021636 -5.3764137595777 -41.084302405010135
59.86692 -61.13532081675755 -5.395370982263698 -41.47715396302738
60.07455 -61.49989235578933 -5.420129314632579 -41.893877871326595
60.28217 -61.86740717290094 -5.440059398553439 -42.298769149161444
60.59342 -62.42473145954734 -5.475877732768561 -42.919550819870636
60.80105 -62.79152813808548 -5.497771237524715 -43.32769645406518
61.00855 -63.16202847524944 -5.518263824933923 -43.73998262028362
61.21617 -63.531930648940275 -5.541525437666417 -44.15099610373525
61.42367 -63.90112145634763 -5.560465817230289 -44.566447985900076
61.6313 -64.26669285072742 -5.581658910843952 -44.972931537869535
61.8388 -64.627568388232 -5.603265344327344 -45.377273042849176
62.04642 -64.99600363885914 -5.6293813165717275 -45.79195650056167
62.25392 -65.35833467919912 -5.648382133626226 -46.20040022788854
62.46155 -65.72302261160957 -5.67101577914174 -46.60542796940005
62.66905 -66.08405519241683 -5.694876749949948 -47.00940868996756
62.87668 -66.4533184054776 -5.717604304881206 -47.4203823831393
63.0843 -66.81820733265084 -5.743163542129505 -47.82411772187905
63.29193 -67.181528794902 -5.765344370678507 -48.227957356034636
63.49955 -67.54662267130792 -5.790575953777687 -48.63671583458109
63.70717 -67.90794082083714 -5.814284589746177 -49.0329334032527
63.9148 -68.26910004331455 -5.837376007698785 -49.43013743465412
64.12242 -68.62806240357989 -5.861459454837803 -49.824539405934146
64.33005 -68.98130477396947 -5.884197627990644 -50.217653692948076
64.53757 -69.32966545302847 -5.907412701178906 -50.60634913783902
64.7453 -69.68407148276623 -5.930467267465501 -50.999413535003384
64.95292 -70.02985005777069 -5.95257833074683 -51.38219083776447
65.16055 -70.37965744841719 -5.976064578542092 -51.76999721364089
65.36805 -70.72351791209687 -5.995043170111632 -52.15066513870682
65.57568 -71.0632597326921 -6.02127102043059 -52.53013413212402
65.78318 -71.40866923530231 -6.044308755944085 -52.915030127506505
65.9908 -71.7487696885916 -6.066409671998935 -53.288192032666146
66.1983 -72.09095366374908 -6.087183138911001 -53.66518124014333
66.40595 -72.43237678792399 -6.1123124055132925 -54.035759939242325
66.61343 -72.77161341529663 -6.12855207365773 -54.4025063445455
66.82105 -73.10804288539227 -6.153847604045962 -54.76975070471946
67.02868 -73.44395904757938 -6.174538517856219 -55.13550283997269
67.2363 -73.77851115361976 -6.195375925938687 -55.49821383095054
67.44382 -74.10878871369059 -6.218810087427279 -55.858214380783195
67.65155 -74.43883180745722 -6.2380135255759965 -56.211288183161514
67.85906 -74.76569644395386 -6.259146200137668 -56.567384845348556
68.06681 -75.08920444115095 -6.277901144194871 -56.91924074464142
68.27443 -75.40828135185009 -6.297215621007423 -57.2658310114127
68.48205 -75.72661681232466 -6.317164972787013 -57.60871206795194
68.68968 -76.03626693289851 -6.338052381917297 -57.94122810497028
68.79356 -76.18947163749192 -6.348438183120578 -58.105125168375594
69.00118 -76.4844861536638 -6.365174618026712 -58.42102918480717
69.20893 -76.76637118279992 -6.384847949177109 -58.72539557564754
69.41681 -77.03793511040743 -6.400067299874122 -59.01040514516672
69.62456 -77.30464870918253 -6.415953180549023 -59.29020126624964
70.04006 -77.77003984505717 -6.4452439245166895 -59.78490082989525
70.24756 -77.97517012326533 -6.453192333543555 -60.013460191885265
70.45481 -78.14935454335752 -6.467021807265789 -60.23338648469468
70.97306 -78.45980226462414 -6.491208758330561 -60.739305953793696
71.18031 -78.52685720395621 -6.497386117813211 -60.931815827068576
71.38768 -78.57057908703527 -6.50140680039694 -61.12505938366589
71.9062 -78.57203713014093 -6.5036570642367195 -61.59741312258316
72.21745 -78.50509911765782 -6.5031134137389826 -61.87368370556016
72.42518 -78.41794197566328 -6.497257190666967 -62.05158448774952
72.63293 -78.29971722486454 -6.493256203916374 -62.21041943415107
72.84082 -78.16389644984153 -6.487496122465297 -62.354668936822335
73.04881 -77.99780168626029 -6.47562860074491 -62.48863688224381
73.15283 -77.90140471541461 -6.467212483707809 -62.549298116284035
73.25669 -77.8012727560288 -6.460527105033895 -62.60771768839267
73.46456 -77.58187121517858 -6.444724321896194 -62.699412106615114
73.56856 -77.46536491352997 -6.435317636526303 -62.73739396232324
73.67258 -77.34222868330234 -6.423280526195374 -62.76224068912283
73.88045 -77.07629717283704 -6.392932595621033 -62.796346052331245
74.19256 -76.64372355089438 -6.355686391052302 -62.77141580265046
74.29656 -76.48733775656783 -6.335745932375773 -62.74855470823405
74.50481 -76.16298784039816 -6.305347262600458 -62.66368171325662
74.60881 -75.9997619180426 -6.291661209999644 -62.59721652353289
74.81693 -75.65720478881165 -6.2656249367103305 -62.4319699489495
74.92108 -75.48626162014828 -6.251281170084535 -62.3309110978347
75.23381 -74.9797783148168 -6.217996587538425 -61.95371216199456
75.44256 -74.62738573650606 -6.195040325361265 -61.64979849473135
75.75568 -74.0961490072621 -6.160347482900602 -61.11437623305076
75.96471 -73.73145106141436 -6.138777187250046 -60.72187124114095
76.27806 -73.15545772807721 -6.105109601544794 -60.100964571930234
76.48681 -72.74889301352559 -6.082299409210048 -59.65795453193221
76.79944 -72.11703175383533 -6.0432069850628904 -58.96634295932625
77.00769 -71.67993911699735 -6.018087202971639 -58.48431117120665
77.21594 -71.23860438327314 -5.987860330525635 -57.98519791836857
77.42406 -70.77699484192217 -5.961565310305235 -57.46357285865624
77.63219 -70.29700221476602 -5.934598571612489 -56.935033041601606
77.84019 -69.81108005756894 -5.904723630153994 -56.39638688993253
78.04806 -69.31017994207994 -5.877651855524894 -55.83953807647342
78.25594 -68.78932363955457 -5.8525777870765525 -55.27195717566525
78.46369 -68.26017942449845 -5.832459718888711 -54.693417174105356
78.67132 -67.71573608018468 -5.811209434450028 -54.08722721954064
78.87906 -67.1649806668783 -5.783537853085402 -53.468736017136195
79.08681 -66.6042148957169 -5.7604862056791335 -52.84174778328806
79.29444 -66.03382638396883 -5.737568890013492 -52.19877439366673
79.5022 -65.45111408392209 -5.712803361845417 -51.536975673782635
79.70994 -64.84822109631651 -5.686081245107411 -50.86042354506185
79.91756 -64.23914457270179 -5.6565811751343595 -50.174970845763376
80.12519 -63.63041365529084 -5.616597058715805 -49.490242213053136
80.33281 -63.03410072596113 -5.576814819220016 -48.81751297202999
80.54044 -62.44075968824564 -5.546452615828034 -48.151555200627065
80.7481 -61.84114307569145 -5.511985067794982 -47.47876047288733
80.9557 -61.23328894219301 -5.477987191188338 -46.80563507703363
81.05944 -60.93263927065034 -5.45796265877525 -46.469345978849454
81.26694 -60.346969545488335 -5.418876096135905 -45.811715761072804
81.47457 -59.75340422396033 -5.381905304747551 -45.15437101199568
81.68207 -59.16695758756748 -5.343335699136844 -44.49376174418006
81.8897 -58.576507517652146 -5.316316116054192 -43.83235807571669
82.09731 -57.99300785579911 -5.281367520107265 -43.17717907204798
82.30484 -57.398224834251536 -5.24695859985406 -42.50573747403974
82.51244 -56.82380032604828 -5.211034228049641 -41.85426917817047
82.71996 -56.25240088760835 -5.172680330245457 -41.19863045892459
82.92757 -55.67675351271445 -5.1384024445570144 -40.53871227715899
83.13519 -55.10971677835082 -5.1080405775790485 -39.888304171545705
83.34282 -54.534698002320376 -5.070165239628537 -39.23893712861751
83.55044 -53.965683012599996 -5.032784830446399 -38.59492094852952
83.75819 -53.39758914178601 -5.000871525001729 -37.9560944679104
83.96595 -52.82156917158731 -4.97147740064021 -37.30508933833526
84.17369 -52.25992684523113 -4.932465980445187 -36.66666164280979
84.38159 -51.688560531427726 -4.901252595896656 -36.029173466754855
84.58932 -51.12388588795372 -4.866823466789096 -35.40420146282343
84.6932 -50.844342276231494 -4.84959570443565 -35.09306990795359
84.90094 -50.27990005038833 -4.820593264672802 -34.47546608527979
85.10871 -49.72660123064421 -4.795640273547136 -33.86166591366495
85.31633 -49.16130534199162 -4.777015935579728 -33.24188656368993
85.52396 -48.59804329893933 -4.754356956882632 -32.62796026000015
85.73159 -48.04677291609052 -4.725765825849823 -32.022477328182546
85.93907 -47.49650968735963 -4.7044718085145885 -31.41714571924235
86.14669 -46.9574078595486 -4.679780815949932 -30.811582512410475
86.35421 -46.416841422170194 -4.658586093524974 -30.209722134014932
86.56182 -45.87814132080183 -4.6369972649077775 -29.613918799457387
86.76945 -45.33856594955755 -4.611766210093059 -29.011558129675016
86.97695 -44.797727621459366 -4.588071936817956 -28.40898039694991
87.18457 -44.266993365911524 -4.567045708373604 -27.81172561537827
87.39207 -43.72782704980956 -4.54633467895369 -27.20730589166986
87.59969 -43.19315611239048 -4.522038972084951 -26.609591553586935
87.80732 -42.65520742949293 -4.499507795686872 -26.00475842621401
88.01495 -42.12214884944713 -4.477022968971519 -25.410585443824054
88.22259 -41.583282359368354 -4.455189808177057 -24.807671171115345
88.4302 -41.05739728594976 -4.431514941219078 -24.210265637750396
88.63782 -40.52676332668143 -4.4104095230711025 -23.615251844071594
88.84545 -39.99927508439612 -4.387775915738523 -23.028011924658585
89.05295 -39.47427043468861 -4.363160341149609 -22.446092022641018
89.26059 -38.95374850073176 -4.341510342293903 -21.86308254401486
89.46809 -38.43707293931366 -4.3182617632816 -21.28279563859942
89.67557 -37.92500139675495 -4.298281731048855 -20.710644700633274
89.8832 -37.406282844651535 -4.274908603995131 -20.13778254941711
90.0907 -36.90078950853766 -4.251606092228943 -19.568222905996844
90.29833 -36.39676266463897 -4.225993204313214 -18.997767068894184
90.50595 -35.885804583113 -4.194351067308923 -18.423665968556417
90.71357 -35.38853458587267 -4.162175563332989 -17.86221240122982
90.92107 -34.892940757808184 -4.136921558914905 -17.300432975048988
91.1287 -34.40410730285978 -4.111653999274013 -16.732901728334625
91.33622 -33.92162435887926 -4.08568730579271 -16.180488831742643
91.5437 -33.43832804418377 -4.053852511524024 -15.624322887320469
91.75121 -32.95606599121642 -4.027582751821634 -15.068594249619446
91.95883 -32.48684870494067 -3.9978800163221093 -14.51956892709144
92.16632 -32.00302917738557 -3.9719702041225062 -13.958051249904175
92.37383 -31.532598354756495 -3.9478186219034828 -13.411405521627646
92.58132 -31.06175829217336 -3.921901500740261 -12.864882804392803
92.78883 -30.597182420269107 -3.899805283674043 -12.33847224354124
92.99632 -30.153569490961008 -3.875894586166649 -11.829404185182412
93.20395 -29.72068486457168 -3.8500835951954415 -11.337867805114891
93.51545 -29.07440953290241 -3.8204520908305932 -10.632876623351436
93.72308 -28.636341574328696 -3.8017335105080416 -10.1589389515079
93.9307 -28.20504340473702 -3.7845077896572894 -9.688003955277566
94.24233 -27.577493921837046 -3.7590950620342687 -9.006983928220476
94.55395 -26.945315836197434 -3.7264315182232575 -8.335492645120931
94.96933 -26.138648690323787 -3.693478941536988 -7.436045588059178
95.3847 -25.32401445493752 -3.6643538385091095 -6.482289255167597
95.48858 -25.12137551633868 -3.656200370161619 -6.238803654929972
95.90433 -24.31159972907431 -3.6227428247118993 -5.241795124399788
96.11245 -23.895394142346888 -3.600714204619417 -4.74482358492895
96.32058 -23.463090573750762 -3.578673184064612 -4.240136263117813
96.84083 -22.304950207528886 -3.517422592376234 -3.012941587370273
97.04871 -21.824255373461302 -3.495998394692479 -2.5270696892224507
97.56833 -20.56185084370494 -3.4288036263026163 -1.2787243762048401
97.77608 -20.040936772398688 -3.4011106227100836 -0.781310089576845
97.98358 -19.510114208067197 -3.3712064582147283 -0.26362292992054215
98.19108 -18.973568690155247 -3.341183497212775 0.264990285657154
98.3987 -18.44126726959766 -3.3140429648998726 0.8069791183402906
98.6062 -17.910857411658608 -3.285849561741445 1.3614218581331414
98.81383 -17.37734905914896 -3.255089433506977 1.9396745679048104
99.12508 -16.570155473824975 -3.2073389297237602 2.827018496245544
99.33271 -16.02892820908221 -3.1845718708273067 3.4255603481032493
99.54033 -15.481167323393592 -3.168392929829449 4.046409781549704
99.74796 -14.927861423355228 -3.147649827027845 4.677947287133111
99.95546 -14.381975469527655 -3.1216297889763296 5.30545870393668
100.163 -13.82972370719851 -3.105362830596 5.940457032877741
100.4744 -13.005768745640932 -3.0668667821505293 6.888973029356107
100.682 -12.460309983344214 -3.0492188863719187 7.517590104509509
100.8896 -11.917637956354335 -3.03058759941539 8.14726938433404
101.0972 -11.377252855633321 -3.0046306076459195 8.768168017474009
101.3047 -10.840346319220806 -2.9834588858843576 9.38364792407536
101.5123 -10.300146662564146 -2.963379333203993 9.997423845826793
101.7198 -9.760000332217682 -2.941383520321178 10.615223219230877
101.9273 -9.218670504486344 -2.913992908568602 11.220936740941134
102.1348 -8.687708699160495 -2.896262731847221 11.815282399847062
102.3425 -8.156436504376554 -2.872936766843403 12.409473834159732
102.55 -7.62448574095251 -2.8522847866896965 12.998586611885603
102.7576 -7.098394386774942 -2.831667987206195 13.587242839169361
102.9651 -6.574685955545812 -2.8108038238151516 14.176658335927762
103.1726 -6.050206169681746 -2.7891902527688295 14.757006993455288
103.3802 -5.534485944195619 -2.767676823849585 15.338801133979118
103.5877 -5.018638763794748 -2.7502051825675933 15.91350695058776
103.7954 -4.509905782033592 -2.725740656714012 16.479720072665863
