0.0 -0.0 -0.0 -0.0
0.1042283 -0.0022346540038670005 -0.010566029709788205 0.4941644825733597
0.2084765 -0.008429624779531752 -0.021495286592928514 0.9897633959654564
1.563854 -0.14966486601459356 -0.1769865506033551 7.88055845793608
1.668106 -0.16816613954520349 -0.19194842000347195 8.481758317069183
1.772352 -0.19265700997437046 -0.19715223125059436 9.09099344518546
2.710606 -0.3708399598227189 -0.21890117151925376 15.378257286458862
2.919104 -0.4060882239737083 -0.23871740047271275 16.933470278458188
3.127481 -0.4513857453047012 -0.270503854575064 18.563621115938883
3.544357 -0.556358344590209 -0.35886031124138756 21.942827736124595
3.752729 -0.6021306481031061 -0.4124956452044597 23.688220427270323
3.961233 -0.6511461144284619 -0.4607911236239909 25.45926414096714
4.169606 -0.7024645070503388 -0.5109449411038428 27.256115352761327
4.586357 -0.8114782130281395 -0.6071098357907166 30.94572059791635
5.003109 -0.9301995952197689 -0.6849132372090877 34.74395441071961
5.211513 -0.9989946691702005 -0.7231959226394097 36.66485988848604
5.419858 -1.0671739495613335 -0.7612802973235359 38.58389573852902
5.628235 -1.1424133240459622 -0.8019508616015623 40.49800798314846
6.045107 -1.2875675887967946 -0.8904577485462594 44.348048361015564
6.253481 -1.351813114253663 -0.9302920062316594 46.26817447042766
6.461983 -1.41826708321118 -0.9803778127743521 48.185802783632525
6.670359 -1.4799193759607956 -1.0378625315354595 50.111594233518304
6.878731 -1.5400842890504818 -1.0914688854735013 52.04881590113188
7.295357 -1.6550341068443364 -1.16472678684695 55.92627708168061
7.503734 -1.7199943211628343 -1.213963326828333 57.862859126655565
7.712108 -1.7947386950914614 -1.2718984105220739 59.81608669196463
8.128736 -1.9131201658412536 -1.3761241889175837 63.707411377545924
8.336986 -1.9726261412697292 -1.4237102295670494 65.65321937629061
8.545359 -2.032127777247212 -1.4707558407547894 67.57613498181084
9.690863 -2.405767887907909 -1.6944163929204152 77.92523226699866
9.899109 -2.4796893652770367 -1.7314676722864923 79.65177386587519
10.10749 -2.566882201389235 -1.7673803001458672 81.29625819357778
10.31574 -2.6579188727914884 -1.80342756582528 82.85692204085437
11.14924 -3.063601856329542 -1.9110557224269993 88.16942516923281
11.35776 -3.1568250970370952 -1.9396040101971377 89.24082609543262
11.56636 -3.236265273908655 -1.9684612121536091 90.2293998798991
12.19274 -3.2656861189878468 -2.0309771076447123 92.7487820732064
13.34237 -2.331173552089126 -2.1581121783437607 96.32301815862864
13.55124 -1.9946587853194018 -2.18626259214248 96.86209601540347
13.76001 -1.610191650155265 -2.215638161296609 97.35673156420313
13.96874 -1.1735812420690195 -2.243257158939834 97.82808659139937
14.17749 -0.6630822730849459 -2.269019012324992 98.24564779956897
14.38612 -0.07877643023785197 -2.292080843837012 98.61664878562304
15.22024 2.726851404758772 -2.4220337427254623 99.51031276043697
15.42812 3.5705282256047965 -2.444479675358689 99.59392632856209
15.63601 4.491675434028622 -2.473144532695073 99.67705522479238
16.25953 7.740090590015047 -2.5663464724064737 99.68658686155821
16.67485 10.289999936665518 -2.659958544539966 99.61631383893717
16.88261 11.667635906599859 -2.702196243127957 99.60209677176753
17.09049 13.112673864134432 -2.7497277763105883 99.57971514775656
17.29862 14.61201241670724 -2.801277956289264 99.55349005148214
17.715 17.71841849532811 -2.901489676236738 99.49749849517869
17.92337 19.322953112532872 -2.952138006052373 99.46300332189418
18.13162 20.943122300760628 -2.9916699902248154 99.427694416816
18.7565 25.95797721796632 -3.1544824746472435 99.31520759238201
18.9649 27.59685337344274 -3.1996549353864574 99.26891743397485
19.17327 29.241806511252065 -3.254244332415621 99.22623784489464
19.3818 30.890100970249648 -3.312990058215105 99.18231663233176
19.79865 34.11953944512037 -3.416652160007549 99.12311775380792
20.00713 35.71207700225104 -3.470711831351124 99.0818925513259
20.21566 37.27088871628087 -3.5229661400260612 99.02843985775327
20.84131 41.86483056086591 -3.6747198012663462 98.83707168153828
21.04975 43.328919983042724 -3.718572177168203 98.77470148606358
21.25828 44.72793176365276 -3.759772681282693 98.70838007475305
22.71892 54.00963292714974 -4.093592690551813 98.21695653659899
22.92691 55.34537978876405 -4.142612108875734 98.10515357097388
23.13572 56.70894657417571 -4.186625676501023 97.97864506102762
23.34394 58.102569146887966 -4.225314336443724 97.83237708744265
23.76076 60.957463979575046 -4.30497459726708 97.52517939655783
23.96926 62.41856007726582 -4.353844453156054 97.35777929839048
24.17766 63.89661529564027 -4.404860756992811 97.20438938803011
24.38617 65.36463191922549 -4.451329466764708 97.04222936871682
25.01202 69.73287425671266 -4.589623148555149 96.53349362083989
25.22015 71.19469243747743 -4.6418434819815175 96.35771299623994
25.42874 72.687573372703 -4.691582118750748 96.17080158247819
25.84577 75.72444465435794 -4.7796309680697995 95.77524796258754
26.05425 77.26688179263411 -4.8240639240530925 95.56247526180046
26.2628 78.83750041957013 -4.870961987928201 95.33625783450397
26.47127 80.44499004953563 -4.932869179275272 95.10699177905859
26.67976 82.0702569676663 -4.992086226376902 94.88471983175123
26.88831 83.71293607789386 -5.0421283256032305 94.66131471631002
28.13915 93.6586118537861 -5.374331992644819 93.42257753904389
28.34763 95.31921962207701 -5.4314088630656014 93.22021751485373
28.55614 96.96432753339971 -5.487250861294358 93.04205077790797
28.7648 98.5975836469287 -5.550953236172441 92.86634578887819
29.59879 104.95873729718672 -5.823015969689994 92.12060221485591
29.80727 106.50465214327322 -5.900434925235846 91.92959948068201
30.01591 108.02606045533493 -5.971146246393879 91.72890787254414
30.22442 109.53592771486893 -6.046256595342518 91.51448414870717
30.43292 111.03143161987731 -6.1209803079282885 91.30296434651906
30.85003 113.9877352810906 -6.289157813857596 90.85265195635628
31.05839 115.45637121138522 -6.37235450386636 90.61673695353264
31.26689 116.90559556410236 -6.45150492643541 90.3877920611896
31.6839 119.77936013336937 -6.6459362437577045 89.88940718116112
31.89259 121.20485895877033 -6.740838134667504 89.61858963287742
32.10122 122.61787355973725 -6.8277501016168465 89.33973283728253
32.30993 124.0165586575572 -6.913351204874791 89.04104351203387
32.72714 126.74829347817365 -7.095480566791319 88.31385721330201
33.14418 129.42308107879032 -7.2700137653687555 87.47767329450078
33.35251 130.74079796459975 -7.346079578605602 87.04380988103591
33.56085 132.02948947356285 -7.418357954994734 86.63219136384633
33.76925 133.29703993976756 -7.493985000893896 86.23615688643494
33.97778 134.56265593234045 -7.564120264542839 85.84330524894459
34.39402 137.02357025170437 -7.698550882530604 85.10003019217945
34.6023 138.2405174949751 -7.765055924226697 84.75967237119596
34.81066 139.43426245978864 -7.82846675998703 84.43057006442645
35.01954 140.59673149203442 -7.8874728407252555 84.10883289004279
35.85239 145.10463407620537 -8.1163845845583 83.07002692557839
36.06064 146.20862139711826 -8.17455505043727 82.88759338384153
36.26877 147.3043895182142 -8.230109510995721 82.75207101827385
36.68515 149.47485675484242 -8.347863719683529 82.65876325019534
36.89364 150.55459391154375 -8.400221958972477 82.66826629484842
37.10292 151.60481408979362 -8.463054407603536 82.67070059827235
37.72965 154.75255641661082 -8.59659666932686 82.43139211344155
37.93854 155.76241981965953 -8.639381126845397 82.28250394780154
38.14794 156.75093491663932 -8.682342742997388 82.10269047118214
38.98107 160.51170958814245 -8.834554145246614 81.24328535840345
39.18942 161.41417616292853 -8.870472867072499 81.02097447845004
39.39792 162.31578352649254 -8.903054514190853 80.80113504949352
39.6064 163.24050714664682 -8.934183039047324 80.56473317971731
40.23231 166.1893516535419 -9.049624169739857 79.7262854751615
40.4408 167.2185656429138 -9.089650173867133 79.39766978661669
40.64932 168.26723769447736 -9.13002605041778 79.06982779775677
42.31618 176.45516828998424 -9.44028265398248 76.52146835367532
42.52458 177.31699096417424 -9.471498021142242 76.28765878940793
42.73282 178.11799307538374 -9.500071984031862 76.09314192678923
43.77307 181.79490701690085 -9.606547724703331 75.7941089619573
43.98104 182.50831209921537 -9.629912659623143 75.87695068339124
44.18915 183.20926974161446 -9.646083280047876 76.0067500550831
44.60514 184.60189786620867 -9.669101441992185 76.44975081314288
44.81358 185.2886483992398 -9.686310409104127 76.79276759569346
45.02123 185.98722151537086 -9.708768106437407 77.20252358371162
46.16771 189.93007907903257 -9.86767531009702 81.59262660817129
46.5845 191.24452810312306 -9.907031441692864 84.1123030352341
46.79332 191.89053184593905 -9.923523478552926 85.5306964789649
47.00215 192.5192709976982 -9.935580317046648 87.04044048457679
47.4198 193.67332345962816 -9.966640027796204 90.32978032008688
47.62884 194.24751129765065 -9.982902673268654 92.0759172868272
47.83765 194.85567369315146 -9.99542721296761 93.8686808856888
48.04642 195.48527137656788 -10.014197292743821 95.71996288845696
49.40781 199.93106629065204 -10.123923932847116 108.69382946263416
49.61018 200.61310464360574 -10.144569435859365 110.70911087232341
49.81856 201.27577030165423 -10.167328294041416 112.71339292471262
50.23533 202.60786864058065 -10.196980918128151 116.74050436398497
50.44367 203.25797583346082 -10.215506749694375 118.74578192748461
50.65203 203.9038275933766 -10.22740895439808 120.72966701499628
51.27704 205.70348647062872 -10.249946393234932 126.46740500269527
51.6939 206.7270117716614 -10.280264939086575 129.96886576542823
51.9023 207.1949296510966 -10.303012158401394 131.6084482399422
52.11091 207.62169582045985 -10.316154708995146 133.15682444894205
53.15455 209.23477013303548 -10.382205422296494 139.3407399137772
53.36184 209.49280968717432 -10.399484001298726 140.3958108931383
53.5701 209.71184098591124 -10.414809550746417 141.43466853538183
55.02533 209.0940941980597 -10.472975552885586 147.91240835989868
55.23328 208.65420155520144 -10.472671449564707 148.69755634902128
55.44133 208.12546450271694 -10.456844808133432 149.4172011739783
56.37855 204.86276961807226 -10.339080995337152 151.66235322920988
56.48284 204.42768966663073 -10.322558796603719 151.8077325484251
56.6913 203.53437658172336 -10.291090909349915 152.03551819209113
56.79569 203.07407423008198 -10.278426838579115 152.12162737630172
57.00456 202.11244638985983 -10.246069453598672 152.28496463934127
57.1092 201.60040885398968 -10.220357150806825 152.37567605151932
57.21371 201.08065365212485 -10.196468267364681 152.4468772473756
58.15382 195.28207958234583 -10.01495332751054 152.7112211262578
58.36258 193.71625534516122 -9.970401979933111 152.66009796445684
58.57156 192.04556298904458 -9.91195541061037 152.6004720015247
58.78044 190.27610562299304 -9.851293158906646 152.53918112034762
58.98942 188.40799163326136 -9.783092168733646 152.46059386804583
59.61649 182.29679640524608 -9.57769364782165 152.42064161094092
59.82492 180.07332725973754 -9.50592181531991 152.4997261749921
60.03357 177.75684809567835 -9.42910725959304 152.64006871557655
60.86733 168.36500050692777 -9.112696939564774 153.55260720225672
61.07569 165.98196065378886 -9.043899693650836 153.82647916884468
61.28405 163.59178127566298 -8.969638107210763 154.09489204959698
61.49229 161.20425019574523 -8.903011727212542 154.36190197079566
61.70091 158.8027943850834 -8.833141435153504 154.6356574622748
61.90907 156.42585912969784 -8.771168185442363 154.8965360187994
62.11744 154.0479251976435 -8.695970735004181 155.14374939157517
62.3257 151.6587075352464 -8.62624326296493 155.40677872045507
62.53422 149.28027945298496 -8.562328765866551 155.66529005491176
62.95119 144.54602841991485 -8.417882249292205 156.1982216416214
63.15976 142.20967884661462 -8.345863614931407 156.46974966176393
63.36817 139.87407398963308 -8.280022412879607 156.74225292043113
63.78505 135.2601985321959 -8.13976807009966 157.30032691686358
63.9936 132.98422943798147 -8.079434419690473 157.58312902837824
64.20208 130.69583792921367 -8.009758436966463 157.87118578952288
64.61962 126.05613091486379 -7.8860316777281945 158.4570369194767
64.82756 123.70286407010688 -7.81322162675986 158.77552369845515
65.03592 121.35174075719054 -7.740558402523676 159.07985209784462
65.45301 116.57121633248344 -7.599469316263802 159.72030708279152
65.66132 114.16310350885077 -7.53723368252305 160.03509735047166
65.87056 111.72833657887453 -7.472079052125791 160.3295658566211
66.07807 109.26786070186105 -7.404214788194736 160.5889429214357
66.49507 104.26458997660053 -7.2598534959106455 161.05513076196908
66.91193 99.17708664166726 -7.126805913339881 161.55081460196018
67.12048 96.61049898268172 -7.060245685579854 161.78371569123772
67.32897 94.06072085470012 -6.995239634422984 162.0071141475761
67.53749 91.5191947948782 -6.916475061345162 162.22836482765211
68.16285 83.9638972710977 -6.708240822088212 162.8482000538111
68.37123 81.42695596278912 -6.635626122910365 163.05811935261193
68.57955 78.9096224716311 -6.570790925786369 163.26886736022175
68.99632 73.83079715358218 -6.434293636671162 163.7021677380425
69.20468 71.30388987256663 -6.36584158024356 163.91877289882208
69.4131 68.78422171314347 -6.295451051659114 164.12850796658407
69.62136 66.26803043889315 -6.21289913595621 164.3401943311215
69.82967 63.738918980233926 -6.133769074426425 164.54368411268308
70.03807 61.2352751386875 -6.061274666847687 164.7400993627675
70.66333 53.69607922753339 -5.8612973258707575 165.4300233763014
70.87192 51.182010699789856 -5.779359421567565 165.68032260032138
71.08235 48.653997678961005 -5.7038772308277075 165.95632614670498
71.28855 46.15913192325398 -5.633315303015305 166.22159669873608
71.91358 38.62064036916419 -5.459918600848428 167.03510857560272
72.12192 36.08774709463779 -5.384094281423422 167.29856935405732
72.33029 33.56677339604478 -5.303359648833182 167.5589249400205
72.74708 28.49342958232601 -5.166845022472638 168.1027492523625
72.95548 25.944672140540728 -5.094416339580853 168.37164200960785
73.16384 23.39600969660296 -5.022521946489991 168.63428501887898
73.37208 20.834502351409952 -4.943335548944081 168.8811317181766
73.58042 18.271103845404305 -4.858810661611271 169.11289885459848
73.78887 15.701145871086448 -4.781491627550496 169.33419249831545
73.99724 13.12321407504524 -4.7063454707871735 169.5478878959791
74.20558 10.529060863773797 -4.627513134820306 169.76022931971502
74.41406 7.957536608892096 -4.551058873221014 169.96093810106245
75.24756 -2.2530821437827164 -4.254070955453409 170.7216324678505
75.45606 -4.783699126769033 -4.189561984510429 170.8882111156935
75.66421 -7.286652853415184 -4.135692363063837 171.04078345160121
76.0807 -12.285180745191123 -4.022972715833369 171.32592699344914
76.28906 -14.764796036832687 -3.9542538428131238 171.45064230035442
76.49746 -17.215895367041547 -3.890300088331597 171.5711298004393
76.91447 -22.060439132503546 -3.757646367331131 171.81624699032128
77.12259 -24.433635555922002 -3.694165629596526 171.91803043761925
77.3308 -26.749980232812224 -3.630743771610626 172.00454362525764
77.53921 -29.029981318584937 -3.5656313606144128 172.08568118066245
77.74763 -31.28329512624486 -3.5055583055894806 172.15707779287396
77.95581 -33.497438891198385 -3.442132207148919 172.22781540401385
78.99861 -43.43302471935376 -3.154132268363997 172.5604184624045
79.20709 -45.28580202347617 -3.1103192839824945 172.6590789739055
79.41555 -47.10627628833004 -3.063830034309248 172.77650985564458
80.24958 -53.86810235084879 -2.895870218127285 173.216153526606
80.45824 -55.38742871923709 -2.855748368329347 173.32714918171257
80.66669 -56.821799222633274 -2.814428355148969 173.45551331834758
81.60565 -62.33994386059575 -2.6812127963803896 174.16928884211146
82.23155 -65.26377883333333 -2.630195933623188 174.90698283853456
82.44036 -66.09491947295302 -2.6240775119275837 175.21417068513077
82.85788 -67.6679021872647 -2.5976269229025224 175.93125491588475
84.11077 -71.4818160002383 -2.5896646893193527 179.3720041428693
84.31931 -72.04458723209193 -2.603197637991956 180.25209126905082
84.52796 -72.55131874244942 -2.62030329941122 181.22934360348907
85.98583 -74.21637097406669 -2.8546895197061524 191.39524067955497
86.19355 -74.21632862214798 -2.903264867226155 193.29059174415255
86.40145 -74.19733584488772 -2.966134446429141 195.26091507662133
86.81672 -74.19368922420469 -3.0680448884218605 199.45580501235042
87.02455 -74.21214091879175 -3.1435894420993176 201.65440940775528
87.23286 -74.25045441574167 -3.2116252706210293 203.8888571415649
87.85718 -74.39071063337147 -3.4127336461320854 210.70747125524517
88.06568 -74.4478068308628 -3.4838883238082667 213.01197782356817
88.27385 -74.50553606531683 -3.54937141972457 215.31928666006513
88.69045 -74.63894779011136 -3.6722280830000678 219.92135984980334
89.52419 -74.99144128486827 -3.8795551898652043 228.8981031612456
89.73269 -75.08103006566826 -3.940063467947825 231.04960616502896
89.94118 -75.16476045146865 -3.9913311686281117 233.1069580390828
90.9833 -75.63386530105194 -4.2121882457080195 241.8563673572639
91.19172 -75.71734400663604 -4.254851768302807 243.26070520126845
91.40035 -75.78068399579355 -4.28974237620887 244.5583682440311
93.07203 -74.03820173329571 -4.615992224175144 253.5632195633417
93.3852 -73.17697880991896 -4.672329853172728 254.90953531896253
93.69845 -72.0535096294467 -4.719198149956879 256.12979140409175
94.01155 -70.78008861718581 -4.814417803579152 257.32840833315385
94.42871 -68.64078248026158 -4.898476777445107 258.53826365693766
95.054 -64.56771412221097 -5.132753235310632 259.8053221523146
95.15809 -63.790586041702966 -5.157985625983225 259.9341431575464
95.36596 -62.14411381119212 -5.2302568999321615 260.1473506365138
96.19761 -54.448789890526704 -5.488202504188249 260.3262171971147
96.40544 -52.276858201016296 -5.557263092573277 260.2288805690692
96.50921 -51.171190068338134 -5.588919578334283 260.1611378022251
97.13273 -44.03155539279923 -5.812152757830447 259.8087958007731
97.34058 -41.576431922604385 -5.880847070061835 259.67835917739404
97.54846 -39.12415766666031 -5.9541938123463725 259.5685108873299
97.75648 -36.648155006811564 -6.030738651649012 259.4870172092177
98.38072 -29.095276532522217 -6.261765404410459 259.34456903841397
98.58899 -26.54880355876383 -6.330374552771838 259.32167156895025
98.79726 -23.99632933921719 -6.410787677207105 259.2960028312602
99.21372 -18.895183577235482 -6.579268418444519 259.2143807948865
99.42206 -16.370422155445333 -6.661544619304398 259.16434497209536
99.63063 -13.835360178295005 -6.740008691768866 259.12569668134415
99.83886 -11.291640467155386 -6.811683775751087 259.07535233461334
100.0472 -8.791118493038377 -6.8732777587223115 259.023405816855
100.2556 -6.309835746647311 -6.927578378566478 258.94848661566635
100.4639 -3.8744714991630183 -6.989464460455921 258.86885503612046
100.6722 -1.415653443119366 -7.062577798056901 258.79265235679173
100.8807 0.9975356214070921 -7.12613896091486 258.7226075605239
101.0896 3.4059969348385106 -7.191816179552298 258.64054918855766
101.5056 8.133353887880551 -7.309523805981328 258.44995971106164
101.9223 12.81316106601362 -7.434470735901829 258.28565859637894
102.1306 15.114881762392448 -7.4879651519617365 258.1966509666731
102.339 17.402966379628772 -7.540795677963035 258.11512082626496
102.5474 19.682729448035555 -7.60950324200596 258.01486736673314
103.1724 26.354531847315386 -7.839585001251392 257.76491809566096
103.5892 30.690494353082237 -7.990133812951445 257.6552831684956
103.7975 32.82376163519114 -8.057435260041817 257.5876224080325
104.006 34.939268715086044 -8.130323228078069 257.52203920413325
